2025-08-25 10:47:17,249 - INFO - Using GPUs: [0, 1, 2, 3]
2025-08-25 10:47:17,250 - INFO - Starting 4 processes on 4 GPUs
2025-08-25 10:47:19,985 - INFO - Hyperopt worker 1 started on GPU 1, processing trials 5-9
2025-08-25 10:47:19,985 - INFO - Hyperopt worker 0 started on GPU 0, processing trials 0-4
2025-08-25 10:47:19,987 - INFO - Hyperopt worker 3 started on GPU 3, processing trials 15-19
2025-08-25 10:47:20,260 - INFO - Hyperopt worker 2 started on GPU 2, processing trials 10-14
2025-08-25 10:47:20,564 - INFO - Trial 0 (GPU 0): lr=3.15e-05, epochs=96642, init_scale=1.57e-02, optimizer=adam, scheduler=exponential
2025-08-25 10:47:21,017 - INFO - Trial 0 (GPU 1): lr=3.15e-05, epochs=96642, init_scale=1.57e-02, optimizer=adam, scheduler=exponential
2025-08-25 10:47:21,043 - INFO - Trial 0 (GPU 3): lr=3.15e-05, epochs=96642, init_scale=1.57e-02, optimizer=adam, scheduler=exponential
2025-08-25 10:47:21,077 - INFO - Trial 0 (GPU 2): lr=3.15e-05, epochs=96642, init_scale=1.57e-02, optimizer=adam, scheduler=exponential
2025-08-25 10:47:25,196 - INFO - initial model: max A_j index: 59
2025-08-25 10:47:25,197 - INFO - initial model: max A_j index: 59
2025-08-25 10:47:25,197 - INFO - initial model: max A_j index: 59
2025-08-25 10:47:25,197 - INFO - initial model: max A_j index: 59
2025-08-25 10:49:18,777 - INFO - final model: max A_j index: 59, max A_j value: 0.2687554359436035, alpha_teacher: 0.5
2025-08-25 10:49:18,955 - INFO - largest 10 A_j values: tensor([0.2688, 0.0413, 0.0371, 0.0371, 0.0312, 0.0301, 0.0296, 0.0268, 0.0265,
        0.0259], device='cuda:2', grad_fn=<TopkBackward0>)
2025-08-25 10:49:18,956 - INFO - number of values below 0.01: 108
2025-08-25 10:49:18,956 - INFO - number of values between 0.01 and 0.1: 41
2025-08-25 10:49:18,956 - INFO - number of values between 0.1 and 0.3: 1
2025-08-25 10:49:18,956 - INFO - number of values larger than 0.3: 0
2025-08-25 10:49:18,956 - INFO - train loss is 0.12838967144489288
2025-08-25 10:49:18,957 - INFO - impulse response loss is 0.03569144010543823
2025-08-25 10:49:18,961 - INFO - Worker 2: Completed trial 10, score: 0.035691
2025-08-25 10:49:18,964 - INFO - Trial 1 (GPU 2): lr=1.21e-06, epochs=97936, init_scale=3.14e-02, optimizer=adam, scheduler=exponential
2025-08-25 10:49:19,001 - INFO - initial model: max A_j index: 59
2025-08-25 10:50:29,757 - INFO - final model: max A_j index: 59, max A_j value: 0.2687554359436035, alpha_teacher: 0.5
2025-08-25 10:50:29,893 - INFO - largest 10 A_j values: tensor([0.2688, 0.0413, 0.0371, 0.0371, 0.0312, 0.0301, 0.0296, 0.0268, 0.0265,
        0.0259], device='cuda:3', grad_fn=<TopkBackward0>)
2025-08-25 10:50:29,893 - INFO - number of values below 0.01: 108
2025-08-25 10:50:29,894 - INFO - number of values between 0.01 and 0.1: 41
2025-08-25 10:50:29,894 - INFO - number of values between 0.1 and 0.3: 1
2025-08-25 10:50:29,894 - INFO - number of values larger than 0.3: 0
2025-08-25 10:50:29,894 - INFO - train loss is 0.12838967144489288
2025-08-25 10:50:29,894 - INFO - impulse response loss is 0.03569144010543823
2025-08-25 10:50:29,898 - INFO - Worker 3: Completed trial 15, score: 0.035691
2025-08-25 10:50:29,902 - INFO - Trial 1 (GPU 3): lr=1.21e-06, epochs=97936, init_scale=3.14e-02, optimizer=adam, scheduler=exponential
2025-08-25 10:50:29,910 - INFO - initial model: max A_j index: 59
2025-08-25 10:51:20,677 - INFO - final model: max A_j index: 59, max A_j value: 0.5359237194061279, alpha_teacher: 0.5
2025-08-25 10:51:20,681 - INFO - largest 10 A_j values: tensor([0.5359, 0.0807, 0.0723, 0.0723, 0.0604, 0.0582, 0.0572, 0.0517, 0.0511,
        0.0498], device='cuda:2', grad_fn=<TopkBackward0>)
2025-08-25 10:51:20,681 - INFO - number of values below 0.01: 88
2025-08-25 10:51:20,681 - INFO - number of values between 0.01 and 0.1: 61
2025-08-25 10:51:20,682 - INFO - number of values between 0.1 and 0.3: 0
2025-08-25 10:51:20,682 - INFO - number of values larger than 0.3: 1
2025-08-25 10:51:20,682 - INFO - train loss is 0.0799110010266304
2025-08-25 10:51:20,682 - INFO - impulse response loss is 0.05331375449895859
2025-08-25 10:51:20,686 - INFO - Worker 2: Completed trial 11, score: 0.053314
2025-08-25 10:51:20,689 - INFO - Trial 2 (GPU 2): lr=2.80e-04, epochs=55075, init_scale=7.52e-04, optimizer=gd, scheduler=none
2025-08-25 10:51:20,692 - INFO - initial model: max A_j index: 59
2025-08-25 10:51:32,447 - INFO - final model: max A_j index: 59, max A_j value: 0.2687554359436035, alpha_teacher: 0.5
2025-08-25 10:51:32,601 - INFO - largest 10 A_j values: tensor([0.2688, 0.0413, 0.0371, 0.0371, 0.0312, 0.0301, 0.0296, 0.0268, 0.0265,
        0.0259], device='cuda:1', grad_fn=<TopkBackward0>)
2025-08-25 10:51:32,601 - INFO - number of values below 0.01: 108
2025-08-25 10:51:32,601 - INFO - number of values between 0.01 and 0.1: 41
2025-08-25 10:51:32,602 - INFO - number of values between 0.1 and 0.3: 1
2025-08-25 10:51:32,602 - INFO - number of values larger than 0.3: 0
2025-08-25 10:51:32,602 - INFO - train loss is 0.12838967144489288
2025-08-25 10:51:32,602 - INFO - impulse response loss is 0.03569144010543823
2025-08-25 10:51:32,606 - INFO - Worker 1: Completed trial 5, score: 0.035691
2025-08-25 10:51:32,608 - INFO - Trial 1 (GPU 1): lr=1.21e-06, epochs=97936, init_scale=3.14e-02, optimizer=adam, scheduler=exponential
2025-08-25 10:51:32,615 - INFO - initial model: max A_j index: 59
2025-08-25 10:51:41,447 - INFO - final model: max A_j index: 59, max A_j value: 0.2687554359436035, alpha_teacher: 0.5
2025-08-25 10:51:41,597 - INFO - largest 10 A_j values: tensor([0.2688, 0.0413, 0.0371, 0.0371, 0.0312, 0.0301, 0.0296, 0.0268, 0.0265,
        0.0259], device='cuda:0', grad_fn=<TopkBackward0>)
2025-08-25 10:51:41,598 - INFO - number of values below 0.01: 108
2025-08-25 10:51:41,598 - INFO - number of values between 0.01 and 0.1: 41
2025-08-25 10:51:41,598 - INFO - number of values between 0.1 and 0.3: 1
2025-08-25 10:51:41,598 - INFO - number of values larger than 0.3: 0
2025-08-25 10:51:41,598 - INFO - train loss is 0.12838967144489288
2025-08-25 10:51:41,598 - INFO - impulse response loss is 0.03569144010543823
2025-08-25 10:51:41,602 - INFO - Worker 0: Completed trial 0, score: 0.035691
2025-08-25 10:51:41,606 - INFO - Trial 1 (GPU 0): lr=1.21e-06, epochs=97936, init_scale=3.14e-02, optimizer=adam, scheduler=exponential
2025-08-25 10:51:41,609 - INFO - initial model: max A_j index: 59
2025-08-25 10:53:03,790 - INFO - final model: max A_j index: 59, max A_j value: 0.01920992136001587, alpha_teacher: 0.5
2025-08-25 10:53:03,792 - INFO - largest 10 A_j values: tensor([0.0192, 0.0082, 0.0080, 0.0080, 0.0077, 0.0077, 0.0077, 0.0075, 0.0075,
        0.0075], device='cuda:2', grad_fn=<TopkBackward0>)
2025-08-25 10:53:03,793 - INFO - number of values below 0.01: 149
2025-08-25 10:53:03,793 - INFO - number of values between 0.01 and 0.1: 1
2025-08-25 10:53:03,793 - INFO - number of values between 0.1 and 0.3: 0
2025-08-25 10:53:03,793 - INFO - number of values larger than 0.3: 0
2025-08-25 10:53:03,793 - INFO - train loss is 1.5010215292932116e-13
2025-08-25 10:53:03,793 - INFO - impulse response loss is 0.29003196954727173
2025-08-25 10:53:03,795 - INFO - Worker 2: Completed trial 12, score: 0.290032
2025-08-25 10:53:03,798 - INFO - Trial 3 (GPU 2): lr=1.53e-06, epochs=76183, init_scale=3.25e-04, optimizer=gd, scheduler=none
2025-08-25 10:53:03,809 - INFO - initial model: max A_j index: 59
2025-08-25 10:53:40,995 - INFO - final model: max A_j index: 59, max A_j value: 0.5359237194061279, alpha_teacher: 0.5
2025-08-25 10:53:40,999 - INFO - largest 10 A_j values: tensor([0.5359, 0.0807, 0.0723, 0.0723, 0.0604, 0.0582, 0.0572, 0.0517, 0.0511,
        0.0498], device='cuda:3', grad_fn=<TopkBackward0>)
2025-08-25 10:53:41,000 - INFO - number of values below 0.01: 88
2025-08-25 10:53:41,000 - INFO - number of values between 0.01 and 0.1: 61
2025-08-25 10:53:41,001 - INFO - number of values between 0.1 and 0.3: 0
2025-08-25 10:53:41,001 - INFO - number of values larger than 0.3: 1
2025-08-25 10:53:41,001 - INFO - train loss is 0.0799110010266304
2025-08-25 10:53:41,001 - INFO - impulse response loss is 0.05331375449895859
2025-08-25 10:53:41,007 - INFO - Worker 3: Completed trial 16, score: 0.053314
2025-08-25 10:53:41,010 - INFO - Trial 2 (GPU 3): lr=2.80e-04, epochs=55075, init_scale=7.52e-04, optimizer=gd, scheduler=none
2025-08-25 10:53:41,013 - INFO - initial model: max A_j index: 59
2025-08-25 10:55:39,714 - INFO - final model: max A_j index: 59, max A_j value: 0.011926069855690002, alpha_teacher: 0.5
2025-08-25 10:55:39,716 - INFO - largest 10 A_j values: tensor([0.0119, 0.0072, 0.0071, 0.0071, 0.0070, 0.0070, 0.0069, 0.0069, 0.0069,
        0.0069], device='cuda:2', grad_fn=<TopkBackward0>)
2025-08-25 10:55:39,716 - INFO - number of values below 0.01: 149
2025-08-25 10:55:39,716 - INFO - number of values between 0.01 and 0.1: 1
2025-08-25 10:55:39,717 - INFO - number of values between 0.1 and 0.3: 0
2025-08-25 10:55:39,717 - INFO - number of values larger than 0.3: 0
2025-08-25 10:55:39,717 - INFO - train loss is 6.638916971724029e-09
2025-08-25 10:55:39,717 - INFO - impulse response loss is 0.2901495397090912
2025-08-25 10:55:39,721 - INFO - Worker 2: Completed trial 13, score: 0.290150
2025-08-25 10:55:39,722 - INFO - Trial 4 (GPU 2): lr=5.46e-04, epochs=67837, init_scale=2.32e-04, optimizer=adam, scheduler=none
2025-08-25 10:55:39,729 - INFO - initial model: max A_j index: 59
2025-08-25 10:55:54,908 - INFO - final model: max A_j index: 59, max A_j value: 0.5359237194061279, alpha_teacher: 0.5
2025-08-25 10:55:54,913 - INFO - largest 10 A_j values: tensor([0.5359, 0.0807, 0.0723, 0.0723, 0.0604, 0.0582, 0.0572, 0.0517, 0.0511,
        0.0498], device='cuda:1', grad_fn=<TopkBackward0>)
2025-08-25 10:55:54,913 - INFO - number of values below 0.01: 88
2025-08-25 10:55:54,914 - INFO - number of values between 0.01 and 0.1: 61
2025-08-25 10:55:54,914 - INFO - number of values between 0.1 and 0.3: 0
2025-08-25 10:55:54,914 - INFO - number of values larger than 0.3: 1
2025-08-25 10:55:54,914 - INFO - train loss is 0.0799110010266304
2025-08-25 10:55:54,914 - INFO - impulse response loss is 0.05331375449895859
2025-08-25 10:55:54,919 - INFO - Worker 1: Completed trial 6, score: 0.053314
2025-08-25 10:55:54,921 - INFO - Trial 2 (GPU 1): lr=2.80e-04, epochs=55075, init_scale=7.52e-04, optimizer=gd, scheduler=none
2025-08-25 10:55:54,925 - INFO - initial model: max A_j index: 59
2025-08-25 10:56:05,491 - INFO - final model: max A_j index: 59, max A_j value: 0.01920992136001587, alpha_teacher: 0.5
2025-08-25 10:56:05,496 - INFO - largest 10 A_j values: tensor([0.0192, 0.0082, 0.0080, 0.0080, 0.0077, 0.0077, 0.0077, 0.0075, 0.0075,
        0.0075], device='cuda:3', grad_fn=<TopkBackward0>)
2025-08-25 10:56:05,497 - INFO - number of values below 0.01: 149
2025-08-25 10:56:05,497 - INFO - number of values between 0.01 and 0.1: 1
2025-08-25 10:56:05,498 - INFO - number of values between 0.1 and 0.3: 0
2025-08-25 10:56:05,498 - INFO - number of values larger than 0.3: 0
2025-08-25 10:56:05,498 - INFO - train loss is 1.5010215292932116e-13
2025-08-25 10:56:05,498 - INFO - impulse response loss is 0.29003196954727173
2025-08-25 10:56:05,502 - INFO - Worker 3: Completed trial 17, score: 0.290032
2025-08-25 10:56:05,506 - INFO - Trial 3 (GPU 3): lr=1.53e-06, epochs=76183, init_scale=3.25e-04, optimizer=gd, scheduler=none
2025-08-25 10:56:05,509 - INFO - initial model: max A_j index: 59
2025-08-25 10:56:06,426 - INFO - Completed 10/20 trials
2025-08-25 10:56:08,413 - INFO - final model: max A_j index: 59, max A_j value: 0.5359237194061279, alpha_teacher: 0.5
2025-08-25 10:56:08,417 - INFO - largest 10 A_j values: tensor([0.5359, 0.0807, 0.0723, 0.0723, 0.0604, 0.0582, 0.0572, 0.0517, 0.0511,
        0.0498], device='cuda:0', grad_fn=<TopkBackward0>)
2025-08-25 10:56:08,417 - INFO - number of values below 0.01: 88
2025-08-25 10:56:08,417 - INFO - number of values between 0.01 and 0.1: 61
2025-08-25 10:56:08,418 - INFO - number of values between 0.1 and 0.3: 0
2025-08-25 10:56:08,418 - INFO - number of values larger than 0.3: 1
2025-08-25 10:56:08,418 - INFO - train loss is 0.0799110010266304
2025-08-25 10:56:08,418 - INFO - impulse response loss is 0.05331375449895859
2025-08-25 10:56:08,422 - INFO - Worker 0: Completed trial 1, score: 0.053314
2025-08-25 10:56:08,425 - INFO - Trial 2 (GPU 0): lr=2.80e-04, epochs=55075, init_scale=7.52e-04, optimizer=gd, scheduler=none
2025-08-25 10:56:08,426 - INFO - initial model: max A_j index: 59
2025-08-25 10:57:12,101 - INFO - final model: max A_j index: 59, max A_j value: 0.010308404453098774, alpha_teacher: 0.5
2025-08-25 10:57:12,103 - INFO - largest 10 A_j values: tensor([0.0103, 0.0070, 0.0069, 0.0069, 0.0068, 0.0068, 0.0068, 0.0067, 0.0067,
        0.0067], device='cuda:2', grad_fn=<TopkBackward0>)
2025-08-25 10:57:12,104 - INFO - number of values below 0.01: 149
2025-08-25 10:57:12,104 - INFO - number of values between 0.01 and 0.1: 1
2025-08-25 10:57:12,104 - INFO - number of values between 0.1 and 0.3: 0
2025-08-25 10:57:12,104 - INFO - number of values larger than 0.3: 0
2025-08-25 10:57:12,104 - INFO - train loss is 0.0
2025-08-25 10:57:12,104 - INFO - impulse response loss is 0.2902516722679138
2025-08-25 10:57:12,106 - INFO - Worker 2: Completed trial 14, score: 0.290252
2025-08-25 10:57:12,106 - INFO - Hyperopt worker 2 completed on GPU 2
2025-08-25 10:57:12,442 - INFO - Process 2 completed
2025-08-25 10:58:16,596 - INFO - final model: max A_j index: 59, max A_j value: 0.01920992136001587, alpha_teacher: 0.5
2025-08-25 10:58:16,599 - INFO - largest 10 A_j values: tensor([0.0192, 0.0082, 0.0080, 0.0080, 0.0077, 0.0077, 0.0077, 0.0075, 0.0075,
        0.0075], device='cuda:1', grad_fn=<TopkBackward0>)
2025-08-25 10:58:16,600 - INFO - number of values below 0.01: 149
2025-08-25 10:58:16,600 - INFO - number of values between 0.01 and 0.1: 1
2025-08-25 10:58:16,601 - INFO - number of values between 0.1 and 0.3: 0
2025-08-25 10:58:16,601 - INFO - number of values larger than 0.3: 0
2025-08-25 10:58:16,601 - INFO - train loss is 1.5010215292932116e-13
2025-08-25 10:58:16,601 - INFO - impulse response loss is 0.29003196954727173
2025-08-25 10:58:16,605 - INFO - Worker 1: Completed trial 7, score: 0.290032
2025-08-25 10:58:16,607 - INFO - Trial 3 (GPU 1): lr=1.53e-06, epochs=76183, init_scale=3.25e-04, optimizer=gd, scheduler=none
2025-08-25 10:58:16,621 - INFO - initial model: max A_j index: 59
2025-08-25 10:58:32,931 - INFO - final model: max A_j index: 59, max A_j value: 0.01920992136001587, alpha_teacher: 0.5
2025-08-25 10:58:32,933 - INFO - largest 10 A_j values: tensor([0.0192, 0.0082, 0.0080, 0.0080, 0.0077, 0.0077, 0.0077, 0.0075, 0.0075,
        0.0075], device='cuda:0', grad_fn=<TopkBackward0>)
2025-08-25 10:58:32,933 - INFO - number of values below 0.01: 149
2025-08-25 10:58:32,934 - INFO - number of values between 0.01 and 0.1: 1
2025-08-25 10:58:32,934 - INFO - number of values between 0.1 and 0.3: 0
2025-08-25 10:58:32,934 - INFO - number of values larger than 0.3: 0
2025-08-25 10:58:32,935 - INFO - train loss is 1.5010215292932116e-13
2025-08-25 10:58:32,935 - INFO - impulse response loss is 0.29003196954727173
2025-08-25 10:58:32,937 - INFO - Worker 0: Completed trial 2, score: 0.290032
2025-08-25 10:58:32,939 - INFO - Trial 3 (GPU 0): lr=1.53e-06, epochs=76183, init_scale=3.25e-04, optimizer=gd, scheduler=none
2025-08-25 10:58:32,941 - INFO - initial model: max A_j index: 59
2025-08-25 10:59:26,374 - INFO - final model: max A_j index: 59, max A_j value: 0.011926069855690002, alpha_teacher: 0.5
2025-08-25 10:59:26,380 - INFO - largest 10 A_j values: tensor([0.0119, 0.0072, 0.0071, 0.0071, 0.0070, 0.0070, 0.0069, 0.0069, 0.0069,
        0.0069], device='cuda:3', grad_fn=<TopkBackward0>)
2025-08-25 10:59:26,380 - INFO - number of values below 0.01: 149
2025-08-25 10:59:26,381 - INFO - number of values between 0.01 and 0.1: 1
2025-08-25 10:59:26,381 - INFO - number of values between 0.1 and 0.3: 0
2025-08-25 10:59:26,382 - INFO - number of values larger than 0.3: 0
2025-08-25 10:59:26,382 - INFO - train loss is 6.638916971724029e-09
2025-08-25 10:59:26,382 - INFO - impulse response loss is 0.2901495397090912
2025-08-25 10:59:26,386 - INFO - Worker 3: Completed trial 18, score: 0.290150
2025-08-25 10:59:26,390 - INFO - Trial 4 (GPU 3): lr=5.46e-04, epochs=67837, init_scale=2.32e-04, optimizer=adam, scheduler=none
2025-08-25 10:59:26,401 - INFO - initial model: max A_j index: 59
2025-08-25 11:01:25,861 - INFO - final model: max A_j index: 59, max A_j value: 0.011926069855690002, alpha_teacher: 0.5
2025-08-25 11:01:25,862 - INFO - largest 10 A_j values: tensor([0.0119, 0.0072, 0.0071, 0.0071, 0.0070, 0.0070, 0.0069, 0.0069, 0.0069,
        0.0069], device='cuda:0', grad_fn=<TopkBackward0>)
2025-08-25 11:01:25,863 - INFO - number of values below 0.01: 149
2025-08-25 11:01:25,863 - INFO - number of values between 0.01 and 0.1: 1
2025-08-25 11:01:25,863 - INFO - number of values between 0.1 and 0.3: 0
2025-08-25 11:01:25,863 - INFO - number of values larger than 0.3: 0
2025-08-25 11:01:25,863 - INFO - train loss is 6.638916971724029e-09
2025-08-25 11:01:25,863 - INFO - impulse response loss is 0.2901495397090912
2025-08-25 11:01:25,865 - INFO - Worker 0: Completed trial 3, score: 0.290150
2025-08-25 11:01:25,866 - INFO - Trial 4 (GPU 0): lr=5.46e-04, epochs=67837, init_scale=2.32e-04, optimizer=adam, scheduler=none
2025-08-25 11:01:25,873 - INFO - initial model: max A_j index: 59
2025-08-25 11:01:32,814 - INFO - final model: max A_j index: 59, max A_j value: 0.011926069855690002, alpha_teacher: 0.5
2025-08-25 11:01:32,818 - INFO - largest 10 A_j values: tensor([0.0119, 0.0072, 0.0071, 0.0071, 0.0070, 0.0070, 0.0069, 0.0069, 0.0069,
        0.0069], device='cuda:1', grad_fn=<TopkBackward0>)
2025-08-25 11:01:32,819 - INFO - number of values below 0.01: 149
2025-08-25 11:01:32,819 - INFO - number of values between 0.01 and 0.1: 1
2025-08-25 11:01:32,819 - INFO - number of values between 0.1 and 0.3: 0
2025-08-25 11:01:32,820 - INFO - number of values larger than 0.3: 0
2025-08-25 11:01:32,820 - INFO - train loss is 6.638916971724029e-09
2025-08-25 11:01:32,820 - INFO - impulse response loss is 0.2901495397090912
2025-08-25 11:01:32,824 - INFO - Worker 1: Completed trial 8, score: 0.290150
2025-08-25 11:01:32,826 - INFO - Trial 4 (GPU 1): lr=5.46e-04, epochs=67837, init_scale=2.32e-04, optimizer=adam, scheduler=none
2025-08-25 11:01:32,830 - INFO - initial model: max A_j index: 59
2025-08-25 11:02:30,274 - INFO - final model: max A_j index: 59, max A_j value: 0.010308404453098774, alpha_teacher: 0.5
2025-08-25 11:02:30,276 - INFO - largest 10 A_j values: tensor([0.0103, 0.0070, 0.0069, 0.0069, 0.0068, 0.0068, 0.0068, 0.0067, 0.0067,
        0.0067], device='cuda:3', grad_fn=<TopkBackward0>)
2025-08-25 11:02:30,276 - INFO - number of values below 0.01: 149
2025-08-25 11:02:30,277 - INFO - number of values between 0.01 and 0.1: 1
2025-08-25 11:02:30,277 - INFO - number of values between 0.1 and 0.3: 0
2025-08-25 11:02:30,277 - INFO - number of values larger than 0.3: 0
2025-08-25 11:02:30,277 - INFO - train loss is 0.0
2025-08-25 11:02:30,278 - INFO - impulse response loss is 0.2902516722679138
2025-08-25 11:02:30,280 - INFO - Worker 3: Completed trial 19, score: 0.290252
2025-08-25 11:02:30,280 - INFO - Hyperopt worker 3 completed on GPU 3
2025-08-25 11:02:30,520 - INFO - Process 3 completed
2025-08-25 11:03:12,626 - INFO - final model: max A_j index: 59, max A_j value: 0.010308404453098774, alpha_teacher: 0.5
2025-08-25 11:03:12,628 - INFO - largest 10 A_j values: tensor([0.0103, 0.0070, 0.0069, 0.0069, 0.0068, 0.0068, 0.0068, 0.0067, 0.0067,
        0.0067], device='cuda:0', grad_fn=<TopkBackward0>)
2025-08-25 11:03:12,628 - INFO - number of values below 0.01: 149
2025-08-25 11:03:12,628 - INFO - number of values between 0.01 and 0.1: 1
2025-08-25 11:03:12,629 - INFO - number of values between 0.1 and 0.3: 0
2025-08-25 11:03:12,629 - INFO - number of values larger than 0.3: 0
2025-08-25 11:03:12,629 - INFO - train loss is 0.0
2025-08-25 11:03:12,629 - INFO - impulse response loss is 0.2902516722679138
2025-08-25 11:03:12,632 - INFO - Worker 0: Completed trial 4, score: 0.290252
2025-08-25 11:03:12,632 - INFO - Hyperopt worker 0 completed on GPU 0
2025-08-25 11:03:13,533 - INFO - Process 0 completed
2025-08-25 11:04:34,698 - INFO - final model: max A_j index: 59, max A_j value: 0.010308404453098774, alpha_teacher: 0.5
2025-08-25 11:04:34,702 - INFO - largest 10 A_j values: tensor([0.0103, 0.0070, 0.0069, 0.0069, 0.0068, 0.0068, 0.0068, 0.0067, 0.0067,
        0.0067], device='cuda:1', grad_fn=<TopkBackward0>)
2025-08-25 11:04:34,703 - INFO - number of values below 0.01: 149
2025-08-25 11:04:34,703 - INFO - number of values between 0.01 and 0.1: 1
2025-08-25 11:04:34,704 - INFO - number of values between 0.1 and 0.3: 0
2025-08-25 11:04:34,704 - INFO - number of values larger than 0.3: 0
2025-08-25 11:04:34,704 - INFO - train loss is 0.0
2025-08-25 11:04:34,704 - INFO - impulse response loss is 0.2902516722679138
2025-08-25 11:04:34,709 - INFO - Worker 1: Completed trial 9, score: 0.290252
2025-08-25 11:04:34,709 - INFO - Hyperopt worker 1 completed on GPU 1
2025-08-25 11:04:35,556 - INFO - Completed 20/20 trials
2025-08-25 11:04:35,556 - INFO - Process 1 completed
