2025-08-03 17:50:21,477 - INFO - Using device mps.
2025-08-03 17:50:21,478 - INFO - Args: Namespace(num_seeds=1, num_measurements=1, input_e1=True, sequence_length=3, teacher_ranks=[1], student_dims=[3, 4, 5, 6, 7, 8, 9, 10, 11, 12, 13, 14, 15, 16, 17, 18, 19], calc_loss_only_on_last_output=True, eps_train=1e-06, gnc=True, gnc_num_samples=100000000, gnc_batch_size=10000000, gd=False, gd_lr=0.01, gd_epochs=100000, gd_init_scale=0.01, gd_optimizer='adam', config=None, results_dir=PosixPath('results'), figures_dir=PosixPath('figures'), log_dir=PosixPath('logs'))
2025-08-03 17:50:21,485 - INFO - Starting teacher_rank=1
2025-08-03 17:50:21,485 - INFO - Starting student_dim=3
2025-08-03 17:50:21,486 - INFO - Starting seed=0
2025-08-03 17:50:21,490 - INFO - A_teacher is 0.5212512612342834
2025-08-03 17:50:21,512 - INFO - Starting G&C
2025-08-03 17:50:24,477 - INFO - Finished G&C, time elapsed=2.964550018310547s
2025-08-03 17:50:24,477 - INFO - Finished seed=0
2025-08-03 17:50:24,477 - INFO - ----------------------------------------------------------------------------------------------------------------------------------------------
2025-08-03 17:50:24,477 - INFO - ----------------------------------------------------------------------------------------------------------------------------------------------
2025-08-03 17:50:24,477 - INFO - Finished student_dim=3
2025-08-03 17:50:24,477 - INFO - G&C avg gen_loss = 0.5440916854255274
2025-08-03 17:50:24,477 - INFO - ----------------------------------------------------------------------------------------------------------------------------------------------
2025-08-03 17:50:24,478 - INFO - Starting student_dim=4
2025-08-03 17:50:24,478 - INFO - Starting seed=0
2025-08-03 17:50:24,479 - INFO - A_teacher is 0.6540995836257935
2025-08-03 17:50:24,482 - INFO - Starting G&C
2025-08-03 17:50:27,371 - INFO - Finished G&C, time elapsed=2.8887288570404053s
2025-08-03 17:50:27,371 - INFO - Finished seed=0
2025-08-03 17:50:27,371 - INFO - ----------------------------------------------------------------------------------------------------------------------------------------------
2025-08-03 17:50:27,371 - INFO - ----------------------------------------------------------------------------------------------------------------------------------------------
2025-08-03 17:50:27,371 - INFO - Finished student_dim=4
2025-08-03 17:50:27,371 - INFO - G&C avg gen_loss = 0.8553334320508491
2025-08-03 17:50:27,371 - INFO - ----------------------------------------------------------------------------------------------------------------------------------------------
2025-08-03 17:50:27,371 - INFO - Starting student_dim=5
2025-08-03 17:50:27,372 - INFO - Starting seed=0
2025-08-03 17:50:27,373 - INFO - A_teacher is 0.6540995836257935
2025-08-03 17:50:27,376 - INFO - Starting G&C
2025-08-03 17:50:30,342 - INFO - Finished G&C, time elapsed=2.9660401344299316s
2025-08-03 17:50:30,342 - INFO - Finished seed=0
2025-08-03 17:50:30,342 - INFO - ----------------------------------------------------------------------------------------------------------------------------------------------
2025-08-03 17:50:30,342 - INFO - ----------------------------------------------------------------------------------------------------------------------------------------------
2025-08-03 17:50:30,342 - INFO - Finished student_dim=5
2025-08-03 17:50:30,342 - INFO - G&C avg gen_loss = 0.8574080938046056
2025-08-03 17:50:30,342 - INFO - ----------------------------------------------------------------------------------------------------------------------------------------------
2025-08-03 17:50:30,342 - INFO - Starting student_dim=6
2025-08-03 17:50:30,342 - INFO - Starting seed=0
2025-08-03 17:50:30,343 - INFO - A_teacher is 0.6540995836257935
2025-08-03 17:50:30,347 - INFO - Starting G&C
2025-08-03 17:50:33,478 - INFO - Finished G&C, time elapsed=3.131272077560425s
2025-08-03 17:50:33,478 - INFO - Finished seed=0
2025-08-03 17:50:33,478 - INFO - ----------------------------------------------------------------------------------------------------------------------------------------------
2025-08-03 17:50:33,478 - INFO - ----------------------------------------------------------------------------------------------------------------------------------------------
2025-08-03 17:50:33,478 - INFO - Finished student_dim=6
2025-08-03 17:50:33,478 - INFO - G&C avg gen_loss = 0.8556937320551896
2025-08-03 17:50:33,478 - INFO - ----------------------------------------------------------------------------------------------------------------------------------------------
2025-08-03 17:50:33,478 - INFO - Starting student_dim=7
2025-08-03 17:50:33,479 - INFO - Starting seed=0
2025-08-03 17:50:33,480 - INFO - A_teacher is 0.6540995836257935
2025-08-03 17:50:33,483 - INFO - Starting G&C
2025-08-03 17:50:36,707 - INFO - Finished G&C, time elapsed=3.224297285079956s
2025-08-03 17:50:36,707 - INFO - Finished seed=0
2025-08-03 17:50:36,707 - INFO - ----------------------------------------------------------------------------------------------------------------------------------------------
2025-08-03 17:50:36,707 - INFO - ----------------------------------------------------------------------------------------------------------------------------------------------
2025-08-03 17:50:36,707 - INFO - Finished student_dim=7
2025-08-03 17:50:36,708 - INFO - G&C avg gen_loss = 0.8564554449097141
2025-08-03 17:50:36,708 - INFO - ----------------------------------------------------------------------------------------------------------------------------------------------
2025-08-03 17:50:36,708 - INFO - Starting student_dim=8
2025-08-03 17:50:36,708 - INFO - Starting seed=0
2025-08-03 17:50:36,709 - INFO - A_teacher is 0.6540995836257935
2025-08-03 17:50:36,712 - INFO - Starting G&C
2025-08-03 17:50:39,979 - INFO - Finished G&C, time elapsed=3.2666261196136475s
2025-08-03 17:50:39,979 - INFO - Finished seed=0
2025-08-03 17:50:39,979 - INFO - ----------------------------------------------------------------------------------------------------------------------------------------------
2025-08-03 17:50:39,979 - INFO - ----------------------------------------------------------------------------------------------------------------------------------------------
2025-08-03 17:50:39,979 - INFO - Finished student_dim=8
2025-08-03 17:50:39,979 - INFO - G&C avg gen_loss = 0.8529276828387071
2025-08-03 17:50:39,979 - INFO - ----------------------------------------------------------------------------------------------------------------------------------------------
2025-08-03 17:50:39,979 - INFO - Starting student_dim=9
2025-08-03 17:50:39,979 - INFO - Starting seed=0
2025-08-03 17:50:39,981 - INFO - A_teacher is 0.6540995836257935
2025-08-03 17:50:39,984 - INFO - Starting G&C
2025-08-03 17:50:43,537 - INFO - Finished G&C, time elapsed=3.553279161453247s
2025-08-03 17:50:43,538 - INFO - Finished seed=0
2025-08-03 17:50:43,538 - INFO - ----------------------------------------------------------------------------------------------------------------------------------------------
2025-08-03 17:50:43,538 - INFO - ----------------------------------------------------------------------------------------------------------------------------------------------
2025-08-03 17:50:43,538 - INFO - Finished student_dim=9
2025-08-03 17:50:43,538 - INFO - G&C avg gen_loss = 0.8530170756200115
2025-08-03 17:50:43,538 - INFO - ----------------------------------------------------------------------------------------------------------------------------------------------
2025-08-03 17:50:43,538 - INFO - Starting student_dim=10
2025-08-03 17:50:43,539 - INFO - Starting seed=0
2025-08-03 17:50:43,540 - INFO - A_teacher is 0.6540995836257935
2025-08-03 17:50:43,543 - INFO - Starting G&C
2025-08-03 17:50:47,210 - INFO - Finished G&C, time elapsed=3.6672701835632324s
2025-08-03 17:50:47,210 - INFO - Finished seed=0
2025-08-03 17:50:47,211 - INFO - ----------------------------------------------------------------------------------------------------------------------------------------------
2025-08-03 17:50:47,211 - INFO - ----------------------------------------------------------------------------------------------------------------------------------------------
2025-08-03 17:50:47,211 - INFO - Finished student_dim=10
2025-08-03 17:50:47,211 - INFO - G&C avg gen_loss = 0.8539982750596786
2025-08-03 17:50:47,211 - INFO - ----------------------------------------------------------------------------------------------------------------------------------------------
2025-08-03 17:50:47,211 - INFO - Starting student_dim=11
2025-08-03 17:50:47,211 - INFO - Starting seed=0
2025-08-03 17:50:47,212 - INFO - A_teacher is 0.6540995836257935
2025-08-03 17:50:47,215 - INFO - Starting G&C
2025-08-03 17:50:51,176 - INFO - Finished G&C, time elapsed=3.9605190753936768s
2025-08-03 17:50:51,177 - INFO - Finished seed=0
2025-08-03 17:50:51,177 - INFO - ----------------------------------------------------------------------------------------------------------------------------------------------
2025-08-03 17:50:51,177 - INFO - ----------------------------------------------------------------------------------------------------------------------------------------------
2025-08-03 17:50:51,177 - INFO - Finished student_dim=11
2025-08-03 17:50:51,177 - INFO - G&C avg gen_loss = 0.8550440993219104
2025-08-03 17:50:51,177 - INFO - ----------------------------------------------------------------------------------------------------------------------------------------------
2025-08-03 17:50:51,177 - INFO - Starting student_dim=12
2025-08-03 17:50:51,177 - INFO - Starting seed=0
2025-08-03 17:50:51,179 - INFO - A_teacher is 0.6540995836257935
2025-08-03 17:50:51,182 - INFO - Starting G&C
2025-08-03 17:50:55,131 - INFO - Finished G&C, time elapsed=3.9490370750427246s
2025-08-03 17:50:55,132 - INFO - Finished seed=0
2025-08-03 17:50:55,132 - INFO - ----------------------------------------------------------------------------------------------------------------------------------------------
2025-08-03 17:50:55,132 - INFO - ----------------------------------------------------------------------------------------------------------------------------------------------
2025-08-03 17:50:55,132 - INFO - Finished student_dim=12
2025-08-03 17:50:55,132 - INFO - G&C avg gen_loss = 0.8567536733688067
2025-08-03 17:50:55,132 - INFO - ----------------------------------------------------------------------------------------------------------------------------------------------
2025-08-03 17:50:55,132 - INFO - Starting student_dim=13
2025-08-03 17:50:55,132 - INFO - Starting seed=0
2025-08-03 17:50:55,133 - INFO - A_teacher is 0.6540995836257935
2025-08-03 17:50:55,137 - INFO - Starting G&C
2025-08-03 17:50:59,314 - INFO - Finished G&C, time elapsed=4.176939010620117s
2025-08-03 17:50:59,315 - INFO - Finished seed=0
2025-08-03 17:50:59,315 - INFO - ----------------------------------------------------------------------------------------------------------------------------------------------
2025-08-03 17:50:59,315 - INFO - ----------------------------------------------------------------------------------------------------------------------------------------------
2025-08-03 17:50:59,315 - INFO - Finished student_dim=13
2025-08-03 17:50:59,315 - INFO - G&C avg gen_loss = 0.859544586380995
2025-08-03 17:50:59,315 - INFO - ----------------------------------------------------------------------------------------------------------------------------------------------
2025-08-03 17:50:59,315 - INFO - Starting student_dim=14
2025-08-03 17:50:59,315 - INFO - Starting seed=0
2025-08-03 17:50:59,324 - INFO - A_teacher is 0.6540995836257935
2025-08-03 17:50:59,329 - INFO - Starting G&C
2025-08-03 17:51:04,794 - INFO - Finished G&C, time elapsed=5.464201927185059s
2025-08-03 17:51:04,794 - INFO - Finished seed=0
2025-08-03 17:51:04,794 - INFO - ----------------------------------------------------------------------------------------------------------------------------------------------
2025-08-03 17:51:04,794 - INFO - ----------------------------------------------------------------------------------------------------------------------------------------------
2025-08-03 17:51:04,794 - INFO - Finished student_dim=14
2025-08-03 17:51:04,795 - INFO - G&C avg gen_loss = 0.8632818088218442
2025-08-03 17:51:04,795 - INFO - ----------------------------------------------------------------------------------------------------------------------------------------------
2025-08-03 17:51:04,795 - INFO - Starting student_dim=15
2025-08-03 17:51:04,795 - INFO - Starting seed=0
2025-08-03 17:51:04,796 - INFO - A_teacher is 0.6540995836257935
2025-08-03 17:51:04,802 - INFO - Starting G&C
2025-08-03 17:51:11,033 - INFO - Finished G&C, time elapsed=6.230215072631836s
2025-08-03 17:51:11,034 - INFO - Finished seed=0
2025-08-03 17:51:11,034 - INFO - ----------------------------------------------------------------------------------------------------------------------------------------------
2025-08-03 17:51:11,034 - INFO - ----------------------------------------------------------------------------------------------------------------------------------------------
2025-08-03 17:51:11,034 - INFO - Finished student_dim=15
2025-08-03 17:51:11,035 - INFO - G&C avg gen_loss = 0.8533890700217761
2025-08-03 17:51:11,035 - INFO - ----------------------------------------------------------------------------------------------------------------------------------------------
2025-08-03 17:51:11,035 - INFO - Starting student_dim=16
2025-08-03 17:51:11,035 - INFO - Starting seed=0
2025-08-03 17:51:11,036 - INFO - A_teacher is 0.6540995836257935
2025-08-03 17:51:11,042 - INFO - Starting G&C
2025-08-03 17:51:15,727 - INFO - Finished G&C, time elapsed=4.685301065444946s
2025-08-03 17:51:15,727 - INFO - Finished seed=0
2025-08-03 17:51:15,728 - INFO - ----------------------------------------------------------------------------------------------------------------------------------------------
2025-08-03 17:51:15,728 - INFO - ----------------------------------------------------------------------------------------------------------------------------------------------
2025-08-03 17:51:15,728 - INFO - Finished student_dim=16
2025-08-03 17:51:15,728 - INFO - G&C avg gen_loss = 0.8526410264262367
2025-08-03 17:51:15,728 - INFO - ----------------------------------------------------------------------------------------------------------------------------------------------
2025-08-03 17:51:15,728 - INFO - Starting student_dim=17
2025-08-03 17:51:15,728 - INFO - Starting seed=0
2025-08-03 17:51:15,730 - INFO - A_teacher is 0.6540995836257935
2025-08-03 17:51:15,771 - INFO - Starting G&C
2025-08-03 17:51:19,770 - INFO - Finished G&C, time elapsed=3.9988439083099365s
2025-08-03 17:51:19,770 - INFO - Finished seed=0
2025-08-03 17:51:19,771 - INFO - ----------------------------------------------------------------------------------------------------------------------------------------------
2025-08-03 17:51:19,771 - INFO - ----------------------------------------------------------------------------------------------------------------------------------------------
2025-08-03 17:51:19,771 - INFO - Finished student_dim=17
2025-08-03 17:51:19,771 - INFO - G&C avg gen_loss = 0.8565463081058927
2025-08-03 17:51:19,771 - INFO - ----------------------------------------------------------------------------------------------------------------------------------------------
2025-08-03 17:51:19,771 - INFO - Starting student_dim=18
2025-08-03 17:51:19,771 - INFO - Starting seed=0
2025-08-03 17:51:19,798 - INFO - A_teacher is 0.6540995836257935
2025-08-03 17:51:19,806 - INFO - Starting G&C
2025-08-03 17:51:23,509 - INFO - Finished G&C, time elapsed=3.7029061317443848s
2025-08-03 17:51:23,509 - INFO - Finished seed=0
2025-08-03 17:51:23,509 - INFO - ----------------------------------------------------------------------------------------------------------------------------------------------
2025-08-03 17:51:23,509 - INFO - ----------------------------------------------------------------------------------------------------------------------------------------------
2025-08-03 17:51:23,509 - INFO - Finished student_dim=18
2025-08-03 17:51:23,510 - INFO - G&C avg gen_loss = 0.8543736243648994
2025-08-03 17:51:23,510 - INFO - ----------------------------------------------------------------------------------------------------------------------------------------------
2025-08-03 17:51:23,510 - INFO - Starting student_dim=19
2025-08-03 17:51:23,510 - INFO - Starting seed=0
2025-08-03 17:51:23,511 - INFO - A_teacher is 0.6540995836257935
2025-08-03 17:51:23,514 - INFO - Starting G&C
2025-08-03 17:51:27,334 - INFO - Finished G&C, time elapsed=3.8199238777160645s
2025-08-03 17:51:27,334 - INFO - Finished seed=0
2025-08-03 17:51:27,334 - INFO - ----------------------------------------------------------------------------------------------------------------------------------------------
2025-08-03 17:51:27,334 - INFO - ----------------------------------------------------------------------------------------------------------------------------------------------
2025-08-03 17:51:27,334 - INFO - Finished student_dim=19
2025-08-03 17:51:27,334 - INFO - G&C avg gen_loss = 0.8539907451147668
2025-08-03 17:51:27,334 - INFO - ----------------------------------------------------------------------------------------------------------------------------------------------
2025-08-03 17:51:27,601 - INFO - Finished experiments, results saved to results, figures saved to figures
