2025-08-03 14:03:23,856 - INFO - Using device mps.
2025-08-03 14:03:23,856 - INFO - Args: Namespace(num_seeds=1, num_measurements=1, input_e1=True, sequence_length=3, teacher_ranks=[1], student_dims=[3, 4, 5, 6, 7, 8, 9, 10, 11, 12, 13, 14, 15], calc_loss_only_on_last_output=True, eps_train=1e-05, gnc=True, gnc_num_samples=100000000, gnc_batch_size=10000000, gd=False, gd_lr=0.01, gd_epochs=100000, gd_init_scale=0.01, gd_optimizer='adam', config=None, results_dir=PosixPath('results'), figures_dir=PosixPath('figures'), log_dir=PosixPath('logs'))
2025-08-03 14:03:23,864 - INFO - Starting teacher_rank=1
2025-08-03 14:03:23,864 - INFO - Starting student_dim=3
2025-08-03 14:03:23,865 - INFO - Starting seed=0
2025-08-03 14:03:23,869 - INFO - A_teacher is 0.31897369027137756
2025-08-03 14:03:23,890 - INFO - Starting G&C
2025-08-03 14:03:24,151 - INFO - succ_mask: torch.Size([10000000])
2025-08-03 14:03:24,151 - INFO - gen_losses: torch.Size([10000000])
2025-08-03 14:03:24,399 - INFO - succ_mask: torch.Size([10000000])
2025-08-03 14:03:24,400 - INFO - gen_losses: torch.Size([10000000])
2025-08-03 14:03:24,622 - INFO - succ_mask: torch.Size([10000000])
2025-08-03 14:03:24,622 - INFO - gen_losses: torch.Size([10000000])
2025-08-03 14:03:24,844 - INFO - succ_mask: torch.Size([10000000])
2025-08-03 14:03:24,844 - INFO - gen_losses: torch.Size([10000000])
2025-08-03 14:03:25,062 - INFO - succ_mask: torch.Size([10000000])
2025-08-03 14:03:25,062 - INFO - gen_losses: torch.Size([10000000])
2025-08-03 14:03:25,287 - INFO - succ_mask: torch.Size([10000000])
2025-08-03 14:03:25,287 - INFO - gen_losses: torch.Size([10000000])
2025-08-03 14:03:25,513 - INFO - succ_mask: torch.Size([10000000])
2025-08-03 14:03:25,513 - INFO - gen_losses: torch.Size([10000000])
2025-08-03 14:03:25,739 - INFO - succ_mask: torch.Size([10000000])
2025-08-03 14:03:25,739 - INFO - gen_losses: torch.Size([10000000])
2025-08-03 14:03:25,963 - INFO - succ_mask: torch.Size([10000000])
2025-08-03 14:03:25,963 - INFO - gen_losses: torch.Size([10000000])
2025-08-03 14:03:26,187 - INFO - succ_mask: torch.Size([10000000])
2025-08-03 14:03:26,187 - INFO - gen_losses: torch.Size([10000000])
2025-08-03 14:03:26,778 - INFO - Finished G&C, time elapsed=2.888066053390503s
2025-08-03 14:03:26,778 - INFO - Finished seed=0
2025-08-03 14:03:26,778 - INFO - ----------------------------------------------------------------------------------------------------------------------------------------------
2025-08-03 14:03:26,778 - INFO - ----------------------------------------------------------------------------------------------------------------------------------------------
2025-08-03 14:03:26,778 - INFO - Finished student_dim=3 with G&C avg gen_loss = 0.20611861918130903, GD avg gen_loss = 0.0
2025-08-03 14:03:26,778 - INFO - ----------------------------------------------------------------------------------------------------------------------------------------------
2025-08-03 14:03:26,779 - INFO - Starting student_dim=4
2025-08-03 14:03:26,779 - INFO - Starting seed=0
2025-08-03 14:03:26,780 - INFO - A_teacher is 0.6540995836257935
2025-08-03 14:03:26,783 - INFO - Starting G&C
2025-08-03 14:03:27,043 - INFO - succ_mask: torch.Size([10000000])
2025-08-03 14:03:27,043 - INFO - gen_losses: torch.Size([10000000])
2025-08-03 14:03:27,268 - INFO - succ_mask: torch.Size([10000000])
2025-08-03 14:03:27,268 - INFO - gen_losses: torch.Size([10000000])
2025-08-03 14:03:27,496 - INFO - succ_mask: torch.Size([10000000])
2025-08-03 14:03:27,496 - INFO - gen_losses: torch.Size([10000000])
2025-08-03 14:03:27,723 - INFO - succ_mask: torch.Size([10000000])
2025-08-03 14:03:27,723 - INFO - gen_losses: torch.Size([10000000])
2025-08-03 14:03:27,948 - INFO - succ_mask: torch.Size([10000000])
2025-08-03 14:03:27,948 - INFO - gen_losses: torch.Size([10000000])
2025-08-03 14:03:28,185 - INFO - succ_mask: torch.Size([10000000])
2025-08-03 14:03:28,185 - INFO - gen_losses: torch.Size([10000000])
2025-08-03 14:03:28,409 - INFO - succ_mask: torch.Size([10000000])
2025-08-03 14:03:28,409 - INFO - gen_losses: torch.Size([10000000])
2025-08-03 14:03:28,631 - INFO - succ_mask: torch.Size([10000000])
2025-08-03 14:03:28,631 - INFO - gen_losses: torch.Size([10000000])
2025-08-03 14:03:28,862 - INFO - succ_mask: torch.Size([10000000])
2025-08-03 14:03:28,862 - INFO - gen_losses: torch.Size([10000000])
2025-08-03 14:03:29,103 - INFO - succ_mask: torch.Size([10000000])
2025-08-03 14:03:29,103 - INFO - gen_losses: torch.Size([10000000])
2025-08-03 14:03:29,680 - INFO - Finished G&C, time elapsed=2.8972558975219727s
2025-08-03 14:03:29,680 - INFO - Finished seed=0
2025-08-03 14:03:29,680 - INFO - ----------------------------------------------------------------------------------------------------------------------------------------------
2025-08-03 14:03:29,680 - INFO - ----------------------------------------------------------------------------------------------------------------------------------------------
2025-08-03 14:03:29,680 - INFO - Finished student_dim=4 with G&C avg gen_loss = 0.9187458987834863, GD avg gen_loss = 0.0
2025-08-03 14:03:29,680 - INFO - ----------------------------------------------------------------------------------------------------------------------------------------------
2025-08-03 14:03:29,681 - INFO - Starting student_dim=5
2025-08-03 14:03:29,681 - INFO - Starting seed=0
2025-08-03 14:03:29,682 - INFO - A_teacher is 0.6540995836257935
2025-08-03 14:03:29,685 - INFO - Starting G&C
2025-08-03 14:03:29,944 - INFO - succ_mask: torch.Size([10000000])
2025-08-03 14:03:29,945 - INFO - gen_losses: torch.Size([10000000])
2025-08-03 14:03:30,180 - INFO - succ_mask: torch.Size([10000000])
2025-08-03 14:03:30,180 - INFO - gen_losses: torch.Size([10000000])
2025-08-03 14:03:30,408 - INFO - succ_mask: torch.Size([10000000])
2025-08-03 14:03:30,408 - INFO - gen_losses: torch.Size([10000000])
2025-08-03 14:03:30,636 - INFO - succ_mask: torch.Size([10000000])
2025-08-03 14:03:30,636 - INFO - gen_losses: torch.Size([10000000])
2025-08-03 14:03:30,885 - INFO - succ_mask: torch.Size([10000000])
2025-08-03 14:03:30,885 - INFO - gen_losses: torch.Size([10000000])
2025-08-03 14:03:31,123 - INFO - succ_mask: torch.Size([10000000])
2025-08-03 14:03:31,124 - INFO - gen_losses: torch.Size([10000000])
2025-08-03 14:03:31,354 - INFO - succ_mask: torch.Size([10000000])
2025-08-03 14:03:31,355 - INFO - gen_losses: torch.Size([10000000])
2025-08-03 14:03:31,588 - INFO - succ_mask: torch.Size([10000000])
2025-08-03 14:03:31,588 - INFO - gen_losses: torch.Size([10000000])
2025-08-03 14:03:31,823 - INFO - succ_mask: torch.Size([10000000])
2025-08-03 14:03:31,823 - INFO - gen_losses: torch.Size([10000000])
2025-08-03 14:03:32,054 - INFO - succ_mask: torch.Size([10000000])
2025-08-03 14:03:32,054 - INFO - gen_losses: torch.Size([10000000])
2025-08-03 14:03:32,642 - INFO - Finished G&C, time elapsed=2.95684814453125s
2025-08-03 14:03:32,642 - INFO - Finished seed=0
2025-08-03 14:03:32,642 - INFO - ----------------------------------------------------------------------------------------------------------------------------------------------
2025-08-03 14:03:32,642 - INFO - ----------------------------------------------------------------------------------------------------------------------------------------------
2025-08-03 14:03:32,642 - INFO - Finished student_dim=5 with G&C avg gen_loss = 0.6842947692170532, GD avg gen_loss = 0.0
2025-08-03 14:03:32,642 - INFO - ----------------------------------------------------------------------------------------------------------------------------------------------
2025-08-03 14:03:32,642 - INFO - Starting student_dim=6
2025-08-03 14:03:32,642 - INFO - Starting seed=0
2025-08-03 14:03:32,644 - INFO - A_teacher is 0.6540995836257935
2025-08-03 14:03:32,647 - INFO - Starting G&C
2025-08-03 14:03:32,933 - INFO - succ_mask: torch.Size([10000000])
2025-08-03 14:03:32,933 - INFO - gen_losses: torch.Size([10000000])
2025-08-03 14:03:33,169 - INFO - succ_mask: torch.Size([10000000])
2025-08-03 14:03:33,169 - INFO - gen_losses: torch.Size([10000000])
2025-08-03 14:03:33,403 - INFO - succ_mask: torch.Size([10000000])
2025-08-03 14:03:33,403 - INFO - gen_losses: torch.Size([10000000])
2025-08-03 14:03:33,638 - INFO - succ_mask: torch.Size([10000000])
2025-08-03 14:03:33,638 - INFO - gen_losses: torch.Size([10000000])
2025-08-03 14:03:33,875 - INFO - succ_mask: torch.Size([10000000])
2025-08-03 14:03:33,875 - INFO - gen_losses: torch.Size([10000000])
2025-08-03 14:03:34,112 - INFO - succ_mask: torch.Size([10000000])
2025-08-03 14:03:34,112 - INFO - gen_losses: torch.Size([10000000])
2025-08-03 14:03:34,355 - INFO - succ_mask: torch.Size([10000000])
2025-08-03 14:03:34,355 - INFO - gen_losses: torch.Size([10000000])
2025-08-03 14:03:34,591 - INFO - succ_mask: torch.Size([10000000])
2025-08-03 14:03:34,591 - INFO - gen_losses: torch.Size([10000000])
2025-08-03 14:03:34,835 - INFO - succ_mask: torch.Size([10000000])
2025-08-03 14:03:34,835 - INFO - gen_losses: torch.Size([10000000])
2025-08-03 14:03:35,080 - INFO - succ_mask: torch.Size([10000000])
2025-08-03 14:03:35,080 - INFO - gen_losses: torch.Size([10000000])
2025-08-03 14:03:35,344 - INFO - No GNC sensing losses
2025-08-03 14:03:35,674 - INFO - Finished G&C, time elapsed=3.0271730422973633s
2025-08-03 14:03:35,674 - INFO - Finished seed=0
2025-08-03 14:03:35,674 - INFO - ----------------------------------------------------------------------------------------------------------------------------------------------
2025-08-03 14:03:35,674 - INFO - ----------------------------------------------------------------------------------------------------------------------------------------------
2025-08-03 14:03:35,675 - INFO - Finished student_dim=6 with G&C avg gen_loss = nan, GD avg gen_loss = 0.0
2025-08-03 14:03:35,675 - INFO - ----------------------------------------------------------------------------------------------------------------------------------------------
2025-08-03 14:03:35,675 - INFO - Starting student_dim=7
2025-08-03 14:03:35,675 - INFO - Starting seed=0
2025-08-03 14:03:35,676 - INFO - A_teacher is 0.6540995836257935
2025-08-03 14:03:35,679 - INFO - Starting G&C
2025-08-03 14:03:35,973 - INFO - succ_mask: torch.Size([10000000])
2025-08-03 14:03:35,973 - INFO - gen_losses: torch.Size([10000000])
2025-08-03 14:03:36,214 - INFO - succ_mask: torch.Size([10000000])
2025-08-03 14:03:36,214 - INFO - gen_losses: torch.Size([10000000])
2025-08-03 14:03:36,457 - INFO - succ_mask: torch.Size([10000000])
2025-08-03 14:03:36,457 - INFO - gen_losses: torch.Size([10000000])
2025-08-03 14:03:36,700 - INFO - succ_mask: torch.Size([10000000])
2025-08-03 14:03:36,700 - INFO - gen_losses: torch.Size([10000000])
2025-08-03 14:03:36,958 - INFO - succ_mask: torch.Size([10000000])
2025-08-03 14:03:36,959 - INFO - gen_losses: torch.Size([10000000])
2025-08-03 14:03:37,217 - INFO - succ_mask: torch.Size([10000000])
2025-08-03 14:03:37,217 - INFO - gen_losses: torch.Size([10000000])
2025-08-03 14:03:37,473 - INFO - succ_mask: torch.Size([10000000])
2025-08-03 14:03:37,473 - INFO - gen_losses: torch.Size([10000000])
2025-08-03 14:03:37,732 - INFO - succ_mask: torch.Size([10000000])
2025-08-03 14:03:37,732 - INFO - gen_losses: torch.Size([10000000])
2025-08-03 14:03:37,987 - INFO - succ_mask: torch.Size([10000000])
2025-08-03 14:03:37,987 - INFO - gen_losses: torch.Size([10000000])
2025-08-03 14:03:38,245 - INFO - succ_mask: torch.Size([10000000])
2025-08-03 14:03:38,246 - INFO - gen_losses: torch.Size([10000000])
2025-08-03 14:03:38,506 - INFO - No GNC sensing losses
2025-08-03 14:03:38,833 - INFO - Finished G&C, time elapsed=3.154402732849121s
2025-08-03 14:03:38,834 - INFO - Finished seed=0
2025-08-03 14:03:38,834 - INFO - ----------------------------------------------------------------------------------------------------------------------------------------------
2025-08-03 14:03:38,834 - INFO - ----------------------------------------------------------------------------------------------------------------------------------------------
2025-08-03 14:03:38,834 - INFO - Finished student_dim=7 with G&C avg gen_loss = nan, GD avg gen_loss = 0.0
2025-08-03 14:03:38,834 - INFO - ----------------------------------------------------------------------------------------------------------------------------------------------
2025-08-03 14:03:38,834 - INFO - Starting student_dim=8
2025-08-03 14:03:38,834 - INFO - Starting seed=0
2025-08-03 14:03:38,835 - INFO - A_teacher is 0.6540995836257935
2025-08-03 14:03:38,838 - INFO - Starting G&C
2025-08-03 14:03:39,162 - INFO - succ_mask: torch.Size([10000000])
2025-08-03 14:03:39,162 - INFO - gen_losses: torch.Size([10000000])
2025-08-03 14:03:39,412 - INFO - succ_mask: torch.Size([10000000])
2025-08-03 14:03:39,413 - INFO - gen_losses: torch.Size([10000000])
2025-08-03 14:03:39,662 - INFO - succ_mask: torch.Size([10000000])
2025-08-03 14:03:39,662 - INFO - gen_losses: torch.Size([10000000])
2025-08-03 14:03:39,921 - INFO - succ_mask: torch.Size([10000000])
2025-08-03 14:03:39,921 - INFO - gen_losses: torch.Size([10000000])
2025-08-03 14:03:40,188 - INFO - succ_mask: torch.Size([10000000])
2025-08-03 14:03:40,188 - INFO - gen_losses: torch.Size([10000000])
2025-08-03 14:03:40,454 - INFO - succ_mask: torch.Size([10000000])
2025-08-03 14:03:40,454 - INFO - gen_losses: torch.Size([10000000])
2025-08-03 14:03:40,719 - INFO - succ_mask: torch.Size([10000000])
2025-08-03 14:03:40,719 - INFO - gen_losses: torch.Size([10000000])
2025-08-03 14:03:40,984 - INFO - succ_mask: torch.Size([10000000])
2025-08-03 14:03:40,984 - INFO - gen_losses: torch.Size([10000000])
2025-08-03 14:03:41,292 - INFO - succ_mask: torch.Size([10000000])
2025-08-03 14:03:41,292 - INFO - gen_losses: torch.Size([10000000])
2025-08-03 14:03:41,557 - INFO - succ_mask: torch.Size([10000000])
2025-08-03 14:03:41,557 - INFO - gen_losses: torch.Size([10000000])
2025-08-03 14:03:41,841 - INFO - No GNC sensing losses
2025-08-03 14:03:42,215 - INFO - Finished G&C, time elapsed=3.3762381076812744s
2025-08-03 14:03:42,215 - INFO - Finished seed=0
2025-08-03 14:03:42,215 - INFO - ----------------------------------------------------------------------------------------------------------------------------------------------
2025-08-03 14:03:42,215 - INFO - ----------------------------------------------------------------------------------------------------------------------------------------------
2025-08-03 14:03:42,216 - INFO - Finished student_dim=8 with G&C avg gen_loss = nan, GD avg gen_loss = 0.0
2025-08-03 14:03:42,216 - INFO - ----------------------------------------------------------------------------------------------------------------------------------------------
2025-08-03 14:03:42,216 - INFO - Starting student_dim=9
2025-08-03 14:03:42,216 - INFO - Starting seed=0
2025-08-03 14:03:42,216 - INFO - A_teacher is 0.6540995836257935
2025-08-03 14:03:42,220 - INFO - Starting G&C
2025-08-03 14:03:42,680 - INFO - succ_mask: torch.Size([10000000])
2025-08-03 14:03:42,680 - INFO - gen_losses: torch.Size([10000000])
2025-08-03 14:03:42,973 - INFO - succ_mask: torch.Size([10000000])
2025-08-03 14:03:42,973 - INFO - gen_losses: torch.Size([10000000])
2025-08-03 14:03:43,274 - INFO - succ_mask: torch.Size([10000000])
2025-08-03 14:03:43,274 - INFO - gen_losses: torch.Size([10000000])
2025-08-03 14:03:43,544 - INFO - succ_mask: torch.Size([10000000])
2025-08-03 14:03:43,544 - INFO - gen_losses: torch.Size([10000000])
2025-08-03 14:03:43,821 - INFO - succ_mask: torch.Size([10000000])
2025-08-03 14:03:43,821 - INFO - gen_losses: torch.Size([10000000])
2025-08-03 14:03:44,161 - INFO - succ_mask: torch.Size([10000000])
2025-08-03 14:03:44,161 - INFO - gen_losses: torch.Size([10000000])
2025-08-03 14:03:44,436 - INFO - succ_mask: torch.Size([10000000])
2025-08-03 14:03:44,436 - INFO - gen_losses: torch.Size([10000000])
2025-08-03 14:03:44,707 - INFO - succ_mask: torch.Size([10000000])
2025-08-03 14:03:44,707 - INFO - gen_losses: torch.Size([10000000])
2025-08-03 14:03:44,990 - INFO - succ_mask: torch.Size([10000000])
2025-08-03 14:03:44,990 - INFO - gen_losses: torch.Size([10000000])
2025-08-03 14:03:45,278 - INFO - succ_mask: torch.Size([10000000])
2025-08-03 14:03:45,278 - INFO - gen_losses: torch.Size([10000000])
2025-08-03 14:03:45,626 - INFO - No GNC sensing losses
2025-08-03 14:03:45,956 - INFO - Finished G&C, time elapsed=3.73571515083313s
2025-08-03 14:03:45,956 - INFO - Finished seed=0
2025-08-03 14:03:45,956 - INFO - ----------------------------------------------------------------------------------------------------------------------------------------------
2025-08-03 14:03:45,956 - INFO - ----------------------------------------------------------------------------------------------------------------------------------------------
2025-08-03 14:03:45,956 - INFO - Finished student_dim=9 with G&C avg gen_loss = nan, GD avg gen_loss = 0.0
2025-08-03 14:03:45,956 - INFO - ----------------------------------------------------------------------------------------------------------------------------------------------
2025-08-03 14:03:45,956 - INFO - Starting student_dim=10
2025-08-03 14:03:45,956 - INFO - Starting seed=0
2025-08-03 14:03:45,957 - INFO - A_teacher is 0.6540995836257935
2025-08-03 14:03:45,961 - INFO - Starting G&C
2025-08-03 14:03:46,304 - INFO - succ_mask: torch.Size([10000000])
2025-08-03 14:03:46,304 - INFO - gen_losses: torch.Size([10000000])
2025-08-03 14:03:46,614 - INFO - succ_mask: torch.Size([10000000])
2025-08-03 14:03:46,615 - INFO - gen_losses: torch.Size([10000000])
2025-08-03 14:03:46,917 - INFO - succ_mask: torch.Size([10000000])
2025-08-03 14:03:46,917 - INFO - gen_losses: torch.Size([10000000])
2025-08-03 14:03:47,197 - INFO - succ_mask: torch.Size([10000000])
2025-08-03 14:03:47,197 - INFO - gen_losses: torch.Size([10000000])
2025-08-03 14:03:47,479 - INFO - succ_mask: torch.Size([10000000])
2025-08-03 14:03:47,479 - INFO - gen_losses: torch.Size([10000000])
2025-08-03 14:03:47,764 - INFO - succ_mask: torch.Size([10000000])
2025-08-03 14:03:47,765 - INFO - gen_losses: torch.Size([10000000])
2025-08-03 14:03:48,079 - INFO - succ_mask: torch.Size([10000000])
2025-08-03 14:03:48,079 - INFO - gen_losses: torch.Size([10000000])
2025-08-03 14:03:48,408 - INFO - succ_mask: torch.Size([10000000])
2025-08-03 14:03:48,408 - INFO - gen_losses: torch.Size([10000000])
2025-08-03 14:03:48,688 - INFO - succ_mask: torch.Size([10000000])
2025-08-03 14:03:48,688 - INFO - gen_losses: torch.Size([10000000])
2025-08-03 14:03:48,976 - INFO - succ_mask: torch.Size([10000000])
2025-08-03 14:03:48,977 - INFO - gen_losses: torch.Size([10000000])
2025-08-03 14:03:49,442 - INFO - No GNC sensing losses
2025-08-03 14:03:49,754 - INFO - Finished G&C, time elapsed=3.7933850288391113s
2025-08-03 14:03:49,754 - INFO - Finished seed=0
2025-08-03 14:03:49,755 - INFO - ----------------------------------------------------------------------------------------------------------------------------------------------
2025-08-03 14:03:49,755 - INFO - ----------------------------------------------------------------------------------------------------------------------------------------------
2025-08-03 14:03:49,755 - INFO - Finished student_dim=10 with G&C avg gen_loss = nan, GD avg gen_loss = 0.0
2025-08-03 14:03:49,755 - INFO - ----------------------------------------------------------------------------------------------------------------------------------------------
2025-08-03 14:03:49,755 - INFO - Starting student_dim=11
2025-08-03 14:03:49,755 - INFO - Starting seed=0
2025-08-03 14:03:49,756 - INFO - A_teacher is 0.6540995836257935
2025-08-03 14:03:49,760 - INFO - Starting G&C
2025-08-03 14:03:50,220 - INFO - succ_mask: torch.Size([10000000])
2025-08-03 14:03:50,220 - INFO - gen_losses: torch.Size([10000000])
2025-08-03 14:03:50,505 - INFO - succ_mask: torch.Size([10000000])
2025-08-03 14:03:50,505 - INFO - gen_losses: torch.Size([10000000])
2025-08-03 14:03:50,832 - INFO - succ_mask: torch.Size([10000000])
2025-08-03 14:03:50,833 - INFO - gen_losses: torch.Size([10000000])
2025-08-03 14:03:51,141 - INFO - succ_mask: torch.Size([10000000])
2025-08-03 14:03:51,141 - INFO - gen_losses: torch.Size([10000000])
2025-08-03 14:03:51,427 - INFO - succ_mask: torch.Size([10000000])
2025-08-03 14:03:51,427 - INFO - gen_losses: torch.Size([10000000])
2025-08-03 14:03:51,711 - INFO - succ_mask: torch.Size([10000000])
2025-08-03 14:03:51,711 - INFO - gen_losses: torch.Size([10000000])
2025-08-03 14:03:52,025 - INFO - succ_mask: torch.Size([10000000])
2025-08-03 14:03:52,025 - INFO - gen_losses: torch.Size([10000000])
2025-08-03 14:03:52,325 - INFO - succ_mask: torch.Size([10000000])
2025-08-03 14:03:52,325 - INFO - gen_losses: torch.Size([10000000])
2025-08-03 14:03:52,607 - INFO - succ_mask: torch.Size([10000000])
2025-08-03 14:03:52,607 - INFO - gen_losses: torch.Size([10000000])
2025-08-03 14:03:52,892 - INFO - succ_mask: torch.Size([10000000])
2025-08-03 14:03:52,892 - INFO - gen_losses: torch.Size([10000000])
2025-08-03 14:03:53,346 - INFO - No GNC sensing losses
2025-08-03 14:03:53,737 - INFO - Finished G&C, time elapsed=3.9768331050872803s
2025-08-03 14:03:53,737 - INFO - Finished seed=0
2025-08-03 14:03:53,738 - INFO - ----------------------------------------------------------------------------------------------------------------------------------------------
2025-08-03 14:03:53,738 - INFO - ----------------------------------------------------------------------------------------------------------------------------------------------
2025-08-03 14:03:53,738 - INFO - Finished student_dim=11 with G&C avg gen_loss = nan, GD avg gen_loss = 0.0
2025-08-03 14:03:53,738 - INFO - ----------------------------------------------------------------------------------------------------------------------------------------------
2025-08-03 14:03:53,738 - INFO - Starting student_dim=12
2025-08-03 14:03:53,738 - INFO - Starting seed=0
2025-08-03 14:03:53,740 - INFO - A_teacher is 0.6540995836257935
2025-08-03 14:03:53,745 - INFO - Starting G&C
2025-08-03 14:03:54,209 - INFO - succ_mask: torch.Size([10000000])
2025-08-03 14:03:54,209 - INFO - gen_losses: torch.Size([10000000])
2025-08-03 14:03:54,506 - INFO - succ_mask: torch.Size([10000000])
2025-08-03 14:03:54,506 - INFO - gen_losses: torch.Size([10000000])
2025-08-03 14:03:54,820 - INFO - succ_mask: torch.Size([10000000])
2025-08-03 14:03:54,820 - INFO - gen_losses: torch.Size([10000000])
2025-08-03 14:03:55,112 - INFO - succ_mask: torch.Size([10000000])
2025-08-03 14:03:55,112 - INFO - gen_losses: torch.Size([10000000])
2025-08-03 14:03:55,413 - INFO - succ_mask: torch.Size([10000000])
2025-08-03 14:03:55,413 - INFO - gen_losses: torch.Size([10000000])
2025-08-03 14:03:55,707 - INFO - succ_mask: torch.Size([10000000])
2025-08-03 14:03:55,707 - INFO - gen_losses: torch.Size([10000000])
2025-08-03 14:03:55,996 - INFO - succ_mask: torch.Size([10000000])
2025-08-03 14:03:55,996 - INFO - gen_losses: torch.Size([10000000])
2025-08-03 14:03:56,304 - INFO - succ_mask: torch.Size([10000000])
2025-08-03 14:03:56,304 - INFO - gen_losses: torch.Size([10000000])
2025-08-03 14:03:56,600 - INFO - succ_mask: torch.Size([10000000])
2025-08-03 14:03:56,600 - INFO - gen_losses: torch.Size([10000000])
2025-08-03 14:03:56,911 - INFO - succ_mask: torch.Size([10000000])
2025-08-03 14:03:56,911 - INFO - gen_losses: torch.Size([10000000])
2025-08-03 14:03:57,377 - INFO - No GNC sensing losses
2025-08-03 14:03:57,784 - INFO - Finished G&C, time elapsed=4.039211988449097s
2025-08-03 14:03:57,784 - INFO - Finished seed=0
2025-08-03 14:03:57,785 - INFO - ----------------------------------------------------------------------------------------------------------------------------------------------
2025-08-03 14:03:57,785 - INFO - ----------------------------------------------------------------------------------------------------------------------------------------------
2025-08-03 14:03:57,785 - INFO - Finished student_dim=12 with G&C avg gen_loss = nan, GD avg gen_loss = 0.0
2025-08-03 14:03:57,785 - INFO - ----------------------------------------------------------------------------------------------------------------------------------------------
2025-08-03 14:03:57,785 - INFO - Starting student_dim=13
2025-08-03 14:03:57,785 - INFO - Starting seed=0
2025-08-03 14:03:57,787 - INFO - A_teacher is 0.6540995836257935
2025-08-03 14:03:57,792 - INFO - Starting G&C
2025-08-03 14:03:58,348 - INFO - succ_mask: torch.Size([10000000])
2025-08-03 14:03:58,348 - INFO - gen_losses: torch.Size([10000000])
2025-08-03 14:03:58,619 - INFO - succ_mask: torch.Size([10000000])
2025-08-03 14:03:58,619 - INFO - gen_losses: torch.Size([10000000])
2025-08-03 14:03:58,922 - INFO - succ_mask: torch.Size([10000000])
2025-08-03 14:03:58,922 - INFO - gen_losses: torch.Size([10000000])
2025-08-03 14:03:59,218 - INFO - succ_mask: torch.Size([10000000])
2025-08-03 14:03:59,218 - INFO - gen_losses: torch.Size([10000000])
2025-08-03 14:03:59,518 - INFO - succ_mask: torch.Size([10000000])
2025-08-03 14:03:59,518 - INFO - gen_losses: torch.Size([10000000])
2025-08-03 14:03:59,847 - INFO - succ_mask: torch.Size([10000000])
2025-08-03 14:03:59,847 - INFO - gen_losses: torch.Size([10000000])
2025-08-03 14:04:00,132 - INFO - succ_mask: torch.Size([10000000])
2025-08-03 14:04:00,132 - INFO - gen_losses: torch.Size([10000000])
2025-08-03 14:04:00,528 - INFO - succ_mask: torch.Size([10000000])
2025-08-03 14:04:00,529 - INFO - gen_losses: torch.Size([10000000])
2025-08-03 14:04:00,845 - INFO - succ_mask: torch.Size([10000000])
2025-08-03 14:04:00,845 - INFO - gen_losses: torch.Size([10000000])
2025-08-03 14:04:01,138 - INFO - succ_mask: torch.Size([10000000])
2025-08-03 14:04:01,138 - INFO - gen_losses: torch.Size([10000000])
2025-08-03 14:04:01,732 - INFO - No GNC sensing losses
2025-08-03 14:04:02,153 - INFO - Finished G&C, time elapsed=4.360047101974487s
2025-08-03 14:04:02,153 - INFO - Finished seed=0
2025-08-03 14:04:02,153 - INFO - ----------------------------------------------------------------------------------------------------------------------------------------------
2025-08-03 14:04:02,153 - INFO - ----------------------------------------------------------------------------------------------------------------------------------------------
2025-08-03 14:04:02,154 - INFO - Finished student_dim=13 with G&C avg gen_loss = nan, GD avg gen_loss = 0.0
2025-08-03 14:04:02,154 - INFO - ----------------------------------------------------------------------------------------------------------------------------------------------
2025-08-03 14:04:02,154 - INFO - Starting student_dim=14
2025-08-03 14:04:02,154 - INFO - Starting seed=0
2025-08-03 14:04:02,183 - INFO - A_teacher is 0.6540995836257935
2025-08-03 14:04:02,190 - INFO - Starting G&C
2025-08-03 14:04:03,625 - INFO - succ_mask: torch.Size([10000000])
2025-08-03 14:04:03,625 - INFO - gen_losses: torch.Size([10000000])
2025-08-03 14:04:03,897 - INFO - succ_mask: torch.Size([10000000])
2025-08-03 14:04:03,897 - INFO - gen_losses: torch.Size([10000000])
2025-08-03 14:04:04,199 - INFO - succ_mask: torch.Size([10000000])
2025-08-03 14:04:04,199 - INFO - gen_losses: torch.Size([10000000])
2025-08-03 14:04:04,549 - INFO - succ_mask: torch.Size([10000000])
2025-08-03 14:04:04,549 - INFO - gen_losses: torch.Size([10000000])
2025-08-03 14:04:04,861 - INFO - succ_mask: torch.Size([10000000])
2025-08-03 14:04:04,861 - INFO - gen_losses: torch.Size([10000000])
2025-08-03 14:04:05,169 - INFO - succ_mask: torch.Size([10000000])
2025-08-03 14:04:05,169 - INFO - gen_losses: torch.Size([10000000])
2025-08-03 14:04:05,472 - INFO - succ_mask: torch.Size([10000000])
2025-08-03 14:04:05,473 - INFO - gen_losses: torch.Size([10000000])
2025-08-03 14:04:05,801 - INFO - succ_mask: torch.Size([10000000])
2025-08-03 14:04:05,801 - INFO - gen_losses: torch.Size([10000000])
2025-08-03 14:04:06,105 - INFO - succ_mask: torch.Size([10000000])
2025-08-03 14:04:06,106 - INFO - gen_losses: torch.Size([10000000])
2025-08-03 14:04:06,417 - INFO - succ_mask: torch.Size([10000000])
2025-08-03 14:04:06,418 - INFO - gen_losses: torch.Size([10000000])
2025-08-03 14:04:07,641 - INFO - No GNC sensing losses
2025-08-03 14:04:08,101 - INFO - Finished G&C, time elapsed=5.910583972930908s
2025-08-03 14:04:08,101 - INFO - Finished seed=0
2025-08-03 14:04:08,102 - INFO - ----------------------------------------------------------------------------------------------------------------------------------------------
2025-08-03 14:04:08,102 - INFO - ----------------------------------------------------------------------------------------------------------------------------------------------
2025-08-03 14:04:08,102 - INFO - Finished student_dim=14 with G&C avg gen_loss = nan, GD avg gen_loss = 0.0
2025-08-03 14:04:08,102 - INFO - ----------------------------------------------------------------------------------------------------------------------------------------------
2025-08-03 14:04:08,102 - INFO - Starting student_dim=15
2025-08-03 14:04:08,102 - INFO - Starting seed=0
2025-08-03 14:04:08,106 - INFO - A_teacher is 0.6540995836257935
2025-08-03 14:04:08,112 - INFO - Starting G&C
2025-08-03 14:04:08,596 - INFO - succ_mask: torch.Size([10000000])
2025-08-03 14:04:08,596 - INFO - gen_losses: torch.Size([10000000])
2025-08-03 14:04:08,892 - INFO - succ_mask: torch.Size([10000000])
2025-08-03 14:04:08,892 - INFO - gen_losses: torch.Size([10000000])
2025-08-03 14:04:09,178 - INFO - succ_mask: torch.Size([10000000])
2025-08-03 14:04:09,178 - INFO - gen_losses: torch.Size([10000000])
2025-08-03 14:04:09,468 - INFO - succ_mask: torch.Size([10000000])
2025-08-03 14:04:09,468 - INFO - gen_losses: torch.Size([10000000])
2025-08-03 14:04:09,776 - INFO - succ_mask: torch.Size([10000000])
2025-08-03 14:04:09,776 - INFO - gen_losses: torch.Size([10000000])
2025-08-03 14:04:10,184 - INFO - succ_mask: torch.Size([10000000])
2025-08-03 14:04:10,184 - INFO - gen_losses: torch.Size([10000000])
2025-08-03 14:04:10,493 - INFO - succ_mask: torch.Size([10000000])
2025-08-03 14:04:10,493 - INFO - gen_losses: torch.Size([10000000])
2025-08-03 14:04:10,817 - INFO - succ_mask: torch.Size([10000000])
2025-08-03 14:04:10,817 - INFO - gen_losses: torch.Size([10000000])
2025-08-03 14:04:11,131 - INFO - succ_mask: torch.Size([10000000])
2025-08-03 14:04:11,131 - INFO - gen_losses: torch.Size([10000000])
2025-08-03 14:04:11,461 - INFO - succ_mask: torch.Size([10000000])
2025-08-03 14:04:11,461 - INFO - gen_losses: torch.Size([10000000])
2025-08-03 14:04:12,175 - INFO - No GNC sensing losses
2025-08-03 14:04:12,567 - INFO - Finished G&C, time elapsed=4.454790830612183s
2025-08-03 14:04:12,567 - INFO - Finished seed=0
2025-08-03 14:04:12,568 - INFO - ----------------------------------------------------------------------------------------------------------------------------------------------
2025-08-03 14:04:12,568 - INFO - ----------------------------------------------------------------------------------------------------------------------------------------------
2025-08-03 14:04:12,568 - INFO - Finished student_dim=15 with G&C avg gen_loss = nan, GD avg gen_loss = 0.0
2025-08-03 14:04:12,568 - INFO - ----------------------------------------------------------------------------------------------------------------------------------------------
2025-08-03 14:04:13,012 - INFO - Finished experiments, results saved to results, figures saved to figures
