2025-08-06 12:43:58,918 - INFO - Using device cuda:0.
2025-08-06 12:43:58,918 - INFO - Args: Namespace(num_seeds=1, num_measurements=1, input_e1=False, sequence_length=5, teacher_ranks=[1], student_dims=[15, 16, 17, 18, 19, 20, 21, 22, 23, 24, 25, 26, 27, 28, 29, 30, 31, 32, 33, 34, 35, 36, 37, 38, 39], calc_loss_only_on_last_output=True, eps_train=1e-12, gnc=True, gnc_num_samples=100000000, gnc_batch_size=1000000, gd=False, gd_lr=0.001, gd_epochs=1000000, gd_init_scale=0.01, gd_optimizer='adam', config=None, results_dir=PosixPath('results'), figures_dir=PosixPath('figures'), log_dir=PosixPath('logs'))
2025-08-06 12:43:58,923 - INFO - Starting teacher_rank=1
2025-08-06 12:43:58,923 - INFO - Starting student_dim=15
2025-08-06 12:43:58,924 - INFO - Starting seed=0
2025-08-06 12:43:59,188 - INFO - A_teacher is 0.6540995836257935
2025-08-06 12:43:59,193 - INFO - dataset is tensor([[[-0.2934],
         [-2.1788],
         [ 0.5684],
         [-1.0845],
         [-1.3986]]])
2025-08-06 12:43:59,290 - INFO - Starting G&C
2025-08-06 12:44:09,445 - INFO - Finished G&C, time elapsed=10.154881715774536s
2025-08-06 12:44:09,446 - INFO - Finished seed=0
2025-08-06 12:44:09,446 - INFO - ----------------------------------------------------------------------------------------------------------------------------------------------
2025-08-06 12:44:09,447 - INFO - ----------------------------------------------------------------------------------------------------------------------------------------------
2025-08-06 12:44:09,447 - INFO - Finished student_dim=15
2025-08-06 12:44:09,447 - INFO - G&C avg gen_loss = 0.6028558465838433
2025-08-06 12:44:09,448 - INFO - G&C avg theoretical_loss = 0.6105459928512573
2025-08-06 12:44:09,448 - INFO - ----------------------------------------------------------------------------------------------------------------------------------------------
2025-08-06 12:44:09,448 - INFO - Starting student_dim=16
2025-08-06 12:44:09,449 - INFO - Starting seed=0
2025-08-06 12:44:09,451 - INFO - A_teacher is 0.6540995836257935
2025-08-06 12:44:09,452 - INFO - dataset is tensor([[[-0.2934],
         [-2.1788],
         [ 0.5684],
         [-1.0845],
         [-1.3986]]])
2025-08-06 12:44:09,454 - INFO - Starting G&C
2025-08-06 12:44:19,269 - INFO - Finished G&C, time elapsed=9.814865589141846s
2025-08-06 12:44:19,271 - INFO - Finished seed=0
2025-08-06 12:44:19,271 - INFO - ----------------------------------------------------------------------------------------------------------------------------------------------
2025-08-06 12:44:19,273 - INFO - ----------------------------------------------------------------------------------------------------------------------------------------------
2025-08-06 12:44:19,273 - INFO - Finished student_dim=16
2025-08-06 12:44:19,273 - INFO - G&C avg gen_loss = 0.5385183586793787
2025-08-06 12:44:19,275 - INFO - G&C avg theoretical_loss = -3.4474215507507324
2025-08-06 12:44:19,275 - INFO - ----------------------------------------------------------------------------------------------------------------------------------------------
2025-08-06 12:44:19,276 - INFO - Starting student_dim=17
2025-08-06 12:44:19,278 - INFO - Starting seed=0
2025-08-06 12:44:19,280 - INFO - A_teacher is 0.6540995836257935
2025-08-06 12:44:19,283 - INFO - dataset is tensor([[[-0.2934],
         [-2.1788],
         [ 0.5684],
         [-1.0845],
         [-1.3986]]])
2025-08-06 12:44:19,287 - INFO - Starting G&C
2025-08-06 12:44:29,107 - INFO - Finished G&C, time elapsed=9.819820165634155s
2025-08-06 12:44:29,108 - INFO - Finished seed=0
2025-08-06 12:44:29,108 - INFO - ----------------------------------------------------------------------------------------------------------------------------------------------
2025-08-06 12:44:29,109 - INFO - ----------------------------------------------------------------------------------------------------------------------------------------------
2025-08-06 12:44:29,109 - INFO - Finished student_dim=17
2025-08-06 12:44:29,109 - INFO - G&C avg gen_loss = 0.7509583491418097
2025-08-06 12:44:29,109 - INFO - G&C avg theoretical_loss = 0.6251907348632812
2025-08-06 12:44:29,110 - INFO - ----------------------------------------------------------------------------------------------------------------------------------------------
2025-08-06 12:44:29,110 - INFO - Starting student_dim=18
2025-08-06 12:44:29,111 - INFO - Starting seed=0
2025-08-06 12:44:29,112 - INFO - A_teacher is 0.6540995836257935
2025-08-06 12:44:29,114 - INFO - dataset is tensor([[[-0.2934],
         [-2.1788],
         [ 0.5684],
         [-1.0845],
         [-1.3986]]])
2025-08-06 12:44:29,116 - INFO - Starting G&C
2025-08-06 12:44:38,981 - INFO - Finished G&C, time elapsed=9.864684581756592s
2025-08-06 12:44:38,981 - INFO - Finished seed=0
2025-08-06 12:44:38,982 - INFO - ----------------------------------------------------------------------------------------------------------------------------------------------
2025-08-06 12:44:38,982 - INFO - ----------------------------------------------------------------------------------------------------------------------------------------------
2025-08-06 12:44:38,982 - INFO - Finished student_dim=18
2025-08-06 12:44:38,982 - INFO - G&C avg gen_loss = 0.8546817573634061
2025-08-06 12:44:38,983 - INFO - G&C avg theoretical_loss = -2.815622329711914
2025-08-06 12:44:38,983 - INFO - ----------------------------------------------------------------------------------------------------------------------------------------------
2025-08-06 12:44:38,983 - INFO - Starting student_dim=19
2025-08-06 12:44:38,984 - INFO - Starting seed=0
2025-08-06 12:44:38,985 - INFO - A_teacher is 0.6540995836257935
2025-08-06 12:44:38,987 - INFO - dataset is tensor([[[-0.2934],
         [-2.1788],
         [ 0.5684],
         [-1.0845],
         [-1.3986]]])
2025-08-06 12:44:38,988 - INFO - Starting G&C
2025-08-06 12:44:49,068 - INFO - Finished G&C, time elapsed=10.079519748687744s
2025-08-06 12:44:49,068 - INFO - Finished seed=0
2025-08-06 12:44:49,068 - INFO - ----------------------------------------------------------------------------------------------------------------------------------------------
2025-08-06 12:44:49,069 - INFO - ----------------------------------------------------------------------------------------------------------------------------------------------
2025-08-06 12:44:49,069 - INFO - Finished student_dim=19
2025-08-06 12:44:49,069 - INFO - G&C avg gen_loss = 0.7669016998715517
2025-08-06 12:44:49,069 - INFO - G&C avg theoretical_loss = 0.64454585313797
2025-08-06 12:44:49,070 - INFO - ----------------------------------------------------------------------------------------------------------------------------------------------
2025-08-06 12:44:49,070 - INFO - Starting student_dim=20
2025-08-06 12:44:49,071 - INFO - Starting seed=0
2025-08-06 12:44:49,072 - INFO - A_teacher is 0.6540995836257935
2025-08-06 12:44:49,073 - INFO - dataset is tensor([[[-0.2934],
         [-2.1788],
         [ 0.5684],
         [-1.0845],
         [-1.3986]]])
2025-08-06 12:44:49,074 - INFO - Starting G&C
2025-08-06 12:44:59,068 - INFO - Finished G&C, time elapsed=9.992719888687134s
2025-08-06 12:44:59,068 - INFO - Finished seed=0
2025-08-06 12:44:59,069 - INFO - ----------------------------------------------------------------------------------------------------------------------------------------------
2025-08-06 12:44:59,069 - INFO - ----------------------------------------------------------------------------------------------------------------------------------------------
2025-08-06 12:44:59,069 - INFO - Finished student_dim=20
2025-08-06 12:44:59,069 - INFO - G&C avg gen_loss = 0.7067649251884884
2025-08-06 12:44:59,069 - INFO - G&C avg theoretical_loss = 0.7715775966644287
2025-08-06 12:44:59,070 - INFO - ----------------------------------------------------------------------------------------------------------------------------------------------
2025-08-06 12:44:59,070 - INFO - Starting student_dim=21
2025-08-06 12:44:59,071 - INFO - Starting seed=0
2025-08-06 12:44:59,074 - INFO - A_teacher is 0.6540995836257935
2025-08-06 12:44:59,075 - INFO - dataset is tensor([[[-0.2934],
         [-2.1788],
         [ 0.5684],
         [-1.0845],
         [-1.3986]]])
2025-08-06 12:44:59,076 - INFO - Starting G&C
2025-08-06 12:45:09,297 - INFO - Finished G&C, time elapsed=10.220725059509277s
2025-08-06 12:45:09,297 - INFO - Finished seed=0
2025-08-06 12:45:09,297 - INFO - ----------------------------------------------------------------------------------------------------------------------------------------------
2025-08-06 12:45:09,299 - INFO - ----------------------------------------------------------------------------------------------------------------------------------------------
2025-08-06 12:45:09,299 - INFO - Finished student_dim=21
2025-08-06 12:45:09,299 - INFO - G&C avg gen_loss = 0.6918496986230215
2025-08-06 12:45:09,301 - INFO - G&C avg theoretical_loss = 0.6659884452819824
2025-08-06 12:45:09,301 - INFO - ----------------------------------------------------------------------------------------------------------------------------------------------
2025-08-06 12:45:09,302 - INFO - Starting student_dim=22
2025-08-06 12:45:09,304 - INFO - Starting seed=0
2025-08-06 12:45:09,306 - INFO - A_teacher is 0.6540995836257935
2025-08-06 12:45:09,308 - INFO - dataset is tensor([[[-0.2934],
         [-2.1788],
         [ 0.5684],
         [-1.0845],
         [-1.3986]]])
2025-08-06 12:45:09,311 - INFO - Starting G&C
2025-08-06 12:45:19,586 - INFO - Finished G&C, time elapsed=10.273381233215332s
2025-08-06 12:45:19,586 - INFO - Finished seed=0
2025-08-06 12:45:19,586 - INFO - ----------------------------------------------------------------------------------------------------------------------------------------------
2025-08-06 12:45:19,587 - INFO - ----------------------------------------------------------------------------------------------------------------------------------------------
2025-08-06 12:45:19,587 - INFO - Finished student_dim=22
2025-08-06 12:45:19,588 - INFO - G&C avg gen_loss = 0.6405785771256144
2025-08-06 12:45:19,589 - INFO - G&C avg theoretical_loss = 0.8036630153656006
2025-08-06 12:45:19,589 - INFO - ----------------------------------------------------------------------------------------------------------------------------------------------
2025-08-06 12:45:19,591 - INFO - Starting student_dim=23
2025-08-06 12:45:19,593 - INFO - Starting seed=0
2025-08-06 12:45:19,595 - INFO - A_teacher is 0.6540995836257935
2025-08-06 12:45:19,596 - INFO - dataset is tensor([[[-0.2934],
         [-2.1788],
         [ 0.5684],
         [-1.0845],
         [-1.3986]]])
2025-08-06 12:45:19,598 - INFO - Starting G&C
2025-08-06 12:45:30,149 - INFO - Finished G&C, time elapsed=10.550251722335815s
2025-08-06 12:45:30,149 - INFO - Finished seed=0
2025-08-06 12:45:30,149 - INFO - ----------------------------------------------------------------------------------------------------------------------------------------------
2025-08-06 12:45:30,150 - INFO - ----------------------------------------------------------------------------------------------------------------------------------------------
2025-08-06 12:45:30,150 - INFO - Finished student_dim=23
2025-08-06 12:45:30,151 - INFO - G&C avg gen_loss = 0.855868881711593
2025-08-06 12:45:30,151 - INFO - G&C avg theoretical_loss = 0.6880525350570679
2025-08-06 12:45:30,151 - INFO - ----------------------------------------------------------------------------------------------------------------------------------------------
2025-08-06 12:45:30,152 - INFO - Starting student_dim=24
2025-08-06 12:45:30,152 - INFO - Starting seed=0
2025-08-06 12:45:30,153 - INFO - A_teacher is 0.6540995836257935
2025-08-06 12:45:30,154 - INFO - dataset is tensor([[[-0.2934],
         [-2.1788],
         [ 0.5684],
         [-1.0845],
         [-1.3986]]])
2025-08-06 12:45:30,155 - INFO - Starting G&C
