2025-08-06 12:22:47,901 - INFO - Using device cuda:0.
2025-08-06 12:22:47,901 - INFO - Args: Namespace(num_seeds=8, num_measurements=1, input_e1=False, sequence_length=5, teacher_ranks=[1], student_dims=[10, 11, 12, 13, 14, 15, 16, 17, 18, 19, 20, 21, 22, 23, 24, 25, 26, 27, 28, 29, 30, 31, 32, 33, 34], calc_loss_only_on_last_output=True, eps_train=1e-12, gnc=True, gnc_num_samples=100000000, gnc_batch_size=10000000, gd=False, gd_lr=0.001, gd_epochs=1000000, gd_init_scale=0.01, gd_optimizer='adam', config=None, results_dir=PosixPath('results'), figures_dir=PosixPath('figures'), log_dir=PosixPath('logs'))
2025-08-06 12:22:47,909 - INFO - Starting teacher_rank=1
2025-08-06 12:22:47,910 - INFO - Starting student_dim=10
2025-08-06 12:22:47,911 - INFO - Starting seed=0
2025-08-06 12:22:48,162 - INFO - A_teacher is 0.6540995836257935
2025-08-06 12:22:48,166 - INFO - dataset is tensor([[[-0.2934],
         [-2.1788],
         [ 0.5684],
         [-1.0845],
         [-1.3986]]])
2025-08-06 12:22:48,255 - INFO - Starting G&C
2025-08-06 12:22:59,073 - INFO - Finished G&C, time elapsed=10.817540884017944s
2025-08-06 12:22:59,073 - INFO - Finished seed=0
2025-08-06 12:22:59,074 - INFO - Starting seed=1
2025-08-06 12:22:59,077 - INFO - A_teacher is 0.5661352276802063
2025-08-06 12:22:59,079 - INFO - dataset is tensor([[[ 0.2669],
         [ 0.0617],
         [ 0.6213],
         [-0.4519],
         [-0.1661]]])
2025-08-06 12:22:59,081 - INFO - Starting G&C
2025-08-06 12:23:09,297 - INFO - Finished G&C, time elapsed=10.215431690216064s
2025-08-06 12:23:09,298 - INFO - Finished seed=1
2025-08-06 12:23:09,298 - INFO - Starting seed=2
2025-08-06 12:23:09,299 - INFO - A_teacher is 0.539229691028595
2025-08-06 12:23:09,300 - INFO - dataset is tensor([[[-0.2236],
         [-0.3195],
         [-1.2050],
         [ 1.0445],
         [-0.6332]]])
2025-08-06 12:23:09,301 - INFO - Starting G&C
2025-08-06 12:23:19,445 - INFO - Finished G&C, time elapsed=10.143959999084473s
2025-08-06 12:23:19,446 - INFO - Finished seed=2
2025-08-06 12:23:19,446 - INFO - Starting seed=3
2025-08-06 12:23:19,449 - INFO - A_teacher is 0.5803276300430298
2025-08-06 12:23:19,451 - INFO - dataset is tensor([[[ 0.1748],
         [ 0.0890],
         [-0.6137],
         [ 0.0462],
         [-1.3683]]])
2025-08-06 12:23:19,452 - INFO - Starting G&C
2025-08-06 12:23:29,590 - INFO - Finished G&C, time elapsed=10.137980937957764s
2025-08-06 12:23:29,590 - INFO - Finished seed=3
2025-08-06 12:23:29,591 - INFO - Starting seed=4
2025-08-06 12:23:29,592 - INFO - A_teacher is 0.33947238326072693
2025-08-06 12:23:29,593 - INFO - dataset is tensor([[[ 0.2325],
         [ 2.2399],
         [ 0.8473],
         [ 1.2006],
         [-0.4016]]])
2025-08-06 12:23:29,594 - INFO - Starting G&C
2025-08-06 12:23:39,585 - INFO - Finished G&C, time elapsed=9.990936040878296s
2025-08-06 12:23:39,586 - INFO - Finished seed=4
2025-08-06 12:23:39,586 - INFO - Starting seed=5
2025-08-06 12:23:39,589 - INFO - A_teacher is 0.45132192969322205
2025-08-06 12:23:39,590 - INFO - dataset is tensor([[[-0.6038],
         [-0.5581],
         [ 0.6675],
         [-0.1974],
         [ 1.9428]]])
2025-08-06 12:23:39,592 - INFO - Starting G&C
2025-08-06 12:23:49,507 - INFO - Finished G&C, time elapsed=9.915387153625488s
2025-08-06 12:23:49,507 - INFO - Finished seed=5
2025-08-06 12:23:49,508 - INFO - Starting seed=6
2025-08-06 12:23:49,511 - INFO - A_teacher is 0.31256014108657837
2025-08-06 12:23:49,512 - INFO - dataset is tensor([[[-0.9937],
         [ 0.7185],
         [-0.6985],
         [-1.4716],
         [ 0.1777]]])
2025-08-06 12:23:49,513 - INFO - Starting G&C
2025-08-06 12:23:59,462 - INFO - Finished G&C, time elapsed=9.949115991592407s
2025-08-06 12:23:59,462 - INFO - Finished seed=6
2025-08-06 12:23:59,463 - INFO - Starting seed=7
2025-08-06 12:23:59,464 - INFO - A_teacher is 0.48532047867774963
2025-08-06 12:23:59,465 - INFO - dataset is tensor([[[ 0.7861],
         [ 0.9468],
         [-1.1143],
         [ 1.6908],
         [-0.8948]]])
2025-08-06 12:23:59,467 - INFO - Starting G&C
2025-08-06 12:24:09,320 - INFO - Finished G&C, time elapsed=9.853383302688599s
2025-08-06 12:24:09,320 - INFO - Finished seed=7
2025-08-06 12:24:09,321 - INFO - ----------------------------------------------------------------------------------------------------------------------------------------------
2025-08-06 12:24:09,321 - INFO - ----------------------------------------------------------------------------------------------------------------------------------------------
2025-08-06 12:24:09,321 - INFO - Finished student_dim=10
2025-08-06 12:24:09,322 - INFO - G&C avg gen_loss = 1.027781275847022
2025-08-06 12:24:09,322 - INFO - G&C avg theoretical_loss = 0.4442974179983139
2025-08-06 12:24:09,322 - INFO - ----------------------------------------------------------------------------------------------------------------------------------------------
2025-08-06 12:24:09,323 - INFO - Starting student_dim=11
2025-08-06 12:24:09,324 - INFO - Starting seed=0
2025-08-06 12:24:09,324 - INFO - A_teacher is 0.6540995836257935
2025-08-06 12:24:09,325 - INFO - dataset is tensor([[[-0.2934],
         [-2.1788],
         [ 0.5684],
         [-1.0845],
         [-1.3986]]])
2025-08-06 12:24:09,326 - INFO - Starting G&C
2025-08-06 12:24:19,154 - INFO - Finished G&C, time elapsed=9.827212810516357s
2025-08-06 12:24:19,154 - INFO - Finished seed=0
2025-08-06 12:24:19,154 - INFO - Starting seed=1
2025-08-06 12:24:19,155 - INFO - A_teacher is 0.5661352276802063
2025-08-06 12:24:19,156 - INFO - dataset is tensor([[[ 0.2669],
         [ 0.0617],
         [ 0.6213],
         [-0.4519],
         [-0.1661]]])
2025-08-06 12:24:19,157 - INFO - Starting G&C
2025-08-06 12:24:29,063 - INFO - Finished G&C, time elapsed=9.905294418334961s
2025-08-06 12:24:29,063 - INFO - Finished seed=1
2025-08-06 12:24:29,063 - INFO - Starting seed=2
2025-08-06 12:24:29,072 - INFO - A_teacher is 0.539229691028595
2025-08-06 12:24:29,073 - INFO - dataset is tensor([[[-0.2236],
         [-0.3195],
         [-1.2050],
         [ 1.0445],
         [-0.6332]]])
2025-08-06 12:24:29,074 - INFO - Starting G&C
2025-08-06 12:24:38,892 - INFO - Finished G&C, time elapsed=9.81775188446045s
2025-08-06 12:24:38,892 - INFO - Finished seed=2
2025-08-06 12:24:38,892 - INFO - Starting seed=3
2025-08-06 12:24:38,894 - INFO - A_teacher is 0.5803276300430298
2025-08-06 12:24:38,895 - INFO - dataset is tensor([[[ 0.1748],
         [ 0.0890],
         [-0.6137],
         [ 0.0462],
         [-1.3683]]])
2025-08-06 12:24:38,896 - INFO - Starting G&C
2025-08-06 12:24:48,697 - INFO - Finished G&C, time elapsed=9.80086898803711s
2025-08-06 12:24:48,697 - INFO - Finished seed=3
2025-08-06 12:24:48,697 - INFO - Starting seed=4
2025-08-06 12:24:48,699 - INFO - A_teacher is 0.33947238326072693
2025-08-06 12:24:48,699 - INFO - dataset is tensor([[[ 0.2325],
         [ 2.2399],
         [ 0.8473],
         [ 1.2006],
         [-0.4016]]])
2025-08-06 12:24:48,700 - INFO - Starting G&C
2025-08-06 12:24:58,515 - INFO - Finished G&C, time elapsed=9.814437866210938s
2025-08-06 12:24:58,515 - INFO - Finished seed=4
2025-08-06 12:24:58,516 - INFO - Starting seed=5
2025-08-06 12:24:58,524 - INFO - A_teacher is 0.45132192969322205
2025-08-06 12:24:58,525 - INFO - dataset is tensor([[[-0.6038],
         [-0.5581],
         [ 0.6675],
         [-0.1974],
         [ 1.9428]]])
2025-08-06 12:24:58,526 - INFO - Starting G&C
2025-08-06 12:25:08,331 - INFO - Finished G&C, time elapsed=9.804922342300415s
2025-08-06 12:25:08,332 - INFO - Finished seed=5
2025-08-06 12:25:08,332 - INFO - Starting seed=6
2025-08-06 12:25:08,334 - INFO - A_teacher is 0.31256014108657837
2025-08-06 12:25:08,335 - INFO - dataset is tensor([[[-0.9937],
         [ 0.7185],
         [-0.6985],
         [-1.4716],
         [ 0.1777]]])
2025-08-06 12:25:08,336 - INFO - Starting G&C
2025-08-06 12:25:18,155 - INFO - Finished G&C, time elapsed=9.818476915359497s
2025-08-06 12:25:18,155 - INFO - Finished seed=6
2025-08-06 12:25:18,155 - INFO - Starting seed=7
2025-08-06 12:25:18,158 - INFO - A_teacher is 0.48532047867774963
2025-08-06 12:25:18,161 - INFO - dataset is tensor([[[ 0.7861],
         [ 0.9468],
         [-1.1143],
         [ 1.6908],
         [-0.8948]]])
2025-08-06 12:25:18,162 - INFO - Starting G&C
2025-08-06 12:25:27,980 - INFO - Finished G&C, time elapsed=9.816976547241211s
2025-08-06 12:25:27,980 - INFO - Finished seed=7
2025-08-06 12:25:27,981 - INFO - ----------------------------------------------------------------------------------------------------------------------------------------------
2025-08-06 12:25:27,981 - INFO - ----------------------------------------------------------------------------------------------------------------------------------------------
2025-08-06 12:25:27,981 - INFO - Finished student_dim=11
2025-08-06 12:25:27,982 - INFO - G&C avg gen_loss = 0.9785517098867702
2025-08-06 12:25:27,982 - INFO - G&C avg theoretical_loss = 1.3705300316214561
2025-08-06 12:25:27,983 - INFO - ----------------------------------------------------------------------------------------------------------------------------------------------
2025-08-06 12:25:27,983 - INFO - Starting student_dim=12
2025-08-06 12:25:27,984 - INFO - Starting seed=0
2025-08-06 12:25:27,985 - INFO - A_teacher is 0.6540995836257935
2025-08-06 12:25:27,986 - INFO - dataset is tensor([[[-0.2934],
         [-2.1788],
         [ 0.5684],
         [-1.0845],
         [-1.3986]]])
2025-08-06 12:25:27,988 - INFO - Starting G&C
2025-08-06 12:25:37,946 - INFO - Finished G&C, time elapsed=9.957825899124146s
2025-08-06 12:25:37,946 - INFO - Finished seed=0
2025-08-06 12:25:37,946 - INFO - Starting seed=1
2025-08-06 12:25:37,949 - INFO - A_teacher is 0.5661352276802063
2025-08-06 12:25:37,950 - INFO - dataset is tensor([[[ 0.2669],
         [ 0.0617],
         [ 0.6213],
         [-0.4519],
         [-0.1661]]])
2025-08-06 12:25:37,951 - INFO - Starting G&C
2025-08-06 12:25:47,799 - INFO - Finished G&C, time elapsed=9.848157167434692s
2025-08-06 12:25:47,799 - INFO - Finished seed=1
2025-08-06 12:25:47,800 - INFO - Starting seed=2
2025-08-06 12:25:47,800 - INFO - A_teacher is 0.539229691028595
2025-08-06 12:25:47,801 - INFO - dataset is tensor([[[-0.2236],
         [-0.3195],
         [-1.2050],
         [ 1.0445],
         [-0.6332]]])
2025-08-06 12:25:47,802 - INFO - Starting G&C
2025-08-06 12:25:57,643 - INFO - Finished G&C, time elapsed=9.841037034988403s
2025-08-06 12:25:57,643 - INFO - Finished seed=2
2025-08-06 12:25:57,643 - INFO - Starting seed=3
2025-08-06 12:25:57,645 - INFO - A_teacher is 0.5803276300430298
2025-08-06 12:25:57,646 - INFO - dataset is tensor([[[ 0.1748],
         [ 0.0890],
         [-0.6137],
         [ 0.0462],
         [-1.3683]]])
2025-08-06 12:25:57,647 - INFO - Starting G&C
2025-08-06 12:26:07,486 - INFO - Finished G&C, time elapsed=9.838635444641113s
2025-08-06 12:26:07,486 - INFO - Finished seed=3
2025-08-06 12:26:07,486 - INFO - Starting seed=4
2025-08-06 12:26:07,489 - INFO - A_teacher is 0.33947238326072693
2025-08-06 12:26:07,489 - INFO - dataset is tensor([[[ 0.2325],
         [ 2.2399],
         [ 0.8473],
         [ 1.2006],
         [-0.4016]]])
2025-08-06 12:26:07,490 - INFO - Starting G&C
2025-08-06 12:26:17,356 - INFO - Finished G&C, time elapsed=9.865641117095947s
2025-08-06 12:26:17,356 - INFO - Finished seed=4
2025-08-06 12:26:17,356 - INFO - Starting seed=5
2025-08-06 12:26:17,357 - INFO - A_teacher is 0.45132192969322205
2025-08-06 12:26:17,358 - INFO - dataset is tensor([[[-0.6038],
         [-0.5581],
         [ 0.6675],
         [-0.1974],
         [ 1.9428]]])
2025-08-06 12:26:17,359 - INFO - Starting G&C
2025-08-06 12:26:27,230 - INFO - Finished G&C, time elapsed=9.87073302268982s
2025-08-06 12:26:27,230 - INFO - Finished seed=5
2025-08-06 12:26:27,230 - INFO - Starting seed=6
2025-08-06 12:26:27,231 - INFO - A_teacher is 0.31256014108657837
2025-08-06 12:26:27,232 - INFO - dataset is tensor([[[-0.9937],
         [ 0.7185],
         [-0.6985],
         [-1.4716],
         [ 0.1777]]])
2025-08-06 12:26:27,233 - INFO - Starting G&C
2025-08-06 12:26:37,084 - INFO - Finished G&C, time elapsed=9.851117849349976s
2025-08-06 12:26:37,084 - INFO - Finished seed=6
2025-08-06 12:26:37,084 - INFO - Starting seed=7
2025-08-06 12:26:37,087 - INFO - A_teacher is 0.48532047867774963
2025-08-06 12:26:37,089 - INFO - dataset is tensor([[[ 0.7861],
         [ 0.9468],
         [-1.1143],
         [ 1.6908],
         [-0.8948]]])
2025-08-06 12:26:37,091 - INFO - Starting G&C
2025-08-06 12:26:46,934 - INFO - Finished G&C, time elapsed=9.842024803161621s
2025-08-06 12:26:46,934 - INFO - Finished seed=7
2025-08-06 12:26:46,934 - INFO - ----------------------------------------------------------------------------------------------------------------------------------------------
2025-08-06 12:26:46,937 - INFO - ----------------------------------------------------------------------------------------------------------------------------------------------
2025-08-06 12:26:46,937 - INFO - Finished student_dim=12
2025-08-06 12:26:46,937 - INFO - G&C avg gen_loss = 0.9039167518816944
2025-08-06 12:26:46,939 - INFO - G&C avg theoretical_loss = 1.5001196563243866
2025-08-06 12:26:46,939 - INFO - ----------------------------------------------------------------------------------------------------------------------------------------------
2025-08-06 12:26:46,939 - INFO - Starting student_dim=13
2025-08-06 12:26:46,942 - INFO - Starting seed=0
2025-08-06 12:26:46,953 - INFO - A_teacher is 0.6540995836257935
2025-08-06 12:26:46,954 - INFO - dataset is tensor([[[-0.2934],
         [-2.1788],
         [ 0.5684],
         [-1.0845],
         [-1.3986]]])
2025-08-06 12:26:46,956 - INFO - Starting G&C
2025-08-06 12:26:56,956 - INFO - Finished G&C, time elapsed=9.997465372085571s
2025-08-06 12:26:56,956 - INFO - Finished seed=0
2025-08-06 12:26:56,956 - INFO - Starting seed=1
2025-08-06 12:26:56,958 - INFO - A_teacher is 0.5661352276802063
2025-08-06 12:26:56,959 - INFO - dataset is tensor([[[ 0.2669],
         [ 0.0617],
         [ 0.6213],
         [-0.4519],
         [-0.1661]]])
2025-08-06 12:26:56,960 - INFO - Starting G&C
2025-08-06 12:27:08,832 - INFO - Finished G&C, time elapsed=11.872065544128418s
2025-08-06 12:27:08,833 - INFO - Finished seed=1
2025-08-06 12:27:08,833 - INFO - Starting seed=2
2025-08-06 12:27:08,837 - INFO - A_teacher is 0.539229691028595
2025-08-06 12:27:08,838 - INFO - dataset is tensor([[[-0.2236],
         [-0.3195],
         [-1.2050],
         [ 1.0445],
         [-0.6332]]])
2025-08-06 12:27:08,839 - INFO - Starting G&C
2025-08-06 12:27:20,422 - INFO - Finished G&C, time elapsed=11.583255767822266s
2025-08-06 12:27:20,423 - INFO - Finished seed=2
2025-08-06 12:27:20,423 - INFO - Starting seed=3
2025-08-06 12:27:20,425 - INFO - A_teacher is 0.5803276300430298
2025-08-06 12:27:20,427 - INFO - dataset is tensor([[[ 0.1748],
         [ 0.0890],
         [-0.6137],
         [ 0.0462],
         [-1.3683]]])
2025-08-06 12:27:20,432 - INFO - Starting G&C
2025-08-06 12:27:31,414 - INFO - Finished G&C, time elapsed=10.982266426086426s
2025-08-06 12:27:31,415 - INFO - Finished seed=3
2025-08-06 12:27:31,415 - INFO - Starting seed=4
2025-08-06 12:27:31,419 - INFO - A_teacher is 0.33947238326072693
2025-08-06 12:27:31,422 - INFO - dataset is tensor([[[ 0.2325],
         [ 2.2399],
         [ 0.8473],
         [ 1.2006],
         [-0.4016]]])
2025-08-06 12:27:31,424 - INFO - Starting G&C
2025-08-06 12:27:43,109 - INFO - Finished G&C, time elapsed=11.682681798934937s
2025-08-06 12:27:43,109 - INFO - Finished seed=4
2025-08-06 12:27:43,109 - INFO - Starting seed=5
2025-08-06 12:27:43,110 - INFO - A_teacher is 0.45132192969322205
2025-08-06 12:27:43,112 - INFO - dataset is tensor([[[-0.6038],
         [-0.5581],
         [ 0.6675],
         [-0.1974],
         [ 1.9428]]])
2025-08-06 12:27:43,113 - INFO - Starting G&C
2025-08-06 12:27:54,272 - INFO - Finished G&C, time elapsed=11.159200191497803s
2025-08-06 12:27:54,272 - INFO - Finished seed=5
2025-08-06 12:27:54,273 - INFO - Starting seed=6
2025-08-06 12:27:54,531 - INFO - A_teacher is 0.31256014108657837
2025-08-06 12:27:54,534 - INFO - dataset is tensor([[[-0.9937],
         [ 0.7185],
         [-0.6985],
         [-1.4716],
         [ 0.1777]]])
2025-08-06 12:27:54,540 - INFO - Starting G&C
2025-08-06 12:28:05,823 - INFO - Finished G&C, time elapsed=11.282574653625488s
2025-08-06 12:28:05,823 - INFO - Finished seed=6
2025-08-06 12:28:05,824 - INFO - Starting seed=7
2025-08-06 12:28:05,826 - INFO - A_teacher is 0.48532047867774963
2025-08-06 12:28:05,829 - INFO - dataset is tensor([[[ 0.7861],
         [ 0.9468],
         [-1.1143],
         [ 1.6908],
         [-0.8948]]])
2025-08-06 12:28:05,832 - INFO - Starting G&C
2025-08-06 12:28:17,635 - INFO - Finished G&C, time elapsed=11.801667213439941s
2025-08-06 12:28:17,635 - INFO - Finished seed=7
2025-08-06 12:28:17,636 - INFO - ----------------------------------------------------------------------------------------------------------------------------------------------
2025-08-06 12:28:17,638 - INFO - ----------------------------------------------------------------------------------------------------------------------------------------------
2025-08-06 12:28:17,638 - INFO - Finished student_dim=13
2025-08-06 12:28:17,640 - INFO - G&C avg gen_loss = 1.2109293303229451
2025-08-06 12:28:17,640 - INFO - G&C avg theoretical_loss = 1.712011069059372
2025-08-06 12:28:17,640 - INFO - ----------------------------------------------------------------------------------------------------------------------------------------------
2025-08-06 12:28:17,641 - INFO - Starting student_dim=14
2025-08-06 12:28:17,641 - INFO - Starting seed=0
2025-08-06 12:28:17,650 - INFO - A_teacher is 0.6540995836257935
2025-08-06 12:28:17,652 - INFO - dataset is tensor([[[-0.2934],
         [-2.1788],
         [ 0.5684],
         [-1.0845],
         [-1.3986]]])
2025-08-06 12:28:17,654 - INFO - Starting G&C
2025-08-06 12:28:28,898 - INFO - Finished G&C, time elapsed=11.242131471633911s
2025-08-06 12:28:28,898 - INFO - Finished seed=0
2025-08-06 12:28:28,898 - INFO - Starting seed=1
2025-08-06 12:28:28,902 - INFO - A_teacher is 0.5661352276802063
2025-08-06 12:28:28,905 - INFO - dataset is tensor([[[ 0.2669],
         [ 0.0617],
         [ 0.6213],
         [-0.4519],
         [-0.1661]]])
2025-08-06 12:28:28,907 - INFO - Starting G&C
2025-08-06 12:28:40,538 - INFO - Finished G&C, time elapsed=11.629674196243286s
2025-08-06 12:28:40,538 - INFO - Finished seed=1
2025-08-06 12:28:40,539 - INFO - Starting seed=2
2025-08-06 12:28:40,541 - INFO - A_teacher is 0.539229691028595
2025-08-06 12:28:40,543 - INFO - dataset is tensor([[[-0.2236],
         [-0.3195],
         [-1.2050],
         [ 1.0445],
         [-0.6332]]])
2025-08-06 12:28:40,545 - INFO - Starting G&C
2025-08-06 12:28:51,560 - INFO - Finished G&C, time elapsed=11.014313697814941s
2025-08-06 12:28:51,561 - INFO - Finished seed=2
2025-08-06 12:28:51,561 - INFO - Starting seed=3
2025-08-06 12:28:51,562 - INFO - A_teacher is 0.5803276300430298
2025-08-06 12:28:51,564 - INFO - dataset is tensor([[[ 0.1748],
         [ 0.0890],
         [-0.6137],
         [ 0.0462],
         [-1.3683]]])
2025-08-06 12:28:51,565 - INFO - Starting G&C
2025-08-06 12:29:02,263 - INFO - Finished G&C, time elapsed=10.697770833969116s
2025-08-06 12:29:02,264 - INFO - Finished seed=3
2025-08-06 12:29:02,264 - INFO - Starting seed=4
2025-08-06 12:29:02,276 - INFO - A_teacher is 0.33947238326072693
2025-08-06 12:29:02,278 - INFO - dataset is tensor([[[ 0.2325],
         [ 2.2399],
         [ 0.8473],
         [ 1.2006],
         [-0.4016]]])
2025-08-06 12:29:02,281 - INFO - Starting G&C
2025-08-06 12:29:12,678 - INFO - Finished G&C, time elapsed=10.395976066589355s
2025-08-06 12:29:12,678 - INFO - Finished seed=4
2025-08-06 12:29:12,678 - INFO - Starting seed=5
2025-08-06 12:29:12,681 - INFO - A_teacher is 0.45132192969322205
2025-08-06 12:29:12,683 - INFO - dataset is tensor([[[-0.6038],
         [-0.5581],
         [ 0.6675],
         [-0.1974],
         [ 1.9428]]])
2025-08-06 12:29:12,685 - INFO - Starting G&C
2025-08-06 12:29:23,093 - INFO - Finished G&C, time elapsed=10.406604290008545s
2025-08-06 12:29:23,093 - INFO - Finished seed=5
2025-08-06 12:29:23,094 - INFO - Starting seed=6
2025-08-06 12:29:23,101 - INFO - A_teacher is 0.31256014108657837
2025-08-06 12:29:23,103 - INFO - dataset is tensor([[[-0.9937],
         [ 0.7185],
         [-0.6985],
         [-1.4716],
         [ 0.1777]]])
2025-08-06 12:29:23,104 - INFO - Starting G&C
2025-08-06 12:29:33,504 - INFO - Finished G&C, time elapsed=10.398806810379028s
2025-08-06 12:29:33,504 - INFO - Finished seed=6
2025-08-06 12:29:33,505 - INFO - Starting seed=7
2025-08-06 12:29:33,506 - INFO - A_teacher is 0.48532047867774963
2025-08-06 12:29:33,508 - INFO - dataset is tensor([[[ 0.7861],
         [ 0.9468],
         [-1.1143],
         [ 1.6908],
         [-0.8948]]])
2025-08-06 12:29:33,509 - INFO - Starting G&C
2025-08-06 12:29:43,997 - INFO - Finished G&C, time elapsed=10.488342761993408s
2025-08-06 12:29:43,998 - INFO - Finished seed=7
2025-08-06 12:29:43,998 - INFO - ----------------------------------------------------------------------------------------------------------------------------------------------
2025-08-06 12:29:44,000 - INFO - ----------------------------------------------------------------------------------------------------------------------------------------------
2025-08-06 12:29:44,000 - INFO - Finished student_dim=14
2025-08-06 12:29:44,002 - INFO - G&C avg gen_loss = 0.9805441790904443
2025-08-06 12:29:44,004 - INFO - G&C avg theoretical_loss = 2.0467443391680717
2025-08-06 12:29:44,006 - INFO - ----------------------------------------------------------------------------------------------------------------------------------------------
2025-08-06 12:29:44,006 - INFO - Starting student_dim=15
2025-08-06 12:29:44,008 - INFO - Starting seed=0
2025-08-06 12:29:44,012 - INFO - A_teacher is 0.6540995836257935
2025-08-06 12:29:44,015 - INFO - dataset is tensor([[[-0.2934],
         [-2.1788],
         [ 0.5684],
         [-1.0845],
         [-1.3986]]])
2025-08-06 12:29:44,017 - INFO - Starting G&C
2025-08-06 12:29:55,007 - INFO - Finished G&C, time elapsed=10.989199876785278s
2025-08-06 12:29:55,007 - INFO - Finished seed=0
2025-08-06 12:29:55,008 - INFO - Starting seed=1
2025-08-06 12:29:55,010 - INFO - A_teacher is 0.5661352276802063
2025-08-06 12:29:55,012 - INFO - dataset is tensor([[[ 0.2669],
         [ 0.0617],
         [ 0.6213],
         [-0.4519],
         [-0.1661]]])
2025-08-06 12:29:55,016 - INFO - Starting G&C
2025-08-06 12:30:05,809 - INFO - Finished G&C, time elapsed=10.792505502700806s
2025-08-06 12:30:05,809 - INFO - Finished seed=1
2025-08-06 12:30:05,810 - INFO - Starting seed=2
2025-08-06 12:30:05,821 - INFO - A_teacher is 0.539229691028595
2025-08-06 12:30:05,822 - INFO - dataset is tensor([[[-0.2236],
         [-0.3195],
         [-1.2050],
         [ 1.0445],
         [-0.6332]]])
2025-08-06 12:30:05,824 - INFO - Starting G&C
2025-08-06 12:30:17,218 - INFO - Finished G&C, time elapsed=11.393045902252197s
2025-08-06 12:30:17,219 - INFO - Finished seed=2
2025-08-06 12:30:17,219 - INFO - Starting seed=3
2025-08-06 12:30:17,221 - INFO - A_teacher is 0.5803276300430298
2025-08-06 12:30:17,222 - INFO - dataset is tensor([[[ 0.1748],
         [ 0.0890],
         [-0.6137],
         [ 0.0462],
         [-1.3683]]])
2025-08-06 12:30:17,224 - INFO - Starting G&C
2025-08-06 12:30:28,419 - INFO - Finished G&C, time elapsed=11.194316864013672s
2025-08-06 12:30:28,420 - INFO - Finished seed=3
2025-08-06 12:30:28,420 - INFO - Starting seed=4
2025-08-06 12:30:28,441 - INFO - A_teacher is 0.33947238326072693
2025-08-06 12:30:28,443 - INFO - dataset is tensor([[[ 0.2325],
         [ 2.2399],
         [ 0.8473],
         [ 1.2006],
         [-0.4016]]])
2025-08-06 12:30:28,445 - INFO - Starting G&C
2025-08-06 12:30:39,618 - INFO - Finished G&C, time elapsed=11.173073053359985s
2025-08-06 12:30:39,619 - INFO - Finished seed=4
2025-08-06 12:30:39,619 - INFO - Starting seed=5
2025-08-06 12:30:39,622 - INFO - A_teacher is 0.45132192969322205
2025-08-06 12:30:39,624 - INFO - dataset is tensor([[[-0.6038],
         [-0.5581],
         [ 0.6675],
         [-0.1974],
         [ 1.9428]]])
2025-08-06 12:30:39,627 - INFO - Starting G&C
2025-08-06 12:30:50,740 - INFO - Finished G&C, time elapsed=11.111400604248047s
2025-08-06 12:30:50,740 - INFO - Finished seed=5
2025-08-06 12:30:50,741 - INFO - Starting seed=6
2025-08-06 12:30:50,743 - INFO - A_teacher is 0.31256014108657837
2025-08-06 12:30:50,744 - INFO - dataset is tensor([[[-0.9937],
         [ 0.7185],
         [-0.6985],
         [-1.4716],
         [ 0.1777]]])
2025-08-06 12:30:50,745 - INFO - Starting G&C
2025-08-06 12:31:01,908 - INFO - Finished G&C, time elapsed=11.162214517593384s
2025-08-06 12:31:01,908 - INFO - Finished seed=6
2025-08-06 12:31:01,908 - INFO - Starting seed=7
2025-08-06 12:31:01,910 - INFO - A_teacher is 0.48532047867774963
2025-08-06 12:31:01,911 - INFO - dataset is tensor([[[ 0.7861],
         [ 0.9468],
         [-1.1143],
         [ 1.6908],
         [-0.8948]]])
2025-08-06 12:31:01,912 - INFO - Starting G&C
2025-08-06 12:31:13,487 - INFO - Finished G&C, time elapsed=11.575476169586182s
2025-08-06 12:31:13,488 - INFO - Finished seed=7
2025-08-06 12:31:13,488 - INFO - ----------------------------------------------------------------------------------------------------------------------------------------------
2025-08-06 12:31:13,488 - INFO - ----------------------------------------------------------------------------------------------------------------------------------------------
2025-08-06 12:31:13,488 - INFO - Finished student_dim=15
2025-08-06 12:31:13,489 - INFO - G&C avg gen_loss = 1.3959614748050782
2025-08-06 12:31:13,489 - INFO - G&C avg theoretical_loss = 2.5775232017040253
2025-08-06 12:31:13,489 - INFO - ----------------------------------------------------------------------------------------------------------------------------------------------
2025-08-06 12:31:13,490 - INFO - Starting student_dim=16
2025-08-06 12:31:13,490 - INFO - Starting seed=0
2025-08-06 12:31:13,492 - INFO - A_teacher is 0.6540995836257935
2025-08-06 12:31:13,493 - INFO - dataset is tensor([[[-0.2934],
         [-2.1788],
         [ 0.5684],
         [-1.0845],
         [-1.3986]]])
2025-08-06 12:31:13,495 - INFO - Starting G&C
2025-08-06 12:31:25,293 - INFO - Finished G&C, time elapsed=11.798786163330078s
2025-08-06 12:31:25,294 - INFO - Finished seed=0
2025-08-06 12:31:25,294 - INFO - Starting seed=1
2025-08-06 12:31:25,297 - INFO - A_teacher is 0.5661352276802063
2025-08-06 12:31:25,300 - INFO - dataset is tensor([[[ 0.2669],
         [ 0.0617],
         [ 0.6213],
         [-0.4519],
         [-0.1661]]])
2025-08-06 12:31:25,302 - INFO - Starting G&C
2025-08-06 12:31:36,100 - INFO - Finished G&C, time elapsed=10.798198938369751s
2025-08-06 12:31:36,101 - INFO - Finished seed=1
2025-08-06 12:31:36,101 - INFO - Starting seed=2
2025-08-06 12:31:36,115 - INFO - A_teacher is 0.539229691028595
2025-08-06 12:31:36,116 - INFO - dataset is tensor([[[-0.2236],
         [-0.3195],
         [-1.2050],
         [ 1.0445],
         [-0.6332]]])
2025-08-06 12:31:36,118 - INFO - Starting G&C
2025-08-06 12:31:46,857 - INFO - Finished G&C, time elapsed=10.739253520965576s
2025-08-06 12:31:46,857 - INFO - Finished seed=2
2025-08-06 12:31:46,858 - INFO - Starting seed=3
2025-08-06 12:31:46,859 - INFO - A_teacher is 0.5803276300430298
2025-08-06 12:31:46,860 - INFO - dataset is tensor([[[ 0.1748],
         [ 0.0890],
         [-0.6137],
         [ 0.0462],
         [-1.3683]]])
2025-08-06 12:31:46,861 - INFO - Starting G&C
2025-08-06 12:31:58,016 - INFO - Finished G&C, time elapsed=11.155275583267212s
2025-08-06 12:31:58,016 - INFO - Finished seed=3
2025-08-06 12:31:58,017 - INFO - Starting seed=4
2025-08-06 12:31:58,019 - INFO - A_teacher is 0.33947238326072693
2025-08-06 12:31:58,021 - INFO - dataset is tensor([[[ 0.2325],
         [ 2.2399],
         [ 0.8473],
         [ 1.2006],
         [-0.4016]]])
2025-08-06 12:31:58,023 - INFO - Starting G&C
2025-08-06 12:32:09,181 - INFO - Finished G&C, time elapsed=11.156661748886108s
2025-08-06 12:32:09,181 - INFO - Finished seed=4
2025-08-06 12:32:09,182 - INFO - Starting seed=5
2025-08-06 12:32:09,185 - INFO - A_teacher is 0.45132192969322205
2025-08-06 12:32:09,189 - INFO - dataset is tensor([[[-0.6038],
         [-0.5581],
         [ 0.6675],
         [-0.1974],
         [ 1.9428]]])
2025-08-06 12:32:09,192 - INFO - Starting G&C
2025-08-06 12:32:20,294 - INFO - Finished G&C, time elapsed=11.098996639251709s
2025-08-06 12:32:20,294 - INFO - Finished seed=5
2025-08-06 12:32:20,294 - INFO - Starting seed=6
2025-08-06 12:32:20,296 - INFO - A_teacher is 0.31256014108657837
2025-08-06 12:32:20,298 - INFO - dataset is tensor([[[-0.9937],
         [ 0.7185],
         [-0.6985],
         [-1.4716],
         [ 0.1777]]])
2025-08-06 12:32:20,299 - INFO - Starting G&C
2025-08-06 12:32:31,016 - INFO - Finished G&C, time elapsed=10.717323064804077s
2025-08-06 12:32:31,017 - INFO - Finished seed=6
2025-08-06 12:32:31,017 - INFO - Starting seed=7
2025-08-06 12:32:31,020 - INFO - A_teacher is 0.48532047867774963
2025-08-06 12:32:31,021 - INFO - dataset is tensor([[[ 0.7861],
         [ 0.9468],
         [-1.1143],
         [ 1.6908],
         [-0.8948]]])
2025-08-06 12:32:31,023 - INFO - Starting G&C
2025-08-06 12:32:41,714 - INFO - Finished G&C, time elapsed=10.691226243972778s
2025-08-06 12:32:41,714 - INFO - Finished seed=7
2025-08-06 12:32:41,715 - INFO - ----------------------------------------------------------------------------------------------------------------------------------------------
2025-08-06 12:32:41,717 - INFO - ----------------------------------------------------------------------------------------------------------------------------------------------
2025-08-06 12:32:41,717 - INFO - Finished student_dim=16
2025-08-06 12:32:41,717 - INFO - G&C avg gen_loss = 1.1334730406432127
2025-08-06 12:32:41,719 - INFO - G&C avg theoretical_loss = 3.442963629961014
2025-08-06 12:32:41,719 - INFO - ----------------------------------------------------------------------------------------------------------------------------------------------
2025-08-06 12:32:41,719 - INFO - Starting student_dim=17
2025-08-06 12:32:41,722 - INFO - Starting seed=0
2025-08-06 12:32:41,742 - INFO - A_teacher is 0.6540995836257935
2025-08-06 12:32:41,744 - INFO - dataset is tensor([[[-0.2934],
         [-2.1788],
         [ 0.5684],
         [-1.0845],
         [-1.3986]]])
2025-08-06 12:32:41,749 - INFO - Starting G&C
2025-08-06 12:32:53,625 - INFO - Finished G&C, time elapsed=11.87515640258789s
2025-08-06 12:32:53,625 - INFO - Finished seed=0
2025-08-06 12:32:53,625 - INFO - Starting seed=1
2025-08-06 12:32:53,862 - INFO - A_teacher is 0.5661352276802063
2025-08-06 12:32:53,864 - INFO - dataset is tensor([[[ 0.2669],
         [ 0.0617],
         [ 0.6213],
         [-0.4519],
         [-0.1661]]])
2025-08-06 12:32:53,866 - INFO - Starting G&C
2025-08-06 12:33:05,283 - INFO - Finished G&C, time elapsed=11.41748571395874s
2025-08-06 12:33:05,283 - INFO - Finished seed=1
2025-08-06 12:33:05,284 - INFO - Starting seed=2
2025-08-06 12:33:05,287 - INFO - A_teacher is 0.539229691028595
2025-08-06 12:33:05,288 - INFO - dataset is tensor([[[-0.2236],
         [-0.3195],
         [-1.2050],
         [ 1.0445],
         [-0.6332]]])
2025-08-06 12:33:05,289 - INFO - Starting G&C
2025-08-06 12:33:16,189 - INFO - Finished G&C, time elapsed=10.900010108947754s
2025-08-06 12:33:16,190 - INFO - Finished seed=2
2025-08-06 12:33:16,190 - INFO - Starting seed=3
2025-08-06 12:33:16,191 - INFO - A_teacher is 0.5803276300430298
2025-08-06 12:33:16,192 - INFO - dataset is tensor([[[ 0.1748],
         [ 0.0890],
         [-0.6137],
         [ 0.0462],
         [-1.3683]]])
2025-08-06 12:33:16,193 - INFO - Starting G&C
2025-08-06 12:33:27,036 - INFO - Finished G&C, time elapsed=10.842854022979736s
2025-08-06 12:33:27,036 - INFO - Finished seed=3
2025-08-06 12:33:27,036 - INFO - Starting seed=4
2025-08-06 12:33:27,039 - INFO - A_teacher is 0.33947238326072693
2025-08-06 12:33:27,040 - INFO - dataset is tensor([[[ 0.2325],
         [ 2.2399],
         [ 0.8473],
         [ 1.2006],
         [-0.4016]]])
2025-08-06 12:33:27,042 - INFO - Starting G&C
2025-08-06 12:33:38,132 - INFO - Finished G&C, time elapsed=11.08945345878601s
2025-08-06 12:33:38,132 - INFO - Finished seed=4
2025-08-06 12:33:38,132 - INFO - Starting seed=5
2025-08-06 12:33:38,133 - INFO - A_teacher is 0.45132192969322205
2025-08-06 12:33:38,135 - INFO - dataset is tensor([[[-0.6038],
         [-0.5581],
         [ 0.6675],
         [-0.1974],
         [ 1.9428]]])
2025-08-06 12:33:38,136 - INFO - Starting G&C
2025-08-06 12:33:49,213 - INFO - Finished G&C, time elapsed=11.076623916625977s
2025-08-06 12:33:49,214 - INFO - Finished seed=5
2025-08-06 12:33:49,214 - INFO - Starting seed=6
2025-08-06 12:33:49,220 - INFO - A_teacher is 0.31256014108657837
2025-08-06 12:33:49,221 - INFO - dataset is tensor([[[-0.9937],
         [ 0.7185],
         [-0.6985],
         [-1.4716],
         [ 0.1777]]])
2025-08-06 12:33:49,223 - INFO - Starting G&C
2025-08-06 12:34:00,247 - INFO - Finished G&C, time elapsed=11.023871660232544s
2025-08-06 12:34:00,247 - INFO - Finished seed=6
2025-08-06 12:34:00,248 - INFO - Starting seed=7
2025-08-06 12:34:00,250 - INFO - A_teacher is 0.48532047867774963
2025-08-06 12:34:00,252 - INFO - dataset is tensor([[[ 0.7861],
         [ 0.9468],
         [-1.1143],
         [ 1.6908],
         [-0.8948]]])
2025-08-06 12:34:00,254 - INFO - Starting G&C
2025-08-06 12:34:11,518 - INFO - Finished G&C, time elapsed=11.263534545898438s
2025-08-06 12:34:11,518 - INFO - Finished seed=7
2025-08-06 12:34:11,519 - INFO - ----------------------------------------------------------------------------------------------------------------------------------------------
2025-08-06 12:34:11,519 - INFO - ----------------------------------------------------------------------------------------------------------------------------------------------
2025-08-06 12:34:11,519 - INFO - Finished student_dim=17
2025-08-06 12:34:11,520 - INFO - G&C avg gen_loss = 1.2197726462560863
2025-08-06 12:34:11,520 - INFO - G&C avg theoretical_loss = 4.926617465913296
2025-08-06 12:34:11,521 - INFO - ----------------------------------------------------------------------------------------------------------------------------------------------
2025-08-06 12:34:11,521 - INFO - Starting student_dim=18
2025-08-06 12:34:11,522 - INFO - Starting seed=0
2025-08-06 12:34:11,523 - INFO - A_teacher is 0.6540995836257935
2025-08-06 12:34:11,524 - INFO - dataset is tensor([[[-0.2934],
         [-2.1788],
         [ 0.5684],
         [-1.0845],
         [-1.3986]]])
2025-08-06 12:34:11,525 - INFO - Starting G&C
2025-08-06 12:34:22,633 - INFO - Finished G&C, time elapsed=11.108444929122925s
2025-08-06 12:34:22,634 - INFO - Finished seed=0
2025-08-06 12:34:22,634 - INFO - Starting seed=1
2025-08-06 12:34:22,635 - INFO - A_teacher is 0.5661352276802063
2025-08-06 12:34:22,636 - INFO - dataset is tensor([[[ 0.2669],
         [ 0.0617],
         [ 0.6213],
         [-0.4519],
         [-0.1661]]])
2025-08-06 12:34:22,638 - INFO - Starting G&C
2025-08-06 12:34:33,406 - INFO - Finished G&C, time elapsed=10.768041610717773s
2025-08-06 12:34:33,406 - INFO - Finished seed=1
2025-08-06 12:34:33,406 - INFO - Starting seed=2
2025-08-06 12:34:33,410 - INFO - A_teacher is 0.539229691028595
2025-08-06 12:34:33,411 - INFO - dataset is tensor([[[-0.2236],
         [-0.3195],
         [-1.2050],
         [ 1.0445],
         [-0.6332]]])
2025-08-06 12:34:33,412 - INFO - Starting G&C
2025-08-06 12:34:44,197 - INFO - Finished G&C, time elapsed=10.78513240814209s
2025-08-06 12:34:44,197 - INFO - Finished seed=2
2025-08-06 12:34:44,197 - INFO - Starting seed=3
2025-08-06 12:34:44,200 - INFO - A_teacher is 0.5803276300430298
2025-08-06 12:34:44,203 - INFO - dataset is tensor([[[ 0.1748],
         [ 0.0890],
         [-0.6137],
         [ 0.0462],
         [-1.3683]]])
2025-08-06 12:34:44,206 - INFO - Starting G&C
2025-08-06 12:34:54,979 - INFO - Finished G&C, time elapsed=10.771925449371338s
2025-08-06 12:34:54,979 - INFO - Finished seed=3
2025-08-06 12:34:54,980 - INFO - Starting seed=4
2025-08-06 12:34:54,984 - INFO - A_teacher is 0.33947238326072693
2025-08-06 12:34:54,985 - INFO - dataset is tensor([[[ 0.2325],
         [ 2.2399],
         [ 0.8473],
         [ 1.2006],
         [-0.4016]]])
2025-08-06 12:34:54,986 - INFO - Starting G&C
2025-08-06 12:35:05,790 - INFO - Finished G&C, time elapsed=10.80425500869751s
2025-08-06 12:35:05,790 - INFO - Finished seed=4
2025-08-06 12:35:05,791 - INFO - Starting seed=5
2025-08-06 12:35:05,792 - INFO - A_teacher is 0.45132192969322205
2025-08-06 12:35:05,793 - INFO - dataset is tensor([[[-0.6038],
         [-0.5581],
         [ 0.6675],
         [-0.1974],
         [ 1.9428]]])
2025-08-06 12:35:05,794 - INFO - Starting G&C
2025-08-06 12:35:17,222 - INFO - Finished G&C, time elapsed=11.427903413772583s
2025-08-06 12:35:17,222 - INFO - Finished seed=5
2025-08-06 12:35:17,222 - INFO - Starting seed=6
2025-08-06 12:35:17,223 - INFO - A_teacher is 0.31256014108657837
2025-08-06 12:35:17,224 - INFO - dataset is tensor([[[-0.9937],
         [ 0.7185],
         [-0.6985],
         [-1.4716],
         [ 0.1777]]])
2025-08-06 12:35:17,225 - INFO - Starting G&C
2025-08-06 12:35:28,646 - INFO - Finished G&C, time elapsed=11.420126914978027s
2025-08-06 12:35:28,646 - INFO - Finished seed=6
2025-08-06 12:35:28,646 - INFO - Starting seed=7
2025-08-06 12:35:28,647 - INFO - A_teacher is 0.48532047867774963
2025-08-06 12:35:28,648 - INFO - dataset is tensor([[[ 0.7861],
         [ 0.9468],
         [-1.1143],
         [ 1.6908],
         [-0.8948]]])
2025-08-06 12:35:28,649 - INFO - Starting G&C
2025-08-06 12:35:40,251 - INFO - Finished G&C, time elapsed=11.601975440979004s
2025-08-06 12:35:40,251 - INFO - Finished seed=7
2025-08-06 12:35:40,252 - INFO - ----------------------------------------------------------------------------------------------------------------------------------------------
2025-08-06 12:35:40,252 - INFO - ----------------------------------------------------------------------------------------------------------------------------------------------
2025-08-06 12:35:40,252 - INFO - Finished student_dim=18
2025-08-06 12:35:40,253 - INFO - G&C avg gen_loss = 0.9874673949395931
2025-08-06 12:35:40,253 - INFO - G&C avg theoretical_loss = 7.676311574876308
2025-08-06 12:35:40,253 - INFO - ----------------------------------------------------------------------------------------------------------------------------------------------
2025-08-06 12:35:40,254 - INFO - Starting student_dim=19
2025-08-06 12:35:40,254 - INFO - Starting seed=0
2025-08-06 12:35:40,257 - INFO - A_teacher is 0.6540995836257935
2025-08-06 12:35:40,258 - INFO - dataset is tensor([[[-0.2934],
         [-2.1788],
         [ 0.5684],
         [-1.0845],
         [-1.3986]]])
2025-08-06 12:35:40,259 - INFO - Starting G&C
