2025-08-03 14:26:19,137 - INFO - Using device mps.
2025-08-03 14:26:19,137 - INFO - Args: Namespace(num_seeds=1, num_measurements=1, input_e1=True, sequence_length=3, teacher_ranks=[1], student_dims=[3, 4, 5, 6, 7, 8, 9, 10, 11, 12, 13, 14, 15, 16, 17, 18, 19], calc_loss_only_on_last_output=True, eps_train=1e-06, gnc=True, gnc_num_samples=100000000, gnc_batch_size=10000000, gd=False, gd_lr=0.01, gd_epochs=100000, gd_init_scale=0.01, gd_optimizer='adam', config=None, results_dir=PosixPath('results'), figures_dir=PosixPath('figures'), log_dir=PosixPath('logs'))
2025-08-03 14:26:19,147 - INFO - Starting teacher_rank=1
2025-08-03 14:26:19,147 - INFO - Starting student_dim=3
2025-08-03 14:26:19,147 - INFO - Starting seed=0
2025-08-03 14:26:19,153 - INFO - A_teacher is 0.59015953540802
2025-08-03 14:26:19,178 - INFO - Starting G&C
2025-08-03 14:26:22,046 - INFO - Finished G&C, time elapsed=2.8679211139678955s
2025-08-03 14:26:22,047 - INFO - Finished seed=0
2025-08-03 14:26:22,047 - INFO - ----------------------------------------------------------------------------------------------------------------------------------------------
2025-08-03 14:26:22,047 - INFO - ----------------------------------------------------------------------------------------------------------------------------------------------
2025-08-03 14:26:22,047 - INFO - Finished student_dim=3
2025-08-03 14:26:22,047 - INFO - G&C avg gen_loss = 0.6969655899548179
2025-08-03 14:26:22,047 - INFO - ----------------------------------------------------------------------------------------------------------------------------------------------
2025-08-03 14:26:22,047 - INFO - Starting student_dim=4
2025-08-03 14:26:22,047 - INFO - Starting seed=0
2025-08-03 14:26:22,048 - INFO - A_teacher is 0.6540995836257935
2025-08-03 14:26:22,052 - INFO - Starting G&C
2025-08-03 14:26:24,900 - INFO - Finished G&C, time elapsed=2.8477940559387207s
2025-08-03 14:26:24,900 - INFO - Finished seed=0
2025-08-03 14:26:24,901 - INFO - ----------------------------------------------------------------------------------------------------------------------------------------------
2025-08-03 14:26:24,901 - INFO - ----------------------------------------------------------------------------------------------------------------------------------------------
2025-08-03 14:26:24,901 - INFO - Finished student_dim=4
2025-08-03 14:26:24,901 - INFO - G&C avg gen_loss = 0.8548123870598207
2025-08-03 14:26:24,901 - INFO - ----------------------------------------------------------------------------------------------------------------------------------------------
2025-08-03 14:26:24,901 - INFO - Starting student_dim=5
2025-08-03 14:26:24,901 - INFO - Starting seed=0
2025-08-03 14:26:24,902 - INFO - A_teacher is 0.6540995836257935
2025-08-03 14:26:24,905 - INFO - Starting G&C
2025-08-03 14:26:27,849 - INFO - Finished G&C, time elapsed=2.9436838626861572s
2025-08-03 14:26:27,849 - INFO - Finished seed=0
2025-08-03 14:26:27,849 - INFO - ----------------------------------------------------------------------------------------------------------------------------------------------
2025-08-03 14:26:27,849 - INFO - ----------------------------------------------------------------------------------------------------------------------------------------------
2025-08-03 14:26:27,849 - INFO - Finished student_dim=5
2025-08-03 14:26:27,849 - INFO - G&C avg gen_loss = 0.8573448193278109
2025-08-03 14:26:27,849 - INFO - ----------------------------------------------------------------------------------------------------------------------------------------------
2025-08-03 14:26:27,849 - INFO - Starting student_dim=6
2025-08-03 14:26:27,849 - INFO - Starting seed=0
2025-08-03 14:26:27,850 - INFO - A_teacher is 0.6540995836257935
2025-08-03 14:26:27,853 - INFO - Starting G&C
2025-08-03 14:26:31,072 - INFO - Finished G&C, time elapsed=3.218360185623169s
2025-08-03 14:26:31,072 - INFO - Finished seed=0
2025-08-03 14:26:31,072 - INFO - ----------------------------------------------------------------------------------------------------------------------------------------------
2025-08-03 14:26:31,072 - INFO - ----------------------------------------------------------------------------------------------------------------------------------------------
2025-08-03 14:26:31,072 - INFO - Finished student_dim=6
2025-08-03 14:26:31,072 - INFO - G&C avg gen_loss = 0.8528276587395592
2025-08-03 14:26:31,072 - INFO - ----------------------------------------------------------------------------------------------------------------------------------------------
2025-08-03 14:26:31,072 - INFO - Starting student_dim=7
2025-08-03 14:26:31,072 - INFO - Starting seed=0
2025-08-03 14:26:31,074 - INFO - A_teacher is 0.6540995836257935
2025-08-03 14:26:31,077 - INFO - Starting G&C
2025-08-03 14:26:34,338 - INFO - Finished G&C, time elapsed=3.261439085006714s
2025-08-03 14:26:34,339 - INFO - Finished seed=0
2025-08-03 14:26:34,339 - INFO - ----------------------------------------------------------------------------------------------------------------------------------------------
2025-08-03 14:26:34,339 - INFO - ----------------------------------------------------------------------------------------------------------------------------------------------
2025-08-03 14:26:34,339 - INFO - Finished student_dim=7
2025-08-03 14:26:34,339 - INFO - G&C avg gen_loss = 0.8549504063411796
2025-08-03 14:26:34,339 - INFO - ----------------------------------------------------------------------------------------------------------------------------------------------
2025-08-03 14:26:34,339 - INFO - Starting student_dim=8
2025-08-03 14:26:34,339 - INFO - Starting seed=0
2025-08-03 14:26:34,340 - INFO - A_teacher is 0.6540995836257935
2025-08-03 14:26:34,343 - INFO - Starting G&C
2025-08-03 14:26:37,731 - INFO - Finished G&C, time elapsed=3.387420892715454s
2025-08-03 14:26:37,731 - INFO - Finished seed=0
2025-08-03 14:26:37,731 - INFO - ----------------------------------------------------------------------------------------------------------------------------------------------
2025-08-03 14:26:37,731 - INFO - ----------------------------------------------------------------------------------------------------------------------------------------------
2025-08-03 14:26:37,731 - INFO - Finished student_dim=8
2025-08-03 14:26:37,731 - INFO - G&C avg gen_loss = 0.8622543282095264
2025-08-03 14:26:37,731 - INFO - ----------------------------------------------------------------------------------------------------------------------------------------------
2025-08-03 14:26:37,731 - INFO - Starting student_dim=9
2025-08-03 14:26:37,731 - INFO - Starting seed=0
2025-08-03 14:26:37,732 - INFO - A_teacher is 0.6540995836257935
2025-08-03 14:26:37,736 - INFO - Starting G&C
2025-08-03 14:26:41,362 - INFO - Finished G&C, time elapsed=3.626702070236206s
2025-08-03 14:26:41,363 - INFO - Finished seed=0
2025-08-03 14:26:41,363 - INFO - ----------------------------------------------------------------------------------------------------------------------------------------------
2025-08-03 14:26:41,363 - INFO - ----------------------------------------------------------------------------------------------------------------------------------------------
2025-08-03 14:26:41,364 - INFO - Finished student_dim=9
2025-08-03 14:26:41,364 - INFO - G&C avg gen_loss = 0.833437716301893
2025-08-03 14:26:41,364 - INFO - ----------------------------------------------------------------------------------------------------------------------------------------------
2025-08-03 14:26:41,364 - INFO - Starting student_dim=10
2025-08-03 14:26:41,364 - INFO - Starting seed=0
2025-08-03 14:26:41,365 - INFO - A_teacher is 0.6540995836257935
2025-08-03 14:26:41,368 - INFO - Starting G&C
2025-08-03 14:26:45,102 - INFO - Finished G&C, time elapsed=3.7338109016418457s
2025-08-03 14:26:45,102 - INFO - Finished seed=0
2025-08-03 14:26:45,102 - INFO - ----------------------------------------------------------------------------------------------------------------------------------------------
2025-08-03 14:26:45,102 - INFO - ----------------------------------------------------------------------------------------------------------------------------------------------
2025-08-03 14:26:45,103 - INFO - Finished student_dim=10
2025-08-03 14:26:45,103 - INFO - G&C avg gen_loss = 0.71692906296812
2025-08-03 14:26:45,103 - INFO - ----------------------------------------------------------------------------------------------------------------------------------------------
2025-08-03 14:26:45,103 - INFO - Starting student_dim=11
2025-08-03 14:26:45,103 - INFO - Starting seed=0
2025-08-03 14:26:45,104 - INFO - A_teacher is 0.6540995836257935
2025-08-03 14:26:45,108 - INFO - Starting G&C
2025-08-03 14:26:48,900 - INFO - Finished G&C, time elapsed=3.7923121452331543s
2025-08-03 14:26:48,903 - INFO - Finished seed=0
2025-08-03 14:26:48,903 - INFO - ----------------------------------------------------------------------------------------------------------------------------------------------
2025-08-03 14:26:48,903 - INFO - ----------------------------------------------------------------------------------------------------------------------------------------------
2025-08-03 14:26:48,903 - INFO - Finished student_dim=11
2025-08-03 14:26:48,903 - INFO - G&C avg gen_loss = 0.5829741852649022
2025-08-03 14:26:48,903 - INFO - ----------------------------------------------------------------------------------------------------------------------------------------------
2025-08-03 14:26:48,903 - INFO - Starting student_dim=12
2025-08-03 14:26:48,903 - INFO - Starting seed=0
2025-08-03 14:26:48,904 - INFO - A_teacher is 0.6540995836257935
2025-08-03 14:26:48,908 - INFO - Starting G&C
2025-08-03 14:26:52,531 - INFO - No GNC sensing losses
2025-08-03 14:26:52,901 - INFO - Finished G&C, time elapsed=3.9924259185791016s
2025-08-03 14:26:52,901 - INFO - Finished seed=0
2025-08-03 14:26:52,901 - INFO - ----------------------------------------------------------------------------------------------------------------------------------------------
2025-08-03 14:26:52,901 - INFO - ----------------------------------------------------------------------------------------------------------------------------------------------
2025-08-03 14:26:52,901 - INFO - Finished student_dim=12
2025-08-03 14:26:52,902 - INFO - G&C avg gen_loss = nan
2025-08-03 14:26:52,902 - INFO - ----------------------------------------------------------------------------------------------------------------------------------------------
2025-08-03 14:26:52,902 - INFO - Starting student_dim=13
2025-08-03 14:26:52,902 - INFO - Starting seed=0
2025-08-03 14:26:52,903 - INFO - A_teacher is 0.6540995836257935
2025-08-03 14:26:52,909 - INFO - Starting G&C
2025-08-03 14:26:57,395 - INFO - No GNC sensing losses
2025-08-03 14:26:57,755 - INFO - Finished G&C, time elapsed=4.845896005630493s
2025-08-03 14:26:57,756 - INFO - Finished seed=0
2025-08-03 14:26:57,756 - INFO - ----------------------------------------------------------------------------------------------------------------------------------------------
2025-08-03 14:26:57,756 - INFO - ----------------------------------------------------------------------------------------------------------------------------------------------
2025-08-03 14:26:57,756 - INFO - Finished student_dim=13
2025-08-03 14:26:57,756 - INFO - G&C avg gen_loss = nan
2025-08-03 14:26:57,756 - INFO - ----------------------------------------------------------------------------------------------------------------------------------------------
2025-08-03 14:26:57,757 - INFO - Starting student_dim=14
2025-08-03 14:26:57,757 - INFO - Starting seed=0
2025-08-03 14:26:57,761 - INFO - A_teacher is 0.6540995836257935
2025-08-03 14:26:57,767 - INFO - Starting G&C
2025-08-03 14:27:03,929 - INFO - No GNC sensing losses
2025-08-03 14:27:04,293 - INFO - Finished G&C, time elapsed=6.525806903839111s
2025-08-03 14:27:04,293 - INFO - Finished seed=0
2025-08-03 14:27:04,294 - INFO - ----------------------------------------------------------------------------------------------------------------------------------------------
2025-08-03 14:27:04,294 - INFO - ----------------------------------------------------------------------------------------------------------------------------------------------
2025-08-03 14:27:04,294 - INFO - Finished student_dim=14
2025-08-03 14:27:04,295 - INFO - G&C avg gen_loss = nan
2025-08-03 14:27:04,295 - INFO - ----------------------------------------------------------------------------------------------------------------------------------------------
2025-08-03 14:27:04,295 - INFO - Starting student_dim=15
2025-08-03 14:27:04,295 - INFO - Starting seed=0
2025-08-03 14:27:04,298 - INFO - A_teacher is 0.6540995836257935
2025-08-03 14:27:04,306 - INFO - Starting G&C
2025-08-03 14:27:11,996 - INFO - No GNC sensing losses
2025-08-03 14:27:12,357 - INFO - Finished G&C, time elapsed=8.050658941268921s
2025-08-03 14:27:12,357 - INFO - Finished seed=0
2025-08-03 14:27:12,358 - INFO - ----------------------------------------------------------------------------------------------------------------------------------------------
2025-08-03 14:27:12,358 - INFO - ----------------------------------------------------------------------------------------------------------------------------------------------
2025-08-03 14:27:12,358 - INFO - Finished student_dim=15
2025-08-03 14:27:12,358 - INFO - G&C avg gen_loss = nan
2025-08-03 14:27:12,358 - INFO - ----------------------------------------------------------------------------------------------------------------------------------------------
2025-08-03 14:27:12,358 - INFO - Starting student_dim=16
2025-08-03 14:27:12,359 - INFO - Starting seed=0
2025-08-03 14:27:12,361 - INFO - A_teacher is 0.6540995836257935
2025-08-03 14:27:12,368 - INFO - Starting G&C
2025-08-03 14:27:17,461 - INFO - No GNC sensing losses
2025-08-03 14:27:17,852 - INFO - Finished G&C, time elapsed=5.48298192024231s
2025-08-03 14:27:17,852 - INFO - Finished seed=0
2025-08-03 14:27:17,852 - INFO - ----------------------------------------------------------------------------------------------------------------------------------------------
2025-08-03 14:27:17,852 - INFO - ----------------------------------------------------------------------------------------------------------------------------------------------
2025-08-03 14:27:17,852 - INFO - Finished student_dim=16
2025-08-03 14:27:17,852 - INFO - G&C avg gen_loss = nan
2025-08-03 14:27:17,853 - INFO - ----------------------------------------------------------------------------------------------------------------------------------------------
2025-08-03 14:27:17,853 - INFO - Starting student_dim=17
2025-08-03 14:27:17,853 - INFO - Starting seed=0
2025-08-03 14:27:17,856 - INFO - A_teacher is 0.6540995836257935
2025-08-03 14:27:17,863 - INFO - Starting G&C
2025-08-03 14:27:21,690 - INFO - No GNC sensing losses
2025-08-03 14:27:22,040 - INFO - Finished G&C, time elapsed=4.1771697998046875s
2025-08-03 14:27:22,040 - INFO - Finished seed=0
2025-08-03 14:27:22,041 - INFO - ----------------------------------------------------------------------------------------------------------------------------------------------
2025-08-03 14:27:22,041 - INFO - ----------------------------------------------------------------------------------------------------------------------------------------------
2025-08-03 14:27:22,041 - INFO - Finished student_dim=17
2025-08-03 14:27:22,041 - INFO - G&C avg gen_loss = nan
2025-08-03 14:27:22,041 - INFO - ----------------------------------------------------------------------------------------------------------------------------------------------
2025-08-03 14:27:22,041 - INFO - Starting student_dim=18
2025-08-03 14:27:22,041 - INFO - Starting seed=0
2025-08-03 14:27:22,049 - INFO - A_teacher is 0.6540995836257935
2025-08-03 14:27:22,055 - INFO - Starting G&C
2025-08-03 14:27:25,839 - INFO - No GNC sensing losses
2025-08-03 14:27:26,159 - INFO - Finished G&C, time elapsed=4.104120969772339s
2025-08-03 14:27:26,159 - INFO - Finished seed=0
2025-08-03 14:27:26,160 - INFO - ----------------------------------------------------------------------------------------------------------------------------------------------
2025-08-03 14:27:26,160 - INFO - ----------------------------------------------------------------------------------------------------------------------------------------------
2025-08-03 14:27:26,160 - INFO - Finished student_dim=18
2025-08-03 14:27:26,160 - INFO - G&C avg gen_loss = nan
2025-08-03 14:27:26,160 - INFO - ----------------------------------------------------------------------------------------------------------------------------------------------
2025-08-03 14:27:26,160 - INFO - Starting student_dim=19
2025-08-03 14:27:26,160 - INFO - Starting seed=0
2025-08-03 14:27:26,161 - INFO - A_teacher is 0.6540995836257935
2025-08-03 14:27:26,164 - INFO - Starting G&C
2025-08-03 14:27:29,863 - INFO - No GNC sensing losses
2025-08-03 14:27:30,223 - INFO - Finished G&C, time elapsed=4.05887508392334s
2025-08-03 14:27:30,223 - INFO - Finished seed=0
2025-08-03 14:27:30,224 - INFO - ----------------------------------------------------------------------------------------------------------------------------------------------
2025-08-03 14:27:30,224 - INFO - ----------------------------------------------------------------------------------------------------------------------------------------------
2025-08-03 14:27:30,224 - INFO - Finished student_dim=19
2025-08-03 14:27:30,224 - INFO - G&C avg gen_loss = nan
2025-08-03 14:27:30,224 - INFO - ----------------------------------------------------------------------------------------------------------------------------------------------
2025-08-03 14:27:30,627 - INFO - Finished experiments, results saved to results, figures saved to figures
