2025-08-05 14:33:12,874 - INFO - Using device mps.
2025-08-05 14:33:12,874 - INFO - Args: Namespace(num_seeds=8, num_measurements=1, input_e1=False, sequence_length=5, teacher_ranks=[1], student_dims=[10, 11, 12, 13, 14, 15, 16, 17, 18, 19, 20, 21, 22, 23, 24, 25, 26, 27, 28, 29, 30, 31, 32, 33, 34, 35, 36, 37, 38, 39, 40, 41, 42, 43, 44, 45, 46, 47, 48, 49], calc_loss_only_on_last_output=True, eps_train=5e-16, gnc=True, gnc_num_samples=1000000000, gnc_batch_size=10000000, gd=False, gd_lr=0.001, gd_epochs=1000000, gd_init_scale=0.01, gd_optimizer='adam', config=None, results_dir=PosixPath('results'), figures_dir=PosixPath('figures'), log_dir=PosixPath('logs'))
2025-08-05 14:33:12,884 - INFO - Starting teacher_rank=1
2025-08-05 14:33:12,884 - INFO - Starting student_dim=10
2025-08-05 14:33:12,884 - INFO - Starting seed=0
2025-08-05 14:33:12,892 - INFO - A_teacher is 0.3810834586620331
2025-08-05 14:33:12,926 - INFO - Starting G&C
2025-08-05 14:36:19,450 - INFO - Finished G&C, time elapsed=186.5194230079651s
2025-08-05 14:36:19,453 - INFO - Finished seed=0
2025-08-05 14:36:19,457 - INFO - Starting seed=1
2025-08-05 14:36:19,466 - INFO - A_teacher is 0.6540995836257935
2025-08-05 14:36:19,479 - INFO - Starting G&C
2025-08-05 14:39:55,005 - INFO - Finished G&C, time elapsed=215.52377891540527s
2025-08-05 14:39:55,008 - INFO - Finished seed=1
2025-08-05 14:39:55,011 - INFO - Starting seed=2
2025-08-05 14:39:55,021 - INFO - A_teacher is 0.5661352276802063
2025-08-05 14:39:55,037 - INFO - Starting G&C
2025-08-05 14:43:12,069 - INFO - Finished G&C, time elapsed=197.0304307937622s
2025-08-05 14:43:12,071 - INFO - Finished seed=2
2025-08-05 14:43:12,074 - INFO - Starting seed=3
2025-08-05 14:43:12,081 - INFO - A_teacher is 0.539229691028595
2025-08-05 14:43:12,095 - INFO - Starting G&C
2025-08-05 15:03:00,214 - INFO - Finished G&C, time elapsed=1188.1164622306824s
2025-08-05 15:03:00,217 - INFO - Finished seed=3
2025-08-05 15:03:00,221 - INFO - Starting seed=4
2025-08-05 15:03:00,228 - INFO - A_teacher is 0.5803276300430298
2025-08-05 15:03:00,243 - INFO - Starting G&C
2025-08-05 15:06:32,679 - INFO - Finished G&C, time elapsed=212.43088483810425s
2025-08-05 15:06:32,683 - INFO - Finished seed=4
2025-08-05 15:06:32,687 - INFO - Starting seed=5
2025-08-05 15:06:32,700 - INFO - A_teacher is 0.33947238326072693
2025-08-05 15:06:32,723 - INFO - Starting G&C
2025-08-05 15:09:55,875 - INFO - Finished G&C, time elapsed=203.1497631072998s
2025-08-05 15:09:55,877 - INFO - Finished seed=5
2025-08-05 15:09:55,880 - INFO - Starting seed=6
2025-08-05 15:09:55,886 - INFO - A_teacher is 0.45132192969322205
2025-08-05 15:09:55,895 - INFO - Starting G&C
2025-08-05 15:13:09,848 - INFO - Finished G&C, time elapsed=193.9519500732422s
2025-08-05 15:13:09,850 - INFO - Finished seed=6
2025-08-05 15:13:09,851 - INFO - Starting seed=7
2025-08-05 15:13:09,857 - INFO - A_teacher is 0.31256014108657837
2025-08-05 15:13:09,867 - INFO - Starting G&C
2025-08-05 15:16:35,204 - INFO - Finished G&C, time elapsed=205.3357639312744s
2025-08-05 15:16:35,206 - INFO - Finished seed=7
2025-08-05 15:16:35,209 - INFO - ----------------------------------------------------------------------------------------------------------------------------------------------
2025-08-05 15:16:35,209 - INFO - ----------------------------------------------------------------------------------------------------------------------------------------------
2025-08-05 15:16:35,209 - INFO - Finished student_dim=10
2025-08-05 15:16:35,225 - INFO - G&C avg gen_loss = 0.9936062618487378
2025-08-05 15:16:35,225 - INFO - ----------------------------------------------------------------------------------------------------------------------------------------------
2025-08-05 15:16:35,227 - INFO - Starting student_dim=11
2025-08-05 15:16:35,230 - INFO - Starting seed=0
2025-08-05 15:16:35,237 - INFO - A_teacher is 0.48532047867774963
2025-08-05 15:16:35,260 - INFO - Starting G&C
2025-08-05 15:20:00,175 - INFO - Finished G&C, time elapsed=204.91224884986877s
2025-08-05 15:20:00,177 - INFO - Finished seed=0
2025-08-05 15:20:00,179 - INFO - Starting seed=1
2025-08-05 15:20:00,186 - INFO - A_teacher is 0.6540995836257935
2025-08-05 15:20:00,194 - INFO - Starting G&C
2025-08-05 15:24:03,438 - INFO - Finished G&C, time elapsed=243.24278497695923s
2025-08-05 15:24:03,439 - INFO - Finished seed=1
2025-08-05 15:24:03,440 - INFO - Starting seed=2
2025-08-05 15:24:03,446 - INFO - A_teacher is 0.5661352276802063
2025-08-05 15:24:03,452 - INFO - Starting G&C
2025-08-05 15:28:14,625 - INFO - Finished G&C, time elapsed=251.17139101028442s
2025-08-05 15:28:14,626 - INFO - Finished seed=2
2025-08-05 15:28:14,628 - INFO - Starting seed=3
2025-08-05 15:28:14,635 - INFO - A_teacher is 0.539229691028595
2025-08-05 15:28:14,645 - INFO - Starting G&C
2025-08-05 15:32:34,926 - INFO - Finished G&C, time elapsed=260.2798068523407s
2025-08-05 15:32:34,928 - INFO - Finished seed=3
2025-08-05 15:32:34,930 - INFO - Starting seed=4
2025-08-05 15:32:34,937 - INFO - A_teacher is 0.5803276300430298
2025-08-05 15:32:34,950 - INFO - Starting G&C
2025-08-05 15:36:49,375 - INFO - Finished G&C, time elapsed=254.42330288887024s
2025-08-05 15:36:49,377 - INFO - Finished seed=4
2025-08-05 15:36:49,379 - INFO - Starting seed=5
2025-08-05 15:36:49,384 - INFO - A_teacher is 0.33947238326072693
2025-08-05 15:36:49,391 - INFO - Starting G&C
2025-08-05 15:40:58,506 - INFO - Finished G&C, time elapsed=249.11319398880005s
2025-08-05 15:40:58,509 - INFO - Finished seed=5
2025-08-05 15:40:58,511 - INFO - Starting seed=6
2025-08-05 15:40:58,519 - INFO - A_teacher is 0.45132192969322205
2025-08-05 15:40:58,530 - INFO - Starting G&C
2025-08-05 15:44:54,599 - INFO - Finished G&C, time elapsed=236.0670371055603s
2025-08-05 15:44:54,601 - INFO - Finished seed=6
2025-08-05 15:44:54,603 - INFO - Starting seed=7
2025-08-05 15:44:54,610 - INFO - A_teacher is 0.31256014108657837
2025-08-05 15:44:54,617 - INFO - Starting G&C
2025-08-05 15:48:53,600 - INFO - Finished G&C, time elapsed=238.98055696487427s
2025-08-05 15:48:53,602 - INFO - Finished seed=7
2025-08-05 15:48:53,604 - INFO - ----------------------------------------------------------------------------------------------------------------------------------------------
2025-08-05 15:48:53,604 - INFO - ----------------------------------------------------------------------------------------------------------------------------------------------
2025-08-05 15:48:53,604 - INFO - Finished student_dim=11
2025-08-05 15:48:53,617 - INFO - G&C avg gen_loss = 0.963663086570854
2025-08-05 15:48:53,617 - INFO - ----------------------------------------------------------------------------------------------------------------------------------------------
2025-08-05 15:48:53,618 - INFO - Starting student_dim=12
2025-08-05 15:48:53,621 - INFO - Starting seed=0
2025-08-05 15:48:53,627 - INFO - A_teacher is 0.48532047867774963
2025-08-05 15:48:53,646 - INFO - Starting G&C
2025-08-05 15:53:12,696 - INFO - Finished G&C, time elapsed=259.0493929386139s
2025-08-05 15:53:12,698 - INFO - Finished seed=0
2025-08-05 15:53:12,700 - INFO - Starting seed=1
2025-08-05 15:53:12,709 - INFO - A_teacher is 0.6540995836257935
2025-08-05 15:53:12,722 - INFO - Starting G&C
2025-08-05 15:57:06,276 - INFO - Finished G&C, time elapsed=233.55153918266296s
2025-08-05 15:57:06,277 - INFO - Finished seed=1
2025-08-05 15:57:06,278 - INFO - Starting seed=2
2025-08-05 15:57:06,285 - INFO - A_teacher is 0.5661352276802063
2025-08-05 15:57:06,290 - INFO - Starting G&C
2025-08-05 16:00:38,503 - INFO - Finished G&C, time elapsed=212.20989894866943s
2025-08-05 16:00:38,505 - INFO - Finished seed=2
2025-08-05 16:00:38,507 - INFO - Starting seed=3
2025-08-05 16:00:38,514 - INFO - A_teacher is 0.539229691028595
2025-08-05 16:00:38,522 - INFO - Starting G&C
2025-08-05 16:04:11,477 - INFO - Finished G&C, time elapsed=212.95405793190002s
2025-08-05 16:04:11,479 - INFO - Finished seed=3
2025-08-05 16:04:11,481 - INFO - Starting seed=4
2025-08-05 16:04:11,487 - INFO - A_teacher is 0.5803276300430298
2025-08-05 16:04:11,495 - INFO - Starting G&C
2025-08-05 16:39:53,001 - INFO - Finished G&C, time elapsed=2141.50266289711s
2025-08-05 16:39:53,003 - INFO - Finished seed=4
2025-08-05 16:39:53,007 - INFO - Starting seed=5
2025-08-05 16:39:53,015 - INFO - A_teacher is 0.33947238326072693
2025-08-05 16:39:53,025 - INFO - Starting G&C
2025-08-05 17:14:33,384 - INFO - Finished G&C, time elapsed=2080.3569490909576s
2025-08-05 17:14:33,386 - INFO - Finished seed=5
2025-08-05 17:14:33,389 - INFO - Starting seed=6
2025-08-05 17:14:33,397 - INFO - A_teacher is 0.45132192969322205
2025-08-05 17:14:33,406 - INFO - Starting G&C
2025-08-05 17:18:10,789 - INFO - Finished G&C, time elapsed=217.38077783584595s
2025-08-05 17:18:10,791 - INFO - Finished seed=6
2025-08-05 17:18:10,792 - INFO - Starting seed=7
2025-08-05 17:18:10,798 - INFO - A_teacher is 0.31256014108657837
2025-08-05 17:18:10,807 - INFO - Starting G&C
2025-08-05 17:21:45,076 - INFO - Finished G&C, time elapsed=214.26857209205627s
2025-08-05 17:21:45,078 - INFO - Finished seed=7
2025-08-05 17:21:45,081 - INFO - ----------------------------------------------------------------------------------------------------------------------------------------------
2025-08-05 17:21:45,081 - INFO - ----------------------------------------------------------------------------------------------------------------------------------------------
2025-08-05 17:21:45,081 - INFO - Finished student_dim=12
2025-08-05 17:21:45,095 - INFO - G&C avg gen_loss = 1.0356024137767343
2025-08-05 17:21:45,095 - INFO - ----------------------------------------------------------------------------------------------------------------------------------------------
2025-08-05 17:21:45,095 - INFO - Starting student_dim=13
2025-08-05 17:21:45,098 - INFO - Starting seed=0
2025-08-05 17:21:45,104 - INFO - A_teacher is 0.48532047867774963
2025-08-05 17:21:45,221 - INFO - Starting G&C
2025-08-05 17:25:16,833 - INFO - Finished G&C, time elapsed=211.60928177833557s
2025-08-05 17:25:16,835 - INFO - Finished seed=0
2025-08-05 17:25:16,837 - INFO - Starting seed=1
2025-08-05 17:25:16,844 - INFO - A_teacher is 0.6540995836257935
2025-08-05 17:25:16,857 - INFO - Starting G&C
2025-08-05 17:29:05,837 - INFO - Finished G&C, time elapsed=228.97797513008118s
2025-08-05 17:29:05,839 - INFO - Finished seed=1
2025-08-05 17:29:05,840 - INFO - Starting seed=2
2025-08-05 17:29:05,850 - INFO - A_teacher is 0.5661352276802063
2025-08-05 17:29:05,859 - INFO - Starting G&C
2025-08-05 17:32:43,332 - INFO - Finished G&C, time elapsed=217.46978116035461s
2025-08-05 17:32:43,334 - INFO - Finished seed=2
2025-08-05 17:32:43,337 - INFO - Starting seed=3
2025-08-05 17:32:43,345 - INFO - A_teacher is 0.539229691028595
2025-08-05 17:32:43,359 - INFO - Starting G&C
2025-08-05 17:36:24,720 - INFO - Finished G&C, time elapsed=221.35943293571472s
2025-08-05 17:36:24,722 - INFO - Finished seed=3
2025-08-05 17:36:24,724 - INFO - Starting seed=4
2025-08-05 17:36:24,731 - INFO - A_teacher is 0.5803276300430298
2025-08-05 17:36:24,736 - INFO - Starting G&C
2025-08-05 17:40:52,061 - INFO - Finished G&C, time elapsed=267.31972193717957s
2025-08-05 17:40:52,064 - INFO - Finished seed=4
2025-08-05 17:40:52,068 - INFO - Starting seed=5
2025-08-05 17:40:52,079 - INFO - A_teacher is 0.33947238326072693
2025-08-05 17:40:52,096 - INFO - Starting G&C
2025-08-05 17:45:16,330 - INFO - Finished G&C, time elapsed=264.2308900356293s
2025-08-05 17:45:16,332 - INFO - Finished seed=5
2025-08-05 17:45:16,335 - INFO - Starting seed=6
2025-08-05 17:45:16,343 - INFO - A_teacher is 0.45132192969322205
2025-08-05 17:45:16,355 - INFO - Starting G&C
2025-08-05 17:49:35,424 - INFO - Finished G&C, time elapsed=259.06688690185547s
2025-08-05 17:49:35,426 - INFO - Finished seed=6
2025-08-05 17:49:35,430 - INFO - Starting seed=7
2025-08-05 17:49:35,437 - INFO - A_teacher is 0.31256014108657837
2025-08-05 17:49:35,445 - INFO - Starting G&C
2025-08-05 17:53:43,509 - INFO - Finished G&C, time elapsed=248.0615041255951s
2025-08-05 17:53:43,512 - INFO - Finished seed=7
2025-08-05 17:53:43,516 - INFO - ----------------------------------------------------------------------------------------------------------------------------------------------
2025-08-05 17:53:43,516 - INFO - ----------------------------------------------------------------------------------------------------------------------------------------------
2025-08-05 17:53:43,516 - INFO - Finished student_dim=13
2025-08-05 17:53:43,536 - INFO - G&C avg gen_loss = 1.0743294422175462
2025-08-05 17:53:43,536 - INFO - ----------------------------------------------------------------------------------------------------------------------------------------------
2025-08-05 17:53:43,536 - INFO - Starting student_dim=14
2025-08-05 17:53:43,542 - INFO - Starting seed=0
2025-08-05 17:53:43,555 - INFO - A_teacher is 0.48532047867774963
2025-08-05 17:53:43,586 - INFO - Starting G&C
2025-08-05 17:58:06,123 - INFO - Finished G&C, time elapsed=262.53439807891846s
2025-08-05 17:58:06,125 - INFO - Finished seed=0
2025-08-05 17:58:06,127 - INFO - Starting seed=1
2025-08-05 17:58:06,133 - INFO - A_teacher is 0.6540995836257935
2025-08-05 17:58:06,140 - INFO - Starting G&C
2025-08-05 18:02:06,054 - INFO - Finished G&C, time elapsed=239.9127860069275s
2025-08-05 18:02:06,055 - INFO - Finished seed=1
2025-08-05 18:02:06,058 - INFO - Starting seed=2
2025-08-05 18:02:06,064 - INFO - A_teacher is 0.5661352276802063
2025-08-05 18:02:06,071 - INFO - Starting G&C
2025-08-05 18:05:42,241 - INFO - Finished G&C, time elapsed=216.1670160293579s
2025-08-05 18:05:42,243 - INFO - Finished seed=2
2025-08-05 18:05:42,245 - INFO - Starting seed=3
2025-08-05 18:05:42,251 - INFO - A_teacher is 0.539229691028595
2025-08-05 18:05:42,260 - INFO - Starting G&C
2025-08-05 18:09:14,126 - INFO - Finished G&C, time elapsed=211.86342883110046s
2025-08-05 18:09:14,128 - INFO - Finished seed=3
2025-08-05 18:09:14,136 - INFO - Starting seed=4
2025-08-05 18:09:14,143 - INFO - A_teacher is 0.5803276300430298
2025-08-05 18:09:14,156 - INFO - Starting G&C
2025-08-05 18:28:14,263 - INFO - Finished G&C, time elapsed=1140.1031239032745s
2025-08-05 18:28:14,267 - INFO - Finished seed=4
2025-08-05 18:28:14,271 - INFO - Starting seed=5
2025-08-05 18:28:14,278 - INFO - A_teacher is 0.33947238326072693
2025-08-05 18:28:14,288 - INFO - Starting G&C
2025-08-05 18:47:30,039 - INFO - Finished G&C, time elapsed=1155.7496666908264s
2025-08-05 18:47:30,041 - INFO - Finished seed=5
2025-08-05 18:47:30,043 - INFO - Starting seed=6
2025-08-05 18:47:30,049 - INFO - A_teacher is 0.45132192969322205
2025-08-05 18:47:30,057 - INFO - Starting G&C
2025-08-05 18:51:04,584 - INFO - Finished G&C, time elapsed=214.52538013458252s
2025-08-05 18:51:04,585 - INFO - Finished seed=6
2025-08-05 18:51:04,588 - INFO - Starting seed=7
2025-08-05 18:51:04,594 - INFO - A_teacher is 0.31256014108657837
2025-08-05 18:51:04,606 - INFO - Starting G&C
2025-08-05 18:54:38,004 - INFO - Finished G&C, time elapsed=213.39514708518982s
2025-08-05 18:54:38,006 - INFO - Finished seed=7
2025-08-05 18:54:38,014 - INFO - ----------------------------------------------------------------------------------------------------------------------------------------------
2025-08-05 18:54:38,014 - INFO - ----------------------------------------------------------------------------------------------------------------------------------------------
2025-08-05 18:54:38,014 - INFO - Finished student_dim=14
2025-08-05 18:54:38,026 - INFO - G&C avg gen_loss = 1.0628559857737683
2025-08-05 18:54:38,026 - INFO - ----------------------------------------------------------------------------------------------------------------------------------------------
2025-08-05 18:54:38,027 - INFO - Starting student_dim=15
2025-08-05 18:54:38,030 - INFO - Starting seed=0
2025-08-05 18:54:38,036 - INFO - A_teacher is 0.48532047867774963
2025-08-05 18:54:38,068 - INFO - Starting G&C
2025-08-05 19:03:17,221 - INFO - Finished G&C, time elapsed=519.151960849762s
2025-08-05 19:03:17,223 - INFO - Finished seed=0
2025-08-05 19:03:17,227 - INFO - Starting seed=1
2025-08-05 19:03:17,232 - INFO - A_teacher is 0.6540995836257935
2025-08-05 19:03:17,239 - INFO - Starting G&C
2025-08-05 19:06:56,266 - INFO - Finished G&C, time elapsed=219.02363872528076s
2025-08-05 19:06:56,268 - INFO - Finished seed=1
2025-08-05 19:06:56,271 - INFO - Starting seed=2
2025-08-05 19:06:56,277 - INFO - A_teacher is 0.5661352276802063
2025-08-05 19:06:56,289 - INFO - Starting G&C
2025-08-05 19:10:39,074 - INFO - Finished G&C, time elapsed=222.78175592422485s
2025-08-05 19:10:39,076 - INFO - Finished seed=2
2025-08-05 19:10:39,080 - INFO - Starting seed=3
2025-08-05 19:10:39,088 - INFO - A_teacher is 0.539229691028595
2025-08-05 19:10:39,100 - INFO - Starting G&C
2025-08-05 19:20:31,994 - INFO - Finished G&C, time elapsed=592.8903369903564s
2025-08-05 19:20:31,996 - INFO - Finished seed=3
2025-08-05 19:20:32,001 - INFO - Starting seed=4
2025-08-05 19:20:32,011 - INFO - A_teacher is 0.5803276300430298
2025-08-05 19:20:32,024 - INFO - Starting G&C
2025-08-05 19:26:44,532 - INFO - Finished G&C, time elapsed=372.50475430488586s
2025-08-05 19:26:44,534 - INFO - Finished seed=4
2025-08-05 19:26:44,539 - INFO - Starting seed=5
2025-08-05 19:26:44,547 - INFO - A_teacher is 0.33947238326072693
2025-08-05 19:26:44,557 - INFO - Starting G&C
2025-08-05 19:33:11,352 - INFO - Finished G&C, time elapsed=386.79224586486816s
2025-08-05 19:33:11,354 - INFO - Finished seed=5
2025-08-05 19:33:11,363 - INFO - Starting seed=6
2025-08-05 19:33:11,373 - INFO - A_teacher is 0.45132192969322205
2025-08-05 19:33:11,384 - INFO - Starting G&C
2025-08-05 19:36:47,308 - INFO - Finished G&C, time elapsed=215.92117404937744s
2025-08-05 19:36:47,310 - INFO - Finished seed=6
2025-08-05 19:36:47,312 - INFO - Starting seed=7
2025-08-05 19:36:47,317 - INFO - A_teacher is 0.31256014108657837
2025-08-05 19:36:47,325 - INFO - Starting G&C
2025-08-05 20:36:25,667 - INFO - Finished G&C, time elapsed=3578.3398818969727s
2025-08-05 20:36:25,669 - INFO - Finished seed=7
2025-08-05 20:36:25,673 - INFO - ----------------------------------------------------------------------------------------------------------------------------------------------
2025-08-05 20:36:25,673 - INFO - ----------------------------------------------------------------------------------------------------------------------------------------------
2025-08-05 20:36:25,673 - INFO - Finished student_dim=15
2025-08-05 20:36:25,689 - INFO - G&C avg gen_loss = 1.0797969855525378
2025-08-05 20:36:25,689 - INFO - ----------------------------------------------------------------------------------------------------------------------------------------------
2025-08-05 20:36:25,689 - INFO - Starting student_dim=16
2025-08-05 20:36:25,694 - INFO - Starting seed=0
2025-08-05 20:36:25,702 - INFO - A_teacher is 0.48532047867774963
2025-08-05 20:36:25,737 - INFO - Starting G&C
2025-08-05 20:39:56,990 - INFO - Finished G&C, time elapsed=211.2519130706787s
2025-08-05 20:39:56,991 - INFO - Finished seed=0
2025-08-05 20:39:56,994 - INFO - Starting seed=1
2025-08-05 20:39:57,000 - INFO - A_teacher is 0.6540995836257935
2025-08-05 20:39:57,012 - INFO - Starting G&C
2025-08-05 20:43:37,507 - INFO - Finished G&C, time elapsed=220.4923756122589s
2025-08-05 20:43:37,508 - INFO - Finished seed=1
2025-08-05 20:43:37,511 - INFO - Starting seed=2
2025-08-05 20:43:37,516 - INFO - A_teacher is 0.5661352276802063
2025-08-05 20:43:37,524 - INFO - Starting G&C
2025-08-05 20:54:27,489 - INFO - Finished G&C, time elapsed=649.961186170578s
2025-08-05 20:54:27,491 - INFO - Finished seed=2
2025-08-05 20:54:27,495 - INFO - Starting seed=3
2025-08-05 20:54:27,504 - INFO - A_teacher is 0.539229691028595
2025-08-05 20:54:27,515 - INFO - Starting G&C
2025-08-05 20:58:05,925 - INFO - Finished G&C, time elapsed=218.40852904319763s
2025-08-05 20:58:05,927 - INFO - Finished seed=3
2025-08-05 20:58:05,930 - INFO - Starting seed=4
2025-08-05 20:58:05,936 - INFO - A_teacher is 0.5803276300430298
2025-08-05 20:58:05,945 - INFO - Starting G&C
2025-08-05 21:01:44,367 - INFO - Finished G&C, time elapsed=218.41964268684387s
2025-08-05 21:01:44,369 - INFO - Finished seed=4
2025-08-05 21:01:44,377 - INFO - Starting seed=5
2025-08-05 21:01:44,383 - INFO - A_teacher is 0.33947238326072693
2025-08-05 21:01:44,394 - INFO - Starting G&C
2025-08-05 21:05:16,263 - INFO - Finished G&C, time elapsed=211.86819696426392s
2025-08-05 21:05:16,266 - INFO - Finished seed=5
2025-08-05 21:05:16,268 - INFO - Starting seed=6
2025-08-05 21:05:16,276 - INFO - A_teacher is 0.45132192969322205
2025-08-05 21:05:16,289 - INFO - Starting G&C
2025-08-05 21:18:59,143 - INFO - Finished G&C, time elapsed=822.8521993160248s
2025-08-05 21:18:59,145 - INFO - Finished seed=6
2025-08-05 21:18:59,150 - INFO - Starting seed=7
2025-08-05 21:18:59,157 - INFO - A_teacher is 0.31256014108657837
2025-08-05 21:18:59,165 - INFO - Starting G&C
2025-08-05 21:22:37,305 - INFO - Finished G&C, time elapsed=218.12191700935364s
2025-08-05 21:22:37,325 - INFO - Finished seed=7
2025-08-05 21:22:37,344 - INFO - ----------------------------------------------------------------------------------------------------------------------------------------------
2025-08-05 21:22:37,344 - INFO - ----------------------------------------------------------------------------------------------------------------------------------------------
2025-08-05 21:22:37,344 - INFO - Finished student_dim=16
2025-08-05 21:22:37,428 - INFO - G&C avg gen_loss = 1.0844365113214107
2025-08-05 21:22:37,428 - INFO - ----------------------------------------------------------------------------------------------------------------------------------------------
2025-08-05 21:22:37,429 - INFO - Starting student_dim=17
2025-08-05 21:22:37,457 - INFO - Starting seed=0
2025-08-05 21:22:37,483 - INFO - A_teacher is 0.48532047867774963
2025-08-05 21:22:37,624 - INFO - Starting G&C
