2025-08-03 14:14:36,348 - INFO - Using device mps.
2025-08-03 14:14:36,348 - INFO - Args: Namespace(num_seeds=1, num_measurements=1, input_e1=True, sequence_length=3, teacher_ranks=[1], student_dims=[3, 4, 5, 6, 7, 8, 9, 10, 11, 12, 13, 14, 15, 16, 17, 18, 19], calc_loss_only_on_last_output=True, eps_train=1e-06, gnc=True, gnc_num_samples=1000000000, gnc_batch_size=10000000, gd=False, gd_lr=0.01, gd_epochs=100000, gd_init_scale=0.01, gd_optimizer='adam', config=None, results_dir=PosixPath('results'), figures_dir=PosixPath('figures'), log_dir=PosixPath('logs'))
2025-08-03 14:14:36,357 - INFO - Starting teacher_rank=1
2025-08-03 14:14:36,358 - INFO - Starting student_dim=3
2025-08-03 14:14:36,358 - INFO - Starting seed=0
2025-08-03 14:14:36,363 - INFO - A_teacher is 0.612228512763977
2025-08-03 14:14:36,385 - INFO - Starting G&C
2025-08-03 14:16:16,246 - INFO - Finished G&C, time elapsed=99.85705304145813s
2025-08-03 14:16:16,250 - INFO - Finished seed=0
2025-08-03 14:16:16,256 - INFO - ----------------------------------------------------------------------------------------------------------------------------------------------
2025-08-03 14:16:16,256 - INFO - ----------------------------------------------------------------------------------------------------------------------------------------------
2025-08-03 14:16:16,256 - INFO - Finished student_dim=3
2025-08-03 14:16:16,264 - INFO - G&C avg gen_loss = 0.7492781910353665
2025-08-03 14:16:16,264 - INFO - ----------------------------------------------------------------------------------------------------------------------------------------------
2025-08-03 14:16:16,265 - INFO - Starting student_dim=4
2025-08-03 14:16:16,267 - INFO - Starting seed=0
2025-08-03 14:16:16,272 - INFO - A_teacher is 0.6540995836257935
2025-08-03 14:16:16,295 - INFO - Starting G&C
2025-08-03 14:18:11,257 - INFO - Finished G&C, time elapsed=114.96041703224182s
2025-08-03 14:18:11,258 - INFO - Finished seed=0
2025-08-03 14:18:11,265 - INFO - ----------------------------------------------------------------------------------------------------------------------------------------------
2025-08-03 14:18:11,265 - INFO - ----------------------------------------------------------------------------------------------------------------------------------------------
2025-08-03 14:18:11,266 - INFO - Finished student_dim=4
2025-08-03 14:18:11,269 - INFO - G&C avg gen_loss = 0.8562378348470138
2025-08-03 14:18:11,269 - INFO - ----------------------------------------------------------------------------------------------------------------------------------------------
2025-08-03 14:18:11,270 - INFO - Starting student_dim=5
2025-08-03 14:18:11,272 - INFO - Starting seed=0
2025-08-03 14:18:11,278 - INFO - A_teacher is 0.6540995836257935
2025-08-03 14:18:11,298 - INFO - Starting G&C
2025-08-03 14:20:10,577 - INFO - Finished G&C, time elapsed=119.27843022346497s
2025-08-03 14:20:10,579 - INFO - Finished seed=0
2025-08-03 14:20:10,584 - INFO - ----------------------------------------------------------------------------------------------------------------------------------------------
2025-08-03 14:20:10,584 - INFO - ----------------------------------------------------------------------------------------------------------------------------------------------
2025-08-03 14:20:10,584 - INFO - Finished student_dim=5
2025-08-03 14:20:10,586 - INFO - G&C avg gen_loss = 0.8557391853695786
2025-08-03 14:20:10,586 - INFO - ----------------------------------------------------------------------------------------------------------------------------------------------
2025-08-03 14:20:10,587 - INFO - Starting student_dim=6
2025-08-03 14:20:10,588 - INFO - Starting seed=0
2025-08-03 14:20:10,596 - INFO - A_teacher is 0.6540995836257935
2025-08-03 14:20:10,620 - INFO - Starting G&C
