2025-08-03 21:10:25,579 - INFO - Using device mps.
2025-08-03 21:10:25,579 - INFO - Args: Namespace(num_seeds=1, num_measurements=1, input_e1=True, sequence_length=5, teacher_ranks=[1], student_dims=[5, 6, 7, 8, 9, 10, 11, 12, 13, 14, 15, 16, 17, 18, 19, 20, 21, 22, 23, 24], calc_loss_only_on_last_output=True, eps_train=1e-10, gnc=True, gnc_num_samples=100000000, gnc_batch_size=10000000, gd=False, gd_lr=0.01, gd_epochs=100000, gd_init_scale=0.01, gd_optimizer='adam', config=None, results_dir=PosixPath('results'), figures_dir=PosixPath('figures'), log_dir=PosixPath('logs'))
2025-08-03 21:10:25,589 - INFO - Starting teacher_rank=1
2025-08-03 21:10:25,589 - INFO - Starting student_dim=5
2025-08-03 21:10:25,589 - INFO - Starting seed=0
2025-08-03 21:10:25,594 - INFO - A_teacher is 0.4744053781032562
2025-08-03 21:10:25,619 - INFO - Starting G&C
2025-08-03 21:10:29,469 - INFO - Finished G&C, time elapsed=3.8494389057159424s
2025-08-03 21:10:29,469 - INFO - Finished seed=0
2025-08-03 21:10:29,469 - INFO - ----------------------------------------------------------------------------------------------------------------------------------------------
2025-08-03 21:10:29,469 - INFO - ----------------------------------------------------------------------------------------------------------------------------------------------
2025-08-03 21:10:29,469 - INFO - Finished student_dim=5
2025-08-03 21:10:29,469 - INFO - G&C avg gen_loss = 0.6160746026837681
2025-08-03 21:10:29,469 - INFO - ----------------------------------------------------------------------------------------------------------------------------------------------
2025-08-03 21:10:29,469 - INFO - Starting student_dim=6
2025-08-03 21:10:29,470 - INFO - Starting seed=0
2025-08-03 21:10:29,471 - INFO - A_teacher is 0.6540995836257935
2025-08-03 21:10:29,474 - INFO - Starting G&C
2025-08-03 21:10:33,431 - INFO - Finished G&C, time elapsed=3.95682692527771s
2025-08-03 21:10:33,431 - INFO - Finished seed=0
2025-08-03 21:10:33,431 - INFO - ----------------------------------------------------------------------------------------------------------------------------------------------
2025-08-03 21:10:33,431 - INFO - ----------------------------------------------------------------------------------------------------------------------------------------------
2025-08-03 21:10:33,431 - INFO - Finished student_dim=6
2025-08-03 21:10:33,431 - INFO - G&C avg gen_loss = 1.408801573199455
2025-08-03 21:10:33,431 - INFO - ----------------------------------------------------------------------------------------------------------------------------------------------
2025-08-03 21:10:33,431 - INFO - Starting student_dim=7
2025-08-03 21:10:33,431 - INFO - Starting seed=0
2025-08-03 21:10:33,432 - INFO - A_teacher is 0.6540995836257935
2025-08-03 21:10:33,436 - INFO - Starting G&C
2025-08-03 21:10:37,570 - INFO - Finished G&C, time elapsed=4.133994102478027s
2025-08-03 21:10:37,570 - INFO - Finished seed=0
2025-08-03 21:10:37,570 - INFO - ----------------------------------------------------------------------------------------------------------------------------------------------
2025-08-03 21:10:37,570 - INFO - ----------------------------------------------------------------------------------------------------------------------------------------------
2025-08-03 21:10:37,570 - INFO - Finished student_dim=7
2025-08-03 21:10:37,570 - INFO - G&C avg gen_loss = 1.497681955098296
2025-08-03 21:10:37,570 - INFO - ----------------------------------------------------------------------------------------------------------------------------------------------
2025-08-03 21:10:37,570 - INFO - Starting student_dim=8
2025-08-03 21:10:37,570 - INFO - Starting seed=0
2025-08-03 21:10:37,571 - INFO - A_teacher is 0.6540995836257935
2025-08-03 21:10:37,576 - INFO - Starting G&C
2025-08-03 21:10:41,767 - INFO - Finished G&C, time elapsed=4.191130876541138s
2025-08-03 21:10:41,767 - INFO - Finished seed=0
2025-08-03 21:10:41,768 - INFO - ----------------------------------------------------------------------------------------------------------------------------------------------
2025-08-03 21:10:41,768 - INFO - ----------------------------------------------------------------------------------------------------------------------------------------------
2025-08-03 21:10:41,768 - INFO - Finished student_dim=8
2025-08-03 21:10:41,768 - INFO - G&C avg gen_loss = 1.5853958240903099
2025-08-03 21:10:41,768 - INFO - ----------------------------------------------------------------------------------------------------------------------------------------------
2025-08-03 21:10:41,768 - INFO - Starting student_dim=9
2025-08-03 21:10:41,768 - INFO - Starting seed=0
2025-08-03 21:10:41,769 - INFO - A_teacher is 0.6540995836257935
2025-08-03 21:10:41,773 - INFO - Starting G&C
2025-08-03 21:10:46,151 - INFO - Finished G&C, time elapsed=4.378024101257324s
2025-08-03 21:10:46,151 - INFO - Finished seed=0
2025-08-03 21:10:46,151 - INFO - ----------------------------------------------------------------------------------------------------------------------------------------------
2025-08-03 21:10:46,151 - INFO - ----------------------------------------------------------------------------------------------------------------------------------------------
2025-08-03 21:10:46,151 - INFO - Finished student_dim=9
2025-08-03 21:10:46,151 - INFO - G&C avg gen_loss = 1.5750508461239643
2025-08-03 21:10:46,151 - INFO - ----------------------------------------------------------------------------------------------------------------------------------------------
2025-08-03 21:10:46,151 - INFO - Starting student_dim=10
2025-08-03 21:10:46,151 - INFO - Starting seed=0
2025-08-03 21:10:46,152 - INFO - A_teacher is 0.6540995836257935
2025-08-03 21:10:46,156 - INFO - Starting G&C
2025-08-03 21:10:50,718 - INFO - Finished G&C, time elapsed=4.562798976898193s
2025-08-03 21:10:50,719 - INFO - Finished seed=0
2025-08-03 21:10:50,719 - INFO - ----------------------------------------------------------------------------------------------------------------------------------------------
2025-08-03 21:10:50,719 - INFO - ----------------------------------------------------------------------------------------------------------------------------------------------
2025-08-03 21:10:50,719 - INFO - Finished student_dim=10
2025-08-03 21:10:50,719 - INFO - G&C avg gen_loss = 1.6649434241055978
2025-08-03 21:10:50,719 - INFO - ----------------------------------------------------------------------------------------------------------------------------------------------
2025-08-03 21:10:50,719 - INFO - Starting student_dim=11
2025-08-03 21:10:50,719 - INFO - Starting seed=0
2025-08-03 21:10:50,721 - INFO - A_teacher is 0.6540995836257935
2025-08-03 21:10:50,724 - INFO - Starting G&C
2025-08-03 21:10:55,463 - INFO - Finished G&C, time elapsed=4.739058971405029s
2025-08-03 21:10:55,463 - INFO - Finished seed=0
2025-08-03 21:10:55,464 - INFO - ----------------------------------------------------------------------------------------------------------------------------------------------
2025-08-03 21:10:55,464 - INFO - ----------------------------------------------------------------------------------------------------------------------------------------------
2025-08-03 21:10:55,464 - INFO - Finished student_dim=11
2025-08-03 21:10:55,464 - INFO - G&C avg gen_loss = 1.7374056456820004
2025-08-03 21:10:55,464 - INFO - ----------------------------------------------------------------------------------------------------------------------------------------------
2025-08-03 21:10:55,464 - INFO - Starting student_dim=12
2025-08-03 21:10:55,464 - INFO - Starting seed=0
2025-08-03 21:10:55,465 - INFO - A_teacher is 0.6540995836257935
2025-08-03 21:10:55,469 - INFO - Starting G&C
2025-08-03 21:11:00,201 - INFO - Finished G&C, time elapsed=4.732358932495117s
2025-08-03 21:11:00,202 - INFO - Finished seed=0
2025-08-03 21:11:00,202 - INFO - ----------------------------------------------------------------------------------------------------------------------------------------------
2025-08-03 21:11:00,202 - INFO - ----------------------------------------------------------------------------------------------------------------------------------------------
2025-08-03 21:11:00,202 - INFO - Finished student_dim=12
2025-08-03 21:11:00,202 - INFO - G&C avg gen_loss = 1.808547778983771
2025-08-03 21:11:00,202 - INFO - ----------------------------------------------------------------------------------------------------------------------------------------------
2025-08-03 21:11:00,202 - INFO - Starting student_dim=13
2025-08-03 21:11:00,203 - INFO - Starting seed=0
2025-08-03 21:11:00,204 - INFO - A_teacher is 0.6540995836257935
2025-08-03 21:11:00,207 - INFO - Starting G&C
2025-08-03 21:11:05,329 - INFO - Finished G&C, time elapsed=5.121914863586426s
2025-08-03 21:11:05,329 - INFO - Finished seed=0
2025-08-03 21:11:05,330 - INFO - ----------------------------------------------------------------------------------------------------------------------------------------------
2025-08-03 21:11:05,330 - INFO - ----------------------------------------------------------------------------------------------------------------------------------------------
2025-08-03 21:11:05,330 - INFO - Finished student_dim=13
2025-08-03 21:11:05,330 - INFO - G&C avg gen_loss = 1.8747738303858592
2025-08-03 21:11:05,330 - INFO - ----------------------------------------------------------------------------------------------------------------------------------------------
2025-08-03 21:11:05,330 - INFO - Starting student_dim=14
2025-08-03 21:11:05,330 - INFO - Starting seed=0
2025-08-03 21:11:05,332 - INFO - A_teacher is 0.6540995836257935
2025-08-03 21:11:05,336 - INFO - Starting G&C
2025-08-03 21:11:11,790 - INFO - Finished G&C, time elapsed=6.4536802768707275s
2025-08-03 21:11:11,790 - INFO - Finished seed=0
2025-08-03 21:11:11,791 - INFO - ----------------------------------------------------------------------------------------------------------------------------------------------
2025-08-03 21:11:11,791 - INFO - ----------------------------------------------------------------------------------------------------------------------------------------------
2025-08-03 21:11:11,791 - INFO - Finished student_dim=14
2025-08-03 21:11:11,791 - INFO - G&C avg gen_loss = 1.9795550752563835
2025-08-03 21:11:11,791 - INFO - ----------------------------------------------------------------------------------------------------------------------------------------------
2025-08-03 21:11:11,791 - INFO - Starting student_dim=15
2025-08-03 21:11:11,791 - INFO - Starting seed=0
2025-08-03 21:11:11,793 - INFO - A_teacher is 0.6540995836257935
2025-08-03 21:11:11,800 - INFO - Starting G&C
2025-08-03 21:11:17,851 - INFO - Finished G&C, time elapsed=6.05044412612915s
2025-08-03 21:11:17,851 - INFO - Finished seed=0
2025-08-03 21:11:17,852 - INFO - ----------------------------------------------------------------------------------------------------------------------------------------------
2025-08-03 21:11:17,852 - INFO - ----------------------------------------------------------------------------------------------------------------------------------------------
2025-08-03 21:11:17,852 - INFO - Finished student_dim=15
2025-08-03 21:11:17,852 - INFO - G&C avg gen_loss = 2.0285936224511025
2025-08-03 21:11:17,852 - INFO - ----------------------------------------------------------------------------------------------------------------------------------------------
2025-08-03 21:11:17,852 - INFO - Starting student_dim=16
2025-08-03 21:11:17,853 - INFO - Starting seed=0
2025-08-03 21:11:17,887 - INFO - A_teacher is 0.6540995836257935
2025-08-03 21:11:17,893 - INFO - Starting G&C
2025-08-03 21:11:25,428 - INFO - Finished G&C, time elapsed=7.5351879596710205s
2025-08-03 21:11:25,430 - INFO - Finished seed=0
2025-08-03 21:11:25,430 - INFO - ----------------------------------------------------------------------------------------------------------------------------------------------
2025-08-03 21:11:25,430 - INFO - ----------------------------------------------------------------------------------------------------------------------------------------------
2025-08-03 21:11:25,430 - INFO - Finished student_dim=16
2025-08-03 21:11:25,430 - INFO - G&C avg gen_loss = 2.1036321755066894
2025-08-03 21:11:25,431 - INFO - ----------------------------------------------------------------------------------------------------------------------------------------------
2025-08-03 21:11:25,431 - INFO - Starting student_dim=17
2025-08-03 21:11:25,431 - INFO - Starting seed=0
2025-08-03 21:11:25,432 - INFO - A_teacher is 0.6540995836257935
2025-08-03 21:11:25,439 - INFO - Starting G&C
2025-08-03 21:11:30,938 - INFO - Finished G&C, time elapsed=5.4989988803863525s
2025-08-03 21:11:30,938 - INFO - Finished seed=0
2025-08-03 21:11:30,939 - INFO - ----------------------------------------------------------------------------------------------------------------------------------------------
2025-08-03 21:11:30,939 - INFO - ----------------------------------------------------------------------------------------------------------------------------------------------
2025-08-03 21:11:30,939 - INFO - Finished student_dim=17
2025-08-03 21:11:30,939 - INFO - G&C avg gen_loss = 2.106042113383961
2025-08-03 21:11:30,939 - INFO - ----------------------------------------------------------------------------------------------------------------------------------------------
2025-08-03 21:11:30,939 - INFO - Starting student_dim=18
2025-08-03 21:11:30,939 - INFO - Starting seed=0
2025-08-03 21:11:30,940 - INFO - A_teacher is 0.6540995836257935
2025-08-03 21:11:30,945 - INFO - Starting G&C
2025-08-03 21:11:36,598 - INFO - Finished G&C, time elapsed=5.653320789337158s
2025-08-03 21:11:36,599 - INFO - Finished seed=0
2025-08-03 21:11:36,599 - INFO - ----------------------------------------------------------------------------------------------------------------------------------------------
2025-08-03 21:11:36,599 - INFO - ----------------------------------------------------------------------------------------------------------------------------------------------
2025-08-03 21:11:36,599 - INFO - Finished student_dim=18
2025-08-03 21:11:36,599 - INFO - G&C avg gen_loss = 2.1372342083902973
2025-08-03 21:11:36,599 - INFO - ----------------------------------------------------------------------------------------------------------------------------------------------
2025-08-03 21:11:36,600 - INFO - Starting student_dim=19
2025-08-03 21:11:36,600 - INFO - Starting seed=0
2025-08-03 21:11:36,601 - INFO - A_teacher is 0.6540995836257935
2025-08-03 21:11:36,607 - INFO - Starting G&C
2025-08-03 21:11:41,964 - INFO - Finished G&C, time elapsed=5.356734991073608s
2025-08-03 21:11:41,964 - INFO - Finished seed=0
2025-08-03 21:11:41,964 - INFO - ----------------------------------------------------------------------------------------------------------------------------------------------
2025-08-03 21:11:41,964 - INFO - ----------------------------------------------------------------------------------------------------------------------------------------------
2025-08-03 21:11:41,964 - INFO - Finished student_dim=19
2025-08-03 21:11:41,964 - INFO - G&C avg gen_loss = 2.247956973772136
2025-08-03 21:11:41,964 - INFO - ----------------------------------------------------------------------------------------------------------------------------------------------
2025-08-03 21:11:41,965 - INFO - Starting student_dim=20
2025-08-03 21:11:41,965 - INFO - Starting seed=0
2025-08-03 21:11:41,966 - INFO - A_teacher is 0.6540995836257935
2025-08-03 21:11:41,971 - INFO - Starting G&C
2025-08-03 21:11:47,372 - INFO - Finished G&C, time elapsed=5.4009058475494385s
2025-08-03 21:11:47,373 - INFO - Finished seed=0
2025-08-03 21:11:47,373 - INFO - ----------------------------------------------------------------------------------------------------------------------------------------------
2025-08-03 21:11:47,373 - INFO - ----------------------------------------------------------------------------------------------------------------------------------------------
2025-08-03 21:11:47,373 - INFO - Finished student_dim=20
2025-08-03 21:11:47,373 - INFO - G&C avg gen_loss = 2.2844978602036417
2025-08-03 21:11:47,373 - INFO - ----------------------------------------------------------------------------------------------------------------------------------------------
2025-08-03 21:11:47,373 - INFO - Starting student_dim=21
2025-08-03 21:11:47,374 - INFO - Starting seed=0
2025-08-03 21:11:47,375 - INFO - A_teacher is 0.6540995836257935
2025-08-03 21:11:47,378 - INFO - Starting G&C
2025-08-03 21:11:52,892 - INFO - Finished G&C, time elapsed=5.5131330490112305s
2025-08-03 21:11:52,892 - INFO - Finished seed=0
2025-08-03 21:11:52,892 - INFO - ----------------------------------------------------------------------------------------------------------------------------------------------
2025-08-03 21:11:52,892 - INFO - ----------------------------------------------------------------------------------------------------------------------------------------------
2025-08-03 21:11:52,892 - INFO - Finished student_dim=21
2025-08-03 21:11:52,892 - INFO - G&C avg gen_loss = 2.360261481367804
2025-08-03 21:11:52,892 - INFO - ----------------------------------------------------------------------------------------------------------------------------------------------
2025-08-03 21:11:52,892 - INFO - Starting student_dim=22
2025-08-03 21:11:52,893 - INFO - Starting seed=0
2025-08-03 21:11:52,894 - INFO - A_teacher is 0.6540995836257935
2025-08-03 21:11:52,898 - INFO - Starting G&C
2025-08-03 21:11:58,706 - INFO - Finished G&C, time elapsed=5.808161020278931s
2025-08-03 21:11:58,706 - INFO - Finished seed=0
2025-08-03 21:11:58,707 - INFO - ----------------------------------------------------------------------------------------------------------------------------------------------
2025-08-03 21:11:58,707 - INFO - ----------------------------------------------------------------------------------------------------------------------------------------------
2025-08-03 21:11:58,707 - INFO - Finished student_dim=22
2025-08-03 21:11:58,707 - INFO - G&C avg gen_loss = 2.404281688653916
2025-08-03 21:11:58,707 - INFO - ----------------------------------------------------------------------------------------------------------------------------------------------
2025-08-03 21:11:58,707 - INFO - Starting student_dim=23
2025-08-03 21:11:58,707 - INFO - Starting seed=0
2025-08-03 21:11:58,756 - INFO - A_teacher is 0.6540995836257935
2025-08-03 21:11:58,762 - INFO - Starting G&C
2025-08-03 21:12:04,706 - INFO - Finished G&C, time elapsed=5.943268060684204s
2025-08-03 21:12:04,706 - INFO - Finished seed=0
2025-08-03 21:12:04,706 - INFO - ----------------------------------------------------------------------------------------------------------------------------------------------
2025-08-03 21:12:04,706 - INFO - ----------------------------------------------------------------------------------------------------------------------------------------------
2025-08-03 21:12:04,706 - INFO - Finished student_dim=23
2025-08-03 21:12:04,707 - INFO - G&C avg gen_loss = 2.472462891906102
2025-08-03 21:12:04,707 - INFO - ----------------------------------------------------------------------------------------------------------------------------------------------
2025-08-03 21:12:04,707 - INFO - Starting student_dim=24
2025-08-03 21:12:04,707 - INFO - Starting seed=0
2025-08-03 21:12:04,709 - INFO - A_teacher is 0.6540995836257935
2025-08-03 21:12:04,714 - INFO - Starting G&C
2025-08-03 21:12:10,696 - INFO - Finished G&C, time elapsed=5.982662200927734s
2025-08-03 21:12:10,697 - INFO - Finished seed=0
2025-08-03 21:12:10,697 - INFO - ----------------------------------------------------------------------------------------------------------------------------------------------
2025-08-03 21:12:10,697 - INFO - ----------------------------------------------------------------------------------------------------------------------------------------------
2025-08-03 21:12:10,697 - INFO - Finished student_dim=24
2025-08-03 21:12:10,697 - INFO - G&C avg gen_loss = 2.5094823311686887
2025-08-03 21:12:10,697 - INFO - ----------------------------------------------------------------------------------------------------------------------------------------------
2025-08-03 21:12:11,047 - INFO - Finished experiments, results saved to results_gnc_seq_len=5_num_measurements=1_input_e1=True_time=20250803-211210.csv, figures saved to plot_gnc_seq_len=5_num_measurements=1_input_e1=True_time=20250803-211210
