2025-08-06 13:20:16,354 - INFO - Using device cuda:0.
2025-08-06 13:20:16,355 - INFO - Args: Namespace(num_seeds=1, num_measurements=1, input_e1=False, sequence_length=5, teacher_ranks=[1], student_dims=[15, 16, 17, 18, 19, 20, 21, 22, 23, 24, 25, 26, 27, 28, 29, 30, 31, 32, 33, 34, 35, 36, 37, 38, 39], calc_loss_only_on_last_output=True, eps_train=1e-12, gnc=True, gnc_num_samples=100000000, gnc_batch_size=1000000, gd=False, gd_lr=0.001, gd_epochs=1000000, gd_init_scale=0.01, gd_optimizer='adam', config=None, results_dir=PosixPath('results'), figures_dir=PosixPath('figures'), log_dir=PosixPath('logs'))
2025-08-06 13:20:16,369 - INFO - Starting teacher_rank=1
2025-08-06 13:20:16,370 - INFO - Starting student_dim=15
2025-08-06 13:20:16,373 - INFO - Starting seed=0
2025-08-06 13:20:16,823 - INFO - A_teacher is 0.6540995836257935
2025-08-06 13:20:16,829 - INFO - dataset is tensor([[[-0.2934],
         [-2.1788],
         [ 0.5684],
         [-1.0845],
         [-1.3986]]])
2025-08-06 13:20:16,918 - INFO - Starting G&C
2025-08-06 13:20:25,988 - INFO - Finished G&C, time elapsed=9.06948709487915s
2025-08-06 13:20:25,988 - INFO - Finished seed=0
2025-08-06 13:20:25,989 - INFO - ----------------------------------------------------------------------------------------------------------------------------------------------
2025-08-06 13:20:25,989 - INFO - ----------------------------------------------------------------------------------------------------------------------------------------------
2025-08-06 13:20:25,990 - INFO - Finished student_dim=15
2025-08-06 13:20:25,992 - INFO - G&C avg gen_loss = 0.6028558465838433
2025-08-06 13:20:25,992 - INFO - G&C avg theoretical_loss = 0.6105459928512573
2025-08-06 13:20:25,992 - INFO - ----------------------------------------------------------------------------------------------------------------------------------------------
2025-08-06 13:20:25,993 - INFO - Starting student_dim=16
2025-08-06 13:20:25,994 - INFO - Starting seed=0
2025-08-06 13:20:25,996 - INFO - A_teacher is 0.6540995836257935
2025-08-06 13:20:25,998 - INFO - dataset is tensor([[[-0.2934],
         [-2.1788],
         [ 0.5684],
         [-1.0845],
         [-1.3986]]])
2025-08-06 13:20:25,999 - INFO - Starting G&C
2025-08-06 13:20:34,710 - INFO - Finished G&C, time elapsed=8.70923137664795s
2025-08-06 13:20:34,710 - INFO - Finished seed=0
2025-08-06 13:20:34,712 - INFO - ----------------------------------------------------------------------------------------------------------------------------------------------
2025-08-06 13:20:34,712 - INFO - ----------------------------------------------------------------------------------------------------------------------------------------------
2025-08-06 13:20:34,712 - INFO - Finished student_dim=16
2025-08-06 13:20:34,712 - INFO - G&C avg gen_loss = 0.5385183586793787
2025-08-06 13:20:34,712 - INFO - G&C avg theoretical_loss = -3.4474215507507324
2025-08-06 13:20:34,713 - INFO - ----------------------------------------------------------------------------------------------------------------------------------------------
2025-08-06 13:20:34,714 - INFO - Starting student_dim=17
2025-08-06 13:20:34,715 - INFO - Starting seed=0
2025-08-06 13:20:34,717 - INFO - A_teacher is 0.6540995836257935
2025-08-06 13:20:34,718 - INFO - dataset is tensor([[[-0.2934],
         [-2.1788],
         [ 0.5684],
         [-1.0845],
         [-1.3986]]])
2025-08-06 13:20:34,719 - INFO - Starting G&C
2025-08-06 13:20:43,495 - INFO - Finished G&C, time elapsed=8.776004552841187s
2025-08-06 13:20:43,496 - INFO - Finished seed=0
2025-08-06 13:20:43,496 - INFO - ----------------------------------------------------------------------------------------------------------------------------------------------
2025-08-06 13:20:43,497 - INFO - ----------------------------------------------------------------------------------------------------------------------------------------------
2025-08-06 13:20:43,497 - INFO - Finished student_dim=17
2025-08-06 13:20:43,498 - INFO - G&C avg gen_loss = 0.7509583491418097
2025-08-06 13:20:43,498 - INFO - G&C avg theoretical_loss = 0.6251907348632812
2025-08-06 13:20:43,499 - INFO - ----------------------------------------------------------------------------------------------------------------------------------------------
2025-08-06 13:20:43,500 - INFO - Starting student_dim=18
2025-08-06 13:20:43,500 - INFO - Starting seed=0
2025-08-06 13:20:43,501 - INFO - A_teacher is 0.6540995836257935
2025-08-06 13:20:43,502 - INFO - dataset is tensor([[[-0.2934],
         [-2.1788],
         [ 0.5684],
         [-1.0845],
         [-1.3986]]])
2025-08-06 13:20:43,504 - INFO - Starting G&C
2025-08-06 13:20:52,325 - INFO - Finished G&C, time elapsed=8.821519613265991s
2025-08-06 13:20:52,326 - INFO - Finished seed=0
2025-08-06 13:20:52,326 - INFO - ----------------------------------------------------------------------------------------------------------------------------------------------
2025-08-06 13:20:52,327 - INFO - ----------------------------------------------------------------------------------------------------------------------------------------------
2025-08-06 13:20:52,327 - INFO - Finished student_dim=18
2025-08-06 13:20:52,328 - INFO - G&C avg gen_loss = 0.8546817573634061
2025-08-06 13:20:52,328 - INFO - G&C avg theoretical_loss = -2.815622329711914
2025-08-06 13:20:52,329 - INFO - ----------------------------------------------------------------------------------------------------------------------------------------------
2025-08-06 13:20:52,330 - INFO - Starting student_dim=19
2025-08-06 13:20:52,331 - INFO - Starting seed=0
2025-08-06 13:20:52,332 - INFO - A_teacher is 0.6540995836257935
2025-08-06 13:20:52,333 - INFO - dataset is tensor([[[-0.2934],
         [-2.1788],
         [ 0.5684],
         [-1.0845],
         [-1.3986]]])
2025-08-06 13:20:52,334 - INFO - Starting G&C
2025-08-06 13:21:01,314 - INFO - Finished G&C, time elapsed=8.98018503189087s
2025-08-06 13:21:01,314 - INFO - Finished seed=0
2025-08-06 13:21:01,315 - INFO - ----------------------------------------------------------------------------------------------------------------------------------------------
2025-08-06 13:21:01,315 - INFO - ----------------------------------------------------------------------------------------------------------------------------------------------
2025-08-06 13:21:01,316 - INFO - Finished student_dim=19
2025-08-06 13:21:01,316 - INFO - G&C avg gen_loss = 0.7669016998715517
2025-08-06 13:21:01,316 - INFO - G&C avg theoretical_loss = 0.64454585313797
2025-08-06 13:21:01,317 - INFO - ----------------------------------------------------------------------------------------------------------------------------------------------
2025-08-06 13:21:01,318 - INFO - Starting student_dim=20
2025-08-06 13:21:01,318 - INFO - Starting seed=0
2025-08-06 13:21:01,319 - INFO - A_teacher is 0.6540995836257935
2025-08-06 13:21:01,320 - INFO - dataset is tensor([[[-0.2934],
         [-2.1788],
         [ 0.5684],
         [-1.0845],
         [-1.3986]]])
2025-08-06 13:21:01,321 - INFO - Starting G&C
2025-08-06 13:21:10,324 - INFO - Finished G&C, time elapsed=9.00274109840393s
2025-08-06 13:21:10,324 - INFO - Finished seed=0
2025-08-06 13:21:10,325 - INFO - ----------------------------------------------------------------------------------------------------------------------------------------------
2025-08-06 13:21:10,325 - INFO - ----------------------------------------------------------------------------------------------------------------------------------------------
2025-08-06 13:21:10,325 - INFO - Finished student_dim=20
2025-08-06 13:21:10,325 - INFO - G&C avg gen_loss = 0.7067649251884884
2025-08-06 13:21:10,326 - INFO - G&C avg theoretical_loss = 0.7715775966644287
2025-08-06 13:21:10,327 - INFO - ----------------------------------------------------------------------------------------------------------------------------------------------
2025-08-06 13:21:10,328 - INFO - Starting student_dim=21
2025-08-06 13:21:10,328 - INFO - Starting seed=0
2025-08-06 13:21:10,331 - INFO - A_teacher is 0.6540995836257935
2025-08-06 13:21:10,332 - INFO - dataset is tensor([[[-0.2934],
         [-2.1788],
         [ 0.5684],
         [-1.0845],
         [-1.3986]]])
2025-08-06 13:21:10,333 - INFO - Starting G&C
2025-08-06 13:21:19,457 - INFO - Finished G&C, time elapsed=9.12333607673645s
2025-08-06 13:21:19,457 - INFO - Finished seed=0
2025-08-06 13:21:19,457 - INFO - ----------------------------------------------------------------------------------------------------------------------------------------------
2025-08-06 13:21:19,458 - INFO - ----------------------------------------------------------------------------------------------------------------------------------------------
2025-08-06 13:21:19,458 - INFO - Finished student_dim=21
2025-08-06 13:21:19,458 - INFO - G&C avg gen_loss = 0.6918496986230215
2025-08-06 13:21:19,458 - INFO - G&C avg theoretical_loss = 0.6659884452819824
2025-08-06 13:21:19,458 - INFO - ----------------------------------------------------------------------------------------------------------------------------------------------
2025-08-06 13:21:19,459 - INFO - Starting student_dim=22
2025-08-06 13:21:19,460 - INFO - Starting seed=0
2025-08-06 13:21:19,464 - INFO - A_teacher is 0.6540995836257935
2025-08-06 13:21:19,465 - INFO - dataset is tensor([[[-0.2934],
         [-2.1788],
         [ 0.5684],
         [-1.0845],
         [-1.3986]]])
2025-08-06 13:21:19,467 - INFO - Starting G&C
2025-08-06 13:21:28,610 - INFO - Finished G&C, time elapsed=9.143480062484741s
2025-08-06 13:21:28,610 - INFO - Finished seed=0
2025-08-06 13:21:28,611 - INFO - ----------------------------------------------------------------------------------------------------------------------------------------------
2025-08-06 13:21:28,611 - INFO - ----------------------------------------------------------------------------------------------------------------------------------------------
2025-08-06 13:21:28,611 - INFO - Finished student_dim=22
2025-08-06 13:21:28,612 - INFO - G&C avg gen_loss = 0.6405785771256144
2025-08-06 13:21:28,612 - INFO - G&C avg theoretical_loss = 0.8036630153656006
2025-08-06 13:21:28,613 - INFO - ----------------------------------------------------------------------------------------------------------------------------------------------
2025-08-06 13:21:28,614 - INFO - Starting student_dim=23
2025-08-06 13:21:28,615 - INFO - Starting seed=0
2025-08-06 13:21:28,615 - INFO - A_teacher is 0.6540995836257935
2025-08-06 13:21:28,616 - INFO - dataset is tensor([[[-0.2934],
         [-2.1788],
         [ 0.5684],
         [-1.0845],
         [-1.3986]]])
2025-08-06 13:21:28,618 - INFO - Starting G&C
2025-08-06 13:21:38,004 - INFO - Finished G&C, time elapsed=9.386168956756592s
2025-08-06 13:21:38,004 - INFO - Finished seed=0
2025-08-06 13:21:38,005 - INFO - ----------------------------------------------------------------------------------------------------------------------------------------------
2025-08-06 13:21:38,005 - INFO - ----------------------------------------------------------------------------------------------------------------------------------------------
2025-08-06 13:21:38,005 - INFO - Finished student_dim=23
2025-08-06 13:21:38,006 - INFO - G&C avg gen_loss = 0.855868881711593
2025-08-06 13:21:38,006 - INFO - G&C avg theoretical_loss = 0.6880525350570679
2025-08-06 13:21:38,007 - INFO - ----------------------------------------------------------------------------------------------------------------------------------------------
2025-08-06 13:21:38,008 - INFO - Starting student_dim=24
2025-08-06 13:21:38,008 - INFO - Starting seed=0
2025-08-06 13:21:38,009 - INFO - A_teacher is 0.6540995836257935
2025-08-06 13:21:38,011 - INFO - dataset is tensor([[[-0.2934],
         [-2.1788],
         [ 0.5684],
         [-1.0845],
         [-1.3986]]])
2025-08-06 13:21:38,012 - INFO - Starting G&C
2025-08-06 13:21:47,298 - INFO - Finished G&C, time elapsed=9.285674095153809s
2025-08-06 13:21:47,298 - INFO - Finished seed=0
2025-08-06 13:21:47,299 - INFO - ----------------------------------------------------------------------------------------------------------------------------------------------
2025-08-06 13:21:47,299 - INFO - ----------------------------------------------------------------------------------------------------------------------------------------------
2025-08-06 13:21:47,299 - INFO - Finished student_dim=24
2025-08-06 13:21:47,299 - INFO - G&C avg gen_loss = 0.7380336705181334
2025-08-06 13:21:47,300 - INFO - G&C avg theoretical_loss = 0.8351982831954956
2025-08-06 13:21:47,300 - INFO - ----------------------------------------------------------------------------------------------------------------------------------------------
2025-08-06 13:21:47,301 - INFO - Starting student_dim=25
2025-08-06 13:21:47,302 - INFO - Starting seed=0
2025-08-06 13:21:47,303 - INFO - A_teacher is 0.6540995836257935
2025-08-06 13:21:47,304 - INFO - dataset is tensor([[[-0.2934],
         [-2.1788],
         [ 0.5684],
         [-1.0845],
         [-1.3986]]])
2025-08-06 13:21:47,306 - INFO - Starting G&C
2025-08-06 13:21:56,831 - INFO - Finished G&C, time elapsed=9.525047779083252s
2025-08-06 13:21:56,831 - INFO - Finished seed=0
2025-08-06 13:21:56,832 - INFO - ----------------------------------------------------------------------------------------------------------------------------------------------
2025-08-06 13:21:56,832 - INFO - ----------------------------------------------------------------------------------------------------------------------------------------------
2025-08-06 13:21:56,832 - INFO - Finished student_dim=25
2025-08-06 13:21:56,832 - INFO - G&C avg gen_loss = 0.63513285229946
2025-08-06 13:21:56,833 - INFO - G&C avg theoretical_loss = 0.7099161148071289
2025-08-06 13:21:56,833 - INFO - ----------------------------------------------------------------------------------------------------------------------------------------------
2025-08-06 13:21:56,834 - INFO - Starting student_dim=26
2025-08-06 13:21:56,835 - INFO - Starting seed=0
2025-08-06 13:21:56,835 - INFO - A_teacher is 0.6540995836257935
2025-08-06 13:21:56,836 - INFO - dataset is tensor([[[-0.2934],
         [-2.1788],
         [ 0.5684],
         [-1.0845],
         [-1.3986]]])
2025-08-06 13:21:56,838 - INFO - Starting G&C
2025-08-06 13:22:06,372 - INFO - Finished G&C, time elapsed=9.533808946609497s
2025-08-06 13:22:06,372 - INFO - Finished seed=0
2025-08-06 13:22:06,373 - INFO - ----------------------------------------------------------------------------------------------------------------------------------------------
2025-08-06 13:22:06,373 - INFO - ----------------------------------------------------------------------------------------------------------------------------------------------
2025-08-06 13:22:06,373 - INFO - Finished student_dim=26
2025-08-06 13:22:06,373 - INFO - G&C avg gen_loss = 0.903718673520618
2025-08-06 13:22:06,374 - INFO - G&C avg theoretical_loss = 0.8656134605407715
2025-08-06 13:22:06,374 - INFO - ----------------------------------------------------------------------------------------------------------------------------------------------
2025-08-06 13:22:06,375 - INFO - Starting student_dim=27
2025-08-06 13:22:06,375 - INFO - Starting seed=0
2025-08-06 13:22:06,376 - INFO - A_teacher is 0.6540995836257935
2025-08-06 13:22:06,378 - INFO - dataset is tensor([[[-0.2934],
         [-2.1788],
         [ 0.5684],
         [-1.0845],
         [-1.3986]]])
2025-08-06 13:22:06,379 - INFO - Starting G&C
2025-08-06 13:22:15,955 - INFO - Finished G&C, time elapsed=9.576323986053467s
2025-08-06 13:22:15,955 - INFO - Finished seed=0
2025-08-06 13:22:15,956 - INFO - ----------------------------------------------------------------------------------------------------------------------------------------------
2025-08-06 13:22:15,958 - INFO - ----------------------------------------------------------------------------------------------------------------------------------------------
2025-08-06 13:22:15,958 - INFO - Finished student_dim=27
2025-08-06 13:22:15,960 - INFO - G&C avg gen_loss = 0.8475167208643102
2025-08-06 13:22:15,962 - INFO - G&C avg theoretical_loss = 0.7311264872550964
2025-08-06 13:22:15,964 - INFO - ----------------------------------------------------------------------------------------------------------------------------------------------
2025-08-06 13:22:15,965 - INFO - Starting student_dim=28
2025-08-06 13:22:15,967 - INFO - Starting seed=0
2025-08-06 13:22:15,980 - INFO - A_teacher is 0.6540995836257935
2025-08-06 13:22:15,982 - INFO - dataset is tensor([[[-0.2934],
         [-2.1788],
         [ 0.5684],
         [-1.0845],
         [-1.3986]]])
2025-08-06 13:22:15,985 - INFO - Starting G&C
2025-08-06 13:22:25,540 - INFO - Finished G&C, time elapsed=9.554115533828735s
2025-08-06 13:22:25,540 - INFO - Finished seed=0
2025-08-06 13:22:25,540 - INFO - ----------------------------------------------------------------------------------------------------------------------------------------------
2025-08-06 13:22:25,541 - INFO - ----------------------------------------------------------------------------------------------------------------------------------------------
2025-08-06 13:22:25,542 - INFO - Finished student_dim=28
2025-08-06 13:22:25,542 - INFO - G&C avg gen_loss = 0.7163388287198955
2025-08-06 13:22:25,543 - INFO - G&C avg theoretical_loss = 0.8946245908737183
2025-08-06 13:22:25,543 - INFO - ----------------------------------------------------------------------------------------------------------------------------------------------
2025-08-06 13:22:25,544 - INFO - Starting student_dim=29
2025-08-06 13:22:25,545 - INFO - Starting seed=0
2025-08-06 13:22:25,548 - INFO - A_teacher is 0.6540995836257935
2025-08-06 13:22:25,549 - INFO - dataset is tensor([[[-0.2934],
         [-2.1788],
         [ 0.5684],
         [-1.0845],
         [-1.3986]]])
2025-08-06 13:22:25,550 - INFO - Starting G&C
2025-08-06 13:22:35,102 - INFO - Finished G&C, time elapsed=9.551934719085693s
2025-08-06 13:22:35,103 - INFO - Finished seed=0
2025-08-06 13:22:35,103 - INFO - ----------------------------------------------------------------------------------------------------------------------------------------------
2025-08-06 13:22:35,104 - INFO - ----------------------------------------------------------------------------------------------------------------------------------------------
2025-08-06 13:22:35,104 - INFO - Finished student_dim=29
2025-08-06 13:22:35,105 - INFO - G&C avg gen_loss = 0.7111164884907859
2025-08-06 13:22:35,106 - INFO - G&C avg theoretical_loss = 0.7514458894729614
2025-08-06 13:22:35,106 - INFO - ----------------------------------------------------------------------------------------------------------------------------------------------
2025-08-06 13:22:35,107 - INFO - Starting student_dim=30
2025-08-06 13:22:35,108 - INFO - Starting seed=0
2025-08-06 13:22:35,109 - INFO - A_teacher is 0.6540995836257935
2025-08-06 13:22:35,110 - INFO - dataset is tensor([[[-0.2934],
         [-2.1788],
         [ 0.5684],
         [-1.0845],
         [-1.3986]]])
2025-08-06 13:22:35,111 - INFO - Starting G&C
2025-08-06 13:22:44,823 - INFO - Finished G&C, time elapsed=9.712438106536865s
2025-08-06 13:22:44,824 - INFO - Finished seed=0
2025-08-06 13:22:44,824 - INFO - ----------------------------------------------------------------------------------------------------------------------------------------------
2025-08-06 13:22:44,825 - INFO - ----------------------------------------------------------------------------------------------------------------------------------------------
2025-08-06 13:22:44,825 - INFO - Finished student_dim=30
2025-08-06 13:22:44,826 - INFO - G&C avg gen_loss = 0.8472022165854772
2025-08-06 13:22:44,826 - INFO - G&C avg theoretical_loss = 0.9221130609512329
2025-08-06 13:22:44,827 - INFO - ----------------------------------------------------------------------------------------------------------------------------------------------
2025-08-06 13:22:44,829 - INFO - Starting student_dim=31
2025-08-06 13:22:44,830 - INFO - Starting seed=0
2025-08-06 13:22:44,830 - INFO - A_teacher is 0.6540995836257935
2025-08-06 13:22:44,831 - INFO - dataset is tensor([[[-0.2934],
         [-2.1788],
         [ 0.5684],
         [-1.0845],
         [-1.3986]]])
2025-08-06 13:22:44,832 - INFO - Starting G&C
2025-08-06 13:22:54,679 - INFO - Finished G&C, time elapsed=9.84611988067627s
2025-08-06 13:22:54,679 - INFO - Finished seed=0
2025-08-06 13:22:54,679 - INFO - ----------------------------------------------------------------------------------------------------------------------------------------------
2025-08-06 13:22:54,682 - INFO - ----------------------------------------------------------------------------------------------------------------------------------------------
2025-08-06 13:22:54,682 - INFO - Finished student_dim=31
2025-08-06 13:22:54,685 - INFO - G&C avg gen_loss = 0.7372454435660921
2025-08-06 13:22:54,685 - INFO - G&C avg theoretical_loss = 0.7707643508911133
2025-08-06 13:22:54,685 - INFO - ----------------------------------------------------------------------------------------------------------------------------------------------
2025-08-06 13:22:54,686 - INFO - Starting student_dim=32
2025-08-06 13:22:54,687 - INFO - Starting seed=0
2025-08-06 13:22:54,688 - INFO - A_teacher is 0.6540995836257935
2025-08-06 13:22:54,690 - INFO - dataset is tensor([[[-0.2934],
         [-2.1788],
         [ 0.5684],
         [-1.0845],
         [-1.3986]]])
2025-08-06 13:22:54,692 - INFO - Starting G&C
2025-08-06 13:23:04,326 - INFO - Finished G&C, time elapsed=9.63376522064209s
2025-08-06 13:23:04,326 - INFO - Finished seed=0
2025-08-06 13:23:04,327 - INFO - ----------------------------------------------------------------------------------------------------------------------------------------------
2025-08-06 13:23:04,327 - INFO - ----------------------------------------------------------------------------------------------------------------------------------------------
2025-08-06 13:23:04,327 - INFO - Finished student_dim=32
2025-08-06 13:23:04,328 - INFO - G&C avg gen_loss = 0.882029981485435
2025-08-06 13:23:04,329 - INFO - G&C avg theoretical_loss = 0.9480564594268799
2025-08-06 13:23:04,329 - INFO - ----------------------------------------------------------------------------------------------------------------------------------------------
2025-08-06 13:23:04,329 - INFO - Starting student_dim=33
2025-08-06 13:23:04,330 - INFO - Starting seed=0
2025-08-06 13:23:04,331 - INFO - A_teacher is 0.6540995836257935
2025-08-06 13:23:04,332 - INFO - dataset is tensor([[[-0.2934],
         [-2.1788],
         [ 0.5684],
         [-1.0845],
         [-1.3986]]])
2025-08-06 13:23:04,333 - INFO - Starting G&C
2025-08-06 13:23:14,209 - INFO - Finished G&C, time elapsed=9.875866413116455s
2025-08-06 13:23:14,209 - INFO - Finished seed=0
2025-08-06 13:23:14,209 - INFO - ----------------------------------------------------------------------------------------------------------------------------------------------
2025-08-06 13:23:14,211 - INFO - ----------------------------------------------------------------------------------------------------------------------------------------------
2025-08-06 13:23:14,211 - INFO - Finished student_dim=33
2025-08-06 13:23:14,212 - INFO - G&C avg gen_loss = 0.8274947752555212
2025-08-06 13:23:14,213 - INFO - G&C avg theoretical_loss = 0.7890468239784241
2025-08-06 13:23:14,214 - INFO - ----------------------------------------------------------------------------------------------------------------------------------------------
2025-08-06 13:23:14,214 - INFO - Starting student_dim=34
2025-08-06 13:23:14,215 - INFO - Starting seed=0
2025-08-06 13:23:14,216 - INFO - A_teacher is 0.6540995836257935
2025-08-06 13:23:14,217 - INFO - dataset is tensor([[[-0.2934],
         [-2.1788],
         [ 0.5684],
         [-1.0845],
         [-1.3986]]])
2025-08-06 13:23:14,218 - INFO - Starting G&C
2025-08-06 13:23:24,047 - INFO - Finished G&C, time elapsed=9.828826665878296s
2025-08-06 13:23:24,047 - INFO - Finished seed=0
2025-08-06 13:23:24,047 - INFO - ----------------------------------------------------------------------------------------------------------------------------------------------
2025-08-06 13:23:24,048 - INFO - ----------------------------------------------------------------------------------------------------------------------------------------------
2025-08-06 13:23:24,049 - INFO - Finished student_dim=34
2025-08-06 13:23:24,051 - INFO - G&C avg gen_loss = 0.9278473166688797
2025-08-06 13:23:24,052 - INFO - G&C avg theoretical_loss = 0.9724894762039185
2025-08-06 13:23:24,054 - INFO - ----------------------------------------------------------------------------------------------------------------------------------------------
2025-08-06 13:23:24,057 - INFO - Starting student_dim=35
2025-08-06 13:23:24,059 - INFO - Starting seed=0
2025-08-06 13:23:24,071 - INFO - A_teacher is 0.6540995836257935
2025-08-06 13:23:24,072 - INFO - dataset is tensor([[[-0.2934],
         [-2.1788],
         [ 0.5684],
         [-1.0845],
         [-1.3986]]])
2025-08-06 13:23:24,075 - INFO - Starting G&C
2025-08-06 13:23:33,961 - INFO - Finished G&C, time elapsed=9.885447025299072s
2025-08-06 13:23:33,961 - INFO - Finished seed=0
2025-08-06 13:23:33,962 - INFO - ----------------------------------------------------------------------------------------------------------------------------------------------
2025-08-06 13:23:33,962 - INFO - ----------------------------------------------------------------------------------------------------------------------------------------------
2025-08-06 13:23:33,962 - INFO - Finished student_dim=35
2025-08-06 13:23:33,962 - INFO - G&C avg gen_loss = 0.8000038464864095
2025-08-06 13:23:33,963 - INFO - G&C avg theoretical_loss = 0.8063020706176758
2025-08-06 13:23:33,964 - INFO - ----------------------------------------------------------------------------------------------------------------------------------------------
2025-08-06 13:23:33,965 - INFO - Starting student_dim=36
2025-08-06 13:23:33,966 - INFO - Starting seed=0
2025-08-06 13:23:33,978 - INFO - A_teacher is 0.6540995836257935
2025-08-06 13:23:33,979 - INFO - dataset is tensor([[[-0.2934],
         [-2.1788],
         [ 0.5684],
         [-1.0845],
         [-1.3986]]])
2025-08-06 13:23:33,982 - INFO - Starting G&C
2025-08-06 13:23:43,924 - INFO - Finished G&C, time elapsed=9.941137075424194s
2025-08-06 13:23:43,924 - INFO - Finished seed=0
2025-08-06 13:23:43,925 - INFO - ----------------------------------------------------------------------------------------------------------------------------------------------
2025-08-06 13:23:43,927 - INFO - ----------------------------------------------------------------------------------------------------------------------------------------------
2025-08-06 13:23:43,927 - INFO - Finished student_dim=36
2025-08-06 13:23:43,930 - INFO - G&C avg gen_loss = 0.9216571819614356
2025-08-06 13:23:43,931 - INFO - G&C avg theoretical_loss = 0.9954746961593628
2025-08-06 13:23:43,931 - INFO - ----------------------------------------------------------------------------------------------------------------------------------------------
2025-08-06 13:23:43,932 - INFO - Starting student_dim=37
2025-08-06 13:23:43,934 - INFO - Starting seed=0
2025-08-06 13:23:43,939 - INFO - A_teacher is 0.6540995836257935
2025-08-06 13:23:43,940 - INFO - dataset is tensor([[[-0.2934],
         [-2.1788],
         [ 0.5684],
         [-1.0845],
         [-1.3986]]])
2025-08-06 13:23:43,943 - INFO - Starting G&C
2025-08-06 13:23:54,039 - INFO - Finished G&C, time elapsed=10.095399856567383s
2025-08-06 13:23:54,039 - INFO - Finished seed=0
2025-08-06 13:23:54,040 - INFO - ----------------------------------------------------------------------------------------------------------------------------------------------
2025-08-06 13:23:54,042 - INFO - ----------------------------------------------------------------------------------------------------------------------------------------------
2025-08-06 13:23:54,042 - INFO - Finished student_dim=37
2025-08-06 13:23:54,044 - INFO - G&C avg gen_loss = 0.8535072356462479
2025-08-06 13:23:54,046 - INFO - G&C avg theoretical_loss = 0.8225642442703247
2025-08-06 13:23:54,046 - INFO - ----------------------------------------------------------------------------------------------------------------------------------------------
2025-08-06 13:23:54,047 - INFO - Starting student_dim=38
2025-08-06 13:23:54,049 - INFO - Starting seed=0
2025-08-06 13:23:54,052 - INFO - A_teacher is 0.6540995836257935
2025-08-06 13:23:54,055 - INFO - dataset is tensor([[[-0.2934],
         [-2.1788],
         [ 0.5684],
         [-1.0845],
         [-1.3986]]])
2025-08-06 13:23:54,057 - INFO - Starting G&C
2025-08-06 13:24:04,235 - INFO - Finished G&C, time elapsed=10.176813840866089s
2025-08-06 13:24:04,235 - INFO - Finished seed=0
2025-08-06 13:24:04,235 - INFO - ----------------------------------------------------------------------------------------------------------------------------------------------
2025-08-06 13:24:04,237 - INFO - ----------------------------------------------------------------------------------------------------------------------------------------------
2025-08-06 13:24:04,238 - INFO - Finished student_dim=38
2025-08-06 13:24:04,240 - INFO - G&C avg gen_loss = 0.8365271126940137
2025-08-06 13:24:04,242 - INFO - G&C avg theoretical_loss = 1.0170906782150269
2025-08-06 13:24:04,244 - INFO - ----------------------------------------------------------------------------------------------------------------------------------------------
2025-08-06 13:24:04,245 - INFO - Starting student_dim=39
2025-08-06 13:24:04,247 - INFO - Starting seed=0
2025-08-06 13:24:04,250 - INFO - A_teacher is 0.6540995836257935
2025-08-06 13:24:04,253 - INFO - dataset is tensor([[[-0.2934],
         [-2.1788],
         [ 0.5684],
         [-1.0845],
         [-1.3986]]])
2025-08-06 13:24:04,255 - INFO - Starting G&C
2025-08-06 13:24:14,431 - INFO - Finished G&C, time elapsed=10.17467451095581s
2025-08-06 13:24:14,431 - INFO - Finished seed=0
2025-08-06 13:24:14,431 - INFO - ----------------------------------------------------------------------------------------------------------------------------------------------
2025-08-06 13:24:14,432 - INFO - ----------------------------------------------------------------------------------------------------------------------------------------------
2025-08-06 13:24:14,433 - INFO - Finished student_dim=39
2025-08-06 13:24:14,433 - INFO - G&C avg gen_loss = 0.8862756499472786
2025-08-06 13:24:14,435 - INFO - G&C avg theoretical_loss = 0.8378816843032837
2025-08-06 13:24:14,436 - INFO - ----------------------------------------------------------------------------------------------------------------------------------------------
2025-08-06 13:24:15,839 - INFO - Finished experiments, results saved to results_gnc_seq_len=5_num_measurements=1_input_e1=False_time=20250806-132414.csv, figures saved to plot_gnc_seq_len=5_num_measurements=1_input_e1=False_time=20250806-132414
