2025-08-03 21:23:35,548 - INFO - Using device mps.
2025-08-03 21:23:35,548 - INFO - Args: Namespace(num_seeds=1, num_measurements=1, input_e1=True, sequence_length=7, teacher_ranks=[1], student_dims=[15, 16, 17, 18, 19, 20, 21, 22, 23, 24, 25, 26, 27, 28, 29], calc_loss_only_on_last_output=True, eps_train=1e-11, gnc=True, gnc_num_samples=100000000, gnc_batch_size=10000000, gd=False, gd_lr=0.01, gd_epochs=100000, gd_init_scale=0.01, gd_optimizer='adam', config=None, results_dir=PosixPath('results'), figures_dir=PosixPath('figures'), log_dir=PosixPath('logs'))
2025-08-03 21:23:35,558 - INFO - Starting teacher_rank=1
2025-08-03 21:23:35,558 - INFO - Starting student_dim=15
2025-08-03 21:23:35,558 - INFO - Starting seed=0
2025-08-03 21:23:35,564 - INFO - A_teacher is 0.5437178015708923
2025-08-03 21:23:35,587 - INFO - Starting G&C
2025-08-03 21:23:41,501 - INFO - Finished G&C, time elapsed=5.9145667552948s
2025-08-03 21:23:41,501 - INFO - Finished seed=0
2025-08-03 21:23:41,502 - INFO - ----------------------------------------------------------------------------------------------------------------------------------------------
2025-08-03 21:23:41,502 - INFO - ----------------------------------------------------------------------------------------------------------------------------------------------
2025-08-03 21:23:41,502 - INFO - Finished student_dim=15
2025-08-03 21:23:41,502 - INFO - G&C avg gen_loss = 1.7104028072257145
2025-08-03 21:23:41,502 - INFO - ----------------------------------------------------------------------------------------------------------------------------------------------
2025-08-03 21:23:41,502 - INFO - Starting student_dim=16
2025-08-03 21:23:41,502 - INFO - Starting seed=0
2025-08-03 21:23:41,503 - INFO - A_teacher is 0.6540995836257935
2025-08-03 21:23:41,507 - INFO - Starting G&C
2025-08-03 21:23:47,594 - INFO - Finished G&C, time elapsed=6.087632894515991s
2025-08-03 21:23:47,595 - INFO - Finished seed=0
2025-08-03 21:23:47,595 - INFO - ----------------------------------------------------------------------------------------------------------------------------------------------
2025-08-03 21:23:47,595 - INFO - ----------------------------------------------------------------------------------------------------------------------------------------------
2025-08-03 21:23:47,595 - INFO - Finished student_dim=16
2025-08-03 21:23:47,595 - INFO - G&C avg gen_loss = 2.5477156608914115
2025-08-03 21:23:47,595 - INFO - ----------------------------------------------------------------------------------------------------------------------------------------------
2025-08-03 21:23:47,595 - INFO - Starting student_dim=17
2025-08-03 21:23:47,595 - INFO - Starting seed=0
2025-08-03 21:23:47,596 - INFO - A_teacher is 0.6540995836257935
2025-08-03 21:23:47,601 - INFO - Starting G&C
2025-08-03 21:23:53,823 - INFO - Finished G&C, time elapsed=6.221736907958984s
2025-08-03 21:23:53,823 - INFO - Finished seed=0
2025-08-03 21:23:53,823 - INFO - ----------------------------------------------------------------------------------------------------------------------------------------------
2025-08-03 21:23:53,823 - INFO - ----------------------------------------------------------------------------------------------------------------------------------------------
2025-08-03 21:23:53,823 - INFO - Finished student_dim=17
2025-08-03 21:23:53,823 - INFO - G&C avg gen_loss = 2.6594521334663863
2025-08-03 21:23:53,823 - INFO - ----------------------------------------------------------------------------------------------------------------------------------------------
2025-08-03 21:23:53,823 - INFO - Starting student_dim=18
2025-08-03 21:23:53,824 - INFO - Starting seed=0
2025-08-03 21:23:53,825 - INFO - A_teacher is 0.6540995836257935
2025-08-03 21:23:53,828 - INFO - Starting G&C
2025-08-03 21:24:00,740 - INFO - Finished G&C, time elapsed=6.911442995071411s
2025-08-03 21:24:00,740 - INFO - Finished seed=0
2025-08-03 21:24:00,740 - INFO - ----------------------------------------------------------------------------------------------------------------------------------------------
2025-08-03 21:24:00,740 - INFO - ----------------------------------------------------------------------------------------------------------------------------------------------
2025-08-03 21:24:00,740 - INFO - Finished student_dim=18
2025-08-03 21:24:00,740 - INFO - G&C avg gen_loss = 2.7094923301893115
2025-08-03 21:24:00,740 - INFO - ----------------------------------------------------------------------------------------------------------------------------------------------
2025-08-03 21:24:00,741 - INFO - Starting student_dim=19
2025-08-03 21:24:00,741 - INFO - Starting seed=0
2025-08-03 21:24:00,742 - INFO - A_teacher is 0.6540995836257935
2025-08-03 21:24:00,745 - INFO - Starting G&C
2025-08-03 21:24:07,967 - INFO - Finished G&C, time elapsed=7.2215471267700195s
2025-08-03 21:24:07,968 - INFO - Finished seed=0
2025-08-03 21:24:07,968 - INFO - ----------------------------------------------------------------------------------------------------------------------------------------------
2025-08-03 21:24:07,968 - INFO - ----------------------------------------------------------------------------------------------------------------------------------------------
2025-08-03 21:24:07,968 - INFO - Finished student_dim=19
2025-08-03 21:24:07,969 - INFO - G&C avg gen_loss = 2.8073492812797367
2025-08-03 21:24:07,969 - INFO - ----------------------------------------------------------------------------------------------------------------------------------------------
2025-08-03 21:24:07,969 - INFO - Starting student_dim=20
2025-08-03 21:24:07,969 - INFO - Starting seed=0
2025-08-03 21:24:07,970 - INFO - A_teacher is 0.6540995836257935
2025-08-03 21:24:07,975 - INFO - Starting G&C
2025-08-03 21:24:15,220 - INFO - Finished G&C, time elapsed=7.245129823684692s
2025-08-03 21:24:15,221 - INFO - Finished seed=0
2025-08-03 21:24:15,221 - INFO - ----------------------------------------------------------------------------------------------------------------------------------------------
2025-08-03 21:24:15,221 - INFO - ----------------------------------------------------------------------------------------------------------------------------------------------
2025-08-03 21:24:15,221 - INFO - Finished student_dim=20
2025-08-03 21:24:15,222 - INFO - G&C avg gen_loss = 2.7126667706098138
2025-08-03 21:24:15,222 - INFO - ----------------------------------------------------------------------------------------------------------------------------------------------
2025-08-03 21:24:15,222 - INFO - Starting student_dim=21
2025-08-03 21:24:15,222 - INFO - Starting seed=0
2025-08-03 21:24:15,223 - INFO - A_teacher is 0.6540995836257935
2025-08-03 21:24:15,228 - INFO - Starting G&C
2025-08-03 21:24:22,613 - INFO - Finished G&C, time elapsed=7.385535955429077s
2025-08-03 21:24:22,614 - INFO - Finished seed=0
2025-08-03 21:24:22,615 - INFO - ----------------------------------------------------------------------------------------------------------------------------------------------
2025-08-03 21:24:22,615 - INFO - ----------------------------------------------------------------------------------------------------------------------------------------------
2025-08-03 21:24:22,615 - INFO - Finished student_dim=21
2025-08-03 21:24:22,615 - INFO - G&C avg gen_loss = 2.90075434987545
2025-08-03 21:24:22,615 - INFO - ----------------------------------------------------------------------------------------------------------------------------------------------
2025-08-03 21:24:22,615 - INFO - Starting student_dim=22
2025-08-03 21:24:22,615 - INFO - Starting seed=0
2025-08-03 21:24:22,616 - INFO - A_teacher is 0.6540995836257935
2025-08-03 21:24:22,622 - INFO - Starting G&C
2025-08-03 21:24:30,192 - INFO - Finished G&C, time elapsed=7.57009220123291s
2025-08-03 21:24:30,193 - INFO - Finished seed=0
2025-08-03 21:24:30,193 - INFO - ----------------------------------------------------------------------------------------------------------------------------------------------
2025-08-03 21:24:30,193 - INFO - ----------------------------------------------------------------------------------------------------------------------------------------------
2025-08-03 21:24:30,193 - INFO - Finished student_dim=22
2025-08-03 21:24:30,193 - INFO - G&C avg gen_loss = 2.9678364424503036
2025-08-03 21:24:30,193 - INFO - ----------------------------------------------------------------------------------------------------------------------------------------------
2025-08-03 21:24:30,194 - INFO - Starting student_dim=23
2025-08-03 21:24:30,194 - INFO - Starting seed=0
2025-08-03 21:24:30,195 - INFO - A_teacher is 0.6540995836257935
2025-08-03 21:24:30,200 - INFO - Starting G&C
2025-08-03 21:24:37,962 - INFO - Finished G&C, time elapsed=7.7615039348602295s
2025-08-03 21:24:37,962 - INFO - Finished seed=0
2025-08-03 21:24:37,963 - INFO - ----------------------------------------------------------------------------------------------------------------------------------------------
2025-08-03 21:24:37,963 - INFO - ----------------------------------------------------------------------------------------------------------------------------------------------
2025-08-03 21:24:37,963 - INFO - Finished student_dim=23
2025-08-03 21:24:37,963 - INFO - G&C avg gen_loss = 3.1006431328338517
2025-08-03 21:24:37,963 - INFO - ----------------------------------------------------------------------------------------------------------------------------------------------
2025-08-03 21:24:37,963 - INFO - Starting student_dim=24
2025-08-03 21:24:37,963 - INFO - Starting seed=0
2025-08-03 21:24:37,965 - INFO - A_teacher is 0.6540995836257935
2025-08-03 21:24:37,970 - INFO - Starting G&C
2025-08-03 21:24:45,946 - INFO - Finished G&C, time elapsed=7.975409984588623s
2025-08-03 21:24:45,946 - INFO - Finished seed=0
2025-08-03 21:24:45,946 - INFO - ----------------------------------------------------------------------------------------------------------------------------------------------
2025-08-03 21:24:45,946 - INFO - ----------------------------------------------------------------------------------------------------------------------------------------------
2025-08-03 21:24:45,946 - INFO - Finished student_dim=24
2025-08-03 21:24:45,946 - INFO - G&C avg gen_loss = 2.944874418200925
2025-08-03 21:24:45,946 - INFO - ----------------------------------------------------------------------------------------------------------------------------------------------
2025-08-03 21:24:45,946 - INFO - Starting student_dim=25
2025-08-03 21:24:45,947 - INFO - Starting seed=0
2025-08-03 21:24:45,948 - INFO - A_teacher is 0.6540995836257935
2025-08-03 21:24:45,953 - INFO - Starting G&C
2025-08-03 21:24:53,966 - INFO - Finished G&C, time elapsed=8.012724876403809s
2025-08-03 21:24:53,966 - INFO - Finished seed=0
2025-08-03 21:24:53,967 - INFO - ----------------------------------------------------------------------------------------------------------------------------------------------
2025-08-03 21:24:53,967 - INFO - ----------------------------------------------------------------------------------------------------------------------------------------------
2025-08-03 21:24:53,967 - INFO - Finished student_dim=25
2025-08-03 21:24:53,967 - INFO - G&C avg gen_loss = 3.012290410556503
2025-08-03 21:24:53,967 - INFO - ----------------------------------------------------------------------------------------------------------------------------------------------
2025-08-03 21:24:53,967 - INFO - Starting student_dim=26
2025-08-03 21:24:53,968 - INFO - Starting seed=0
2025-08-03 21:24:53,969 - INFO - A_teacher is 0.6540995836257935
2025-08-03 21:24:53,973 - INFO - Starting G&C
2025-08-03 21:25:02,322 - INFO - Finished G&C, time elapsed=8.34876799583435s
2025-08-03 21:25:02,324 - INFO - Finished seed=0
2025-08-03 21:25:02,324 - INFO - ----------------------------------------------------------------------------------------------------------------------------------------------
2025-08-03 21:25:02,324 - INFO - ----------------------------------------------------------------------------------------------------------------------------------------------
2025-08-03 21:25:02,324 - INFO - Finished student_dim=26
2025-08-03 21:25:02,324 - INFO - G&C avg gen_loss = 3.1958178250182523
2025-08-03 21:25:02,325 - INFO - ----------------------------------------------------------------------------------------------------------------------------------------------
2025-08-03 21:25:02,325 - INFO - Starting student_dim=27
2025-08-03 21:25:02,325 - INFO - Starting seed=0
2025-08-03 21:25:02,338 - INFO - A_teacher is 0.6540995836257935
2025-08-03 21:25:02,345 - INFO - Starting G&C
2025-08-03 21:25:10,691 - INFO - Finished G&C, time elapsed=8.34593415260315s
2025-08-03 21:25:10,691 - INFO - Finished seed=0
2025-08-03 21:25:10,692 - INFO - ----------------------------------------------------------------------------------------------------------------------------------------------
2025-08-03 21:25:10,692 - INFO - ----------------------------------------------------------------------------------------------------------------------------------------------
2025-08-03 21:25:10,692 - INFO - Finished student_dim=27
2025-08-03 21:25:10,692 - INFO - G&C avg gen_loss = 2.9765378472262194
2025-08-03 21:25:10,692 - INFO - ----------------------------------------------------------------------------------------------------------------------------------------------
2025-08-03 21:25:10,692 - INFO - Starting student_dim=28
2025-08-03 21:25:10,693 - INFO - Starting seed=0
2025-08-03 21:25:10,694 - INFO - A_teacher is 0.6540995836257935
2025-08-03 21:25:10,700 - INFO - Starting G&C
2025-08-03 21:25:19,328 - INFO - Finished G&C, time elapsed=8.6273672580719s
2025-08-03 21:25:19,329 - INFO - Finished seed=0
2025-08-03 21:25:19,329 - INFO - ----------------------------------------------------------------------------------------------------------------------------------------------
2025-08-03 21:25:19,329 - INFO - ----------------------------------------------------------------------------------------------------------------------------------------------
2025-08-03 21:25:19,329 - INFO - Finished student_dim=28
2025-08-03 21:25:19,330 - INFO - G&C avg gen_loss = 2.9722760037091334
2025-08-03 21:25:19,330 - INFO - ----------------------------------------------------------------------------------------------------------------------------------------------
2025-08-03 21:25:19,330 - INFO - Starting student_dim=29
2025-08-03 21:25:19,330 - INFO - Starting seed=0
2025-08-03 21:25:19,332 - INFO - A_teacher is 0.6540995836257935
2025-08-03 21:25:19,339 - INFO - Starting G&C
2025-08-03 21:25:28,529 - INFO - Finished G&C, time elapsed=9.189006090164185s
2025-08-03 21:25:28,529 - INFO - Finished seed=0
2025-08-03 21:25:28,530 - INFO - ----------------------------------------------------------------------------------------------------------------------------------------------
2025-08-03 21:25:28,530 - INFO - ----------------------------------------------------------------------------------------------------------------------------------------------
2025-08-03 21:25:28,530 - INFO - Finished student_dim=29
2025-08-03 21:25:28,530 - INFO - G&C avg gen_loss = 3.019671286681089
2025-08-03 21:25:28,530 - INFO - ----------------------------------------------------------------------------------------------------------------------------------------------
2025-08-03 21:25:28,902 - INFO - Finished experiments, results saved to results_gnc_seq_len=7_num_measurements=1_input_e1=True_time=20250803-212528.csv, figures saved to plot_gnc_seq_len=7_num_measurements=1_input_e1=True_time=20250803-212528
