2025-08-04 10:08:31,619 - INFO - Using device mps.
2025-08-04 10:08:31,619 - INFO - Args: Namespace(num_seeds=1, num_measurements=1, input_e1=True, sequence_length=4, teacher_ranks=[1], student_dims=[5, 6, 7, 8, 9, 10, 11, 12, 13, 14, 15, 16, 17, 18, 19, 20, 21, 22, 23, 24, 25, 26, 27, 28, 29], calc_loss_only_on_last_output=True, eps_train=1e-12, gnc=True, gnc_num_samples=100000000, gnc_batch_size=10000000, gd=False, gd_lr=0.01, gd_epochs=100000, gd_init_scale=0.01, gd_optimizer='adam', config=None, results_dir=PosixPath('results'), figures_dir=PosixPath('figures'), log_dir=PosixPath('logs'))
2025-08-04 10:08:31,629 - INFO - Starting teacher_rank=1
2025-08-04 10:08:31,629 - INFO - Starting student_dim=5
2025-08-04 10:08:31,629 - INFO - Starting seed=0
2025-08-04 10:08:31,634 - INFO - A_teacher is 0.48077714443206787
2025-08-04 10:08:31,661 - INFO - Starting G&C
2025-08-04 10:08:35,084 - INFO - Finished G&C, time elapsed=3.4227709770202637s
2025-08-04 10:08:35,084 - INFO - Finished seed=0
2025-08-04 10:08:35,085 - INFO - ----------------------------------------------------------------------------------------------------------------------------------------------
2025-08-04 10:08:35,085 - INFO - ----------------------------------------------------------------------------------------------------------------------------------------------
2025-08-04 10:08:35,085 - INFO - Finished student_dim=5
2025-08-04 10:08:35,085 - INFO - G&C avg gen_loss = 0.4121048004023275
2025-08-04 10:08:35,085 - INFO - ----------------------------------------------------------------------------------------------------------------------------------------------
2025-08-04 10:08:35,085 - INFO - Starting student_dim=6
2025-08-04 10:08:35,085 - INFO - Starting seed=0
2025-08-04 10:08:35,086 - INFO - A_teacher is 0.6540995836257935
2025-08-04 10:08:35,090 - INFO - Starting G&C
2025-08-04 10:08:38,547 - INFO - Finished G&C, time elapsed=3.4567720890045166s
2025-08-04 10:08:38,547 - INFO - Finished seed=0
2025-08-04 10:08:38,547 - INFO - ----------------------------------------------------------------------------------------------------------------------------------------------
2025-08-04 10:08:38,547 - INFO - ----------------------------------------------------------------------------------------------------------------------------------------------
2025-08-04 10:08:38,547 - INFO - Finished student_dim=6
2025-08-04 10:08:38,547 - INFO - G&C avg gen_loss = 0.6072675498799072
2025-08-04 10:08:38,547 - INFO - ----------------------------------------------------------------------------------------------------------------------------------------------
2025-08-04 10:08:38,547 - INFO - Starting student_dim=7
2025-08-04 10:08:38,547 - INFO - Starting seed=0
2025-08-04 10:08:38,548 - INFO - A_teacher is 0.6540995836257935
2025-08-04 10:08:38,551 - INFO - Starting G&C
2025-08-04 10:08:42,159 - INFO - Finished G&C, time elapsed=3.6073217391967773s
2025-08-04 10:08:42,159 - INFO - Finished seed=0
2025-08-04 10:08:42,159 - INFO - ----------------------------------------------------------------------------------------------------------------------------------------------
2025-08-04 10:08:42,159 - INFO - ----------------------------------------------------------------------------------------------------------------------------------------------
2025-08-04 10:08:42,159 - INFO - Finished student_dim=7
2025-08-04 10:08:42,159 - INFO - G&C avg gen_loss = 0.7354063527358664
2025-08-04 10:08:42,159 - INFO - ----------------------------------------------------------------------------------------------------------------------------------------------
2025-08-04 10:08:42,159 - INFO - Starting student_dim=8
2025-08-04 10:08:42,159 - INFO - Starting seed=0
2025-08-04 10:08:42,160 - INFO - A_teacher is 0.6540995836257935
2025-08-04 10:08:42,164 - INFO - Starting G&C
2025-08-04 10:08:45,935 - INFO - Finished G&C, time elapsed=3.771257162094116s
2025-08-04 10:08:45,935 - INFO - Finished seed=0
2025-08-04 10:08:45,935 - INFO - ----------------------------------------------------------------------------------------------------------------------------------------------
2025-08-04 10:08:45,935 - INFO - ----------------------------------------------------------------------------------------------------------------------------------------------
2025-08-04 10:08:45,935 - INFO - Finished student_dim=8
2025-08-04 10:08:45,935 - INFO - G&C avg gen_loss = 0.791587270525915
2025-08-04 10:08:45,935 - INFO - ----------------------------------------------------------------------------------------------------------------------------------------------
2025-08-04 10:08:45,935 - INFO - Starting student_dim=9
2025-08-04 10:08:45,935 - INFO - Starting seed=0
2025-08-04 10:08:45,937 - INFO - A_teacher is 0.6540995836257935
2025-08-04 10:08:45,940 - INFO - Starting G&C
2025-08-04 10:08:49,786 - INFO - Finished G&C, time elapsed=3.846078872680664s
2025-08-04 10:08:49,786 - INFO - Finished seed=0
2025-08-04 10:08:49,786 - INFO - ----------------------------------------------------------------------------------------------------------------------------------------------
2025-08-04 10:08:49,786 - INFO - ----------------------------------------------------------------------------------------------------------------------------------------------
2025-08-04 10:08:49,786 - INFO - Finished student_dim=9
2025-08-04 10:08:49,786 - INFO - G&C avg gen_loss = 0.7757834155243217
2025-08-04 10:08:49,786 - INFO - ----------------------------------------------------------------------------------------------------------------------------------------------
2025-08-04 10:08:49,786 - INFO - Starting student_dim=10
2025-08-04 10:08:49,786 - INFO - Starting seed=0
2025-08-04 10:08:49,787 - INFO - A_teacher is 0.6540995836257935
2025-08-04 10:08:49,791 - INFO - Starting G&C
2025-08-04 10:08:53,930 - INFO - Finished G&C, time elapsed=4.138984203338623s
2025-08-04 10:08:53,930 - INFO - Finished seed=0
2025-08-04 10:08:53,930 - INFO - ----------------------------------------------------------------------------------------------------------------------------------------------
2025-08-04 10:08:53,930 - INFO - ----------------------------------------------------------------------------------------------------------------------------------------------
2025-08-04 10:08:53,930 - INFO - Finished student_dim=10
2025-08-04 10:08:53,930 - INFO - G&C avg gen_loss = 0.89763320915825
2025-08-04 10:08:53,930 - INFO - ----------------------------------------------------------------------------------------------------------------------------------------------
2025-08-04 10:08:53,931 - INFO - Starting student_dim=11
2025-08-04 10:08:53,931 - INFO - Starting seed=0
2025-08-04 10:08:53,932 - INFO - A_teacher is 0.6540995836257935
2025-08-04 10:08:53,935 - INFO - Starting G&C
2025-08-04 10:08:58,269 - INFO - Finished G&C, time elapsed=4.3338401317596436s
2025-08-04 10:08:58,269 - INFO - Finished seed=0
2025-08-04 10:08:58,269 - INFO - ----------------------------------------------------------------------------------------------------------------------------------------------
2025-08-04 10:08:58,269 - INFO - ----------------------------------------------------------------------------------------------------------------------------------------------
2025-08-04 10:08:58,269 - INFO - Finished student_dim=11
2025-08-04 10:08:58,269 - INFO - G&C avg gen_loss = 0.9012896566409764
2025-08-04 10:08:58,269 - INFO - ----------------------------------------------------------------------------------------------------------------------------------------------
2025-08-04 10:08:58,269 - INFO - Starting student_dim=12
2025-08-04 10:08:58,270 - INFO - Starting seed=0
2025-08-04 10:08:58,271 - INFO - A_teacher is 0.6540995836257935
2025-08-04 10:08:58,274 - INFO - Starting G&C
2025-08-04 10:09:02,751 - INFO - Finished G&C, time elapsed=4.477020263671875s
2025-08-04 10:09:02,752 - INFO - Finished seed=0
2025-08-04 10:09:02,752 - INFO - ----------------------------------------------------------------------------------------------------------------------------------------------
2025-08-04 10:09:02,752 - INFO - ----------------------------------------------------------------------------------------------------------------------------------------------
2025-08-04 10:09:02,752 - INFO - Finished student_dim=12
2025-08-04 10:09:02,753 - INFO - G&C avg gen_loss = 1.024724501143418
2025-08-04 10:09:02,753 - INFO - ----------------------------------------------------------------------------------------------------------------------------------------------
2025-08-04 10:09:02,753 - INFO - Starting student_dim=13
2025-08-04 10:09:02,753 - INFO - Starting seed=0
2025-08-04 10:09:02,754 - INFO - A_teacher is 0.6540995836257935
2025-08-04 10:09:02,759 - INFO - Starting G&C
2025-08-04 10:09:07,407 - INFO - Finished G&C, time elapsed=4.648038148880005s
2025-08-04 10:09:07,407 - INFO - Finished seed=0
2025-08-04 10:09:07,407 - INFO - ----------------------------------------------------------------------------------------------------------------------------------------------
2025-08-04 10:09:07,407 - INFO - ----------------------------------------------------------------------------------------------------------------------------------------------
2025-08-04 10:09:07,407 - INFO - Finished student_dim=13
2025-08-04 10:09:07,407 - INFO - G&C avg gen_loss = 0.9389061722904444
2025-08-04 10:09:07,407 - INFO - ----------------------------------------------------------------------------------------------------------------------------------------------
2025-08-04 10:09:07,407 - INFO - Starting student_dim=14
2025-08-04 10:09:07,408 - INFO - Starting seed=0
2025-08-04 10:09:07,409 - INFO - A_teacher is 0.6540995836257935
2025-08-04 10:09:07,413 - INFO - Starting G&C
2025-08-04 10:09:13,517 - INFO - Finished G&C, time elapsed=6.103761196136475s
2025-08-04 10:09:13,518 - INFO - Finished seed=0
2025-08-04 10:09:13,518 - INFO - ----------------------------------------------------------------------------------------------------------------------------------------------
2025-08-04 10:09:13,518 - INFO - ----------------------------------------------------------------------------------------------------------------------------------------------
2025-08-04 10:09:13,518 - INFO - Finished student_dim=14
2025-08-04 10:09:13,519 - INFO - G&C avg gen_loss = 0.828381388116691
2025-08-04 10:09:13,519 - INFO - ----------------------------------------------------------------------------------------------------------------------------------------------
2025-08-04 10:09:13,519 - INFO - Starting student_dim=15
2025-08-04 10:09:13,519 - INFO - Starting seed=0
2025-08-04 10:09:13,521 - INFO - A_teacher is 0.6540995836257935
2025-08-04 10:09:13,527 - INFO - Starting G&C
2025-08-04 10:09:19,013 - INFO - Finished G&C, time elapsed=5.4855568408966064s
2025-08-04 10:09:19,013 - INFO - Finished seed=0
2025-08-04 10:09:19,014 - INFO - ----------------------------------------------------------------------------------------------------------------------------------------------
2025-08-04 10:09:19,014 - INFO - ----------------------------------------------------------------------------------------------------------------------------------------------
2025-08-04 10:09:19,014 - INFO - Finished student_dim=15
2025-08-04 10:09:19,015 - INFO - G&C avg gen_loss = 1.158261201110016
2025-08-04 10:09:19,015 - INFO - ----------------------------------------------------------------------------------------------------------------------------------------------
2025-08-04 10:09:19,015 - INFO - Starting student_dim=16
2025-08-04 10:09:19,015 - INFO - Starting seed=0
2025-08-04 10:09:19,016 - INFO - A_teacher is 0.6540995836257935
2025-08-04 10:09:19,022 - INFO - Starting G&C
2025-08-04 10:09:24,322 - INFO - Finished G&C, time elapsed=5.299445152282715s
2025-08-04 10:09:24,323 - INFO - Finished seed=0
2025-08-04 10:09:24,323 - INFO - ----------------------------------------------------------------------------------------------------------------------------------------------
2025-08-04 10:09:24,323 - INFO - ----------------------------------------------------------------------------------------------------------------------------------------------
2025-08-04 10:09:24,323 - INFO - Finished student_dim=16
2025-08-04 10:09:24,324 - INFO - G&C avg gen_loss = 1.2100173860542045
2025-08-04 10:09:24,324 - INFO - ----------------------------------------------------------------------------------------------------------------------------------------------
2025-08-04 10:09:24,324 - INFO - Starting student_dim=17
2025-08-04 10:09:24,324 - INFO - Starting seed=0
2025-08-04 10:09:24,325 - INFO - A_teacher is 0.6540995836257935
2025-08-04 10:09:24,330 - INFO - Starting G&C
2025-08-04 10:09:29,436 - INFO - Finished G&C, time elapsed=5.105637073516846s
2025-08-04 10:09:29,436 - INFO - Finished seed=0
2025-08-04 10:09:29,436 - INFO - ----------------------------------------------------------------------------------------------------------------------------------------------
2025-08-04 10:09:29,436 - INFO - ----------------------------------------------------------------------------------------------------------------------------------------------
2025-08-04 10:09:29,436 - INFO - Finished student_dim=17
2025-08-04 10:09:29,437 - INFO - G&C avg gen_loss = 1.137404848062075
2025-08-04 10:09:29,437 - INFO - ----------------------------------------------------------------------------------------------------------------------------------------------
2025-08-04 10:09:29,437 - INFO - Starting student_dim=18
2025-08-04 10:09:29,437 - INFO - Starting seed=0
2025-08-04 10:09:29,438 - INFO - A_teacher is 0.6540995836257935
2025-08-04 10:09:29,443 - INFO - Starting G&C
2025-08-04 10:09:34,450 - INFO - Finished G&C, time elapsed=5.007383108139038s
2025-08-04 10:09:34,450 - INFO - Finished seed=0
2025-08-04 10:09:34,450 - INFO - ----------------------------------------------------------------------------------------------------------------------------------------------
2025-08-04 10:09:34,451 - INFO - ----------------------------------------------------------------------------------------------------------------------------------------------
2025-08-04 10:09:34,451 - INFO - Finished student_dim=18
2025-08-04 10:09:34,451 - INFO - G&C avg gen_loss = 1.529935607000401
2025-08-04 10:09:34,451 - INFO - ----------------------------------------------------------------------------------------------------------------------------------------------
2025-08-04 10:09:34,451 - INFO - Starting student_dim=19
2025-08-04 10:09:34,451 - INFO - Starting seed=0
2025-08-04 10:09:34,452 - INFO - A_teacher is 0.6540995836257935
2025-08-04 10:09:34,456 - INFO - Starting G&C
2025-08-04 10:09:38,749 - INFO - Finished G&C, time elapsed=4.29324197769165s
2025-08-04 10:09:38,750 - INFO - Finished seed=0
2025-08-04 10:09:38,750 - INFO - ----------------------------------------------------------------------------------------------------------------------------------------------
2025-08-04 10:09:38,750 - INFO - ----------------------------------------------------------------------------------------------------------------------------------------------
2025-08-04 10:09:38,750 - INFO - Finished student_dim=19
2025-08-04 10:09:38,750 - INFO - G&C avg gen_loss = 1.250621533478206
2025-08-04 10:09:38,750 - INFO - ----------------------------------------------------------------------------------------------------------------------------------------------
2025-08-04 10:09:38,750 - INFO - Starting student_dim=20
2025-08-04 10:09:38,750 - INFO - Starting seed=0
2025-08-04 10:09:38,751 - INFO - A_teacher is 0.6540995836257935
2025-08-04 10:09:38,755 - INFO - Starting G&C
2025-08-04 10:09:43,438 - INFO - Finished G&C, time elapsed=4.682429790496826s
2025-08-04 10:09:43,438 - INFO - Finished seed=0
2025-08-04 10:09:43,439 - INFO - ----------------------------------------------------------------------------------------------------------------------------------------------
2025-08-04 10:09:43,439 - INFO - ----------------------------------------------------------------------------------------------------------------------------------------------
2025-08-04 10:09:43,439 - INFO - Finished student_dim=20
2025-08-04 10:09:43,439 - INFO - G&C avg gen_loss = 1.4672988636791706
2025-08-04 10:09:43,439 - INFO - ----------------------------------------------------------------------------------------------------------------------------------------------
2025-08-04 10:09:43,439 - INFO - Starting student_dim=21
2025-08-04 10:09:43,439 - INFO - Starting seed=0
2025-08-04 10:09:43,440 - INFO - A_teacher is 0.6540995836257935
2025-08-04 10:09:43,445 - INFO - Starting G&C
2025-08-04 10:09:48,866 - INFO - Finished G&C, time elapsed=5.42069411277771s
2025-08-04 10:09:48,867 - INFO - Finished seed=0
2025-08-04 10:09:48,867 - INFO - ----------------------------------------------------------------------------------------------------------------------------------------------
2025-08-04 10:09:48,867 - INFO - ----------------------------------------------------------------------------------------------------------------------------------------------
2025-08-04 10:09:48,867 - INFO - Finished student_dim=21
2025-08-04 10:09:48,867 - INFO - G&C avg gen_loss = 1.4461364817181859
2025-08-04 10:09:48,867 - INFO - ----------------------------------------------------------------------------------------------------------------------------------------------
2025-08-04 10:09:48,868 - INFO - Starting student_dim=22
2025-08-04 10:09:48,868 - INFO - Starting seed=0
2025-08-04 10:09:48,871 - INFO - A_teacher is 0.6540995836257935
2025-08-04 10:09:48,877 - INFO - Starting G&C
2025-08-04 10:09:54,039 - INFO - Finished G&C, time elapsed=5.161650896072388s
2025-08-04 10:09:54,039 - INFO - Finished seed=0
2025-08-04 10:09:54,039 - INFO - ----------------------------------------------------------------------------------------------------------------------------------------------
2025-08-04 10:09:54,039 - INFO - ----------------------------------------------------------------------------------------------------------------------------------------------
2025-08-04 10:09:54,039 - INFO - Finished student_dim=22
2025-08-04 10:09:54,039 - INFO - G&C avg gen_loss = 1.4142868951806482
2025-08-04 10:09:54,040 - INFO - ----------------------------------------------------------------------------------------------------------------------------------------------
2025-08-04 10:09:54,040 - INFO - Starting student_dim=23
2025-08-04 10:09:54,040 - INFO - Starting seed=0
2025-08-04 10:09:54,041 - INFO - A_teacher is 0.6540995836257935
2025-08-04 10:09:54,046 - INFO - Starting G&C
2025-08-04 10:09:59,266 - INFO - Finished G&C, time elapsed=5.220287084579468s
2025-08-04 10:09:59,267 - INFO - Finished seed=0
2025-08-04 10:09:59,267 - INFO - ----------------------------------------------------------------------------------------------------------------------------------------------
2025-08-04 10:09:59,268 - INFO - ----------------------------------------------------------------------------------------------------------------------------------------------
2025-08-04 10:09:59,268 - INFO - Finished student_dim=23
2025-08-04 10:09:59,268 - INFO - G&C avg gen_loss = 1.6088793496559333
2025-08-04 10:09:59,268 - INFO - ----------------------------------------------------------------------------------------------------------------------------------------------
2025-08-04 10:09:59,268 - INFO - Starting student_dim=24
2025-08-04 10:09:59,268 - INFO - Starting seed=0
2025-08-04 10:09:59,269 - INFO - A_teacher is 0.6540995836257935
2025-08-04 10:09:59,276 - INFO - Starting G&C
2025-08-04 10:10:04,545 - INFO - Finished G&C, time elapsed=5.268633127212524s
2025-08-04 10:10:04,545 - INFO - Finished seed=0
2025-08-04 10:10:04,545 - INFO - ----------------------------------------------------------------------------------------------------------------------------------------------
2025-08-04 10:10:04,545 - INFO - ----------------------------------------------------------------------------------------------------------------------------------------------
2025-08-04 10:10:04,545 - INFO - Finished student_dim=24
2025-08-04 10:10:04,545 - INFO - G&C avg gen_loss = 1.8835507728159429
2025-08-04 10:10:04,545 - INFO - ----------------------------------------------------------------------------------------------------------------------------------------------
2025-08-04 10:10:04,545 - INFO - Starting student_dim=25
2025-08-04 10:10:04,546 - INFO - Starting seed=0
2025-08-04 10:10:04,565 - INFO - A_teacher is 0.6540995836257935
2025-08-04 10:10:04,572 - INFO - Starting G&C
2025-08-04 10:10:09,935 - INFO - Finished G&C, time elapsed=5.362771034240723s
2025-08-04 10:10:09,936 - INFO - Finished seed=0
2025-08-04 10:10:09,936 - INFO - ----------------------------------------------------------------------------------------------------------------------------------------------
2025-08-04 10:10:09,936 - INFO - ----------------------------------------------------------------------------------------------------------------------------------------------
2025-08-04 10:10:09,936 - INFO - Finished student_dim=25
2025-08-04 10:10:09,937 - INFO - G&C avg gen_loss = 1.724811608393987
2025-08-04 10:10:09,937 - INFO - ----------------------------------------------------------------------------------------------------------------------------------------------
2025-08-04 10:10:09,937 - INFO - Starting student_dim=26
2025-08-04 10:10:09,937 - INFO - Starting seed=0
2025-08-04 10:10:09,938 - INFO - A_teacher is 0.6540995836257935
2025-08-04 10:10:09,945 - INFO - Starting G&C
2025-08-04 10:10:15,262 - INFO - Finished G&C, time elapsed=5.316687822341919s
2025-08-04 10:10:15,262 - INFO - Finished seed=0
2025-08-04 10:10:15,262 - INFO - ----------------------------------------------------------------------------------------------------------------------------------------------
2025-08-04 10:10:15,262 - INFO - ----------------------------------------------------------------------------------------------------------------------------------------------
2025-08-04 10:10:15,262 - INFO - Finished student_dim=26
2025-08-04 10:10:15,262 - INFO - G&C avg gen_loss = 1.866409420585021
2025-08-04 10:10:15,262 - INFO - ----------------------------------------------------------------------------------------------------------------------------------------------
2025-08-04 10:10:15,263 - INFO - Starting student_dim=27
2025-08-04 10:10:15,263 - INFO - Starting seed=0
2025-08-04 10:10:15,264 - INFO - A_teacher is 0.6540995836257935
2025-08-04 10:10:15,269 - INFO - Starting G&C
