2025-08-03 14:05:33,433 - INFO - Using device mps.
2025-08-03 14:05:33,434 - INFO - Args: Namespace(num_seeds=1, num_measurements=1, input_e1=True, sequence_length=3, teacher_ranks=[1], student_dims=[3, 4, 5, 6, 7, 8, 9, 10, 11, 12, 13, 14, 15], calc_loss_only_on_last_output=True, eps_train=1e-05, gnc=True, gnc_num_samples=100000000, gnc_batch_size=10000000, gd=False, gd_lr=0.01, gd_epochs=100000, gd_init_scale=0.01, gd_optimizer='adam', config=None, results_dir=PosixPath('results'), figures_dir=PosixPath('figures'), log_dir=PosixPath('logs'))
2025-08-03 14:05:33,445 - INFO - Starting teacher_rank=1
2025-08-03 14:05:33,445 - INFO - Starting student_dim=3
2025-08-03 14:05:33,445 - INFO - Starting seed=0
2025-08-03 14:05:33,450 - INFO - A_teacher is 0.4360405504703522
2025-08-03 14:05:33,473 - INFO - Starting G&C
2025-08-03 14:05:33,726 - INFO - succ_mask: torch.Size([10000000])
2025-08-03 14:05:33,726 - INFO - gen_losses: torch.Size([10000000])
2025-08-03 14:05:33,975 - INFO - succ_mask: torch.Size([10000000])
2025-08-03 14:05:33,975 - INFO - gen_losses: torch.Size([10000000])
2025-08-03 14:05:34,200 - INFO - succ_mask: torch.Size([10000000])
2025-08-03 14:05:34,200 - INFO - gen_losses: torch.Size([10000000])
2025-08-03 14:05:34,416 - INFO - succ_mask: torch.Size([10000000])
2025-08-03 14:05:34,416 - INFO - gen_losses: torch.Size([10000000])
2025-08-03 14:05:34,647 - INFO - succ_mask: torch.Size([10000000])
2025-08-03 14:05:34,647 - INFO - gen_losses: torch.Size([10000000])
2025-08-03 14:05:34,874 - INFO - succ_mask: torch.Size([10000000])
2025-08-03 14:05:34,874 - INFO - gen_losses: torch.Size([10000000])
2025-08-03 14:05:35,098 - INFO - succ_mask: torch.Size([10000000])
2025-08-03 14:05:35,098 - INFO - gen_losses: torch.Size([10000000])
2025-08-03 14:05:35,335 - INFO - succ_mask: torch.Size([10000000])
2025-08-03 14:05:35,335 - INFO - gen_losses: torch.Size([10000000])
2025-08-03 14:05:35,558 - INFO - succ_mask: torch.Size([10000000])
2025-08-03 14:05:35,559 - INFO - gen_losses: torch.Size([10000000])
2025-08-03 14:05:35,812 - INFO - succ_mask: torch.Size([10000000])
2025-08-03 14:05:35,812 - INFO - gen_losses: torch.Size([10000000])
2025-08-03 14:05:36,431 - INFO - Finished G&C, time elapsed=2.957508087158203s
2025-08-03 14:05:36,431 - INFO - Finished seed=0
2025-08-03 14:05:36,431 - INFO - ----------------------------------------------------------------------------------------------------------------------------------------------
2025-08-03 14:05:36,431 - INFO - ----------------------------------------------------------------------------------------------------------------------------------------------
2025-08-03 14:05:36,431 - INFO - Finished student_dim=3
2025-08-03 14:05:36,431 - INFO - G&C avg gen_loss = 0.3794393631566768
2025-08-03 14:05:36,431 - INFO - ----------------------------------------------------------------------------------------------------------------------------------------------
2025-08-03 14:05:36,431 - INFO - Starting student_dim=4
2025-08-03 14:05:36,431 - INFO - Starting seed=0
2025-08-03 14:05:36,433 - INFO - A_teacher is 0.6540995836257935
2025-08-03 14:05:36,436 - INFO - Starting G&C
2025-08-03 14:05:36,691 - INFO - succ_mask: torch.Size([10000000])
2025-08-03 14:05:36,692 - INFO - gen_losses: torch.Size([10000000])
2025-08-03 14:05:36,918 - INFO - succ_mask: torch.Size([10000000])
2025-08-03 14:05:36,918 - INFO - gen_losses: torch.Size([10000000])
2025-08-03 14:05:37,141 - INFO - succ_mask: torch.Size([10000000])
2025-08-03 14:05:37,141 - INFO - gen_losses: torch.Size([10000000])
2025-08-03 14:05:37,372 - INFO - succ_mask: torch.Size([10000000])
2025-08-03 14:05:37,373 - INFO - gen_losses: torch.Size([10000000])
2025-08-03 14:05:37,618 - INFO - succ_mask: torch.Size([10000000])
2025-08-03 14:05:37,618 - INFO - gen_losses: torch.Size([10000000])
2025-08-03 14:05:37,844 - INFO - succ_mask: torch.Size([10000000])
2025-08-03 14:05:37,844 - INFO - gen_losses: torch.Size([10000000])
2025-08-03 14:05:38,071 - INFO - succ_mask: torch.Size([10000000])
2025-08-03 14:05:38,071 - INFO - gen_losses: torch.Size([10000000])
2025-08-03 14:05:38,301 - INFO - succ_mask: torch.Size([10000000])
2025-08-03 14:05:38,301 - INFO - gen_losses: torch.Size([10000000])
2025-08-03 14:05:38,527 - INFO - succ_mask: torch.Size([10000000])
2025-08-03 14:05:38,527 - INFO - gen_losses: torch.Size([10000000])
2025-08-03 14:05:38,753 - INFO - succ_mask: torch.Size([10000000])
2025-08-03 14:05:38,753 - INFO - gen_losses: torch.Size([10000000])
2025-08-03 14:05:39,373 - INFO - Finished G&C, time elapsed=2.93680477142334s
2025-08-03 14:05:39,373 - INFO - Finished seed=0
2025-08-03 14:05:39,373 - INFO - ----------------------------------------------------------------------------------------------------------------------------------------------
2025-08-03 14:05:39,373 - INFO - ----------------------------------------------------------------------------------------------------------------------------------------------
2025-08-03 14:05:39,373 - INFO - Finished student_dim=4
2025-08-03 14:05:39,373 - INFO - G&C avg gen_loss = 0.9187458987834863
2025-08-03 14:05:39,373 - INFO - ----------------------------------------------------------------------------------------------------------------------------------------------
2025-08-03 14:05:39,373 - INFO - Starting student_dim=5
2025-08-03 14:05:39,373 - INFO - Starting seed=0
2025-08-03 14:05:39,374 - INFO - A_teacher is 0.6540995836257935
2025-08-03 14:05:39,378 - INFO - Starting G&C
2025-08-03 14:05:39,654 - INFO - succ_mask: torch.Size([10000000])
2025-08-03 14:05:39,654 - INFO - gen_losses: torch.Size([10000000])
2025-08-03 14:05:39,893 - INFO - succ_mask: torch.Size([10000000])
2025-08-03 14:05:39,893 - INFO - gen_losses: torch.Size([10000000])
2025-08-03 14:05:40,122 - INFO - succ_mask: torch.Size([10000000])
2025-08-03 14:05:40,122 - INFO - gen_losses: torch.Size([10000000])
2025-08-03 14:05:40,355 - INFO - succ_mask: torch.Size([10000000])
2025-08-03 14:05:40,355 - INFO - gen_losses: torch.Size([10000000])
2025-08-03 14:05:40,610 - INFO - succ_mask: torch.Size([10000000])
2025-08-03 14:05:40,610 - INFO - gen_losses: torch.Size([10000000])
2025-08-03 14:05:40,843 - INFO - succ_mask: torch.Size([10000000])
2025-08-03 14:05:40,843 - INFO - gen_losses: torch.Size([10000000])
2025-08-03 14:05:41,075 - INFO - succ_mask: torch.Size([10000000])
2025-08-03 14:05:41,075 - INFO - gen_losses: torch.Size([10000000])
2025-08-03 14:05:41,308 - INFO - succ_mask: torch.Size([10000000])
2025-08-03 14:05:41,308 - INFO - gen_losses: torch.Size([10000000])
2025-08-03 14:05:41,541 - INFO - succ_mask: torch.Size([10000000])
2025-08-03 14:05:41,541 - INFO - gen_losses: torch.Size([10000000])
2025-08-03 14:05:41,772 - INFO - succ_mask: torch.Size([10000000])
2025-08-03 14:05:41,773 - INFO - gen_losses: torch.Size([10000000])
2025-08-03 14:05:42,349 - INFO - Finished G&C, time elapsed=2.9713048934936523s
2025-08-03 14:05:42,349 - INFO - Finished seed=0
2025-08-03 14:05:42,349 - INFO - ----------------------------------------------------------------------------------------------------------------------------------------------
2025-08-03 14:05:42,349 - INFO - ----------------------------------------------------------------------------------------------------------------------------------------------
2025-08-03 14:05:42,349 - INFO - Finished student_dim=5
2025-08-03 14:05:42,349 - INFO - G&C avg gen_loss = 0.6842947692170532
2025-08-03 14:05:42,349 - INFO - ----------------------------------------------------------------------------------------------------------------------------------------------
2025-08-03 14:05:42,349 - INFO - Starting student_dim=6
2025-08-03 14:05:42,350 - INFO - Starting seed=0
2025-08-03 14:05:42,351 - INFO - A_teacher is 0.6540995836257935
2025-08-03 14:05:42,354 - INFO - Starting G&C
2025-08-03 14:05:42,638 - INFO - succ_mask: torch.Size([10000000])
2025-08-03 14:05:42,638 - INFO - gen_losses: torch.Size([10000000])
2025-08-03 14:05:42,880 - INFO - succ_mask: torch.Size([10000000])
2025-08-03 14:05:42,880 - INFO - gen_losses: torch.Size([10000000])
2025-08-03 14:05:43,122 - INFO - succ_mask: torch.Size([10000000])
2025-08-03 14:05:43,122 - INFO - gen_losses: torch.Size([10000000])
2025-08-03 14:05:43,360 - INFO - succ_mask: torch.Size([10000000])
2025-08-03 14:05:43,361 - INFO - gen_losses: torch.Size([10000000])
2025-08-03 14:05:43,612 - INFO - succ_mask: torch.Size([10000000])
2025-08-03 14:05:43,612 - INFO - gen_losses: torch.Size([10000000])
2025-08-03 14:05:43,852 - INFO - succ_mask: torch.Size([10000000])
2025-08-03 14:05:43,852 - INFO - gen_losses: torch.Size([10000000])
2025-08-03 14:05:44,090 - INFO - succ_mask: torch.Size([10000000])
2025-08-03 14:05:44,090 - INFO - gen_losses: torch.Size([10000000])
2025-08-03 14:05:44,329 - INFO - succ_mask: torch.Size([10000000])
2025-08-03 14:05:44,329 - INFO - gen_losses: torch.Size([10000000])
2025-08-03 14:05:44,564 - INFO - succ_mask: torch.Size([10000000])
2025-08-03 14:05:44,564 - INFO - gen_losses: torch.Size([10000000])
2025-08-03 14:05:44,805 - INFO - succ_mask: torch.Size([10000000])
2025-08-03 14:05:44,805 - INFO - gen_losses: torch.Size([10000000])
2025-08-03 14:05:45,062 - INFO - No GNC sensing losses
2025-08-03 14:05:45,404 - INFO - Finished G&C, time elapsed=3.050023078918457s
2025-08-03 14:05:45,404 - INFO - Finished seed=0
2025-08-03 14:05:45,405 - INFO - ----------------------------------------------------------------------------------------------------------------------------------------------
2025-08-03 14:05:45,405 - INFO - ----------------------------------------------------------------------------------------------------------------------------------------------
2025-08-03 14:05:45,405 - INFO - Finished student_dim=6
2025-08-03 14:05:45,405 - INFO - G&C avg gen_loss = nan
2025-08-03 14:05:45,405 - INFO - ----------------------------------------------------------------------------------------------------------------------------------------------
2025-08-03 14:05:45,405 - INFO - Starting student_dim=7
2025-08-03 14:05:45,405 - INFO - Starting seed=0
2025-08-03 14:05:45,406 - INFO - A_teacher is 0.6540995836257935
2025-08-03 14:05:45,409 - INFO - Starting G&C
2025-08-03 14:05:45,702 - INFO - succ_mask: torch.Size([10000000])
2025-08-03 14:05:45,702 - INFO - gen_losses: torch.Size([10000000])
2025-08-03 14:05:45,944 - INFO - succ_mask: torch.Size([10000000])
2025-08-03 14:05:45,944 - INFO - gen_losses: torch.Size([10000000])
2025-08-03 14:05:46,186 - INFO - succ_mask: torch.Size([10000000])
2025-08-03 14:05:46,186 - INFO - gen_losses: torch.Size([10000000])
2025-08-03 14:05:46,427 - INFO - succ_mask: torch.Size([10000000])
2025-08-03 14:05:46,427 - INFO - gen_losses: torch.Size([10000000])
2025-08-03 14:05:46,684 - INFO - succ_mask: torch.Size([10000000])
2025-08-03 14:05:46,684 - INFO - gen_losses: torch.Size([10000000])
2025-08-03 14:05:46,928 - INFO - succ_mask: torch.Size([10000000])
2025-08-03 14:05:46,928 - INFO - gen_losses: torch.Size([10000000])
2025-08-03 14:05:47,168 - INFO - succ_mask: torch.Size([10000000])
2025-08-03 14:05:47,168 - INFO - gen_losses: torch.Size([10000000])
2025-08-03 14:05:47,411 - INFO - succ_mask: torch.Size([10000000])
2025-08-03 14:05:47,411 - INFO - gen_losses: torch.Size([10000000])
2025-08-03 14:05:47,668 - INFO - succ_mask: torch.Size([10000000])
2025-08-03 14:05:47,668 - INFO - gen_losses: torch.Size([10000000])
2025-08-03 14:05:47,910 - INFO - succ_mask: torch.Size([10000000])
2025-08-03 14:05:47,910 - INFO - gen_losses: torch.Size([10000000])
2025-08-03 14:05:48,150 - INFO - No GNC sensing losses
2025-08-03 14:05:48,573 - INFO - Finished G&C, time elapsed=3.1637251377105713s
2025-08-03 14:05:48,573 - INFO - Finished seed=0
2025-08-03 14:05:48,573 - INFO - ----------------------------------------------------------------------------------------------------------------------------------------------
2025-08-03 14:05:48,573 - INFO - ----------------------------------------------------------------------------------------------------------------------------------------------
2025-08-03 14:05:48,573 - INFO - Finished student_dim=7
2025-08-03 14:05:48,573 - INFO - G&C avg gen_loss = nan
2025-08-03 14:05:48,573 - INFO - ----------------------------------------------------------------------------------------------------------------------------------------------
2025-08-03 14:05:48,574 - INFO - Starting student_dim=8
2025-08-03 14:05:48,574 - INFO - Starting seed=0
2025-08-03 14:05:48,575 - INFO - A_teacher is 0.6540995836257935
2025-08-03 14:05:48,578 - INFO - Starting G&C
2025-08-03 14:05:48,877 - INFO - succ_mask: torch.Size([10000000])
2025-08-03 14:05:48,877 - INFO - gen_losses: torch.Size([10000000])
2025-08-03 14:05:49,129 - INFO - succ_mask: torch.Size([10000000])
2025-08-03 14:05:49,129 - INFO - gen_losses: torch.Size([10000000])
2025-08-03 14:05:49,376 - INFO - succ_mask: torch.Size([10000000])
2025-08-03 14:05:49,377 - INFO - gen_losses: torch.Size([10000000])
2025-08-03 14:05:49,633 - INFO - succ_mask: torch.Size([10000000])
2025-08-03 14:05:49,633 - INFO - gen_losses: torch.Size([10000000])
2025-08-03 14:05:49,883 - INFO - succ_mask: torch.Size([10000000])
2025-08-03 14:05:49,883 - INFO - gen_losses: torch.Size([10000000])
2025-08-03 14:05:50,134 - INFO - succ_mask: torch.Size([10000000])
2025-08-03 14:05:50,134 - INFO - gen_losses: torch.Size([10000000])
2025-08-03 14:05:50,382 - INFO - succ_mask: torch.Size([10000000])
2025-08-03 14:05:50,382 - INFO - gen_losses: torch.Size([10000000])
2025-08-03 14:05:50,631 - INFO - succ_mask: torch.Size([10000000])
2025-08-03 14:05:50,631 - INFO - gen_losses: torch.Size([10000000])
2025-08-03 14:05:50,881 - INFO - succ_mask: torch.Size([10000000])
2025-08-03 14:05:50,881 - INFO - gen_losses: torch.Size([10000000])
2025-08-03 14:05:51,132 - INFO - succ_mask: torch.Size([10000000])
2025-08-03 14:05:51,132 - INFO - gen_losses: torch.Size([10000000])
2025-08-03 14:05:51,386 - INFO - No GNC sensing losses
2025-08-03 14:05:51,816 - INFO - Finished G&C, time elapsed=3.2382867336273193s
2025-08-03 14:05:51,816 - INFO - Finished seed=0
2025-08-03 14:05:51,817 - INFO - ----------------------------------------------------------------------------------------------------------------------------------------------
2025-08-03 14:05:51,817 - INFO - ----------------------------------------------------------------------------------------------------------------------------------------------
2025-08-03 14:05:51,817 - INFO - Finished student_dim=8
2025-08-03 14:05:51,817 - INFO - G&C avg gen_loss = nan
2025-08-03 14:05:51,817 - INFO - ----------------------------------------------------------------------------------------------------------------------------------------------
2025-08-03 14:05:51,817 - INFO - Starting student_dim=9
2025-08-03 14:05:51,817 - INFO - Starting seed=0
2025-08-03 14:05:51,818 - INFO - A_teacher is 0.6540995836257935
2025-08-03 14:05:51,821 - INFO - Starting G&C
2025-08-03 14:05:52,172 - INFO - succ_mask: torch.Size([10000000])
2025-08-03 14:05:52,172 - INFO - gen_losses: torch.Size([10000000])
2025-08-03 14:05:52,457 - INFO - succ_mask: torch.Size([10000000])
2025-08-03 14:05:52,457 - INFO - gen_losses: torch.Size([10000000])
2025-08-03 14:05:52,714 - INFO - succ_mask: torch.Size([10000000])
2025-08-03 14:05:52,714 - INFO - gen_losses: torch.Size([10000000])
2025-08-03 14:05:52,987 - INFO - succ_mask: torch.Size([10000000])
2025-08-03 14:05:52,988 - INFO - gen_losses: torch.Size([10000000])
2025-08-03 14:05:53,264 - INFO - succ_mask: torch.Size([10000000])
2025-08-03 14:05:53,264 - INFO - gen_losses: torch.Size([10000000])
2025-08-03 14:05:53,577 - INFO - succ_mask: torch.Size([10000000])
2025-08-03 14:05:53,577 - INFO - gen_losses: torch.Size([10000000])
2025-08-03 14:05:53,846 - INFO - succ_mask: torch.Size([10000000])
2025-08-03 14:05:53,846 - INFO - gen_losses: torch.Size([10000000])
2025-08-03 14:05:54,151 - INFO - succ_mask: torch.Size([10000000])
2025-08-03 14:05:54,151 - INFO - gen_losses: torch.Size([10000000])
2025-08-03 14:05:54,424 - INFO - succ_mask: torch.Size([10000000])
2025-08-03 14:05:54,424 - INFO - gen_losses: torch.Size([10000000])
2025-08-03 14:05:54,740 - INFO - succ_mask: torch.Size([10000000])
2025-08-03 14:05:54,740 - INFO - gen_losses: torch.Size([10000000])
2025-08-03 14:05:55,075 - INFO - No GNC sensing losses
2025-08-03 14:05:55,400 - INFO - Finished G&C, time elapsed=3.578817129135132s
2025-08-03 14:05:55,400 - INFO - Finished seed=0
2025-08-03 14:05:55,401 - INFO - ----------------------------------------------------------------------------------------------------------------------------------------------
2025-08-03 14:05:55,401 - INFO - ----------------------------------------------------------------------------------------------------------------------------------------------
2025-08-03 14:05:55,401 - INFO - Finished student_dim=9
2025-08-03 14:05:55,401 - INFO - G&C avg gen_loss = nan
2025-08-03 14:05:55,401 - INFO - ----------------------------------------------------------------------------------------------------------------------------------------------
2025-08-03 14:05:55,401 - INFO - Starting student_dim=10
2025-08-03 14:05:55,401 - INFO - Starting seed=0
2025-08-03 14:05:55,402 - INFO - A_teacher is 0.6540995836257935
2025-08-03 14:05:55,405 - INFO - Starting G&C
2025-08-03 14:05:55,728 - INFO - succ_mask: torch.Size([10000000])
2025-08-03 14:05:55,728 - INFO - gen_losses: torch.Size([10000000])
2025-08-03 14:05:56,009 - INFO - succ_mask: torch.Size([10000000])
2025-08-03 14:05:56,009 - INFO - gen_losses: torch.Size([10000000])
2025-08-03 14:05:56,311 - INFO - succ_mask: torch.Size([10000000])
2025-08-03 14:05:56,311 - INFO - gen_losses: torch.Size([10000000])
2025-08-03 14:05:56,589 - INFO - succ_mask: torch.Size([10000000])
2025-08-03 14:05:56,589 - INFO - gen_losses: torch.Size([10000000])
2025-08-03 14:05:56,865 - INFO - succ_mask: torch.Size([10000000])
2025-08-03 14:05:56,865 - INFO - gen_losses: torch.Size([10000000])
2025-08-03 14:05:57,174 - INFO - succ_mask: torch.Size([10000000])
2025-08-03 14:05:57,175 - INFO - gen_losses: torch.Size([10000000])
2025-08-03 14:05:57,454 - INFO - succ_mask: torch.Size([10000000])
2025-08-03 14:05:57,454 - INFO - gen_losses: torch.Size([10000000])
2025-08-03 14:05:57,744 - INFO - succ_mask: torch.Size([10000000])
2025-08-03 14:05:57,745 - INFO - gen_losses: torch.Size([10000000])
2025-08-03 14:05:58,040 - INFO - succ_mask: torch.Size([10000000])
2025-08-03 14:05:58,040 - INFO - gen_losses: torch.Size([10000000])
2025-08-03 14:05:58,323 - INFO - succ_mask: torch.Size([10000000])
2025-08-03 14:05:58,324 - INFO - gen_losses: torch.Size([10000000])
2025-08-03 14:05:58,617 - INFO - No GNC sensing losses
2025-08-03 14:05:58,916 - INFO - Finished G&C, time elapsed=3.5107901096343994s
2025-08-03 14:05:58,916 - INFO - Finished seed=0
2025-08-03 14:05:58,917 - INFO - ----------------------------------------------------------------------------------------------------------------------------------------------
2025-08-03 14:05:58,917 - INFO - ----------------------------------------------------------------------------------------------------------------------------------------------
2025-08-03 14:05:58,917 - INFO - Finished student_dim=10
2025-08-03 14:05:58,917 - INFO - G&C avg gen_loss = nan
2025-08-03 14:05:58,917 - INFO - ----------------------------------------------------------------------------------------------------------------------------------------------
2025-08-03 14:05:58,917 - INFO - Starting student_dim=11
2025-08-03 14:05:58,917 - INFO - Starting seed=0
2025-08-03 14:05:58,918 - INFO - A_teacher is 0.6540995836257935
2025-08-03 14:05:58,922 - INFO - Starting G&C
2025-08-03 14:05:59,487 - INFO - succ_mask: torch.Size([10000000])
2025-08-03 14:05:59,488 - INFO - gen_losses: torch.Size([10000000])
2025-08-03 14:05:59,775 - INFO - succ_mask: torch.Size([10000000])
2025-08-03 14:05:59,775 - INFO - gen_losses: torch.Size([10000000])
2025-08-03 14:06:00,059 - INFO - succ_mask: torch.Size([10000000])
2025-08-03 14:06:00,059 - INFO - gen_losses: torch.Size([10000000])
2025-08-03 14:06:00,341 - INFO - succ_mask: torch.Size([10000000])
2025-08-03 14:06:00,341 - INFO - gen_losses: torch.Size([10000000])
2025-08-03 14:06:00,672 - INFO - succ_mask: torch.Size([10000000])
2025-08-03 14:06:00,672 - INFO - gen_losses: torch.Size([10000000])
2025-08-03 14:06:00,961 - INFO - succ_mask: torch.Size([10000000])
2025-08-03 14:06:00,961 - INFO - gen_losses: torch.Size([10000000])
2025-08-03 14:06:01,235 - INFO - succ_mask: torch.Size([10000000])
2025-08-03 14:06:01,235 - INFO - gen_losses: torch.Size([10000000])
2025-08-03 14:06:01,519 - INFO - succ_mask: torch.Size([10000000])
2025-08-03 14:06:01,519 - INFO - gen_losses: torch.Size([10000000])
2025-08-03 14:06:01,801 - INFO - succ_mask: torch.Size([10000000])
2025-08-03 14:06:01,802 - INFO - gen_losses: torch.Size([10000000])
2025-08-03 14:06:02,121 - INFO - succ_mask: torch.Size([10000000])
2025-08-03 14:06:02,121 - INFO - gen_losses: torch.Size([10000000])
2025-08-03 14:06:02,528 - INFO - No GNC sensing losses
2025-08-03 14:06:02,840 - INFO - Finished G&C, time elapsed=3.918195962905884s
2025-08-03 14:06:02,840 - INFO - Finished seed=0
2025-08-03 14:06:02,841 - INFO - ----------------------------------------------------------------------------------------------------------------------------------------------
2025-08-03 14:06:02,841 - INFO - ----------------------------------------------------------------------------------------------------------------------------------------------
2025-08-03 14:06:02,841 - INFO - Finished student_dim=11
2025-08-03 14:06:02,841 - INFO - G&C avg gen_loss = nan
2025-08-03 14:06:02,841 - INFO - ----------------------------------------------------------------------------------------------------------------------------------------------
2025-08-03 14:06:02,841 - INFO - Starting student_dim=12
2025-08-03 14:06:02,841 - INFO - Starting seed=0
2025-08-03 14:06:02,842 - INFO - A_teacher is 0.6540995836257935
2025-08-03 14:06:02,846 - INFO - Starting G&C
2025-08-03 14:06:03,267 - INFO - succ_mask: torch.Size([10000000])
2025-08-03 14:06:03,267 - INFO - gen_losses: torch.Size([10000000])
2025-08-03 14:06:03,560 - INFO - succ_mask: torch.Size([10000000])
2025-08-03 14:06:03,560 - INFO - gen_losses: torch.Size([10000000])
2025-08-03 14:06:03,850 - INFO - succ_mask: torch.Size([10000000])
2025-08-03 14:06:03,850 - INFO - gen_losses: torch.Size([10000000])
2025-08-03 14:06:04,140 - INFO - succ_mask: torch.Size([10000000])
2025-08-03 14:06:04,140 - INFO - gen_losses: torch.Size([10000000])
2025-08-03 14:06:04,461 - INFO - succ_mask: torch.Size([10000000])
2025-08-03 14:06:04,461 - INFO - gen_losses: torch.Size([10000000])
2025-08-03 14:06:04,745 - INFO - succ_mask: torch.Size([10000000])
2025-08-03 14:06:04,745 - INFO - gen_losses: torch.Size([10000000])
2025-08-03 14:06:05,043 - INFO - succ_mask: torch.Size([10000000])
2025-08-03 14:06:05,043 - INFO - gen_losses: torch.Size([10000000])
2025-08-03 14:06:05,345 - INFO - succ_mask: torch.Size([10000000])
2025-08-03 14:06:05,346 - INFO - gen_losses: torch.Size([10000000])
2025-08-03 14:06:05,641 - INFO - succ_mask: torch.Size([10000000])
2025-08-03 14:06:05,641 - INFO - gen_losses: torch.Size([10000000])
2025-08-03 14:06:05,939 - INFO - succ_mask: torch.Size([10000000])
2025-08-03 14:06:05,939 - INFO - gen_losses: torch.Size([10000000])
2025-08-03 14:06:06,364 - INFO - No GNC sensing losses
2025-08-03 14:06:06,709 - INFO - Finished G&C, time elapsed=3.862846851348877s
2025-08-03 14:06:06,709 - INFO - Finished seed=0
2025-08-03 14:06:06,709 - INFO - ----------------------------------------------------------------------------------------------------------------------------------------------
2025-08-03 14:06:06,709 - INFO - ----------------------------------------------------------------------------------------------------------------------------------------------
2025-08-03 14:06:06,709 - INFO - Finished student_dim=12
2025-08-03 14:06:06,710 - INFO - G&C avg gen_loss = nan
2025-08-03 14:06:06,710 - INFO - ----------------------------------------------------------------------------------------------------------------------------------------------
2025-08-03 14:06:06,710 - INFO - Starting student_dim=13
2025-08-03 14:06:06,710 - INFO - Starting seed=0
2025-08-03 14:06:06,711 - INFO - A_teacher is 0.6540995836257935
2025-08-03 14:06:06,715 - INFO - Starting G&C
2025-08-03 14:06:07,223 - INFO - succ_mask: torch.Size([10000000])
2025-08-03 14:06:07,224 - INFO - gen_losses: torch.Size([10000000])
2025-08-03 14:06:07,500 - INFO - succ_mask: torch.Size([10000000])
2025-08-03 14:06:07,500 - INFO - gen_losses: torch.Size([10000000])
2025-08-03 14:06:07,776 - INFO - succ_mask: torch.Size([10000000])
2025-08-03 14:06:07,776 - INFO - gen_losses: torch.Size([10000000])
2025-08-03 14:06:08,055 - INFO - succ_mask: torch.Size([10000000])
2025-08-03 14:06:08,055 - INFO - gen_losses: torch.Size([10000000])
2025-08-03 14:06:08,332 - INFO - succ_mask: torch.Size([10000000])
2025-08-03 14:06:08,332 - INFO - gen_losses: torch.Size([10000000])
2025-08-03 14:06:08,638 - INFO - succ_mask: torch.Size([10000000])
2025-08-03 14:06:08,638 - INFO - gen_losses: torch.Size([10000000])
2025-08-03 14:06:08,936 - INFO - succ_mask: torch.Size([10000000])
2025-08-03 14:06:08,936 - INFO - gen_losses: torch.Size([10000000])
2025-08-03 14:06:09,238 - INFO - succ_mask: torch.Size([10000000])
2025-08-03 14:06:09,238 - INFO - gen_losses: torch.Size([10000000])
2025-08-03 14:06:09,549 - INFO - succ_mask: torch.Size([10000000])
2025-08-03 14:06:09,549 - INFO - gen_losses: torch.Size([10000000])
2025-08-03 14:06:09,845 - INFO - succ_mask: torch.Size([10000000])
2025-08-03 14:06:09,845 - INFO - gen_losses: torch.Size([10000000])
2025-08-03 14:06:10,399 - INFO - No GNC sensing losses
2025-08-03 14:06:10,727 - INFO - Finished G&C, time elapsed=4.011378288269043s
2025-08-03 14:06:10,727 - INFO - Finished seed=0
2025-08-03 14:06:10,727 - INFO - ----------------------------------------------------------------------------------------------------------------------------------------------
2025-08-03 14:06:10,727 - INFO - ----------------------------------------------------------------------------------------------------------------------------------------------
2025-08-03 14:06:10,727 - INFO - Finished student_dim=13
2025-08-03 14:06:10,727 - INFO - G&C avg gen_loss = nan
2025-08-03 14:06:10,727 - INFO - ----------------------------------------------------------------------------------------------------------------------------------------------
2025-08-03 14:06:10,727 - INFO - Starting student_dim=14
2025-08-03 14:06:10,727 - INFO - Starting seed=0
2025-08-03 14:06:10,729 - INFO - A_teacher is 0.6540995836257935
2025-08-03 14:06:10,733 - INFO - Starting G&C
2025-08-03 14:06:11,707 - INFO - succ_mask: torch.Size([10000000])
2025-08-03 14:06:11,707 - INFO - gen_losses: torch.Size([10000000])
2025-08-03 14:06:12,019 - INFO - succ_mask: torch.Size([10000000])
2025-08-03 14:06:12,019 - INFO - gen_losses: torch.Size([10000000])
2025-08-03 14:06:12,319 - INFO - succ_mask: torch.Size([10000000])
2025-08-03 14:06:12,319 - INFO - gen_losses: torch.Size([10000000])
2025-08-03 14:06:12,615 - INFO - succ_mask: torch.Size([10000000])
2025-08-03 14:06:12,615 - INFO - gen_losses: torch.Size([10000000])
2025-08-03 14:06:12,986 - INFO - succ_mask: torch.Size([10000000])
2025-08-03 14:06:12,986 - INFO - gen_losses: torch.Size([10000000])
2025-08-03 14:06:13,331 - INFO - succ_mask: torch.Size([10000000])
2025-08-03 14:06:13,331 - INFO - gen_losses: torch.Size([10000000])
2025-08-03 14:06:13,633 - INFO - succ_mask: torch.Size([10000000])
2025-08-03 14:06:13,633 - INFO - gen_losses: torch.Size([10000000])
2025-08-03 14:06:13,933 - INFO - succ_mask: torch.Size([10000000])
2025-08-03 14:06:13,933 - INFO - gen_losses: torch.Size([10000000])
2025-08-03 14:06:14,258 - INFO - succ_mask: torch.Size([10000000])
2025-08-03 14:06:14,258 - INFO - gen_losses: torch.Size([10000000])
2025-08-03 14:06:14,600 - INFO - succ_mask: torch.Size([10000000])
2025-08-03 14:06:14,600 - INFO - gen_losses: torch.Size([10000000])
2025-08-03 14:06:15,793 - INFO - No GNC sensing losses
2025-08-03 14:06:16,189 - INFO - Finished G&C, time elapsed=5.456243991851807s
2025-08-03 14:06:16,189 - INFO - Finished seed=0
2025-08-03 14:06:16,189 - INFO - ----------------------------------------------------------------------------------------------------------------------------------------------
2025-08-03 14:06:16,189 - INFO - ----------------------------------------------------------------------------------------------------------------------------------------------
2025-08-03 14:06:16,189 - INFO - Finished student_dim=14
2025-08-03 14:06:16,190 - INFO - G&C avg gen_loss = nan
2025-08-03 14:06:16,190 - INFO - ----------------------------------------------------------------------------------------------------------------------------------------------
2025-08-03 14:06:16,190 - INFO - Starting student_dim=15
2025-08-03 14:06:16,190 - INFO - Starting seed=0
2025-08-03 14:06:16,193 - INFO - A_teacher is 0.6540995836257935
2025-08-03 14:06:16,200 - INFO - Starting G&C
2025-08-03 14:06:16,755 - INFO - succ_mask: torch.Size([10000000])
2025-08-03 14:06:16,755 - INFO - gen_losses: torch.Size([10000000])
2025-08-03 14:06:17,044 - INFO - succ_mask: torch.Size([10000000])
2025-08-03 14:06:17,044 - INFO - gen_losses: torch.Size([10000000])
2025-08-03 14:06:17,329 - INFO - succ_mask: torch.Size([10000000])
2025-08-03 14:06:17,329 - INFO - gen_losses: torch.Size([10000000])
2025-08-03 14:06:17,614 - INFO - succ_mask: torch.Size([10000000])
2025-08-03 14:06:17,614 - INFO - gen_losses: torch.Size([10000000])
2025-08-03 14:06:17,956 - INFO - succ_mask: torch.Size([10000000])
2025-08-03 14:06:17,956 - INFO - gen_losses: torch.Size([10000000])
2025-08-03 14:06:18,363 - INFO - succ_mask: torch.Size([10000000])
2025-08-03 14:06:18,363 - INFO - gen_losses: torch.Size([10000000])
2025-08-03 14:06:18,696 - INFO - succ_mask: torch.Size([10000000])
2025-08-03 14:06:18,696 - INFO - gen_losses: torch.Size([10000000])
2025-08-03 14:06:19,000 - INFO - succ_mask: torch.Size([10000000])
2025-08-03 14:06:19,000 - INFO - gen_losses: torch.Size([10000000])
2025-08-03 14:06:19,339 - INFO - succ_mask: torch.Size([10000000])
2025-08-03 14:06:19,339 - INFO - gen_losses: torch.Size([10000000])
2025-08-03 14:06:19,695 - INFO - succ_mask: torch.Size([10000000])
2025-08-03 14:06:19,695 - INFO - gen_losses: torch.Size([10000000])
2025-08-03 14:06:20,316 - INFO - No GNC sensing losses
2025-08-03 14:06:20,659 - INFO - Finished G&C, time elapsed=4.458864212036133s
2025-08-03 14:06:20,659 - INFO - Finished seed=0
2025-08-03 14:06:20,659 - INFO - ----------------------------------------------------------------------------------------------------------------------------------------------
2025-08-03 14:06:20,659 - INFO - ----------------------------------------------------------------------------------------------------------------------------------------------
2025-08-03 14:06:20,659 - INFO - Finished student_dim=15
2025-08-03 14:06:20,660 - INFO - G&C avg gen_loss = nan
2025-08-03 14:06:20,660 - INFO - ----------------------------------------------------------------------------------------------------------------------------------------------
2025-08-03 14:06:20,955 - INFO - Finished experiments, results saved to results, figures saved to figures
