2025-07-27 18:37:31,439 - INFO - Using device mps.
2025-07-27 18:37:31,447 - INFO - Starting teacher_rank=1
2025-07-27 18:37:31,448 - INFO - Starting student_dim=3
2025-07-27 18:37:31,448 - INFO - Starting seed=0
2025-07-27 18:37:31,474 - INFO - Starting GD
2025-07-27 18:37:31,864 - INFO - Max A_j index in initial model: 0
2025-07-27 18:37:31,865 - INFO - A values are [0.01540996041148901, -0.0029342889320105314, -0.021787893027067184]
2025-07-27 18:40:03,083 - INFO - Max A_j index in final model: 0
2025-07-27 18:40:03,083 - INFO - A values are [0.16585081815719604, 0.14750610291957855, 0.12865190207958221]
2025-07-27 18:40:03,084 - INFO - Finished GD, time elapsed=151.61009621620178s
2025-07-27 18:40:03,084 - INFO - Finished seed=0
2025-07-27 18:40:03,084 - INFO - Starting seed=1
2025-07-27 18:40:03,085 - INFO - Starting GD
2025-07-27 18:40:03,089 - INFO - Max A_j index in initial model: 0
2025-07-27 18:40:03,089 - INFO - A values are [0.006613521371036768, 0.0026692410465329885, 0.0006167725659906864]
2025-07-27 18:42:33,871 - INFO - Max A_j index in final model: 0
2025-07-27 18:42:33,872 - INFO - A values are [0.22943206131458282, 0.22547994554042816, 0.22342343628406525]
2025-07-27 18:42:33,872 - INFO - Finished GD, time elapsed=150.78715991973877s
2025-07-27 18:42:33,872 - INFO - Finished seed=1
2025-07-27 18:42:33,872 - INFO - Starting seed=2
2025-07-27 18:42:33,873 - INFO - Starting GD
2025-07-27 18:42:33,874 - INFO - Max A_j index in initial model: 0
2025-07-27 18:42:33,874 - INFO - A values are [0.0039229681715369225, -0.0022356400731951, -0.0031950026750564575]
2025-07-27 18:45:04,017 - INFO - Max A_j index in final model: 0
2025-07-27 18:45:04,017 - INFO - A values are [0.27662062644958496, 0.27053776383399963, 0.26959025859832764]
2025-07-27 18:45:04,017 - INFO - Finished GD, time elapsed=150.14420771598816s
2025-07-27 18:45:04,017 - INFO - Finished seed=2
2025-07-27 18:45:04,017 - INFO - Starting seed=3
2025-07-27 18:45:04,018 - INFO - Starting GD
2025-07-27 18:45:04,019 - INFO - Max A_j index in initial model: 0
2025-07-27 18:45:04,019 - INFO - A values are [0.008032760582864285, 0.0017483338015154004, 0.0008897809311747551]
2025-07-27 18:47:33,871 - INFO - Max A_j index in final model: 0
2025-07-27 18:47:33,872 - INFO - A values are [0.30313539505004883, 0.007641459349542856, -0.016388751566410065]
2025-07-27 18:47:33,872 - INFO - Finished GD, time elapsed=149.8539559841156s
2025-07-27 18:47:33,872 - INFO - Finished seed=3
2025-07-27 18:47:33,872 - INFO - ----------------------------------------------------------------------------------------------------------------------------------------------
2025-07-27 18:47:33,872 - INFO - ----------------------------------------------------------------------------------------------------------------------------------------------
2025-07-27 18:47:33,872 - INFO - Finished student_dim=3 with G&C avg gen_loss = 0.0, GD avg gen_loss = 0.03522247890941799
2025-07-27 18:47:33,873 - INFO - ----------------------------------------------------------------------------------------------------------------------------------------------
2025-07-27 18:47:33,873 - INFO - Starting student_dim=4
2025-07-27 18:47:33,873 - INFO - Starting seed=0
2025-07-27 18:47:33,876 - INFO - Starting GD
2025-07-27 18:47:33,880 - INFO - Max A_j index in initial model: 0
2025-07-27 18:47:33,880 - INFO - A values are [0.01540996041148901, -0.0029342889320105314, -0.021787893027067184, 0.005684312433004379]
2025-07-27 19:06:37,243 - INFO - Max A_j index in final model: 0
2025-07-27 19:06:37,243 - INFO - A values are [0.1247541755437851, 0.10640951991081238, 0.08755537122488022, 0.1150282546877861]
2025-07-27 19:06:37,243 - INFO - Finished GD, time elapsed=1143.3671588897705s
2025-07-27 19:06:37,243 - INFO - Finished seed=0
2025-07-27 19:06:37,244 - INFO - Starting seed=1
2025-07-27 19:06:37,244 - INFO - Starting GD
2025-07-27 19:06:37,245 - INFO - Max A_j index in initial model: 0
2025-07-27 19:06:37,246 - INFO - A values are [0.006613521371036768, 0.0026692410465329885, 0.0006167725659906864, 0.006213173270225525]
2025-07-27 19:11:54,366 - INFO - Max A_j index in final model: 1
2025-07-27 19:11:54,366 - INFO - A values are [0.14419502019882202, 0.14419694244861603, -0.20733961462974548, 0.1441964954137802]
2025-07-27 19:11:54,366 - INFO - Finished GD, time elapsed=317.121958732605s
2025-07-27 19:11:54,366 - INFO - Finished seed=1
2025-07-27 19:11:54,367 - INFO - Starting seed=2
2025-07-27 19:11:54,367 - INFO - Starting GD
2025-07-27 19:11:54,368 - INFO - Max A_j index in initial model: 0
2025-07-27 19:11:54,369 - INFO - A values are [0.0039229681715369225, -0.0022356400731951, -0.0031950026750564575, -0.012050370685756207]
2025-07-27 19:14:25,156 - INFO - Max A_j index in final model: 0
2025-07-27 19:14:25,156 - INFO - A values are [0.12514029443264008, 0.11898007988929749, 0.11802047491073608, 0.10916298627853394]
2025-07-27 19:14:25,157 - INFO - Finished GD, time elapsed=150.78939175605774s
2025-07-27 19:14:25,157 - INFO - Finished seed=2
2025-07-27 19:14:25,157 - INFO - Starting seed=3
2025-07-27 19:14:25,158 - INFO - Starting GD
2025-07-27 19:14:25,159 - INFO - Max A_j index in initial model: 0
2025-07-27 19:14:25,159 - INFO - A values are [0.008032760582864285, 0.0017483338015154004, 0.0008897809311747551, -0.006137180142104626]
2025-07-27 19:16:56,681 - INFO - Max A_j index in final model: 0
2025-07-27 19:16:56,681 - INFO - A values are [0.060433074831962585, 0.05399523302912712, 0.05311604589223862, 0.0459233783185482]
2025-07-27 19:16:56,682 - INFO - Finished GD, time elapsed=151.52381896972656s
2025-07-27 19:16:56,682 - INFO - Finished seed=3
2025-07-27 19:16:56,682 - INFO - ----------------------------------------------------------------------------------------------------------------------------------------------
2025-07-27 19:16:56,682 - INFO - ----------------------------------------------------------------------------------------------------------------------------------------------
2025-07-27 19:16:56,682 - INFO - Finished student_dim=4 with G&C avg gen_loss = 0.0, GD avg gen_loss = 0.08801950374618173
2025-07-27 19:16:56,682 - INFO - ----------------------------------------------------------------------------------------------------------------------------------------------
2025-07-27 19:16:56,682 - INFO - Starting student_dim=5
2025-07-27 19:16:56,682 - INFO - Starting seed=0
2025-07-27 19:16:56,687 - INFO - Starting GD
2025-07-27 19:16:56,691 - INFO - Max A_j index in initial model: 0
2025-07-27 19:16:56,691 - INFO - A values are [0.01540996041148901, -0.0029342889320105314, -0.021787893027067184, 0.005684312433004379, -0.010845223441720009]
2025-07-27 19:19:28,375 - INFO - Max A_j index in final model: 0
2025-07-27 19:19:28,376 - INFO - A values are [-0.05790683627128601, -0.07942304015159607, -0.10084008425474167, -0.06941243261098862, -0.08848220109939575]
2025-07-27 19:19:28,376 - INFO - Finished GD, time elapsed=151.6884889602661s
2025-07-27 19:19:28,376 - INFO - Finished seed=0
2025-07-27 19:19:28,376 - INFO - Starting seed=1
2025-07-27 19:19:28,377 - INFO - Starting GD
2025-07-27 19:19:28,378 - INFO - Max A_j index in initial model: 0
2025-07-27 19:19:28,378 - INFO - A values are [0.006613521371036768, 0.0026692410465329885, 0.0006167725659906864, 0.006213173270225525, -0.0045190597884356976]
2025-07-27 19:22:00,380 - INFO - Max A_j index in final model: 0
2025-07-27 19:22:00,381 - INFO - A values are [0.08563469350337982, 0.08167418837547302, 0.07961318641901016, 0.08523273468017578, 0.07445588707923889]
2025-07-27 19:22:00,381 - INFO - Finished GD, time elapsed=152.00427174568176s
2025-07-27 19:22:00,381 - INFO - Finished seed=1
2025-07-27 19:22:00,381 - INFO - Starting seed=2
2025-07-27 19:22:00,382 - INFO - Starting GD
2025-07-27 19:22:00,383 - INFO - Max A_j index in initial model: 4
2025-07-27 19:22:00,383 - INFO - A values are [0.0039229681715369225, -0.0022356400731951, -0.0031950026750564575, -0.012050370685756207, 0.010444634594023228]
2025-07-27 19:24:33,052 - INFO - Max A_j index in final model: 4
2025-07-27 19:24:33,052 - INFO - A values are [-0.06474480777978897, -0.07185991108417511, -0.07296138256788254, -0.08305041491985321, -0.05712009593844414]
2025-07-27 19:24:33,052 - INFO - Finished GD, time elapsed=152.67033076286316s
2025-07-27 19:24:33,052 - INFO - Finished seed=2
2025-07-27 19:24:33,053 - INFO - Starting seed=3
2025-07-27 19:24:33,053 - INFO - Starting GD
2025-07-27 19:24:33,054 - INFO - Max A_j index in initial model: 0
2025-07-27 19:24:33,055 - INFO - A values are [0.008032760582864285, 0.0017483338015154004, 0.0008897809311747551, -0.006137180142104626, 0.0004618245002347976]
2025-07-27 19:27:05,588 - INFO - Max A_j index in final model: 0
2025-07-27 19:27:05,588 - INFO - A values are [0.12112029641866684, 0.11472278088331223, 0.11384851485490799, 0.10669127106666565, 0.11341273039579391]
2025-07-27 19:27:05,589 - INFO - Finished GD, time elapsed=152.5351700782776s
2025-07-27 19:27:05,589 - INFO - Finished seed=3
2025-07-27 19:27:05,589 - INFO - ----------------------------------------------------------------------------------------------------------------------------------------------
2025-07-27 19:27:05,589 - INFO - ----------------------------------------------------------------------------------------------------------------------------------------------
2025-07-27 19:27:05,589 - INFO - Finished student_dim=5 with G&C avg gen_loss = 0.0, GD avg gen_loss = 0.41081938124261796
2025-07-27 19:27:05,589 - INFO - ----------------------------------------------------------------------------------------------------------------------------------------------
2025-07-27 19:27:05,589 - INFO - Starting student_dim=6
2025-07-27 19:27:05,589 - INFO - Starting seed=0
2025-07-27 19:27:05,592 - INFO - Starting GD
2025-07-27 19:27:05,597 - INFO - Max A_j index in initial model: 0
2025-07-27 19:27:05,597 - INFO - A values are [0.01540996041148901, -0.0029342889320105314, -0.021787893027067184, 0.005684312433004379, -0.010845223441720009, -0.013985954225063324]
2025-07-27 19:29:39,128 - INFO - Max A_j index in final model: 0
2025-07-27 19:29:39,129 - INFO - A values are [0.08653812855482101, 0.0681578516960144, 0.04926638677716255, 0.07679350674152374, 0.060231152921915054, 0.057084113359451294]
2025-07-27 19:29:39,129 - INFO - Finished GD, time elapsed=153.53677225112915s
2025-07-27 19:29:39,129 - INFO - Finished seed=0
2025-07-27 19:29:39,129 - INFO - Starting seed=1
2025-07-27 19:29:39,130 - INFO - Starting GD
2025-07-27 19:29:39,131 - INFO - Max A_j index in initial model: 0
2025-07-27 19:29:39,131 - INFO - A values are [0.006613521371036768, 0.0026692410465329885, 0.0006167725659906864, 0.006213173270225525, -0.0045190597884356976, -0.001661302288994193]
2025-07-27 19:32:13,238 - INFO - Max A_j index in final model: 0
2025-07-27 19:32:13,238 - INFO - A values are [0.0398394949734211, 0.0358218215405941, 0.03373170271515846, 0.039431653916835785, 0.028503309935331345, 0.031412284821271896]
2025-07-27 19:32:13,238 - INFO - Finished GD, time elapsed=154.10844707489014s
2025-07-27 19:32:13,238 - INFO - Finished seed=1
2025-07-27 19:32:13,239 - INFO - Starting seed=2
2025-07-27 19:32:13,239 - INFO - Starting GD
2025-07-27 19:32:13,240 - INFO - Max A_j index in initial model: 4
2025-07-27 19:32:13,241 - INFO - A values are [0.0039229681715369225, -0.0022356400731951, -0.0031950026750564575, -0.012050370685756207, 0.010444634594023228, -0.006332276854664087]
2025-07-27 19:34:48,656 - INFO - Max A_j index in final model: 4
2025-07-27 19:34:48,657 - INFO - A values are [0.056982412934303284, 0.050809189677238464, 0.049847591668367386, 0.04097142443060875, 0.06351978331804276, 0.04670291021466255]
2025-07-27 19:34:48,657 - INFO - Finished GD, time elapsed=155.41761469841003s
2025-07-27 19:34:48,657 - INFO - Finished seed=2
2025-07-27 19:34:48,657 - INFO - Starting seed=3
2025-07-27 19:34:48,658 - INFO - Starting GD
2025-07-27 19:34:48,659 - INFO - Max A_j index in initial model: 0
2025-07-27 19:34:48,659 - INFO - A values are [0.008032760582864285, 0.0017483338015154004, 0.0008897809311747551, -0.006137180142104626, 0.0004618245002347976, -0.0136825917288661]
2025-07-27 19:37:25,146 - INFO - Max A_j index in final model: 0
2025-07-27 19:37:25,146 - INFO - A values are [0.12922267615795135, 0.049149006605148315, 0.0404738113284111, -0.019362540915608406, 0.036288563162088394, -0.06948193907737732]
2025-07-27 19:37:25,147 - INFO - Finished GD, time elapsed=156.48846983909607s
2025-07-27 19:37:25,147 - INFO - Finished seed=3
2025-07-27 19:37:25,147 - INFO - ----------------------------------------------------------------------------------------------------------------------------------------------
2025-07-27 19:37:25,147 - INFO - ----------------------------------------------------------------------------------------------------------------------------------------------
2025-07-27 19:37:25,147 - INFO - Finished student_dim=6 with G&C avg gen_loss = 0.0, GD avg gen_loss = 0.11220862763002515
2025-07-27 19:37:25,147 - INFO - ----------------------------------------------------------------------------------------------------------------------------------------------
2025-07-27 19:37:25,147 - INFO - Starting student_dim=7
2025-07-27 19:37:25,147 - INFO - Starting seed=0
2025-07-27 19:37:25,153 - INFO - Starting GD
2025-07-27 19:37:25,156 - INFO - Max A_j index in initial model: 0
2025-07-27 19:37:25,156 - INFO - A values are [0.01540996041148901, -0.0029342889320105314, -0.021787893027067184, 0.005684312433004379, -0.010845223441720009, -0.013985954225063324, 0.004033468198031187]
2025-07-27 19:40:01,191 - INFO - Max A_j index in final model: 0
2025-07-27 19:40:01,192 - INFO - A values are [0.06847001612186432, 0.049956612288951874, 0.030938206240534782, 0.0586535707116127, 0.04197549819946289, 0.03880729898810387, 0.056987613439559937]
2025-07-27 19:40:01,193 - INFO - Finished GD, time elapsed=156.03997588157654s
2025-07-27 19:40:01,193 - INFO - Finished seed=0
2025-07-27 19:40:01,193 - INFO - Starting seed=1
2025-07-27 19:40:01,194 - INFO - Starting GD
2025-07-27 19:40:01,195 - INFO - Max A_j index in initial model: 0
2025-07-27 19:40:01,195 - INFO - A values are [0.006613521371036768, 0.0026692410465329885, 0.0006167725659906864, 0.006213173270225525, -0.0045190597884356976, -0.001661302288994193, -0.015227684751152992]
2025-07-27 19:42:40,283 - INFO - Max A_j index in final model: 0
2025-07-27 19:42:40,283 - INFO - A values are [0.1444394439458847, 0.14034153521060944, 0.1382075995206833, 0.14402371644973755, 0.13286294043064117, 0.13583776354789734, 0.12169569730758667]
2025-07-27 19:42:40,284 - INFO - Finished GD, time elapsed=159.09019899368286s
2025-07-27 19:42:40,284 - INFO - Finished seed=1
2025-07-27 19:42:40,284 - INFO - Starting seed=2
2025-07-27 19:42:40,285 - INFO - Starting GD
2025-07-27 19:42:40,286 - INFO - Max A_j index in initial model: 4
2025-07-27 19:42:40,286 - INFO - A values are [0.0039229681715369225, -0.0022356400731951, -0.0031950026750564575, -0.012050370685756207, 0.010444634594023228, -0.006332276854664087, 0.0057310676202178]
2025-07-27 19:45:17,161 - INFO - Max A_j index in final model: 4
2025-07-27 19:45:17,161 - INFO - A values are [0.14585784077644348, 0.1166018545627594, 0.11173325031995773, 0.061594098806381226, 0.17377245426177979, 0.09513265639543533, 0.15387989580631256]
2025-07-27 19:45:17,162 - INFO - Finished GD, time elapsed=156.87687993049622s
2025-07-27 19:45:17,162 - INFO - Finished seed=2
2025-07-27 19:45:17,162 - INFO - Starting seed=3
2025-07-27 19:45:17,163 - INFO - Starting GD
2025-07-27 19:45:17,164 - INFO - Max A_j index in initial model: 0
2025-07-27 19:45:17,164 - INFO - A values are [0.008032760582864285, 0.0017483338015154004, 0.0008897809311747551, -0.006137180142104626, 0.0004618245002347976, -0.0136825917288661, 0.0033749507274478674]
2025-07-27 19:47:53,464 - INFO - Max A_j index in final model: 0
2025-07-27 19:47:53,465 - INFO - A values are [0.10123080760240555, 0.09492945671081543, 0.09406859427690506, 0.08702244609594345, 0.09363945573568344, 0.07945627719163895, 0.09656044840812683]
2025-07-27 19:47:53,465 - INFO - Finished GD, time elapsed=156.30226492881775s
2025-07-27 19:47:53,465 - INFO - Finished seed=3
2025-07-27 19:47:53,465 - INFO - ----------------------------------------------------------------------------------------------------------------------------------------------
2025-07-27 19:47:53,465 - INFO - ----------------------------------------------------------------------------------------------------------------------------------------------
2025-07-27 19:47:53,465 - INFO - Finished student_dim=7 with G&C avg gen_loss = 0.0, GD avg gen_loss = 0.12325702793896198
2025-07-27 19:47:53,465 - INFO - ----------------------------------------------------------------------------------------------------------------------------------------------
2025-07-27 19:47:53,465 - INFO - Starting student_dim=8
2025-07-27 19:47:53,466 - INFO - Starting seed=0
2025-07-27 19:47:53,470 - INFO - Starting GD
2025-07-27 19:47:53,473 - INFO - Max A_j index in initial model: 0
2025-07-27 19:47:53,473 - INFO - A values are [0.01540996041148901, -0.0029342889320105314, -0.021787893027067184, 0.005684312433004379, -0.010845223441720009, -0.013985954225063324, 0.004033468198031187, 0.008380263112485409]
2025-07-27 19:50:30,990 - INFO - Max A_j index in final model: 0
2025-07-27 19:50:30,991 - INFO - A values are [0.063723623752594, 0.0059437379240989685, -0.04295125603675842, 0.031440313905477524, -0.015546251088380814, -0.023660976439714432, 0.02636043168604374, 0.039963994175195694]
2025-07-27 19:50:30,991 - INFO - Finished GD, time elapsed=157.52168798446655s
2025-07-27 19:50:30,991 - INFO - Finished seed=0
2025-07-27 19:50:30,991 - INFO - Starting seed=1
2025-07-27 19:50:30,992 - INFO - Starting GD
2025-07-27 19:50:30,993 - INFO - Max A_j index in initial model: 0
2025-07-27 19:50:30,993 - INFO - A values are [0.006613521371036768, 0.0026692410465329885, 0.0006167725659906864, 0.006213173270225525, -0.0045190597884356976, -0.001661302288994193, -0.015227684751152992, 0.003816839074715972]
2025-07-27 19:53:07,991 - INFO - Max A_j index in final model: 0
2025-07-27 19:53:07,992 - INFO - A values are [0.07286570221185684, 0.06889265030622482, 0.06682523339986801, 0.07246242463588715, 0.06165127456188202, 0.06453032791614532, 0.05086168646812439, 0.07004866749048233]
2025-07-27 19:53:07,993 - INFO - Finished GD, time elapsed=157.00063014030457s
2025-07-27 19:53:07,993 - INFO - Finished seed=1
2025-07-27 19:53:07,993 - INFO - Starting seed=2
2025-07-27 19:53:07,994 - INFO - Starting GD
2025-07-27 19:53:07,995 - INFO - Max A_j index in initial model: 4
2025-07-27 19:53:07,995 - INFO - A values are [0.0039229681715369225, -0.0022356400731951, -0.0031950026750564575, -0.012050370685756207, 0.010444634594023228, -0.006332276854664087, 0.0057310676202178, 0.0054094744846224785]
2025-07-27 19:55:44,115 - INFO - Max A_j index in final model: 4
2025-07-27 19:55:44,115 - INFO - A values are [0.06354747712612152, 0.05735092610120773, 0.05638565123081207, 0.04747471585869789, 0.07010859996080399, 0.053228843957185745, 0.06536659598350525, 0.06504306942224503]
2025-07-27 19:55:44,115 - INFO - Finished GD, time elapsed=156.12116026878357s
2025-07-27 19:55:44,115 - INFO - Finished seed=2
2025-07-27 19:55:44,115 - INFO - Starting seed=3
2025-07-27 19:55:44,116 - INFO - Starting GD
2025-07-27 19:55:44,117 - INFO - Max A_j index in initial model: 7
2025-07-27 19:55:44,117 - INFO - A values are [0.008032760582864285, 0.0017483338015154004, 0.0008897809311747551, -0.006137180142104626, 0.0004618245002347976, -0.0136825917288661, 0.0033749507274478674, 0.010111158713698387]
2025-07-27 19:58:20,449 - INFO - Max A_j index in final model: 7
2025-07-27 19:58:20,450 - INFO - A values are [0.04528025537729263, 0.03893985599279404, 0.038073696196079254, 0.030985631048679352, 0.037642017006874084, 0.023376060649752617, 0.040580835193395615, 0.04737745225429535]
2025-07-27 19:58:20,450 - INFO - Finished GD, time elapsed=156.3338680267334s
2025-07-27 19:58:20,450 - INFO - Finished seed=3
2025-07-27 19:58:20,450 - INFO - ----------------------------------------------------------------------------------------------------------------------------------------------
2025-07-27 19:58:20,450 - INFO - ----------------------------------------------------------------------------------------------------------------------------------------------
2025-07-27 19:58:20,450 - INFO - Finished student_dim=8 with G&C avg gen_loss = 0.0, GD avg gen_loss = 0.12749156774953008
2025-07-27 19:58:20,450 - INFO - ----------------------------------------------------------------------------------------------------------------------------------------------
2025-07-27 19:58:20,450 - INFO - Starting student_dim=9
2025-07-27 19:58:20,450 - INFO - Starting seed=0
2025-07-27 19:58:20,464 - INFO - Starting GD
2025-07-27 19:58:20,468 - INFO - Max A_j index in initial model: 0
2025-07-27 19:58:20,468 - INFO - A values are [0.01540996041148901, -0.0029342889320105314, -0.021787893027067184, 0.005684312433004379, -0.010845223441720009, -0.013985954225063324, 0.004033468198031187, 0.008380263112485409, -0.007192575838416815]
2025-07-27 20:00:56,247 - INFO - Max A_j index in final model: 0
2025-07-27 20:00:56,248 - INFO - A values are [0.07800538092851639, 0.05887115001678467, 0.039092522114515305, 0.06787317991256714, 0.05058732256293297, 0.04729259014129639, 0.0661507174372673, 0.07068442553281784, 0.05441476032137871]
2025-07-27 20:00:56,249 - INFO - Finished GD, time elapsed=155.78519296646118s
2025-07-27 20:00:56,249 - INFO - Finished seed=0
2025-07-27 20:00:56,249 - INFO - Starting seed=1
2025-07-27 20:00:56,250 - INFO - Starting GD
2025-07-27 20:00:56,251 - INFO - Max A_j index in initial model: 0
2025-07-27 20:00:56,251 - INFO - A values are [0.006613521371036768, 0.0026692410465329885, 0.0006167725659906864, 0.006213173270225525, -0.0045190597884356976, -0.001661302288994193, -0.015227684751152992, 0.003816839074715972, -0.010276085697114468]
2025-07-27 20:03:32,092 - INFO - Max A_j index in final model: 1
2025-07-27 20:03:32,093 - INFO - A values are [0.10034429281949997, 0.1670839935541153, 0.09879536926746368, 0.12494703382253647, -0.0669705793261528, -0.0030517135746777058, -0.1858077496290207, 0.15714959800243378, -0.14239634573459625]
2025-07-27 20:03:32,093 - INFO - Finished GD, time elapsed=155.84351801872253s
2025-07-27 20:03:32,093 - INFO - Finished seed=1
2025-07-27 20:03:32,093 - INFO - Starting seed=2
2025-07-27 20:03:32,094 - INFO - Starting GD
2025-07-27 20:03:32,095 - INFO - Max A_j index in initial model: 4
2025-07-27 20:03:32,095 - INFO - A values are [0.0039229681715369225, -0.0022356400731951, -0.0031950026750564575, -0.012050370685756207, 0.010444634594023228, -0.006332276854664087, 0.0057310676202178, 0.0054094744846224785, -0.003919058479368687]
2025-07-27 20:06:08,217 - INFO - Max A_j index in final model: 4
2025-07-27 20:06:08,218 - INFO - A values are [0.13524705171585083, 0.12607556581497192, 0.12459923326969147, 0.11017710715532303, 0.1444813758134842, 0.11966603994369507, 0.13785138726234436, 0.13739079236984253, 0.12347538024187088]
2025-07-27 20:06:08,218 - INFO - Finished GD, time elapsed=156.12393403053284s
2025-07-27 20:06:08,218 - INFO - Finished seed=2
2025-07-27 20:06:08,218 - INFO - Starting seed=3
2025-07-27 20:06:08,219 - INFO - Starting GD
2025-07-27 20:06:08,220 - INFO - Max A_j index in initial model: 7
2025-07-27 20:06:08,220 - INFO - A values are [0.008032760582864285, 0.0017483338015154004, 0.0008897809311747551, -0.006137180142104626, 0.0004618245002347976, -0.0136825917288661, 0.0033749507274478674, 0.010111158713698387, -0.014351793564856052]
2025-07-27 20:08:45,459 - INFO - Max A_j index in final model: 7
2025-07-27 20:08:45,459 - INFO - A values are [0.0761629194021225, 0.06962382793426514, 0.06872966885566711, 0.061403755098581314, 0.06828382611274719, 0.05352130904793739, 0.07131735235452652, 0.07832325249910355, 0.05282137915492058]
2025-07-27 20:08:45,460 - INFO - Finished GD, time elapsed=157.24038124084473s
2025-07-27 20:08:45,460 - INFO - Finished seed=3
2025-07-27 20:08:45,460 - INFO - ----------------------------------------------------------------------------------------------------------------------------------------------
2025-07-27 20:08:45,460 - INFO - ----------------------------------------------------------------------------------------------------------------------------------------------
2025-07-27 20:08:45,460 - INFO - Finished student_dim=9 with G&C avg gen_loss = 0.0, GD avg gen_loss = 0.16426857560873032
2025-07-27 20:08:45,460 - INFO - ----------------------------------------------------------------------------------------------------------------------------------------------
2025-07-27 20:08:45,460 - INFO - Starting student_dim=10
2025-07-27 20:08:45,460 - INFO - Starting seed=0
2025-07-27 20:08:45,464 - INFO - Starting GD
2025-07-27 20:08:45,467 - INFO - Max A_j index in initial model: 0
2025-07-27 20:08:45,467 - INFO - A values are [0.01540996041148901, -0.0029342889320105314, -0.021787893027067184, 0.005684312433004379, -0.010845223441720009, -0.013985954225063324, 0.004033468198031187, 0.008380263112485409, -0.007192575838416815, -0.004033435136079788]
2025-07-27 20:21:37,014 - INFO - Max A_j index in final model: 0
2025-07-27 20:21:37,016 - INFO - A values are [0.09263242036104202, 0.0723438709974289, 0.05142499506473541, 0.08188401907682419, 0.06357459723949432, 0.06008992716670036, 0.08005691319704056, 0.0848645567893982, 0.0676255077123642, 0.07112615555524826]
2025-07-27 20:21:37,016 - INFO - Finished GD, time elapsed=771.5523631572723s
2025-07-27 20:21:37,016 - INFO - Finished seed=0
2025-07-27 20:21:37,017 - INFO - Starting seed=1
2025-07-27 20:21:37,019 - INFO - Starting GD
2025-07-27 20:21:37,021 - INFO - Max A_j index in initial model: 0
2025-07-27 20:21:37,021 - INFO - A values are [0.006613521371036768, 0.0026692410465329885, 0.0006167725659906864, 0.006213173270225525, -0.0045190597884356976, -0.001661302288994193, -0.015227684751152992, 0.003816839074715972, -0.010276085697114468, -0.005630527622997761]
2025-07-27 20:24:08,906 - INFO - Max A_j index in final model: 0
2025-07-27 20:24:08,907 - INFO - A values are [0.048625342547893524, 0.04467853531241417, 0.04262471944093704, 0.04822474718093872, 0.037485603243112564, 0.040345221757888794, 0.026770174503326416, 0.04582686722278595, 0.03172493726015091, 0.036373432725667953]
2025-07-27 20:24:08,907 - INFO - Finished GD, time elapsed=151.88751983642578s
2025-07-27 20:24:08,907 - INFO - Finished seed=1
2025-07-27 20:24:08,907 - INFO - Starting seed=2
2025-07-27 20:24:08,908 - INFO - Starting GD
2025-07-27 20:24:08,909 - INFO - Max A_j index in initial model: 4
2025-07-27 20:24:08,909 - INFO - A values are [0.0039229681715369225, -0.0022356400731951, -0.0031950026750564575, -0.012050370685756207, 0.010444634594023228, -0.006332276854664087, 0.0057310676202178, 0.0054094744846224785, -0.003919058479368687, -0.010426787659525871]
2025-07-27 20:26:41,660 - INFO - Max A_j index in final model: 4
2025-07-27 20:26:41,661 - INFO - A values are [0.05066829174757004, 0.04450192674994469, 0.04354136064648628, 0.0346747487783432, 0.057198066264390945, 0.040400102734565735, 0.05247865244746208, 0.052156660705804825, 0.04281638562679291, 0.03630039095878601]
2025-07-27 20:26:41,662 - INFO - Finished GD, time elapsed=152.7537500858307s
2025-07-27 20:26:41,662 - INFO - Finished seed=2
2025-07-27 20:26:41,662 - INFO - Starting seed=3
2025-07-27 20:26:41,663 - INFO - Starting GD
2025-07-27 20:26:41,663 - INFO - Max A_j index in initial model: 7
2025-07-27 20:26:41,664 - INFO - A values are [0.008032760582864285, 0.0017483338015154004, 0.0008897809311747551, -0.006137180142104626, 0.0004618245002347976, -0.0136825917288661, 0.0033749507274478674, 0.010111158713698387, -0.014351793564856052, 0.009774317964911461]
2025-07-27 20:29:15,729 - INFO - Max A_j index in final model: 7
2025-07-27 20:29:15,729 - INFO - A values are [0.04975239932537079, 0.04343795403838158, 0.04257531836628914, 0.03551539406180382, 0.04214535653591156, 0.027935117483139038, 0.045072291046381, 0.05184080824255943, 0.0272628553211689, 0.05150233954191208]
2025-07-27 20:29:15,730 - INFO - Finished GD, time elapsed=154.06701683998108s
2025-07-27 20:29:15,730 - INFO - Finished seed=3
2025-07-27 20:29:15,730 - INFO - ----------------------------------------------------------------------------------------------------------------------------------------------
2025-07-27 20:29:15,730 - INFO - ----------------------------------------------------------------------------------------------------------------------------------------------
2025-07-27 20:29:15,730 - INFO - Finished student_dim=10 with G&C avg gen_loss = 0.0, GD avg gen_loss = 0.08906316291540861
2025-07-27 20:29:15,730 - INFO - ----------------------------------------------------------------------------------------------------------------------------------------------
2025-07-27 20:29:15,730 - INFO - Starting student_dim=11
2025-07-27 20:29:15,730 - INFO - Starting seed=0
2025-07-27 20:29:15,734 - INFO - Starting GD
2025-07-27 20:29:15,737 - INFO - Max A_j index in initial model: 0
2025-07-27 20:29:15,737 - INFO - A values are [0.01540996041148901, -0.0029342889320105314, -0.021787893027067184, 0.005684312433004379, -0.010845223441720009, -0.013985954225063324, 0.004033468198031187, 0.008380263112485409, -0.007192575838416815, -0.004033435136079788, -0.005966353230178356]
2025-07-27 20:31:50,327 - INFO - Max A_j index in final model: 0
2025-07-27 20:31:50,328 - INFO - A values are [0.3492300510406494, 0.005348088685423136, -0.12149808555841446, 0.10564614832401276, -0.05649357661604881, -0.07699086517095566, 0.08169685304164886, 0.15420378744602203, -0.030097676441073418, -0.004386595916002989, -0.020480390638113022]
2025-07-27 20:31:50,328 - INFO - Finished GD, time elapsed=154.5940501689911s
2025-07-27 20:31:50,328 - INFO - Finished seed=0
2025-07-27 20:31:50,328 - INFO - Starting seed=1
2025-07-27 20:31:50,329 - INFO - Starting GD
2025-07-27 20:31:50,330 - INFO - Max A_j index in initial model: 0
2025-07-27 20:31:50,330 - INFO - A values are [0.006613521371036768, 0.0026692410465329885, 0.0006167725659906864, 0.006213173270225525, -0.0045190597884356976, -0.001661302288994193, -0.015227684751152992, 0.003816839074715972, -0.010276085697114468, -0.005630527622997761, -0.00892290472984314]
2025-07-27 20:34:25,368 - INFO - Max A_j index in final model: 0
2025-07-27 20:34:25,370 - INFO - A values are [0.045810963958501816, 0.038289714604616165, 0.03440949693322182, 0.04504341632127762, 0.024798426777124405, 0.03012998215854168, 0.0051804776303470135, 0.040468983352184296, 0.0141835305839777, 0.02273675426840782, 0.01666373386979103]
2025-07-27 20:34:25,370 - INFO - Finished GD, time elapsed=155.0411138534546s
2025-07-27 20:34:25,370 - INFO - Finished seed=1
2025-07-27 20:34:25,371 - INFO - Starting seed=2
2025-07-27 20:34:25,371 - INFO - Starting GD
2025-07-27 20:34:25,372 - INFO - Max A_j index in initial model: 10
2025-07-27 20:34:25,372 - INFO - A values are [0.0039229681715369225, -0.0022356400731951, -0.0031950026750564575, -0.012050370685756207, 0.010444634594023228, -0.006332276854664087, 0.0057310676202178, 0.0054094744846224785, -0.003919058479368687, -0.010426787659525871, 0.013186173513531685]
2025-07-27 20:37:00,649 - INFO - Max A_j index in final model: 10
2025-07-27 20:37:00,650 - INFO - A values are [0.05279935896396637, 0.04663702845573425, 0.04567708447575569, 0.0368163138628006, 0.0593249648809433, 0.042537886649370193, 0.054608557373285294, 0.05428674817085266, 0.04495258256793022, 0.03844088688492775, 0.06206817179918289]
2025-07-27 20:37:00,650 - INFO - Finished GD, time elapsed=155.27889728546143s
2025-07-27 20:37:00,650 - INFO - Finished seed=2
2025-07-27 20:37:00,650 - INFO - Starting seed=3
2025-07-27 20:37:00,651 - INFO - Starting GD
2025-07-27 20:37:00,652 - INFO - Max A_j index in initial model: 7
2025-07-27 20:37:00,652 - INFO - A values are [0.008032760582864285, 0.0017483338015154004, 0.0008897809311747551, -0.006137180142104626, 0.0004618245002347976, -0.0136825917288661, 0.0033749507274478674, 0.010111158713698387, -0.014351793564856052, 0.009774317964911461, 0.005220499355345964]
2025-07-27 20:39:36,692 - INFO - Max A_j index in final model: 7
2025-07-27 20:39:36,694 - INFO - A values are [0.08547648042440414, 0.07908064126968384, 0.07820659875869751, 0.07105119526386261, 0.07777091860771179, 0.06336352974176407, 0.08073636889457703, 0.08759109675884247, 0.06268158555030823, 0.08724839985370636, 0.0826147124171257]
2025-07-27 20:39:36,694 - INFO - Finished GD, time elapsed=156.04268288612366s
2025-07-27 20:39:36,694 - INFO - Finished seed=3
2025-07-27 20:39:36,694 - INFO - ----------------------------------------------------------------------------------------------------------------------------------------------
2025-07-27 20:39:36,694 - INFO - ----------------------------------------------------------------------------------------------------------------------------------------------
2025-07-27 20:39:36,694 - INFO - Finished student_dim=11 with G&C avg gen_loss = 0.0, GD avg gen_loss = 0.08616884052753448
2025-07-27 20:39:36,694 - INFO - ----------------------------------------------------------------------------------------------------------------------------------------------
2025-07-27 20:39:36,694 - INFO - Starting student_dim=12
2025-07-27 20:39:36,694 - INFO - Starting seed=0
2025-07-27 20:39:36,699 - INFO - Starting GD
2025-07-27 20:39:36,702 - INFO - Max A_j index in initial model: 0
2025-07-27 20:39:36,702 - INFO - A values are [0.01540996041148901, -0.0029342889320105314, -0.021787893027067184, 0.005684312433004379, -0.010845223441720009, -0.013985954225063324, 0.004033468198031187, 0.008380263112485409, -0.007192575838416815, -0.004033435136079788, -0.005966353230178356, 0.0018203648505732417]
2025-07-27 20:42:14,131 - INFO - Max A_j index in final model: 0
2025-07-27 20:42:14,131 - INFO - A values are [-0.01800641603767872, -0.03779814764857292, -0.05787626653909683, -0.02853558585047722, -0.04625113308429718, -0.04959532618522644, -0.030314434319734573, -0.02562553808093071, -0.04235369339585304, -0.03897525370121002, -0.04104319587349892, -0.032695602625608444]
2025-07-27 20:42:14,132 - INFO - Finished GD, time elapsed=157.43259692192078s
2025-07-27 20:42:14,132 - INFO - Finished seed=0
2025-07-27 20:42:14,132 - INFO - Starting seed=1
2025-07-27 20:42:14,133 - INFO - Starting GD
2025-07-27 20:42:14,134 - INFO - Max A_j index in initial model: 0
2025-07-27 20:42:14,134 - INFO - A values are [0.006613521371036768, 0.0026692410465329885, 0.0006167725659906864, 0.006213173270225525, -0.0045190597884356976, -0.001661302288994193, -0.015227684751152992, 0.003816839074715972, -0.010276085697114468, -0.005630527622997761, -0.00892290472984314, -0.000582501757889986]
2025-07-27 20:44:52,218 - INFO - Max A_j index in final model: 0
2025-07-27 20:44:52,219 - INFO - A values are [0.050250135362148285, 0.036478765308856964, 0.029531240463256836, 0.04882628098130226, 0.01273848582059145, 0.021982265636324883, -0.019945356994867325, 0.04042663425207138, -0.005188974551856518, 0.00920804776251316, -0.0010531680891290307, 0.025537000969052315]
2025-07-27 20:44:52,220 - INFO - Finished GD, time elapsed=158.08718299865723s
2025-07-27 20:44:52,220 - INFO - Finished seed=1
2025-07-27 20:44:52,220 - INFO - Starting seed=2
2025-07-27 20:44:52,221 - INFO - Starting GD
2025-07-27 20:44:52,222 - INFO - Max A_j index in initial model: 10
2025-07-27 20:44:52,222 - INFO - A values are [0.0039229681715369225, -0.0022356400731951, -0.0031950026750564575, -0.012050370685756207, 0.010444634594023228, -0.006332276854664087, 0.0057310676202178, 0.0054094744846224785, -0.003919058479368687, -0.010426787659525871, 0.013186173513531685, 0.00747638987377286]
2025-07-27 20:47:29,794 - INFO - Max A_j index in final model: 10
2025-07-27 20:47:29,795 - INFO - A values are [-0.00045710758422501385, -0.006710325833410025, -0.0076839555986225605, -0.016665562987327576, 0.006170704960823059, -0.010867035947740078, 0.0013797812862321734, 0.0010530308354645967, -0.008418675512075424, -0.01501953974366188, 0.008958843536674976, 0.0031533546280115843]
2025-07-27 20:47:29,795 - INFO - Finished GD, time elapsed=157.57411098480225s
2025-07-27 20:47:29,795 - INFO - Finished seed=2
2025-07-27 20:47:29,795 - INFO - Starting seed=3
2025-07-27 20:47:29,796 - INFO - Starting GD
2025-07-27 20:47:29,797 - INFO - Max A_j index in initial model: 11
2025-07-27 20:47:29,797 - INFO - A values are [0.008032760582864285, 0.0017483338015154004, 0.0008897809311747551, -0.006137180142104626, 0.0004618245002347976, -0.0136825917288661, 0.0033749507274478674, 0.010111158713698387, -0.014351793564856052, 0.009774317964911461, 0.005220499355345964, 0.012379166670143604]
2025-07-27 20:50:07,425 - INFO - Max A_j index in final model: 11
2025-07-27 20:50:07,425 - INFO - A values are [0.09260550141334534, 0.08327136188745499, 0.08195826411247253, 0.07080544531345367, 0.08129998296499252, 0.05784503370523453, 0.0857328325510025, 0.09559567272663116, 0.05663509666919708, 0.09511402249336243, 0.08848591893911362, 0.09880977123975754]
2025-07-27 20:50:07,426 - INFO - Finished GD, time elapsed=157.62969183921814s
2025-07-27 20:50:07,426 - INFO - Finished seed=3
2025-07-27 20:50:07,426 - INFO - ----------------------------------------------------------------------------------------------------------------------------------------------
2025-07-27 20:50:07,426 - INFO - ----------------------------------------------------------------------------------------------------------------------------------------------
2025-07-27 20:50:07,426 - INFO - Finished student_dim=12 with G&C avg gen_loss = 0.0, GD avg gen_loss = 0.5147788338363171
2025-07-27 20:50:07,426 - INFO - ----------------------------------------------------------------------------------------------------------------------------------------------
2025-07-27 20:50:07,426 - INFO - Starting student_dim=13
2025-07-27 20:50:07,426 - INFO - Starting seed=0
2025-07-27 20:50:07,430 - INFO - Starting GD
2025-07-27 20:50:07,483 - INFO - Max A_j index in initial model: 0
2025-07-27 20:50:07,484 - INFO - A values are [0.01540996041148901, -0.0029342889320105314, -0.021787893027067184, 0.005684312433004379, -0.010845223441720009, -0.013985954225063324, 0.004033468198031187, 0.008380263112485409, -0.007192575838416815, -0.004033435136079788, -0.005966353230178356, 0.0018203648505732417, -0.008566745556890965]
2025-07-27 20:52:46,057 - INFO - Max A_j index in final model: 0
2025-07-27 20:52:46,057 - INFO - A values are [0.06951943039894104, 0.040707286447286606, 0.010213077068328857, 0.05434248596429825, 0.0280285757035017, 0.022949082776904106, 0.05174436792731285, 0.05857135355472565, 0.033902909606695175, 0.03895599767565727, 0.03586742281913757, 0.048251718282699585, 0.03169747069478035]
2025-07-27 20:52:46,058 - INFO - Warning: GD train loss 7.522118721681181e-06 is above threshold 1e-07 for student_dim=13, seed=0
2025-07-27 20:52:46,058 - INFO - Finished GD, time elapsed=158.6277527809143s
2025-07-27 20:52:46,058 - INFO - Finished seed=0
2025-07-27 20:52:46,058 - INFO - Starting seed=1
2025-07-27 20:52:46,059 - INFO - Starting GD
2025-07-27 20:52:46,060 - INFO - Max A_j index in initial model: 0
2025-07-27 20:52:46,060 - INFO - A values are [0.006613521371036768, 0.0026692410465329885, 0.0006167725659906864, 0.006213173270225525, -0.0045190597884356976, -0.001661302288994193, -0.015227684751152992, 0.003816839074715972, -0.010276085697114468, -0.005630527622997761, -0.00892290472984314, -0.000582501757889986, -0.0019550956785678864]
2025-07-27 20:55:24,361 - INFO - Max A_j index in final model: 0
2025-07-27 20:55:24,361 - INFO - A values are [-0.09331514686346054, -0.09884797036647797, -0.10167693346738815, -0.09388288110494614, -0.10862016677856445, -0.10477966070175171, -0.12256691604852676, -0.09725174307823181, -0.11619877070188522, -0.11009914427995682, -0.11443520337343216, -0.10331504046916962, -0.10517707467079163]
2025-07-27 20:55:24,362 - INFO - Finished GD, time elapsed=158.3029019832611s
2025-07-27 20:55:24,362 - INFO - Finished seed=1
2025-07-27 20:55:24,362 - INFO - Starting seed=2
2025-07-27 20:55:24,363 - INFO - Starting GD
2025-07-27 20:55:24,364 - INFO - Max A_j index in initial model: 10
2025-07-27 20:55:24,364 - INFO - A values are [0.0039229681715369225, -0.0022356400731951, -0.0031950026750564575, -0.012050370685756207, 0.010444634594023228, -0.006332276854664087, 0.0057310676202178, 0.0054094744846224785, -0.003919058479368687, -0.010426787659525871, 0.013186173513531685, 0.00747638987377286, -0.013264806009829044]
2025-07-27 20:57:58,283 - INFO - Max A_j index in final model: 10
2025-07-27 20:57:58,285 - INFO - A values are [0.05164327099919319, 0.04530186578631401, 0.044313378632068634, 0.035181328654289246, 0.058351416140794754, 0.0410798154771328, 0.053503792732954025, 0.05317293480038643, 0.04356725141406059, 0.0368567630648613, 0.06116925925016403, 0.055299174040555954, 0.03392774984240532]
2025-07-27 20:57:58,285 - INFO - Finished GD, time elapsed=153.9222469329834s
2025-07-27 20:57:58,285 - INFO - Finished seed=2
2025-07-27 20:57:58,285 - INFO - Starting seed=3
2025-07-27 20:57:58,286 - INFO - Starting GD
2025-07-27 20:57:58,287 - INFO - Max A_j index in initial model: 11
2025-07-27 20:57:58,287 - INFO - A values are [0.008032760582864285, 0.0017483338015154004, 0.0008897809311747551, -0.006137180142104626, 0.0004618245002347976, -0.0136825917288661, 0.0033749507274478674, 0.010111158713698387, -0.014351793564856052, 0.009774317964911461, 0.005220499355345964, 0.012379166670143604, -0.00864635594189167]
2025-07-27 21:00:31,809 - INFO - Max A_j index in final model: 11
2025-07-27 21:00:31,810 - INFO - A values are [0.03741229325532913, 0.03105282410979271, 0.030183803290128708, 0.02307290770113468, 0.029750898480415344, 0.015436327084898949, 0.03269895538687706, 0.039515480399131775, 0.014758882112801075, 0.03917471319437027, 0.03456660360097885, 0.041810937225818634, 0.020533008500933647]
2025-07-27 21:00:31,810 - INFO - Finished GD, time elapsed=153.52405714988708s
2025-07-27 21:00:31,810 - INFO - Finished seed=3
2025-07-27 21:00:31,810 - INFO - ----------------------------------------------------------------------------------------------------------------------------------------------
2025-07-27 21:00:31,810 - INFO - ----------------------------------------------------------------------------------------------------------------------------------------------
2025-07-27 21:00:31,810 - INFO - Finished student_dim=13 with G&C avg gen_loss = 0.0, GD avg gen_loss = 1.021208161022514
2025-07-27 21:00:31,810 - INFO - ----------------------------------------------------------------------------------------------------------------------------------------------
2025-07-27 21:00:31,810 - INFO - Starting student_dim=14
2025-07-27 21:00:31,811 - INFO - Starting seed=0
2025-07-27 21:00:31,815 - INFO - Starting GD
2025-07-27 21:00:31,818 - INFO - Max A_j index in initial model: 0
2025-07-27 21:00:31,819 - INFO - A values are [0.01540996041148901, -0.0029342889320105314, -0.021787893027067184, 0.005684312433004379, -0.010845223441720009, -0.013985954225063324, 0.004033468198031187, 0.008380263112485409, -0.007192575838416815, -0.004033435136079788, -0.005966353230178356, 0.0018203648505732417, -0.008566745556890965, 0.011006041429936886]
2025-07-27 21:03:04,825 - INFO - Max A_j index in final model: 0
2025-07-27 21:03:04,826 - INFO - A values are [-0.030713388696312904, -0.05353039503097534, -0.07575618475675583, -0.04299115762114525, -0.06297759711742401, -0.0666768029332161, -0.0450323112308979, -0.0396326407790184, -0.05863986909389496, -0.05485495924949646, -0.057174596935510635, -0.047751374542713165, -0.060276489704847336, -0.03632974997162819]
2025-07-27 21:03:04,826 - INFO - Finished GD, time elapsed=153.01104521751404s
2025-07-27 21:03:04,826 - INFO - Finished seed=0
2025-07-27 21:03:04,826 - INFO - Starting seed=1
2025-07-27 21:03:04,827 - INFO - Starting GD
2025-07-27 21:03:04,828 - INFO - Max A_j index in initial model: 0
2025-07-27 21:03:04,829 - INFO - A values are [0.006613521371036768, 0.0026692410465329885, 0.0006167725659906864, 0.006213173270225525, -0.0045190597884356976, -0.001661302288994193, -0.015227684751152992, 0.003816839074715972, -0.010276085697114468, -0.005630527622997761, -0.00892290472984314, -0.000582501757889986, -0.0019550956785678864, -0.009656359441578388]
2025-07-27 21:12:36,423 - INFO - Max A_j index in final model: 0
2025-07-27 21:12:36,424 - INFO - A values are [0.03519583120942116, 0.031249556690454483, 0.029196051880717278, 0.03479527309536934, 0.024057669565081596, 0.026916854083538055, 0.0133437504991889, 0.03239776939153671, 0.018297800794243813, 0.022945668548345566, 0.019651662558317184, 0.027996186167001724, 0.026622919365763664, 0.01891784556210041]
2025-07-27 21:12:36,425 - INFO - Finished GD, time elapsed=571.59708070755s
2025-07-27 21:12:36,425 - INFO - Finished seed=1
2025-07-27 21:12:36,425 - INFO - Starting seed=2
2025-07-27 21:12:36,426 - INFO - Starting GD
2025-07-27 21:12:36,427 - INFO - Max A_j index in initial model: 10
2025-07-27 21:12:36,427 - INFO - A values are [0.0039229681715369225, -0.0022356400731951, -0.0031950026750564575, -0.012050370685756207, 0.010444634594023228, -0.006332276854664087, 0.0057310676202178, 0.0054094744846224785, -0.003919058479368687, -0.010426787659525871, 0.013186173513531685, 0.00747638987377286, -0.013264806009829044, -0.012412970885634422]
2025-07-27 21:26:39,859 - INFO - Max A_j index in final model: 10
2025-07-27 21:26:39,859 - INFO - A values are [0.03108193911612034, 0.024896878749132156, 0.023933427408337593, 0.015040869824588299, 0.037631988525390625, 0.020782893523573875, 0.032897815108299255, 0.03257480636239052, 0.023206299170851707, 0.016671206802129745, 0.040385652333498, 0.03465074673295021, 0.013821402564644814, 0.014676771126687527]
2025-07-27 21:26:39,859 - INFO - Finished GD, time elapsed=843.4339199066162s
2025-07-27 21:26:39,859 - INFO - Finished seed=2
2025-07-27 21:26:39,860 - INFO - Starting seed=3
2025-07-27 21:26:39,860 - INFO - Starting GD
2025-07-27 21:26:39,861 - INFO - Max A_j index in initial model: 11
2025-07-27 21:26:39,862 - INFO - A values are [0.008032760582864285, 0.0017483338015154004, 0.0008897809311747551, -0.006137180142104626, 0.0004618245002347976, -0.0136825917288661, 0.0033749507274478674, 0.010111158713698387, -0.014351793564856052, 0.009774317964911461, 0.005220499355345964, 0.012379166670143604, -0.00864635594189167, 0.0029896083287894726]
2025-07-27 21:32:42,728 - INFO - Max A_j index in final model: 11
2025-07-27 21:32:42,729 - INFO - A values are [0.01997322589159012, 0.01021616067737341, 0.008898810483515263, -0.0017566774040460587, 0.008243253454566002, -0.012961446307599545, 0.012722570449113846, 0.023245753720402718, -0.013944248668849468, 0.02271377667784691, 0.01558208093047142, 0.026843810454010963, -0.005508693866431713, 0.012127848342061043]
2025-07-27 21:32:42,729 - INFO - Finished GD, time elapsed=362.8685300350189s
2025-07-27 21:32:42,729 - INFO - Finished seed=3
2025-07-27 21:32:42,729 - INFO - ----------------------------------------------------------------------------------------------------------------------------------------------
2025-07-27 21:32:42,729 - INFO - ----------------------------------------------------------------------------------------------------------------------------------------------
2025-07-27 21:32:42,729 - INFO - Finished student_dim=14 with G&C avg gen_loss = 0.0, GD avg gen_loss = 0.49340530671179295
2025-07-27 21:32:42,729 - INFO - ----------------------------------------------------------------------------------------------------------------------------------------------
2025-07-27 21:32:42,729 - INFO - Starting student_dim=15
2025-07-27 21:32:42,730 - INFO - Starting seed=0
2025-07-27 21:32:42,739 - INFO - Starting GD
2025-07-27 21:32:42,745 - INFO - Max A_j index in initial model: 0
2025-07-27 21:32:42,745 - INFO - A values are [0.01540996041148901, -0.0029342889320105314, -0.021787893027067184, 0.005684312433004379, -0.010845223441720009, -0.013985954225063324, 0.004033468198031187, 0.008380263112485409, -0.007192575838416815, -0.004033435136079788, -0.005966353230178356, 0.0018203648505732417, -0.008566745556890965, 0.011006041429936886, -0.01071187388151884]
2025-07-27 21:35:14,587 - INFO - Max A_j index in final model: 0
2025-07-27 21:35:14,588 - INFO - A values are [0.052609577775001526, 0.03426359221339226, 0.015408223494887352, 0.042882997542619705, 0.026351923123002052, 0.023210901767015457, 0.041232023388147354, 0.0455792061984539, 0.030004914849996567, 0.03316434472799301, 0.031231261789798737, 0.03901870548725128, 0.028630608692765236, 0.048205237835645676, 0.026485279202461243]
2025-07-27 21:35:14,589 - INFO - Finished GD, time elapsed=151.84970211982727s
2025-07-27 21:35:14,589 - INFO - Finished seed=0
2025-07-27 21:35:14,589 - INFO - Starting seed=1
2025-07-27 21:35:14,590 - INFO - Starting GD
2025-07-27 21:35:14,591 - INFO - Max A_j index in initial model: 0
2025-07-27 21:35:14,591 - INFO - A values are [0.006613521371036768, 0.0026692410465329885, 0.0006167725659906864, 0.006213173270225525, -0.0045190597884356976, -0.001661302288994193, -0.015227684751152992, 0.003816839074715972, -0.010276085697114468, -0.005630527622997761, -0.00892290472984314, -0.000582501757889986, -0.0019550956785678864, -0.009656359441578388, 0.004224153235554695]
2025-07-27 21:37:47,209 - INFO - Max A_j index in final model: 0
2025-07-27 21:37:47,210 - INFO - A values are [0.1560618132352829, 0.07022744417190552, 0.03877658396959305, 0.14476986229419708, -0.022059841081500053, 0.00934872217476368, -0.10968384146690369, 0.09074316173791885, -0.07349973917007446, -0.03303682804107666, -0.062489889562129974, 0.02269958332180977, 0.005873436573892832, -0.0685267299413681, 0.09869645535945892]
2025-07-27 21:37:47,210 - INFO - Warning: GD train loss 4.518770765571389e-06 is above threshold 1e-07 for student_dim=15, seed=1
2025-07-27 21:37:47,211 - INFO - Finished GD, time elapsed=152.6206829547882s
2025-07-27 21:37:47,211 - INFO - Finished seed=1
2025-07-27 21:37:47,211 - INFO - Starting seed=2
2025-07-27 21:37:47,211 - INFO - Starting GD
2025-07-27 21:37:47,212 - INFO - Max A_j index in initial model: 10
2025-07-27 21:37:47,213 - INFO - A values are [0.0039229681715369225, -0.0022356400731951, -0.0031950026750564575, -0.012050370685756207, 0.010444634594023228, -0.006332276854664087, 0.0057310676202178, 0.0054094744846224785, -0.003919058479368687, -0.010426787659525871, 0.013186173513531685, 0.00747638987377286, -0.013264806009829044, -0.012412970885634422, -0.0010280492715537548]
2025-07-27 21:40:20,602 - INFO - Max A_j index in final model: 10
2025-07-27 21:40:20,604 - INFO - A values are [0.05774098262190819, 0.04661726579070091, 0.04486873000860214, 0.028531257063150406, 0.06934797018766403, 0.039123550057411194, 0.060976799577474594, 0.0604025200009346, 0.043547067791223526, 0.03155544772744179, 0.07417693734169006, 0.0640866607427597, 0.026261283084750175, 0.027854448184370995, 0.04881155118346214]
2025-07-27 21:40:20,604 - INFO - Finished GD, time elapsed=153.39277625083923s
2025-07-27 21:40:20,604 - INFO - Finished seed=2
2025-07-27 21:40:20,604 - INFO - Starting seed=3
2025-07-27 21:40:20,605 - INFO - Starting GD
2025-07-27 21:40:20,606 - INFO - Max A_j index in initial model: 11
2025-07-27 21:40:20,606 - INFO - A values are [0.008032760582864285, 0.0017483338015154004, 0.0008897809311747551, -0.006137180142104626, 0.0004618245002347976, -0.0136825917288661, 0.0033749507274478674, 0.010111158713698387, -0.014351793564856052, 0.009774317964911461, 0.005220499355345964, 0.012379166670143604, -0.00864635594189167, 0.0029896083287894726, 0.0041921865195035934]
2025-07-27 21:42:54,674 - INFO - Max A_j index in final model: 7
2025-07-27 21:42:54,675 - INFO - A values are [0.18498051166534424, 0.19276529550552368, 0.12561741471290588, -0.11847518384456635, 0.08673814684152603, -0.21050593256950378, 0.20842322707176208, 0.21147529780864716, -0.21668924391269684, 0.1641361117362976, 0.19016119837760925, 0.19488920271396637, -0.15510329604148865, 0.19341956079006195, 0.20341342687606812]
2025-07-27 21:42:54,675 - INFO - Finished GD, time elapsed=154.0697660446167s
2025-07-27 21:42:54,675 - INFO - Finished seed=3
2025-07-27 21:42:54,675 - INFO - ----------------------------------------------------------------------------------------------------------------------------------------------
2025-07-27 21:42:54,675 - INFO - ----------------------------------------------------------------------------------------------------------------------------------------------
2025-07-27 21:42:54,675 - INFO - Finished student_dim=15 with G&C avg gen_loss = 0.0, GD avg gen_loss = 0.2732492405921221
2025-07-27 21:42:54,675 - INFO - ----------------------------------------------------------------------------------------------------------------------------------------------
2025-07-27 21:42:54,675 - INFO - Starting student_dim=16
2025-07-27 21:42:54,676 - INFO - Starting seed=0
2025-07-27 21:42:54,680 - INFO - Starting GD
2025-07-27 21:42:54,683 - INFO - Max A_j index in initial model: 13
2025-07-27 21:42:54,683 - INFO - A values are [-0.011258398182690144, -0.011523601599037647, -0.002505785785615444, -0.0043387883342802525, 0.008487103506922722, 0.006920091807842255, -0.0031601276714354753, -0.02115219458937645, 0.003222749102860689, -0.01263334695249796, 0.003499831771478057, 0.003081338945776224, 0.0011984150623902678, 0.012376578524708748, 0.011167771182954311, -0.0024727764539420605]
2025-07-27 21:45:30,193 - INFO - Max A_j index in final model: 13
2025-07-27 21:45:30,194 - INFO - A values are [0.029922237619757652, 0.029506275430321693, 0.04349745064973831, 0.04067612066864967, 0.06019195169210434, 0.057834919542074203, 0.042491741478443146, 0.014239311218261719, 0.052244190126657486, 0.027764640748500824, 0.05266500264406204, 0.05202990770339966, 0.049165576696395874, 0.0660121738910675, 0.06420766562223434, 0.04354811832308769]
2025-07-27 21:45:30,195 - INFO - Finished GD, time elapsed=155.51461005210876s
2025-07-27 21:45:30,195 - INFO - Finished seed=0
2025-07-27 21:45:30,195 - INFO - Starting seed=1
2025-07-27 21:45:30,196 - INFO - Starting GD
2025-07-27 21:45:30,197 - INFO - Max A_j index in initial model: 13
2025-07-27 21:45:30,197 - INFO - A values are [-0.015255958773195744, -0.0075023178942501545, -0.006539809051901102, -0.01609484851360321, -0.001001671771518886, -0.0060918889939785, -0.009797722101211548, -0.016090963035821915, -0.007121446076780558, 0.0030372198671102524, -0.007773142773658037, -0.0025145485997200012, -0.0022227049339562654, 0.01687113381922245, 0.002284251619130373, 0.0046763550490140915]
2025-07-27 21:48:05,738 - INFO - Max A_j index in final model: 13
2025-07-27 21:48:05,738 - INFO - A values are [0.02281363680958748, 0.03061034344136715, 0.03157811984419823, 0.02197004109621048, 0.0371464267373085, 0.03202852979302406, 0.02830228954553604, 0.021973934024572372, 0.030993320047855377, 0.04120700806379318, 0.030338043347001076, 0.03562537580728531, 0.03591880202293396, 0.055113546550273895, 0.04045002907514572, 0.042854927480220795]
2025-07-27 21:48:05,739 - INFO - Finished GD, time elapsed=155.54322218894958s
2025-07-27 21:48:05,739 - INFO - Finished seed=1
2025-07-27 21:48:05,739 - INFO - Starting seed=2
2025-07-27 21:48:05,740 - INFO - Starting GD
2025-07-27 21:48:05,741 - INFO - Max A_j index in initial model: 5
2025-07-27 21:48:05,741 - INFO - A values are [-0.010408011265099049, 0.009166041389107704, -0.0130419060587883, -0.01109678391367197, -0.012187779881060123, 0.011675924062728882, -0.010573920793831348, -0.0011883936822414398, -0.00907839834690094, 0.00345222232863307, -0.005713335704058409, -0.002351086586713791, 0.01007605530321598, -0.007528814487159252, -0.002249991986900568, -0.004326860420405865]
2025-07-27 21:50:41,551 - INFO - Max A_j index in final model: 5
2025-07-27 21:50:41,552 - INFO - A values are [0.023449059575796127, 0.043108608573675156, 0.020803336054086685, 0.022757209837436676, 0.0216613058000803, 0.045629169791936874, 0.023282412439584732, 0.03270946070551872, 0.0247846320271492, 0.03737025707960129, 0.028164636343717575, 0.03154169023036957, 0.044022489339113235, 0.02634107507765293, 0.031643204391002655, 0.02955722250044346]
2025-07-27 21:50:41,553 - INFO - Finished GD, time elapsed=155.8128900527954s
2025-07-27 21:50:41,553 - INFO - Finished seed=2
2025-07-27 21:50:41,553 - INFO - Starting seed=3
2025-07-27 21:50:41,554 - INFO - Starting GD
2025-07-27 21:50:41,555 - INFO - Max A_j index in initial model: 6
2025-07-27 21:50:41,555 - INFO - A values are [-0.0007664430886507034, 0.0035988150630146265, -0.00782016757875681, 0.0007152773323468864, 0.006648394279181957, -0.0028678025119006634, 0.016205506399273872, -0.015967080369591713, -0.0005168094648979604, -0.0030597569420933723, 0.002485019387677312, -0.002225608332082629, 0.009131518192589283, 0.0020434116013348103, 0.005739846732467413, 0.00416331272572279]
2025-07-27 21:53:17,827 - INFO - Max A_j index in final model: 6
2025-07-27 21:53:17,828 - INFO - A values are [0.01674981229007244, 0.02113572135567665, 0.009663277305662632, 0.018238509073853493, 0.024199925363063812, 0.014638579450547695, 0.033803790807724, 0.0014793765731155872, 0.01700061373412609, 0.01444573886692524, 0.02001662366092205, 0.015283781103789806, 0.026695048436522484, 0.019572924822568893, 0.023286983370780945, 0.02170291729271412]
2025-07-27 21:53:17,829 - INFO - Finished GD, time elapsed=156.27517104148865s
2025-07-27 21:53:17,829 - INFO - Finished seed=3
2025-07-27 21:53:17,829 - INFO - ----------------------------------------------------------------------------------------------------------------------------------------------
2025-07-27 21:53:17,829 - INFO - ----------------------------------------------------------------------------------------------------------------------------------------------
2025-07-27 21:53:17,829 - INFO - Finished student_dim=16 with G&C avg gen_loss = 0.0, GD avg gen_loss = 0.058379930444061756
2025-07-27 21:53:17,829 - INFO - ----------------------------------------------------------------------------------------------------------------------------------------------
2025-07-27 21:53:17,829 - INFO - Starting student_dim=17
2025-07-27 21:53:17,829 - INFO - Starting seed=0
2025-07-27 21:53:17,833 - INFO - Starting GD
2025-07-27 21:53:17,837 - INFO - Max A_j index in initial model: 7
2025-07-27 21:53:17,837 - INFO - A values are [-0.011258398182690144, -0.016959313303232193, 0.005666505079716444, 0.007935083471238613, 0.005988394375890493, -0.015550950542092323, -0.0034136029426008463, 0.018530061468482018, 0.0046809641644358635, -0.005854971241205931, -0.0017339701298624277, 0.0018347791628912091, 0.013893661089241505, 0.015863342210650444, 0.009462983347475529, -0.008436768315732479, 0.009318266063928604]
2025-07-27 21:55:54,222 - INFO - Max A_j index in final model: 7
2025-07-27 21:55:54,222 - INFO - A values are [0.013145405799150467, 0.004274370614439249, 0.03851069137454033, 0.0418139211833477, 0.03898060321807861, 0.006483056582510471, 0.025070102885365486, 0.0569804385304451, 0.03706918656826019, 0.0213920995593071, 0.027584293857216835, 0.03288300707936287, 0.05039459839463234, 0.0532013401389122, 0.0440269336104393, 0.0174705870449543, 0.04381775110960007]
2025-07-27 21:55:54,223 - INFO - Finished GD, time elapsed=156.38956499099731s
2025-07-27 21:55:54,223 - INFO - Finished seed=0
2025-07-27 21:55:54,223 - INFO - Starting seed=1
2025-07-27 21:55:54,224 - INFO - Starting GD
2025-07-27 21:55:54,225 - INFO - Max A_j index in initial model: 4
2025-07-27 21:55:54,225 - INFO - A values are [-0.015255958773195744, -0.01160761434584856, 0.006995423696935177, 0.0019908163230866194, 0.008656923659145832, 0.0024440393317490816, -0.006629116367548704, 0.008073082193732262, 0.004391415510326624, -0.001759360427968204, -0.022455576807260513, -0.01446457952260971, 0.0006115527939982712, -0.006177444942295551, -0.007980694994330406, -0.001316232024691999, -0.007984397932887077]
2025-07-27 21:58:30,166 - INFO - Max A_j index in final model: 4
2025-07-27 21:58:30,168 - INFO - A values are [0.014323686249554157, 0.018318984657526016, 0.03871610760688782, 0.03322429582476616, 0.04053982347249985, 0.03372156247496605, 0.02377329207956791, 0.039898600429296494, 0.035857904702425, 0.029111549258232117, 0.006444249767810106, 0.01518986839801073, 0.03171103447675705, 0.024267854169011116, 0.02229187823832035, 0.029597310349345207, 0.022288069128990173]
2025-07-27 21:58:30,168 - INFO - Warning: GD train loss 6.664195666417072e-07 is above threshold 1e-07 for student_dim=17, seed=1
2025-07-27 21:58:30,168 - INFO - Finished GD, time elapsed=155.94458293914795s
2025-07-27 21:58:30,168 - INFO - Finished seed=1
2025-07-27 21:58:30,168 - INFO - Starting seed=2
2025-07-27 21:58:30,169 - INFO - Starting GD
2025-07-27 21:58:30,170 - INFO - Max A_j index in initial model: 11
2025-07-27 21:58:30,170 - INFO - A values are [-0.010408011265099049, -0.004585607908666134, -0.008480005897581577, 0.005266043357551098, 0.00029916182393208146, -0.0004983803373761475, 0.010650779120624065, 0.00886036641895771, -0.00810986291617155, -0.004986324347555637, 0.0012886369368061423, 0.02763066627085209, 0.0014047645963728428, 0.011191015131771564, 0.003152315504848957, 0.017527764663100243, -0.007395674008876085]
2025-07-27 22:01:06,392 - INFO - Max A_j index in final model: 11
2025-07-27 22:01:06,392 - INFO - A values are [-0.012423250824213028, -0.0008466491708531976, -0.008620571345090866, 0.019421637058258057, 0.009090530686080456, 0.007453326601535082, 0.030905846506357193, 0.02705315873026848, -0.007887572981417179, -0.0016525202663615346, 0.011129836551845074, 0.06939935684204102, 0.011369669809937477, 0.03207598999142647, 0.014995692297816277, 0.04604705050587654, -0.006468701642006636]
2025-07-27 22:01:06,392 - INFO - Finished GD, time elapsed=156.2231559753418s
2025-07-27 22:01:06,392 - INFO - Finished seed=2
2025-07-27 22:01:06,393 - INFO - Starting seed=3
2025-07-27 22:01:06,393 - INFO - Starting GD
2025-07-27 22:01:06,394 - INFO - Max A_j index in initial model: 14
2025-07-27 22:01:06,394 - INFO - A values are [-0.0007664430886507034, 0.009311243891716003, -0.005144619848579168, -0.016516655683517456, 0.01046022865921259, 0.005221869796514511, -0.001668091514147818, 0.0005303340149112046, 0.004046071320772171, 0.02256557159125805, 0.01869259960949421, -0.011952338740229607, 0.00997922383248806, 0.004591804463416338, 0.024363970384001732, -0.0014680817257612944, 0.0048511396162211895]
2025-07-27 22:03:42,507 - INFO - Max A_j index in final model: 14
2025-07-27 22:03:42,509 - INFO - A values are [0.02435375563800335, 0.03490122780203819, 0.019770503044128418, 0.007860900834202766, 0.036102864891290665, 0.030621424317359924, 0.023410113528370857, 0.025711672380566597, 0.029391175135970116, 0.04876451939344406, 0.044714417308568954, 0.012641781941056252, 0.035599950700998306, 0.029962208122015, 0.050645049661397934, 0.023619530722498894, 0.030233444646000862]
2025-07-27 22:03:42,510 - INFO - Finished GD, time elapsed=156.1162691116333s
2025-07-27 22:03:42,510 - INFO - Finished seed=3
2025-07-27 22:03:42,510 - INFO - ----------------------------------------------------------------------------------------------------------------------------------------------
2025-07-27 22:03:42,510 - INFO - ----------------------------------------------------------------------------------------------------------------------------------------------
2025-07-27 22:03:42,510 - INFO - Finished student_dim=17 with G&C avg gen_loss = 0.0, GD avg gen_loss = 0.06911544129252434
2025-07-27 22:03:42,510 - INFO - ----------------------------------------------------------------------------------------------------------------------------------------------
2025-07-27 22:03:42,510 - INFO - Starting student_dim=18
2025-07-27 22:03:42,510 - INFO - Starting seed=0
2025-07-27 22:03:42,514 - INFO - Starting GD
2025-07-27 22:03:42,517 - INFO - Max A_j index in initial model: 7
2025-07-27 22:03:42,517 - INFO - A values are [-0.011258398182690144, -0.011523601599037647, 0.005666505079716444, 0.007935083471238613, 0.005988394375890493, -0.015550950542092323, -0.0034136029426008463, 0.018530061468482018, 0.0046809641644358635, -0.0015771244652569294, -0.0017339701298624277, 0.0018347791628912091, 0.013893661089241505, 0.015863342210650444, 0.009462983347475529, -0.008436768315732479, 0.009318266063928604, 0.012590091675519943]
2025-07-27 22:06:19,448 - INFO - Max A_j index in final model: 7
2025-07-27 22:06:19,448 - INFO - A values are [0.016365109011530876, 0.01609959453344345, 0.033309150487184525, 0.03558025136590004, 0.03363138437271118, 0.012067637406289577, 0.02421882003545761, 0.04618694260716438, 0.032322511076927185, 0.026057368144392967, 0.025900350883603096, 0.029473133385181427, 0.04154544696211815, 0.04351729899644852, 0.0371098518371582, 0.019189953804016113, 0.036964986473321915, 0.04024043306708336]
2025-07-27 22:06:19,448 - INFO - Finished GD, time elapsed=156.93428587913513s
2025-07-27 22:06:19,448 - INFO - Finished seed=0
2025-07-27 22:06:19,449 - INFO - Starting seed=1
2025-07-27 22:06:19,452 - INFO - Starting GD
2025-07-27 22:06:19,453 - INFO - Max A_j index in initial model: 9
2025-07-27 22:06:19,453 - INFO - A values are [-0.015255958773195744, -0.0075023178942501545, 0.006995423696935177, 0.0019908163230866194, 0.008656923659145832, 0.0024440393317490816, -0.006629116367548704, 0.008073082193732262, 0.004391415510326624, 0.011712007224559784, -0.022455576807260513, -0.01446457952260971, 0.0006115527939982712, -0.006177444942295551, -0.007980694994330406, -0.001316232024691999, -0.007984397932887077, 0.0033573051914572716]
2025-07-27 22:08:55,889 - INFO - Max A_j index in final model: 9
2025-07-27 22:08:55,891 - INFO - A values are [0.07688575983047485, 0.08866424113512039, 0.10902265459299088, 0.10219821333885193, 0.1112479493021965, 0.10282425582408905, 0.08994606137275696, 0.11046814918518066, 0.10549543052911758, 0.11529209464788437, 0.06517549604177475, 0.07812356948852539, 0.10028281807899475, 0.09060589969158173, 0.08795841783285141, 0.09757846593856812, 0.08795292675495148, 0.10408062487840652]
2025-07-27 22:08:55,892 - INFO - Finished GD, time elapsed=156.44024920463562s
2025-07-27 22:08:55,892 - INFO - Finished seed=1
2025-07-27 22:08:55,892 - INFO - Starting seed=2
2025-07-27 22:08:55,893 - INFO - Starting GD
2025-07-27 22:08:55,894 - INFO - Max A_j index in initial model: 11
2025-07-27 22:08:55,894 - INFO - A values are [-0.010408011265099049, 0.009166041389107704, -0.008480005897581577, 0.005266043357551098, 0.00029916182393208146, -0.0004983803373761475, 0.010650779120624065, 0.00886036641895771, -0.00810986291617155, 0.006736502517014742, 0.0012886369368061423, 0.02763066627085209, 0.0014047645963728428, 0.011191015131771564, 0.003152315504848957, 0.017527764663100243, -0.007395674008876085, -0.012424520216882229]
2025-07-27 22:11:32,351 - INFO - Max A_j index in final model: 7
2025-07-27 22:11:32,352 - INFO - A values are [-0.2001952826976776, 0.23861375451087952, -0.17543575167655945, 0.23863232135772705, 0.024841301143169403, -0.007313461508601904, 0.23863233625888824, 0.2386559396982193, -0.17029286921024323, 0.23863236606121063, 0.07832996547222137, 0.23863209784030914, 0.08623167872428894, 0.2386324405670166, 0.23863232135772705, 0.23863239586353302, -0.15997439622879028, -0.2231629490852356]
2025-07-27 22:11:32,352 - INFO - Finished GD, time elapsed=156.4593391418457s
2025-07-27 22:11:32,352 - INFO - Finished seed=2
2025-07-27 22:11:32,352 - INFO - Starting seed=3
2025-07-27 22:11:32,353 - INFO - Starting GD
2025-07-27 22:11:32,354 - INFO - Max A_j index in initial model: 14
2025-07-27 22:11:32,354 - INFO - A values are [-0.0007664430886507034, 0.0035988150630146265, -0.005144619848579168, -0.016516655683517456, 0.01046022865921259, 0.005221869796514511, -0.001668091514147818, 0.0005303340149112046, 0.004046071320772171, 0.006112996954470873, 0.01869259960949421, -0.011952338740229607, 0.00997922383248806, 0.004591804463416338, 0.024363970384001732, -0.0014680817257612944, 0.0048511396162211895, 0.0020523436833173037]
2025-07-27 22:14:11,605 - INFO - Max A_j index in final model: 14
2025-07-27 22:14:11,607 - INFO - A values are [0.04545700177550316, 0.049909207969903946, 0.04098973795771599, 0.02937711775302887, 0.05690355971455574, 0.051564086228609085, 0.04453716427087784, 0.0467798225581646, 0.05036526173353195, 0.052472617477178574, 0.06528980284929276, 0.0340396873652935, 0.05641339719295502, 0.050921693444252014, 0.07106385380029678, 0.04474122077226639, 0.05118612200021744, 0.048332128673791885]
2025-07-27 22:14:11,607 - INFO - Finished GD, time elapsed=159.2539188861847s
2025-07-27 22:14:11,607 - INFO - Finished seed=3
2025-07-27 22:14:11,608 - INFO - ----------------------------------------------------------------------------------------------------------------------------------------------
2025-07-27 22:14:11,608 - INFO - ----------------------------------------------------------------------------------------------------------------------------------------------
2025-07-27 22:14:11,608 - INFO - Finished student_dim=18 with G&C avg gen_loss = 0.0, GD avg gen_loss = 0.6390971709042788
2025-07-27 22:14:11,608 - INFO - ----------------------------------------------------------------------------------------------------------------------------------------------
2025-07-27 22:14:11,608 - INFO - Starting student_dim=19
2025-07-27 22:14:11,608 - INFO - Starting seed=0
2025-07-27 22:14:11,612 - INFO - Starting GD
2025-07-27 22:14:11,616 - INFO - Max A_j index in initial model: 18
2025-07-27 22:14:11,616 - INFO - A values are [-0.011258398182690144, -0.011523601599037647, -0.002505785785615444, 0.007935083471238613, 0.005988394375890493, -0.015550950542092323, -0.0034136029426008463, 0.018530061468482018, 0.0046809641644358635, -0.0015771244652569294, 0.014436600729823112, 0.0018347791628912091, 0.013893661089241505, 0.015863342210650444, 0.009462983347475529, -0.008436768315732479, 0.009318266063928604, 0.012590091675519943, 0.02004980482161045]
2025-07-27 22:16:49,071 - INFO - Max A_j index in final model: 18
2025-07-27 22:16:49,072 - INFO - A values are [-0.004940475337207317, -0.005232134833931923, 0.004688005428761244, 0.016196036711335182, 0.014048447832465172, -0.009656854905188084, 0.0036887081805616617, 0.027899393811821938, 0.012606807984411716, 0.005710888653993607, 0.02337445691227913, 0.00946923065930605, 0.022774575278162956, 0.024951232597231865, 0.01788226142525673, -0.0018384709255769849, 0.01772257685661316, 0.021334612742066383, 0.02957974374294281]
2025-07-27 22:16:49,073 - INFO - Finished GD, time elapsed=157.4601821899414s
2025-07-27 22:16:49,073 - INFO - Finished seed=0
2025-07-27 22:16:49,073 - INFO - Starting seed=1
2025-07-27 22:16:49,074 - INFO - Starting GD
2025-07-27 22:16:49,075 - INFO - Max A_j index in initial model: 10
2025-07-27 22:16:49,075 - INFO - A values are [-0.015255958773195744, -0.0075023178942501545, -0.006539809051901102, 0.0019908163230866194, 0.008656923659145832, 0.0024440393317490816, -0.006629116367548704, 0.008073082193732262, 0.004391415510326624, 0.011712007224559784, 0.017674272879958153, -0.01446457952260971, 0.0006115527939982712, -0.006177444942295551, -0.007980694994330406, -0.001316232024691999, -0.007984397932887077, 0.0033573051914572716, 0.0027533352840691805]
2025-07-27 22:19:25,562 - INFO - Max A_j index in final model: 10
2025-07-27 22:19:25,562 - INFO - A values are [0.01384598109871149, 0.023411603644490242, 0.024596702307462692, 0.035080306231975555, 0.04324624314904213, 0.03563641011714935, 0.024486985057592392, 0.0425320640206337, 0.038023851811885834, 0.04698137566447258, 0.05425740405917168, 0.014824322424829006, 0.03338729962706566, 0.025042857974767685, 0.022822214290499687, 0.031020276248455048, 0.022818056866526604, 0.0367557592689991, 0.03601551800966263]
2025-07-27 22:19:25,562 - INFO - Finished GD, time elapsed=156.4886031150818s
2025-07-27 22:19:25,562 - INFO - Finished seed=1
2025-07-27 22:19:25,562 - INFO - Starting seed=2
2025-07-27 22:19:25,563 - INFO - Starting GD
2025-07-27 22:19:25,564 - INFO - Max A_j index in initial model: 11
2025-07-27 22:19:25,564 - INFO - A values are [-0.010408011265099049, 0.009166041389107704, -0.0130419060587883, 0.005266043357551098, 0.00029916182393208146, -0.0004983803373761475, 0.010650779120624065, 0.00886036641895771, -0.00810986291617155, 0.006736502517014742, -0.011233027093112469, 0.02763066627085209, 0.0014047645963728428, 0.011191015131771564, 0.003152315504848957, 0.017527764663100243, -0.007395674008876085, -0.012424520216882229, -0.0017524606082588434]
2025-07-27 22:22:02,149 - INFO - Max A_j index in final model: 11
2025-07-27 22:22:02,150 - INFO - A values are [0.029537031427025795, 0.049232348799705505, 0.02688628062605858, 0.045308709144592285, 0.04031135141849518, 0.03950883820652962, 0.05072601139545441, 0.04892483353614807, 0.031849708408117294, 0.046788107603788376, 0.0287067461758852, 0.06780552864074707, 0.04142378270626068, 0.05126950144767761, 0.04318203404545784, 0.057643912732601166, 0.032568447291851044, 0.02750762738287449, 0.038246989250183105]
2025-07-27 22:22:02,150 - INFO - Finished GD, time elapsed=156.58722281455994s
2025-07-27 22:22:02,150 - INFO - Finished seed=2
2025-07-27 22:22:02,151 - INFO - Starting seed=3
2025-07-27 22:22:02,151 - INFO - Starting GD
2025-07-27 22:22:02,152 - INFO - Max A_j index in initial model: 14
2025-07-27 22:22:02,153 - INFO - A values are [-0.0007664430886507034, 0.0035988150630146265, -0.00782016757875681, -0.016516655683517456, 0.01046022865921259, 0.005221869796514511, -0.001668091514147818, 0.0005303340149112046, 0.004046071320772171, 0.006112996954470873, 0.007603903766721487, -0.011952338740229607, 0.00997922383248806, 0.004591804463416338, 0.024363970384001732, -0.0014680817257612944, 0.0048511396162211895, 0.0020523436833173037, 0.0033842818811535835]
2025-07-27 22:24:38,225 - INFO - Max A_j index in final model: 14
2025-07-27 22:24:38,225 - INFO - A values are [-0.1515294909477234, -0.020794149488210678, -0.1515316218137741, -0.15152758359909058, 0.22022509574890137, 0.080595463514328, -0.15153184533119202, -0.15153363347053528, 0.015881206840276718, 0.11515861749649048, 0.15945006906986237, -0.15127511322498322, 0.21142861247062683, 0.049815546721220016, 0.3764304518699646, -0.15131570398807526, 0.06333201378583908, -0.15153191983699799, -0.04330878332257271]
2025-07-27 22:24:38,225 - INFO - Finished GD, time elapsed=156.07363200187683s
2025-07-27 22:24:38,225 - INFO - Finished seed=3
2025-07-27 22:24:38,225 - INFO - ----------------------------------------------------------------------------------------------------------------------------------------------
2025-07-27 22:24:38,225 - INFO - ----------------------------------------------------------------------------------------------------------------------------------------------
2025-07-27 22:24:38,225 - INFO - Finished student_dim=19 with G&C avg gen_loss = 0.0, GD avg gen_loss = 0.130888884072192
2025-07-27 22:24:38,225 - INFO - ----------------------------------------------------------------------------------------------------------------------------------------------
2025-07-27 22:24:38,487 - INFO - Finished experiments, results saved to results, figures saved to figures
