2025-08-03 14:12:36,897 - INFO - Using device mps.
2025-08-03 14:12:36,897 - INFO - Args: Namespace(num_seeds=1, num_measurements=1, input_e1=True, sequence_length=3, teacher_ranks=[1], student_dims=[3, 4, 5, 6, 7, 8, 9, 10, 11, 12, 13, 14, 15], calc_loss_only_on_last_output=True, eps_train=1e-06, gnc=True, gnc_num_samples=100000000, gnc_batch_size=10000000, gd=False, gd_lr=0.01, gd_epochs=100000, gd_init_scale=0.01, gd_optimizer='adam', config=None, results_dir=PosixPath('results'), figures_dir=PosixPath('figures'), log_dir=PosixPath('logs'))
2025-08-03 14:12:36,907 - INFO - Starting teacher_rank=1
2025-08-03 14:12:36,907 - INFO - Starting student_dim=3
2025-08-03 14:12:36,907 - INFO - Starting seed=0
2025-08-03 14:12:36,912 - INFO - A_teacher is 0.4530479311943054
2025-08-03 14:12:36,935 - INFO - Starting G&C
2025-08-03 14:12:39,896 - INFO - Finished G&C, time elapsed=2.9606828689575195s
2025-08-03 14:12:39,896 - INFO - Finished seed=0
2025-08-03 14:12:39,896 - INFO - ----------------------------------------------------------------------------------------------------------------------------------------------
2025-08-03 14:12:39,896 - INFO - ----------------------------------------------------------------------------------------------------------------------------------------------
2025-08-03 14:12:39,896 - INFO - Finished student_dim=3
2025-08-03 14:12:39,896 - INFO - G&C avg gen_loss = 0.41096716795053706
2025-08-03 14:12:39,896 - INFO - ----------------------------------------------------------------------------------------------------------------------------------------------
2025-08-03 14:12:39,896 - INFO - Starting student_dim=4
2025-08-03 14:12:39,896 - INFO - Starting seed=0
2025-08-03 14:12:39,898 - INFO - A_teacher is 0.6540995836257935
2025-08-03 14:12:39,901 - INFO - Starting G&C
2025-08-03 14:12:42,749 - INFO - Finished G&C, time elapsed=2.847813844680786s
2025-08-03 14:12:42,749 - INFO - Finished seed=0
2025-08-03 14:12:42,749 - INFO - ----------------------------------------------------------------------------------------------------------------------------------------------
2025-08-03 14:12:42,749 - INFO - ----------------------------------------------------------------------------------------------------------------------------------------------
2025-08-03 14:12:42,749 - INFO - Finished student_dim=4
2025-08-03 14:12:42,749 - INFO - G&C avg gen_loss = 0.8548123870598207
2025-08-03 14:12:42,749 - INFO - ----------------------------------------------------------------------------------------------------------------------------------------------
2025-08-03 14:12:42,749 - INFO - Starting student_dim=5
2025-08-03 14:12:42,749 - INFO - Starting seed=0
2025-08-03 14:12:42,750 - INFO - A_teacher is 0.6540995836257935
2025-08-03 14:12:42,753 - INFO - Starting G&C
2025-08-03 14:12:45,679 - INFO - Finished G&C, time elapsed=2.925328016281128s
2025-08-03 14:12:45,679 - INFO - Finished seed=0
2025-08-03 14:12:45,679 - INFO - ----------------------------------------------------------------------------------------------------------------------------------------------
2025-08-03 14:12:45,679 - INFO - ----------------------------------------------------------------------------------------------------------------------------------------------
2025-08-03 14:12:45,679 - INFO - Finished student_dim=5
2025-08-03 14:12:45,679 - INFO - G&C avg gen_loss = 0.8573448193278109
2025-08-03 14:12:45,679 - INFO - ----------------------------------------------------------------------------------------------------------------------------------------------
2025-08-03 14:12:45,679 - INFO - Starting student_dim=6
2025-08-03 14:12:45,679 - INFO - Starting seed=0
2025-08-03 14:12:45,681 - INFO - A_teacher is 0.6540995836257935
2025-08-03 14:12:45,683 - INFO - Starting G&C
2025-08-03 14:12:48,750 - INFO - Finished G&C, time elapsed=3.0663368701934814s
2025-08-03 14:12:48,750 - INFO - Finished seed=0
2025-08-03 14:12:48,750 - INFO - ----------------------------------------------------------------------------------------------------------------------------------------------
2025-08-03 14:12:48,750 - INFO - ----------------------------------------------------------------------------------------------------------------------------------------------
2025-08-03 14:12:48,750 - INFO - Finished student_dim=6
2025-08-03 14:12:48,750 - INFO - G&C avg gen_loss = 0.8528276587395592
2025-08-03 14:12:48,750 - INFO - ----------------------------------------------------------------------------------------------------------------------------------------------
2025-08-03 14:12:48,750 - INFO - Starting student_dim=7
2025-08-03 14:12:48,750 - INFO - Starting seed=0
2025-08-03 14:12:48,751 - INFO - A_teacher is 0.6540995836257935
2025-08-03 14:12:48,755 - INFO - Starting G&C
2025-08-03 14:12:51,925 - INFO - Finished G&C, time elapsed=3.1705479621887207s
2025-08-03 14:12:51,925 - INFO - Finished seed=0
2025-08-03 14:12:51,925 - INFO - ----------------------------------------------------------------------------------------------------------------------------------------------
2025-08-03 14:12:51,925 - INFO - ----------------------------------------------------------------------------------------------------------------------------------------------
2025-08-03 14:12:51,925 - INFO - Finished student_dim=7
2025-08-03 14:12:51,926 - INFO - G&C avg gen_loss = 0.8549504063411796
2025-08-03 14:12:51,926 - INFO - ----------------------------------------------------------------------------------------------------------------------------------------------
2025-08-03 14:12:51,926 - INFO - Starting student_dim=8
2025-08-03 14:12:51,926 - INFO - Starting seed=0
2025-08-03 14:12:51,927 - INFO - A_teacher is 0.6540995836257935
2025-08-03 14:12:51,930 - INFO - Starting G&C
2025-08-03 14:12:55,172 - INFO - Finished G&C, time elapsed=3.241501808166504s
2025-08-03 14:12:55,172 - INFO - Finished seed=0
2025-08-03 14:12:55,172 - INFO - ----------------------------------------------------------------------------------------------------------------------------------------------
2025-08-03 14:12:55,172 - INFO - ----------------------------------------------------------------------------------------------------------------------------------------------
2025-08-03 14:12:55,172 - INFO - Finished student_dim=8
2025-08-03 14:12:55,172 - INFO - G&C avg gen_loss = 0.8622543282095264
2025-08-03 14:12:55,172 - INFO - ----------------------------------------------------------------------------------------------------------------------------------------------
2025-08-03 14:12:55,172 - INFO - Starting student_dim=9
2025-08-03 14:12:55,172 - INFO - Starting seed=0
2025-08-03 14:12:55,173 - INFO - A_teacher is 0.6540995836257935
2025-08-03 14:12:55,177 - INFO - Starting G&C
2025-08-03 14:12:58,698 - INFO - Finished G&C, time elapsed=3.5212838649749756s
2025-08-03 14:12:58,698 - INFO - Finished seed=0
2025-08-03 14:12:58,699 - INFO - ----------------------------------------------------------------------------------------------------------------------------------------------
2025-08-03 14:12:58,699 - INFO - ----------------------------------------------------------------------------------------------------------------------------------------------
2025-08-03 14:12:58,699 - INFO - Finished student_dim=9
2025-08-03 14:12:58,699 - INFO - G&C avg gen_loss = 0.833437716301893
2025-08-03 14:12:58,699 - INFO - ----------------------------------------------------------------------------------------------------------------------------------------------
2025-08-03 14:12:58,699 - INFO - Starting student_dim=10
2025-08-03 14:12:58,699 - INFO - Starting seed=0
2025-08-03 14:12:58,700 - INFO - A_teacher is 0.6540995836257935
2025-08-03 14:12:58,703 - INFO - Starting G&C
2025-08-03 14:13:02,354 - INFO - Finished G&C, time elapsed=3.650614023208618s
2025-08-03 14:13:02,354 - INFO - Finished seed=0
2025-08-03 14:13:02,354 - INFO - ----------------------------------------------------------------------------------------------------------------------------------------------
2025-08-03 14:13:02,354 - INFO - ----------------------------------------------------------------------------------------------------------------------------------------------
2025-08-03 14:13:02,354 - INFO - Finished student_dim=10
2025-08-03 14:13:02,354 - INFO - G&C avg gen_loss = 0.71692906296812
2025-08-03 14:13:02,354 - INFO - ----------------------------------------------------------------------------------------------------------------------------------------------
2025-08-03 14:13:02,354 - INFO - Starting student_dim=11
2025-08-03 14:13:02,355 - INFO - Starting seed=0
2025-08-03 14:13:02,356 - INFO - A_teacher is 0.6540995836257935
2025-08-03 14:13:02,360 - INFO - Starting G&C
2025-08-03 14:13:06,087 - INFO - Finished G&C, time elapsed=3.7276339530944824s
2025-08-03 14:13:06,087 - INFO - Finished seed=0
2025-08-03 14:13:06,088 - INFO - ----------------------------------------------------------------------------------------------------------------------------------------------
2025-08-03 14:13:06,088 - INFO - ----------------------------------------------------------------------------------------------------------------------------------------------
2025-08-03 14:13:06,088 - INFO - Finished student_dim=11
2025-08-03 14:13:06,088 - INFO - G&C avg gen_loss = 0.5829741852649022
2025-08-03 14:13:06,088 - INFO - ----------------------------------------------------------------------------------------------------------------------------------------------
2025-08-03 14:13:06,088 - INFO - Starting student_dim=12
2025-08-03 14:13:06,088 - INFO - Starting seed=0
2025-08-03 14:13:06,089 - INFO - A_teacher is 0.6540995836257935
2025-08-03 14:13:06,092 - INFO - Starting G&C
2025-08-03 14:13:09,690 - INFO - No GNC sensing losses
2025-08-03 14:13:10,052 - INFO - Finished G&C, time elapsed=3.9601380825042725s
2025-08-03 14:13:10,053 - INFO - Finished seed=0
2025-08-03 14:13:10,053 - INFO - ----------------------------------------------------------------------------------------------------------------------------------------------
2025-08-03 14:13:10,053 - INFO - ----------------------------------------------------------------------------------------------------------------------------------------------
2025-08-03 14:13:10,053 - INFO - Finished student_dim=12
2025-08-03 14:13:10,054 - INFO - G&C avg gen_loss = nan
2025-08-03 14:13:10,054 - INFO - ----------------------------------------------------------------------------------------------------------------------------------------------
2025-08-03 14:13:10,054 - INFO - Starting student_dim=13
2025-08-03 14:13:10,054 - INFO - Starting seed=0
2025-08-03 14:13:10,055 - INFO - A_teacher is 0.6540995836257935
2025-08-03 14:13:10,061 - INFO - Starting G&C
2025-08-03 14:13:13,810 - INFO - No GNC sensing losses
2025-08-03 14:13:14,136 - INFO - Finished G&C, time elapsed=4.075062990188599s
2025-08-03 14:13:14,136 - INFO - Finished seed=0
2025-08-03 14:13:14,137 - INFO - ----------------------------------------------------------------------------------------------------------------------------------------------
2025-08-03 14:13:14,137 - INFO - ----------------------------------------------------------------------------------------------------------------------------------------------
2025-08-03 14:13:14,137 - INFO - Finished student_dim=13
2025-08-03 14:13:14,137 - INFO - G&C avg gen_loss = nan
2025-08-03 14:13:14,137 - INFO - ----------------------------------------------------------------------------------------------------------------------------------------------
2025-08-03 14:13:14,137 - INFO - Starting student_dim=14
2025-08-03 14:13:14,137 - INFO - Starting seed=0
2025-08-03 14:13:14,156 - INFO - A_teacher is 0.6540995836257935
2025-08-03 14:13:14,161 - INFO - Starting G&C
2025-08-03 14:13:19,005 - INFO - No GNC sensing losses
2025-08-03 14:13:19,365 - INFO - Finished G&C, time elapsed=5.203562259674072s
2025-08-03 14:13:19,365 - INFO - Finished seed=0
2025-08-03 14:13:19,366 - INFO - ----------------------------------------------------------------------------------------------------------------------------------------------
2025-08-03 14:13:19,366 - INFO - ----------------------------------------------------------------------------------------------------------------------------------------------
2025-08-03 14:13:19,366 - INFO - Finished student_dim=14
2025-08-03 14:13:19,366 - INFO - G&C avg gen_loss = nan
2025-08-03 14:13:19,366 - INFO - ----------------------------------------------------------------------------------------------------------------------------------------------
2025-08-03 14:13:19,366 - INFO - Starting student_dim=15
2025-08-03 14:13:19,367 - INFO - Starting seed=0
2025-08-03 14:13:19,370 - INFO - A_teacher is 0.6540995836257935
2025-08-03 14:13:19,376 - INFO - Starting G&C
2025-08-03 14:13:27,649 - INFO - No GNC sensing losses
2025-08-03 14:13:28,036 - INFO - Finished G&C, time elapsed=8.65919804573059s
2025-08-03 14:13:28,036 - INFO - Finished seed=0
2025-08-03 14:13:28,036 - INFO - ----------------------------------------------------------------------------------------------------------------------------------------------
2025-08-03 14:13:28,036 - INFO - ----------------------------------------------------------------------------------------------------------------------------------------------
2025-08-03 14:13:28,036 - INFO - Finished student_dim=15
2025-08-03 14:13:28,036 - INFO - G&C avg gen_loss = nan
2025-08-03 14:13:28,036 - INFO - ----------------------------------------------------------------------------------------------------------------------------------------------
2025-08-03 14:13:28,400 - INFO - Finished experiments, results saved to results, figures saved to figures
