2025-08-03 13:17:31,429 - INFO - Using device mps.
2025-08-03 13:17:31,429 - INFO - Args: Namespace(num_seeds=8, num_measurements=1, input_e1=True, sequence_length=3, teacher_ranks=[1], student_dims=[3, 4, 5, 6, 7, 8, 9, 10, 11, 12, 13, 14, 15, 16, 17, 18, 19], calc_loss_only_on_last_output=True, eps_train=1e-05, gnc=True, gnc_num_samples=100000000, gnc_batch_size=10000000, gd=False, gd_lr=0.01, gd_epochs=100000, gd_init_scale=0.01, gd_optimizer='adam', config=None, results_dir=PosixPath('results'), figures_dir=PosixPath('figures'), log_dir=PosixPath('logs'))
2025-08-03 13:17:31,437 - INFO - Starting teacher_rank=1
2025-08-03 13:17:31,437 - INFO - Starting student_dim=3
2025-08-03 13:17:31,438 - INFO - Starting seed=0
2025-08-03 13:17:31,443 - INFO - A_teacher is 0.4782668352127075
2025-08-03 13:17:31,465 - INFO - Starting G&C
2025-08-03 13:17:34,327 - INFO - Finished G&C, time elapsed=2.8617849349975586s
2025-08-03 13:17:34,327 - INFO - Finished seed=0
2025-08-03 13:17:34,327 - INFO - Starting seed=1
2025-08-03 13:17:34,328 - INFO - A_teacher is 0.6540995836257935
2025-08-03 13:17:34,329 - INFO - Starting G&C
2025-08-03 13:17:37,094 - INFO - Finished G&C, time elapsed=2.7648231983184814s
2025-08-03 13:17:37,094 - INFO - Finished seed=1
2025-08-03 13:17:37,094 - INFO - Starting seed=2
2025-08-03 13:17:37,095 - INFO - A_teacher is 0.5661352276802063
2025-08-03 13:17:37,096 - INFO - Starting G&C
2025-08-03 13:17:39,883 - INFO - Finished G&C, time elapsed=2.7868332862854004s
2025-08-03 13:17:39,883 - INFO - Finished seed=2
2025-08-03 13:17:39,883 - INFO - Starting seed=3
2025-08-03 13:17:39,884 - INFO - A_teacher is 0.539229691028595
2025-08-03 13:17:39,885 - INFO - Starting G&C
2025-08-03 13:17:42,647 - INFO - Finished G&C, time elapsed=2.7622437477111816s
2025-08-03 13:17:42,647 - INFO - Finished seed=3
2025-08-03 13:17:42,647 - INFO - Starting seed=4
2025-08-03 13:17:42,648 - INFO - A_teacher is 0.5803276300430298
2025-08-03 13:17:42,649 - INFO - Starting G&C
2025-08-03 13:17:45,402 - INFO - Finished G&C, time elapsed=2.7531890869140625s
2025-08-03 13:17:45,402 - INFO - Finished seed=4
2025-08-03 13:17:45,403 - INFO - Starting seed=5
2025-08-03 13:17:45,404 - INFO - A_teacher is 0.33947238326072693
2025-08-03 13:17:45,405 - INFO - Starting G&C
2025-08-03 13:17:48,163 - INFO - Finished G&C, time elapsed=2.7579472064971924s
2025-08-03 13:17:48,163 - INFO - Finished seed=5
2025-08-03 13:17:48,163 - INFO - Starting seed=6
2025-08-03 13:17:48,164 - INFO - A_teacher is 0.45132192969322205
2025-08-03 13:17:48,165 - INFO - Starting G&C
2025-08-03 13:17:50,954 - INFO - Finished G&C, time elapsed=2.7889509201049805s
2025-08-03 13:17:50,954 - INFO - Finished seed=6
2025-08-03 13:17:50,954 - INFO - Starting seed=7
2025-08-03 13:17:50,955 - INFO - A_teacher is 0.31256014108657837
2025-08-03 13:17:50,956 - INFO - Starting G&C
2025-08-03 13:17:53,837 - INFO - Finished G&C, time elapsed=2.880573034286499s
2025-08-03 13:17:53,837 - INFO - Finished seed=7
2025-08-03 13:17:53,837 - INFO - ----------------------------------------------------------------------------------------------------------------------------------------------
2025-08-03 13:17:53,837 - INFO - ----------------------------------------------------------------------------------------------------------------------------------------------
2025-08-03 13:17:53,837 - INFO - Finished student_dim=3 with G&C avg gen_loss = 0.5083940198908268, GD avg gen_loss = 0.0
2025-08-03 13:17:53,837 - INFO - ----------------------------------------------------------------------------------------------------------------------------------------------
2025-08-03 13:17:53,837 - INFO - Starting student_dim=4
2025-08-03 13:17:53,837 - INFO - Starting seed=0
2025-08-03 13:17:53,839 - INFO - A_teacher is 0.48532047867774963
2025-08-03 13:17:53,843 - INFO - Starting G&C
2025-08-03 13:17:56,735 - INFO - Finished G&C, time elapsed=2.8922810554504395s
2025-08-03 13:17:56,735 - INFO - Finished seed=0
2025-08-03 13:17:56,735 - INFO - Starting seed=1
2025-08-03 13:17:56,737 - INFO - A_teacher is 0.6540995836257935
2025-08-03 13:17:56,738 - INFO - Starting G&C
2025-08-03 13:17:59,590 - INFO - Finished G&C, time elapsed=2.8524169921875s
2025-08-03 13:17:59,590 - INFO - Finished seed=1
2025-08-03 13:17:59,590 - INFO - Starting seed=2
2025-08-03 13:17:59,591 - INFO - A_teacher is 0.5661352276802063
2025-08-03 13:17:59,592 - INFO - Starting G&C
2025-08-03 13:18:02,455 - INFO - Finished G&C, time elapsed=2.8629298210144043s
2025-08-03 13:18:02,455 - INFO - Finished seed=2
2025-08-03 13:18:02,455 - INFO - Starting seed=3
2025-08-03 13:18:02,457 - INFO - A_teacher is 0.539229691028595
2025-08-03 13:18:02,458 - INFO - Starting G&C
2025-08-03 13:18:05,330 - INFO - Finished G&C, time elapsed=2.8722009658813477s
2025-08-03 13:18:05,330 - INFO - Finished seed=3
2025-08-03 13:18:05,330 - INFO - Starting seed=4
2025-08-03 13:18:05,331 - INFO - A_teacher is 0.5803276300430298
2025-08-03 13:18:05,332 - INFO - Starting G&C
2025-08-03 13:18:08,184 - INFO - Finished G&C, time elapsed=2.8521568775177s
2025-08-03 13:18:08,184 - INFO - Finished seed=4
2025-08-03 13:18:08,184 - INFO - Starting seed=5
2025-08-03 13:18:08,186 - INFO - A_teacher is 0.33947238326072693
2025-08-03 13:18:08,186 - INFO - Starting G&C
2025-08-03 13:18:11,067 - INFO - Finished G&C, time elapsed=2.8801910877227783s
2025-08-03 13:18:11,067 - INFO - Finished seed=5
2025-08-03 13:18:11,067 - INFO - Starting seed=6
2025-08-03 13:18:11,068 - INFO - A_teacher is 0.45132192969322205
2025-08-03 13:18:11,069 - INFO - Starting G&C
2025-08-03 13:18:13,920 - INFO - Finished G&C, time elapsed=2.8511250019073486s
2025-08-03 13:18:13,920 - INFO - Finished seed=6
2025-08-03 13:18:13,920 - INFO - Starting seed=7
2025-08-03 13:18:13,922 - INFO - A_teacher is 0.31256014108657837
2025-08-03 13:18:13,922 - INFO - Starting G&C
2025-08-03 13:18:16,794 - INFO - Finished G&C, time elapsed=2.871380090713501s
2025-08-03 13:18:16,794 - INFO - Finished seed=7
2025-08-03 13:18:16,794 - INFO - ----------------------------------------------------------------------------------------------------------------------------------------------
2025-08-03 13:18:16,794 - INFO - ----------------------------------------------------------------------------------------------------------------------------------------------
2025-08-03 13:18:16,794 - INFO - Finished student_dim=4 with G&C avg gen_loss = 0.4831489006709719, GD avg gen_loss = 0.0
2025-08-03 13:18:16,794 - INFO - ----------------------------------------------------------------------------------------------------------------------------------------------
2025-08-03 13:18:16,794 - INFO - Starting student_dim=5
2025-08-03 13:18:16,795 - INFO - Starting seed=0
2025-08-03 13:18:16,796 - INFO - A_teacher is 0.48532047867774963
2025-08-03 13:18:16,799 - INFO - Starting G&C
2025-08-03 13:18:19,830 - INFO - Finished G&C, time elapsed=3.030771017074585s
2025-08-03 13:18:19,830 - INFO - Finished seed=0
2025-08-03 13:18:19,830 - INFO - Starting seed=1
2025-08-03 13:18:19,832 - INFO - A_teacher is 0.6540995836257935
2025-08-03 13:18:19,833 - INFO - Starting G&C
2025-08-03 13:18:22,818 - INFO - Finished G&C, time elapsed=2.9855120182037354s
2025-08-03 13:18:22,819 - INFO - Finished seed=1
2025-08-03 13:18:22,819 - INFO - Starting seed=2
2025-08-03 13:18:22,820 - INFO - A_teacher is 0.5661352276802063
2025-08-03 13:18:22,822 - INFO - Starting G&C
2025-08-03 13:18:25,757 - INFO - Finished G&C, time elapsed=2.9348087310791016s
2025-08-03 13:18:25,757 - INFO - Finished seed=2
2025-08-03 13:18:25,757 - INFO - Starting seed=3
2025-08-03 13:18:25,758 - INFO - A_teacher is 0.539229691028595
2025-08-03 13:18:25,759 - INFO - Starting G&C
2025-08-03 13:18:28,719 - INFO - Finished G&C, time elapsed=2.9600467681884766s
2025-08-03 13:18:28,719 - INFO - Finished seed=3
2025-08-03 13:18:28,719 - INFO - Starting seed=4
2025-08-03 13:18:28,720 - INFO - A_teacher is 0.5803276300430298
2025-08-03 13:18:28,722 - INFO - Starting G&C
2025-08-03 13:18:31,706 - INFO - Finished G&C, time elapsed=2.98396897315979s
2025-08-03 13:18:31,706 - INFO - Finished seed=4
2025-08-03 13:18:31,706 - INFO - Starting seed=5
2025-08-03 13:18:31,707 - INFO - A_teacher is 0.33947238326072693
2025-08-03 13:18:31,708 - INFO - Starting G&C
2025-08-03 13:18:34,640 - INFO - Finished G&C, time elapsed=2.9321091175079346s
2025-08-03 13:18:34,640 - INFO - Finished seed=5
2025-08-03 13:18:34,641 - INFO - Starting seed=6
2025-08-03 13:18:34,642 - INFO - A_teacher is 0.45132192969322205
2025-08-03 13:18:34,643 - INFO - Starting G&C
2025-08-03 13:18:37,576 - INFO - Finished G&C, time elapsed=2.932904005050659s
2025-08-03 13:18:37,576 - INFO - Finished seed=6
2025-08-03 13:18:37,576 - INFO - Starting seed=7
2025-08-03 13:18:37,577 - INFO - A_teacher is 0.31256014108657837
2025-08-03 13:18:37,579 - INFO - Starting G&C
2025-08-03 13:18:40,497 - INFO - Finished G&C, time elapsed=2.918355941772461s
2025-08-03 13:18:40,497 - INFO - Finished seed=7
2025-08-03 13:18:40,497 - INFO - ----------------------------------------------------------------------------------------------------------------------------------------------
2025-08-03 13:18:40,497 - INFO - ----------------------------------------------------------------------------------------------------------------------------------------------
2025-08-03 13:18:40,497 - INFO - Finished student_dim=5 with G&C avg gen_loss = 0.5879553195349534, GD avg gen_loss = 0.0
2025-08-03 13:18:40,497 - INFO - ----------------------------------------------------------------------------------------------------------------------------------------------
2025-08-03 13:18:40,498 - INFO - Starting student_dim=6
2025-08-03 13:18:40,498 - INFO - Starting seed=0
2025-08-03 13:18:40,499 - INFO - A_teacher is 0.48532047867774963
2025-08-03 13:18:40,504 - INFO - Starting G&C
