2025-08-03 21:48:44,060 - INFO - Using device mps.
2025-08-03 21:48:44,060 - INFO - Args: Namespace(num_seeds=1, num_measurements=1, input_e1=True, sequence_length=7, teacher_ranks=[1], student_dims=[15, 16, 17, 18, 19, 20, 21, 22, 23, 24, 25, 26, 27, 28, 29, 30, 31, 32, 33, 34], calc_loss_only_on_last_output=True, eps_train=1e-12, gnc=True, gnc_num_samples=100000000, gnc_batch_size=10000000, gd=False, gd_lr=0.01, gd_epochs=100000, gd_init_scale=0.01, gd_optimizer='adam', config=None, results_dir=PosixPath('results'), figures_dir=PosixPath('figures'), log_dir=PosixPath('logs'))
2025-08-03 21:48:44,070 - INFO - Starting teacher_rank=1
2025-08-03 21:48:44,070 - INFO - Starting student_dim=15
2025-08-03 21:48:44,071 - INFO - Starting seed=0
2025-08-03 21:48:44,076 - INFO - A_teacher is 0.5919440984725952
2025-08-03 21:48:44,098 - INFO - Starting G&C
2025-08-03 21:48:49,920 - INFO - Finished G&C, time elapsed=5.821678876876831s
2025-08-03 21:48:49,920 - INFO - Finished seed=0
2025-08-03 21:48:49,920 - INFO - ----------------------------------------------------------------------------------------------------------------------------------------------
2025-08-03 21:48:49,920 - INFO - ----------------------------------------------------------------------------------------------------------------------------------------------
2025-08-03 21:48:49,920 - INFO - Finished student_dim=15
2025-08-03 21:48:49,920 - INFO - G&C avg gen_loss = 2.0532780403208815
2025-08-03 21:48:49,920 - INFO - ----------------------------------------------------------------------------------------------------------------------------------------------
2025-08-03 21:48:49,920 - INFO - Starting student_dim=16
2025-08-03 21:48:49,920 - INFO - Starting seed=0
2025-08-03 21:48:49,921 - INFO - A_teacher is 0.6540995836257935
2025-08-03 21:48:49,925 - INFO - Starting G&C
2025-08-03 21:48:55,885 - INFO - Finished G&C, time elapsed=5.9602508544921875s
2025-08-03 21:48:55,885 - INFO - Finished seed=0
2025-08-03 21:48:55,886 - INFO - ----------------------------------------------------------------------------------------------------------------------------------------------
2025-08-03 21:48:55,886 - INFO - ----------------------------------------------------------------------------------------------------------------------------------------------
2025-08-03 21:48:55,886 - INFO - Finished student_dim=16
2025-08-03 21:48:55,886 - INFO - G&C avg gen_loss = 2.3918986081326796
2025-08-03 21:48:55,886 - INFO - ----------------------------------------------------------------------------------------------------------------------------------------------
2025-08-03 21:48:55,886 - INFO - Starting student_dim=17
2025-08-03 21:48:55,886 - INFO - Starting seed=0
2025-08-03 21:48:55,887 - INFO - A_teacher is 0.6540995836257935
2025-08-03 21:48:55,890 - INFO - Starting G&C
2025-08-03 21:49:02,376 - INFO - Finished G&C, time elapsed=6.48533296585083s
2025-08-03 21:49:02,376 - INFO - Finished seed=0
2025-08-03 21:49:02,376 - INFO - ----------------------------------------------------------------------------------------------------------------------------------------------
2025-08-03 21:49:02,376 - INFO - ----------------------------------------------------------------------------------------------------------------------------------------------
2025-08-03 21:49:02,377 - INFO - Finished student_dim=17
2025-08-03 21:49:02,377 - INFO - G&C avg gen_loss = 2.8172389440420833
2025-08-03 21:49:02,377 - INFO - ----------------------------------------------------------------------------------------------------------------------------------------------
2025-08-03 21:49:02,377 - INFO - Starting student_dim=18
2025-08-03 21:49:02,377 - INFO - Starting seed=0
2025-08-03 21:49:02,378 - INFO - A_teacher is 0.6540995836257935
2025-08-03 21:49:02,391 - INFO - Starting G&C
2025-08-03 21:49:09,572 - INFO - Finished G&C, time elapsed=7.178973913192749s
2025-08-03 21:49:09,572 - INFO - Finished seed=0
2025-08-03 21:49:09,574 - INFO - ----------------------------------------------------------------------------------------------------------------------------------------------
2025-08-03 21:49:09,574 - INFO - ----------------------------------------------------------------------------------------------------------------------------------------------
2025-08-03 21:49:09,574 - INFO - Finished student_dim=18
2025-08-03 21:49:09,575 - INFO - G&C avg gen_loss = 2.732109441418588
2025-08-03 21:49:09,575 - INFO - ----------------------------------------------------------------------------------------------------------------------------------------------
2025-08-03 21:49:09,575 - INFO - Starting student_dim=19
2025-08-03 21:49:09,576 - INFO - Starting seed=0
2025-08-03 21:49:09,579 - INFO - A_teacher is 0.6540995836257935
2025-08-03 21:49:09,589 - INFO - Starting G&C
2025-08-03 21:49:16,692 - INFO - Finished G&C, time elapsed=7.103630065917969s
2025-08-03 21:49:16,693 - INFO - Finished seed=0
2025-08-03 21:49:16,693 - INFO - ----------------------------------------------------------------------------------------------------------------------------------------------
2025-08-03 21:49:16,693 - INFO - ----------------------------------------------------------------------------------------------------------------------------------------------
2025-08-03 21:49:16,693 - INFO - Finished student_dim=19
2025-08-03 21:49:16,698 - INFO - G&C avg gen_loss = 2.818037130793587
2025-08-03 21:49:16,698 - INFO - ----------------------------------------------------------------------------------------------------------------------------------------------
2025-08-03 21:49:16,698 - INFO - Starting student_dim=20
2025-08-03 21:49:16,699 - INFO - Starting seed=0
2025-08-03 21:49:16,700 - INFO - A_teacher is 0.6540995836257935
2025-08-03 21:49:16,707 - INFO - Starting G&C
2025-08-03 21:49:23,767 - INFO - Finished G&C, time elapsed=7.0606842041015625s
2025-08-03 21:49:23,768 - INFO - Finished seed=0
2025-08-03 21:49:23,769 - INFO - ----------------------------------------------------------------------------------------------------------------------------------------------
2025-08-03 21:49:23,769 - INFO - ----------------------------------------------------------------------------------------------------------------------------------------------
2025-08-03 21:49:23,769 - INFO - Finished student_dim=20
2025-08-03 21:49:23,769 - INFO - G&C avg gen_loss = 2.681206514494955
2025-08-03 21:49:23,769 - INFO - ----------------------------------------------------------------------------------------------------------------------------------------------
2025-08-03 21:49:23,770 - INFO - Starting student_dim=21
2025-08-03 21:49:23,770 - INFO - Starting seed=0
2025-08-03 21:49:23,771 - INFO - A_teacher is 0.6540995836257935
2025-08-03 21:49:23,776 - INFO - Starting G&C
2025-08-03 21:49:30,910 - INFO - Finished G&C, time elapsed=7.133944034576416s
2025-08-03 21:49:30,911 - INFO - Finished seed=0
2025-08-03 21:49:30,911 - INFO - ----------------------------------------------------------------------------------------------------------------------------------------------
2025-08-03 21:49:30,911 - INFO - ----------------------------------------------------------------------------------------------------------------------------------------------
2025-08-03 21:49:30,911 - INFO - Finished student_dim=21
2025-08-03 21:49:30,911 - INFO - G&C avg gen_loss = 2.889644385329107
2025-08-03 21:49:30,911 - INFO - ----------------------------------------------------------------------------------------------------------------------------------------------
2025-08-03 21:49:30,911 - INFO - Starting student_dim=22
2025-08-03 21:49:30,911 - INFO - Starting seed=0
2025-08-03 21:49:30,912 - INFO - A_teacher is 0.6540995836257935
2025-08-03 21:49:30,916 - INFO - Starting G&C
2025-08-03 21:49:38,195 - INFO - Finished G&C, time elapsed=7.278198957443237s
2025-08-03 21:49:38,195 - INFO - Finished seed=0
2025-08-03 21:49:38,195 - INFO - ----------------------------------------------------------------------------------------------------------------------------------------------
2025-08-03 21:49:38,195 - INFO - ----------------------------------------------------------------------------------------------------------------------------------------------
2025-08-03 21:49:38,195 - INFO - Finished student_dim=22
2025-08-03 21:49:38,196 - INFO - G&C avg gen_loss = 2.908644707392955
2025-08-03 21:49:38,196 - INFO - ----------------------------------------------------------------------------------------------------------------------------------------------
2025-08-03 21:49:38,196 - INFO - Starting student_dim=23
2025-08-03 21:49:38,196 - INFO - Starting seed=0
2025-08-03 21:49:38,197 - INFO - A_teacher is 0.6540995836257935
2025-08-03 21:49:38,201 - INFO - Starting G&C
2025-08-03 21:49:45,581 - INFO - Finished G&C, time elapsed=7.3794238567352295s
2025-08-03 21:49:45,581 - INFO - Finished seed=0
2025-08-03 21:49:45,582 - INFO - ----------------------------------------------------------------------------------------------------------------------------------------------
2025-08-03 21:49:45,582 - INFO - ----------------------------------------------------------------------------------------------------------------------------------------------
2025-08-03 21:49:45,582 - INFO - Finished student_dim=23
2025-08-03 21:49:45,582 - INFO - G&C avg gen_loss = 3.167041741542935
2025-08-03 21:49:45,582 - INFO - ----------------------------------------------------------------------------------------------------------------------------------------------
2025-08-03 21:49:45,582 - INFO - Starting student_dim=24
2025-08-03 21:49:45,582 - INFO - Starting seed=0
2025-08-03 21:49:45,584 - INFO - A_teacher is 0.6540995836257935
2025-08-03 21:49:45,589 - INFO - Starting G&C
2025-08-03 21:49:53,199 - INFO - Finished G&C, time elapsed=7.610029220581055s
2025-08-03 21:49:53,199 - INFO - Finished seed=0
2025-08-03 21:49:53,200 - INFO - ----------------------------------------------------------------------------------------------------------------------------------------------
2025-08-03 21:49:53,200 - INFO - ----------------------------------------------------------------------------------------------------------------------------------------------
2025-08-03 21:49:53,200 - INFO - Finished student_dim=24
2025-08-03 21:49:53,200 - INFO - G&C avg gen_loss = 2.953136677960403
2025-08-03 21:49:53,200 - INFO - ----------------------------------------------------------------------------------------------------------------------------------------------
2025-08-03 21:49:53,200 - INFO - Starting student_dim=25
2025-08-03 21:49:53,200 - INFO - Starting seed=0
2025-08-03 21:49:53,201 - INFO - A_teacher is 0.6540995836257935
2025-08-03 21:49:53,207 - INFO - Starting G&C
2025-08-03 21:50:01,003 - INFO - Finished G&C, time elapsed=7.795496940612793s
2025-08-03 21:50:01,003 - INFO - Finished seed=0
2025-08-03 21:50:01,003 - INFO - ----------------------------------------------------------------------------------------------------------------------------------------------
2025-08-03 21:50:01,003 - INFO - ----------------------------------------------------------------------------------------------------------------------------------------------
2025-08-03 21:50:01,003 - INFO - Finished student_dim=25
2025-08-03 21:50:01,004 - INFO - G&C avg gen_loss = 3.0117202630409827
2025-08-03 21:50:01,004 - INFO - ----------------------------------------------------------------------------------------------------------------------------------------------
2025-08-03 21:50:01,004 - INFO - Starting student_dim=26
2025-08-03 21:50:01,004 - INFO - Starting seed=0
2025-08-03 21:50:01,005 - INFO - A_teacher is 0.6540995836257935
2025-08-03 21:50:01,011 - INFO - Starting G&C
2025-08-03 21:50:09,149 - INFO - Finished G&C, time elapsed=8.138621807098389s
2025-08-03 21:50:09,150 - INFO - Finished seed=0
2025-08-03 21:50:09,151 - INFO - ----------------------------------------------------------------------------------------------------------------------------------------------
2025-08-03 21:50:09,151 - INFO - ----------------------------------------------------------------------------------------------------------------------------------------------
2025-08-03 21:50:09,151 - INFO - Finished student_dim=26
2025-08-03 21:50:09,151 - INFO - G&C avg gen_loss = 3.3613868403725506
2025-08-03 21:50:09,151 - INFO - ----------------------------------------------------------------------------------------------------------------------------------------------
2025-08-03 21:50:09,151 - INFO - Starting student_dim=27
2025-08-03 21:50:09,151 - INFO - Starting seed=0
2025-08-03 21:50:09,152 - INFO - A_teacher is 0.6540995836257935
2025-08-03 21:50:09,157 - INFO - Starting G&C
2025-08-03 21:50:17,376 - INFO - Finished G&C, time elapsed=8.21876311302185s
2025-08-03 21:50:17,377 - INFO - Finished seed=0
2025-08-03 21:50:17,377 - INFO - ----------------------------------------------------------------------------------------------------------------------------------------------
2025-08-03 21:50:17,377 - INFO - ----------------------------------------------------------------------------------------------------------------------------------------------
2025-08-03 21:50:17,377 - INFO - Finished student_dim=27
2025-08-03 21:50:17,378 - INFO - G&C avg gen_loss = 3.129412209922141
2025-08-03 21:50:17,378 - INFO - ----------------------------------------------------------------------------------------------------------------------------------------------
2025-08-03 21:50:17,378 - INFO - Starting student_dim=28
2025-08-03 21:50:17,378 - INFO - Starting seed=0
2025-08-03 21:50:17,379 - INFO - A_teacher is 0.6540995836257935
2025-08-03 21:50:17,385 - INFO - Starting G&C
2025-08-03 21:50:25,789 - INFO - Finished G&C, time elapsed=8.403763055801392s
2025-08-03 21:50:25,790 - INFO - Finished seed=0
2025-08-03 21:50:25,790 - INFO - ----------------------------------------------------------------------------------------------------------------------------------------------
2025-08-03 21:50:25,790 - INFO - ----------------------------------------------------------------------------------------------------------------------------------------------
2025-08-03 21:50:25,790 - INFO - Finished student_dim=28
2025-08-03 21:50:25,790 - INFO - G&C avg gen_loss = 2.795905089930983
2025-08-03 21:50:25,790 - INFO - ----------------------------------------------------------------------------------------------------------------------------------------------
2025-08-03 21:50:25,790 - INFO - Starting student_dim=29
2025-08-03 21:50:25,791 - INFO - Starting seed=0
2025-08-03 21:50:25,792 - INFO - A_teacher is 0.6540995836257935
2025-08-03 21:50:25,799 - INFO - Starting G&C
2025-08-03 21:50:34,389 - INFO - Finished G&C, time elapsed=8.590460777282715s
2025-08-03 21:50:34,389 - INFO - Finished seed=0
2025-08-03 21:50:34,390 - INFO - ----------------------------------------------------------------------------------------------------------------------------------------------
2025-08-03 21:50:34,390 - INFO - ----------------------------------------------------------------------------------------------------------------------------------------------
2025-08-03 21:50:34,390 - INFO - Finished student_dim=29
2025-08-03 21:50:34,390 - INFO - G&C avg gen_loss = 2.978297116579833
2025-08-03 21:50:34,390 - INFO - ----------------------------------------------------------------------------------------------------------------------------------------------
2025-08-03 21:50:34,390 - INFO - Starting student_dim=30
2025-08-03 21:50:34,391 - INFO - Starting seed=0
2025-08-03 21:50:34,392 - INFO - A_teacher is 0.6540995836257935
2025-08-03 21:50:34,449 - INFO - Starting G&C
2025-08-03 21:50:43,363 - INFO - Finished G&C, time elapsed=8.91300916671753s
2025-08-03 21:50:43,364 - INFO - Finished seed=0
2025-08-03 21:50:43,364 - INFO - ----------------------------------------------------------------------------------------------------------------------------------------------
2025-08-03 21:50:43,364 - INFO - ----------------------------------------------------------------------------------------------------------------------------------------------
2025-08-03 21:50:43,364 - INFO - Finished student_dim=30
2025-08-03 21:50:43,365 - INFO - G&C avg gen_loss = 3.14919754631311
2025-08-03 21:50:43,365 - INFO - ----------------------------------------------------------------------------------------------------------------------------------------------
2025-08-03 21:50:43,365 - INFO - Starting student_dim=31
2025-08-03 21:50:43,365 - INFO - Starting seed=0
2025-08-03 21:50:43,366 - INFO - A_teacher is 0.6540995836257935
2025-08-03 21:50:43,372 - INFO - Starting G&C
2025-08-03 21:50:52,680 - INFO - Finished G&C, time elapsed=9.308091878890991s
2025-08-03 21:50:52,681 - INFO - Finished seed=0
2025-08-03 21:50:52,681 - INFO - ----------------------------------------------------------------------------------------------------------------------------------------------
2025-08-03 21:50:52,681 - INFO - ----------------------------------------------------------------------------------------------------------------------------------------------
2025-08-03 21:50:52,681 - INFO - Finished student_dim=31
2025-08-03 21:50:52,682 - INFO - G&C avg gen_loss = 2.9499900058696142
2025-08-03 21:50:52,682 - INFO - ----------------------------------------------------------------------------------------------------------------------------------------------
2025-08-03 21:50:52,682 - INFO - Starting student_dim=32
2025-08-03 21:50:52,682 - INFO - Starting seed=0
2025-08-03 21:50:52,684 - INFO - A_teacher is 0.6540995836257935
2025-08-03 21:50:52,693 - INFO - Starting G&C
2025-08-03 21:51:01,662 - INFO - Finished G&C, time elapsed=8.968746900558472s
2025-08-03 21:51:01,662 - INFO - Finished seed=0
2025-08-03 21:51:01,663 - INFO - ----------------------------------------------------------------------------------------------------------------------------------------------
2025-08-03 21:51:01,663 - INFO - ----------------------------------------------------------------------------------------------------------------------------------------------
2025-08-03 21:51:01,663 - INFO - Finished student_dim=32
2025-08-03 21:51:01,663 - INFO - G&C avg gen_loss = 3.2972810835014155
2025-08-03 21:51:01,663 - INFO - ----------------------------------------------------------------------------------------------------------------------------------------------
2025-08-03 21:51:01,663 - INFO - Starting student_dim=33
2025-08-03 21:51:01,663 - INFO - Starting seed=0
2025-08-03 21:51:01,664 - INFO - A_teacher is 0.6540995836257935
2025-08-03 21:51:01,672 - INFO - Starting G&C
2025-08-03 21:51:11,932 - INFO - Finished G&C, time elapsed=10.259361028671265s
2025-08-03 21:51:11,933 - INFO - Finished seed=0
2025-08-03 21:51:11,933 - INFO - ----------------------------------------------------------------------------------------------------------------------------------------------
2025-08-03 21:51:11,933 - INFO - ----------------------------------------------------------------------------------------------------------------------------------------------
2025-08-03 21:51:11,933 - INFO - Finished student_dim=33
2025-08-03 21:51:11,934 - INFO - G&C avg gen_loss = 3.18500630190407
2025-08-03 21:51:11,934 - INFO - ----------------------------------------------------------------------------------------------------------------------------------------------
2025-08-03 21:51:11,934 - INFO - Starting student_dim=34
2025-08-03 21:51:11,934 - INFO - Starting seed=0
2025-08-03 21:51:11,936 - INFO - A_teacher is 0.6540995836257935
2025-08-03 21:51:11,943 - INFO - Starting G&C
2025-08-03 21:51:22,372 - INFO - Finished G&C, time elapsed=10.428944110870361s
2025-08-03 21:51:22,373 - INFO - Finished seed=0
2025-08-03 21:51:22,373 - INFO - ----------------------------------------------------------------------------------------------------------------------------------------------
2025-08-03 21:51:22,373 - INFO - ----------------------------------------------------------------------------------------------------------------------------------------------
2025-08-03 21:51:22,373 - INFO - Finished student_dim=34
2025-08-03 21:51:22,374 - INFO - G&C avg gen_loss = 3.4050781217488377
2025-08-03 21:51:22,374 - INFO - ----------------------------------------------------------------------------------------------------------------------------------------------
2025-08-03 21:51:22,816 - INFO - Finished experiments, results saved to results_gnc_seq_len=7_num_measurements=1_input_e1=True_time=20250803-215122.csv, figures saved to plot_gnc_seq_len=7_num_measurements=1_input_e1=True_time=20250803-215122
