2025-08-03 17:46:44,844 - INFO - Using device mps.
2025-08-03 17:46:44,845 - INFO - Args: Namespace(num_seeds=1, num_measurements=1, input_e1=True, sequence_length=7, teacher_ranks=[1], student_dims=[3, 4, 5, 6, 7, 8, 9, 10, 11, 12, 13, 14, 15, 16, 17, 18, 19], calc_loss_only_on_last_output=True, eps_train=1e-06, gnc=True, gnc_num_samples=100000000, gnc_batch_size=10000000, gd=False, gd_lr=0.01, gd_epochs=100000, gd_init_scale=0.01, gd_optimizer='adam', config=None, results_dir=PosixPath('results'), figures_dir=PosixPath('figures'), log_dir=PosixPath('logs'))
2025-08-03 17:46:44,854 - INFO - Starting teacher_rank=1
2025-08-03 17:46:44,854 - INFO - Starting student_dim=3
2025-08-03 17:46:44,854 - INFO - Starting seed=0
2025-08-03 17:46:44,860 - INFO - A_teacher is 0.5381554365158081
2025-08-03 17:46:44,883 - INFO - Starting G&C
2025-08-03 17:46:49,345 - INFO - Finished G&C, time elapsed=4.461719989776611s
2025-08-03 17:46:49,345 - INFO - Finished seed=0
2025-08-03 17:46:49,346 - INFO - ----------------------------------------------------------------------------------------------------------------------------------------------
2025-08-03 17:46:49,346 - INFO - ----------------------------------------------------------------------------------------------------------------------------------------------
2025-08-03 17:46:49,346 - INFO - Finished student_dim=3
2025-08-03 17:46:49,346 - INFO - G&C avg gen_loss = 0.7993362764353863
2025-08-03 17:46:49,346 - INFO - ----------------------------------------------------------------------------------------------------------------------------------------------
2025-08-03 17:46:49,346 - INFO - Starting student_dim=4
2025-08-03 17:46:49,346 - INFO - Starting seed=0
2025-08-03 17:46:49,347 - INFO - A_teacher is 0.6540995836257935
2025-08-03 17:46:49,351 - INFO - Starting G&C
2025-08-03 17:46:53,868 - INFO - Finished G&C, time elapsed=4.5173258781433105s
2025-08-03 17:46:53,868 - INFO - Finished seed=0
2025-08-03 17:46:53,868 - INFO - ----------------------------------------------------------------------------------------------------------------------------------------------
2025-08-03 17:46:53,868 - INFO - ----------------------------------------------------------------------------------------------------------------------------------------------
2025-08-03 17:46:53,868 - INFO - Finished student_dim=4
2025-08-03 17:46:53,868 - INFO - G&C avg gen_loss = 1.4445163160517356
2025-08-03 17:46:53,868 - INFO - ----------------------------------------------------------------------------------------------------------------------------------------------
2025-08-03 17:46:53,869 - INFO - Starting student_dim=5
2025-08-03 17:46:53,869 - INFO - Starting seed=0
2025-08-03 17:46:53,870 - INFO - A_teacher is 0.6540995836257935
2025-08-03 17:46:53,874 - INFO - Starting G&C
2025-08-03 17:46:58,538 - INFO - Finished G&C, time elapsed=4.663970947265625s
2025-08-03 17:46:58,538 - INFO - Finished seed=0
2025-08-03 17:46:58,539 - INFO - ----------------------------------------------------------------------------------------------------------------------------------------------
2025-08-03 17:46:58,539 - INFO - ----------------------------------------------------------------------------------------------------------------------------------------------
2025-08-03 17:46:58,539 - INFO - Finished student_dim=5
2025-08-03 17:46:58,539 - INFO - G&C avg gen_loss = 1.5852613700910714
2025-08-03 17:46:58,539 - INFO - ----------------------------------------------------------------------------------------------------------------------------------------------
2025-08-03 17:46:58,539 - INFO - Starting student_dim=6
2025-08-03 17:46:58,539 - INFO - Starting seed=0
2025-08-03 17:46:58,540 - INFO - A_teacher is 0.6540995836257935
2025-08-03 17:46:58,544 - INFO - Starting G&C
2025-08-03 17:47:03,370 - INFO - Finished G&C, time elapsed=4.825800895690918s
2025-08-03 17:47:03,370 - INFO - Finished seed=0
2025-08-03 17:47:03,370 - INFO - ----------------------------------------------------------------------------------------------------------------------------------------------
2025-08-03 17:47:03,370 - INFO - ----------------------------------------------------------------------------------------------------------------------------------------------
2025-08-03 17:47:03,370 - INFO - Finished student_dim=6
2025-08-03 17:47:03,370 - INFO - G&C avg gen_loss = 1.7493910356622149
2025-08-03 17:47:03,370 - INFO - ----------------------------------------------------------------------------------------------------------------------------------------------
2025-08-03 17:47:03,370 - INFO - Starting student_dim=7
2025-08-03 17:47:03,370 - INFO - Starting seed=0
2025-08-03 17:47:03,371 - INFO - A_teacher is 0.6540995836257935
2025-08-03 17:47:03,375 - INFO - Starting G&C
2025-08-03 17:47:08,377 - INFO - Finished G&C, time elapsed=5.001934766769409s
2025-08-03 17:47:08,377 - INFO - Finished seed=0
2025-08-03 17:47:08,377 - INFO - ----------------------------------------------------------------------------------------------------------------------------------------------
2025-08-03 17:47:08,377 - INFO - ----------------------------------------------------------------------------------------------------------------------------------------------
2025-08-03 17:47:08,377 - INFO - Finished student_dim=7
2025-08-03 17:47:08,377 - INFO - G&C avg gen_loss = 1.9078457487793061
2025-08-03 17:47:08,377 - INFO - ----------------------------------------------------------------------------------------------------------------------------------------------
2025-08-03 17:47:08,377 - INFO - Starting student_dim=8
2025-08-03 17:47:08,377 - INFO - Starting seed=0
2025-08-03 17:47:08,378 - INFO - A_teacher is 0.6540995836257935
2025-08-03 17:47:08,382 - INFO - Starting G&C
2025-08-03 17:47:13,564 - INFO - Finished G&C, time elapsed=5.1820080280303955s
2025-08-03 17:47:13,565 - INFO - Finished seed=0
2025-08-03 17:47:13,565 - INFO - ----------------------------------------------------------------------------------------------------------------------------------------------
2025-08-03 17:47:13,565 - INFO - ----------------------------------------------------------------------------------------------------------------------------------------------
2025-08-03 17:47:13,565 - INFO - Finished student_dim=8
2025-08-03 17:47:13,566 - INFO - G&C avg gen_loss = 2.0713804255697252
2025-08-03 17:47:13,566 - INFO - ----------------------------------------------------------------------------------------------------------------------------------------------
2025-08-03 17:47:13,566 - INFO - Starting student_dim=9
2025-08-03 17:47:13,566 - INFO - Starting seed=0
2025-08-03 17:47:13,567 - INFO - A_teacher is 0.6540995836257935
2025-08-03 17:47:13,571 - INFO - Starting G&C
2025-08-03 17:47:19,242 - INFO - Finished G&C, time elapsed=5.671557903289795s
2025-08-03 17:47:19,242 - INFO - Finished seed=0
2025-08-03 17:47:19,243 - INFO - ----------------------------------------------------------------------------------------------------------------------------------------------
2025-08-03 17:47:19,243 - INFO - ----------------------------------------------------------------------------------------------------------------------------------------------
2025-08-03 17:47:19,243 - INFO - Finished student_dim=9
2025-08-03 17:47:19,243 - INFO - G&C avg gen_loss = 2.261511148232063
2025-08-03 17:47:19,243 - INFO - ----------------------------------------------------------------------------------------------------------------------------------------------
2025-08-03 17:47:19,243 - INFO - Starting student_dim=10
2025-08-03 17:47:19,243 - INFO - Starting seed=0
2025-08-03 17:47:19,244 - INFO - A_teacher is 0.6540995836257935
2025-08-03 17:47:19,248 - INFO - Starting G&C
2025-08-03 17:47:25,187 - INFO - Finished G&C, time elapsed=5.938490867614746s
2025-08-03 17:47:25,188 - INFO - Finished seed=0
2025-08-03 17:47:25,188 - INFO - ----------------------------------------------------------------------------------------------------------------------------------------------
2025-08-03 17:47:25,188 - INFO - ----------------------------------------------------------------------------------------------------------------------------------------------
2025-08-03 17:47:25,188 - INFO - Finished student_dim=10
2025-08-03 17:47:25,188 - INFO - G&C avg gen_loss = 2.44333452822428
2025-08-03 17:47:25,188 - INFO - ----------------------------------------------------------------------------------------------------------------------------------------------
2025-08-03 17:47:25,189 - INFO - Starting student_dim=11
2025-08-03 17:47:25,189 - INFO - Starting seed=0
2025-08-03 17:47:25,190 - INFO - A_teacher is 0.6540995836257935
2025-08-03 17:47:25,196 - INFO - Starting G&C
2025-08-03 17:47:31,818 - INFO - Finished G&C, time elapsed=6.6221489906311035s
2025-08-03 17:47:31,818 - INFO - Finished seed=0
2025-08-03 17:47:31,819 - INFO - ----------------------------------------------------------------------------------------------------------------------------------------------
2025-08-03 17:47:31,819 - INFO - ----------------------------------------------------------------------------------------------------------------------------------------------
2025-08-03 17:47:31,819 - INFO - Finished student_dim=11
2025-08-03 17:47:31,819 - INFO - G&C avg gen_loss = 2.5979868337593794
2025-08-03 17:47:31,819 - INFO - ----------------------------------------------------------------------------------------------------------------------------------------------
2025-08-03 17:47:31,819 - INFO - Starting student_dim=12
2025-08-03 17:47:31,820 - INFO - Starting seed=0
2025-08-03 17:47:31,823 - INFO - A_teacher is 0.6540995836257935
2025-08-03 17:47:31,831 - INFO - Starting G&C
2025-08-03 17:47:37,788 - INFO - Finished G&C, time elapsed=5.957054853439331s
2025-08-03 17:47:37,788 - INFO - Finished seed=0
2025-08-03 17:47:37,789 - INFO - ----------------------------------------------------------------------------------------------------------------------------------------------
2025-08-03 17:47:37,789 - INFO - ----------------------------------------------------------------------------------------------------------------------------------------------
2025-08-03 17:47:37,789 - INFO - Finished student_dim=12
2025-08-03 17:47:37,789 - INFO - G&C avg gen_loss = 2.807601527974348
2025-08-03 17:47:37,789 - INFO - ----------------------------------------------------------------------------------------------------------------------------------------------
2025-08-03 17:47:37,789 - INFO - Starting student_dim=13
2025-08-03 17:47:37,789 - INFO - Starting seed=0
2025-08-03 17:47:37,790 - INFO - A_teacher is 0.6540995836257935
2025-08-03 17:47:37,795 - INFO - Starting G&C
2025-08-03 17:47:46,208 - INFO - Finished G&C, time elapsed=8.412571907043457s
2025-08-03 17:47:46,208 - INFO - Finished seed=0
2025-08-03 17:47:46,208 - INFO - ----------------------------------------------------------------------------------------------------------------------------------------------
2025-08-03 17:47:46,208 - INFO - ----------------------------------------------------------------------------------------------------------------------------------------------
2025-08-03 17:47:46,208 - INFO - Finished student_dim=13
2025-08-03 17:47:46,209 - INFO - G&C avg gen_loss = 3.011474385094041
2025-08-03 17:47:46,209 - INFO - ----------------------------------------------------------------------------------------------------------------------------------------------
2025-08-03 17:47:46,209 - INFO - Starting student_dim=14
2025-08-03 17:47:46,209 - INFO - Starting seed=0
2025-08-03 17:47:46,211 - INFO - A_teacher is 0.6540995836257935
2025-08-03 17:47:46,218 - INFO - Starting G&C
2025-08-03 17:47:55,706 - INFO - Finished G&C, time elapsed=9.487908840179443s
2025-08-03 17:47:55,706 - INFO - Finished seed=0
2025-08-03 17:47:55,707 - INFO - ----------------------------------------------------------------------------------------------------------------------------------------------
2025-08-03 17:47:55,707 - INFO - ----------------------------------------------------------------------------------------------------------------------------------------------
2025-08-03 17:47:55,707 - INFO - Finished student_dim=14
2025-08-03 17:47:55,707 - INFO - G&C avg gen_loss = 3.174413551249458
2025-08-03 17:47:55,707 - INFO - ----------------------------------------------------------------------------------------------------------------------------------------------
2025-08-03 17:47:55,708 - INFO - Starting student_dim=15
2025-08-03 17:47:55,708 - INFO - Starting seed=0
2025-08-03 17:47:55,710 - INFO - A_teacher is 0.6540995836257935
2025-08-03 17:47:55,718 - INFO - Starting G&C
2025-08-03 17:48:03,505 - INFO - Finished G&C, time elapsed=7.787145137786865s
2025-08-03 17:48:03,507 - INFO - Finished seed=0
2025-08-03 17:48:03,507 - INFO - ----------------------------------------------------------------------------------------------------------------------------------------------
2025-08-03 17:48:03,507 - INFO - ----------------------------------------------------------------------------------------------------------------------------------------------
2025-08-03 17:48:03,507 - INFO - Finished student_dim=15
2025-08-03 17:48:03,508 - INFO - G&C avg gen_loss = 3.4170944299454313
2025-08-03 17:48:03,508 - INFO - ----------------------------------------------------------------------------------------------------------------------------------------------
2025-08-03 17:48:03,508 - INFO - Starting student_dim=16
2025-08-03 17:48:03,508 - INFO - Starting seed=0
2025-08-03 17:48:03,510 - INFO - A_teacher is 0.6540995836257935
2025-08-03 17:48:03,517 - INFO - Starting G&C
2025-08-03 17:48:10,029 - INFO - Finished G&C, time elapsed=6.511871099472046s
2025-08-03 17:48:10,030 - INFO - Finished seed=0
2025-08-03 17:48:10,030 - INFO - ----------------------------------------------------------------------------------------------------------------------------------------------
2025-08-03 17:48:10,030 - INFO - ----------------------------------------------------------------------------------------------------------------------------------------------
2025-08-03 17:48:10,030 - INFO - Finished student_dim=16
2025-08-03 17:48:10,030 - INFO - G&C avg gen_loss = 3.542674098156974
2025-08-03 17:48:10,030 - INFO - ----------------------------------------------------------------------------------------------------------------------------------------------
2025-08-03 17:48:10,031 - INFO - Starting student_dim=17
2025-08-03 17:48:10,031 - INFO - Starting seed=0
2025-08-03 17:48:10,032 - INFO - A_teacher is 0.6540995836257935
2025-08-03 17:48:10,037 - INFO - Starting G&C
2025-08-03 17:48:16,452 - INFO - Finished G&C, time elapsed=6.414758205413818s
2025-08-03 17:48:16,452 - INFO - Finished seed=0
2025-08-03 17:48:16,452 - INFO - ----------------------------------------------------------------------------------------------------------------------------------------------
2025-08-03 17:48:16,452 - INFO - ----------------------------------------------------------------------------------------------------------------------------------------------
2025-08-03 17:48:16,452 - INFO - Finished student_dim=17
2025-08-03 17:48:16,452 - INFO - G&C avg gen_loss = 3.9946341737046676
2025-08-03 17:48:16,452 - INFO - ----------------------------------------------------------------------------------------------------------------------------------------------
2025-08-03 17:48:16,452 - INFO - Starting student_dim=18
2025-08-03 17:48:16,452 - INFO - Starting seed=0
2025-08-03 17:48:16,453 - INFO - A_teacher is 0.6540995836257935
2025-08-03 17:48:16,459 - INFO - Starting G&C
2025-08-03 17:48:22,516 - INFO - Finished G&C, time elapsed=6.056679964065552s
2025-08-03 17:48:22,516 - INFO - Finished seed=0
2025-08-03 17:48:22,516 - INFO - ----------------------------------------------------------------------------------------------------------------------------------------------
2025-08-03 17:48:22,516 - INFO - ----------------------------------------------------------------------------------------------------------------------------------------------
2025-08-03 17:48:22,516 - INFO - Finished student_dim=18
2025-08-03 17:48:22,516 - INFO - G&C avg gen_loss = 4.049264704187711
2025-08-03 17:48:22,516 - INFO - ----------------------------------------------------------------------------------------------------------------------------------------------
2025-08-03 17:48:22,516 - INFO - Starting student_dim=19
2025-08-03 17:48:22,516 - INFO - Starting seed=0
2025-08-03 17:48:22,517 - INFO - A_teacher is 0.6540995836257935
2025-08-03 17:48:22,521 - INFO - Starting G&C
2025-08-03 17:48:28,816 - INFO - Finished G&C, time elapsed=6.29479718208313s
2025-08-03 17:48:28,817 - INFO - Finished seed=0
2025-08-03 17:48:28,817 - INFO - ----------------------------------------------------------------------------------------------------------------------------------------------
2025-08-03 17:48:28,817 - INFO - ----------------------------------------------------------------------------------------------------------------------------------------------
2025-08-03 17:48:28,817 - INFO - Finished student_dim=19
2025-08-03 17:48:28,817 - INFO - G&C avg gen_loss = 4.290687412100354
2025-08-03 17:48:28,817 - INFO - ----------------------------------------------------------------------------------------------------------------------------------------------
2025-08-03 17:48:29,174 - INFO - Finished experiments, results saved to results, figures saved to figures
