2025-08-06 12:54:23,890 - INFO - Using device cuda:0.
2025-08-06 12:54:23,890 - INFO - Args: Namespace(num_seeds=1, num_measurements=1, input_e1=False, sequence_length=5, teacher_ranks=[1], student_dims=[15, 16, 17, 18, 19, 20, 21, 22, 23, 24, 25, 26, 27, 28, 29, 30, 31, 32, 33, 34, 35, 36, 37, 38, 39], calc_loss_only_on_last_output=True, eps_train=1e-12, gnc=True, gnc_num_samples=100000000, gnc_batch_size=1000000, gd=False, gd_lr=0.001, gd_epochs=1000000, gd_init_scale=0.01, gd_optimizer='adam', config=None, results_dir=PosixPath('results'), figures_dir=PosixPath('figures'), log_dir=PosixPath('logs'))
2025-08-06 12:54:23,920 - INFO - Starting teacher_rank=1
2025-08-06 12:54:23,921 - INFO - Starting student_dim=15
2025-08-06 12:54:23,923 - INFO - Starting seed=0
2025-08-06 12:54:25,868 - INFO - A_teacher is 0.6540995836257935
2025-08-06 12:54:26,458 - INFO - dataset is tensor([[[-0.2934],
         [-2.1788],
         [ 0.5684],
         [-1.0845],
         [-1.3986]]])
2025-08-06 12:54:28,428 - INFO - Starting G&C
2025-08-06 12:54:41,469 - INFO - Finished G&C, time elapsed=13.04066252708435s
2025-08-06 12:54:41,471 - INFO - Finished seed=0
2025-08-06 12:54:41,472 - INFO - ----------------------------------------------------------------------------------------------------------------------------------------------
2025-08-06 12:54:41,473 - INFO - ----------------------------------------------------------------------------------------------------------------------------------------------
2025-08-06 12:54:41,474 - INFO - Finished student_dim=15
2025-08-06 12:54:41,497 - INFO - G&C avg gen_loss = 0.6028558465838433
2025-08-06 12:54:41,497 - INFO - G&C avg theoretical_loss = 0.6105459928512573
2025-08-06 12:54:41,498 - INFO - ----------------------------------------------------------------------------------------------------------------------------------------------
2025-08-06 12:54:41,498 - INFO - Starting student_dim=16
2025-08-06 12:54:41,499 - INFO - Starting seed=0
2025-08-06 12:54:41,503 - INFO - A_teacher is 0.6540995836257935
2025-08-06 12:54:41,505 - INFO - dataset is tensor([[[-0.2934],
         [-2.1788],
         [ 0.5684],
         [-1.0845],
         [-1.3986]]])
2025-08-06 12:54:41,506 - INFO - Starting G&C
2025-08-06 12:54:51,338 - INFO - Finished G&C, time elapsed=9.831153154373169s
2025-08-06 12:54:51,338 - INFO - Finished seed=0
2025-08-06 12:54:51,339 - INFO - ----------------------------------------------------------------------------------------------------------------------------------------------
2025-08-06 12:54:51,341 - INFO - ----------------------------------------------------------------------------------------------------------------------------------------------
2025-08-06 12:54:51,341 - INFO - Finished student_dim=16
2025-08-06 12:54:51,341 - INFO - G&C avg gen_loss = 0.5385183586793787
2025-08-06 12:54:51,343 - INFO - G&C avg theoretical_loss = -3.4474215507507324
2025-08-06 12:54:51,346 - INFO - ----------------------------------------------------------------------------------------------------------------------------------------------
2025-08-06 12:54:51,347 - INFO - Starting student_dim=17
2025-08-06 12:54:51,349 - INFO - Starting seed=0
2025-08-06 12:54:51,356 - INFO - A_teacher is 0.6540995836257935
2025-08-06 12:54:51,360 - INFO - dataset is tensor([[[-0.2934],
         [-2.1788],
         [ 0.5684],
         [-1.0845],
         [-1.3986]]])
2025-08-06 12:54:51,363 - INFO - Starting G&C
2025-08-06 12:55:00,843 - INFO - Finished G&C, time elapsed=9.480583906173706s
2025-08-06 12:55:00,844 - INFO - Finished seed=0
2025-08-06 12:55:00,844 - INFO - ----------------------------------------------------------------------------------------------------------------------------------------------
2025-08-06 12:55:00,845 - INFO - ----------------------------------------------------------------------------------------------------------------------------------------------
2025-08-06 12:55:00,846 - INFO - Finished student_dim=17
2025-08-06 12:55:00,846 - INFO - G&C avg gen_loss = 0.7509583491418097
2025-08-06 12:55:00,846 - INFO - G&C avg theoretical_loss = 0.6251907348632812
2025-08-06 12:55:00,846 - INFO - ----------------------------------------------------------------------------------------------------------------------------------------------
2025-08-06 12:55:00,847 - INFO - Starting student_dim=18
2025-08-06 12:55:00,847 - INFO - Starting seed=0
2025-08-06 12:55:00,851 - INFO - A_teacher is 0.6540995836257935
2025-08-06 12:55:00,852 - INFO - dataset is tensor([[[-0.2934],
         [-2.1788],
         [ 0.5684],
         [-1.0845],
         [-1.3986]]])
2025-08-06 12:55:00,853 - INFO - Starting G&C
2025-08-06 12:55:10,552 - INFO - Finished G&C, time elapsed=9.698041915893555s
2025-08-06 12:55:10,552 - INFO - Finished seed=0
2025-08-06 12:55:10,553 - INFO - ----------------------------------------------------------------------------------------------------------------------------------------------
2025-08-06 12:55:10,554 - INFO - ----------------------------------------------------------------------------------------------------------------------------------------------
2025-08-06 12:55:10,554 - INFO - Finished student_dim=18
2025-08-06 12:55:10,554 - INFO - G&C avg gen_loss = 0.8546817573634061
2025-08-06 12:55:10,556 - INFO - G&C avg theoretical_loss = -2.815622329711914
2025-08-06 12:55:10,556 - INFO - ----------------------------------------------------------------------------------------------------------------------------------------------
2025-08-06 12:55:10,556 - INFO - Starting student_dim=19
2025-08-06 12:55:10,557 - INFO - Starting seed=0
2025-08-06 12:55:10,561 - INFO - A_teacher is 0.6540995836257935
2025-08-06 12:55:10,562 - INFO - dataset is tensor([[[-0.2934],
         [-2.1788],
         [ 0.5684],
         [-1.0845],
         [-1.3986]]])
2025-08-06 12:55:10,563 - INFO - Starting G&C
2025-08-06 12:55:20,065 - INFO - Finished G&C, time elapsed=9.500979661941528s
2025-08-06 12:55:20,066 - INFO - Finished seed=0
2025-08-06 12:55:20,066 - INFO - ----------------------------------------------------------------------------------------------------------------------------------------------
2025-08-06 12:55:20,067 - INFO - ----------------------------------------------------------------------------------------------------------------------------------------------
2025-08-06 12:55:20,067 - INFO - Finished student_dim=19
2025-08-06 12:55:20,068 - INFO - G&C avg gen_loss = 0.7669016998715517
2025-08-06 12:55:20,068 - INFO - G&C avg theoretical_loss = 0.64454585313797
2025-08-06 12:55:20,068 - INFO - ----------------------------------------------------------------------------------------------------------------------------------------------
2025-08-06 12:55:20,069 - INFO - Starting student_dim=20
2025-08-06 12:55:20,070 - INFO - Starting seed=0
2025-08-06 12:55:20,071 - INFO - A_teacher is 0.6540995836257935
2025-08-06 12:55:20,072 - INFO - dataset is tensor([[[-0.2934],
         [-2.1788],
         [ 0.5684],
         [-1.0845],
         [-1.3986]]])
2025-08-06 12:55:20,073 - INFO - Starting G&C
2025-08-06 12:55:29,704 - INFO - Finished G&C, time elapsed=9.630848169326782s
2025-08-06 12:55:29,705 - INFO - Finished seed=0
2025-08-06 12:55:29,705 - INFO - ----------------------------------------------------------------------------------------------------------------------------------------------
2025-08-06 12:55:29,706 - INFO - ----------------------------------------------------------------------------------------------------------------------------------------------
2025-08-06 12:55:29,706 - INFO - Finished student_dim=20
2025-08-06 12:55:29,706 - INFO - G&C avg gen_loss = 0.7067649251884884
2025-08-06 12:55:29,706 - INFO - G&C avg theoretical_loss = 0.7715775966644287
2025-08-06 12:55:29,706 - INFO - ----------------------------------------------------------------------------------------------------------------------------------------------
2025-08-06 12:55:29,707 - INFO - Starting student_dim=21
2025-08-06 12:55:29,708 - INFO - Starting seed=0
2025-08-06 12:55:29,711 - INFO - A_teacher is 0.6540995836257935
2025-08-06 12:55:29,715 - INFO - dataset is tensor([[[-0.2934],
         [-2.1788],
         [ 0.5684],
         [-1.0845],
         [-1.3986]]])
2025-08-06 12:55:29,717 - INFO - Starting G&C
2025-08-06 12:55:39,444 - INFO - Finished G&C, time elapsed=9.7261962890625s
2025-08-06 12:55:39,444 - INFO - Finished seed=0
2025-08-06 12:55:39,445 - INFO - ----------------------------------------------------------------------------------------------------------------------------------------------
2025-08-06 12:55:39,445 - INFO - ----------------------------------------------------------------------------------------------------------------------------------------------
2025-08-06 12:55:39,445 - INFO - Finished student_dim=21
2025-08-06 12:55:39,445 - INFO - G&C avg gen_loss = 0.6918496986230215
2025-08-06 12:55:39,445 - INFO - G&C avg theoretical_loss = 0.6659884452819824
2025-08-06 12:55:39,445 - INFO - ----------------------------------------------------------------------------------------------------------------------------------------------
2025-08-06 12:55:39,445 - INFO - Starting student_dim=22
2025-08-06 12:55:39,446 - INFO - Starting seed=0
2025-08-06 12:55:39,446 - INFO - A_teacher is 0.6540995836257935
2025-08-06 12:55:39,449 - INFO - dataset is tensor([[[-0.2934],
         [-2.1788],
         [ 0.5684],
         [-1.0845],
         [-1.3986]]])
2025-08-06 12:55:39,451 - INFO - Starting G&C
2025-08-06 12:55:49,203 - INFO - Finished G&C, time elapsed=9.751285076141357s
2025-08-06 12:55:49,203 - INFO - Finished seed=0
2025-08-06 12:55:49,204 - INFO - ----------------------------------------------------------------------------------------------------------------------------------------------
2025-08-06 12:55:49,206 - INFO - ----------------------------------------------------------------------------------------------------------------------------------------------
2025-08-06 12:55:49,206 - INFO - Finished student_dim=22
2025-08-06 12:55:49,208 - INFO - G&C avg gen_loss = 0.6405785771256144
2025-08-06 12:55:49,210 - INFO - G&C avg theoretical_loss = 0.8036630153656006
2025-08-06 12:55:49,210 - INFO - ----------------------------------------------------------------------------------------------------------------------------------------------
2025-08-06 12:55:49,210 - INFO - Starting student_dim=23
2025-08-06 12:55:49,212 - INFO - Starting seed=0
2025-08-06 12:55:49,215 - INFO - A_teacher is 0.6540995836257935
2025-08-06 12:55:49,217 - INFO - dataset is tensor([[[-0.2934],
         [-2.1788],
         [ 0.5684],
         [-1.0845],
         [-1.3986]]])
2025-08-06 12:55:49,220 - INFO - Starting G&C
2025-08-06 12:55:59,204 - INFO - Finished G&C, time elapsed=9.983105897903442s
2025-08-06 12:55:59,204 - INFO - Finished seed=0
2025-08-06 12:55:59,205 - INFO - ----------------------------------------------------------------------------------------------------------------------------------------------
2025-08-06 12:55:59,205 - INFO - ----------------------------------------------------------------------------------------------------------------------------------------------
2025-08-06 12:55:59,205 - INFO - Finished student_dim=23
2025-08-06 12:55:59,206 - INFO - G&C avg gen_loss = 0.855868881711593
2025-08-06 12:55:59,206 - INFO - G&C avg theoretical_loss = 0.6880525350570679
2025-08-06 12:55:59,206 - INFO - ----------------------------------------------------------------------------------------------------------------------------------------------
2025-08-06 12:55:59,207 - INFO - Starting student_dim=24
2025-08-06 12:55:59,207 - INFO - Starting seed=0
2025-08-06 12:55:59,210 - INFO - A_teacher is 0.6540995836257935
2025-08-06 12:55:59,211 - INFO - dataset is tensor([[[-0.2934],
         [-2.1788],
         [ 0.5684],
         [-1.0845],
         [-1.3986]]])
2025-08-06 12:55:59,212 - INFO - Starting G&C
2025-08-06 12:56:09,119 - INFO - Finished G&C, time elapsed=9.907302618026733s
2025-08-06 12:56:09,119 - INFO - Finished seed=0
2025-08-06 12:56:09,120 - INFO - ----------------------------------------------------------------------------------------------------------------------------------------------
2025-08-06 12:56:09,121 - INFO - ----------------------------------------------------------------------------------------------------------------------------------------------
2025-08-06 12:56:09,121 - INFO - Finished student_dim=24
2025-08-06 12:56:09,121 - INFO - G&C avg gen_loss = 0.7380336705181334
2025-08-06 12:56:09,122 - INFO - G&C avg theoretical_loss = 0.8351982831954956
2025-08-06 12:56:09,124 - INFO - ----------------------------------------------------------------------------------------------------------------------------------------------
2025-08-06 12:56:09,124 - INFO - Starting student_dim=25
2025-08-06 12:56:09,126 - INFO - Starting seed=0
2025-08-06 12:56:09,131 - INFO - A_teacher is 0.6540995836257935
2025-08-06 12:56:09,132 - INFO - dataset is tensor([[[-0.2934],
         [-2.1788],
         [ 0.5684],
         [-1.0845],
         [-1.3986]]])
2025-08-06 12:56:09,134 - INFO - Starting G&C
2025-08-06 12:56:19,175 - INFO - Finished G&C, time elapsed=10.039942741394043s
2025-08-06 12:56:19,175 - INFO - Finished seed=0
2025-08-06 12:56:19,175 - INFO - ----------------------------------------------------------------------------------------------------------------------------------------------
2025-08-06 12:56:19,176 - INFO - ----------------------------------------------------------------------------------------------------------------------------------------------
2025-08-06 12:56:19,176 - INFO - Finished student_dim=25
2025-08-06 12:56:19,176 - INFO - G&C avg gen_loss = 0.63513285229946
2025-08-06 12:56:19,177 - INFO - G&C avg theoretical_loss = 0.7099161148071289
2025-08-06 12:56:19,177 - INFO - ----------------------------------------------------------------------------------------------------------------------------------------------
2025-08-06 12:56:19,178 - INFO - Starting student_dim=26
2025-08-06 12:56:19,178 - INFO - Starting seed=0
2025-08-06 12:56:19,180 - INFO - A_teacher is 0.6540995836257935
2025-08-06 12:56:19,181 - INFO - dataset is tensor([[[-0.2934],
         [-2.1788],
         [ 0.5684],
         [-1.0845],
         [-1.3986]]])
2025-08-06 12:56:19,182 - INFO - Starting G&C
2025-08-06 12:56:29,329 - INFO - Finished G&C, time elapsed=10.147486209869385s
2025-08-06 12:56:29,329 - INFO - Finished seed=0
2025-08-06 12:56:29,330 - INFO - ----------------------------------------------------------------------------------------------------------------------------------------------
2025-08-06 12:56:29,332 - INFO - ----------------------------------------------------------------------------------------------------------------------------------------------
2025-08-06 12:56:29,332 - INFO - Finished student_dim=26
2025-08-06 12:56:29,332 - INFO - G&C avg gen_loss = 0.903718673520618
2025-08-06 12:56:29,334 - INFO - G&C avg theoretical_loss = 0.8656134605407715
2025-08-06 12:56:29,336 - INFO - ----------------------------------------------------------------------------------------------------------------------------------------------
2025-08-06 12:56:29,336 - INFO - Starting student_dim=27
2025-08-06 12:56:29,338 - INFO - Starting seed=0
2025-08-06 12:56:29,343 - INFO - A_teacher is 0.6540995836257935
2025-08-06 12:56:29,344 - INFO - dataset is tensor([[[-0.2934],
         [-2.1788],
         [ 0.5684],
         [-1.0845],
         [-1.3986]]])
2025-08-06 12:56:29,347 - INFO - Starting G&C
2025-08-06 12:56:39,538 - INFO - Finished G&C, time elapsed=10.189760446548462s
2025-08-06 12:56:39,538 - INFO - Finished seed=0
2025-08-06 12:56:39,538 - INFO - ----------------------------------------------------------------------------------------------------------------------------------------------
2025-08-06 12:56:39,539 - INFO - ----------------------------------------------------------------------------------------------------------------------------------------------
2025-08-06 12:56:39,539 - INFO - Finished student_dim=27
2025-08-06 12:56:39,539 - INFO - G&C avg gen_loss = 0.8475167208643102
2025-08-06 12:56:39,540 - INFO - G&C avg theoretical_loss = 0.7311264872550964
2025-08-06 12:56:39,541 - INFO - ----------------------------------------------------------------------------------------------------------------------------------------------
2025-08-06 12:56:39,542 - INFO - Starting student_dim=28
2025-08-06 12:56:39,543 - INFO - Starting seed=0
2025-08-06 12:56:39,545 - INFO - A_teacher is 0.6540995836257935
2025-08-06 12:56:39,546 - INFO - dataset is tensor([[[-0.2934],
         [-2.1788],
         [ 0.5684],
         [-1.0845],
         [-1.3986]]])
2025-08-06 12:56:39,547 - INFO - Starting G&C
2025-08-06 12:56:49,651 - INFO - Finished G&C, time elapsed=10.103406190872192s
2025-08-06 12:56:49,651 - INFO - Finished seed=0
2025-08-06 12:56:49,652 - INFO - ----------------------------------------------------------------------------------------------------------------------------------------------
2025-08-06 12:56:49,653 - INFO - ----------------------------------------------------------------------------------------------------------------------------------------------
2025-08-06 12:56:49,653 - INFO - Finished student_dim=28
2025-08-06 12:56:49,654 - INFO - G&C avg gen_loss = 0.7163388287198955
2025-08-06 12:56:49,654 - INFO - G&C avg theoretical_loss = 0.8946245908737183
2025-08-06 12:56:49,654 - INFO - ----------------------------------------------------------------------------------------------------------------------------------------------
2025-08-06 12:56:49,655 - INFO - Starting student_dim=29
2025-08-06 12:56:49,655 - INFO - Starting seed=0
2025-08-06 12:56:49,657 - INFO - A_teacher is 0.6540995836257935
2025-08-06 12:56:49,658 - INFO - dataset is tensor([[[-0.2934],
         [-2.1788],
         [ 0.5684],
         [-1.0845],
         [-1.3986]]])
2025-08-06 12:56:49,660 - INFO - Starting G&C
2025-08-06 12:56:59,902 - INFO - Finished G&C, time elapsed=10.2415771484375s
2025-08-06 12:56:59,902 - INFO - Finished seed=0
2025-08-06 12:56:59,902 - INFO - ----------------------------------------------------------------------------------------------------------------------------------------------
2025-08-06 12:56:59,903 - INFO - ----------------------------------------------------------------------------------------------------------------------------------------------
2025-08-06 12:56:59,903 - INFO - Finished student_dim=29
2025-08-06 12:56:59,903 - INFO - G&C avg gen_loss = 0.7111164884907859
2025-08-06 12:56:59,904 - INFO - G&C avg theoretical_loss = 0.7514458894729614
2025-08-06 12:56:59,905 - INFO - ----------------------------------------------------------------------------------------------------------------------------------------------
2025-08-06 12:56:59,905 - INFO - Starting student_dim=30
2025-08-06 12:56:59,906 - INFO - Starting seed=0
2025-08-06 12:56:59,910 - INFO - A_teacher is 0.6540995836257935
2025-08-06 12:56:59,911 - INFO - dataset is tensor([[[-0.2934],
         [-2.1788],
         [ 0.5684],
         [-1.0845],
         [-1.3986]]])
2025-08-06 12:56:59,912 - INFO - Starting G&C
2025-08-06 12:57:10,321 - INFO - Finished G&C, time elapsed=10.40836215019226s
2025-08-06 12:57:10,321 - INFO - Finished seed=0
2025-08-06 12:57:10,321 - INFO - ----------------------------------------------------------------------------------------------------------------------------------------------
2025-08-06 12:57:10,322 - INFO - ----------------------------------------------------------------------------------------------------------------------------------------------
2025-08-06 12:57:10,322 - INFO - Finished student_dim=30
2025-08-06 12:57:10,323 - INFO - G&C avg gen_loss = 0.8472022165854772
2025-08-06 12:57:10,323 - INFO - G&C avg theoretical_loss = 0.9221130609512329
2025-08-06 12:57:10,324 - INFO - ----------------------------------------------------------------------------------------------------------------------------------------------
2025-08-06 12:57:10,324 - INFO - Starting student_dim=31
2025-08-06 12:57:10,324 - INFO - Starting seed=0
2025-08-06 12:57:10,328 - INFO - A_teacher is 0.6540995836257935
2025-08-06 12:57:10,330 - INFO - dataset is tensor([[[-0.2934],
         [-2.1788],
         [ 0.5684],
         [-1.0845],
         [-1.3986]]])
2025-08-06 12:57:10,333 - INFO - Starting G&C
2025-08-06 12:57:21,295 - INFO - Finished G&C, time elapsed=10.961185455322266s
2025-08-06 12:57:21,295 - INFO - Finished seed=0
2025-08-06 12:57:21,295 - INFO - ----------------------------------------------------------------------------------------------------------------------------------------------
2025-08-06 12:57:21,298 - INFO - ----------------------------------------------------------------------------------------------------------------------------------------------
2025-08-06 12:57:21,298 - INFO - Finished student_dim=31
2025-08-06 12:57:21,298 - INFO - G&C avg gen_loss = 0.7372454435660921
2025-08-06 12:57:21,300 - INFO - G&C avg theoretical_loss = 0.7707643508911133
2025-08-06 12:57:21,303 - INFO - ----------------------------------------------------------------------------------------------------------------------------------------------
2025-08-06 12:57:21,303 - INFO - Starting student_dim=32
2025-08-06 12:57:21,306 - INFO - Starting seed=0
2025-08-06 12:57:21,313 - INFO - A_teacher is 0.6540995836257935
2025-08-06 12:57:21,315 - INFO - dataset is tensor([[[-0.2934],
         [-2.1788],
         [ 0.5684],
         [-1.0845],
         [-1.3986]]])
2025-08-06 12:57:21,319 - INFO - Starting G&C
2025-08-06 12:57:31,662 - INFO - Finished G&C, time elapsed=10.343510150909424s
2025-08-06 12:57:31,663 - INFO - Finished seed=0
2025-08-06 12:57:31,663 - INFO - ----------------------------------------------------------------------------------------------------------------------------------------------
2025-08-06 12:57:31,664 - INFO - ----------------------------------------------------------------------------------------------------------------------------------------------
2025-08-06 12:57:31,664 - INFO - Finished student_dim=32
2025-08-06 12:57:31,664 - INFO - G&C avg gen_loss = 0.882029981485435
2025-08-06 12:57:31,664 - INFO - G&C avg theoretical_loss = 0.9480564594268799
2025-08-06 12:57:31,665 - INFO - ----------------------------------------------------------------------------------------------------------------------------------------------
2025-08-06 12:57:31,665 - INFO - Starting student_dim=33
2025-08-06 12:57:31,666 - INFO - Starting seed=0
2025-08-06 12:57:31,668 - INFO - A_teacher is 0.6540995836257935
2025-08-06 12:57:31,668 - INFO - dataset is tensor([[[-0.2934],
         [-2.1788],
         [ 0.5684],
         [-1.0845],
         [-1.3986]]])
2025-08-06 12:57:31,670 - INFO - Starting G&C
2025-08-06 12:57:42,178 - INFO - Finished G&C, time elapsed=10.508748292922974s
2025-08-06 12:57:42,179 - INFO - Finished seed=0
2025-08-06 12:57:42,179 - INFO - ----------------------------------------------------------------------------------------------------------------------------------------------
2025-08-06 12:57:42,181 - INFO - ----------------------------------------------------------------------------------------------------------------------------------------------
2025-08-06 12:57:42,181 - INFO - Finished student_dim=33
2025-08-06 12:57:42,182 - INFO - G&C avg gen_loss = 0.8274947752555212
2025-08-06 12:57:42,184 - INFO - G&C avg theoretical_loss = 0.7890468239784241
2025-08-06 12:57:42,186 - INFO - ----------------------------------------------------------------------------------------------------------------------------------------------
2025-08-06 12:57:42,187 - INFO - Starting student_dim=34
2025-08-06 12:57:42,190 - INFO - Starting seed=0
2025-08-06 12:57:42,195 - INFO - A_teacher is 0.6540995836257935
2025-08-06 12:57:42,196 - INFO - dataset is tensor([[[-0.2934],
         [-2.1788],
         [ 0.5684],
         [-1.0845],
         [-1.3986]]])
2025-08-06 12:57:42,200 - INFO - Starting G&C
2025-08-06 12:57:52,899 - INFO - Finished G&C, time elapsed=10.699075698852539s
2025-08-06 12:57:52,899 - INFO - Finished seed=0
2025-08-06 12:57:52,900 - INFO - ----------------------------------------------------------------------------------------------------------------------------------------------
2025-08-06 12:57:53,149 - INFO - ----------------------------------------------------------------------------------------------------------------------------------------------
2025-08-06 12:57:53,149 - INFO - Finished student_dim=34
2025-08-06 12:57:53,150 - INFO - G&C avg gen_loss = 0.9278473166688797
2025-08-06 12:57:53,150 - INFO - G&C avg theoretical_loss = 0.9724894762039185
2025-08-06 12:57:53,151 - INFO - ----------------------------------------------------------------------------------------------------------------------------------------------
2025-08-06 12:57:53,152 - INFO - Starting student_dim=35
2025-08-06 12:57:53,153 - INFO - Starting seed=0
2025-08-06 12:57:53,154 - INFO - A_teacher is 0.6540995836257935
2025-08-06 12:57:53,155 - INFO - dataset is tensor([[[-0.2934],
         [-2.1788],
         [ 0.5684],
         [-1.0845],
         [-1.3986]]])
2025-08-06 12:57:53,156 - INFO - Starting G&C
2025-08-06 12:58:03,796 - INFO - Finished G&C, time elapsed=10.639326333999634s
2025-08-06 12:58:03,796 - INFO - Finished seed=0
2025-08-06 12:58:03,796 - INFO - ----------------------------------------------------------------------------------------------------------------------------------------------
2025-08-06 12:58:03,797 - INFO - ----------------------------------------------------------------------------------------------------------------------------------------------
2025-08-06 12:58:03,797 - INFO - Finished student_dim=35
2025-08-06 12:58:03,797 - INFO - G&C avg gen_loss = 0.8000038464864095
2025-08-06 12:58:03,799 - INFO - G&C avg theoretical_loss = 0.8063020706176758
2025-08-06 12:58:03,799 - INFO - ----------------------------------------------------------------------------------------------------------------------------------------------
2025-08-06 12:58:03,799 - INFO - Starting student_dim=36
2025-08-06 12:58:03,800 - INFO - Starting seed=0
2025-08-06 12:58:03,803 - INFO - A_teacher is 0.6540995836257935
2025-08-06 12:58:03,804 - INFO - dataset is tensor([[[-0.2934],
         [-2.1788],
         [ 0.5684],
         [-1.0845],
         [-1.3986]]])
2025-08-06 12:58:03,805 - INFO - Starting G&C
2025-08-06 12:58:14,289 - INFO - Finished G&C, time elapsed=10.484498977661133s
2025-08-06 12:58:14,289 - INFO - Finished seed=0
2025-08-06 12:58:14,290 - INFO - ----------------------------------------------------------------------------------------------------------------------------------------------
2025-08-06 12:58:14,291 - INFO - ----------------------------------------------------------------------------------------------------------------------------------------------
2025-08-06 12:58:14,291 - INFO - Finished student_dim=36
2025-08-06 12:58:14,291 - INFO - G&C avg gen_loss = 0.9216571819614356
2025-08-06 12:58:14,292 - INFO - G&C avg theoretical_loss = 0.9954746961593628
2025-08-06 12:58:14,292 - INFO - ----------------------------------------------------------------------------------------------------------------------------------------------
2025-08-06 12:58:14,293 - INFO - Starting student_dim=37
2025-08-06 12:58:14,293 - INFO - Starting seed=0
2025-08-06 12:58:14,296 - INFO - A_teacher is 0.6540995836257935
2025-08-06 12:58:14,297 - INFO - dataset is tensor([[[-0.2934],
         [-2.1788],
         [ 0.5684],
         [-1.0845],
         [-1.3986]]])
2025-08-06 12:58:14,298 - INFO - Starting G&C
2025-08-06 12:58:25,040 - INFO - Finished G&C, time elapsed=10.74171757698059s
2025-08-06 12:58:25,040 - INFO - Finished seed=0
2025-08-06 12:58:25,040 - INFO - ----------------------------------------------------------------------------------------------------------------------------------------------
2025-08-06 12:58:25,043 - INFO - ----------------------------------------------------------------------------------------------------------------------------------------------
2025-08-06 12:58:25,043 - INFO - Finished student_dim=37
2025-08-06 12:58:25,045 - INFO - G&C avg gen_loss = 0.8535072356462479
2025-08-06 12:58:25,045 - INFO - G&C avg theoretical_loss = 0.8225642442703247
2025-08-06 12:58:25,048 - INFO - ----------------------------------------------------------------------------------------------------------------------------------------------
2025-08-06 12:58:25,048 - INFO - Starting student_dim=38
2025-08-06 12:58:25,051 - INFO - Starting seed=0
2025-08-06 12:58:25,058 - INFO - A_teacher is 0.6540995836257935
2025-08-06 12:58:25,059 - INFO - dataset is tensor([[[-0.2934],
         [-2.1788],
         [ 0.5684],
         [-1.0845],
         [-1.3986]]])
2025-08-06 12:58:25,062 - INFO - Starting G&C
2025-08-06 12:58:36,005 - INFO - Finished G&C, time elapsed=10.941279172897339s
2025-08-06 12:58:36,005 - INFO - Finished seed=0
2025-08-06 12:58:36,006 - INFO - ----------------------------------------------------------------------------------------------------------------------------------------------
2025-08-06 12:58:36,006 - INFO - ----------------------------------------------------------------------------------------------------------------------------------------------
2025-08-06 12:58:36,006 - INFO - Finished student_dim=38
2025-08-06 12:58:36,006 - INFO - G&C avg gen_loss = 0.8365271126940137
2025-08-06 12:58:36,007 - INFO - G&C avg theoretical_loss = 1.0170906782150269
2025-08-06 12:58:36,008 - INFO - ----------------------------------------------------------------------------------------------------------------------------------------------
2025-08-06 12:58:36,008 - INFO - Starting student_dim=39
2025-08-06 12:58:36,008 - INFO - Starting seed=0
2025-08-06 12:58:36,011 - INFO - A_teacher is 0.6540995836257935
2025-08-06 12:58:36,012 - INFO - dataset is tensor([[[-0.2934],
         [-2.1788],
         [ 0.5684],
         [-1.0845],
         [-1.3986]]])
2025-08-06 12:58:36,013 - INFO - Starting G&C
2025-08-06 12:58:46,907 - INFO - Finished G&C, time elapsed=10.894214630126953s
2025-08-06 12:58:46,907 - INFO - Finished seed=0
2025-08-06 12:58:46,908 - INFO - ----------------------------------------------------------------------------------------------------------------------------------------------
2025-08-06 12:58:46,909 - INFO - ----------------------------------------------------------------------------------------------------------------------------------------------
2025-08-06 12:58:46,909 - INFO - Finished student_dim=39
2025-08-06 12:58:46,909 - INFO - G&C avg gen_loss = 0.8862756499472786
2025-08-06 12:58:46,911 - INFO - G&C avg theoretical_loss = 0.8378816843032837
2025-08-06 12:58:46,911 - INFO - ----------------------------------------------------------------------------------------------------------------------------------------------
2025-08-06 12:58:50,434 - INFO - Finished experiments, results saved to results_gnc_seq_len=5_num_measurements=1_input_e1=False_time=20250806-125846.csv, figures saved to plot_gnc_seq_len=5_num_measurements=1_input_e1=False_time=20250806-125846
