2025-08-03 22:38:58,107 - INFO - Using device mps.
2025-08-03 22:38:58,108 - INFO - Args: Namespace(num_seeds=8, num_measurements=1, input_e1=False, sequence_length=5, teacher_ranks=[1], student_dims=[5, 6, 7, 8, 9, 10, 11, 12, 13, 14, 15, 16, 17, 18, 19, 20, 21, 22, 23, 24, 25, 26, 27, 28, 29, 30, 31, 32, 33, 34], calc_loss_only_on_last_output=True, eps_train=1e-12, gnc=True, gnc_num_samples=100000000, gnc_batch_size=10000000, gd=False, gd_lr=0.01, gd_epochs=100000, gd_init_scale=0.01, gd_optimizer='adam', config=None, results_dir=PosixPath('results'), figures_dir=PosixPath('figures'), log_dir=PosixPath('logs'))
2025-08-03 22:38:58,118 - INFO - Starting teacher_rank=1
2025-08-03 22:38:58,118 - INFO - Starting student_dim=5
2025-08-03 22:38:58,118 - INFO - Starting seed=0
2025-08-03 22:38:58,126 - INFO - A_teacher is 0.3361108601093292
2025-08-03 22:38:58,158 - INFO - Starting G&C
2025-08-03 22:39:02,506 - INFO - Finished G&C, time elapsed=4.347968816757202s
2025-08-03 22:39:02,506 - INFO - Finished seed=0
2025-08-03 22:39:02,507 - INFO - Starting seed=1
2025-08-03 22:39:02,508 - INFO - A_teacher is 0.6540995836257935
2025-08-03 22:39:02,509 - INFO - Starting G&C
2025-08-03 22:39:06,745 - INFO - Finished G&C, time elapsed=4.236379146575928s
2025-08-03 22:39:06,745 - INFO - Finished seed=1
2025-08-03 22:39:06,745 - INFO - Starting seed=2
2025-08-03 22:39:06,746 - INFO - A_teacher is 0.5661352276802063
2025-08-03 22:39:06,747 - INFO - Starting G&C
2025-08-03 22:39:10,976 - INFO - Finished G&C, time elapsed=4.228109836578369s
2025-08-03 22:39:10,976 - INFO - Finished seed=2
2025-08-03 22:39:10,976 - INFO - Starting seed=3
2025-08-03 22:39:10,977 - INFO - A_teacher is 0.539229691028595
2025-08-03 22:39:10,978 - INFO - Starting G&C
2025-08-03 22:39:15,212 - INFO - Finished G&C, time elapsed=4.234264850616455s
2025-08-03 22:39:15,212 - INFO - Finished seed=3
2025-08-03 22:39:15,212 - INFO - Starting seed=4
2025-08-03 22:39:15,214 - INFO - A_teacher is 0.5803276300430298
2025-08-03 22:39:15,215 - INFO - Starting G&C
2025-08-03 22:39:19,444 - INFO - Finished G&C, time elapsed=4.229706048965454s
2025-08-03 22:39:19,445 - INFO - Finished seed=4
2025-08-03 22:39:19,445 - INFO - Starting seed=5
2025-08-03 22:39:19,446 - INFO - A_teacher is 0.33947238326072693
2025-08-03 22:39:19,447 - INFO - Starting G&C
2025-08-03 22:39:23,696 - INFO - Finished G&C, time elapsed=4.249547958374023s
2025-08-03 22:39:23,696 - INFO - Finished seed=5
2025-08-03 22:39:23,697 - INFO - Starting seed=6
2025-08-03 22:39:23,698 - INFO - A_teacher is 0.45132192969322205
2025-08-03 22:39:23,699 - INFO - Starting G&C
2025-08-03 22:39:27,941 - INFO - Finished G&C, time elapsed=4.241846799850464s
2025-08-03 22:39:27,941 - INFO - Finished seed=6
2025-08-03 22:39:27,941 - INFO - Starting seed=7
2025-08-03 22:39:27,942 - INFO - A_teacher is 0.31256014108657837
2025-08-03 22:39:27,943 - INFO - Starting G&C
2025-08-03 22:39:32,182 - INFO - Finished G&C, time elapsed=4.2383129596710205s
2025-08-03 22:39:32,182 - INFO - Finished seed=7
2025-08-03 22:39:32,182 - INFO - ----------------------------------------------------------------------------------------------------------------------------------------------
2025-08-03 22:39:32,182 - INFO - ----------------------------------------------------------------------------------------------------------------------------------------------
2025-08-03 22:39:32,182 - INFO - Finished student_dim=5
2025-08-03 22:39:32,182 - INFO - G&C avg gen_loss = 1.1481920772461744
2025-08-03 22:39:32,182 - INFO - ----------------------------------------------------------------------------------------------------------------------------------------------
2025-08-03 22:39:32,182 - INFO - Starting student_dim=6
2025-08-03 22:39:32,182 - INFO - Starting seed=0
2025-08-03 22:39:32,183 - INFO - A_teacher is 0.48532047867774963
2025-08-03 22:39:32,188 - INFO - Starting G&C
2025-08-03 22:39:36,668 - INFO - Finished G&C, time elapsed=4.479763984680176s
2025-08-03 22:39:36,668 - INFO - Finished seed=0
2025-08-03 22:39:36,668 - INFO - Starting seed=1
2025-08-03 22:39:36,669 - INFO - A_teacher is 0.6540995836257935
2025-08-03 22:39:36,670 - INFO - Starting G&C
2025-08-03 22:39:41,079 - INFO - Finished G&C, time elapsed=4.409193992614746s
2025-08-03 22:39:41,079 - INFO - Finished seed=1
2025-08-03 22:39:41,079 - INFO - Starting seed=2
2025-08-03 22:39:41,081 - INFO - A_teacher is 0.5661352276802063
2025-08-03 22:39:41,081 - INFO - Starting G&C
2025-08-03 22:39:45,529 - INFO - Finished G&C, time elapsed=4.447760820388794s
2025-08-03 22:39:45,529 - INFO - Finished seed=2
2025-08-03 22:39:45,530 - INFO - Starting seed=3
2025-08-03 22:39:45,531 - INFO - A_teacher is 0.539229691028595
2025-08-03 22:39:45,532 - INFO - Starting G&C
2025-08-03 22:39:49,961 - INFO - Finished G&C, time elapsed=4.4289231300354s
2025-08-03 22:39:49,961 - INFO - Finished seed=3
2025-08-03 22:39:49,961 - INFO - Starting seed=4
2025-08-03 22:39:49,962 - INFO - A_teacher is 0.5803276300430298
2025-08-03 22:39:49,963 - INFO - Starting G&C
2025-08-03 22:39:54,398 - INFO - Finished G&C, time elapsed=4.434737920761108s
2025-08-03 22:39:54,398 - INFO - Finished seed=4
2025-08-03 22:39:54,398 - INFO - Starting seed=5
2025-08-03 22:39:54,399 - INFO - A_teacher is 0.33947238326072693
2025-08-03 22:39:54,400 - INFO - Starting G&C
2025-08-03 22:39:58,849 - INFO - Finished G&C, time elapsed=4.44814395904541s
2025-08-03 22:39:58,849 - INFO - Finished seed=5
2025-08-03 22:39:58,849 - INFO - Starting seed=6
2025-08-03 22:39:58,850 - INFO - A_teacher is 0.45132192969322205
2025-08-03 22:39:58,851 - INFO - Starting G&C
2025-08-03 22:40:03,310 - INFO - Finished G&C, time elapsed=4.459188938140869s
2025-08-03 22:40:03,310 - INFO - Finished seed=6
2025-08-03 22:40:03,311 - INFO - Starting seed=7
2025-08-03 22:40:03,312 - INFO - A_teacher is 0.31256014108657837
2025-08-03 22:40:03,313 - INFO - Starting G&C
2025-08-03 22:40:07,754 - INFO - Finished G&C, time elapsed=4.440889835357666s
2025-08-03 22:40:07,754 - INFO - Finished seed=7
2025-08-03 22:40:07,754 - INFO - ----------------------------------------------------------------------------------------------------------------------------------------------
2025-08-03 22:40:07,754 - INFO - ----------------------------------------------------------------------------------------------------------------------------------------------
2025-08-03 22:40:07,754 - INFO - Finished student_dim=6
2025-08-03 22:40:07,754 - INFO - G&C avg gen_loss = 0.8995659554598883
2025-08-03 22:40:07,754 - INFO - ----------------------------------------------------------------------------------------------------------------------------------------------
2025-08-03 22:40:07,754 - INFO - Starting student_dim=7
2025-08-03 22:40:07,754 - INFO - Starting seed=0
2025-08-03 22:40:07,755 - INFO - A_teacher is 0.48532047867774963
2025-08-03 22:40:07,760 - INFO - Starting G&C
2025-08-03 22:40:12,386 - INFO - Finished G&C, time elapsed=4.626555919647217s
2025-08-03 22:40:12,386 - INFO - Finished seed=0
2025-08-03 22:40:12,387 - INFO - Starting seed=1
2025-08-03 22:40:12,388 - INFO - A_teacher is 0.6540995836257935
2025-08-03 22:40:12,389 - INFO - Starting G&C
2025-08-03 22:40:16,954 - INFO - Finished G&C, time elapsed=4.5652689933776855s
2025-08-03 22:40:16,954 - INFO - Finished seed=1
2025-08-03 22:40:16,954 - INFO - Starting seed=2
2025-08-03 22:40:16,955 - INFO - A_teacher is 0.5661352276802063
2025-08-03 22:40:16,956 - INFO - Starting G&C
2025-08-03 22:40:21,502 - INFO - Finished G&C, time elapsed=4.545737981796265s
2025-08-03 22:40:21,502 - INFO - Finished seed=2
2025-08-03 22:40:21,502 - INFO - Starting seed=3
2025-08-03 22:40:21,503 - INFO - A_teacher is 0.539229691028595
2025-08-03 22:40:21,504 - INFO - Starting G&C
2025-08-03 22:40:26,059 - INFO - Finished G&C, time elapsed=4.554762125015259s
2025-08-03 22:40:26,059 - INFO - Finished seed=3
2025-08-03 22:40:26,059 - INFO - Starting seed=4
2025-08-03 22:40:26,060 - INFO - A_teacher is 0.5803276300430298
2025-08-03 22:40:26,061 - INFO - Starting G&C
2025-08-03 22:40:30,610 - INFO - Finished G&C, time elapsed=4.548512935638428s
2025-08-03 22:40:30,610 - INFO - Finished seed=4
2025-08-03 22:40:30,610 - INFO - Starting seed=5
2025-08-03 22:40:30,611 - INFO - A_teacher is 0.33947238326072693
2025-08-03 22:40:30,612 - INFO - Starting G&C
2025-08-03 22:40:35,169 - INFO - Finished G&C, time elapsed=4.556151866912842s
2025-08-03 22:40:35,169 - INFO - Finished seed=5
2025-08-03 22:40:35,169 - INFO - Starting seed=6
2025-08-03 22:40:35,170 - INFO - A_teacher is 0.45132192969322205
2025-08-03 22:40:35,171 - INFO - Starting G&C
2025-08-03 22:40:39,745 - INFO - Finished G&C, time elapsed=4.5740039348602295s
2025-08-03 22:40:39,745 - INFO - Finished seed=6
2025-08-03 22:40:39,745 - INFO - Starting seed=7
2025-08-03 22:40:39,746 - INFO - A_teacher is 0.31256014108657837
2025-08-03 22:40:39,747 - INFO - Starting G&C
2025-08-03 22:40:44,311 - INFO - Finished G&C, time elapsed=4.563376188278198s
2025-08-03 22:40:44,311 - INFO - Finished seed=7
2025-08-03 22:40:44,311 - INFO - ----------------------------------------------------------------------------------------------------------------------------------------------
2025-08-03 22:40:44,311 - INFO - ----------------------------------------------------------------------------------------------------------------------------------------------
2025-08-03 22:40:44,311 - INFO - Finished student_dim=7
2025-08-03 22:40:44,311 - INFO - G&C avg gen_loss = 1.0445861501628244
2025-08-03 22:40:44,311 - INFO - ----------------------------------------------------------------------------------------------------------------------------------------------
2025-08-03 22:40:44,311 - INFO - Starting student_dim=8
2025-08-03 22:40:44,311 - INFO - Starting seed=0
2025-08-03 22:40:44,312 - INFO - A_teacher is 0.48532047867774963
2025-08-03 22:40:44,316 - INFO - Starting G&C
2025-08-03 22:40:49,150 - INFO - Finished G&C, time elapsed=4.833348989486694s
2025-08-03 22:40:49,150 - INFO - Finished seed=0
2025-08-03 22:40:49,150 - INFO - Starting seed=1
2025-08-03 22:40:49,151 - INFO - A_teacher is 0.6540995836257935
2025-08-03 22:40:49,152 - INFO - Starting G&C
2025-08-03 22:40:53,885 - INFO - Finished G&C, time elapsed=4.732961177825928s
2025-08-03 22:40:53,885 - INFO - Finished seed=1
2025-08-03 22:40:53,885 - INFO - Starting seed=2
2025-08-03 22:40:53,886 - INFO - A_teacher is 0.5661352276802063
2025-08-03 22:40:53,887 - INFO - Starting G&C
2025-08-03 22:40:58,668 - INFO - Finished G&C, time elapsed=4.780706167221069s
2025-08-03 22:40:58,668 - INFO - Finished seed=2
2025-08-03 22:40:58,668 - INFO - Starting seed=3
2025-08-03 22:40:58,669 - INFO - A_teacher is 0.539229691028595
2025-08-03 22:40:58,670 - INFO - Starting G&C
2025-08-03 22:41:03,468 - INFO - Finished G&C, time elapsed=4.797333002090454s
2025-08-03 22:41:03,468 - INFO - Finished seed=3
2025-08-03 22:41:03,468 - INFO - Starting seed=4
2025-08-03 22:41:03,469 - INFO - A_teacher is 0.5803276300430298
2025-08-03 22:41:03,470 - INFO - Starting G&C
2025-08-03 22:41:08,245 - INFO - Finished G&C, time elapsed=4.7750701904296875s
2025-08-03 22:41:08,245 - INFO - Finished seed=4
2025-08-03 22:41:08,245 - INFO - Starting seed=5
2025-08-03 22:41:08,246 - INFO - A_teacher is 0.33947238326072693
2025-08-03 22:41:08,248 - INFO - Starting G&C
2025-08-03 22:41:13,012 - INFO - Finished G&C, time elapsed=4.764075756072998s
2025-08-03 22:41:13,012 - INFO - Finished seed=5
2025-08-03 22:41:13,012 - INFO - Starting seed=6
2025-08-03 22:41:13,013 - INFO - A_teacher is 0.45132192969322205
2025-08-03 22:41:13,014 - INFO - Starting G&C
2025-08-03 22:41:17,763 - INFO - Finished G&C, time elapsed=4.748948335647583s
2025-08-03 22:41:17,763 - INFO - Finished seed=6
2025-08-03 22:41:17,763 - INFO - Starting seed=7
2025-08-03 22:41:17,786 - INFO - A_teacher is 0.31256014108657837
2025-08-03 22:41:17,788 - INFO - Starting G&C
2025-08-03 22:41:22,543 - INFO - Finished G&C, time elapsed=4.755183219909668s
2025-08-03 22:41:22,543 - INFO - Finished seed=7
2025-08-03 22:41:22,543 - INFO - ----------------------------------------------------------------------------------------------------------------------------------------------
2025-08-03 22:41:22,543 - INFO - ----------------------------------------------------------------------------------------------------------------------------------------------
2025-08-03 22:41:22,543 - INFO - Finished student_dim=8
2025-08-03 22:41:22,543 - INFO - G&C avg gen_loss = 0.9474671995959362
2025-08-03 22:41:22,543 - INFO - ----------------------------------------------------------------------------------------------------------------------------------------------
2025-08-03 22:41:22,543 - INFO - Starting student_dim=9
2025-08-03 22:41:22,543 - INFO - Starting seed=0
2025-08-03 22:41:22,544 - INFO - A_teacher is 0.48532047867774963
2025-08-03 22:41:22,548 - INFO - Starting G&C
2025-08-03 22:41:27,871 - INFO - Finished G&C, time elapsed=5.3237128257751465s
2025-08-03 22:41:27,873 - INFO - Finished seed=0
2025-08-03 22:41:27,873 - INFO - Starting seed=1
2025-08-03 22:41:27,874 - INFO - A_teacher is 0.6540995836257935
2025-08-03 22:41:27,875 - INFO - Starting G&C
2025-08-03 22:41:32,801 - INFO - Finished G&C, time elapsed=4.925447940826416s
2025-08-03 22:41:32,801 - INFO - Finished seed=1
2025-08-03 22:41:32,801 - INFO - Starting seed=2
2025-08-03 22:41:32,802 - INFO - A_teacher is 0.5661352276802063
2025-08-03 22:41:32,803 - INFO - Starting G&C
2025-08-03 22:41:37,678 - INFO - Finished G&C, time elapsed=4.8751609325408936s
2025-08-03 22:41:37,678 - INFO - Finished seed=2
2025-08-03 22:41:37,678 - INFO - Starting seed=3
2025-08-03 22:41:37,679 - INFO - A_teacher is 0.539229691028595
2025-08-03 22:41:37,681 - INFO - Starting G&C
2025-08-03 22:41:42,537 - INFO - Finished G&C, time elapsed=4.855949640274048s
2025-08-03 22:41:42,537 - INFO - Finished seed=3
2025-08-03 22:41:42,537 - INFO - Starting seed=4
2025-08-03 22:41:42,544 - INFO - A_teacher is 0.5803276300430298
2025-08-03 22:41:42,547 - INFO - Starting G&C
2025-08-03 22:41:47,595 - INFO - Finished G&C, time elapsed=5.047632932662964s
2025-08-03 22:41:47,595 - INFO - Finished seed=4
2025-08-03 22:41:47,595 - INFO - Starting seed=5
2025-08-03 22:41:47,596 - INFO - A_teacher is 0.33947238326072693
2025-08-03 22:41:47,597 - INFO - Starting G&C
2025-08-03 22:41:52,614 - INFO - Finished G&C, time elapsed=5.016131162643433s
2025-08-03 22:41:52,614 - INFO - Finished seed=5
2025-08-03 22:41:52,614 - INFO - Starting seed=6
2025-08-03 22:41:52,615 - INFO - A_teacher is 0.45132192969322205
2025-08-03 22:41:52,616 - INFO - Starting G&C
2025-08-03 22:41:57,527 - INFO - Finished G&C, time elapsed=4.911363124847412s
2025-08-03 22:41:57,527 - INFO - Finished seed=6
2025-08-03 22:41:57,528 - INFO - Starting seed=7
2025-08-03 22:41:57,528 - INFO - A_teacher is 0.31256014108657837
2025-08-03 22:41:57,530 - INFO - Starting G&C
2025-08-03 22:42:02,439 - INFO - Finished G&C, time elapsed=4.909816026687622s
2025-08-03 22:42:02,440 - INFO - Finished seed=7
2025-08-03 22:42:02,440 - INFO - ----------------------------------------------------------------------------------------------------------------------------------------------
2025-08-03 22:42:02,440 - INFO - ----------------------------------------------------------------------------------------------------------------------------------------------
2025-08-03 22:42:02,440 - INFO - Finished student_dim=9
2025-08-03 22:42:02,440 - INFO - G&C avg gen_loss = 1.0006646061518638
2025-08-03 22:42:02,440 - INFO - ----------------------------------------------------------------------------------------------------------------------------------------------
2025-08-03 22:42:02,440 - INFO - Starting student_dim=10
2025-08-03 22:42:02,440 - INFO - Starting seed=0
2025-08-03 22:42:02,441 - INFO - A_teacher is 0.48532047867774963
2025-08-03 22:42:02,452 - INFO - Starting G&C
2025-08-03 22:42:08,701 - INFO - Finished G&C, time elapsed=6.248581886291504s
2025-08-03 22:42:08,701 - INFO - Finished seed=0
2025-08-03 22:42:08,702 - INFO - Starting seed=1
2025-08-03 22:42:08,705 - INFO - A_teacher is 0.6540995836257935
2025-08-03 22:42:08,707 - INFO - Starting G&C
2025-08-03 22:42:14,404 - INFO - Finished G&C, time elapsed=5.69722318649292s
2025-08-03 22:42:14,405 - INFO - Finished seed=1
2025-08-03 22:42:14,405 - INFO - Starting seed=2
2025-08-03 22:42:14,406 - INFO - A_teacher is 0.5661352276802063
2025-08-03 22:42:14,409 - INFO - Starting G&C
2025-08-03 22:42:20,099 - INFO - Finished G&C, time elapsed=5.689808130264282s
2025-08-03 22:42:20,099 - INFO - Finished seed=2
2025-08-03 22:42:20,100 - INFO - Starting seed=3
2025-08-03 22:42:20,101 - INFO - A_teacher is 0.539229691028595
2025-08-03 22:42:20,104 - INFO - Starting G&C
2025-08-03 22:42:25,580 - INFO - Finished G&C, time elapsed=5.476264953613281s
2025-08-03 22:42:25,580 - INFO - Finished seed=3
2025-08-03 22:42:25,580 - INFO - Starting seed=4
2025-08-03 22:42:25,582 - INFO - A_teacher is 0.5803276300430298
2025-08-03 22:42:25,583 - INFO - Starting G&C
2025-08-03 22:42:30,960 - INFO - Finished G&C, time elapsed=5.3770527839660645s
2025-08-03 22:42:30,960 - INFO - Finished seed=4
2025-08-03 22:42:30,961 - INFO - Starting seed=5
2025-08-03 22:42:30,962 - INFO - A_teacher is 0.33947238326072693
2025-08-03 22:42:30,963 - INFO - Starting G&C
2025-08-03 22:42:36,350 - INFO - Finished G&C, time elapsed=5.38759708404541s
2025-08-03 22:42:36,351 - INFO - Finished seed=5
2025-08-03 22:42:36,351 - INFO - Starting seed=6
2025-08-03 22:42:36,352 - INFO - A_teacher is 0.45132192969322205
2025-08-03 22:42:36,353 - INFO - Starting G&C
2025-08-03 22:42:41,647 - INFO - Finished G&C, time elapsed=5.293867826461792s
2025-08-03 22:42:41,648 - INFO - Finished seed=6
2025-08-03 22:42:41,648 - INFO - Starting seed=7
2025-08-03 22:42:41,649 - INFO - A_teacher is 0.31256014108657837
2025-08-03 22:42:41,650 - INFO - Starting G&C
2025-08-03 22:42:47,159 - INFO - Finished G&C, time elapsed=5.509305715560913s
2025-08-03 22:42:47,159 - INFO - Finished seed=7
2025-08-03 22:42:47,160 - INFO - ----------------------------------------------------------------------------------------------------------------------------------------------
2025-08-03 22:42:47,160 - INFO - ----------------------------------------------------------------------------------------------------------------------------------------------
2025-08-03 22:42:47,160 - INFO - Finished student_dim=10
2025-08-03 22:42:47,160 - INFO - G&C avg gen_loss = 0.9624361272833583
2025-08-03 22:42:47,160 - INFO - ----------------------------------------------------------------------------------------------------------------------------------------------
2025-08-03 22:42:47,160 - INFO - Starting student_dim=11
2025-08-03 22:42:47,160 - INFO - Starting seed=0
2025-08-03 22:42:47,178 - INFO - A_teacher is 0.48532047867774963
2025-08-03 22:42:47,183 - INFO - Starting G&C
2025-08-03 22:42:53,678 - INFO - Finished G&C, time elapsed=6.484464883804321s
2025-08-03 22:42:53,678 - INFO - Finished seed=0
2025-08-03 22:42:53,680 - INFO - Starting seed=1
2025-08-03 22:42:53,685 - INFO - A_teacher is 0.6540995836257935
2025-08-03 22:42:53,690 - INFO - Starting G&C
2025-08-03 22:42:59,739 - INFO - Finished G&C, time elapsed=6.0487611293792725s
2025-08-03 22:42:59,740 - INFO - Finished seed=1
2025-08-03 22:42:59,741 - INFO - Starting seed=2
2025-08-03 22:42:59,743 - INFO - A_teacher is 0.5661352276802063
2025-08-03 22:42:59,746 - INFO - Starting G&C
2025-08-03 22:43:05,996 - INFO - Finished G&C, time elapsed=6.24981689453125s
2025-08-03 22:43:05,997 - INFO - Finished seed=2
2025-08-03 22:43:05,998 - INFO - Starting seed=3
2025-08-03 22:43:05,999 - INFO - A_teacher is 0.539229691028595
2025-08-03 22:43:06,002 - INFO - Starting G&C
2025-08-03 22:43:12,171 - INFO - Finished G&C, time elapsed=6.1690287590026855s
2025-08-03 22:43:12,172 - INFO - Finished seed=3
2025-08-03 22:43:12,173 - INFO - Starting seed=4
2025-08-03 22:43:12,175 - INFO - A_teacher is 0.5803276300430298
2025-08-03 22:43:12,178 - INFO - Starting G&C
2025-08-03 22:43:18,300 - INFO - Finished G&C, time elapsed=6.121796131134033s
2025-08-03 22:43:18,300 - INFO - Finished seed=4
2025-08-03 22:43:18,301 - INFO - Starting seed=5
2025-08-03 22:43:18,312 - INFO - A_teacher is 0.33947238326072693
2025-08-03 22:43:18,317 - INFO - Starting G&C
2025-08-03 22:43:24,542 - INFO - Finished G&C, time elapsed=6.224524021148682s
2025-08-03 22:43:24,542 - INFO - Finished seed=5
2025-08-03 22:43:24,543 - INFO - Starting seed=6
2025-08-03 22:43:24,545 - INFO - A_teacher is 0.45132192969322205
2025-08-03 22:43:24,547 - INFO - Starting G&C
2025-08-03 22:43:30,746 - INFO - Finished G&C, time elapsed=6.198410987854004s
2025-08-03 22:43:30,747 - INFO - Finished seed=6
2025-08-03 22:43:30,747 - INFO - Starting seed=7
2025-08-03 22:43:30,750 - INFO - A_teacher is 0.31256014108657837
2025-08-03 22:43:30,753 - INFO - Starting G&C
2025-08-03 22:43:36,990 - INFO - Finished G&C, time elapsed=6.2366557121276855s
2025-08-03 22:43:36,991 - INFO - Finished seed=7
2025-08-03 22:43:36,991 - INFO - ----------------------------------------------------------------------------------------------------------------------------------------------
2025-08-03 22:43:36,991 - INFO - ----------------------------------------------------------------------------------------------------------------------------------------------
2025-08-03 22:43:36,991 - INFO - Finished student_dim=11
2025-08-03 22:43:36,992 - INFO - G&C avg gen_loss = 0.9268481876778534
2025-08-03 22:43:36,992 - INFO - ----------------------------------------------------------------------------------------------------------------------------------------------
2025-08-03 22:43:36,992 - INFO - Starting student_dim=12
2025-08-03 22:43:36,992 - INFO - Starting seed=0
2025-08-03 22:43:36,993 - INFO - A_teacher is 0.48532047867774963
2025-08-03 22:43:37,000 - INFO - Starting G&C
2025-08-03 22:43:45,093 - INFO - Finished G&C, time elapsed=8.0935640335083s
2025-08-03 22:43:45,094 - INFO - Finished seed=0
2025-08-03 22:43:45,094 - INFO - Starting seed=1
2025-08-03 22:43:45,097 - INFO - A_teacher is 0.6540995836257935
2025-08-03 22:43:45,100 - INFO - Starting G&C
2025-08-03 22:43:51,119 - INFO - Finished G&C, time elapsed=6.019450902938843s
2025-08-03 22:43:51,120 - INFO - Finished seed=1
2025-08-03 22:43:51,120 - INFO - Starting seed=2
2025-08-03 22:43:51,122 - INFO - A_teacher is 0.5661352276802063
2025-08-03 22:43:51,125 - INFO - Starting G&C
2025-08-03 22:43:57,012 - INFO - Finished G&C, time elapsed=5.887196063995361s
2025-08-03 22:43:57,013 - INFO - Finished seed=2
2025-08-03 22:43:57,013 - INFO - Starting seed=3
2025-08-03 22:43:57,014 - INFO - A_teacher is 0.539229691028595
2025-08-03 22:43:57,016 - INFO - Starting G&C
2025-08-03 22:44:03,244 - INFO - Finished G&C, time elapsed=6.227512836456299s
2025-08-03 22:44:03,244 - INFO - Finished seed=3
2025-08-03 22:44:03,244 - INFO - Starting seed=4
2025-08-03 22:44:03,246 - INFO - A_teacher is 0.5803276300430298
2025-08-03 22:44:03,248 - INFO - Starting G&C
2025-08-03 22:44:09,663 - INFO - Finished G&C, time elapsed=6.414395809173584s
2025-08-03 22:44:09,664 - INFO - Finished seed=4
2025-08-03 22:44:09,664 - INFO - Starting seed=5
2025-08-03 22:44:09,666 - INFO - A_teacher is 0.33947238326072693
2025-08-03 22:44:09,668 - INFO - Starting G&C
2025-08-03 22:44:15,743 - INFO - Finished G&C, time elapsed=6.0746910572052s
2025-08-03 22:44:15,743 - INFO - Finished seed=5
2025-08-03 22:44:15,744 - INFO - Starting seed=6
2025-08-03 22:44:15,745 - INFO - A_teacher is 0.45132192969322205
2025-08-03 22:44:15,747 - INFO - Starting G&C
2025-08-03 22:44:22,183 - INFO - Finished G&C, time elapsed=6.4349610805511475s
2025-08-03 22:44:22,183 - INFO - Finished seed=6
2025-08-03 22:44:22,184 - INFO - Starting seed=7
2025-08-03 22:44:22,187 - INFO - A_teacher is 0.31256014108657837
2025-08-03 22:44:22,189 - INFO - Starting G&C
2025-08-03 22:44:28,568 - INFO - Finished G&C, time elapsed=6.378999948501587s
2025-08-03 22:44:28,568 - INFO - Finished seed=7
2025-08-03 22:44:28,569 - INFO - ----------------------------------------------------------------------------------------------------------------------------------------------
2025-08-03 22:44:28,569 - INFO - ----------------------------------------------------------------------------------------------------------------------------------------------
2025-08-03 22:44:28,569 - INFO - Finished student_dim=12
2025-08-03 22:44:28,569 - INFO - G&C avg gen_loss = 1.0414489978046082
2025-08-03 22:44:28,569 - INFO - ----------------------------------------------------------------------------------------------------------------------------------------------
2025-08-03 22:44:28,569 - INFO - Starting student_dim=13
2025-08-03 22:44:28,569 - INFO - Starting seed=0
2025-08-03 22:44:28,571 - INFO - A_teacher is 0.48532047867774963
2025-08-03 22:44:28,577 - INFO - Starting G&C
2025-08-03 22:44:35,875 - INFO - Finished G&C, time elapsed=7.2970380783081055s
2025-08-03 22:44:35,875 - INFO - Finished seed=0
2025-08-03 22:44:35,876 - INFO - Starting seed=1
2025-08-03 22:44:35,877 - INFO - A_teacher is 0.6540995836257935
2025-08-03 22:44:35,880 - INFO - Starting G&C
2025-08-03 22:44:42,485 - INFO - Finished G&C, time elapsed=6.605437994003296s
2025-08-03 22:44:42,485 - INFO - Finished seed=1
2025-08-03 22:44:42,486 - INFO - Starting seed=2
2025-08-03 22:44:42,487 - INFO - A_teacher is 0.5661352276802063
2025-08-03 22:44:42,490 - INFO - Starting G&C
2025-08-03 22:44:49,215 - INFO - Finished G&C, time elapsed=6.724722862243652s
2025-08-03 22:44:49,215 - INFO - Finished seed=2
2025-08-03 22:44:49,216 - INFO - Starting seed=3
2025-08-03 22:44:49,217 - INFO - A_teacher is 0.539229691028595
2025-08-03 22:44:49,220 - INFO - Starting G&C
2025-08-03 22:44:56,067 - INFO - Finished G&C, time elapsed=6.84729790687561s
2025-08-03 22:44:56,068 - INFO - Finished seed=3
2025-08-03 22:44:56,068 - INFO - Starting seed=4
2025-08-03 22:44:56,069 - INFO - A_teacher is 0.5803276300430298
2025-08-03 22:44:56,071 - INFO - Starting G&C
2025-08-03 22:45:02,908 - INFO - Finished G&C, time elapsed=6.836019277572632s
2025-08-03 22:45:02,909 - INFO - Finished seed=4
2025-08-03 22:45:02,909 - INFO - Starting seed=5
2025-08-03 22:45:02,910 - INFO - A_teacher is 0.33947238326072693
2025-08-03 22:45:02,913 - INFO - Starting G&C
2025-08-03 22:45:09,778 - INFO - Finished G&C, time elapsed=6.864770889282227s
2025-08-03 22:45:09,778 - INFO - Finished seed=5
2025-08-03 22:45:09,779 - INFO - Starting seed=6
2025-08-03 22:45:09,780 - INFO - A_teacher is 0.45132192969322205
2025-08-03 22:45:09,782 - INFO - Starting G&C
2025-08-03 22:45:16,619 - INFO - Finished G&C, time elapsed=6.8365478515625s
2025-08-03 22:45:16,620 - INFO - Finished seed=6
2025-08-03 22:45:16,620 - INFO - Starting seed=7
2025-08-03 22:45:16,622 - INFO - A_teacher is 0.31256014108657837
2025-08-03 22:45:16,624 - INFO - Starting G&C
2025-08-03 22:45:23,486 - INFO - Finished G&C, time elapsed=6.8623998165130615s
2025-08-03 22:45:23,487 - INFO - Finished seed=7
2025-08-03 22:45:23,487 - INFO - ----------------------------------------------------------------------------------------------------------------------------------------------
2025-08-03 22:45:23,487 - INFO - ----------------------------------------------------------------------------------------------------------------------------------------------
2025-08-03 22:45:23,487 - INFO - Finished student_dim=13
2025-08-03 22:45:23,487 - INFO - G&C avg gen_loss = 1.1093211456735932
2025-08-03 22:45:23,487 - INFO - ----------------------------------------------------------------------------------------------------------------------------------------------
2025-08-03 22:45:23,487 - INFO - Starting student_dim=14
2025-08-03 22:45:23,488 - INFO - Starting seed=0
2025-08-03 22:45:23,489 - INFO - A_teacher is 0.48532047867774963
2025-08-03 22:45:23,495 - INFO - Starting G&C
2025-08-03 22:45:31,212 - INFO - Finished G&C, time elapsed=7.716630935668945s
2025-08-03 22:45:31,213 - INFO - Finished seed=0
2025-08-03 22:45:31,213 - INFO - Starting seed=1
2025-08-03 22:45:31,215 - INFO - A_teacher is 0.6540995836257935
2025-08-03 22:45:31,218 - INFO - Starting G&C
2025-08-03 22:45:38,096 - INFO - Finished G&C, time elapsed=6.878002882003784s
2025-08-03 22:45:38,097 - INFO - Finished seed=1
2025-08-03 22:45:38,097 - INFO - Starting seed=2
2025-08-03 22:45:38,099 - INFO - A_teacher is 0.5661352276802063
2025-08-03 22:45:38,101 - INFO - Starting G&C
2025-08-03 22:45:45,014 - INFO - Finished G&C, time elapsed=6.912738084793091s
2025-08-03 22:45:45,015 - INFO - Finished seed=2
2025-08-03 22:45:45,015 - INFO - Starting seed=3
2025-08-03 22:45:45,016 - INFO - A_teacher is 0.539229691028595
2025-08-03 22:45:45,019 - INFO - Starting G&C
2025-08-03 22:45:52,007 - INFO - Finished G&C, time elapsed=6.988497972488403s
2025-08-03 22:45:52,009 - INFO - Finished seed=3
2025-08-03 22:45:52,009 - INFO - Starting seed=4
2025-08-03 22:45:52,010 - INFO - A_teacher is 0.5803276300430298
2025-08-03 22:45:52,013 - INFO - Starting G&C
2025-08-03 22:45:58,918 - INFO - Finished G&C, time elapsed=6.904803037643433s
2025-08-03 22:45:58,918 - INFO - Finished seed=4
2025-08-03 22:45:58,919 - INFO - Starting seed=5
2025-08-03 22:45:58,921 - INFO - A_teacher is 0.33947238326072693
2025-08-03 22:45:58,924 - INFO - Starting G&C
2025-08-03 22:46:05,889 - INFO - Finished G&C, time elapsed=6.964824199676514s
2025-08-03 22:46:05,890 - INFO - Finished seed=5
2025-08-03 22:46:05,890 - INFO - Starting seed=6
2025-08-03 22:46:05,892 - INFO - A_teacher is 0.45132192969322205
2025-08-03 22:46:05,895 - INFO - Starting G&C
2025-08-03 22:46:12,890 - INFO - Finished G&C, time elapsed=6.995426893234253s
2025-08-03 22:46:12,892 - INFO - Finished seed=6
2025-08-03 22:46:12,892 - INFO - Starting seed=7
2025-08-03 22:46:12,893 - INFO - A_teacher is 0.31256014108657837
2025-08-03 22:46:12,896 - INFO - Starting G&C
2025-08-03 22:46:20,090 - INFO - Finished G&C, time elapsed=7.193850040435791s
2025-08-03 22:46:20,090 - INFO - Finished seed=7
2025-08-03 22:46:20,091 - INFO - ----------------------------------------------------------------------------------------------------------------------------------------------
2025-08-03 22:46:20,091 - INFO - ----------------------------------------------------------------------------------------------------------------------------------------------
2025-08-03 22:46:20,091 - INFO - Finished student_dim=14
2025-08-03 22:46:20,096 - INFO - G&C avg gen_loss = 1.110106067078824
2025-08-03 22:46:20,096 - INFO - ----------------------------------------------------------------------------------------------------------------------------------------------
2025-08-03 22:46:20,096 - INFO - Starting student_dim=15
2025-08-03 22:46:20,098 - INFO - Starting seed=0
2025-08-03 22:46:20,099 - INFO - A_teacher is 0.48532047867774963
2025-08-03 22:46:20,110 - INFO - Starting G&C
2025-08-03 22:46:27,683 - INFO - Finished G&C, time elapsed=7.572904825210571s
2025-08-03 22:46:27,684 - INFO - Finished seed=0
2025-08-03 22:46:27,684 - INFO - Starting seed=1
2025-08-03 22:46:27,686 - INFO - A_teacher is 0.6540995836257935
2025-08-03 22:46:27,688 - INFO - Starting G&C
2025-08-03 22:46:34,629 - INFO - Finished G&C, time elapsed=6.940185070037842s
2025-08-03 22:46:34,630 - INFO - Finished seed=1
2025-08-03 22:46:34,630 - INFO - Starting seed=2
2025-08-03 22:46:34,632 - INFO - A_teacher is 0.5661352276802063
2025-08-03 22:46:34,634 - INFO - Starting G&C
2025-08-03 22:46:41,511 - INFO - Finished G&C, time elapsed=6.8766257762908936s
2025-08-03 22:46:41,511 - INFO - Finished seed=2
2025-08-03 22:46:41,511 - INFO - Starting seed=3
2025-08-03 22:46:41,513 - INFO - A_teacher is 0.539229691028595
2025-08-03 22:46:41,516 - INFO - Starting G&C
2025-08-03 22:46:48,598 - INFO - Finished G&C, time elapsed=7.082381963729858s
2025-08-03 22:46:48,599 - INFO - Finished seed=3
2025-08-03 22:46:48,599 - INFO - Starting seed=4
2025-08-03 22:46:48,601 - INFO - A_teacher is 0.5803276300430298
2025-08-03 22:46:48,603 - INFO - Starting G&C
2025-08-03 22:46:55,723 - INFO - Finished G&C, time elapsed=7.119534254074097s
2025-08-03 22:46:55,723 - INFO - Finished seed=4
2025-08-03 22:46:55,724 - INFO - Starting seed=5
2025-08-03 22:46:55,727 - INFO - A_teacher is 0.33947238326072693
2025-08-03 22:46:55,729 - INFO - Starting G&C
2025-08-03 22:47:02,435 - INFO - Finished G&C, time elapsed=6.705934047698975s
2025-08-03 22:47:02,436 - INFO - Finished seed=5
2025-08-03 22:47:02,436 - INFO - Starting seed=6
2025-08-03 22:47:02,438 - INFO - A_teacher is 0.45132192969322205
2025-08-03 22:47:02,440 - INFO - Starting G&C
2025-08-03 22:47:09,093 - INFO - Finished G&C, time elapsed=6.652420997619629s
2025-08-03 22:47:09,093 - INFO - Finished seed=6
2025-08-03 22:47:09,094 - INFO - Starting seed=7
2025-08-03 22:47:09,095 - INFO - A_teacher is 0.31256014108657837
2025-08-03 22:47:09,098 - INFO - Starting G&C
2025-08-03 22:47:15,780 - INFO - Finished G&C, time elapsed=6.681830883026123s
2025-08-03 22:47:15,780 - INFO - Finished seed=7
2025-08-03 22:47:15,781 - INFO - ----------------------------------------------------------------------------------------------------------------------------------------------
2025-08-03 22:47:15,781 - INFO - ----------------------------------------------------------------------------------------------------------------------------------------------
2025-08-03 22:47:15,781 - INFO - Finished student_dim=15
2025-08-03 22:47:15,781 - INFO - G&C avg gen_loss = 1.0717409549843941
2025-08-03 22:47:15,781 - INFO - ----------------------------------------------------------------------------------------------------------------------------------------------
2025-08-03 22:47:15,781 - INFO - Starting student_dim=16
2025-08-03 22:47:15,781 - INFO - Starting seed=0
2025-08-03 22:47:15,783 - INFO - A_teacher is 0.48532047867774963
2025-08-03 22:47:15,789 - INFO - Starting G&C
2025-08-03 22:47:25,386 - INFO - Finished G&C, time elapsed=9.596728801727295s
2025-08-03 22:47:25,387 - INFO - Finished seed=0
2025-08-03 22:47:25,387 - INFO - Starting seed=1
2025-08-03 22:47:25,389 - INFO - A_teacher is 0.6540995836257935
2025-08-03 22:47:25,391 - INFO - Starting G&C
2025-08-03 22:47:32,703 - INFO - Finished G&C, time elapsed=7.31171989440918s
2025-08-03 22:47:32,704 - INFO - Finished seed=1
2025-08-03 22:47:32,704 - INFO - Starting seed=2
2025-08-03 22:47:32,706 - INFO - A_teacher is 0.5661352276802063
2025-08-03 22:47:32,709 - INFO - Starting G&C
2025-08-03 22:47:39,922 - INFO - Finished G&C, time elapsed=7.213293790817261s
2025-08-03 22:47:39,923 - INFO - Finished seed=2
2025-08-03 22:47:39,923 - INFO - Starting seed=3
2025-08-03 22:47:39,925 - INFO - A_teacher is 0.539229691028595
2025-08-03 22:47:39,927 - INFO - Starting G&C
2025-08-03 22:47:47,094 - INFO - Finished G&C, time elapsed=7.166903972625732s
2025-08-03 22:47:47,095 - INFO - Finished seed=3
2025-08-03 22:47:47,095 - INFO - Starting seed=4
2025-08-03 22:47:47,097 - INFO - A_teacher is 0.5803276300430298
2025-08-03 22:47:47,100 - INFO - Starting G&C
2025-08-03 22:47:54,315 - INFO - Finished G&C, time elapsed=7.214393138885498s
2025-08-03 22:47:54,316 - INFO - Finished seed=4
2025-08-03 22:47:54,316 - INFO - Starting seed=5
2025-08-03 22:47:54,317 - INFO - A_teacher is 0.33947238326072693
2025-08-03 22:47:54,320 - INFO - Starting G&C
2025-08-03 22:48:01,607 - INFO - Finished G&C, time elapsed=7.286319017410278s
2025-08-03 22:48:01,607 - INFO - Finished seed=5
2025-08-03 22:48:01,607 - INFO - Starting seed=6
2025-08-03 22:48:01,609 - INFO - A_teacher is 0.45132192969322205
2025-08-03 22:48:01,611 - INFO - Starting G&C
2025-08-03 22:48:08,930 - INFO - Finished G&C, time elapsed=7.319339990615845s
2025-08-03 22:48:08,931 - INFO - Finished seed=6
2025-08-03 22:48:08,931 - INFO - Starting seed=7
2025-08-03 22:48:08,933 - INFO - A_teacher is 0.31256014108657837
2025-08-03 22:48:08,935 - INFO - Starting G&C
2025-08-03 22:48:16,232 - INFO - Finished G&C, time elapsed=7.2966978549957275s
2025-08-03 22:48:16,233 - INFO - Finished seed=7
2025-08-03 22:48:16,233 - INFO - ----------------------------------------------------------------------------------------------------------------------------------------------
2025-08-03 22:48:16,233 - INFO - ----------------------------------------------------------------------------------------------------------------------------------------------
2025-08-03 22:48:16,233 - INFO - Finished student_dim=16
2025-08-03 22:48:16,234 - INFO - G&C avg gen_loss = 1.0742451363914771
2025-08-03 22:48:16,234 - INFO - ----------------------------------------------------------------------------------------------------------------------------------------------
2025-08-03 22:48:16,234 - INFO - Starting student_dim=17
2025-08-03 22:48:16,234 - INFO - Starting seed=0
2025-08-03 22:48:16,236 - INFO - A_teacher is 0.48532047867774963
2025-08-03 22:48:16,244 - INFO - Starting G&C
2025-08-03 22:48:25,491 - INFO - Finished G&C, time elapsed=9.247180700302124s
2025-08-03 22:48:25,492 - INFO - Finished seed=0
2025-08-03 22:48:25,493 - INFO - Starting seed=1
2025-08-03 22:48:25,494 - INFO - A_teacher is 0.6540995836257935
2025-08-03 22:48:25,497 - INFO - Starting G&C
2025-08-03 22:48:32,949 - INFO - Finished G&C, time elapsed=7.45238995552063s
2025-08-03 22:48:32,950 - INFO - Finished seed=1
2025-08-03 22:48:32,950 - INFO - Starting seed=2
2025-08-03 22:48:32,952 - INFO - A_teacher is 0.5661352276802063
2025-08-03 22:48:32,955 - INFO - Starting G&C
2025-08-03 22:48:40,449 - INFO - Finished G&C, time elapsed=7.494390964508057s
2025-08-03 22:48:40,450 - INFO - Finished seed=2
2025-08-03 22:48:40,451 - INFO - Starting seed=3
2025-08-03 22:48:40,452 - INFO - A_teacher is 0.539229691028595
2025-08-03 22:48:40,455 - INFO - Starting G&C
2025-08-03 22:48:47,884 - INFO - Finished G&C, time elapsed=7.4289398193359375s
2025-08-03 22:48:47,885 - INFO - Finished seed=3
2025-08-03 22:48:47,885 - INFO - Starting seed=4
2025-08-03 22:48:47,887 - INFO - A_teacher is 0.5803276300430298
2025-08-03 22:48:47,889 - INFO - Starting G&C
2025-08-03 22:48:55,280 - INFO - Finished G&C, time elapsed=7.390932321548462s
2025-08-03 22:48:55,280 - INFO - Finished seed=4
2025-08-03 22:48:55,281 - INFO - Starting seed=5
2025-08-03 22:48:55,282 - INFO - A_teacher is 0.33947238326072693
2025-08-03 22:48:55,285 - INFO - Starting G&C
2025-08-03 22:49:02,740 - INFO - Finished G&C, time elapsed=7.455583095550537s
2025-08-03 22:49:02,741 - INFO - Finished seed=5
2025-08-03 22:49:02,741 - INFO - Starting seed=6
2025-08-03 22:49:02,743 - INFO - A_teacher is 0.45132192969322205
2025-08-03 22:49:02,745 - INFO - Starting G&C
2025-08-03 22:49:10,436 - INFO - Finished G&C, time elapsed=7.690582036972046s
2025-08-03 22:49:10,436 - INFO - Finished seed=6
2025-08-03 22:49:10,437 - INFO - Starting seed=7
2025-08-03 22:49:10,439 - INFO - A_teacher is 0.31256014108657837
2025-08-03 22:49:10,442 - INFO - Starting G&C
2025-08-03 23:04:50,249 - INFO - Finished G&C, time elapsed=939.8066658973694s
2025-08-03 23:04:50,249 - INFO - Finished seed=7
2025-08-03 23:04:50,250 - INFO - ----------------------------------------------------------------------------------------------------------------------------------------------
2025-08-03 23:04:50,250 - INFO - ----------------------------------------------------------------------------------------------------------------------------------------------
2025-08-03 23:04:50,250 - INFO - Finished student_dim=17
2025-08-03 23:04:50,255 - INFO - G&C avg gen_loss = 1.0563784272000842
2025-08-03 23:04:50,255 - INFO - ----------------------------------------------------------------------------------------------------------------------------------------------
2025-08-03 23:04:50,256 - INFO - Starting student_dim=18
2025-08-03 23:04:50,257 - INFO - Starting seed=0
2025-08-03 23:04:50,260 - INFO - A_teacher is 0.48532047867774963
2025-08-03 23:04:50,297 - INFO - Starting G&C
2025-08-03 23:05:07,001 - INFO - Finished G&C, time elapsed=16.70180606842041s
2025-08-03 23:05:07,001 - INFO - Finished seed=0
2025-08-03 23:05:07,004 - INFO - Starting seed=1
2025-08-03 23:05:07,009 - INFO - A_teacher is 0.6540995836257935
2025-08-03 23:05:07,017 - INFO - Starting G&C
2025-08-03 23:05:16,470 - INFO - Finished G&C, time elapsed=9.451287031173706s
2025-08-03 23:05:16,471 - INFO - Finished seed=1
2025-08-03 23:05:16,473 - INFO - Starting seed=2
2025-08-03 23:05:16,478 - INFO - A_teacher is 0.5661352276802063
2025-08-03 23:05:16,485 - INFO - Starting G&C
2025-08-03 23:05:25,453 - INFO - Finished G&C, time elapsed=8.967692136764526s
2025-08-03 23:05:25,453 - INFO - Finished seed=2
2025-08-03 23:05:25,454 - INFO - Starting seed=3
2025-08-03 23:05:25,457 - INFO - A_teacher is 0.539229691028595
2025-08-03 23:05:25,460 - INFO - Starting G&C
2025-08-03 23:05:34,094 - INFO - Finished G&C, time elapsed=8.633639097213745s
2025-08-03 23:05:34,094 - INFO - Finished seed=3
2025-08-03 23:05:34,095 - INFO - Starting seed=4
2025-08-03 23:05:34,099 - INFO - A_teacher is 0.5803276300430298
2025-08-03 23:05:34,102 - INFO - Starting G&C
2025-08-03 23:05:42,409 - INFO - Finished G&C, time elapsed=8.306706190109253s
2025-08-03 23:05:42,409 - INFO - Finished seed=4
2025-08-03 23:05:42,409 - INFO - Starting seed=5
2025-08-03 23:05:42,411 - INFO - A_teacher is 0.33947238326072693
2025-08-03 23:05:42,413 - INFO - Starting G&C
2025-08-03 23:05:51,323 - INFO - Finished G&C, time elapsed=8.909687042236328s
2025-08-03 23:05:51,323 - INFO - Finished seed=5
2025-08-03 23:05:51,324 - INFO - Starting seed=6
2025-08-03 23:05:51,338 - INFO - A_teacher is 0.45132192969322205
2025-08-03 23:05:51,341 - INFO - Starting G&C
2025-08-03 23:06:00,011 - INFO - Finished G&C, time elapsed=8.669965744018555s
2025-08-03 23:06:00,012 - INFO - Finished seed=6
2025-08-03 23:06:00,012 - INFO - Starting seed=7
2025-08-03 23:06:00,015 - INFO - A_teacher is 0.31256014108657837
2025-08-03 23:06:00,018 - INFO - Starting G&C
2025-08-03 23:22:06,306 - INFO - Finished G&C, time elapsed=966.288412809372s
2025-08-03 23:22:06,307 - INFO - Finished seed=7
2025-08-03 23:22:06,307 - INFO - ----------------------------------------------------------------------------------------------------------------------------------------------
2025-08-03 23:22:06,307 - INFO - ----------------------------------------------------------------------------------------------------------------------------------------------
2025-08-03 23:22:06,308 - INFO - Finished student_dim=18
2025-08-03 23:22:06,313 - INFO - G&C avg gen_loss = 1.1156619492625504
2025-08-03 23:22:06,313 - INFO - ----------------------------------------------------------------------------------------------------------------------------------------------
2025-08-03 23:22:06,313 - INFO - Starting student_dim=19
2025-08-03 23:22:06,314 - INFO - Starting seed=0
2025-08-03 23:22:06,317 - INFO - A_teacher is 0.48532047867774963
2025-08-03 23:22:06,326 - INFO - Starting G&C
2025-08-03 23:22:20,129 - INFO - Finished G&C, time elapsed=13.802201986312866s
2025-08-03 23:22:20,129 - INFO - Finished seed=0
2025-08-03 23:22:20,130 - INFO - Starting seed=1
2025-08-03 23:22:20,133 - INFO - A_teacher is 0.6540995836257935
2025-08-03 23:22:20,141 - INFO - Starting G&C
2025-08-03 23:22:30,409 - INFO - Finished G&C, time elapsed=10.268113851547241s
2025-08-03 23:22:30,410 - INFO - Finished seed=1
2025-08-03 23:22:30,410 - INFO - Starting seed=2
2025-08-03 23:22:30,412 - INFO - A_teacher is 0.5661352276802063
2025-08-03 23:22:30,413 - INFO - Starting G&C
2025-08-03 23:22:39,963 - INFO - Finished G&C, time elapsed=9.549093008041382s
2025-08-03 23:22:39,964 - INFO - Finished seed=2
2025-08-03 23:22:39,964 - INFO - Starting seed=3
2025-08-03 23:22:39,965 - INFO - A_teacher is 0.539229691028595
2025-08-03 23:22:39,967 - INFO - Starting G&C
2025-08-03 23:22:49,427 - INFO - Finished G&C, time elapsed=9.45958399772644s
2025-08-03 23:22:49,428 - INFO - Finished seed=3
2025-08-03 23:22:49,428 - INFO - Starting seed=4
2025-08-03 23:22:49,429 - INFO - A_teacher is 0.5803276300430298
2025-08-03 23:22:49,431 - INFO - Starting G&C
2025-08-03 23:22:58,474 - INFO - Finished G&C, time elapsed=9.042949914932251s
2025-08-03 23:22:58,475 - INFO - Finished seed=4
2025-08-03 23:22:58,475 - INFO - Starting seed=5
2025-08-03 23:22:58,482 - INFO - A_teacher is 0.33947238326072693
2025-08-03 23:22:58,484 - INFO - Starting G&C
2025-08-03 23:38:47,411 - INFO - Finished G&C, time elapsed=948.92604804039s
2025-08-03 23:38:47,412 - INFO - Finished seed=5
2025-08-03 23:38:47,413 - INFO - Starting seed=6
2025-08-03 23:38:47,415 - INFO - A_teacher is 0.45132192969322205
2025-08-03 23:38:47,417 - INFO - Starting G&C
2025-08-03 23:38:59,068 - INFO - Finished G&C, time elapsed=11.650092840194702s
2025-08-03 23:38:59,068 - INFO - Finished seed=6
2025-08-03 23:38:59,068 - INFO - Starting seed=7
2025-08-03 23:38:59,071 - INFO - A_teacher is 0.31256014108657837
2025-08-03 23:38:59,073 - INFO - Starting G&C
2025-08-03 23:39:10,105 - INFO - Finished G&C, time elapsed=11.031804323196411s
2025-08-03 23:39:10,106 - INFO - Finished seed=7
2025-08-03 23:39:10,107 - INFO - ----------------------------------------------------------------------------------------------------------------------------------------------
2025-08-03 23:39:10,107 - INFO - ----------------------------------------------------------------------------------------------------------------------------------------------
2025-08-03 23:39:10,107 - INFO - Finished student_dim=19
2025-08-03 23:39:10,115 - INFO - G&C avg gen_loss = 1.150019747675001
2025-08-03 23:39:10,115 - INFO - ----------------------------------------------------------------------------------------------------------------------------------------------
2025-08-03 23:39:10,115 - INFO - Starting student_dim=20
2025-08-03 23:39:10,117 - INFO - Starting seed=0
2025-08-03 23:39:10,120 - INFO - A_teacher is 0.48532047867774963
2025-08-03 23:39:10,156 - INFO - Starting G&C
2025-08-03 23:39:23,121 - INFO - Finished G&C, time elapsed=12.96458387374878s
2025-08-03 23:39:23,122 - INFO - Finished seed=0
2025-08-03 23:39:23,122 - INFO - Starting seed=1
2025-08-03 23:39:23,125 - INFO - A_teacher is 0.6540995836257935
2025-08-03 23:39:23,128 - INFO - Starting G&C
2025-08-03 23:55:08,003 - INFO - Finished G&C, time elapsed=944.8751630783081s
2025-08-03 23:55:08,003 - INFO - Finished seed=1
2025-08-03 23:55:08,004 - INFO - Starting seed=2
2025-08-03 23:55:08,007 - INFO - A_teacher is 0.5661352276802063
2025-08-03 23:55:08,009 - INFO - Starting G&C
2025-08-03 23:55:17,881 - INFO - Finished G&C, time elapsed=9.871506214141846s
2025-08-03 23:55:17,882 - INFO - Finished seed=2
2025-08-03 23:55:17,883 - INFO - Starting seed=3
2025-08-03 23:55:17,886 - INFO - A_teacher is 0.539229691028595
2025-08-03 23:55:17,889 - INFO - Starting G&C
2025-08-03 23:55:26,683 - INFO - Finished G&C, time elapsed=8.793268918991089s
2025-08-03 23:55:26,683 - INFO - Finished seed=3
2025-08-03 23:55:26,683 - INFO - Starting seed=4
2025-08-03 23:55:26,687 - INFO - A_teacher is 0.5803276300430298
2025-08-03 23:55:26,689 - INFO - Starting G&C
2025-08-03 23:55:36,348 - INFO - Finished G&C, time elapsed=9.658752918243408s
2025-08-03 23:55:36,349 - INFO - Finished seed=4
2025-08-03 23:55:36,349 - INFO - Starting seed=5
2025-08-03 23:55:36,352 - INFO - A_teacher is 0.33947238326072693
2025-08-03 23:55:36,355 - INFO - Starting G&C
2025-08-03 23:55:45,870 - INFO - Finished G&C, time elapsed=9.514863014221191s
2025-08-03 23:55:45,870 - INFO - Finished seed=5
2025-08-03 23:55:45,871 - INFO - Starting seed=6
2025-08-03 23:55:45,874 - INFO - A_teacher is 0.45132192969322205
2025-08-03 23:55:45,876 - INFO - Starting G&C
2025-08-04 00:11:55,933 - INFO - Finished G&C, time elapsed=970.056880235672s
2025-08-04 00:11:55,934 - INFO - Finished seed=6
2025-08-04 00:11:55,934 - INFO - Starting seed=7
2025-08-04 00:11:55,937 - INFO - A_teacher is 0.31256014108657837
2025-08-04 00:11:55,940 - INFO - Starting G&C
2025-08-04 00:12:08,692 - INFO - Finished G&C, time elapsed=12.749290943145752s
2025-08-04 00:12:08,693 - INFO - Finished seed=7
2025-08-04 00:12:08,696 - INFO - ----------------------------------------------------------------------------------------------------------------------------------------------
2025-08-04 00:12:08,696 - INFO - ----------------------------------------------------------------------------------------------------------------------------------------------
2025-08-04 00:12:08,696 - INFO - Finished student_dim=20
2025-08-04 00:12:08,702 - INFO - G&C avg gen_loss = 1.1390579659756022
2025-08-04 00:12:08,702 - INFO - ----------------------------------------------------------------------------------------------------------------------------------------------
2025-08-04 00:12:08,703 - INFO - Starting student_dim=21
2025-08-04 00:12:08,704 - INFO - Starting seed=0
2025-08-04 00:12:08,711 - INFO - A_teacher is 0.48532047867774963
2025-08-04 00:12:08,743 - INFO - Starting G&C
2025-08-04 00:12:24,321 - INFO - Finished G&C, time elapsed=15.577178955078125s
2025-08-04 00:12:24,323 - INFO - Finished seed=0
2025-08-04 00:12:24,323 - INFO - Starting seed=1
2025-08-04 00:12:24,328 - INFO - A_teacher is 0.6540995836257935
2025-08-04 00:12:24,335 - INFO - Starting G&C
2025-08-04 00:12:39,235 - INFO - Finished G&C, time elapsed=14.899285078048706s
2025-08-04 00:12:39,237 - INFO - Finished seed=1
2025-08-04 00:12:39,239 - INFO - Starting seed=2
2025-08-04 00:12:39,244 - INFO - A_teacher is 0.5661352276802063
2025-08-04 00:12:39,250 - INFO - Starting G&C
2025-08-04 00:12:51,904 - INFO - Finished G&C, time elapsed=12.652436017990112s
2025-08-04 00:12:51,905 - INFO - Finished seed=2
2025-08-04 00:12:51,906 - INFO - Starting seed=3
2025-08-04 00:12:51,910 - INFO - A_teacher is 0.539229691028595
2025-08-04 00:12:51,915 - INFO - Starting G&C
2025-08-04 00:13:04,549 - INFO - Finished G&C, time elapsed=12.630528926849365s
2025-08-04 00:13:04,551 - INFO - Finished seed=3
2025-08-04 00:13:04,554 - INFO - Starting seed=4
2025-08-04 00:13:04,559 - INFO - A_teacher is 0.5803276300430298
2025-08-04 00:13:04,567 - INFO - Starting G&C
2025-08-04 00:13:17,027 - INFO - Finished G&C, time elapsed=12.459672689437866s
2025-08-04 00:13:17,028 - INFO - Finished seed=4
2025-08-04 00:13:17,028 - INFO - Starting seed=5
2025-08-04 00:13:17,031 - INFO - A_teacher is 0.33947238326072693
2025-08-04 00:13:17,034 - INFO - Starting G&C
2025-08-04 00:13:28,529 - INFO - Finished G&C, time elapsed=11.495579957962036s
2025-08-04 00:13:28,530 - INFO - Finished seed=5
2025-08-04 00:13:28,530 - INFO - Starting seed=6
2025-08-04 00:13:28,533 - INFO - A_teacher is 0.45132192969322205
2025-08-04 00:13:28,536 - INFO - Starting G&C
2025-08-04 00:13:40,168 - INFO - Finished G&C, time elapsed=11.631964206695557s
2025-08-04 00:13:40,168 - INFO - Finished seed=6
2025-08-04 00:13:40,168 - INFO - Starting seed=7
2025-08-04 00:13:40,172 - INFO - A_teacher is 0.31256014108657837
2025-08-04 00:13:40,175 - INFO - Starting G&C
2025-08-04 00:13:52,530 - INFO - Finished G&C, time elapsed=12.355039119720459s
2025-08-04 00:13:52,531 - INFO - Finished seed=7
2025-08-04 00:13:52,532 - INFO - ----------------------------------------------------------------------------------------------------------------------------------------------
2025-08-04 00:13:52,532 - INFO - ----------------------------------------------------------------------------------------------------------------------------------------------
2025-08-04 00:13:52,532 - INFO - Finished student_dim=21
2025-08-04 00:13:52,542 - INFO - G&C avg gen_loss = 1.1439104791025398
2025-08-04 00:13:52,542 - INFO - ----------------------------------------------------------------------------------------------------------------------------------------------
2025-08-04 00:13:52,542 - INFO - Starting student_dim=22
2025-08-04 00:13:52,544 - INFO - Starting seed=0
2025-08-04 00:13:52,548 - INFO - A_teacher is 0.48532047867774963
2025-08-04 00:13:52,582 - INFO - Starting G&C
2025-08-04 00:14:06,276 - INFO - Finished G&C, time elapsed=13.693439960479736s
2025-08-04 00:14:06,277 - INFO - Finished seed=0
2025-08-04 00:14:06,277 - INFO - Starting seed=1
2025-08-04 00:14:06,280 - INFO - A_teacher is 0.6540995836257935
2025-08-04 00:14:06,284 - INFO - Starting G&C
2025-08-04 00:14:16,454 - INFO - Finished G&C, time elapsed=10.17028021812439s
2025-08-04 00:14:16,463 - INFO - Finished seed=1
2025-08-04 00:14:16,463 - INFO - Starting seed=2
2025-08-04 00:14:16,466 - INFO - A_teacher is 0.5661352276802063
2025-08-04 00:14:16,469 - INFO - Starting G&C
2025-08-04 00:14:26,646 - INFO - Finished G&C, time elapsed=10.176487922668457s
2025-08-04 00:14:26,647 - INFO - Finished seed=2
2025-08-04 00:14:26,647 - INFO - Starting seed=3
2025-08-04 00:14:26,650 - INFO - A_teacher is 0.539229691028595
2025-08-04 00:14:26,653 - INFO - Starting G&C
2025-08-04 00:14:37,323 - INFO - Finished G&C, time elapsed=10.669674158096313s
2025-08-04 00:14:37,323 - INFO - Finished seed=3
2025-08-04 00:14:37,324 - INFO - Starting seed=4
2025-08-04 00:14:37,327 - INFO - A_teacher is 0.5803276300430298
2025-08-04 00:14:37,330 - INFO - Starting G&C
2025-08-04 00:14:46,982 - INFO - Finished G&C, time elapsed=9.651221752166748s
2025-08-04 00:14:46,982 - INFO - Finished seed=4
2025-08-04 00:14:46,983 - INFO - Starting seed=5
2025-08-04 00:14:46,986 - INFO - A_teacher is 0.33947238326072693
2025-08-04 00:14:46,989 - INFO - Starting G&C
2025-08-04 00:14:57,505 - INFO - Finished G&C, time elapsed=10.515701055526733s
2025-08-04 00:14:57,505 - INFO - Finished seed=5
2025-08-04 00:14:57,506 - INFO - Starting seed=6
2025-08-04 00:14:57,509 - INFO - A_teacher is 0.45132192969322205
2025-08-04 00:14:57,512 - INFO - Starting G&C
2025-08-04 00:15:08,889 - INFO - Finished G&C, time elapsed=11.37637209892273s
2025-08-04 00:15:08,889 - INFO - Finished seed=6
2025-08-04 00:15:08,889 - INFO - Starting seed=7
2025-08-04 00:15:08,893 - INFO - A_teacher is 0.31256014108657837
2025-08-04 00:15:08,896 - INFO - Starting G&C
2025-08-04 00:15:19,273 - INFO - Finished G&C, time elapsed=10.377112865447998s
2025-08-04 00:15:19,274 - INFO - Finished seed=7
2025-08-04 00:15:19,276 - INFO - ----------------------------------------------------------------------------------------------------------------------------------------------
2025-08-04 00:15:19,276 - INFO - ----------------------------------------------------------------------------------------------------------------------------------------------
2025-08-04 00:15:19,276 - INFO - Finished student_dim=22
2025-08-04 00:15:19,285 - INFO - G&C avg gen_loss = 1.2813766247178329
2025-08-04 00:15:19,285 - INFO - ----------------------------------------------------------------------------------------------------------------------------------------------
2025-08-04 00:15:19,285 - INFO - Starting student_dim=23
2025-08-04 00:15:19,288 - INFO - Starting seed=0
2025-08-04 00:15:19,291 - INFO - A_teacher is 0.48532047867774963
2025-08-04 00:15:19,333 - INFO - Starting G&C
2025-08-04 00:15:36,794 - INFO - Finished G&C, time elapsed=17.459941864013672s
2025-08-04 00:15:36,795 - INFO - Finished seed=0
2025-08-04 00:15:36,796 - INFO - Starting seed=1
2025-08-04 00:15:36,800 - INFO - A_teacher is 0.6540995836257935
2025-08-04 00:15:36,809 - INFO - Starting G&C
2025-08-04 00:15:53,449 - INFO - Finished G&C, time elapsed=16.638598203659058s
2025-08-04 00:15:53,450 - INFO - Finished seed=1
2025-08-04 00:15:53,451 - INFO - Starting seed=2
2025-08-04 00:15:53,454 - INFO - A_teacher is 0.5661352276802063
2025-08-04 00:15:53,461 - INFO - Starting G&C
2025-08-04 00:16:09,379 - INFO - Finished G&C, time elapsed=15.916423320770264s
2025-08-04 00:16:09,380 - INFO - Finished seed=2
2025-08-04 00:16:09,381 - INFO - Starting seed=3
2025-08-04 00:16:09,385 - INFO - A_teacher is 0.539229691028595
2025-08-04 00:16:09,389 - INFO - Starting G&C
2025-08-04 00:16:25,404 - INFO - Finished G&C, time elapsed=16.008928060531616s
2025-08-04 00:16:25,406 - INFO - Finished seed=3
2025-08-04 00:16:25,408 - INFO - Starting seed=4
2025-08-04 00:16:25,411 - INFO - A_teacher is 0.5803276300430298
2025-08-04 00:16:25,417 - INFO - Starting G&C
2025-08-04 00:16:42,118 - INFO - No GNC sensing losses
2025-08-04 00:16:42,424 - INFO - Finished G&C, time elapsed=17.00711178779602s
2025-08-04 00:16:42,424 - INFO - Finished seed=4
2025-08-04 00:16:42,426 - INFO - Starting seed=5
2025-08-04 00:16:42,429 - INFO - A_teacher is 0.33947238326072693
2025-08-04 00:16:42,435 - INFO - Starting G&C
2025-08-04 00:16:59,156 - INFO - Finished G&C, time elapsed=16.719887256622314s
2025-08-04 00:16:59,157 - INFO - Finished seed=5
2025-08-04 00:16:59,158 - INFO - Starting seed=6
2025-08-04 00:16:59,161 - INFO - A_teacher is 0.45132192969322205
2025-08-04 00:16:59,167 - INFO - Starting G&C
2025-08-04 00:17:15,189 - INFO - Finished G&C, time elapsed=16.021554231643677s
2025-08-04 00:17:15,189 - INFO - Finished seed=6
2025-08-04 00:17:15,190 - INFO - Starting seed=7
2025-08-04 00:17:15,193 - INFO - A_teacher is 0.31256014108657837
2025-08-04 00:17:15,198 - INFO - Starting G&C
2025-08-04 00:17:32,008 - INFO - Finished G&C, time elapsed=16.80781078338623s
2025-08-04 00:17:32,009 - INFO - Finished seed=7
2025-08-04 00:17:32,011 - INFO - ----------------------------------------------------------------------------------------------------------------------------------------------
2025-08-04 00:17:32,011 - INFO - ----------------------------------------------------------------------------------------------------------------------------------------------
2025-08-04 00:17:32,011 - INFO - Finished student_dim=23
2025-08-04 00:17:32,020 - INFO - G&C avg gen_loss = 1.3485235632661257
2025-08-04 00:17:32,020 - INFO - ----------------------------------------------------------------------------------------------------------------------------------------------
2025-08-04 00:17:32,020 - INFO - Starting student_dim=24
2025-08-04 00:17:32,023 - INFO - Starting seed=0
2025-08-04 00:17:32,026 - INFO - A_teacher is 0.48532047867774963
2025-08-04 00:17:32,049 - INFO - Starting G&C
2025-08-04 00:17:44,278 - INFO - Finished G&C, time elapsed=12.227894067764282s
2025-08-04 00:17:44,278 - INFO - Finished seed=0
2025-08-04 00:17:44,279 - INFO - Starting seed=1
2025-08-04 00:17:44,282 - INFO - A_teacher is 0.6540995836257935
2025-08-04 00:17:44,290 - INFO - Starting G&C
2025-08-04 00:17:55,751 - INFO - Finished G&C, time elapsed=11.460637092590332s
2025-08-04 00:17:55,752 - INFO - Finished seed=1
2025-08-04 00:17:55,752 - INFO - Starting seed=2
2025-08-04 00:17:55,756 - INFO - A_teacher is 0.5661352276802063
2025-08-04 00:17:55,758 - INFO - Starting G&C
2025-08-04 00:18:07,527 - INFO - Finished G&C, time elapsed=11.767876863479614s
2025-08-04 00:18:07,527 - INFO - Finished seed=2
2025-08-04 00:18:07,527 - INFO - Starting seed=3
2025-08-04 00:18:07,531 - INFO - A_teacher is 0.539229691028595
2025-08-04 00:18:07,533 - INFO - Starting G&C
2025-08-04 00:18:19,014 - INFO - Finished G&C, time elapsed=11.480502128601074s
2025-08-04 00:18:19,015 - INFO - Finished seed=3
2025-08-04 00:18:19,015 - INFO - Starting seed=4
2025-08-04 00:18:19,016 - INFO - A_teacher is 0.5803276300430298
2025-08-04 00:18:19,018 - INFO - Starting G&C
2025-08-04 00:18:30,779 - INFO - Finished G&C, time elapsed=11.75984811782837s
2025-08-04 00:18:30,780 - INFO - Finished seed=4
2025-08-04 00:18:30,780 - INFO - Starting seed=5
2025-08-04 00:18:30,784 - INFO - A_teacher is 0.33947238326072693
2025-08-04 00:18:30,786 - INFO - Starting G&C
2025-08-04 00:18:42,537 - INFO - Finished G&C, time elapsed=11.750646114349365s
2025-08-04 00:18:42,537 - INFO - Finished seed=5
2025-08-04 00:18:42,538 - INFO - Starting seed=6
2025-08-04 00:18:42,541 - INFO - A_teacher is 0.45132192969322205
2025-08-04 00:18:42,544 - INFO - Starting G&C
2025-08-04 00:18:54,626 - INFO - Finished G&C, time elapsed=12.082577228546143s
2025-08-04 00:18:54,627 - INFO - Finished seed=6
2025-08-04 00:18:54,628 - INFO - Starting seed=7
2025-08-04 00:18:54,631 - INFO - A_teacher is 0.31256014108657837
2025-08-04 00:18:54,633 - INFO - Starting G&C
2025-08-04 00:19:07,021 - INFO - Finished G&C, time elapsed=12.387611150741577s
2025-08-04 00:19:07,022 - INFO - Finished seed=7
2025-08-04 00:19:07,023 - INFO - ----------------------------------------------------------------------------------------------------------------------------------------------
2025-08-04 00:19:07,023 - INFO - ----------------------------------------------------------------------------------------------------------------------------------------------
2025-08-04 00:19:07,023 - INFO - Finished student_dim=24
2025-08-04 00:19:07,025 - INFO - G&C avg gen_loss = 1.1931960817399863
2025-08-04 00:19:07,025 - INFO - ----------------------------------------------------------------------------------------------------------------------------------------------
2025-08-04 00:19:07,026 - INFO - Starting student_dim=25
2025-08-04 00:19:07,027 - INFO - Starting seed=0
2025-08-04 00:19:07,030 - INFO - A_teacher is 0.48532047867774963
2025-08-04 00:19:07,045 - INFO - Starting G&C
2025-08-04 00:19:20,669 - INFO - Finished G&C, time elapsed=13.624004125595093s
2025-08-04 00:19:20,671 - INFO - Finished seed=0
2025-08-04 00:19:20,671 - INFO - Starting seed=1
2025-08-04 00:19:20,674 - INFO - A_teacher is 0.6540995836257935
2025-08-04 00:19:20,680 - INFO - Starting G&C
2025-08-04 00:19:33,696 - INFO - Finished G&C, time elapsed=13.015852928161621s
2025-08-04 00:19:33,697 - INFO - Finished seed=1
2025-08-04 00:19:33,697 - INFO - Starting seed=2
2025-08-04 00:19:33,700 - INFO - A_teacher is 0.5661352276802063
2025-08-04 00:19:33,702 - INFO - Starting G&C
2025-08-04 00:19:45,475 - INFO - Finished G&C, time elapsed=11.772363901138306s
2025-08-04 00:19:45,475 - INFO - Finished seed=2
2025-08-04 00:19:45,476 - INFO - Starting seed=3
2025-08-04 00:19:45,479 - INFO - A_teacher is 0.539229691028595
2025-08-04 00:19:45,482 - INFO - Starting G&C
2025-08-04 00:19:57,810 - INFO - Finished G&C, time elapsed=12.327609062194824s
2025-08-04 00:19:57,810 - INFO - Finished seed=3
2025-08-04 00:19:57,811 - INFO - Starting seed=4
2025-08-04 00:19:57,814 - INFO - A_teacher is 0.5803276300430298
2025-08-04 00:19:57,817 - INFO - Starting G&C
2025-08-04 00:20:09,229 - INFO - Finished G&C, time elapsed=11.411429166793823s
2025-08-04 00:20:09,229 - INFO - Finished seed=4
2025-08-04 00:20:09,230 - INFO - Starting seed=5
2025-08-04 00:20:09,232 - INFO - A_teacher is 0.33947238326072693
2025-08-04 00:20:09,234 - INFO - Starting G&C
2025-08-04 00:20:21,410 - INFO - Finished G&C, time elapsed=12.175204753875732s
2025-08-04 00:20:21,411 - INFO - Finished seed=5
2025-08-04 00:20:21,411 - INFO - Starting seed=6
2025-08-04 00:20:21,414 - INFO - A_teacher is 0.45132192969322205
2025-08-04 00:20:21,417 - INFO - Starting G&C
2025-08-04 00:20:33,353 - INFO - Finished G&C, time elapsed=11.935389280319214s
2025-08-04 00:20:33,354 - INFO - Finished seed=6
2025-08-04 00:20:33,354 - INFO - Starting seed=7
2025-08-04 00:20:33,357 - INFO - A_teacher is 0.31256014108657837
2025-08-04 00:20:33,360 - INFO - Starting G&C
2025-08-04 00:20:45,296 - INFO - Finished G&C, time elapsed=11.936173915863037s
2025-08-04 00:20:45,297 - INFO - Finished seed=7
2025-08-04 00:20:45,297 - INFO - ----------------------------------------------------------------------------------------------------------------------------------------------
2025-08-04 00:20:45,297 - INFO - ----------------------------------------------------------------------------------------------------------------------------------------------
2025-08-04 00:20:45,297 - INFO - Finished student_dim=25
2025-08-04 00:20:45,298 - INFO - G&C avg gen_loss = 1.2812469851042896
2025-08-04 00:20:45,298 - INFO - ----------------------------------------------------------------------------------------------------------------------------------------------
2025-08-04 00:20:45,298 - INFO - Starting student_dim=26
2025-08-04 00:20:45,298 - INFO - Starting seed=0
2025-08-04 00:20:45,301 - INFO - A_teacher is 0.48532047867774963
2025-08-04 00:20:45,329 - INFO - Starting G&C
2025-08-04 00:21:11,102 - INFO - Finished G&C, time elapsed=25.771320104599s
2025-08-04 00:21:11,103 - INFO - Finished seed=0
2025-08-04 00:21:11,104 - INFO - Starting seed=1
2025-08-04 00:21:11,107 - INFO - A_teacher is 0.6540995836257935
2025-08-04 00:21:11,113 - INFO - Starting G&C
2025-08-04 00:21:32,559 - INFO - Finished G&C, time elapsed=21.44506311416626s
2025-08-04 00:21:32,561 - INFO - Finished seed=1
2025-08-04 00:21:32,562 - INFO - Starting seed=2
2025-08-04 00:21:32,566 - INFO - A_teacher is 0.5661352276802063
2025-08-04 00:21:32,571 - INFO - Starting G&C
2025-08-04 00:21:54,153 - INFO - Finished G&C, time elapsed=21.580923795700073s
2025-08-04 00:21:54,154 - INFO - Finished seed=2
2025-08-04 00:21:54,155 - INFO - Starting seed=3
2025-08-04 00:21:54,158 - INFO - A_teacher is 0.539229691028595
2025-08-04 00:21:54,162 - INFO - Starting G&C
2025-08-04 00:22:14,651 - INFO - Finished G&C, time elapsed=20.488149881362915s
2025-08-04 00:22:14,652 - INFO - Finished seed=3
2025-08-04 00:22:14,653 - INFO - Starting seed=4
2025-08-04 00:22:14,656 - INFO - A_teacher is 0.5803276300430298
2025-08-04 00:22:14,660 - INFO - Starting G&C
2025-08-04 00:23:02,832 - INFO - Finished G&C, time elapsed=48.17089796066284s
2025-08-04 00:23:02,834 - INFO - Finished seed=4
2025-08-04 00:23:02,836 - INFO - Starting seed=5
2025-08-04 00:23:02,851 - INFO - A_teacher is 0.33947238326072693
2025-08-04 00:23:02,864 - INFO - Starting G&C
2025-08-04 00:23:32,443 - INFO - Finished G&C, time elapsed=29.578179121017456s
2025-08-04 00:23:32,444 - INFO - Finished seed=5
2025-08-04 00:23:32,446 - INFO - Starting seed=6
2025-08-04 00:23:32,450 - INFO - A_teacher is 0.45132192969322205
2025-08-04 00:23:32,458 - INFO - Starting G&C
2025-08-04 00:23:52,000 - INFO - Finished G&C, time elapsed=19.541276931762695s
2025-08-04 00:23:52,001 - INFO - Finished seed=6
2025-08-04 00:23:52,003 - INFO - Starting seed=7
2025-08-04 00:23:52,007 - INFO - A_teacher is 0.31256014108657837
2025-08-04 00:23:52,016 - INFO - Starting G&C
2025-08-04 00:24:12,201 - INFO - Finished G&C, time elapsed=20.18217182159424s
2025-08-04 00:24:12,207 - INFO - Finished seed=7
2025-08-04 00:24:12,208 - INFO - ----------------------------------------------------------------------------------------------------------------------------------------------
2025-08-04 00:24:12,208 - INFO - ----------------------------------------------------------------------------------------------------------------------------------------------
2025-08-04 00:24:12,208 - INFO - Finished student_dim=26
2025-08-04 00:24:12,216 - INFO - G&C avg gen_loss = 1.256417189475191
2025-08-04 00:24:12,216 - INFO - ----------------------------------------------------------------------------------------------------------------------------------------------
2025-08-04 00:24:12,217 - INFO - Starting student_dim=27
2025-08-04 00:24:12,219 - INFO - Starting seed=0
2025-08-04 00:24:12,222 - INFO - A_teacher is 0.48532047867774963
2025-08-04 00:24:12,271 - INFO - Starting G&C
2025-08-04 00:24:26,183 - INFO - Finished G&C, time elapsed=13.909499883651733s
2025-08-04 00:24:26,184 - INFO - Finished seed=0
2025-08-04 00:24:26,186 - INFO - Starting seed=1
2025-08-04 00:24:26,191 - INFO - A_teacher is 0.6540995836257935
2025-08-04 00:24:26,196 - INFO - Starting G&C
2025-08-04 00:24:38,536 - INFO - Finished G&C, time elapsed=12.339175939559937s
2025-08-04 00:24:38,536 - INFO - Finished seed=1
2025-08-04 00:24:38,537 - INFO - Starting seed=2
2025-08-04 00:24:38,538 - INFO - A_teacher is 0.5661352276802063
2025-08-04 00:24:38,540 - INFO - Starting G&C
2025-08-04 00:24:49,869 - INFO - Finished G&C, time elapsed=11.328708171844482s
2025-08-04 00:24:49,870 - INFO - Finished seed=2
2025-08-04 00:24:49,870 - INFO - Starting seed=3
2025-08-04 00:24:49,871 - INFO - A_teacher is 0.539229691028595
2025-08-04 00:24:49,874 - INFO - Starting G&C
2025-08-04 00:25:06,086 - INFO - Finished G&C, time elapsed=16.212073802947998s
2025-08-04 00:25:06,087 - INFO - Finished seed=3
2025-08-04 00:25:06,088 - INFO - Starting seed=4
2025-08-04 00:25:06,095 - INFO - A_teacher is 0.5803276300430298
2025-08-04 00:25:06,104 - INFO - Starting G&C
2025-08-04 00:25:29,206 - INFO - Finished G&C, time elapsed=23.101457834243774s
2025-08-04 00:25:29,207 - INFO - Finished seed=4
2025-08-04 00:25:29,208 - INFO - Starting seed=5
2025-08-04 00:25:29,214 - INFO - A_teacher is 0.33947238326072693
2025-08-04 00:25:29,225 - INFO - Starting G&C
2025-08-04 00:26:09,365 - INFO - Finished G&C, time elapsed=40.13899302482605s
2025-08-04 00:26:09,365 - INFO - Finished seed=5
2025-08-04 00:26:09,367 - INFO - Starting seed=6
2025-08-04 00:26:09,373 - INFO - A_teacher is 0.45132192969322205
2025-08-04 00:26:09,384 - INFO - Starting G&C
2025-08-04 00:26:25,088 - INFO - Finished G&C, time elapsed=15.704041957855225s
2025-08-04 00:26:25,089 - INFO - Finished seed=6
2025-08-04 00:26:25,090 - INFO - Starting seed=7
2025-08-04 00:26:25,095 - INFO - A_teacher is 0.31256014108657837
2025-08-04 00:26:25,100 - INFO - Starting G&C
2025-08-04 00:26:36,577 - INFO - Finished G&C, time elapsed=11.47659707069397s
2025-08-04 00:26:36,578 - INFO - Finished seed=7
2025-08-04 00:26:36,579 - INFO - ----------------------------------------------------------------------------------------------------------------------------------------------
2025-08-04 00:26:36,579 - INFO - ----------------------------------------------------------------------------------------------------------------------------------------------
2025-08-04 00:26:36,579 - INFO - Finished student_dim=27
2025-08-04 00:26:36,587 - INFO - G&C avg gen_loss = 1.1942667889464618
2025-08-04 00:26:36,587 - INFO - ----------------------------------------------------------------------------------------------------------------------------------------------
2025-08-04 00:26:36,588 - INFO - Starting student_dim=28
2025-08-04 00:26:36,590 - INFO - Starting seed=0
2025-08-04 00:26:36,593 - INFO - A_teacher is 0.48532047867774963
2025-08-04 00:26:36,630 - INFO - Starting G&C
2025-08-04 00:26:51,051 - INFO - Finished G&C, time elapsed=14.420220136642456s
2025-08-04 00:26:51,052 - INFO - Finished seed=0
2025-08-04 00:26:51,052 - INFO - Starting seed=1
2025-08-04 00:26:51,055 - INFO - A_teacher is 0.6540995836257935
2025-08-04 00:26:51,058 - INFO - Starting G&C
2025-08-04 00:27:03,946 - INFO - Finished G&C, time elapsed=12.887542963027954s
2025-08-04 00:27:03,947 - INFO - Finished seed=1
2025-08-04 00:27:03,947 - INFO - Starting seed=2
2025-08-04 00:27:03,949 - INFO - A_teacher is 0.5661352276802063
2025-08-04 00:27:03,952 - INFO - Starting G&C
2025-08-04 00:27:16,600 - INFO - Finished G&C, time elapsed=12.647083759307861s
2025-08-04 00:27:16,601 - INFO - Finished seed=2
2025-08-04 00:27:16,601 - INFO - Starting seed=3
2025-08-04 00:27:16,604 - INFO - A_teacher is 0.539229691028595
2025-08-04 00:27:16,607 - INFO - Starting G&C
2025-08-04 00:27:29,252 - INFO - Finished G&C, time elapsed=12.64492678642273s
2025-08-04 00:27:29,254 - INFO - Finished seed=3
2025-08-04 00:27:29,254 - INFO - Starting seed=4
2025-08-04 00:27:29,259 - INFO - A_teacher is 0.5803276300430298
2025-08-04 00:27:29,263 - INFO - Starting G&C
2025-08-04 00:27:42,203 - INFO - Finished G&C, time elapsed=12.939466714859009s
2025-08-04 00:27:42,204 - INFO - Finished seed=4
2025-08-04 00:27:42,204 - INFO - Starting seed=5
2025-08-04 00:27:42,207 - INFO - A_teacher is 0.33947238326072693
2025-08-04 00:27:42,211 - INFO - Starting G&C
2025-08-04 00:28:21,958 - INFO - Finished G&C, time elapsed=39.747469663619995s
2025-08-04 00:28:21,961 - INFO - Finished seed=5
2025-08-04 00:28:21,962 - INFO - Starting seed=6
2025-08-04 00:28:21,968 - INFO - A_teacher is 0.45132192969322205
2025-08-04 00:28:21,978 - INFO - Starting G&C
2025-08-04 00:28:58,399 - INFO - Finished G&C, time elapsed=36.417364835739136s
2025-08-04 00:28:58,400 - INFO - Finished seed=6
2025-08-04 00:28:58,402 - INFO - Starting seed=7
2025-08-04 00:28:58,408 - INFO - A_teacher is 0.31256014108657837
2025-08-04 00:28:58,414 - INFO - Starting G&C
2025-08-04 00:29:11,321 - INFO - Finished G&C, time elapsed=12.907208919525146s
2025-08-04 00:29:11,322 - INFO - Finished seed=7
2025-08-04 00:29:11,323 - INFO - ----------------------------------------------------------------------------------------------------------------------------------------------
2025-08-04 00:29:11,323 - INFO - ----------------------------------------------------------------------------------------------------------------------------------------------
2025-08-04 00:29:11,323 - INFO - Finished student_dim=28
2025-08-04 00:29:11,328 - INFO - G&C avg gen_loss = 1.2612520845961042
2025-08-04 00:29:11,328 - INFO - ----------------------------------------------------------------------------------------------------------------------------------------------
2025-08-04 00:29:11,328 - INFO - Starting student_dim=29
2025-08-04 00:29:11,330 - INFO - Starting seed=0
2025-08-04 00:29:11,333 - INFO - A_teacher is 0.48532047867774963
2025-08-04 00:29:11,361 - INFO - Starting G&C
2025-08-04 00:29:22,984 - INFO - Finished G&C, time elapsed=11.623149633407593s
2025-08-04 00:29:22,985 - INFO - Finished seed=0
2025-08-04 00:29:22,985 - INFO - Starting seed=1
2025-08-04 00:29:22,988 - INFO - A_teacher is 0.6540995836257935
2025-08-04 00:29:22,991 - INFO - Starting G&C
2025-08-04 00:29:35,090 - INFO - Finished G&C, time elapsed=12.09882116317749s
2025-08-04 00:29:35,091 - INFO - Finished seed=1
2025-08-04 00:29:35,091 - INFO - Starting seed=2
2025-08-04 00:29:35,094 - INFO - A_teacher is 0.5661352276802063
2025-08-04 00:29:35,097 - INFO - Starting G&C
2025-08-04 00:29:47,342 - INFO - Finished G&C, time elapsed=12.244812726974487s
2025-08-04 00:29:47,343 - INFO - Finished seed=2
2025-08-04 00:29:47,343 - INFO - Starting seed=3
2025-08-04 00:29:47,346 - INFO - A_teacher is 0.539229691028595
2025-08-04 00:29:47,349 - INFO - Starting G&C
2025-08-04 00:30:00,245 - INFO - Finished G&C, time elapsed=12.895947933197021s
2025-08-04 00:30:00,246 - INFO - Finished seed=3
2025-08-04 00:30:00,247 - INFO - Starting seed=4
2025-08-04 00:30:00,250 - INFO - A_teacher is 0.5803276300430298
2025-08-04 00:30:00,253 - INFO - Starting G&C
2025-08-04 00:30:12,158 - INFO - No GNC sensing losses
2025-08-04 00:30:12,698 - INFO - Finished G&C, time elapsed=12.444634914398193s
2025-08-04 00:30:12,698 - INFO - Finished seed=4
2025-08-04 00:30:12,698 - INFO - Starting seed=5
2025-08-04 00:30:12,702 - INFO - A_teacher is 0.33947238326072693
2025-08-04 00:30:12,706 - INFO - Starting G&C
2025-08-04 00:30:30,058 - INFO - Finished G&C, time elapsed=17.344876050949097s
2025-08-04 00:30:30,060 - INFO - Finished seed=5
2025-08-04 00:30:30,067 - INFO - Starting seed=6
2025-08-04 00:30:30,078 - INFO - A_teacher is 0.45132192969322205
2025-08-04 00:30:30,090 - INFO - Starting G&C
2025-08-04 00:30:57,375 - INFO - Finished G&C, time elapsed=27.284058094024658s
2025-08-04 00:30:57,377 - INFO - Finished seed=6
2025-08-04 00:30:57,378 - INFO - Starting seed=7
2025-08-04 00:30:57,384 - INFO - A_teacher is 0.31256014108657837
2025-08-04 00:30:57,393 - INFO - Starting G&C
2025-08-04 00:31:23,088 - INFO - Finished G&C, time elapsed=25.69458794593811s
2025-08-04 00:31:23,090 - INFO - Finished seed=7
2025-08-04 00:31:23,091 - INFO - ----------------------------------------------------------------------------------------------------------------------------------------------
2025-08-04 00:31:23,091 - INFO - ----------------------------------------------------------------------------------------------------------------------------------------------
2025-08-04 00:31:23,092 - INFO - Finished student_dim=29
2025-08-04 00:31:23,104 - INFO - G&C avg gen_loss = 1.5090380164746209
2025-08-04 00:31:23,105 - INFO - ----------------------------------------------------------------------------------------------------------------------------------------------
2025-08-04 00:31:23,105 - INFO - Starting student_dim=30
2025-08-04 00:31:23,110 - INFO - Starting seed=0
2025-08-04 00:31:23,118 - INFO - A_teacher is 0.48532047867774963
2025-08-04 00:31:23,156 - INFO - Starting G&C
2025-08-04 00:31:38,575 - INFO - Finished G&C, time elapsed=15.418444871902466s
2025-08-04 00:31:38,575 - INFO - Finished seed=0
2025-08-04 00:31:38,576 - INFO - Starting seed=1
2025-08-04 00:31:38,577 - INFO - A_teacher is 0.6540995836257935
2025-08-04 00:31:38,580 - INFO - Starting G&C
2025-08-04 00:31:50,793 - INFO - Finished G&C, time elapsed=12.21281886100769s
2025-08-04 00:31:50,794 - INFO - Finished seed=1
2025-08-04 00:31:50,794 - INFO - Starting seed=2
2025-08-04 00:31:50,797 - INFO - A_teacher is 0.5661352276802063
2025-08-04 00:31:50,801 - INFO - Starting G&C
2025-08-04 00:32:03,548 - INFO - Finished G&C, time elapsed=12.746919870376587s
2025-08-04 00:32:03,548 - INFO - Finished seed=2
2025-08-04 00:32:03,549 - INFO - Starting seed=3
2025-08-04 00:32:03,553 - INFO - A_teacher is 0.539229691028595
2025-08-04 00:32:03,557 - INFO - Starting G&C
2025-08-04 00:32:16,475 - INFO - Finished G&C, time elapsed=12.91846227645874s
2025-08-04 00:32:16,477 - INFO - Finished seed=3
2025-08-04 00:32:16,478 - INFO - Starting seed=4
2025-08-04 00:32:16,482 - INFO - A_teacher is 0.5803276300430298
2025-08-04 00:32:16,488 - INFO - Starting G&C
2025-08-04 00:32:28,773 - INFO - No GNC sensing losses
2025-08-04 00:32:29,249 - INFO - Finished G&C, time elapsed=12.760916948318481s
2025-08-04 00:32:29,249 - INFO - Finished seed=4
2025-08-04 00:32:29,249 - INFO - Starting seed=5
2025-08-04 00:32:29,253 - INFO - A_teacher is 0.33947238326072693
2025-08-04 00:32:29,257 - INFO - Starting G&C
2025-08-04 00:32:42,018 - INFO - Finished G&C, time elapsed=12.761322975158691s
2025-08-04 00:32:42,020 - INFO - Finished seed=5
2025-08-04 00:32:42,020 - INFO - Starting seed=6
2025-08-04 00:32:42,024 - INFO - A_teacher is 0.45132192969322205
2025-08-04 00:32:42,027 - INFO - Starting G&C
2025-08-04 00:32:55,025 - INFO - Finished G&C, time elapsed=12.997998714447021s
2025-08-04 00:32:55,026 - INFO - Finished seed=6
2025-08-04 00:32:55,026 - INFO - Starting seed=7
2025-08-04 00:32:55,029 - INFO - A_teacher is 0.31256014108657837
2025-08-04 00:32:55,033 - INFO - Starting G&C
2025-08-04 00:33:24,903 - INFO - Finished G&C, time elapsed=29.87026882171631s
2025-08-04 00:33:24,905 - INFO - Finished seed=7
2025-08-04 00:33:24,907 - INFO - ----------------------------------------------------------------------------------------------------------------------------------------------
2025-08-04 00:33:24,907 - INFO - ----------------------------------------------------------------------------------------------------------------------------------------------
2025-08-04 00:33:24,907 - INFO - Finished student_dim=30
2025-08-04 00:33:24,908 - INFO - G&C avg gen_loss = 1.4879974322015026
2025-08-04 00:33:24,908 - INFO - ----------------------------------------------------------------------------------------------------------------------------------------------
2025-08-04 00:33:24,909 - INFO - Starting student_dim=31
2025-08-04 00:33:24,910 - INFO - Starting seed=0
2025-08-04 00:33:24,916 - INFO - A_teacher is 0.48532047867774963
2025-08-04 00:33:24,946 - INFO - Starting G&C
2025-08-04 00:34:00,246 - INFO - Finished G&C, time elapsed=35.2987220287323s
2025-08-04 00:34:00,246 - INFO - Finished seed=0
2025-08-04 00:34:00,247 - INFO - Starting seed=1
2025-08-04 00:34:00,251 - INFO - A_teacher is 0.6540995836257935
2025-08-04 00:34:00,254 - INFO - Starting G&C
2025-08-04 00:34:14,153 - INFO - Finished G&C, time elapsed=13.899471998214722s
2025-08-04 00:34:14,154 - INFO - Finished seed=1
2025-08-04 00:34:14,155 - INFO - Starting seed=2
2025-08-04 00:34:14,159 - INFO - A_teacher is 0.5661352276802063
2025-08-04 00:34:14,164 - INFO - Starting G&C
2025-08-04 00:34:27,756 - INFO - Finished G&C, time elapsed=13.592602968215942s
2025-08-04 00:34:27,757 - INFO - Finished seed=2
2025-08-04 00:34:27,758 - INFO - Starting seed=3
2025-08-04 00:34:27,760 - INFO - A_teacher is 0.539229691028595
2025-08-04 00:34:27,765 - INFO - Starting G&C
2025-08-04 00:34:41,491 - INFO - Finished G&C, time elapsed=13.726048946380615s
2025-08-04 00:34:41,491 - INFO - Finished seed=3
2025-08-04 00:34:41,492 - INFO - Starting seed=4
2025-08-04 00:34:41,495 - INFO - A_teacher is 0.5803276300430298
2025-08-04 00:34:41,499 - INFO - Starting G&C
2025-08-04 00:34:56,025 - INFO - Finished G&C, time elapsed=14.525815725326538s
2025-08-04 00:34:56,025 - INFO - Finished seed=4
2025-08-04 00:34:56,025 - INFO - Starting seed=5
2025-08-04 00:34:56,029 - INFO - A_teacher is 0.33947238326072693
2025-08-04 00:34:56,032 - INFO - Starting G&C
2025-08-04 00:35:10,503 - INFO - Finished G&C, time elapsed=14.470729112625122s
2025-08-04 00:35:10,505 - INFO - Finished seed=5
2025-08-04 00:35:10,505 - INFO - Starting seed=6
2025-08-04 00:35:10,509 - INFO - A_teacher is 0.45132192969322205
2025-08-04 00:35:10,516 - INFO - Starting G&C
2025-08-04 00:35:24,457 - INFO - Finished G&C, time elapsed=13.940861940383911s
2025-08-04 00:35:24,458 - INFO - Finished seed=6
2025-08-04 00:35:24,458 - INFO - Starting seed=7
2025-08-04 00:35:24,462 - INFO - A_teacher is 0.31256014108657837
2025-08-04 00:35:24,465 - INFO - Starting G&C
2025-08-04 00:36:00,283 - INFO - Finished G&C, time elapsed=35.817915201187134s
2025-08-04 00:36:00,285 - INFO - Finished seed=7
2025-08-04 00:36:00,286 - INFO - ----------------------------------------------------------------------------------------------------------------------------------------------
2025-08-04 00:36:00,287 - INFO - ----------------------------------------------------------------------------------------------------------------------------------------------
2025-08-04 00:36:00,287 - INFO - Finished student_dim=31
2025-08-04 00:36:00,302 - INFO - G&C avg gen_loss = 1.3480007250143844
2025-08-04 00:36:00,302 - INFO - ----------------------------------------------------------------------------------------------------------------------------------------------
2025-08-04 00:36:00,303 - INFO - Starting student_dim=32
2025-08-04 00:36:00,308 - INFO - Starting seed=0
2025-08-04 00:36:00,315 - INFO - A_teacher is 0.48532047867774963
2025-08-04 00:36:00,428 - INFO - Starting G&C
2025-08-04 00:36:29,033 - INFO - Finished G&C, time elapsed=28.60450005531311s
2025-08-04 00:36:29,033 - INFO - Finished seed=0
2025-08-04 00:36:29,034 - INFO - Starting seed=1
2025-08-04 00:36:29,036 - INFO - A_teacher is 0.6540995836257935
2025-08-04 00:36:29,039 - INFO - Starting G&C
2025-08-04 00:36:52,207 - INFO - Finished G&C, time elapsed=23.166982889175415s
2025-08-04 00:36:52,208 - INFO - Finished seed=1
2025-08-04 00:36:52,210 - INFO - Starting seed=2
2025-08-04 00:36:52,213 - INFO - A_teacher is 0.5661352276802063
2025-08-04 00:36:52,218 - INFO - Starting G&C
2025-08-04 00:37:17,322 - INFO - Finished G&C, time elapsed=25.103463172912598s
2025-08-04 00:37:17,323 - INFO - Finished seed=2
2025-08-04 00:37:17,325 - INFO - Starting seed=3
2025-08-04 00:37:17,328 - INFO - A_teacher is 0.539229691028595
2025-08-04 00:37:17,333 - INFO - Starting G&C
2025-08-04 00:37:41,553 - INFO - Finished G&C, time elapsed=24.218735694885254s
2025-08-04 00:37:41,555 - INFO - Finished seed=3
2025-08-04 00:37:41,556 - INFO - Starting seed=4
2025-08-04 00:37:41,559 - INFO - A_teacher is 0.5803276300430298
2025-08-04 00:37:41,564 - INFO - Starting G&C
2025-08-04 00:38:42,914 - INFO - No GNC sensing losses
2025-08-04 00:38:43,224 - INFO - Finished G&C, time elapsed=61.66009593009949s
2025-08-04 00:38:43,224 - INFO - Finished seed=4
2025-08-04 00:38:43,226 - INFO - Starting seed=5
2025-08-04 00:38:43,228 - INFO - A_teacher is 0.33947238326072693
2025-08-04 00:38:43,233 - INFO - Starting G&C
2025-08-04 00:39:11,560 - INFO - Finished G&C, time elapsed=28.32501196861267s
2025-08-04 00:39:11,560 - INFO - Finished seed=5
2025-08-04 00:39:11,560 - INFO - Starting seed=6
2025-08-04 00:39:11,563 - INFO - A_teacher is 0.45132192969322205
2025-08-04 00:39:11,569 - INFO - Starting G&C
2025-08-04 00:39:42,321 - INFO - Finished G&C, time elapsed=30.75093698501587s
2025-08-04 00:39:42,323 - INFO - Finished seed=6
2025-08-04 00:39:42,324 - INFO - Starting seed=7
2025-08-04 00:39:42,327 - INFO - A_teacher is 0.31256014108657837
2025-08-04 00:39:42,330 - INFO - Starting G&C
2025-08-04 00:40:17,742 - INFO - Finished G&C, time elapsed=35.409711837768555s
2025-08-04 00:40:17,745 - INFO - Finished seed=7
2025-08-04 00:40:17,750 - INFO - ----------------------------------------------------------------------------------------------------------------------------------------------
2025-08-04 00:40:17,750 - INFO - ----------------------------------------------------------------------------------------------------------------------------------------------
2025-08-04 00:40:17,750 - INFO - Finished student_dim=32
2025-08-04 00:40:17,771 - INFO - G&C avg gen_loss = 1.4204943804285495
2025-08-04 00:40:17,771 - INFO - ----------------------------------------------------------------------------------------------------------------------------------------------
2025-08-04 00:40:17,772 - INFO - Starting student_dim=33
2025-08-04 00:40:17,778 - INFO - Starting seed=0
2025-08-04 00:40:17,785 - INFO - A_teacher is 0.48532047867774963
2025-08-04 00:40:17,867 - INFO - Starting G&C
2025-08-04 00:41:10,239 - INFO - Finished G&C, time elapsed=52.37158989906311s
2025-08-04 00:41:10,241 - INFO - Finished seed=0
2025-08-04 00:41:10,241 - INFO - Starting seed=1
2025-08-04 00:41:10,244 - INFO - A_teacher is 0.6540995836257935
2025-08-04 00:41:10,248 - INFO - Starting G&C
2025-08-04 00:41:37,561 - INFO - Finished G&C, time elapsed=27.31062602996826s
2025-08-04 00:41:37,561 - INFO - Finished seed=1
2025-08-04 00:41:37,564 - INFO - Starting seed=2
2025-08-04 00:41:37,569 - INFO - A_teacher is 0.5661352276802063
2025-08-04 00:41:37,576 - INFO - Starting G&C
2025-08-04 00:42:02,233 - INFO - Finished G&C, time elapsed=24.655724048614502s
2025-08-04 00:42:02,235 - INFO - Finished seed=2
2025-08-04 00:42:02,235 - INFO - Starting seed=3
2025-08-04 00:42:02,238 - INFO - A_teacher is 0.539229691028595
2025-08-04 00:42:02,245 - INFO - Starting G&C
2025-08-04 00:42:28,792 - INFO - Finished G&C, time elapsed=26.546681880950928s
2025-08-04 00:42:28,793 - INFO - Finished seed=3
2025-08-04 00:42:28,794 - INFO - Starting seed=4
2025-08-04 00:42:28,797 - INFO - A_teacher is 0.5803276300430298
2025-08-04 00:42:28,802 - INFO - Starting G&C
2025-08-04 00:43:08,243 - INFO - No GNC sensing losses
2025-08-04 00:43:09,680 - INFO - Finished G&C, time elapsed=40.87803506851196s
2025-08-04 00:43:09,680 - INFO - Finished seed=4
2025-08-04 00:43:09,683 - INFO - Starting seed=5
2025-08-04 00:43:09,691 - INFO - A_teacher is 0.33947238326072693
2025-08-04 00:43:09,707 - INFO - Starting G&C
2025-08-04 00:43:55,982 - INFO - Finished G&C, time elapsed=46.2743239402771s
2025-08-04 00:43:55,983 - INFO - Finished seed=5
2025-08-04 00:43:55,984 - INFO - Starting seed=6
2025-08-04 00:43:55,988 - INFO - A_teacher is 0.45132192969322205
2025-08-04 00:43:55,991 - INFO - Starting G&C
2025-08-04 00:44:24,005 - INFO - Finished G&C, time elapsed=28.01375722885132s
2025-08-04 00:44:24,007 - INFO - Finished seed=6
2025-08-04 00:44:24,008 - INFO - Starting seed=7
2025-08-04 00:44:24,011 - INFO - A_teacher is 0.31256014108657837
2025-08-04 00:44:24,016 - INFO - Starting G&C
2025-08-04 00:44:51,994 - INFO - Finished G&C, time elapsed=27.977513790130615s
2025-08-04 00:44:51,995 - INFO - Finished seed=7
2025-08-04 00:44:51,997 - INFO - ----------------------------------------------------------------------------------------------------------------------------------------------
2025-08-04 00:44:51,997 - INFO - ----------------------------------------------------------------------------------------------------------------------------------------------
2025-08-04 00:44:51,997 - INFO - Finished student_dim=33
2025-08-04 00:44:52,006 - INFO - G&C avg gen_loss = 1.4900632658205024
2025-08-04 00:44:52,006 - INFO - ----------------------------------------------------------------------------------------------------------------------------------------------
2025-08-04 00:44:52,006 - INFO - Starting student_dim=34
2025-08-04 00:44:52,009 - INFO - Starting seed=0
2025-08-04 00:44:52,013 - INFO - A_teacher is 0.48532047867774963
2025-08-04 00:44:52,069 - INFO - Starting G&C
2025-08-04 00:45:27,405 - INFO - Finished G&C, time elapsed=35.334270000457764s
2025-08-04 00:45:27,409 - INFO - Finished seed=0
2025-08-04 00:45:27,412 - INFO - Starting seed=1
2025-08-04 00:45:27,422 - INFO - A_teacher is 0.6540995836257935
2025-08-04 00:45:27,461 - INFO - Starting G&C
2025-08-04 00:46:47,190 - INFO - Finished G&C, time elapsed=79.72619795799255s
2025-08-04 00:46:47,193 - INFO - Finished seed=1
2025-08-04 00:46:47,195 - INFO - Starting seed=2
2025-08-04 00:46:47,198 - INFO - A_teacher is 0.5661352276802063
2025-08-04 00:46:47,204 - INFO - Starting G&C
2025-08-04 00:47:31,348 - INFO - Finished G&C, time elapsed=44.13985586166382s
2025-08-04 00:47:31,349 - INFO - Finished seed=2
2025-08-04 00:47:31,352 - INFO - Starting seed=3
2025-08-04 00:47:31,357 - INFO - A_teacher is 0.539229691028595
2025-08-04 00:47:31,365 - INFO - Starting G&C
2025-08-04 00:48:49,159 - INFO - Finished G&C, time elapsed=77.79256892204285s
2025-08-04 00:48:49,162 - INFO - Finished seed=3
2025-08-04 00:48:49,163 - INFO - Starting seed=4
2025-08-04 00:48:49,166 - INFO - A_teacher is 0.5803276300430298
2025-08-04 00:48:49,175 - INFO - Starting G&C
2025-08-04 00:49:22,704 - INFO - No GNC sensing losses
2025-08-04 00:49:24,137 - INFO - Finished G&C, time elapsed=34.96259522438049s
2025-08-04 00:49:24,137 - INFO - Finished seed=4
2025-08-04 00:49:24,141 - INFO - Starting seed=5
2025-08-04 00:49:24,148 - INFO - A_teacher is 0.33947238326072693
2025-08-04 00:49:24,162 - INFO - Starting G&C
2025-08-04 00:51:16,248 - INFO - Finished G&C, time elapsed=112.08504891395569s
2025-08-04 00:51:16,249 - INFO - Finished seed=5
2025-08-04 00:51:16,250 - INFO - Starting seed=6
2025-08-04 00:51:16,253 - INFO - A_teacher is 0.45132192969322205
2025-08-04 00:51:16,260 - INFO - Starting G&C
2025-08-04 00:52:10,725 - INFO - Finished G&C, time elapsed=54.46112298965454s
2025-08-04 00:52:10,726 - INFO - Finished seed=6
2025-08-04 00:52:10,729 - INFO - Starting seed=7
2025-08-04 00:52:10,734 - INFO - A_teacher is 0.31256014108657837
2025-08-04 00:52:10,743 - INFO - Starting G&C
2025-08-04 00:53:02,274 - INFO - Finished G&C, time elapsed=51.52957081794739s
2025-08-04 00:53:02,276 - INFO - Finished seed=7
2025-08-04 00:53:02,278 - INFO - ----------------------------------------------------------------------------------------------------------------------------------------------
2025-08-04 00:53:02,278 - INFO - ----------------------------------------------------------------------------------------------------------------------------------------------
2025-08-04 00:53:02,278 - INFO - Finished student_dim=34
2025-08-04 00:53:02,290 - INFO - G&C avg gen_loss = 1.5910949614671068
2025-08-04 00:53:02,291 - INFO - ----------------------------------------------------------------------------------------------------------------------------------------------
2025-08-04 00:53:03,105 - INFO - Finished experiments, results saved to results_gnc_seq_len=5_num_measurements=1_input_e1=False_time=20250804-005302.csv, figures saved to plot_gnc_seq_len=5_num_measurements=1_input_e1=False_time=20250804-005302
