2025-08-03 14:10:35,106 - INFO - Using device mps.
2025-08-03 14:10:35,106 - INFO - Args: Namespace(num_seeds=1, num_measurements=1, input_e1=True, sequence_length=3, teacher_ranks=[1], student_dims=[3, 4, 5, 6, 7, 8, 9, 10, 11, 12, 13, 14, 15], calc_loss_only_on_last_output=True, eps_train=1e-06, gnc=True, gnc_num_samples=100000000, gnc_batch_size=10000000, gd=False, gd_lr=0.01, gd_epochs=100000, gd_init_scale=0.01, gd_optimizer='adam', config=None, results_dir=PosixPath('results'), figures_dir=PosixPath('figures'), log_dir=PosixPath('logs'))
2025-08-03 14:10:35,115 - INFO - Starting teacher_rank=1
2025-08-03 14:10:35,116 - INFO - Starting student_dim=3
2025-08-03 14:10:35,116 - INFO - Starting seed=0
2025-08-03 14:10:35,121 - INFO - A_teacher is 0.46481528878211975
2025-08-03 14:10:35,144 - INFO - Starting G&C
2025-08-03 14:10:38,015 - INFO - Finished G&C, time elapsed=2.870051145553589s
2025-08-03 14:10:38,015 - INFO - Finished seed=0
2025-08-03 14:10:38,015 - INFO - ----------------------------------------------------------------------------------------------------------------------------------------------
2025-08-03 14:10:38,015 - INFO - ----------------------------------------------------------------------------------------------------------------------------------------------
2025-08-03 14:10:38,015 - INFO - Finished student_dim=3
2025-08-03 14:10:38,015 - INFO - G&C avg gen_loss = 0.43139563951666143
2025-08-03 14:10:38,015 - INFO - ----------------------------------------------------------------------------------------------------------------------------------------------
2025-08-03 14:10:38,015 - INFO - Starting student_dim=4
2025-08-03 14:10:38,015 - INFO - Starting seed=0
2025-08-03 14:10:38,017 - INFO - A_teacher is 0.6540995836257935
2025-08-03 14:10:38,020 - INFO - Starting G&C
2025-08-03 14:10:40,914 - INFO - Finished G&C, time elapsed=2.8940038681030273s
2025-08-03 14:10:40,914 - INFO - Finished seed=0
2025-08-03 14:10:40,914 - INFO - ----------------------------------------------------------------------------------------------------------------------------------------------
2025-08-03 14:10:40,914 - INFO - ----------------------------------------------------------------------------------------------------------------------------------------------
2025-08-03 14:10:40,914 - INFO - Finished student_dim=4
2025-08-03 14:10:40,914 - INFO - G&C avg gen_loss = 0.8548123870598207
2025-08-03 14:10:40,914 - INFO - ----------------------------------------------------------------------------------------------------------------------------------------------
2025-08-03 14:10:40,914 - INFO - Starting student_dim=5
2025-08-03 14:10:40,914 - INFO - Starting seed=0
2025-08-03 14:10:40,915 - INFO - A_teacher is 0.6540995836257935
2025-08-03 14:10:40,919 - INFO - Starting G&C
2025-08-03 14:10:43,824 - INFO - Finished G&C, time elapsed=2.904937982559204s
2025-08-03 14:10:43,824 - INFO - Finished seed=0
2025-08-03 14:10:43,824 - INFO - ----------------------------------------------------------------------------------------------------------------------------------------------
2025-08-03 14:10:43,824 - INFO - ----------------------------------------------------------------------------------------------------------------------------------------------
2025-08-03 14:10:43,824 - INFO - Finished student_dim=5
2025-08-03 14:10:43,824 - INFO - G&C avg gen_loss = 0.8573448193278109
2025-08-03 14:10:43,824 - INFO - ----------------------------------------------------------------------------------------------------------------------------------------------
2025-08-03 14:10:43,824 - INFO - Starting student_dim=6
2025-08-03 14:10:43,824 - INFO - Starting seed=0
2025-08-03 14:10:43,825 - INFO - A_teacher is 0.6540995836257935
2025-08-03 14:10:43,828 - INFO - Starting G&C
2025-08-03 14:10:46,943 - INFO - Finished G&C, time elapsed=3.114569902420044s
2025-08-03 14:10:46,943 - INFO - Finished seed=0
2025-08-03 14:10:46,943 - INFO - ----------------------------------------------------------------------------------------------------------------------------------------------
2025-08-03 14:10:46,943 - INFO - ----------------------------------------------------------------------------------------------------------------------------------------------
2025-08-03 14:10:46,943 - INFO - Finished student_dim=6
2025-08-03 14:10:46,943 - INFO - G&C avg gen_loss = 0.8528276587395592
2025-08-03 14:10:46,943 - INFO - ----------------------------------------------------------------------------------------------------------------------------------------------
2025-08-03 14:10:46,943 - INFO - Starting student_dim=7
2025-08-03 14:10:46,944 - INFO - Starting seed=0
2025-08-03 14:10:46,945 - INFO - A_teacher is 0.6540995836257935
2025-08-03 14:10:46,948 - INFO - Starting G&C
2025-08-03 14:10:50,131 - INFO - Finished G&C, time elapsed=3.183454990386963s
2025-08-03 14:10:50,131 - INFO - Finished seed=0
2025-08-03 14:10:50,132 - INFO - ----------------------------------------------------------------------------------------------------------------------------------------------
2025-08-03 14:10:50,132 - INFO - ----------------------------------------------------------------------------------------------------------------------------------------------
2025-08-03 14:10:50,132 - INFO - Finished student_dim=7
2025-08-03 14:10:50,132 - INFO - G&C avg gen_loss = 0.8549504063411796
2025-08-03 14:10:50,132 - INFO - ----------------------------------------------------------------------------------------------------------------------------------------------
2025-08-03 14:10:50,132 - INFO - Starting student_dim=8
2025-08-03 14:10:50,132 - INFO - Starting seed=0
2025-08-03 14:10:50,133 - INFO - A_teacher is 0.6540995836257935
2025-08-03 14:10:50,136 - INFO - Starting G&C
2025-08-03 14:10:53,378 - INFO - Finished G&C, time elapsed=3.2420148849487305s
2025-08-03 14:10:53,378 - INFO - Finished seed=0
2025-08-03 14:10:53,378 - INFO - ----------------------------------------------------------------------------------------------------------------------------------------------
2025-08-03 14:10:53,378 - INFO - ----------------------------------------------------------------------------------------------------------------------------------------------
2025-08-03 14:10:53,378 - INFO - Finished student_dim=8
2025-08-03 14:10:53,378 - INFO - G&C avg gen_loss = 0.8622543282095264
2025-08-03 14:10:53,378 - INFO - ----------------------------------------------------------------------------------------------------------------------------------------------
2025-08-03 14:10:53,379 - INFO - Starting student_dim=9
2025-08-03 14:10:53,379 - INFO - Starting seed=0
2025-08-03 14:10:53,380 - INFO - A_teacher is 0.6540995836257935
2025-08-03 14:10:53,383 - INFO - Starting G&C
2025-08-03 14:10:56,921 - INFO - Finished G&C, time elapsed=3.5379369258880615s
2025-08-03 14:10:56,921 - INFO - Finished seed=0
2025-08-03 14:10:56,921 - INFO - ----------------------------------------------------------------------------------------------------------------------------------------------
2025-08-03 14:10:56,921 - INFO - ----------------------------------------------------------------------------------------------------------------------------------------------
2025-08-03 14:10:56,922 - INFO - Finished student_dim=9
2025-08-03 14:10:56,922 - INFO - G&C avg gen_loss = 0.833437716301893
2025-08-03 14:10:56,922 - INFO - ----------------------------------------------------------------------------------------------------------------------------------------------
2025-08-03 14:10:56,922 - INFO - Starting student_dim=10
2025-08-03 14:10:56,922 - INFO - Starting seed=0
2025-08-03 14:10:56,923 - INFO - A_teacher is 0.6540995836257935
2025-08-03 14:10:56,926 - INFO - Starting G&C
2025-08-03 14:11:00,427 - INFO - Finished G&C, time elapsed=3.5008509159088135s
2025-08-03 14:11:00,427 - INFO - Finished seed=0
2025-08-03 14:11:00,427 - INFO - ----------------------------------------------------------------------------------------------------------------------------------------------
2025-08-03 14:11:00,427 - INFO - ----------------------------------------------------------------------------------------------------------------------------------------------
2025-08-03 14:11:00,427 - INFO - Finished student_dim=10
2025-08-03 14:11:00,427 - INFO - G&C avg gen_loss = 0.71692906296812
2025-08-03 14:11:00,427 - INFO - ----------------------------------------------------------------------------------------------------------------------------------------------
2025-08-03 14:11:00,427 - INFO - Starting student_dim=11
2025-08-03 14:11:00,428 - INFO - Starting seed=0
2025-08-03 14:11:00,429 - INFO - A_teacher is 0.6540995836257935
2025-08-03 14:11:00,432 - INFO - Starting G&C
2025-08-03 14:11:04,322 - INFO - Finished G&C, time elapsed=3.8899991512298584s
2025-08-03 14:11:04,322 - INFO - Finished seed=0
2025-08-03 14:11:04,323 - INFO - ----------------------------------------------------------------------------------------------------------------------------------------------
2025-08-03 14:11:04,323 - INFO - ----------------------------------------------------------------------------------------------------------------------------------------------
2025-08-03 14:11:04,323 - INFO - Finished student_dim=11
2025-08-03 14:11:04,323 - INFO - G&C avg gen_loss = 0.5829741852649022
2025-08-03 14:11:04,323 - INFO - ----------------------------------------------------------------------------------------------------------------------------------------------
2025-08-03 14:11:04,323 - INFO - Starting student_dim=12
2025-08-03 14:11:04,323 - INFO - Starting seed=0
2025-08-03 14:11:04,324 - INFO - A_teacher is 0.6540995836257935
2025-08-03 14:11:04,328 - INFO - Starting G&C
2025-08-03 14:11:07,791 - INFO - No GNC sensing losses
2025-08-03 14:11:08,110 - INFO - Finished G&C, time elapsed=3.7820260524749756s
2025-08-03 14:11:08,110 - INFO - Finished seed=0
2025-08-03 14:11:08,110 - INFO - ----------------------------------------------------------------------------------------------------------------------------------------------
2025-08-03 14:11:08,110 - INFO - ----------------------------------------------------------------------------------------------------------------------------------------------
2025-08-03 14:11:08,110 - INFO - Finished student_dim=12
2025-08-03 14:11:08,111 - INFO - G&C avg gen_loss = nan
2025-08-03 14:11:08,111 - INFO - ----------------------------------------------------------------------------------------------------------------------------------------------
2025-08-03 14:11:08,111 - INFO - Starting student_dim=13
2025-08-03 14:11:08,111 - INFO - Starting seed=0
2025-08-03 14:11:08,112 - INFO - A_teacher is 0.6540995836257935
2025-08-03 14:11:08,116 - INFO - Starting G&C
2025-08-03 14:11:11,849 - INFO - No GNC sensing losses
2025-08-03 14:11:12,186 - INFO - Finished G&C, time elapsed=4.070494890213013s
2025-08-03 14:11:12,186 - INFO - Finished seed=0
2025-08-03 14:11:12,187 - INFO - ----------------------------------------------------------------------------------------------------------------------------------------------
2025-08-03 14:11:12,187 - INFO - ----------------------------------------------------------------------------------------------------------------------------------------------
2025-08-03 14:11:12,187 - INFO - Finished student_dim=13
2025-08-03 14:11:12,187 - INFO - G&C avg gen_loss = nan
2025-08-03 14:11:12,187 - INFO - ----------------------------------------------------------------------------------------------------------------------------------------------
2025-08-03 14:11:12,187 - INFO - Starting student_dim=14
2025-08-03 14:11:12,187 - INFO - Starting seed=0
2025-08-03 14:11:12,188 - INFO - A_teacher is 0.6540995836257935
2025-08-03 14:11:12,192 - INFO - Starting G&C
2025-08-03 14:11:17,084 - INFO - No GNC sensing losses
2025-08-03 14:11:17,505 - INFO - Finished G&C, time elapsed=5.313348770141602s
2025-08-03 14:11:17,506 - INFO - Finished seed=0
2025-08-03 14:11:17,506 - INFO - ----------------------------------------------------------------------------------------------------------------------------------------------
2025-08-03 14:11:17,506 - INFO - ----------------------------------------------------------------------------------------------------------------------------------------------
2025-08-03 14:11:17,506 - INFO - Finished student_dim=14
2025-08-03 14:11:17,506 - INFO - G&C avg gen_loss = nan
2025-08-03 14:11:17,506 - INFO - ----------------------------------------------------------------------------------------------------------------------------------------------
2025-08-03 14:11:17,507 - INFO - Starting student_dim=15
2025-08-03 14:11:17,507 - INFO - Starting seed=0
2025-08-03 14:11:17,508 - INFO - A_teacher is 0.6540995836257935
2025-08-03 14:11:17,513 - INFO - Starting G&C
2025-08-03 14:11:21,591 - INFO - No GNC sensing losses
2025-08-03 14:11:21,967 - INFO - Finished G&C, time elapsed=4.454349040985107s
2025-08-03 14:11:21,968 - INFO - Finished seed=0
2025-08-03 14:11:21,968 - INFO - ----------------------------------------------------------------------------------------------------------------------------------------------
2025-08-03 14:11:21,968 - INFO - ----------------------------------------------------------------------------------------------------------------------------------------------
2025-08-03 14:11:21,968 - INFO - Finished student_dim=15
2025-08-03 14:11:21,968 - INFO - G&C avg gen_loss = nan
2025-08-03 14:11:21,968 - INFO - ----------------------------------------------------------------------------------------------------------------------------------------------
2025-08-03 14:11:22,263 - INFO - Finished experiments, results saved to results, figures saved to figures
