2025-08-04 10:03:21,426 - INFO - Using device mps.
2025-08-04 10:03:21,426 - INFO - Args: Namespace(num_seeds=1, num_measurements=1, input_e1=True, sequence_length=4, teacher_ranks=[1], student_dims=[5, 6, 7, 8, 9, 10, 11, 12, 13, 14, 15, 16, 17, 18, 19, 20, 21, 22, 23, 24, 25, 26, 27, 28, 29, 30, 31, 32, 33, 34], calc_loss_only_on_last_output=True, eps_train=1e-12, gnc=True, gnc_num_samples=100000000, gnc_batch_size=10000000, gd=False, gd_lr=0.01, gd_epochs=100000, gd_init_scale=0.01, gd_optimizer='adam', config=None, results_dir=PosixPath('results'), figures_dir=PosixPath('figures'), log_dir=PosixPath('logs'))
2025-08-04 10:03:21,436 - INFO - Starting teacher_rank=1
2025-08-04 10:03:21,436 - INFO - Starting student_dim=5
2025-08-04 10:03:21,436 - INFO - Starting seed=0
2025-08-04 10:03:21,443 - INFO - A_teacher is 0.5334408283233643
2025-08-04 10:03:21,474 - INFO - Starting G&C
2025-08-04 10:03:24,922 - INFO - Finished G&C, time elapsed=3.4479820728302s
2025-08-04 10:03:24,923 - INFO - Finished seed=0
2025-08-04 10:03:24,923 - INFO - ----------------------------------------------------------------------------------------------------------------------------------------------
2025-08-04 10:03:24,923 - INFO - ----------------------------------------------------------------------------------------------------------------------------------------------
2025-08-04 10:03:24,923 - INFO - Finished student_dim=5
2025-08-04 10:03:24,923 - INFO - G&C avg gen_loss = 0.528013370731133
2025-08-04 10:03:24,923 - INFO - ----------------------------------------------------------------------------------------------------------------------------------------------
2025-08-04 10:03:24,923 - INFO - Starting student_dim=6
2025-08-04 10:03:24,923 - INFO - Starting seed=0
2025-08-04 10:03:24,924 - INFO - A_teacher is 0.6540995836257935
2025-08-04 10:03:24,928 - INFO - Starting G&C
2025-08-04 10:03:28,361 - INFO - Finished G&C, time elapsed=3.4333717823028564s
2025-08-04 10:03:28,361 - INFO - Finished seed=0
2025-08-04 10:03:28,361 - INFO - ----------------------------------------------------------------------------------------------------------------------------------------------
2025-08-04 10:03:28,362 - INFO - ----------------------------------------------------------------------------------------------------------------------------------------------
2025-08-04 10:03:28,362 - INFO - Finished student_dim=6
2025-08-04 10:03:28,362 - INFO - G&C avg gen_loss = 0.6072675498799072
2025-08-04 10:03:28,362 - INFO - ----------------------------------------------------------------------------------------------------------------------------------------------
2025-08-04 10:03:28,362 - INFO - Starting student_dim=7
2025-08-04 10:03:28,362 - INFO - Starting seed=0
2025-08-04 10:03:28,363 - INFO - A_teacher is 0.6540995836257935
2025-08-04 10:03:28,366 - INFO - Starting G&C
2025-08-04 10:03:32,010 - INFO - Finished G&C, time elapsed=3.643057346343994s
2025-08-04 10:03:32,010 - INFO - Finished seed=0
2025-08-04 10:03:32,010 - INFO - ----------------------------------------------------------------------------------------------------------------------------------------------
2025-08-04 10:03:32,010 - INFO - ----------------------------------------------------------------------------------------------------------------------------------------------
2025-08-04 10:03:32,010 - INFO - Finished student_dim=7
2025-08-04 10:03:32,010 - INFO - G&C avg gen_loss = 0.7354063527358664
2025-08-04 10:03:32,010 - INFO - ----------------------------------------------------------------------------------------------------------------------------------------------
2025-08-04 10:03:32,010 - INFO - Starting student_dim=8
2025-08-04 10:03:32,010 - INFO - Starting seed=0
2025-08-04 10:03:32,011 - INFO - A_teacher is 0.6540995836257935
2025-08-04 10:03:32,014 - INFO - Starting G&C
2025-08-04 10:03:35,796 - INFO - Finished G&C, time elapsed=3.7818100452423096s
2025-08-04 10:03:35,796 - INFO - Finished seed=0
2025-08-04 10:03:35,796 - INFO - ----------------------------------------------------------------------------------------------------------------------------------------------
2025-08-04 10:03:35,796 - INFO - ----------------------------------------------------------------------------------------------------------------------------------------------
2025-08-04 10:03:35,796 - INFO - Finished student_dim=8
2025-08-04 10:03:35,797 - INFO - G&C avg gen_loss = 0.791587270525915
2025-08-04 10:03:35,797 - INFO - ----------------------------------------------------------------------------------------------------------------------------------------------
2025-08-04 10:03:35,797 - INFO - Starting student_dim=9
2025-08-04 10:03:35,797 - INFO - Starting seed=0
2025-08-04 10:03:35,797 - INFO - A_teacher is 0.6540995836257935
2025-08-04 10:03:35,800 - INFO - Starting G&C
2025-08-04 10:03:39,622 - INFO - Finished G&C, time elapsed=3.8218698501586914s
2025-08-04 10:03:39,623 - INFO - Finished seed=0
2025-08-04 10:03:39,623 - INFO - ----------------------------------------------------------------------------------------------------------------------------------------------
2025-08-04 10:03:39,623 - INFO - ----------------------------------------------------------------------------------------------------------------------------------------------
2025-08-04 10:03:39,623 - INFO - Finished student_dim=9
2025-08-04 10:03:39,623 - INFO - G&C avg gen_loss = 0.7757834155243217
2025-08-04 10:03:39,623 - INFO - ----------------------------------------------------------------------------------------------------------------------------------------------
2025-08-04 10:03:39,623 - INFO - Starting student_dim=10
2025-08-04 10:03:39,623 - INFO - Starting seed=0
2025-08-04 10:03:39,624 - INFO - A_teacher is 0.6540995836257935
2025-08-04 10:03:39,628 - INFO - Starting G&C
2025-08-04 10:03:43,818 - INFO - Finished G&C, time elapsed=4.190625190734863s
2025-08-04 10:03:43,818 - INFO - Finished seed=0
2025-08-04 10:03:43,819 - INFO - ----------------------------------------------------------------------------------------------------------------------------------------------
2025-08-04 10:03:43,819 - INFO - ----------------------------------------------------------------------------------------------------------------------------------------------
2025-08-04 10:03:43,819 - INFO - Finished student_dim=10
2025-08-04 10:03:43,819 - INFO - G&C avg gen_loss = 0.89763320915825
2025-08-04 10:03:43,819 - INFO - ----------------------------------------------------------------------------------------------------------------------------------------------
2025-08-04 10:03:43,819 - INFO - Starting student_dim=11
2025-08-04 10:03:43,819 - INFO - Starting seed=0
2025-08-04 10:03:43,820 - INFO - A_teacher is 0.6540995836257935
2025-08-04 10:03:43,824 - INFO - Starting G&C
2025-08-04 10:03:48,010 - INFO - Finished G&C, time elapsed=4.18552303314209s
2025-08-04 10:03:48,010 - INFO - Finished seed=0
2025-08-04 10:03:48,010 - INFO - ----------------------------------------------------------------------------------------------------------------------------------------------
2025-08-04 10:03:48,010 - INFO - ----------------------------------------------------------------------------------------------------------------------------------------------
2025-08-04 10:03:48,010 - INFO - Finished student_dim=11
2025-08-04 10:03:48,011 - INFO - G&C avg gen_loss = 0.9012896566409764
2025-08-04 10:03:48,011 - INFO - ----------------------------------------------------------------------------------------------------------------------------------------------
2025-08-04 10:03:48,011 - INFO - Starting student_dim=12
2025-08-04 10:03:48,011 - INFO - Starting seed=0
2025-08-04 10:03:48,012 - INFO - A_teacher is 0.6540995836257935
2025-08-04 10:03:48,016 - INFO - Starting G&C
2025-08-04 10:03:52,689 - INFO - Finished G&C, time elapsed=4.6733927726745605s
2025-08-04 10:03:52,689 - INFO - Finished seed=0
2025-08-04 10:03:52,690 - INFO - ----------------------------------------------------------------------------------------------------------------------------------------------
2025-08-04 10:03:52,690 - INFO - ----------------------------------------------------------------------------------------------------------------------------------------------
2025-08-04 10:03:52,690 - INFO - Finished student_dim=12
2025-08-04 10:03:52,691 - INFO - G&C avg gen_loss = 1.024724501143418
2025-08-04 10:03:52,691 - INFO - ----------------------------------------------------------------------------------------------------------------------------------------------
2025-08-04 10:03:52,691 - INFO - Starting student_dim=13
2025-08-04 10:03:52,691 - INFO - Starting seed=0
2025-08-04 10:03:52,692 - INFO - A_teacher is 0.6540995836257935
2025-08-04 10:03:52,699 - INFO - Starting G&C
2025-08-04 10:03:57,251 - INFO - Finished G&C, time elapsed=4.552461862564087s
2025-08-04 10:03:57,252 - INFO - Finished seed=0
2025-08-04 10:03:57,253 - INFO - ----------------------------------------------------------------------------------------------------------------------------------------------
2025-08-04 10:03:57,253 - INFO - ----------------------------------------------------------------------------------------------------------------------------------------------
2025-08-04 10:03:57,253 - INFO - Finished student_dim=13
2025-08-04 10:03:57,253 - INFO - G&C avg gen_loss = 0.9389061722904444
2025-08-04 10:03:57,253 - INFO - ----------------------------------------------------------------------------------------------------------------------------------------------
2025-08-04 10:03:57,253 - INFO - Starting student_dim=14
2025-08-04 10:03:57,253 - INFO - Starting seed=0
2025-08-04 10:03:57,254 - INFO - A_teacher is 0.6540995836257935
2025-08-04 10:03:57,258 - INFO - Starting G&C
2025-08-04 10:04:03,058 - INFO - Finished G&C, time elapsed=5.798977851867676s
2025-08-04 10:04:03,058 - INFO - Finished seed=0
2025-08-04 10:04:03,058 - INFO - ----------------------------------------------------------------------------------------------------------------------------------------------
2025-08-04 10:04:03,058 - INFO - ----------------------------------------------------------------------------------------------------------------------------------------------
2025-08-04 10:04:03,058 - INFO - Finished student_dim=14
2025-08-04 10:04:03,059 - INFO - G&C avg gen_loss = 0.828381388116691
2025-08-04 10:04:03,059 - INFO - ----------------------------------------------------------------------------------------------------------------------------------------------
2025-08-04 10:04:03,059 - INFO - Starting student_dim=15
2025-08-04 10:04:03,059 - INFO - Starting seed=0
2025-08-04 10:04:03,062 - INFO - A_teacher is 0.6540995836257935
2025-08-04 10:04:03,070 - INFO - Starting G&C
2025-08-04 10:04:09,936 - INFO - Finished G&C, time elapsed=6.866498947143555s
2025-08-04 10:04:09,937 - INFO - Finished seed=0
2025-08-04 10:04:09,937 - INFO - ----------------------------------------------------------------------------------------------------------------------------------------------
2025-08-04 10:04:09,937 - INFO - ----------------------------------------------------------------------------------------------------------------------------------------------
2025-08-04 10:04:09,937 - INFO - Finished student_dim=15
2025-08-04 10:04:09,938 - INFO - G&C avg gen_loss = 1.158261201110016
2025-08-04 10:04:09,938 - INFO - ----------------------------------------------------------------------------------------------------------------------------------------------
2025-08-04 10:04:09,938 - INFO - Starting student_dim=16
2025-08-04 10:04:09,938 - INFO - Starting seed=0
2025-08-04 10:04:09,941 - INFO - A_teacher is 0.6540995836257935
2025-08-04 10:04:09,947 - INFO - Starting G&C
2025-08-04 10:04:16,518 - INFO - Finished G&C, time elapsed=6.571164846420288s
2025-08-04 10:04:16,519 - INFO - Finished seed=0
2025-08-04 10:04:16,519 - INFO - ----------------------------------------------------------------------------------------------------------------------------------------------
2025-08-04 10:04:16,519 - INFO - ----------------------------------------------------------------------------------------------------------------------------------------------
2025-08-04 10:04:16,519 - INFO - Finished student_dim=16
2025-08-04 10:04:16,519 - INFO - G&C avg gen_loss = 1.2100173860542045
2025-08-04 10:04:16,519 - INFO - ----------------------------------------------------------------------------------------------------------------------------------------------
2025-08-04 10:04:16,519 - INFO - Starting student_dim=17
2025-08-04 10:04:16,519 - INFO - Starting seed=0
2025-08-04 10:04:16,521 - INFO - A_teacher is 0.6540995836257935
2025-08-04 10:04:16,525 - INFO - Starting G&C
2025-08-04 10:04:21,545 - INFO - Finished G&C, time elapsed=5.019886255264282s
2025-08-04 10:04:21,545 - INFO - Finished seed=0
2025-08-04 10:04:21,546 - INFO - ----------------------------------------------------------------------------------------------------------------------------------------------
2025-08-04 10:04:21,546 - INFO - ----------------------------------------------------------------------------------------------------------------------------------------------
2025-08-04 10:04:21,546 - INFO - Finished student_dim=17
2025-08-04 10:04:21,546 - INFO - G&C avg gen_loss = 1.137404848062075
2025-08-04 10:04:21,546 - INFO - ----------------------------------------------------------------------------------------------------------------------------------------------
2025-08-04 10:04:21,546 - INFO - Starting student_dim=18
2025-08-04 10:04:21,546 - INFO - Starting seed=0
2025-08-04 10:04:21,548 - INFO - A_teacher is 0.6540995836257935
2025-08-04 10:04:21,554 - INFO - Starting G&C
2025-08-04 10:04:26,510 - INFO - Finished G&C, time elapsed=4.955755233764648s
2025-08-04 10:04:26,510 - INFO - Finished seed=0
2025-08-04 10:04:26,510 - INFO - ----------------------------------------------------------------------------------------------------------------------------------------------
2025-08-04 10:04:26,510 - INFO - ----------------------------------------------------------------------------------------------------------------------------------------------
2025-08-04 10:04:26,510 - INFO - Finished student_dim=18
2025-08-04 10:04:26,511 - INFO - G&C avg gen_loss = 1.529935607000401
2025-08-04 10:04:26,511 - INFO - ----------------------------------------------------------------------------------------------------------------------------------------------
2025-08-04 10:04:26,511 - INFO - Starting student_dim=19
2025-08-04 10:04:26,511 - INFO - Starting seed=0
2025-08-04 10:04:26,512 - INFO - A_teacher is 0.6540995836257935
2025-08-04 10:04:26,516 - INFO - Starting G&C
2025-08-04 10:04:30,855 - INFO - Finished G&C, time elapsed=4.338693141937256s
2025-08-04 10:04:30,855 - INFO - Finished seed=0
2025-08-04 10:04:30,855 - INFO - ----------------------------------------------------------------------------------------------------------------------------------------------
2025-08-04 10:04:30,855 - INFO - ----------------------------------------------------------------------------------------------------------------------------------------------
2025-08-04 10:04:30,855 - INFO - Finished student_dim=19
2025-08-04 10:04:30,855 - INFO - G&C avg gen_loss = 1.250621533478206
2025-08-04 10:04:30,855 - INFO - ----------------------------------------------------------------------------------------------------------------------------------------------
2025-08-04 10:04:30,856 - INFO - Starting student_dim=20
2025-08-04 10:04:30,856 - INFO - Starting seed=0
2025-08-04 10:04:30,857 - INFO - A_teacher is 0.6540995836257935
2025-08-04 10:04:30,861 - INFO - Starting G&C
2025-08-04 10:04:35,769 - INFO - Finished G&C, time elapsed=4.9086198806762695s
2025-08-04 10:04:35,770 - INFO - Finished seed=0
2025-08-04 10:04:35,770 - INFO - ----------------------------------------------------------------------------------------------------------------------------------------------
2025-08-04 10:04:35,770 - INFO - ----------------------------------------------------------------------------------------------------------------------------------------------
2025-08-04 10:04:35,770 - INFO - Finished student_dim=20
2025-08-04 10:04:35,770 - INFO - G&C avg gen_loss = 1.4672988636791706
2025-08-04 10:04:35,770 - INFO - ----------------------------------------------------------------------------------------------------------------------------------------------
2025-08-04 10:04:35,770 - INFO - Starting student_dim=21
2025-08-04 10:04:35,770 - INFO - Starting seed=0
2025-08-04 10:04:35,771 - INFO - A_teacher is 0.6540995836257935
2025-08-04 10:04:35,775 - INFO - Starting G&C
2025-08-04 10:04:40,847 - INFO - Finished G&C, time elapsed=5.072640895843506s
2025-08-04 10:04:40,848 - INFO - Finished seed=0
2025-08-04 10:04:40,848 - INFO - ----------------------------------------------------------------------------------------------------------------------------------------------
2025-08-04 10:04:40,848 - INFO - ----------------------------------------------------------------------------------------------------------------------------------------------
2025-08-04 10:04:40,848 - INFO - Finished student_dim=21
2025-08-04 10:04:40,848 - INFO - G&C avg gen_loss = 1.4461364817181859
2025-08-04 10:04:40,848 - INFO - ----------------------------------------------------------------------------------------------------------------------------------------------
2025-08-04 10:04:40,848 - INFO - Starting student_dim=22
2025-08-04 10:04:40,849 - INFO - Starting seed=0
2025-08-04 10:04:40,865 - INFO - A_teacher is 0.6540995836257935
2025-08-04 10:04:40,871 - INFO - Starting G&C
2025-08-04 10:04:46,033 - INFO - Finished G&C, time elapsed=5.161330938339233s
2025-08-04 10:04:46,033 - INFO - Finished seed=0
2025-08-04 10:04:46,033 - INFO - ----------------------------------------------------------------------------------------------------------------------------------------------
2025-08-04 10:04:46,033 - INFO - ----------------------------------------------------------------------------------------------------------------------------------------------
2025-08-04 10:04:46,033 - INFO - Finished student_dim=22
2025-08-04 10:04:46,033 - INFO - G&C avg gen_loss = 1.4142868951806482
2025-08-04 10:04:46,033 - INFO - ----------------------------------------------------------------------------------------------------------------------------------------------
2025-08-04 10:04:46,033 - INFO - Starting student_dim=23
2025-08-04 10:04:46,034 - INFO - Starting seed=0
2025-08-04 10:04:46,035 - INFO - A_teacher is 0.6540995836257935
2025-08-04 10:04:46,039 - INFO - Starting G&C
2025-08-04 10:04:51,964 - INFO - Finished G&C, time elapsed=5.9241697788238525s
2025-08-04 10:04:51,964 - INFO - Finished seed=0
2025-08-04 10:04:51,964 - INFO - ----------------------------------------------------------------------------------------------------------------------------------------------
2025-08-04 10:04:51,964 - INFO - ----------------------------------------------------------------------------------------------------------------------------------------------
2025-08-04 10:04:51,964 - INFO - Finished student_dim=23
2025-08-04 10:04:51,965 - INFO - G&C avg gen_loss = 1.6088793496559333
2025-08-04 10:04:51,965 - INFO - ----------------------------------------------------------------------------------------------------------------------------------------------
2025-08-04 10:04:51,965 - INFO - Starting student_dim=24
2025-08-04 10:04:51,965 - INFO - Starting seed=0
2025-08-04 10:04:51,968 - INFO - A_teacher is 0.6540995836257935
2025-08-04 10:04:51,976 - INFO - Starting G&C
2025-08-04 10:04:57,241 - INFO - Finished G&C, time elapsed=5.265001058578491s
2025-08-04 10:04:57,241 - INFO - Finished seed=0
2025-08-04 10:04:57,242 - INFO - ----------------------------------------------------------------------------------------------------------------------------------------------
2025-08-04 10:04:57,242 - INFO - ----------------------------------------------------------------------------------------------------------------------------------------------
2025-08-04 10:04:57,242 - INFO - Finished student_dim=24
2025-08-04 10:04:57,242 - INFO - G&C avg gen_loss = 1.8835507728159429
2025-08-04 10:04:57,242 - INFO - ----------------------------------------------------------------------------------------------------------------------------------------------
2025-08-04 10:04:57,242 - INFO - Starting student_dim=25
2025-08-04 10:04:57,242 - INFO - Starting seed=0
2025-08-04 10:04:57,271 - INFO - A_teacher is 0.6540995836257935
2025-08-04 10:04:57,277 - INFO - Starting G&C
2025-08-04 10:05:02,529 - INFO - Finished G&C, time elapsed=5.251914978027344s
2025-08-04 10:05:02,529 - INFO - Finished seed=0
2025-08-04 10:05:02,530 - INFO - ----------------------------------------------------------------------------------------------------------------------------------------------
2025-08-04 10:05:02,530 - INFO - ----------------------------------------------------------------------------------------------------------------------------------------------
2025-08-04 10:05:02,530 - INFO - Finished student_dim=25
2025-08-04 10:05:02,530 - INFO - G&C avg gen_loss = 1.724811608393987
2025-08-04 10:05:02,530 - INFO - ----------------------------------------------------------------------------------------------------------------------------------------------
2025-08-04 10:05:02,530 - INFO - Starting student_dim=26
2025-08-04 10:05:02,530 - INFO - Starting seed=0
2025-08-04 10:05:02,544 - INFO - A_teacher is 0.6540995836257935
2025-08-04 10:05:02,550 - INFO - Starting G&C
2025-08-04 10:05:08,485 - INFO - Finished G&C, time elapsed=5.934860944747925s
2025-08-04 10:05:08,486 - INFO - Finished seed=0
2025-08-04 10:05:08,486 - INFO - ----------------------------------------------------------------------------------------------------------------------------------------------
2025-08-04 10:05:08,486 - INFO - ----------------------------------------------------------------------------------------------------------------------------------------------
2025-08-04 10:05:08,486 - INFO - Finished student_dim=26
2025-08-04 10:05:08,487 - INFO - G&C avg gen_loss = 1.866409420585021
2025-08-04 10:05:08,487 - INFO - ----------------------------------------------------------------------------------------------------------------------------------------------
2025-08-04 10:05:08,487 - INFO - Starting student_dim=27
2025-08-04 10:05:08,487 - INFO - Starting seed=0
2025-08-04 10:05:08,490 - INFO - A_teacher is 0.6540995836257935
2025-08-04 10:05:08,497 - INFO - Starting G&C
