2025-08-03 17:32:37,874 - INFO - Using device mps.
2025-08-03 17:32:37,874 - INFO - Args: Namespace(num_seeds=1, num_measurements=1, input_e1=True, sequence_length=7, teacher_ranks=[1], student_dims=[3, 4, 5, 6, 7, 8, 9, 10, 11, 12, 13, 14, 15, 16, 17, 18, 19], calc_loss_only_on_last_output=True, eps_train=1e-06, gnc=True, gnc_num_samples=100000000, gnc_batch_size=10000000, gd=False, gd_lr=0.01, gd_epochs=100000, gd_init_scale=0.01, gd_optimizer='adam', config=None, results_dir=PosixPath('results'), figures_dir=PosixPath('figures'), log_dir=PosixPath('logs'))
2025-08-03 17:32:37,883 - INFO - Starting teacher_rank=1
2025-08-03 17:32:37,883 - INFO - Starting student_dim=3
2025-08-03 17:32:37,884 - INFO - Starting seed=0
2025-08-03 17:32:37,889 - INFO - A_teacher is 0.6255072355270386
2025-08-03 17:32:37,911 - INFO - Starting G&C
2025-08-03 17:32:42,432 - INFO - Finished G&C, time elapsed=4.520568132400513s
2025-08-03 17:32:42,432 - INFO - Finished seed=0
2025-08-03 17:32:42,432 - INFO - ----------------------------------------------------------------------------------------------------------------------------------------------
2025-08-03 17:32:42,432 - INFO - ----------------------------------------------------------------------------------------------------------------------------------------------
2025-08-03 17:32:42,432 - INFO - Finished student_dim=3
2025-08-03 17:32:42,432 - INFO - G&C avg gen_loss = 1.1417503306751642
2025-08-03 17:32:42,433 - INFO - ----------------------------------------------------------------------------------------------------------------------------------------------
2025-08-03 17:32:42,433 - INFO - Starting student_dim=4
2025-08-03 17:32:42,433 - INFO - Starting seed=0
2025-08-03 17:32:42,434 - INFO - A_teacher is 0.6540995836257935
2025-08-03 17:32:42,437 - INFO - Starting G&C
2025-08-03 17:32:46,998 - INFO - Finished G&C, time elapsed=4.560145854949951s
2025-08-03 17:32:46,998 - INFO - Finished seed=0
2025-08-03 17:32:46,998 - INFO - ----------------------------------------------------------------------------------------------------------------------------------------------
2025-08-03 17:32:46,998 - INFO - ----------------------------------------------------------------------------------------------------------------------------------------------
2025-08-03 17:32:46,998 - INFO - Finished student_dim=4
2025-08-03 17:32:46,998 - INFO - G&C avg gen_loss = 1.4063102328423094
2025-08-03 17:32:46,998 - INFO - ----------------------------------------------------------------------------------------------------------------------------------------------
2025-08-03 17:32:46,998 - INFO - Starting student_dim=5
2025-08-03 17:32:46,998 - INFO - Starting seed=0
2025-08-03 17:32:47,000 - INFO - A_teacher is 0.6540995836257935
2025-08-03 17:32:47,003 - INFO - Starting G&C
2025-08-03 17:32:51,696 - INFO - Finished G&C, time elapsed=4.693041801452637s
2025-08-03 17:32:51,696 - INFO - Finished seed=0
2025-08-03 17:32:51,697 - INFO - ----------------------------------------------------------------------------------------------------------------------------------------------
2025-08-03 17:32:51,697 - INFO - ----------------------------------------------------------------------------------------------------------------------------------------------
2025-08-03 17:32:51,697 - INFO - Finished student_dim=5
2025-08-03 17:32:51,697 - INFO - G&C avg gen_loss = 1.5266724254656343
2025-08-03 17:32:51,697 - INFO - ----------------------------------------------------------------------------------------------------------------------------------------------
2025-08-03 17:32:51,697 - INFO - Starting student_dim=6
2025-08-03 17:32:51,697 - INFO - Starting seed=0
2025-08-03 17:32:51,698 - INFO - A_teacher is 0.6540995836257935
2025-08-03 17:32:51,702 - INFO - Starting G&C
2025-08-03 17:32:56,502 - INFO - Finished G&C, time elapsed=4.79947304725647s
2025-08-03 17:32:56,502 - INFO - Finished seed=0
2025-08-03 17:32:56,502 - INFO - ----------------------------------------------------------------------------------------------------------------------------------------------
2025-08-03 17:32:56,502 - INFO - ----------------------------------------------------------------------------------------------------------------------------------------------
2025-08-03 17:32:56,502 - INFO - Finished student_dim=6
2025-08-03 17:32:56,502 - INFO - G&C avg gen_loss = 1.6437215657772566
2025-08-03 17:32:56,502 - INFO - ----------------------------------------------------------------------------------------------------------------------------------------------
2025-08-03 17:32:56,502 - INFO - Starting student_dim=7
2025-08-03 17:32:56,502 - INFO - Starting seed=0
2025-08-03 17:32:56,503 - INFO - A_teacher is 0.6540995836257935
2025-08-03 17:32:56,507 - INFO - Starting G&C
2025-08-03 17:33:01,522 - INFO - Finished G&C, time elapsed=5.014747142791748s
2025-08-03 17:33:01,522 - INFO - Finished seed=0
2025-08-03 17:33:01,522 - INFO - ----------------------------------------------------------------------------------------------------------------------------------------------
2025-08-03 17:33:01,522 - INFO - ----------------------------------------------------------------------------------------------------------------------------------------------
2025-08-03 17:33:01,522 - INFO - Finished student_dim=7
2025-08-03 17:33:01,522 - INFO - G&C avg gen_loss = 1.762558891316924
2025-08-03 17:33:01,522 - INFO - ----------------------------------------------------------------------------------------------------------------------------------------------
2025-08-03 17:33:01,522 - INFO - Starting student_dim=8
2025-08-03 17:33:01,522 - INFO - Starting seed=0
2025-08-03 17:33:01,524 - INFO - A_teacher is 0.6540995836257935
2025-08-03 17:33:01,527 - INFO - Starting G&C
2025-08-03 17:33:06,629 - INFO - Finished G&C, time elapsed=5.101792097091675s
2025-08-03 17:33:06,629 - INFO - Finished seed=0
2025-08-03 17:33:06,629 - INFO - ----------------------------------------------------------------------------------------------------------------------------------------------
2025-08-03 17:33:06,629 - INFO - ----------------------------------------------------------------------------------------------------------------------------------------------
2025-08-03 17:33:06,629 - INFO - Finished student_dim=8
2025-08-03 17:33:06,630 - INFO - G&C avg gen_loss = 1.8710699175320948
2025-08-03 17:33:06,630 - INFO - ----------------------------------------------------------------------------------------------------------------------------------------------
2025-08-03 17:33:06,630 - INFO - Starting student_dim=9
2025-08-03 17:33:06,630 - INFO - Starting seed=0
2025-08-03 17:33:06,631 - INFO - A_teacher is 0.6540995836257935
2025-08-03 17:33:06,634 - INFO - Starting G&C
2025-08-03 17:33:12,125 - INFO - Finished G&C, time elapsed=5.490530014038086s
2025-08-03 17:33:12,126 - INFO - Finished seed=0
2025-08-03 17:33:12,126 - INFO - ----------------------------------------------------------------------------------------------------------------------------------------------
2025-08-03 17:33:12,126 - INFO - ----------------------------------------------------------------------------------------------------------------------------------------------
2025-08-03 17:33:12,126 - INFO - Finished student_dim=9
2025-08-03 17:33:12,126 - INFO - G&C avg gen_loss = 1.9766692300769502
2025-08-03 17:33:12,126 - INFO - ----------------------------------------------------------------------------------------------------------------------------------------------
2025-08-03 17:33:12,126 - INFO - Starting student_dim=10
2025-08-03 17:33:12,126 - INFO - Starting seed=0
2025-08-03 17:33:12,128 - INFO - A_teacher is 0.6540995836257935
2025-08-03 17:33:12,131 - INFO - Starting G&C
2025-08-03 17:33:17,988 - INFO - Finished G&C, time elapsed=5.856961011886597s
2025-08-03 17:33:17,988 - INFO - Finished seed=0
2025-08-03 17:33:17,989 - INFO - ----------------------------------------------------------------------------------------------------------------------------------------------
2025-08-03 17:33:17,989 - INFO - ----------------------------------------------------------------------------------------------------------------------------------------------
2025-08-03 17:33:17,989 - INFO - Finished student_dim=10
2025-08-03 17:33:17,989 - INFO - G&C avg gen_loss = 2.079309204673248
2025-08-03 17:33:17,989 - INFO - ----------------------------------------------------------------------------------------------------------------------------------------------
2025-08-03 17:33:17,989 - INFO - Starting student_dim=11
2025-08-03 17:33:17,989 - INFO - Starting seed=0
2025-08-03 17:33:17,991 - INFO - A_teacher is 0.6540995836257935
2025-08-03 17:33:17,995 - INFO - Starting G&C
2025-08-03 17:33:24,022 - INFO - Finished G&C, time elapsed=6.026821851730347s
2025-08-03 17:33:24,023 - INFO - Finished seed=0
2025-08-03 17:33:24,023 - INFO - ----------------------------------------------------------------------------------------------------------------------------------------------
2025-08-03 17:33:24,023 - INFO - ----------------------------------------------------------------------------------------------------------------------------------------------
2025-08-03 17:33:24,023 - INFO - Finished student_dim=11
2025-08-03 17:33:24,024 - INFO - G&C avg gen_loss = 2.1813927610609265
2025-08-03 17:33:24,024 - INFO - ----------------------------------------------------------------------------------------------------------------------------------------------
2025-08-03 17:33:24,024 - INFO - Starting student_dim=12
2025-08-03 17:33:24,024 - INFO - Starting seed=0
2025-08-03 17:33:24,025 - INFO - A_teacher is 0.6540995836257935
2025-08-03 17:33:24,031 - INFO - Starting G&C
2025-08-03 17:33:30,008 - INFO - Finished G&C, time elapsed=5.976759910583496s
2025-08-03 17:33:30,009 - INFO - Finished seed=0
2025-08-03 17:33:30,009 - INFO - ----------------------------------------------------------------------------------------------------------------------------------------------
2025-08-03 17:33:30,009 - INFO - ----------------------------------------------------------------------------------------------------------------------------------------------
2025-08-03 17:33:30,009 - INFO - Finished student_dim=12
2025-08-03 17:33:30,009 - INFO - G&C avg gen_loss = 2.2700563063242414
2025-08-03 17:33:30,009 - INFO - ----------------------------------------------------------------------------------------------------------------------------------------------
2025-08-03 17:33:30,009 - INFO - Starting student_dim=13
2025-08-03 17:33:30,009 - INFO - Starting seed=0
2025-08-03 17:33:30,010 - INFO - A_teacher is 0.6540995836257935
2025-08-03 17:33:30,016 - INFO - Starting G&C
2025-08-03 17:33:36,476 - INFO - Finished G&C, time elapsed=6.4602720737457275s
2025-08-03 17:33:36,477 - INFO - Finished seed=0
2025-08-03 17:33:36,477 - INFO - ----------------------------------------------------------------------------------------------------------------------------------------------
2025-08-03 17:33:36,477 - INFO - ----------------------------------------------------------------------------------------------------------------------------------------------
2025-08-03 17:33:36,477 - INFO - Finished student_dim=13
2025-08-03 17:33:36,477 - INFO - G&C avg gen_loss = 2.3576673425410015
2025-08-03 17:33:36,477 - INFO - ----------------------------------------------------------------------------------------------------------------------------------------------
2025-08-03 17:33:36,477 - INFO - Starting student_dim=14
2025-08-03 17:33:36,477 - INFO - Starting seed=0
2025-08-03 17:33:36,479 - INFO - A_teacher is 0.6540995836257935
2025-08-03 17:33:36,484 - INFO - Starting G&C
2025-08-03 17:33:44,333 - INFO - Finished G&C, time elapsed=7.848001956939697s
2025-08-03 17:33:44,333 - INFO - Finished seed=0
2025-08-03 17:33:44,334 - INFO - ----------------------------------------------------------------------------------------------------------------------------------------------
2025-08-03 17:33:44,334 - INFO - ----------------------------------------------------------------------------------------------------------------------------------------------
2025-08-03 17:33:44,334 - INFO - Finished student_dim=14
2025-08-03 17:33:44,334 - INFO - G&C avg gen_loss = 2.4400153334723607
2025-08-03 17:33:44,334 - INFO - ----------------------------------------------------------------------------------------------------------------------------------------------
2025-08-03 17:33:44,334 - INFO - Starting student_dim=15
2025-08-03 17:33:44,334 - INFO - Starting seed=0
2025-08-03 17:33:44,336 - INFO - A_teacher is 0.6540995836257935
2025-08-03 17:33:44,344 - INFO - Starting G&C
2025-08-03 17:33:51,682 - INFO - Finished G&C, time elapsed=7.337759017944336s
2025-08-03 17:33:51,683 - INFO - Finished seed=0
2025-08-03 17:33:51,684 - INFO - ----------------------------------------------------------------------------------------------------------------------------------------------
2025-08-03 17:33:51,684 - INFO - ----------------------------------------------------------------------------------------------------------------------------------------------
2025-08-03 17:33:51,684 - INFO - Finished student_dim=15
2025-08-03 17:33:51,684 - INFO - G&C avg gen_loss = 2.5224667318152165
2025-08-03 17:33:51,684 - INFO - ----------------------------------------------------------------------------------------------------------------------------------------------
2025-08-03 17:33:51,684 - INFO - Starting student_dim=16
2025-08-03 17:33:51,684 - INFO - Starting seed=0
2025-08-03 17:33:51,686 - INFO - A_teacher is 0.6540995836257935
2025-08-03 17:33:51,707 - INFO - Starting G&C
2025-08-03 17:33:58,328 - INFO - Finished G&C, time elapsed=6.6203529834747314s
2025-08-03 17:33:58,328 - INFO - Finished seed=0
2025-08-03 17:33:58,329 - INFO - ----------------------------------------------------------------------------------------------------------------------------------------------
2025-08-03 17:33:58,329 - INFO - ----------------------------------------------------------------------------------------------------------------------------------------------
2025-08-03 17:33:58,329 - INFO - Finished student_dim=16
2025-08-03 17:33:58,329 - INFO - G&C avg gen_loss = 2.5946104664290655
2025-08-03 17:33:58,329 - INFO - ----------------------------------------------------------------------------------------------------------------------------------------------
2025-08-03 17:33:58,329 - INFO - Starting student_dim=17
2025-08-03 17:33:58,330 - INFO - Starting seed=0
2025-08-03 17:33:58,331 - INFO - A_teacher is 0.6540995836257935
2025-08-03 17:33:58,339 - INFO - Starting G&C
2025-08-03 17:34:04,699 - INFO - Finished G&C, time elapsed=6.359884977340698s
2025-08-03 17:34:04,700 - INFO - Finished seed=0
2025-08-03 17:34:04,700 - INFO - ----------------------------------------------------------------------------------------------------------------------------------------------
2025-08-03 17:34:04,700 - INFO - ----------------------------------------------------------------------------------------------------------------------------------------------
2025-08-03 17:34:04,700 - INFO - Finished student_dim=17
2025-08-03 17:34:04,700 - INFO - G&C avg gen_loss = 2.6626130175618474
2025-08-03 17:34:04,700 - INFO - ----------------------------------------------------------------------------------------------------------------------------------------------
2025-08-03 17:34:04,700 - INFO - Starting student_dim=18
2025-08-03 17:34:04,700 - INFO - Starting seed=0
2025-08-03 17:34:04,701 - INFO - A_teacher is 0.6540995836257935
2025-08-03 17:34:04,709 - INFO - Starting G&C
2025-08-03 17:34:11,157 - INFO - Finished G&C, time elapsed=6.44778299331665s
2025-08-03 17:34:11,157 - INFO - Finished seed=0
2025-08-03 17:34:11,157 - INFO - ----------------------------------------------------------------------------------------------------------------------------------------------
2025-08-03 17:34:11,157 - INFO - ----------------------------------------------------------------------------------------------------------------------------------------------
2025-08-03 17:34:11,157 - INFO - Finished student_dim=18
2025-08-03 17:34:11,158 - INFO - G&C avg gen_loss = 2.727665270818059
2025-08-03 17:34:11,159 - INFO - ----------------------------------------------------------------------------------------------------------------------------------------------
2025-08-03 17:34:11,159 - INFO - Starting student_dim=19
2025-08-03 17:34:11,159 - INFO - Starting seed=0
2025-08-03 17:34:11,160 - INFO - A_teacher is 0.6540995836257935
2025-08-03 17:34:11,166 - INFO - Starting G&C
2025-08-03 17:34:17,687 - INFO - Finished G&C, time elapsed=6.521838903427124s
2025-08-03 17:34:17,688 - INFO - Finished seed=0
2025-08-03 17:34:17,688 - INFO - ----------------------------------------------------------------------------------------------------------------------------------------------
2025-08-03 17:34:17,688 - INFO - ----------------------------------------------------------------------------------------------------------------------------------------------
2025-08-03 17:34:17,688 - INFO - Finished student_dim=19
2025-08-03 17:34:17,688 - INFO - G&C avg gen_loss = 2.7822071012075433
2025-08-03 17:34:17,688 - INFO - ----------------------------------------------------------------------------------------------------------------------------------------------
2025-08-03 17:34:18,032 - INFO - Finished experiments, results saved to results, figures saved to figures
