2025-08-06 12:36:07,181 - INFO - Using device cuda:0.
2025-08-06 12:36:07,181 - INFO - Args: Namespace(num_seeds=1, num_measurements=1, input_e1=False, sequence_length=5, teacher_ranks=[1], student_dims=[10, 11, 12, 13, 14, 15, 16, 17, 18, 19, 20, 21, 22, 23, 24, 25, 26, 27, 28, 29, 30, 31, 32, 33, 34], calc_loss_only_on_last_output=True, eps_train=1e-12, gnc=True, gnc_num_samples=100000000, gnc_batch_size=10000000, gd=False, gd_lr=0.001, gd_epochs=1000000, gd_init_scale=0.01, gd_optimizer='adam', config=None, results_dir=PosixPath('results'), figures_dir=PosixPath('figures'), log_dir=PosixPath('logs'))
2025-08-06 12:36:07,187 - INFO - Starting teacher_rank=1
2025-08-06 12:36:07,188 - INFO - Starting student_dim=10
2025-08-06 12:36:07,189 - INFO - Starting seed=0
2025-08-06 12:36:07,479 - INFO - A_teacher is 0.6540995836257935
2025-08-06 12:36:07,482 - INFO - dataset is tensor([[[-0.2934],
         [-2.1788],
         [ 0.5684],
         [-1.0845],
         [-1.3986]]])
2025-08-06 12:36:07,585 - INFO - Starting G&C
2025-08-06 12:36:19,224 - INFO - Finished G&C, time elapsed=11.638740062713623s
2025-08-06 12:36:19,226 - INFO - Finished seed=0
2025-08-06 12:36:19,226 - INFO - ----------------------------------------------------------------------------------------------------------------------------------------------
2025-08-06 12:36:19,228 - INFO - ----------------------------------------------------------------------------------------------------------------------------------------------
2025-08-06 12:36:19,228 - INFO - Finished student_dim=10
2025-08-06 12:36:19,228 - INFO - G&C avg gen_loss = 0.4359253499318253
2025-08-06 12:36:19,230 - INFO - G&C avg theoretical_loss = 0.6375330686569214
2025-08-06 12:36:19,230 - INFO - ----------------------------------------------------------------------------------------------------------------------------------------------
2025-08-06 12:36:19,231 - INFO - Starting student_dim=11
2025-08-06 12:36:19,233 - INFO - Starting seed=0
2025-08-06 12:36:19,237 - INFO - A_teacher is 0.6540995836257935
2025-08-06 12:36:19,238 - INFO - dataset is tensor([[[-0.2934],
         [-2.1788],
         [ 0.5684],
         [-1.0845],
         [-1.3986]]])
2025-08-06 12:36:19,241 - INFO - Starting G&C
2025-08-06 12:36:30,548 - INFO - Finished G&C, time elapsed=11.307072162628174s
2025-08-06 12:36:30,549 - INFO - Finished seed=0
2025-08-06 12:36:30,549 - INFO - ----------------------------------------------------------------------------------------------------------------------------------------------
2025-08-06 12:36:30,550 - INFO - ----------------------------------------------------------------------------------------------------------------------------------------------
2025-08-06 12:36:30,550 - INFO - Finished student_dim=11
2025-08-06 12:36:30,550 - INFO - G&C avg gen_loss = 0.6019721933537059
2025-08-06 12:36:30,550 - INFO - G&C avg theoretical_loss = -24.488195419311523
2025-08-06 12:36:30,551 - INFO - ----------------------------------------------------------------------------------------------------------------------------------------------
2025-08-06 12:36:30,551 - INFO - Starting student_dim=12
2025-08-06 12:36:30,552 - INFO - Starting seed=0
2025-08-06 12:36:30,554 - INFO - A_teacher is 0.6540995836257935
2025-08-06 12:36:30,555 - INFO - dataset is tensor([[[-0.2934],
         [-2.1788],
         [ 0.5684],
         [-1.0845],
         [-1.3986]]])
2025-08-06 12:36:30,557 - INFO - Starting G&C
2025-08-06 12:36:41,359 - INFO - Finished G&C, time elapsed=10.801393747329712s
2025-08-06 12:36:41,359 - INFO - Finished seed=0
2025-08-06 12:36:41,360 - INFO - ----------------------------------------------------------------------------------------------------------------------------------------------
2025-08-06 12:36:41,360 - INFO - ----------------------------------------------------------------------------------------------------------------------------------------------
2025-08-06 12:36:41,360 - INFO - Finished student_dim=12
2025-08-06 12:36:41,361 - INFO - G&C avg gen_loss = 0.3666141513735056
2025-08-06 12:36:41,361 - INFO - G&C avg theoretical_loss = 0.6089425086975098
2025-08-06 12:36:41,361 - INFO - ----------------------------------------------------------------------------------------------------------------------------------------------
2025-08-06 12:36:41,362 - INFO - Starting student_dim=13
2025-08-06 12:36:41,362 - INFO - Starting seed=0
2025-08-06 12:36:41,365 - INFO - A_teacher is 0.6540995836257935
2025-08-06 12:36:41,366 - INFO - dataset is tensor([[[-0.2934],
         [-2.1788],
         [ 0.5684],
         [-1.0845],
         [-1.3986]]])
2025-08-06 12:36:41,367 - INFO - Starting G&C
2025-08-06 12:36:52,355 - INFO - Finished G&C, time elapsed=10.987704038619995s
2025-08-06 12:36:52,355 - INFO - Finished seed=0
2025-08-06 12:36:52,356 - INFO - ----------------------------------------------------------------------------------------------------------------------------------------------
2025-08-06 12:36:52,356 - INFO - ----------------------------------------------------------------------------------------------------------------------------------------------
2025-08-06 12:36:52,356 - INFO - Finished student_dim=13
2025-08-06 12:36:52,357 - INFO - G&C avg gen_loss = 0.5688421951872962
2025-08-06 12:36:52,358 - INFO - G&C avg theoretical_loss = -6.405196189880371
2025-08-06 12:36:52,358 - INFO - ----------------------------------------------------------------------------------------------------------------------------------------------
2025-08-06 12:36:52,358 - INFO - Starting student_dim=14
2025-08-06 12:36:52,359 - INFO - Starting seed=0
2025-08-06 12:36:52,360 - INFO - A_teacher is 0.6540995836257935
2025-08-06 12:36:52,361 - INFO - dataset is tensor([[[-0.2934],
         [-2.1788],
         [ 0.5684],
         [-1.0845],
         [-1.3986]]])
2025-08-06 12:36:52,363 - INFO - Starting G&C
2025-08-06 12:37:04,298 - INFO - Finished G&C, time elapsed=11.934430122375488s
2025-08-06 12:37:04,298 - INFO - Finished seed=0
2025-08-06 12:37:04,299 - INFO - ----------------------------------------------------------------------------------------------------------------------------------------------
2025-08-06 12:37:04,299 - INFO - ----------------------------------------------------------------------------------------------------------------------------------------------
2025-08-06 12:37:04,300 - INFO - Finished student_dim=14
2025-08-06 12:37:04,301 - INFO - G&C avg gen_loss = 0.49284418117492756
2025-08-06 12:37:04,302 - INFO - G&C avg theoretical_loss = 0.6063550114631653
2025-08-06 12:37:04,302 - INFO - ----------------------------------------------------------------------------------------------------------------------------------------------
2025-08-06 12:37:04,303 - INFO - Starting student_dim=15
2025-08-06 12:37:04,304 - INFO - Starting seed=0
2025-08-06 12:37:04,307 - INFO - A_teacher is 0.6540995836257935
2025-08-06 12:37:04,309 - INFO - dataset is tensor([[[-0.2934],
         [-2.1788],
         [ 0.5684],
         [-1.0845],
         [-1.3986]]])
2025-08-06 12:37:04,311 - INFO - Starting G&C
2025-08-06 12:37:16,250 - INFO - Finished G&C, time elapsed=11.93850564956665s
2025-08-06 12:37:16,250 - INFO - Finished seed=0
2025-08-06 12:37:16,251 - INFO - ----------------------------------------------------------------------------------------------------------------------------------------------
2025-08-06 12:37:16,251 - INFO - ----------------------------------------------------------------------------------------------------------------------------------------------
2025-08-06 12:37:16,251 - INFO - Finished student_dim=15
2025-08-06 12:37:16,251 - INFO - G&C avg gen_loss = 0.6367460084604282
2025-08-06 12:37:16,252 - INFO - G&C avg theoretical_loss = 0.6982766389846802
2025-08-06 12:37:16,252 - INFO - ----------------------------------------------------------------------------------------------------------------------------------------------
2025-08-06 12:37:16,252 - INFO - Starting student_dim=16
2025-08-06 12:37:16,253 - INFO - Starting seed=0
2025-08-06 12:37:16,255 - INFO - A_teacher is 0.6540995836257935
2025-08-06 12:37:16,257 - INFO - dataset is tensor([[[-0.2934],
         [-2.1788],
         [ 0.5684],
         [-1.0845],
         [-1.3986]]])
2025-08-06 12:37:16,258 - INFO - Starting G&C
2025-08-06 12:37:28,396 - INFO - Finished G&C, time elapsed=12.137073278427124s
2025-08-06 12:37:28,396 - INFO - Finished seed=0
2025-08-06 12:37:28,397 - INFO - ----------------------------------------------------------------------------------------------------------------------------------------------
2025-08-06 12:37:28,398 - INFO - ----------------------------------------------------------------------------------------------------------------------------------------------
2025-08-06 12:37:28,398 - INFO - Finished student_dim=16
2025-08-06 12:37:28,398 - INFO - G&C avg gen_loss = 0.5385183586793787
2025-08-06 12:37:28,400 - INFO - G&C avg theoretical_loss = 0.6170481443405151
2025-08-06 12:37:28,401 - INFO - ----------------------------------------------------------------------------------------------------------------------------------------------
2025-08-06 12:37:28,402 - INFO - Starting student_dim=17
2025-08-06 12:37:28,403 - INFO - Starting seed=0
2025-08-06 12:37:28,405 - INFO - A_teacher is 0.6540995836257935
2025-08-06 12:37:28,408 - INFO - dataset is tensor([[[-0.2934],
         [-2.1788],
         [ 0.5684],
         [-1.0845],
         [-1.3986]]])
2025-08-06 12:37:28,410 - INFO - Starting G&C
2025-08-06 12:37:40,525 - INFO - Finished G&C, time elapsed=12.114435911178589s
2025-08-06 12:37:40,525 - INFO - Finished seed=0
2025-08-06 12:37:40,526 - INFO - ----------------------------------------------------------------------------------------------------------------------------------------------
2025-08-06 12:37:40,527 - INFO - ----------------------------------------------------------------------------------------------------------------------------------------------
2025-08-06 12:37:40,527 - INFO - Finished student_dim=17
2025-08-06 12:37:40,527 - INFO - G&C avg gen_loss = 0.7509583491418097
2025-08-06 12:37:40,529 - INFO - G&C avg theoretical_loss = 0.7249727249145508
2025-08-06 12:37:40,529 - INFO - ----------------------------------------------------------------------------------------------------------------------------------------------
2025-08-06 12:37:40,529 - INFO - Starting student_dim=18
2025-08-06 12:37:40,532 - INFO - Starting seed=0
2025-08-06 12:37:40,539 - INFO - A_teacher is 0.6540995836257935
2025-08-06 12:37:40,541 - INFO - dataset is tensor([[[-0.2934],
         [-2.1788],
         [ 0.5684],
         [-1.0845],
         [-1.3986]]])
2025-08-06 12:37:40,543 - INFO - Starting G&C
2025-08-06 12:37:52,608 - INFO - Finished G&C, time elapsed=12.06471562385559s
2025-08-06 12:37:52,608 - INFO - Finished seed=0
2025-08-06 12:37:52,608 - INFO - ----------------------------------------------------------------------------------------------------------------------------------------------
2025-08-06 12:37:52,876 - INFO - ----------------------------------------------------------------------------------------------------------------------------------------------
2025-08-06 12:37:52,878 - INFO - Finished student_dim=18
2025-08-06 12:37:52,878 - INFO - G&C avg gen_loss = 0.9199024712045988
2025-08-06 12:37:52,880 - INFO - G&C avg theoretical_loss = 0.6344788670539856
2025-08-06 12:37:52,882 - INFO - ----------------------------------------------------------------------------------------------------------------------------------------------
2025-08-06 12:37:52,882 - INFO - Starting student_dim=19
2025-08-06 12:37:52,884 - INFO - Starting seed=0
2025-08-06 12:37:52,893 - INFO - A_teacher is 0.6540995836257935
2025-08-06 12:37:52,894 - INFO - dataset is tensor([[[-0.2934],
         [-2.1788],
         [ 0.5684],
         [-1.0845],
         [-1.3986]]])
2025-08-06 12:37:52,896 - INFO - Starting G&C
