2025-08-04 18:46:17,830 - INFO - Using device mps.
2025-08-04 18:46:17,830 - INFO - Args: Namespace(num_seeds=1, num_measurements=1, input_e1=True, sequence_length=5, teacher_ranks=[1], student_dims=[10, 11, 12, 13, 14, 15, 16, 17, 18, 19, 20, 21, 22, 23, 24, 25, 26, 27, 28, 29, 30, 31, 32, 33, 34], calc_loss_only_on_last_output=True, eps_train=1e-14, gnc=True, gnc_num_samples=100000000, gnc_batch_size=1000000, gd=False, gd_lr=0.001, gd_epochs=1000000, gd_init_scale=0.01, gd_optimizer='adam', config=None, results_dir=PosixPath('results'), figures_dir=PosixPath('figures'), log_dir=PosixPath('logs'))
2025-08-04 18:46:17,841 - INFO - Starting teacher_rank=1
2025-08-04 18:46:17,841 - INFO - Starting student_dim=10
2025-08-04 18:46:17,841 - INFO - Starting seed=0
2025-08-04 18:46:17,846 - INFO - A_teacher is 0.5837693214416504
2025-08-04 18:46:17,869 - INFO - Starting G&C
2025-08-04 18:46:22,185 - INFO - Finished G&C, time elapsed=4.3157970905303955s
2025-08-04 18:46:22,185 - INFO - Finished seed=0
2025-08-04 18:46:22,185 - INFO - ----------------------------------------------------------------------------------------------------------------------------------------------
2025-08-04 18:46:22,185 - INFO - ----------------------------------------------------------------------------------------------------------------------------------------------
2025-08-04 18:46:22,185 - INFO - Finished student_dim=10
2025-08-04 18:46:22,185 - INFO - G&C avg gen_loss = 1.0561351962387562
2025-08-04 18:46:22,185 - INFO - ----------------------------------------------------------------------------------------------------------------------------------------------
2025-08-04 18:46:22,185 - INFO - Starting student_dim=11
2025-08-04 18:46:22,185 - INFO - Starting seed=0
2025-08-04 18:46:22,187 - INFO - A_teacher is 0.6540995836257935
2025-08-04 18:46:22,190 - INFO - Starting G&C
2025-08-04 18:46:26,507 - INFO - Finished G&C, time elapsed=4.316586971282959s
2025-08-04 18:46:26,507 - INFO - Finished seed=0
2025-08-04 18:46:26,507 - INFO - ----------------------------------------------------------------------------------------------------------------------------------------------
2025-08-04 18:46:26,507 - INFO - ----------------------------------------------------------------------------------------------------------------------------------------------
2025-08-04 18:46:26,507 - INFO - Finished student_dim=11
2025-08-04 18:46:26,507 - INFO - G&C avg gen_loss = 2.038188025355339
2025-08-04 18:46:26,507 - INFO - ----------------------------------------------------------------------------------------------------------------------------------------------
2025-08-04 18:46:26,507 - INFO - Starting student_dim=12
2025-08-04 18:46:26,507 - INFO - Starting seed=0
2025-08-04 18:46:26,508 - INFO - A_teacher is 0.6540995836257935
2025-08-04 18:46:26,512 - INFO - Starting G&C
2025-08-04 18:46:30,961 - INFO - Finished G&C, time elapsed=4.4481494426727295s
2025-08-04 18:46:30,961 - INFO - Finished seed=0
2025-08-04 18:46:30,961 - INFO - ----------------------------------------------------------------------------------------------------------------------------------------------
2025-08-04 18:46:30,961 - INFO - ----------------------------------------------------------------------------------------------------------------------------------------------
2025-08-04 18:46:30,961 - INFO - Finished student_dim=12
2025-08-04 18:46:30,961 - INFO - G&C avg gen_loss = 1.4777374433146582
2025-08-04 18:46:30,961 - INFO - ----------------------------------------------------------------------------------------------------------------------------------------------
2025-08-04 18:46:30,961 - INFO - Starting student_dim=13
2025-08-04 18:46:30,961 - INFO - Starting seed=0
2025-08-04 18:46:30,962 - INFO - A_teacher is 0.6540995836257935
2025-08-04 18:46:30,966 - INFO - Starting G&C
2025-08-04 18:46:35,550 - INFO - Finished G&C, time elapsed=4.584273338317871s
2025-08-04 18:46:35,551 - INFO - Finished seed=0
2025-08-04 18:46:35,551 - INFO - ----------------------------------------------------------------------------------------------------------------------------------------------
2025-08-04 18:46:35,551 - INFO - ----------------------------------------------------------------------------------------------------------------------------------------------
2025-08-04 18:46:35,551 - INFO - Finished student_dim=13
2025-08-04 18:46:35,551 - INFO - G&C avg gen_loss = 2.0714479396119714
2025-08-04 18:46:35,551 - INFO - ----------------------------------------------------------------------------------------------------------------------------------------------
2025-08-04 18:46:35,551 - INFO - Starting student_dim=14
2025-08-04 18:46:35,551 - INFO - Starting seed=0
2025-08-04 18:46:35,552 - INFO - A_teacher is 0.6540995836257935
2025-08-04 18:46:35,556 - INFO - Starting G&C
2025-08-04 18:46:40,180 - INFO - Finished G&C, time elapsed=4.6238908767700195s
2025-08-04 18:46:40,180 - INFO - Finished seed=0
2025-08-04 18:46:40,180 - INFO - ----------------------------------------------------------------------------------------------------------------------------------------------
2025-08-04 18:46:40,180 - INFO - ----------------------------------------------------------------------------------------------------------------------------------------------
2025-08-04 18:46:40,180 - INFO - Finished student_dim=14
2025-08-04 18:46:40,180 - INFO - G&C avg gen_loss = 2.47036241988341
2025-08-04 18:46:40,180 - INFO - ----------------------------------------------------------------------------------------------------------------------------------------------
2025-08-04 18:46:40,180 - INFO - Starting student_dim=15
2025-08-04 18:46:40,180 - INFO - Starting seed=0
2025-08-04 18:46:40,181 - INFO - A_teacher is 0.6540995836257935
2025-08-04 18:46:40,185 - INFO - Starting G&C
2025-08-04 18:46:44,811 - INFO - Finished G&C, time elapsed=4.626126050949097s
2025-08-04 18:46:44,811 - INFO - Finished seed=0
2025-08-04 18:46:44,811 - INFO - ----------------------------------------------------------------------------------------------------------------------------------------------
2025-08-04 18:46:44,811 - INFO - ----------------------------------------------------------------------------------------------------------------------------------------------
2025-08-04 18:46:44,811 - INFO - Finished student_dim=15
2025-08-04 18:46:44,811 - INFO - G&C avg gen_loss = 1.7214225041014808
2025-08-04 18:46:44,811 - INFO - ----------------------------------------------------------------------------------------------------------------------------------------------
2025-08-04 18:46:44,811 - INFO - Starting student_dim=16
2025-08-04 18:46:44,811 - INFO - Starting seed=0
2025-08-04 18:46:44,812 - INFO - A_teacher is 0.6540995836257935
2025-08-04 18:46:44,816 - INFO - Starting G&C
2025-08-04 18:46:49,487 - INFO - Finished G&C, time elapsed=4.6715850830078125s
2025-08-04 18:46:49,487 - INFO - Finished seed=0
2025-08-04 18:46:49,488 - INFO - ----------------------------------------------------------------------------------------------------------------------------------------------
2025-08-04 18:46:49,488 - INFO - ----------------------------------------------------------------------------------------------------------------------------------------------
2025-08-04 18:46:49,488 - INFO - Finished student_dim=16
2025-08-04 18:46:49,488 - INFO - G&C avg gen_loss = 4.705246438582738
2025-08-04 18:46:49,488 - INFO - ----------------------------------------------------------------------------------------------------------------------------------------------
2025-08-04 18:46:49,488 - INFO - Starting student_dim=17
2025-08-04 18:46:49,488 - INFO - Starting seed=0
2025-08-04 18:46:49,489 - INFO - A_teacher is 0.6540995836257935
2025-08-04 18:46:49,492 - INFO - Starting G&C
2025-08-04 18:46:54,206 - INFO - Finished G&C, time elapsed=4.713282108306885s
2025-08-04 18:46:54,206 - INFO - Finished seed=0
2025-08-04 18:46:54,206 - INFO - ----------------------------------------------------------------------------------------------------------------------------------------------
2025-08-04 18:46:54,206 - INFO - ----------------------------------------------------------------------------------------------------------------------------------------------
2025-08-04 18:46:54,206 - INFO - Finished student_dim=17
2025-08-04 18:46:54,206 - INFO - G&C avg gen_loss = 3.293146098201925
2025-08-04 18:46:54,206 - INFO - ----------------------------------------------------------------------------------------------------------------------------------------------
2025-08-04 18:46:54,206 - INFO - Starting student_dim=18
2025-08-04 18:46:54,206 - INFO - Starting seed=0
2025-08-04 18:46:54,207 - INFO - A_teacher is 0.6540995836257935
2025-08-04 18:46:54,212 - INFO - Starting G&C
2025-08-04 18:46:59,017 - INFO - Finished G&C, time elapsed=4.8049821853637695s
2025-08-04 18:46:59,017 - INFO - Finished seed=0
2025-08-04 18:46:59,017 - INFO - ----------------------------------------------------------------------------------------------------------------------------------------------
2025-08-04 18:46:59,017 - INFO - ----------------------------------------------------------------------------------------------------------------------------------------------
2025-08-04 18:46:59,017 - INFO - Finished student_dim=18
2025-08-04 18:46:59,017 - INFO - G&C avg gen_loss = 3.639520134244646
2025-08-04 18:46:59,017 - INFO - ----------------------------------------------------------------------------------------------------------------------------------------------
2025-08-04 18:46:59,017 - INFO - Starting student_dim=19
2025-08-04 18:46:59,017 - INFO - Starting seed=0
2025-08-04 18:46:59,018 - INFO - A_teacher is 0.6540995836257935
2025-08-04 18:46:59,022 - INFO - Starting G&C
2025-08-04 18:47:03,897 - INFO - Finished G&C, time elapsed=4.875085115432739s
2025-08-04 18:47:03,897 - INFO - Finished seed=0
2025-08-04 18:47:03,897 - INFO - ----------------------------------------------------------------------------------------------------------------------------------------------
2025-08-04 18:47:03,897 - INFO - ----------------------------------------------------------------------------------------------------------------------------------------------
2025-08-04 18:47:03,897 - INFO - Finished student_dim=19
2025-08-04 18:47:03,897 - INFO - G&C avg gen_loss = 1.966951493706022
2025-08-04 18:47:03,897 - INFO - ----------------------------------------------------------------------------------------------------------------------------------------------
2025-08-04 18:47:03,897 - INFO - Starting student_dim=20
2025-08-04 18:47:03,897 - INFO - Starting seed=0
2025-08-04 18:47:03,898 - INFO - A_teacher is 0.6540995836257935
2025-08-04 18:47:03,902 - INFO - Starting G&C
2025-08-04 18:47:08,862 - INFO - Finished G&C, time elapsed=4.960856914520264s
2025-08-04 18:47:08,863 - INFO - Finished seed=0
2025-08-04 18:47:08,863 - INFO - ----------------------------------------------------------------------------------------------------------------------------------------------
2025-08-04 18:47:08,863 - INFO - ----------------------------------------------------------------------------------------------------------------------------------------------
2025-08-04 18:47:08,863 - INFO - Finished student_dim=20
2025-08-04 18:47:08,863 - INFO - G&C avg gen_loss = 2.178533929235795
2025-08-04 18:47:08,863 - INFO - ----------------------------------------------------------------------------------------------------------------------------------------------
2025-08-04 18:47:08,863 - INFO - Starting student_dim=21
2025-08-04 18:47:08,863 - INFO - Starting seed=0
2025-08-04 18:47:08,864 - INFO - A_teacher is 0.6540995836257935
2025-08-04 18:47:08,868 - INFO - Starting G&C
2025-08-04 18:47:13,959 - INFO - Finished G&C, time elapsed=5.090295076370239s
2025-08-04 18:47:13,959 - INFO - Finished seed=0
2025-08-04 18:47:13,959 - INFO - ----------------------------------------------------------------------------------------------------------------------------------------------
2025-08-04 18:47:13,959 - INFO - ----------------------------------------------------------------------------------------------------------------------------------------------
2025-08-04 18:47:13,959 - INFO - Finished student_dim=21
2025-08-04 18:47:13,959 - INFO - G&C avg gen_loss = 2.7950627326965334
2025-08-04 18:47:13,959 - INFO - ----------------------------------------------------------------------------------------------------------------------------------------------
2025-08-04 18:47:13,959 - INFO - Starting student_dim=22
2025-08-04 18:47:13,959 - INFO - Starting seed=0
2025-08-04 18:47:13,960 - INFO - A_teacher is 0.6540995836257935
2025-08-04 18:47:13,963 - INFO - Starting G&C
2025-08-04 18:47:19,175 - INFO - Finished G&C, time elapsed=5.2115819454193115s
2025-08-04 18:47:19,175 - INFO - Finished seed=0
2025-08-04 18:47:19,175 - INFO - ----------------------------------------------------------------------------------------------------------------------------------------------
2025-08-04 18:47:19,175 - INFO - ----------------------------------------------------------------------------------------------------------------------------------------------
2025-08-04 18:47:19,175 - INFO - Finished student_dim=22
2025-08-04 18:47:19,175 - INFO - G&C avg gen_loss = 1.9107743455813482
2025-08-04 18:47:19,175 - INFO - ----------------------------------------------------------------------------------------------------------------------------------------------
2025-08-04 18:47:19,175 - INFO - Starting student_dim=23
2025-08-04 18:47:19,176 - INFO - Starting seed=0
2025-08-04 18:47:19,176 - INFO - A_teacher is 0.6540995836257935
2025-08-04 18:47:19,180 - INFO - Starting G&C
2025-08-04 18:47:24,382 - INFO - Finished G&C, time elapsed=5.202393054962158s
2025-08-04 18:47:24,382 - INFO - Finished seed=0
2025-08-04 18:47:24,383 - INFO - ----------------------------------------------------------------------------------------------------------------------------------------------
2025-08-04 18:47:24,383 - INFO - ----------------------------------------------------------------------------------------------------------------------------------------------
2025-08-04 18:47:24,383 - INFO - Finished student_dim=23
2025-08-04 18:47:24,383 - INFO - G&C avg gen_loss = 2.2334285179773965
2025-08-04 18:47:24,383 - INFO - ----------------------------------------------------------------------------------------------------------------------------------------------
2025-08-04 18:47:24,383 - INFO - Starting student_dim=24
2025-08-04 18:47:24,383 - INFO - Starting seed=0
2025-08-04 18:47:24,384 - INFO - A_teacher is 0.6540995836257935
2025-08-04 18:47:24,387 - INFO - Starting G&C
2025-08-04 18:47:29,661 - INFO - Finished G&C, time elapsed=5.273571968078613s
2025-08-04 18:47:29,661 - INFO - Finished seed=0
2025-08-04 18:47:29,661 - INFO - ----------------------------------------------------------------------------------------------------------------------------------------------
2025-08-04 18:47:29,661 - INFO - ----------------------------------------------------------------------------------------------------------------------------------------------
2025-08-04 18:47:29,661 - INFO - Finished student_dim=24
2025-08-04 18:47:29,661 - INFO - G&C avg gen_loss = 2.6398886144161224
2025-08-04 18:47:29,661 - INFO - ----------------------------------------------------------------------------------------------------------------------------------------------
2025-08-04 18:47:29,662 - INFO - Starting student_dim=25
2025-08-04 18:47:29,662 - INFO - Starting seed=0
2025-08-04 18:47:29,663 - INFO - A_teacher is 0.6540995836257935
2025-08-04 18:47:29,667 - INFO - Starting G&C
2025-08-04 18:47:35,164 - INFO - Finished G&C, time elapsed=5.497278213500977s
2025-08-04 18:47:35,164 - INFO - Finished seed=0
2025-08-04 18:47:35,164 - INFO - ----------------------------------------------------------------------------------------------------------------------------------------------
2025-08-04 18:47:35,165 - INFO - ----------------------------------------------------------------------------------------------------------------------------------------------
2025-08-04 18:47:35,165 - INFO - Finished student_dim=25
2025-08-04 18:47:35,165 - INFO - G&C avg gen_loss = 4.013843046294318
2025-08-04 18:47:35,165 - INFO - ----------------------------------------------------------------------------------------------------------------------------------------------
2025-08-04 18:47:35,165 - INFO - Starting student_dim=26
2025-08-04 18:47:35,165 - INFO - Starting seed=0
2025-08-04 18:47:35,166 - INFO - A_teacher is 0.6540995836257935
2025-08-04 18:47:35,169 - INFO - Starting G&C
2025-08-04 18:47:40,844 - INFO - Finished G&C, time elapsed=5.674398899078369s
2025-08-04 18:47:40,844 - INFO - Finished seed=0
2025-08-04 18:47:40,844 - INFO - ----------------------------------------------------------------------------------------------------------------------------------------------
2025-08-04 18:47:40,844 - INFO - ----------------------------------------------------------------------------------------------------------------------------------------------
2025-08-04 18:47:40,844 - INFO - Finished student_dim=26
2025-08-04 18:47:40,844 - INFO - G&C avg gen_loss = 2.322158393951563
2025-08-04 18:47:40,844 - INFO - ----------------------------------------------------------------------------------------------------------------------------------------------
2025-08-04 18:47:40,844 - INFO - Starting student_dim=27
2025-08-04 18:47:40,844 - INFO - Starting seed=0
2025-08-04 18:47:40,845 - INFO - A_teacher is 0.6540995836257935
2025-08-04 18:47:40,849 - INFO - Starting G&C
2025-08-04 18:47:46,460 - INFO - Finished G&C, time elapsed=5.610936880111694s
2025-08-04 18:47:46,460 - INFO - Finished seed=0
2025-08-04 18:47:46,461 - INFO - ----------------------------------------------------------------------------------------------------------------------------------------------
2025-08-04 18:47:46,464 - INFO - ----------------------------------------------------------------------------------------------------------------------------------------------
2025-08-04 18:47:46,464 - INFO - Finished student_dim=27
2025-08-04 18:47:46,464 - INFO - G&C avg gen_loss = 1.180399864912033
2025-08-04 18:47:46,464 - INFO - ----------------------------------------------------------------------------------------------------------------------------------------------
2025-08-04 18:47:46,464 - INFO - Starting student_dim=28
2025-08-04 18:47:46,464 - INFO - Starting seed=0
2025-08-04 18:47:46,465 - INFO - A_teacher is 0.6540995836257935
2025-08-04 18:47:46,470 - INFO - Starting G&C
2025-08-04 18:47:52,268 - INFO - Finished G&C, time elapsed=5.7975709438323975s
2025-08-04 18:47:52,268 - INFO - Finished seed=0
2025-08-04 18:47:52,268 - INFO - ----------------------------------------------------------------------------------------------------------------------------------------------
2025-08-04 18:47:52,268 - INFO - ----------------------------------------------------------------------------------------------------------------------------------------------
2025-08-04 18:47:52,268 - INFO - Finished student_dim=28
2025-08-04 18:47:52,268 - INFO - G&C avg gen_loss = 3.1982356044981213
2025-08-04 18:47:52,268 - INFO - ----------------------------------------------------------------------------------------------------------------------------------------------
2025-08-04 18:47:52,268 - INFO - Starting student_dim=29
2025-08-04 18:47:52,268 - INFO - Starting seed=0
2025-08-04 18:47:52,269 - INFO - A_teacher is 0.6540995836257935
2025-08-04 18:47:52,273 - INFO - Starting G&C
2025-08-04 18:47:58,182 - INFO - Finished G&C, time elapsed=5.908843994140625s
2025-08-04 18:47:58,183 - INFO - Finished seed=0
2025-08-04 18:47:58,183 - INFO - ----------------------------------------------------------------------------------------------------------------------------------------------
2025-08-04 18:47:58,183 - INFO - ----------------------------------------------------------------------------------------------------------------------------------------------
2025-08-04 18:47:58,183 - INFO - Finished student_dim=29
2025-08-04 18:47:58,183 - INFO - G&C avg gen_loss = 3.004591132913317
2025-08-04 18:47:58,183 - INFO - ----------------------------------------------------------------------------------------------------------------------------------------------
2025-08-04 18:47:58,183 - INFO - Starting student_dim=30
2025-08-04 18:47:58,183 - INFO - Starting seed=0
2025-08-04 18:47:58,184 - INFO - A_teacher is 0.6540995836257935
2025-08-04 18:47:58,188 - INFO - Starting G&C
2025-08-04 18:48:04,394 - INFO - Finished G&C, time elapsed=6.20601487159729s
2025-08-04 18:48:04,395 - INFO - Finished seed=0
2025-08-04 18:48:04,395 - INFO - ----------------------------------------------------------------------------------------------------------------------------------------------
2025-08-04 18:48:04,395 - INFO - ----------------------------------------------------------------------------------------------------------------------------------------------
2025-08-04 18:48:04,395 - INFO - Finished student_dim=30
2025-08-04 18:48:04,395 - INFO - G&C avg gen_loss = 2.540001392364502
2025-08-04 18:48:04,395 - INFO - ----------------------------------------------------------------------------------------------------------------------------------------------
2025-08-04 18:48:04,395 - INFO - Starting student_dim=31
2025-08-04 18:48:04,395 - INFO - Starting seed=0
2025-08-04 18:48:04,396 - INFO - A_teacher is 0.6540995836257935
2025-08-04 18:48:04,400 - INFO - Starting G&C
2025-08-04 18:48:10,540 - INFO - Finished G&C, time elapsed=6.140499830245972s
2025-08-04 18:48:10,541 - INFO - Finished seed=0
2025-08-04 18:48:10,541 - INFO - ----------------------------------------------------------------------------------------------------------------------------------------------
2025-08-04 18:48:10,541 - INFO - ----------------------------------------------------------------------------------------------------------------------------------------------
2025-08-04 18:48:10,541 - INFO - Finished student_dim=31
2025-08-04 18:48:10,541 - INFO - G&C avg gen_loss = 1.7201695640881856
2025-08-04 18:48:10,541 - INFO - ----------------------------------------------------------------------------------------------------------------------------------------------
2025-08-04 18:48:10,541 - INFO - Starting student_dim=32
2025-08-04 18:48:10,541 - INFO - Starting seed=0
2025-08-04 18:48:10,542 - INFO - A_teacher is 0.6540995836257935
2025-08-04 18:48:10,546 - INFO - Starting G&C
2025-08-04 18:48:16,901 - INFO - Finished G&C, time elapsed=6.355103969573975s
2025-08-04 18:48:16,901 - INFO - Finished seed=0
2025-08-04 18:48:16,902 - INFO - ----------------------------------------------------------------------------------------------------------------------------------------------
2025-08-04 18:48:16,902 - INFO - ----------------------------------------------------------------------------------------------------------------------------------------------
2025-08-04 18:48:16,902 - INFO - Finished student_dim=32
2025-08-04 18:48:16,902 - INFO - G&C avg gen_loss = 1.723827064037323
2025-08-04 18:48:16,902 - INFO - ----------------------------------------------------------------------------------------------------------------------------------------------
2025-08-04 18:48:16,902 - INFO - Starting student_dim=33
2025-08-04 18:48:16,902 - INFO - Starting seed=0
2025-08-04 18:48:16,903 - INFO - A_teacher is 0.6540995836257935
2025-08-04 18:48:16,906 - INFO - Starting G&C
2025-08-04 18:48:23,784 - INFO - Finished G&C, time elapsed=6.877880096435547s
2025-08-04 18:48:23,785 - INFO - Finished seed=0
2025-08-04 18:48:23,785 - INFO - ----------------------------------------------------------------------------------------------------------------------------------------------
2025-08-04 18:48:23,785 - INFO - ----------------------------------------------------------------------------------------------------------------------------------------------
2025-08-04 18:48:23,785 - INFO - Finished student_dim=33
2025-08-04 18:48:23,785 - INFO - G&C avg gen_loss = 1.902458667755127
2025-08-04 18:48:23,785 - INFO - ----------------------------------------------------------------------------------------------------------------------------------------------
2025-08-04 18:48:23,785 - INFO - Starting student_dim=34
2025-08-04 18:48:23,785 - INFO - Starting seed=0
2025-08-04 18:48:23,786 - INFO - A_teacher is 0.6540995836257935
2025-08-04 18:48:23,790 - INFO - Starting G&C
2025-08-04 18:48:30,912 - INFO - Finished G&C, time elapsed=7.121805906295776s
2025-08-04 18:48:30,913 - INFO - Finished seed=0
2025-08-04 18:48:30,913 - INFO - ----------------------------------------------------------------------------------------------------------------------------------------------
2025-08-04 18:48:30,913 - INFO - ----------------------------------------------------------------------------------------------------------------------------------------------
2025-08-04 18:48:30,913 - INFO - Finished student_dim=34
2025-08-04 18:48:30,914 - INFO - G&C avg gen_loss = 4.528340528408687
2025-08-04 18:48:30,914 - INFO - ----------------------------------------------------------------------------------------------------------------------------------------------
2025-08-04 18:48:31,194 - INFO - Finished experiments, results saved to results_gnc_seq_len=5_num_measurements=1_input_e1=True_time=20250804-184830.csv, figures saved to plot_gnc_seq_len=5_num_measurements=1_input_e1=True_time=20250804-184830
