2025-08-04 21:45:44,833 - INFO - Using device mps.
2025-08-04 21:45:44,833 - INFO - Args: Namespace(num_seeds=1, num_measurements=1, input_e1=True, sequence_length=5, teacher_ranks=[1], student_dims=[10, 11, 12, 13, 14, 15, 16, 17, 18, 19, 20, 21, 22, 23, 24, 25, 26, 27, 28, 29], calc_loss_only_on_last_output=True, eps_train=1e-15, gnc=True, gnc_num_samples=1000000000, gnc_batch_size=10000000, gd=False, gd_lr=0.001, gd_epochs=1000000, gd_init_scale=0.01, gd_optimizer='adam', config=None, results_dir=PosixPath('results'), figures_dir=PosixPath('figures'), log_dir=PosixPath('logs'))
2025-08-04 21:45:44,844 - INFO - Starting teacher_rank=1
2025-08-04 21:45:44,844 - INFO - Starting student_dim=10
2025-08-04 21:45:44,844 - INFO - Starting seed=0
2025-08-04 21:45:44,851 - INFO - A_teacher is 0.542461633682251
2025-08-04 21:45:44,897 - INFO - Starting G&C
2025-08-04 21:48:07,250 - INFO - Finished G&C, time elapsed=142.35093188285828s
2025-08-04 21:48:07,253 - INFO - Finished seed=0
2025-08-04 21:48:07,257 - INFO - ----------------------------------------------------------------------------------------------------------------------------------------------
2025-08-04 21:48:07,257 - INFO - ----------------------------------------------------------------------------------------------------------------------------------------------
2025-08-04 21:48:07,257 - INFO - Finished student_dim=10
2025-08-04 21:48:07,262 - INFO - G&C avg gen_loss = 1.364919139596168
2025-08-04 21:48:07,262 - INFO - ----------------------------------------------------------------------------------------------------------------------------------------------
2025-08-04 21:48:07,263 - INFO - Starting student_dim=11
2025-08-04 21:48:07,264 - INFO - Starting seed=0
2025-08-04 21:48:07,269 - INFO - A_teacher is 0.6540995836257935
2025-08-04 21:48:07,282 - INFO - Starting G&C
2025-08-04 21:50:23,010 - INFO - Finished G&C, time elapsed=135.72681093215942s
2025-08-04 21:50:23,013 - INFO - Finished seed=0
2025-08-04 21:50:23,016 - INFO - ----------------------------------------------------------------------------------------------------------------------------------------------
2025-08-04 21:50:23,016 - INFO - ----------------------------------------------------------------------------------------------------------------------------------------------
2025-08-04 21:50:23,016 - INFO - Finished student_dim=11
2025-08-04 21:50:23,020 - INFO - G&C avg gen_loss = 1.4394111910627947
2025-08-04 21:50:23,020 - INFO - ----------------------------------------------------------------------------------------------------------------------------------------------
2025-08-04 21:50:23,020 - INFO - Starting student_dim=12
2025-08-04 21:50:23,021 - INFO - Starting seed=0
2025-08-04 21:50:23,026 - INFO - A_teacher is 0.6540995836257935
2025-08-04 21:50:23,040 - INFO - Starting G&C
2025-08-04 21:52:42,998 - INFO - Finished G&C, time elapsed=139.9565508365631s
2025-08-04 21:52:43,000 - INFO - Finished seed=0
2025-08-04 21:52:43,003 - INFO - ----------------------------------------------------------------------------------------------------------------------------------------------
2025-08-04 21:52:43,003 - INFO - ----------------------------------------------------------------------------------------------------------------------------------------------
2025-08-04 21:52:43,003 - INFO - Finished student_dim=12
2025-08-04 21:52:43,006 - INFO - G&C avg gen_loss = 1.8522527952763168
2025-08-04 21:52:43,006 - INFO - ----------------------------------------------------------------------------------------------------------------------------------------------
2025-08-04 21:52:43,006 - INFO - Starting student_dim=13
2025-08-04 21:52:43,008 - INFO - Starting seed=0
2025-08-04 21:52:43,015 - INFO - A_teacher is 0.6540995836257935
2025-08-04 21:52:43,037 - INFO - Starting G&C
2025-08-04 21:55:01,318 - INFO - Finished G&C, time elapsed=138.27977514266968s
2025-08-04 21:55:01,319 - INFO - Finished seed=0
2025-08-04 21:55:01,322 - INFO - ----------------------------------------------------------------------------------------------------------------------------------------------
2025-08-04 21:55:01,322 - INFO - ----------------------------------------------------------------------------------------------------------------------------------------------
2025-08-04 21:55:01,322 - INFO - Finished student_dim=13
2025-08-04 21:55:01,325 - INFO - G&C avg gen_loss = 2.153823766708374
2025-08-04 21:55:01,325 - INFO - ----------------------------------------------------------------------------------------------------------------------------------------------
2025-08-04 21:55:01,325 - INFO - Starting student_dim=14
2025-08-04 21:55:01,326 - INFO - Starting seed=0
2025-08-04 21:55:01,334 - INFO - A_teacher is 0.6540995836257935
2025-08-04 21:55:01,357 - INFO - Starting G&C
2025-08-04 22:13:50,073 - INFO - Finished G&C, time elapsed=1128.7096519470215s
2025-08-04 22:13:50,075 - INFO - Finished seed=0
2025-08-04 22:13:50,076 - INFO - ----------------------------------------------------------------------------------------------------------------------------------------------
2025-08-04 22:13:50,076 - INFO - ----------------------------------------------------------------------------------------------------------------------------------------------
2025-08-04 22:13:50,076 - INFO - Finished student_dim=14
2025-08-04 22:13:50,078 - INFO - G&C avg gen_loss = 1.565383144115147
2025-08-04 22:13:50,078 - INFO - ----------------------------------------------------------------------------------------------------------------------------------------------
2025-08-04 22:13:50,079 - INFO - Starting student_dim=15
2025-08-04 22:13:50,079 - INFO - Starting seed=0
2025-08-04 22:13:50,086 - INFO - A_teacher is 0.6540995836257935
2025-08-04 22:13:50,103 - INFO - Starting G&C
2025-08-04 22:16:11,132 - INFO - Finished G&C, time elapsed=141.02573895454407s
2025-08-04 22:16:11,138 - INFO - Finished seed=0
2025-08-04 22:16:11,158 - INFO - ----------------------------------------------------------------------------------------------------------------------------------------------
2025-08-04 22:16:11,158 - INFO - ----------------------------------------------------------------------------------------------------------------------------------------------
2025-08-04 22:16:11,158 - INFO - Finished student_dim=15
2025-08-04 22:16:11,189 - INFO - G&C avg gen_loss = 2.263796128075698
2025-08-04 22:16:11,189 - INFO - ----------------------------------------------------------------------------------------------------------------------------------------------
2025-08-04 22:16:11,189 - INFO - Starting student_dim=16
2025-08-04 22:16:11,196 - INFO - Starting seed=0
2025-08-04 22:16:11,232 - INFO - A_teacher is 0.6540995836257935
2025-08-04 22:16:11,321 - INFO - Starting G&C
2025-08-04 22:18:37,681 - INFO - Finished G&C, time elapsed=146.35642504692078s
2025-08-04 22:18:37,682 - INFO - Finished seed=0
2025-08-04 22:18:37,684 - INFO - ----------------------------------------------------------------------------------------------------------------------------------------------
2025-08-04 22:18:37,684 - INFO - ----------------------------------------------------------------------------------------------------------------------------------------------
2025-08-04 22:18:37,684 - INFO - Finished student_dim=16
2025-08-04 22:18:37,688 - INFO - G&C avg gen_loss = 2.0005039498209953
2025-08-04 22:18:37,688 - INFO - ----------------------------------------------------------------------------------------------------------------------------------------------
2025-08-04 22:18:37,688 - INFO - Starting student_dim=17
2025-08-04 22:18:37,689 - INFO - Starting seed=0
2025-08-04 22:18:37,695 - INFO - A_teacher is 0.6540995836257935
2025-08-04 22:18:37,725 - INFO - Starting G&C
2025-08-04 22:21:10,112 - INFO - Finished G&C, time elapsed=152.38454723358154s
2025-08-04 22:21:10,115 - INFO - Finished seed=0
2025-08-04 22:21:10,117 - INFO - ----------------------------------------------------------------------------------------------------------------------------------------------
2025-08-04 22:21:10,117 - INFO - ----------------------------------------------------------------------------------------------------------------------------------------------
2025-08-04 22:21:10,117 - INFO - Finished student_dim=17
2025-08-04 22:21:10,120 - INFO - G&C avg gen_loss = 2.641704314825486
2025-08-04 22:21:10,120 - INFO - ----------------------------------------------------------------------------------------------------------------------------------------------
2025-08-04 22:21:10,120 - INFO - Starting student_dim=18
2025-08-04 22:21:10,121 - INFO - Starting seed=0
2025-08-04 22:21:10,126 - INFO - A_teacher is 0.6540995836257935
2025-08-04 22:21:10,157 - INFO - Starting G&C
2025-08-04 22:23:41,943 - INFO - Finished G&C, time elapsed=151.78333592414856s
2025-08-04 22:23:41,945 - INFO - Finished seed=0
2025-08-04 22:23:41,951 - INFO - ----------------------------------------------------------------------------------------------------------------------------------------------
2025-08-04 22:23:41,951 - INFO - ----------------------------------------------------------------------------------------------------------------------------------------------
2025-08-04 22:23:41,951 - INFO - Finished student_dim=18
2025-08-04 22:23:41,954 - INFO - G&C avg gen_loss = 2.877501283751594
2025-08-04 22:23:41,954 - INFO - ----------------------------------------------------------------------------------------------------------------------------------------------
2025-08-04 22:23:41,954 - INFO - Starting student_dim=19
2025-08-04 22:23:41,955 - INFO - Starting seed=0
2025-08-04 22:23:41,961 - INFO - A_teacher is 0.6540995836257935
2025-08-04 22:23:41,979 - INFO - Starting G&C
2025-08-04 22:59:09,983 - INFO - Finished G&C, time elapsed=2128.0016100406647s
2025-08-04 22:59:09,985 - INFO - Finished seed=0
2025-08-04 22:59:09,987 - INFO - ----------------------------------------------------------------------------------------------------------------------------------------------
2025-08-04 22:59:09,987 - INFO - ----------------------------------------------------------------------------------------------------------------------------------------------
2025-08-04 22:59:09,987 - INFO - Finished student_dim=19
2025-08-04 22:59:09,989 - INFO - G&C avg gen_loss = 1.9225954090555508
2025-08-04 22:59:09,991 - INFO - ----------------------------------------------------------------------------------------------------------------------------------------------
2025-08-04 22:59:09,991 - INFO - Starting student_dim=20
2025-08-04 22:59:09,991 - INFO - Starting seed=0
2025-08-04 22:59:09,998 - INFO - A_teacher is 0.6540995836257935
2025-08-04 22:59:10,021 - INFO - Starting G&C
2025-08-04 23:33:08,746 - INFO - Finished G&C, time elapsed=2038.7237920761108s
2025-08-04 23:33:08,750 - INFO - Finished seed=0
2025-08-04 23:33:08,752 - INFO - ----------------------------------------------------------------------------------------------------------------------------------------------
2025-08-04 23:33:08,752 - INFO - ----------------------------------------------------------------------------------------------------------------------------------------------
2025-08-04 23:33:08,752 - INFO - Finished student_dim=20
2025-08-04 23:33:08,754 - INFO - G&C avg gen_loss = 1.7051457374725703
2025-08-04 23:33:08,754 - INFO - ----------------------------------------------------------------------------------------------------------------------------------------------
2025-08-04 23:33:08,755 - INFO - Starting student_dim=21
2025-08-04 23:33:08,756 - INFO - Starting seed=0
2025-08-04 23:33:08,763 - INFO - A_teacher is 0.6540995836257935
2025-08-04 23:33:08,786 - INFO - Starting G&C
2025-08-04 23:35:52,763 - INFO - Finished G&C, time elapsed=163.9696090221405s
2025-08-04 23:35:52,776 - INFO - Finished seed=0
2025-08-04 23:35:52,787 - INFO - ----------------------------------------------------------------------------------------------------------------------------------------------
2025-08-04 23:35:52,787 - INFO - ----------------------------------------------------------------------------------------------------------------------------------------------
2025-08-04 23:35:52,787 - INFO - Finished student_dim=21
2025-08-04 23:35:52,794 - INFO - G&C avg gen_loss = 2.7715981006622314
2025-08-04 23:35:52,794 - INFO - ----------------------------------------------------------------------------------------------------------------------------------------------
2025-08-04 23:35:52,795 - INFO - Starting student_dim=22
2025-08-04 23:35:52,799 - INFO - Starting seed=0
2025-08-04 23:35:52,812 - INFO - A_teacher is 0.6540995836257935
2025-08-04 23:35:52,900 - INFO - Starting G&C
2025-08-04 23:38:32,154 - INFO - Finished G&C, time elapsed=159.2510859966278s
2025-08-04 23:38:32,157 - INFO - Finished seed=0
2025-08-04 23:38:32,162 - INFO - ----------------------------------------------------------------------------------------------------------------------------------------------
2025-08-04 23:38:32,162 - INFO - ----------------------------------------------------------------------------------------------------------------------------------------------
2025-08-04 23:38:32,162 - INFO - Finished student_dim=22
2025-08-04 23:38:32,165 - INFO - G&C avg gen_loss = 1.8995819636961309
2025-08-04 23:38:32,165 - INFO - ----------------------------------------------------------------------------------------------------------------------------------------------
2025-08-04 23:38:32,165 - INFO - Starting student_dim=23
2025-08-04 23:38:32,168 - INFO - Starting seed=0
2025-08-04 23:38:32,180 - INFO - A_teacher is 0.6540995836257935
2025-08-04 23:38:32,218 - INFO - Starting G&C
2025-08-04 23:41:11,063 - INFO - Finished G&C, time elapsed=158.84351706504822s
2025-08-04 23:41:11,066 - INFO - Finished seed=0
2025-08-04 23:41:11,068 - INFO - ----------------------------------------------------------------------------------------------------------------------------------------------
2025-08-04 23:41:11,068 - INFO - ----------------------------------------------------------------------------------------------------------------------------------------------
2025-08-04 23:41:11,068 - INFO - Finished student_dim=23
2025-08-04 23:41:11,070 - INFO - G&C avg gen_loss = 3.1711330439363206
2025-08-04 23:41:11,071 - INFO - ----------------------------------------------------------------------------------------------------------------------------------------------
2025-08-04 23:41:11,071 - INFO - Starting student_dim=24
2025-08-04 23:41:11,072 - INFO - Starting seed=0
2025-08-04 23:41:11,079 - INFO - A_teacher is 0.6540995836257935
2025-08-04 23:41:11,107 - INFO - Starting G&C
2025-08-04 23:43:48,736 - INFO - Finished G&C, time elapsed=157.62765169143677s
2025-08-04 23:43:48,740 - INFO - Finished seed=0
2025-08-04 23:43:48,742 - INFO - ----------------------------------------------------------------------------------------------------------------------------------------------
2025-08-04 23:43:48,742 - INFO - ----------------------------------------------------------------------------------------------------------------------------------------------
2025-08-04 23:43:48,742 - INFO - Finished student_dim=24
2025-08-04 23:43:48,745 - INFO - G&C avg gen_loss = 2.5864281562658458
2025-08-04 23:43:48,745 - INFO - ----------------------------------------------------------------------------------------------------------------------------------------------
2025-08-04 23:43:48,745 - INFO - Starting student_dim=25
2025-08-04 23:43:48,746 - INFO - Starting seed=0
2025-08-04 23:43:48,751 - INFO - A_teacher is 0.6540995836257935
2025-08-04 23:43:48,781 - INFO - Starting G&C
2025-08-04 23:46:36,282 - INFO - Finished G&C, time elapsed=167.4990541934967s
2025-08-04 23:46:36,286 - INFO - Finished seed=0
2025-08-04 23:46:36,294 - INFO - ----------------------------------------------------------------------------------------------------------------------------------------------
2025-08-04 23:46:36,294 - INFO - ----------------------------------------------------------------------------------------------------------------------------------------------
2025-08-04 23:46:36,294 - INFO - Finished student_dim=25
2025-08-04 23:46:36,297 - INFO - G&C avg gen_loss = 2.541038438677788
2025-08-04 23:46:36,297 - INFO - ----------------------------------------------------------------------------------------------------------------------------------------------
2025-08-04 23:46:36,297 - INFO - Starting student_dim=26
2025-08-04 23:46:36,298 - INFO - Starting seed=0
2025-08-04 23:46:36,305 - INFO - A_teacher is 0.6540995836257935
2025-08-04 23:46:36,333 - INFO - Starting G&C
2025-08-04 23:49:23,895 - INFO - Finished G&C, time elapsed=167.56042194366455s
2025-08-04 23:49:23,898 - INFO - Finished seed=0
2025-08-04 23:49:23,900 - INFO - ----------------------------------------------------------------------------------------------------------------------------------------------
2025-08-04 23:49:23,900 - INFO - ----------------------------------------------------------------------------------------------------------------------------------------------
2025-08-04 23:49:23,900 - INFO - Finished student_dim=26
2025-08-04 23:49:23,904 - INFO - G&C avg gen_loss = 2.9719801438160434
2025-08-04 23:49:23,904 - INFO - ----------------------------------------------------------------------------------------------------------------------------------------------
2025-08-04 23:49:23,904 - INFO - Starting student_dim=27
2025-08-04 23:49:23,905 - INFO - Starting seed=0
2025-08-04 23:49:23,912 - INFO - A_teacher is 0.6540995836257935
2025-08-04 23:49:23,941 - INFO - Starting G&C
2025-08-04 23:51:50,888 - INFO - Finished G&C, time elapsed=146.94598126411438s
2025-08-04 23:51:50,891 - INFO - Finished seed=0
2025-08-04 23:51:50,894 - INFO - ----------------------------------------------------------------------------------------------------------------------------------------------
2025-08-04 23:51:50,894 - INFO - ----------------------------------------------------------------------------------------------------------------------------------------------
2025-08-04 23:51:50,894 - INFO - Finished student_dim=27
2025-08-04 23:51:50,896 - INFO - G&C avg gen_loss = 3.3253529362189465
2025-08-04 23:51:50,896 - INFO - ----------------------------------------------------------------------------------------------------------------------------------------------
2025-08-04 23:51:50,897 - INFO - Starting student_dim=28
2025-08-04 23:51:50,898 - INFO - Starting seed=0
2025-08-04 23:51:50,903 - INFO - A_teacher is 0.6540995836257935
2025-08-04 23:51:50,938 - INFO - Starting G&C
2025-08-04 23:54:15,814 - INFO - Finished G&C, time elapsed=144.8750877380371s
2025-08-04 23:54:15,817 - INFO - Finished seed=0
2025-08-04 23:54:15,819 - INFO - ----------------------------------------------------------------------------------------------------------------------------------------------
2025-08-04 23:54:15,819 - INFO - ----------------------------------------------------------------------------------------------------------------------------------------------
2025-08-04 23:54:15,819 - INFO - Finished student_dim=28
2025-08-04 23:54:15,822 - INFO - G&C avg gen_loss = 2.166669764395418
2025-08-04 23:54:15,822 - INFO - ----------------------------------------------------------------------------------------------------------------------------------------------
2025-08-04 23:54:15,822 - INFO - Starting student_dim=29
2025-08-04 23:54:15,823 - INFO - Starting seed=0
2025-08-04 23:54:15,830 - INFO - A_teacher is 0.6540995836257935
2025-08-04 23:54:15,867 - INFO - Starting G&C
2025-08-04 23:56:39,040 - INFO - Finished G&C, time elapsed=143.1720519065857s
2025-08-04 23:56:39,043 - INFO - Finished seed=0
2025-08-04 23:56:39,045 - INFO - ----------------------------------------------------------------------------------------------------------------------------------------------
2025-08-04 23:56:39,045 - INFO - ----------------------------------------------------------------------------------------------------------------------------------------------
2025-08-04 23:56:39,045 - INFO - Finished student_dim=29
2025-08-04 23:56:39,048 - INFO - G&C avg gen_loss = 2.100728142720002
2025-08-04 23:56:39,048 - INFO - ----------------------------------------------------------------------------------------------------------------------------------------------
2025-08-04 23:56:39,611 - INFO - Finished experiments, results saved to results_gnc_seq_len=5_num_measurements=1_input_e1=True_time=20250804-235639.csv, figures saved to plot_gnc_seq_len=5_num_measurements=1_input_e1=True_time=20250804-235639
