2025-08-04 17:58:34,579 - INFO - Using device mps.
2025-08-04 17:58:34,579 - INFO - Args: Namespace(num_seeds=1, num_measurements=1, input_e1=True, sequence_length=5, teacher_ranks=[1], student_dims=[10, 11, 12, 13, 14, 15, 16, 17, 18, 19, 20, 21, 22, 23, 24, 25, 26, 27, 28, 29, 30, 31, 32, 33, 34], calc_loss_only_on_last_output=True, eps_train=1e-10, gnc=True, gnc_num_samples=100000000, gnc_batch_size=1000000, gd=False, gd_lr=0.001, gd_epochs=1000000, gd_init_scale=0.01, gd_optimizer='adam', config=None, results_dir=PosixPath('results'), figures_dir=PosixPath('figures'), log_dir=PosixPath('logs'))
2025-08-04 17:58:34,588 - INFO - Starting teacher_rank=1
2025-08-04 17:58:34,588 - INFO - Starting student_dim=10
2025-08-04 17:58:34,589 - INFO - Starting seed=0
2025-08-04 17:58:34,594 - INFO - A_teacher is 0.6911773085594177
2025-08-04 17:58:34,618 - INFO - Starting G&C
2025-08-04 17:58:38,847 - INFO - Finished G&C, time elapsed=4.228644132614136s
2025-08-04 17:58:38,847 - INFO - Finished seed=0
2025-08-04 17:58:38,847 - INFO - ----------------------------------------------------------------------------------------------------------------------------------------------
2025-08-04 17:58:38,848 - INFO - ----------------------------------------------------------------------------------------------------------------------------------------------
2025-08-04 17:58:38,848 - INFO - Finished student_dim=10
2025-08-04 17:58:38,848 - INFO - G&C avg gen_loss = 1.9897062686010658
2025-08-04 17:58:38,848 - INFO - ----------------------------------------------------------------------------------------------------------------------------------------------
2025-08-04 17:58:38,848 - INFO - Starting student_dim=11
2025-08-04 17:58:38,848 - INFO - Starting seed=0
2025-08-04 17:58:38,849 - INFO - A_teacher is 0.6540995836257935
2025-08-04 17:58:38,854 - INFO - Starting G&C
2025-08-04 17:58:43,126 - INFO - Finished G&C, time elapsed=4.271573066711426s
2025-08-04 17:58:43,126 - INFO - Finished seed=0
2025-08-04 17:58:43,126 - INFO - ----------------------------------------------------------------------------------------------------------------------------------------------
2025-08-04 17:58:43,126 - INFO - ----------------------------------------------------------------------------------------------------------------------------------------------
2025-08-04 17:58:43,126 - INFO - Finished student_dim=11
2025-08-04 17:58:43,126 - INFO - G&C avg gen_loss = 1.7904341280844054
2025-08-04 17:58:43,126 - INFO - ----------------------------------------------------------------------------------------------------------------------------------------------
2025-08-04 17:58:43,126 - INFO - Starting student_dim=12
2025-08-04 17:58:43,126 - INFO - Starting seed=0
2025-08-04 17:58:43,127 - INFO - A_teacher is 0.6540995836257935
2025-08-04 17:58:43,132 - INFO - Starting G&C
2025-08-04 17:58:47,499 - INFO - Finished G&C, time elapsed=4.366874933242798s
2025-08-04 17:58:47,499 - INFO - Finished seed=0
2025-08-04 17:58:47,499 - INFO - ----------------------------------------------------------------------------------------------------------------------------------------------
2025-08-04 17:58:47,499 - INFO - ----------------------------------------------------------------------------------------------------------------------------------------------
2025-08-04 17:58:47,499 - INFO - Finished student_dim=12
2025-08-04 17:58:47,499 - INFO - G&C avg gen_loss = 1.8022125629330827
2025-08-04 17:58:47,499 - INFO - ----------------------------------------------------------------------------------------------------------------------------------------------
2025-08-04 17:58:47,499 - INFO - Starting student_dim=13
2025-08-04 17:58:47,499 - INFO - Starting seed=0
2025-08-04 17:58:47,500 - INFO - A_teacher is 0.6540995836257935
2025-08-04 17:58:47,504 - INFO - Starting G&C
2025-08-04 17:58:51,973 - INFO - Finished G&C, time elapsed=4.468325853347778s
2025-08-04 17:58:51,973 - INFO - Finished seed=0
2025-08-04 17:58:51,973 - INFO - ----------------------------------------------------------------------------------------------------------------------------------------------
2025-08-04 17:58:51,973 - INFO - ----------------------------------------------------------------------------------------------------------------------------------------------
2025-08-04 17:58:51,973 - INFO - Finished student_dim=13
2025-08-04 17:58:51,973 - INFO - G&C avg gen_loss = 1.8718568767839665
2025-08-04 17:58:51,973 - INFO - ----------------------------------------------------------------------------------------------------------------------------------------------
2025-08-04 17:58:51,973 - INFO - Starting student_dim=14
2025-08-04 17:58:51,973 - INFO - Starting seed=0
2025-08-04 17:58:51,974 - INFO - A_teacher is 0.6540995836257935
2025-08-04 17:58:51,978 - INFO - Starting G&C
2025-08-04 17:58:56,489 - INFO - Finished G&C, time elapsed=4.510972023010254s
2025-08-04 17:58:56,489 - INFO - Finished seed=0
2025-08-04 17:58:56,489 - INFO - ----------------------------------------------------------------------------------------------------------------------------------------------
2025-08-04 17:58:56,489 - INFO - ----------------------------------------------------------------------------------------------------------------------------------------------
2025-08-04 17:58:56,489 - INFO - Finished student_dim=14
2025-08-04 17:58:56,489 - INFO - G&C avg gen_loss = 1.9376745947963414
2025-08-04 17:58:56,489 - INFO - ----------------------------------------------------------------------------------------------------------------------------------------------
2025-08-04 17:58:56,489 - INFO - Starting student_dim=15
2025-08-04 17:58:56,490 - INFO - Starting seed=0
2025-08-04 17:58:56,491 - INFO - A_teacher is 0.6540995836257935
2025-08-04 17:58:56,495 - INFO - Starting G&C
2025-08-04 17:59:01,074 - INFO - Finished G&C, time elapsed=4.579396963119507s
2025-08-04 17:59:01,074 - INFO - Finished seed=0
2025-08-04 17:59:01,074 - INFO - ----------------------------------------------------------------------------------------------------------------------------------------------
2025-08-04 17:59:01,074 - INFO - ----------------------------------------------------------------------------------------------------------------------------------------------
2025-08-04 17:59:01,074 - INFO - Finished student_dim=15
2025-08-04 17:59:01,075 - INFO - G&C avg gen_loss = 2.05720014220143
2025-08-04 17:59:01,075 - INFO - ----------------------------------------------------------------------------------------------------------------------------------------------
2025-08-04 17:59:01,075 - INFO - Starting student_dim=16
2025-08-04 17:59:01,075 - INFO - Starting seed=0
2025-08-04 17:59:01,076 - INFO - A_teacher is 0.6540995836257935
2025-08-04 17:59:01,080 - INFO - Starting G&C
2025-08-04 17:59:05,794 - INFO - Finished G&C, time elapsed=4.713477849960327s
2025-08-04 17:59:05,794 - INFO - Finished seed=0
2025-08-04 17:59:05,794 - INFO - ----------------------------------------------------------------------------------------------------------------------------------------------
2025-08-04 17:59:05,794 - INFO - ----------------------------------------------------------------------------------------------------------------------------------------------
2025-08-04 17:59:05,794 - INFO - Finished student_dim=16
2025-08-04 17:59:05,794 - INFO - G&C avg gen_loss = 2.0889461100186293
2025-08-04 17:59:05,794 - INFO - ----------------------------------------------------------------------------------------------------------------------------------------------
2025-08-04 17:59:05,794 - INFO - Starting student_dim=17
2025-08-04 17:59:05,794 - INFO - Starting seed=0
2025-08-04 17:59:05,795 - INFO - A_teacher is 0.6540995836257935
2025-08-04 17:59:05,798 - INFO - Starting G&C
2025-08-04 17:59:10,556 - INFO - Finished G&C, time elapsed=4.757843971252441s
2025-08-04 17:59:10,556 - INFO - Finished seed=0
2025-08-04 17:59:10,556 - INFO - ----------------------------------------------------------------------------------------------------------------------------------------------
2025-08-04 17:59:10,556 - INFO - ----------------------------------------------------------------------------------------------------------------------------------------------
2025-08-04 17:59:10,556 - INFO - Finished student_dim=17
2025-08-04 17:59:10,557 - INFO - G&C avg gen_loss = 2.0546530260521045
2025-08-04 17:59:10,557 - INFO - ----------------------------------------------------------------------------------------------------------------------------------------------
2025-08-04 17:59:10,557 - INFO - Starting student_dim=18
2025-08-04 17:59:10,557 - INFO - Starting seed=0
2025-08-04 17:59:10,558 - INFO - A_teacher is 0.6540995836257935
2025-08-04 17:59:10,561 - INFO - Starting G&C
2025-08-04 17:59:15,560 - INFO - Finished G&C, time elapsed=4.999061107635498s
2025-08-04 17:59:15,560 - INFO - Finished seed=0
2025-08-04 17:59:15,560 - INFO - ----------------------------------------------------------------------------------------------------------------------------------------------
2025-08-04 17:59:15,560 - INFO - ----------------------------------------------------------------------------------------------------------------------------------------------
2025-08-04 17:59:15,560 - INFO - Finished student_dim=18
2025-08-04 17:59:15,561 - INFO - G&C avg gen_loss = 2.207353393723582
2025-08-04 17:59:15,561 - INFO - ----------------------------------------------------------------------------------------------------------------------------------------------
2025-08-04 17:59:15,561 - INFO - Starting student_dim=19
2025-08-04 17:59:15,561 - INFO - Starting seed=0
2025-08-04 17:59:15,562 - INFO - A_teacher is 0.6540995836257935
2025-08-04 17:59:15,566 - INFO - Starting G&C
2025-08-04 17:59:20,558 - INFO - Finished G&C, time elapsed=4.9926698207855225s
2025-08-04 17:59:20,558 - INFO - Finished seed=0
2025-08-04 17:59:20,559 - INFO - ----------------------------------------------------------------------------------------------------------------------------------------------
2025-08-04 17:59:20,559 - INFO - ----------------------------------------------------------------------------------------------------------------------------------------------
2025-08-04 17:59:20,559 - INFO - Finished student_dim=19
2025-08-04 17:59:20,559 - INFO - G&C avg gen_loss = 2.273520363422922
2025-08-04 17:59:20,559 - INFO - ----------------------------------------------------------------------------------------------------------------------------------------------
2025-08-04 17:59:20,559 - INFO - Starting student_dim=20
2025-08-04 17:59:20,559 - INFO - Starting seed=0
2025-08-04 17:59:20,560 - INFO - A_teacher is 0.6540995836257935
2025-08-04 17:59:20,564 - INFO - Starting G&C
2025-08-04 17:59:25,736 - INFO - Finished G&C, time elapsed=5.171452045440674s
2025-08-04 17:59:25,736 - INFO - Finished seed=0
2025-08-04 17:59:25,736 - INFO - ----------------------------------------------------------------------------------------------------------------------------------------------
2025-08-04 17:59:25,736 - INFO - ----------------------------------------------------------------------------------------------------------------------------------------------
2025-08-04 17:59:25,736 - INFO - Finished student_dim=20
2025-08-04 17:59:25,736 - INFO - G&C avg gen_loss = 2.353508531005823
2025-08-04 17:59:25,736 - INFO - ----------------------------------------------------------------------------------------------------------------------------------------------
2025-08-04 17:59:25,736 - INFO - Starting student_dim=21
2025-08-04 17:59:25,736 - INFO - Starting seed=0
2025-08-04 17:59:25,737 - INFO - A_teacher is 0.6540995836257935
2025-08-04 17:59:25,740 - INFO - Starting G&C
2025-08-04 17:59:30,917 - INFO - Finished G&C, time elapsed=5.176193714141846s
2025-08-04 17:59:30,917 - INFO - Finished seed=0
2025-08-04 17:59:30,917 - INFO - ----------------------------------------------------------------------------------------------------------------------------------------------
2025-08-04 17:59:30,917 - INFO - ----------------------------------------------------------------------------------------------------------------------------------------------
2025-08-04 17:59:30,917 - INFO - Finished student_dim=21
2025-08-04 17:59:30,917 - INFO - G&C avg gen_loss = 2.3225835911890536
2025-08-04 17:59:30,917 - INFO - ----------------------------------------------------------------------------------------------------------------------------------------------
2025-08-04 17:59:30,917 - INFO - Starting student_dim=22
2025-08-04 17:59:30,917 - INFO - Starting seed=0
2025-08-04 17:59:30,918 - INFO - A_teacher is 0.6540995836257935
2025-08-04 17:59:30,922 - INFO - Starting G&C
2025-08-04 17:59:36,258 - INFO - Finished G&C, time elapsed=5.336106300354004s
2025-08-04 17:59:36,258 - INFO - Finished seed=0
2025-08-04 17:59:36,258 - INFO - ----------------------------------------------------------------------------------------------------------------------------------------------
2025-08-04 17:59:36,258 - INFO - ----------------------------------------------------------------------------------------------------------------------------------------------
2025-08-04 17:59:36,258 - INFO - Finished student_dim=22
2025-08-04 17:59:36,258 - INFO - G&C avg gen_loss = 2.390715219763821
2025-08-04 17:59:36,258 - INFO - ----------------------------------------------------------------------------------------------------------------------------------------------
2025-08-04 17:59:36,258 - INFO - Starting student_dim=23
2025-08-04 17:59:36,258 - INFO - Starting seed=0
2025-08-04 17:59:36,259 - INFO - A_teacher is 0.6540995836257935
2025-08-04 17:59:36,263 - INFO - Starting G&C
2025-08-04 17:59:41,707 - INFO - Finished G&C, time elapsed=5.444182872772217s
2025-08-04 17:59:41,707 - INFO - Finished seed=0
2025-08-04 17:59:41,707 - INFO - ----------------------------------------------------------------------------------------------------------------------------------------------
2025-08-04 17:59:41,707 - INFO - ----------------------------------------------------------------------------------------------------------------------------------------------
2025-08-04 17:59:41,707 - INFO - Finished student_dim=23
2025-08-04 17:59:41,707 - INFO - G&C avg gen_loss = 2.5010003944259998
2025-08-04 17:59:41,707 - INFO - ----------------------------------------------------------------------------------------------------------------------------------------------
2025-08-04 17:59:41,708 - INFO - Starting student_dim=24
2025-08-04 17:59:41,708 - INFO - Starting seed=0
2025-08-04 17:59:41,709 - INFO - A_teacher is 0.6540995836257935
2025-08-04 17:59:41,712 - INFO - Starting G&C
2025-08-04 17:59:47,102 - INFO - Finished G&C, time elapsed=5.389773845672607s
2025-08-04 17:59:47,102 - INFO - Finished seed=0
2025-08-04 17:59:47,102 - INFO - ----------------------------------------------------------------------------------------------------------------------------------------------
2025-08-04 17:59:47,102 - INFO - ----------------------------------------------------------------------------------------------------------------------------------------------
2025-08-04 17:59:47,102 - INFO - Finished student_dim=24
2025-08-04 17:59:47,102 - INFO - G&C avg gen_loss = 2.43711435138714
2025-08-04 17:59:47,102 - INFO - ----------------------------------------------------------------------------------------------------------------------------------------------
2025-08-04 17:59:47,102 - INFO - Starting student_dim=25
2025-08-04 17:59:47,102 - INFO - Starting seed=0
2025-08-04 17:59:47,103 - INFO - A_teacher is 0.6540995836257935
2025-08-04 17:59:47,108 - INFO - Starting G&C
2025-08-04 17:59:52,709 - INFO - Finished G&C, time elapsed=5.60102391242981s
2025-08-04 17:59:52,709 - INFO - Finished seed=0
2025-08-04 17:59:52,710 - INFO - ----------------------------------------------------------------------------------------------------------------------------------------------
2025-08-04 17:59:52,710 - INFO - ----------------------------------------------------------------------------------------------------------------------------------------------
2025-08-04 17:59:52,710 - INFO - Finished student_dim=25
2025-08-04 17:59:52,710 - INFO - G&C avg gen_loss = 2.4980842072437417
2025-08-04 17:59:52,710 - INFO - ----------------------------------------------------------------------------------------------------------------------------------------------
2025-08-04 17:59:52,710 - INFO - Starting student_dim=26
2025-08-04 17:59:52,710 - INFO - Starting seed=0
2025-08-04 17:59:52,711 - INFO - A_teacher is 0.6540995836257935
2025-08-04 17:59:52,714 - INFO - Starting G&C
2025-08-04 17:59:58,414 - INFO - Finished G&C, time elapsed=5.699247121810913s
2025-08-04 17:59:58,414 - INFO - Finished seed=0
2025-08-04 17:59:58,414 - INFO - ----------------------------------------------------------------------------------------------------------------------------------------------
2025-08-04 17:59:58,414 - INFO - ----------------------------------------------------------------------------------------------------------------------------------------------
2025-08-04 17:59:58,414 - INFO - Finished student_dim=26
2025-08-04 17:59:58,414 - INFO - G&C avg gen_loss = 2.6598274334665515
2025-08-04 17:59:58,414 - INFO - ----------------------------------------------------------------------------------------------------------------------------------------------
2025-08-04 17:59:58,414 - INFO - Starting student_dim=27
2025-08-04 17:59:58,414 - INFO - Starting seed=0
2025-08-04 17:59:58,415 - INFO - A_teacher is 0.6540995836257935
2025-08-04 17:59:58,420 - INFO - Starting G&C
2025-08-04 18:00:04,042 - INFO - Finished G&C, time elapsed=5.621953010559082s
2025-08-04 18:00:04,042 - INFO - Finished seed=0
2025-08-04 18:00:04,043 - INFO - ----------------------------------------------------------------------------------------------------------------------------------------------
2025-08-04 18:00:04,043 - INFO - ----------------------------------------------------------------------------------------------------------------------------------------------
2025-08-04 18:00:04,043 - INFO - Finished student_dim=27
2025-08-04 18:00:04,043 - INFO - G&C avg gen_loss = 2.518160766808705
2025-08-04 18:00:04,043 - INFO - ----------------------------------------------------------------------------------------------------------------------------------------------
2025-08-04 18:00:04,043 - INFO - Starting student_dim=28
2025-08-04 18:00:04,043 - INFO - Starting seed=0
2025-08-04 18:00:04,044 - INFO - A_teacher is 0.6540995836257935
2025-08-04 18:00:04,047 - INFO - Starting G&C
2025-08-04 18:00:09,883 - INFO - Finished G&C, time elapsed=5.835864067077637s
2025-08-04 18:00:09,883 - INFO - Finished seed=0
2025-08-04 18:00:09,883 - INFO - ----------------------------------------------------------------------------------------------------------------------------------------------
2025-08-04 18:00:09,883 - INFO - ----------------------------------------------------------------------------------------------------------------------------------------------
2025-08-04 18:00:09,883 - INFO - Finished student_dim=28
2025-08-04 18:00:09,883 - INFO - G&C avg gen_loss = 2.6915987272374333
2025-08-04 18:00:09,883 - INFO - ----------------------------------------------------------------------------------------------------------------------------------------------
2025-08-04 18:00:09,884 - INFO - Starting student_dim=29
2025-08-04 18:00:09,884 - INFO - Starting seed=0
2025-08-04 18:00:09,885 - INFO - A_teacher is 0.6540995836257935
2025-08-04 18:00:09,888 - INFO - Starting G&C
2025-08-04 18:00:16,136 - INFO - Finished G&C, time elapsed=6.247872829437256s
2025-08-04 18:00:16,137 - INFO - Finished seed=0
2025-08-04 18:00:16,137 - INFO - ----------------------------------------------------------------------------------------------------------------------------------------------
2025-08-04 18:00:16,137 - INFO - ----------------------------------------------------------------------------------------------------------------------------------------------
2025-08-04 18:00:16,137 - INFO - Finished student_dim=29
2025-08-04 18:00:16,137 - INFO - G&C avg gen_loss = 2.776171760908322
2025-08-04 18:00:16,137 - INFO - ----------------------------------------------------------------------------------------------------------------------------------------------
2025-08-04 18:00:16,137 - INFO - Starting student_dim=30
2025-08-04 18:00:16,137 - INFO - Starting seed=0
2025-08-04 18:00:16,138 - INFO - A_teacher is 0.6540995836257935
2025-08-04 18:00:16,142 - INFO - Starting G&C
2025-08-04 18:00:22,235 - INFO - Finished G&C, time elapsed=6.093462705612183s
2025-08-04 18:00:22,236 - INFO - Finished seed=0
2025-08-04 18:00:22,236 - INFO - ----------------------------------------------------------------------------------------------------------------------------------------------
2025-08-04 18:00:22,236 - INFO - ----------------------------------------------------------------------------------------------------------------------------------------------
2025-08-04 18:00:22,236 - INFO - Finished student_dim=30
2025-08-04 18:00:22,236 - INFO - G&C avg gen_loss = 2.6980699909239236
2025-08-04 18:00:22,236 - INFO - ----------------------------------------------------------------------------------------------------------------------------------------------
2025-08-04 18:00:22,236 - INFO - Starting student_dim=31
2025-08-04 18:00:22,236 - INFO - Starting seed=0
2025-08-04 18:00:22,237 - INFO - A_teacher is 0.6540995836257935
2025-08-04 18:00:22,241 - INFO - Starting G&C
2025-08-04 18:00:28,668 - INFO - Finished G&C, time elapsed=6.426587104797363s
2025-08-04 18:00:28,668 - INFO - Finished seed=0
2025-08-04 18:00:28,668 - INFO - ----------------------------------------------------------------------------------------------------------------------------------------------
2025-08-04 18:00:28,668 - INFO - ----------------------------------------------------------------------------------------------------------------------------------------------
2025-08-04 18:00:28,668 - INFO - Finished student_dim=31
2025-08-04 18:00:28,669 - INFO - G&C avg gen_loss = 2.764675584670127
2025-08-04 18:00:28,669 - INFO - ----------------------------------------------------------------------------------------------------------------------------------------------
2025-08-04 18:00:28,669 - INFO - Starting student_dim=32
2025-08-04 18:00:28,669 - INFO - Starting seed=0
2025-08-04 18:00:28,670 - INFO - A_teacher is 0.6540995836257935
2025-08-04 18:00:28,675 - INFO - Starting G&C
2025-08-04 18:00:35,014 - INFO - Finished G&C, time elapsed=6.339193820953369s
2025-08-04 18:00:35,014 - INFO - Finished seed=0
2025-08-04 18:00:35,014 - INFO - ----------------------------------------------------------------------------------------------------------------------------------------------
2025-08-04 18:00:35,014 - INFO - ----------------------------------------------------------------------------------------------------------------------------------------------
2025-08-04 18:00:35,014 - INFO - Finished student_dim=32
2025-08-04 18:00:35,014 - INFO - G&C avg gen_loss = 2.797106693948182
2025-08-04 18:00:35,014 - INFO - ----------------------------------------------------------------------------------------------------------------------------------------------
2025-08-04 18:00:35,014 - INFO - Starting student_dim=33
2025-08-04 18:00:35,014 - INFO - Starting seed=0
2025-08-04 18:00:35,015 - INFO - A_teacher is 0.6540995836257935
2025-08-04 18:00:35,019 - INFO - Starting G&C
2025-08-04 18:00:41,684 - INFO - Finished G&C, time elapsed=6.664325952529907s
2025-08-04 18:00:41,684 - INFO - Finished seed=0
2025-08-04 18:00:41,684 - INFO - ----------------------------------------------------------------------------------------------------------------------------------------------
2025-08-04 18:00:41,684 - INFO - ----------------------------------------------------------------------------------------------------------------------------------------------
2025-08-04 18:00:41,684 - INFO - Finished student_dim=33
2025-08-04 18:00:41,684 - INFO - G&C avg gen_loss = 2.9051691857251254
2025-08-04 18:00:41,684 - INFO - ----------------------------------------------------------------------------------------------------------------------------------------------
2025-08-04 18:00:41,685 - INFO - Starting student_dim=34
2025-08-04 18:00:41,685 - INFO - Starting seed=0
2025-08-04 18:00:41,686 - INFO - A_teacher is 0.6540995836257935
2025-08-04 18:00:41,689 - INFO - Starting G&C
2025-08-04 18:00:48,584 - INFO - Finished G&C, time elapsed=6.89437198638916s
2025-08-04 18:00:48,584 - INFO - Finished seed=0
2025-08-04 18:00:48,584 - INFO - ----------------------------------------------------------------------------------------------------------------------------------------------
2025-08-04 18:00:48,584 - INFO - ----------------------------------------------------------------------------------------------------------------------------------------------
2025-08-04 18:00:48,584 - INFO - Finished student_dim=34
2025-08-04 18:00:48,584 - INFO - G&C avg gen_loss = 2.8537734861691053
2025-08-04 18:00:48,584 - INFO - ----------------------------------------------------------------------------------------------------------------------------------------------
2025-08-04 18:00:48,860 - INFO - Finished experiments, results saved to results_gnc_seq_len=5_num_measurements=1_input_e1=True_time=20250804-180048.csv, figures saved to plot_gnc_seq_len=5_num_measurements=1_input_e1=True_time=20250804-180048
