2025-08-03 14:00:01,884 - INFO - Using device mps.
2025-08-03 14:00:01,884 - INFO - Args: Namespace(num_seeds=8, num_measurements=1, input_e1=False, sequence_length=3, teacher_ranks=[1], student_dims=[3, 4, 5, 6, 7, 8, 9, 10, 11, 12, 13, 14, 15], calc_loss_only_on_last_output=True, eps_train=1e-05, gnc=True, gnc_num_samples=100000000, gnc_batch_size=10000000, gd=True, gd_lr=0.01, gd_epochs=100000, gd_init_scale=0.01, gd_optimizer='adam', config=None, results_dir=PosixPath('results'), figures_dir=PosixPath('figures'), log_dir=PosixPath('logs'))
2025-08-03 14:00:01,895 - INFO - Starting teacher_rank=1
2025-08-03 14:00:01,895 - INFO - Starting student_dim=3
2025-08-03 14:00:01,895 - INFO - Starting seed=0
2025-08-03 14:00:01,900 - INFO - A_teacher is 0.4041614532470703
2025-08-03 14:00:01,923 - INFO - Starting G&C
2025-08-03 14:00:02,234 - INFO - succ_mask: torch.Size([10000000])
2025-08-03 14:00:02,234 - INFO - gen_losses: torch.Size([10000000])
2025-08-03 14:00:02,549 - INFO - succ_mask: torch.Size([10000000])
2025-08-03 14:00:02,549 - INFO - gen_losses: torch.Size([10000000])
2025-08-03 14:00:02,801 - INFO - succ_mask: torch.Size([10000000])
2025-08-03 14:00:02,801 - INFO - gen_losses: torch.Size([10000000])
2025-08-03 14:00:03,058 - INFO - succ_mask: torch.Size([10000000])
2025-08-03 14:00:03,058 - INFO - gen_losses: torch.Size([10000000])
2025-08-03 14:00:03,310 - INFO - succ_mask: torch.Size([10000000])
2025-08-03 14:00:03,310 - INFO - gen_losses: torch.Size([10000000])
2025-08-03 14:00:03,564 - INFO - succ_mask: torch.Size([10000000])
2025-08-03 14:00:03,564 - INFO - gen_losses: torch.Size([10000000])
2025-08-03 14:00:03,817 - INFO - succ_mask: torch.Size([10000000])
2025-08-03 14:00:03,817 - INFO - gen_losses: torch.Size([10000000])
2025-08-03 14:00:04,066 - INFO - succ_mask: torch.Size([10000000])
2025-08-03 14:00:04,066 - INFO - gen_losses: torch.Size([10000000])
2025-08-03 14:00:04,321 - INFO - succ_mask: torch.Size([10000000])
2025-08-03 14:00:04,321 - INFO - gen_losses: torch.Size([10000000])
2025-08-03 14:00:04,572 - INFO - succ_mask: torch.Size([10000000])
2025-08-03 14:00:04,572 - INFO - gen_losses: torch.Size([10000000])
2025-08-03 14:00:05,255 - INFO - Finished G&C, time elapsed=3.33246111869812s
2025-08-03 14:00:05,255 - INFO - Starting GD
2025-08-03 14:00:05,897 - INFO - initial model: max A_j index: 0
2025-08-03 14:00:05,898 - INFO - initial model: A values are [0.01540996041148901, -0.0029342889320105314, -0.021787893027067184]
2025-08-03 14:02:48,817 - INFO - final model: max A_j index: 0
2025-08-03 14:02:48,817 - INFO - final model: A values are [0.18714138865470886, 0.16846957802772522, 0.14924675226211548]
2025-08-03 14:02:48,822 - INFO - final model: average A value: 0.16828590631484985
2025-08-03 14:02:48,827 - INFO - final model: variance of A values: 0.000359026191290468
2025-08-03 14:02:48,827 - INFO - train loss is 0.0
2025-08-03 14:02:48,827 - INFO - impulse response loss is 0.016172055155038834
2025-08-03 14:02:48,828 - INFO - Finished GD, time elapsed=163.57236695289612s
2025-08-03 14:02:48,828 - INFO - Finished seed=0
2025-08-03 14:02:48,828 - INFO - Starting seed=1
2025-08-03 14:02:48,828 - INFO - A_teacher is 0.556843101978302
2025-08-03 14:02:48,829 - INFO - Starting G&C
2025-08-03 14:02:49,118 - INFO - succ_mask: torch.Size([10000000])
2025-08-03 14:02:49,118 - INFO - gen_losses: torch.Size([10000000])
2025-08-03 14:02:49,367 - INFO - succ_mask: torch.Size([10000000])
2025-08-03 14:02:49,367 - INFO - gen_losses: torch.Size([10000000])
2025-08-03 14:02:49,609 - INFO - succ_mask: torch.Size([10000000])
2025-08-03 14:02:49,610 - INFO - gen_losses: torch.Size([10000000])
2025-08-03 14:02:49,854 - INFO - succ_mask: torch.Size([10000000])
2025-08-03 14:02:49,855 - INFO - gen_losses: torch.Size([10000000])
2025-08-03 14:02:50,096 - INFO - succ_mask: torch.Size([10000000])
2025-08-03 14:02:50,096 - INFO - gen_losses: torch.Size([10000000])
2025-08-03 14:02:50,343 - INFO - succ_mask: torch.Size([10000000])
2025-08-03 14:02:50,343 - INFO - gen_losses: torch.Size([10000000])
2025-08-03 14:02:50,589 - INFO - succ_mask: torch.Size([10000000])
2025-08-03 14:02:50,589 - INFO - gen_losses: torch.Size([10000000])
2025-08-03 14:02:50,834 - INFO - succ_mask: torch.Size([10000000])
2025-08-03 14:02:50,834 - INFO - gen_losses: torch.Size([10000000])
