2025-08-03 13:27:34,819 - INFO - Using device mps.
2025-08-03 13:27:34,819 - INFO - Args: Namespace(num_seeds=8, num_measurements=1, input_e1=True, sequence_length=3, teacher_ranks=[1], student_dims=[3, 4, 5, 6, 7, 8, 9, 10, 11, 12, 13, 14, 15], calc_loss_only_on_last_output=True, eps_train=1e-05, gnc=True, gnc_num_samples=100000000, gnc_batch_size=10000000, gd=False, gd_lr=0.01, gd_epochs=100000, gd_init_scale=0.01, gd_optimizer='adam', config=None, results_dir=PosixPath('results'), figures_dir=PosixPath('figures'), log_dir=PosixPath('logs'))
2025-08-03 13:27:34,827 - INFO - Starting teacher_rank=1
2025-08-03 13:27:34,827 - INFO - Starting student_dim=3
2025-08-03 13:27:34,828 - INFO - Starting seed=0
2025-08-03 13:27:34,833 - INFO - A_teacher is 0.564359724521637
2025-08-03 13:27:34,858 - INFO - Starting G&C
2025-08-03 13:27:37,940 - INFO - Finished G&C, time elapsed=3.0817971229553223s
2025-08-03 13:27:37,940 - INFO - Finished seed=0
2025-08-03 13:27:37,940 - INFO - Starting seed=1
2025-08-03 13:27:37,941 - INFO - A_teacher is 0.6540995836257935
2025-08-03 13:27:37,942 - INFO - Starting G&C
2025-08-03 13:27:40,769 - INFO - Finished G&C, time elapsed=2.8269131183624268s
2025-08-03 13:27:40,769 - INFO - Finished seed=1
2025-08-03 13:27:40,769 - INFO - Starting seed=2
2025-08-03 13:27:40,770 - INFO - A_teacher is 0.5661352276802063
2025-08-03 13:27:40,771 - INFO - Starting G&C
2025-08-03 13:27:43,640 - INFO - Finished G&C, time elapsed=2.8684821128845215s
2025-08-03 13:27:43,640 - INFO - Finished seed=2
2025-08-03 13:27:43,640 - INFO - Starting seed=3
2025-08-03 13:27:43,641 - INFO - A_teacher is 0.539229691028595
2025-08-03 13:27:43,642 - INFO - Starting G&C
2025-08-03 13:27:46,487 - INFO - Finished G&C, time elapsed=2.844644784927368s
2025-08-03 13:27:46,487 - INFO - Finished seed=3
2025-08-03 13:27:46,487 - INFO - Starting seed=4
2025-08-03 13:27:46,488 - INFO - A_teacher is 0.5803276300430298
2025-08-03 13:27:46,490 - INFO - Starting G&C
2025-08-03 13:27:49,470 - INFO - Finished G&C, time elapsed=2.980462074279785s
2025-08-03 13:27:49,470 - INFO - Finished seed=4
2025-08-03 13:27:49,470 - INFO - Starting seed=5
2025-08-03 13:27:49,471 - INFO - A_teacher is 0.33947238326072693
2025-08-03 13:27:49,472 - INFO - Starting G&C
2025-08-03 13:27:52,448 - INFO - Finished G&C, time elapsed=2.975515842437744s
2025-08-03 13:27:52,448 - INFO - Finished seed=5
2025-08-03 13:27:52,448 - INFO - Starting seed=6
2025-08-03 13:27:52,449 - INFO - A_teacher is 0.45132192969322205
2025-08-03 13:27:52,450 - INFO - Starting G&C
2025-08-03 13:27:55,302 - INFO - Finished G&C, time elapsed=2.852137804031372s
2025-08-03 13:27:55,302 - INFO - Finished seed=6
2025-08-03 13:27:55,302 - INFO - Starting seed=7
2025-08-03 13:27:55,303 - INFO - A_teacher is 0.31256014108657837
2025-08-03 13:27:55,304 - INFO - Starting G&C
2025-08-03 13:27:58,194 - INFO - Finished G&C, time elapsed=2.8900578022003174s
2025-08-03 13:27:58,194 - INFO - Finished seed=7
2025-08-03 13:27:58,194 - INFO - ----------------------------------------------------------------------------------------------------------------------------------------------
2025-08-03 13:27:58,195 - INFO - ----------------------------------------------------------------------------------------------------------------------------------------------
2025-08-03 13:27:58,196 - INFO - Finished student_dim=3 with G&C avg gen_loss = 0.529230351704022, GD avg gen_loss = 0.0
2025-08-03 13:27:58,196 - INFO - ----------------------------------------------------------------------------------------------------------------------------------------------
2025-08-03 13:27:58,196 - INFO - Starting student_dim=4
2025-08-03 13:27:58,197 - INFO - Starting seed=0
2025-08-03 13:27:58,198 - INFO - A_teacher is 0.48532047867774963
2025-08-03 13:27:58,201 - INFO - Starting G&C
2025-08-03 13:28:01,232 - INFO - Finished G&C, time elapsed=3.030916690826416s
2025-08-03 13:28:01,233 - INFO - Finished seed=0
2025-08-03 13:28:01,233 - INFO - Starting seed=1
2025-08-03 13:28:01,234 - INFO - A_teacher is 0.6540995836257935
2025-08-03 13:28:01,235 - INFO - Starting G&C
2025-08-03 13:28:04,177 - INFO - Finished G&C, time elapsed=2.9419519901275635s
2025-08-03 13:28:04,177 - INFO - Finished seed=1
2025-08-03 13:28:04,177 - INFO - Starting seed=2
2025-08-03 13:28:04,178 - INFO - A_teacher is 0.5661352276802063
2025-08-03 13:28:04,179 - INFO - Starting G&C
2025-08-03 13:28:07,126 - INFO - Finished G&C, time elapsed=2.946455240249634s
2025-08-03 13:28:07,126 - INFO - Finished seed=2
2025-08-03 13:28:07,126 - INFO - Starting seed=3
2025-08-03 13:28:07,127 - INFO - A_teacher is 0.539229691028595
2025-08-03 13:28:07,128 - INFO - Starting G&C
2025-08-03 13:28:10,081 - INFO - Finished G&C, time elapsed=2.952550172805786s
2025-08-03 13:28:10,081 - INFO - Finished seed=3
2025-08-03 13:28:10,081 - INFO - Starting seed=4
2025-08-03 13:28:10,082 - INFO - A_teacher is 0.5803276300430298
2025-08-03 13:28:10,083 - INFO - Starting G&C
2025-08-03 13:28:13,034 - INFO - Finished G&C, time elapsed=2.9508438110351562s
2025-08-03 13:28:13,034 - INFO - Finished seed=4
2025-08-03 13:28:13,034 - INFO - Starting seed=5
2025-08-03 13:28:13,035 - INFO - A_teacher is 0.33947238326072693
2025-08-03 13:28:13,036 - INFO - Starting G&C
2025-08-03 13:28:16,014 - INFO - Finished G&C, time elapsed=2.977297306060791s
2025-08-03 13:28:16,014 - INFO - Finished seed=5
2025-08-03 13:28:16,014 - INFO - Starting seed=6
2025-08-03 13:28:16,015 - INFO - A_teacher is 0.45132192969322205
2025-08-03 13:28:16,016 - INFO - Starting G&C
2025-08-03 13:28:19,008 - INFO - Finished G&C, time elapsed=2.991835832595825s
2025-08-03 13:28:19,008 - INFO - Finished seed=6
2025-08-03 13:28:19,008 - INFO - Starting seed=7
2025-08-03 13:28:19,010 - INFO - A_teacher is 0.31256014108657837
2025-08-03 13:28:19,011 - INFO - Starting G&C
2025-08-03 13:28:22,010 - INFO - Finished G&C, time elapsed=2.999512195587158s
2025-08-03 13:28:22,011 - INFO - Finished seed=7
2025-08-03 13:28:22,011 - INFO - ----------------------------------------------------------------------------------------------------------------------------------------------
2025-08-03 13:28:22,011 - INFO - ----------------------------------------------------------------------------------------------------------------------------------------------
2025-08-03 13:28:22,011 - INFO - Finished student_dim=4 with G&C avg gen_loss = 0.4831489006709719, GD avg gen_loss = 0.0
2025-08-03 13:28:22,011 - INFO - ----------------------------------------------------------------------------------------------------------------------------------------------
2025-08-03 13:28:22,011 - INFO - Starting student_dim=5
2025-08-03 13:28:22,011 - INFO - Starting seed=0
2025-08-03 13:28:22,012 - INFO - A_teacher is 0.48532047867774963
2025-08-03 13:28:22,016 - INFO - Starting G&C
2025-08-03 13:28:25,128 - INFO - Finished G&C, time elapsed=3.111741065979004s
2025-08-03 13:28:25,128 - INFO - Finished seed=0
2025-08-03 13:28:25,128 - INFO - Starting seed=1
2025-08-03 13:28:25,129 - INFO - A_teacher is 0.6540995836257935
2025-08-03 13:28:25,130 - INFO - Starting G&C
2025-08-03 13:28:28,140 - INFO - Finished G&C, time elapsed=3.010376214981079s
2025-08-03 13:28:28,141 - INFO - Finished seed=1
2025-08-03 13:28:28,141 - INFO - Starting seed=2
2025-08-03 13:28:28,142 - INFO - A_teacher is 0.5661352276802063
2025-08-03 13:28:28,143 - INFO - Starting G&C
2025-08-03 13:28:31,087 - INFO - Finished G&C, time elapsed=2.9446661472320557s
2025-08-03 13:28:31,087 - INFO - Finished seed=2
2025-08-03 13:28:31,087 - INFO - Starting seed=3
2025-08-03 13:28:31,089 - INFO - A_teacher is 0.539229691028595
2025-08-03 13:28:31,089 - INFO - Starting G&C
2025-08-03 13:28:34,132 - INFO - Finished G&C, time elapsed=3.0429000854492188s
2025-08-03 13:28:34,133 - INFO - Finished seed=3
2025-08-03 13:28:34,133 - INFO - Starting seed=4
2025-08-03 13:28:34,134 - INFO - A_teacher is 0.5803276300430298
2025-08-03 13:28:34,135 - INFO - Starting G&C
2025-08-03 13:28:37,177 - INFO - Finished G&C, time elapsed=3.0419299602508545s
2025-08-03 13:28:37,177 - INFO - Finished seed=4
2025-08-03 13:28:37,177 - INFO - Starting seed=5
2025-08-03 13:28:37,178 - INFO - A_teacher is 0.33947238326072693
2025-08-03 13:28:37,179 - INFO - Starting G&C
2025-08-03 13:28:40,180 - INFO - Finished G&C, time elapsed=3.0006489753723145s
2025-08-03 13:28:40,180 - INFO - Finished seed=5
2025-08-03 13:28:40,180 - INFO - Starting seed=6
2025-08-03 13:28:40,182 - INFO - A_teacher is 0.45132192969322205
2025-08-03 13:28:40,182 - INFO - Starting G&C
2025-08-03 13:28:43,163 - INFO - Finished G&C, time elapsed=2.980278730392456s
2025-08-03 13:28:43,164 - INFO - Finished seed=6
2025-08-03 13:28:43,164 - INFO - Starting seed=7
2025-08-03 13:28:43,165 - INFO - A_teacher is 0.31256014108657837
2025-08-03 13:28:43,166 - INFO - Starting G&C
2025-08-03 13:28:46,148 - INFO - Finished G&C, time elapsed=2.9825572967529297s
2025-08-03 13:28:46,148 - INFO - Finished seed=7
2025-08-03 13:28:46,148 - INFO - ----------------------------------------------------------------------------------------------------------------------------------------------
2025-08-03 13:28:46,148 - INFO - ----------------------------------------------------------------------------------------------------------------------------------------------
2025-08-03 13:28:46,149 - INFO - Finished student_dim=5 with G&C avg gen_loss = 0.5879553195349534, GD avg gen_loss = 0.0
2025-08-03 13:28:46,149 - INFO - ----------------------------------------------------------------------------------------------------------------------------------------------
2025-08-03 13:28:46,149 - INFO - Starting student_dim=6
2025-08-03 13:28:46,149 - INFO - Starting seed=0
2025-08-03 13:28:46,150 - INFO - A_teacher is 0.48532047867774963
2025-08-03 13:28:46,153 - INFO - Starting G&C
2025-08-03 13:28:48,973 - INFO - No GNC sensing losses
2025-08-03 13:28:49,370 - INFO - Finished G&C, time elapsed=3.2165720462799072s
2025-08-03 13:28:49,370 - INFO - Finished seed=0
2025-08-03 13:28:49,370 - INFO - Starting seed=1
2025-08-03 13:28:49,371 - INFO - A_teacher is 0.6540995836257935
2025-08-03 13:28:49,372 - INFO - Starting G&C
2025-08-03 13:28:52,424 - INFO - Finished G&C, time elapsed=3.0511398315429688s
2025-08-03 13:28:52,424 - INFO - Finished seed=1
2025-08-03 13:28:52,424 - INFO - Starting seed=2
2025-08-03 13:28:52,425 - INFO - A_teacher is 0.5661352276802063
2025-08-03 13:28:52,425 - INFO - Starting G&C
2025-08-03 13:28:55,134 - INFO - No GNC sensing losses
2025-08-03 13:28:55,499 - INFO - Finished G&C, time elapsed=3.073470115661621s
2025-08-03 13:28:55,499 - INFO - Finished seed=2
2025-08-03 13:28:55,499 - INFO - Starting seed=3
2025-08-03 13:28:55,500 - INFO - A_teacher is 0.539229691028595
2025-08-03 13:28:55,501 - INFO - Starting G&C
2025-08-03 13:28:58,142 - INFO - No GNC sensing losses
2025-08-03 13:28:58,531 - INFO - Finished G&C, time elapsed=3.029155969619751s
2025-08-03 13:28:58,531 - INFO - Finished seed=3
2025-08-03 13:28:58,531 - INFO - Starting seed=4
2025-08-03 13:28:58,532 - INFO - A_teacher is 0.5803276300430298
2025-08-03 13:28:58,533 - INFO - Starting G&C
2025-08-03 13:29:01,190 - INFO - No GNC sensing losses
2025-08-03 13:29:01,553 - INFO - Finished G&C, time elapsed=3.0200581550598145s
2025-08-03 13:29:01,553 - INFO - Finished seed=4
2025-08-03 13:29:01,553 - INFO - Starting seed=5
2025-08-03 13:29:01,554 - INFO - A_teacher is 0.33947238326072693
2025-08-03 13:29:01,555 - INFO - Starting G&C
2025-08-03 13:29:04,238 - INFO - No GNC sensing losses
2025-08-03 13:29:04,614 - INFO - Finished G&C, time elapsed=3.058764934539795s
2025-08-03 13:29:04,614 - INFO - Finished seed=5
2025-08-03 13:29:04,614 - INFO - Starting seed=6
2025-08-03 13:29:04,615 - INFO - A_teacher is 0.45132192969322205
2025-08-03 13:29:04,616 - INFO - Starting G&C
2025-08-03 13:29:07,241 - INFO - No GNC sensing losses
2025-08-03 13:29:07,639 - INFO - Finished G&C, time elapsed=3.022905111312866s
2025-08-03 13:29:07,639 - INFO - Finished seed=6
2025-08-03 13:29:07,639 - INFO - Starting seed=7
2025-08-03 13:29:07,641 - INFO - A_teacher is 0.31256014108657837
2025-08-03 13:29:07,641 - INFO - Starting G&C
2025-08-03 13:29:10,259 - INFO - No GNC sensing losses
2025-08-03 13:29:10,667 - INFO - Finished G&C, time elapsed=3.025394916534424s
2025-08-03 13:29:10,667 - INFO - Finished seed=7
2025-08-03 13:29:10,667 - INFO - ----------------------------------------------------------------------------------------------------------------------------------------------
2025-08-03 13:29:10,667 - INFO - ----------------------------------------------------------------------------------------------------------------------------------------------
2025-08-03 13:29:10,667 - INFO - Finished student_dim=6 with G&C avg gen_loss = 2.5788769721984863, GD avg gen_loss = 0.0
2025-08-03 13:29:10,667 - INFO - ----------------------------------------------------------------------------------------------------------------------------------------------
2025-08-03 13:29:10,667 - INFO - Starting student_dim=7
2025-08-03 13:29:10,668 - INFO - Starting seed=0
2025-08-03 13:29:10,669 - INFO - A_teacher is 0.48532047867774963
2025-08-03 13:29:10,672 - INFO - Starting G&C
2025-08-03 13:29:13,763 - INFO - No GNC sensing losses
2025-08-03 13:29:14,090 - INFO - Finished G&C, time elapsed=3.418254852294922s
2025-08-03 13:29:14,090 - INFO - Finished seed=0
2025-08-03 13:29:14,090 - INFO - Starting seed=1
2025-08-03 13:29:14,091 - INFO - A_teacher is 0.6540995836257935
2025-08-03 13:29:14,092 - INFO - Starting G&C
2025-08-03 13:29:16,793 - INFO - No GNC sensing losses
2025-08-03 13:29:17,128 - INFO - Finished G&C, time elapsed=3.0353899002075195s
2025-08-03 13:29:17,128 - INFO - Finished seed=1
2025-08-03 13:29:17,128 - INFO - Starting seed=2
2025-08-03 13:29:17,129 - INFO - A_teacher is 0.5661352276802063
2025-08-03 13:29:17,130 - INFO - Starting G&C
2025-08-03 13:29:19,775 - INFO - No GNC sensing losses
2025-08-03 13:29:20,103 - INFO - Finished G&C, time elapsed=2.973057985305786s
2025-08-03 13:29:20,103 - INFO - Finished seed=2
2025-08-03 13:29:20,103 - INFO - Starting seed=3
2025-08-03 13:29:20,105 - INFO - A_teacher is 0.539229691028595
2025-08-03 13:29:20,105 - INFO - Starting G&C
2025-08-03 13:29:22,786 - INFO - No GNC sensing losses
2025-08-03 13:29:23,112 - INFO - Finished G&C, time elapsed=3.0062389373779297s
2025-08-03 13:29:23,112 - INFO - Finished seed=3
2025-08-03 13:29:23,112 - INFO - Starting seed=4
2025-08-03 13:29:23,113 - INFO - A_teacher is 0.5803276300430298
2025-08-03 13:29:23,114 - INFO - Starting G&C
2025-08-03 13:29:25,833 - INFO - No GNC sensing losses
2025-08-03 13:29:26,160 - INFO - Finished G&C, time elapsed=3.0461130142211914s
2025-08-03 13:29:26,160 - INFO - Finished seed=4
2025-08-03 13:29:26,161 - INFO - Starting seed=5
2025-08-03 13:29:26,162 - INFO - A_teacher is 0.33947238326072693
2025-08-03 13:29:26,163 - INFO - Starting G&C
2025-08-03 13:29:28,841 - INFO - No GNC sensing losses
2025-08-03 13:29:29,164 - INFO - Finished G&C, time elapsed=3.0012412071228027s
2025-08-03 13:29:29,164 - INFO - Finished seed=5
2025-08-03 13:29:29,164 - INFO - Starting seed=6
2025-08-03 13:29:29,165 - INFO - A_teacher is 0.45132192969322205
2025-08-03 13:29:29,166 - INFO - Starting G&C
2025-08-03 13:29:31,879 - INFO - No GNC sensing losses
2025-08-03 13:29:32,216 - INFO - Finished G&C, time elapsed=3.0491650104522705s
2025-08-03 13:29:32,216 - INFO - Finished seed=6
2025-08-03 13:29:32,216 - INFO - Starting seed=7
2025-08-03 13:29:32,217 - INFO - A_teacher is 0.31256014108657837
2025-08-03 13:29:32,218 - INFO - Starting G&C
2025-08-03 13:29:34,907 - INFO - No GNC sensing losses
2025-08-03 13:29:35,266 - INFO - Finished G&C, time elapsed=3.0480501651763916s
2025-08-03 13:29:35,266 - INFO - Finished seed=7
2025-08-03 13:29:35,266 - INFO - ----------------------------------------------------------------------------------------------------------------------------------------------
2025-08-03 13:29:35,266 - INFO - ----------------------------------------------------------------------------------------------------------------------------------------------
2025-08-03 13:29:35,266 - INFO - Finished student_dim=7 with G&C avg gen_loss = nan, GD avg gen_loss = 0.0
2025-08-03 13:29:35,266 - INFO - ----------------------------------------------------------------------------------------------------------------------------------------------
2025-08-03 13:29:35,267 - INFO - Starting student_dim=8
2025-08-03 13:29:35,267 - INFO - Starting seed=0
2025-08-03 13:29:35,268 - INFO - A_teacher is 0.48532047867774963
2025-08-03 13:29:35,271 - INFO - Starting G&C
2025-08-03 13:29:38,530 - INFO - No GNC sensing losses
2025-08-03 13:29:38,848 - INFO - Finished G&C, time elapsed=3.5770139694213867s
2025-08-03 13:29:38,848 - INFO - Finished seed=0
2025-08-03 13:29:38,849 - INFO - Starting seed=1
2025-08-03 13:29:38,850 - INFO - A_teacher is 0.6540995836257935
2025-08-03 13:29:38,851 - INFO - Starting G&C
2025-08-03 13:29:41,571 - INFO - No GNC sensing losses
2025-08-03 13:29:41,908 - INFO - Finished G&C, time elapsed=3.0568089485168457s
2025-08-03 13:29:41,908 - INFO - Finished seed=1
2025-08-03 13:29:41,908 - INFO - Starting seed=2
2025-08-03 13:29:41,909 - INFO - A_teacher is 0.5661352276802063
2025-08-03 13:29:41,910 - INFO - Starting G&C
2025-08-03 13:29:44,636 - INFO - No GNC sensing losses
2025-08-03 13:29:44,979 - INFO - Finished G&C, time elapsed=3.068941116333008s
2025-08-03 13:29:44,979 - INFO - Finished seed=2
2025-08-03 13:29:44,980 - INFO - Starting seed=3
2025-08-03 13:29:44,980 - INFO - A_teacher is 0.539229691028595
2025-08-03 13:29:44,982 - INFO - Starting G&C
2025-08-03 13:29:47,684 - INFO - No GNC sensing losses
2025-08-03 13:29:48,016 - INFO - Finished G&C, time elapsed=3.0331499576568604s
2025-08-03 13:29:48,016 - INFO - Finished seed=3
2025-08-03 13:29:48,016 - INFO - Starting seed=4
2025-08-03 13:29:48,017 - INFO - A_teacher is 0.5803276300430298
2025-08-03 13:29:48,018 - INFO - Starting G&C
2025-08-03 13:29:50,743 - INFO - No GNC sensing losses
2025-08-03 13:29:51,065 - INFO - Finished G&C, time elapsed=3.047367811203003s
2025-08-03 13:29:51,065 - INFO - Finished seed=4
2025-08-03 13:29:51,065 - INFO - Starting seed=5
2025-08-03 13:29:51,066 - INFO - A_teacher is 0.33947238326072693
2025-08-03 13:29:51,067 - INFO - Starting G&C
2025-08-03 13:29:53,808 - INFO - No GNC sensing losses
2025-08-03 13:29:54,140 - INFO - Finished G&C, time elapsed=3.072894334793091s
2025-08-03 13:29:54,140 - INFO - Finished seed=5
2025-08-03 13:29:54,140 - INFO - Starting seed=6
2025-08-03 13:29:54,142 - INFO - A_teacher is 0.45132192969322205
2025-08-03 13:29:54,143 - INFO - Starting G&C
2025-08-03 13:29:56,892 - INFO - No GNC sensing losses
2025-08-03 13:29:57,232 - INFO - Finished G&C, time elapsed=3.089663028717041s
2025-08-03 13:29:57,232 - INFO - Finished seed=6
2025-08-03 13:29:57,232 - INFO - Starting seed=7
2025-08-03 13:29:57,233 - INFO - A_teacher is 0.31256014108657837
2025-08-03 13:29:57,234 - INFO - Starting G&C
2025-08-03 13:29:59,961 - INFO - No GNC sensing losses
2025-08-03 13:30:00,299 - INFO - Finished G&C, time elapsed=3.0642359256744385s
2025-08-03 13:30:00,299 - INFO - Finished seed=7
2025-08-03 13:30:00,299 - INFO - ----------------------------------------------------------------------------------------------------------------------------------------------
2025-08-03 13:30:00,299 - INFO - ----------------------------------------------------------------------------------------------------------------------------------------------
2025-08-03 13:30:00,299 - INFO - Finished student_dim=8 with G&C avg gen_loss = nan, GD avg gen_loss = 0.0
2025-08-03 13:30:00,299 - INFO - ----------------------------------------------------------------------------------------------------------------------------------------------
2025-08-03 13:30:00,299 - INFO - Starting student_dim=9
2025-08-03 13:30:00,300 - INFO - Starting seed=0
2025-08-03 13:30:00,300 - INFO - A_teacher is 0.48532047867774963
2025-08-03 13:30:00,304 - INFO - Starting G&C
2025-08-03 13:30:03,638 - INFO - No GNC sensing losses
2025-08-03 13:30:03,950 - INFO - Finished G&C, time elapsed=3.646005868911743s
2025-08-03 13:30:03,950 - INFO - Finished seed=0
2025-08-03 13:30:03,950 - INFO - Starting seed=1
2025-08-03 13:30:03,952 - INFO - A_teacher is 0.6540995836257935
2025-08-03 13:30:03,953 - INFO - Starting G&C
2025-08-03 13:30:06,983 - INFO - No GNC sensing losses
2025-08-03 13:30:07,413 - INFO - Finished G&C, time elapsed=3.4600319862365723s
2025-08-03 13:30:07,413 - INFO - Finished seed=1
2025-08-03 13:30:07,413 - INFO - Starting seed=2
2025-08-03 13:30:07,455 - INFO - A_teacher is 0.5661352276802063
2025-08-03 13:30:07,456 - INFO - Starting G&C
2025-08-03 13:30:10,608 - INFO - No GNC sensing losses
2025-08-03 13:30:10,966 - INFO - Finished G&C, time elapsed=3.5092039108276367s
2025-08-03 13:30:10,966 - INFO - Finished seed=2
2025-08-03 13:30:10,966 - INFO - Starting seed=3
2025-08-03 13:30:10,967 - INFO - A_teacher is 0.539229691028595
2025-08-03 13:30:10,968 - INFO - Starting G&C
2025-08-03 13:30:13,790 - INFO - No GNC sensing losses
2025-08-03 13:30:14,127 - INFO - Finished G&C, time elapsed=3.1587142944335938s
2025-08-03 13:30:14,127 - INFO - Finished seed=3
2025-08-03 13:30:14,127 - INFO - Starting seed=4
2025-08-03 13:30:14,128 - INFO - A_teacher is 0.5803276300430298
2025-08-03 13:30:14,129 - INFO - Starting G&C
2025-08-03 13:30:16,941 - INFO - No GNC sensing losses
2025-08-03 13:30:17,301 - INFO - Finished G&C, time elapsed=3.1716060638427734s
2025-08-03 13:30:17,301 - INFO - Finished seed=4
2025-08-03 13:30:17,301 - INFO - Starting seed=5
2025-08-03 13:30:17,302 - INFO - A_teacher is 0.33947238326072693
2025-08-03 13:30:17,303 - INFO - Starting G&C
2025-08-03 13:30:20,118 - INFO - No GNC sensing losses
2025-08-03 13:30:20,497 - INFO - Finished G&C, time elapsed=3.1944727897644043s
2025-08-03 13:30:20,498 - INFO - Finished seed=5
2025-08-03 13:30:20,498 - INFO - Starting seed=6
2025-08-03 13:30:20,499 - INFO - A_teacher is 0.45132192969322205
2025-08-03 13:30:20,500 - INFO - Starting G&C
2025-08-03 13:30:23,351 - INFO - No GNC sensing losses
2025-08-03 13:30:23,704 - INFO - Finished G&C, time elapsed=3.2037229537963867s
2025-08-03 13:30:23,704 - INFO - Finished seed=6
2025-08-03 13:30:23,704 - INFO - Starting seed=7
2025-08-03 13:30:23,705 - INFO - A_teacher is 0.31256014108657837
2025-08-03 13:30:23,706 - INFO - Starting G&C
2025-08-03 13:30:26,695 - INFO - No GNC sensing losses
2025-08-03 13:30:27,098 - INFO - Finished G&C, time elapsed=3.3916828632354736s
2025-08-03 13:30:27,098 - INFO - Finished seed=7
2025-08-03 13:30:27,098 - INFO - ----------------------------------------------------------------------------------------------------------------------------------------------
2025-08-03 13:30:27,098 - INFO - ----------------------------------------------------------------------------------------------------------------------------------------------
2025-08-03 13:30:27,099 - INFO - Finished student_dim=9 with G&C avg gen_loss = nan, GD avg gen_loss = 0.0
2025-08-03 13:30:27,099 - INFO - ----------------------------------------------------------------------------------------------------------------------------------------------
2025-08-03 13:30:27,099 - INFO - Starting student_dim=10
2025-08-03 13:30:27,099 - INFO - Starting seed=0
2025-08-03 13:30:27,100 - INFO - A_teacher is 0.48532047867774963
2025-08-03 13:30:27,104 - INFO - Starting G&C
2025-08-03 13:30:30,553 - INFO - No GNC sensing losses
2025-08-03 13:30:30,946 - INFO - Finished G&C, time elapsed=3.8426878452301025s
2025-08-03 13:30:30,946 - INFO - Finished seed=0
2025-08-03 13:30:30,947 - INFO - Starting seed=1
2025-08-03 13:30:30,948 - INFO - A_teacher is 0.6540995836257935
2025-08-03 13:30:30,949 - INFO - Starting G&C
2025-08-03 13:30:34,100 - INFO - No GNC sensing losses
2025-08-03 13:30:34,534 - INFO - Finished G&C, time elapsed=3.585052967071533s
2025-08-03 13:30:34,534 - INFO - Finished seed=1
2025-08-03 13:30:34,534 - INFO - Starting seed=2
2025-08-03 13:30:34,536 - INFO - A_teacher is 0.5661352276802063
2025-08-03 13:30:34,536 - INFO - Starting G&C
2025-08-03 13:30:37,598 - INFO - No GNC sensing losses
2025-08-03 13:30:38,024 - INFO - Finished G&C, time elapsed=3.48736310005188s
2025-08-03 13:30:38,024 - INFO - Finished seed=2
2025-08-03 13:30:38,024 - INFO - Starting seed=3
2025-08-03 13:30:38,025 - INFO - A_teacher is 0.539229691028595
2025-08-03 13:30:38,026 - INFO - Starting G&C
2025-08-03 13:30:41,108 - INFO - No GNC sensing losses
2025-08-03 13:30:41,549 - INFO - Finished G&C, time elapsed=3.5224990844726562s
2025-08-03 13:30:41,549 - INFO - Finished seed=3
2025-08-03 13:30:41,549 - INFO - Starting seed=4
2025-08-03 13:30:41,550 - INFO - A_teacher is 0.5803276300430298
2025-08-03 13:30:41,551 - INFO - Starting G&C
2025-08-03 13:30:44,679 - INFO - No GNC sensing losses
2025-08-03 13:30:45,120 - INFO - Finished G&C, time elapsed=3.568756103515625s
2025-08-03 13:30:45,120 - INFO - Finished seed=4
2025-08-03 13:30:45,120 - INFO - Starting seed=5
2025-08-03 13:30:45,122 - INFO - A_teacher is 0.33947238326072693
2025-08-03 13:30:45,123 - INFO - Starting G&C
2025-08-03 13:30:48,193 - INFO - No GNC sensing losses
2025-08-03 13:30:48,627 - INFO - Finished G&C, time elapsed=3.504207134246826s
2025-08-03 13:30:48,627 - INFO - Finished seed=5
2025-08-03 13:30:48,627 - INFO - Starting seed=6
2025-08-03 13:30:48,628 - INFO - A_teacher is 0.45132192969322205
2025-08-03 13:30:48,629 - INFO - Starting G&C
2025-08-03 13:30:51,788 - INFO - No GNC sensing losses
2025-08-03 13:30:52,250 - INFO - Finished G&C, time elapsed=3.620532989501953s
2025-08-03 13:30:52,250 - INFO - Finished seed=6
2025-08-03 13:30:52,250 - INFO - Starting seed=7
2025-08-03 13:30:52,251 - INFO - A_teacher is 0.31256014108657837
2025-08-03 13:30:52,253 - INFO - Starting G&C
2025-08-03 13:30:55,496 - INFO - No GNC sensing losses
2025-08-03 13:30:55,965 - INFO - Finished G&C, time elapsed=3.712649345397949s
2025-08-03 13:30:55,965 - INFO - Finished seed=7
2025-08-03 13:30:55,966 - INFO - ----------------------------------------------------------------------------------------------------------------------------------------------
2025-08-03 13:30:55,966 - INFO - ----------------------------------------------------------------------------------------------------------------------------------------------
2025-08-03 13:30:55,966 - INFO - Finished student_dim=10 with G&C avg gen_loss = nan, GD avg gen_loss = 0.0
2025-08-03 13:30:55,966 - INFO - ----------------------------------------------------------------------------------------------------------------------------------------------
2025-08-03 13:30:55,966 - INFO - Starting student_dim=11
2025-08-03 13:30:55,966 - INFO - Starting seed=0
2025-08-03 13:30:55,967 - INFO - A_teacher is 0.48532047867774963
2025-08-03 13:30:55,971 - INFO - Starting G&C
2025-08-03 13:30:59,659 - INFO - No GNC sensing losses
2025-08-03 13:31:00,004 - INFO - Finished G&C, time elapsed=4.032678127288818s
2025-08-03 13:31:00,004 - INFO - Finished seed=0
2025-08-03 13:31:00,004 - INFO - Starting seed=1
2025-08-03 13:31:00,005 - INFO - A_teacher is 0.6540995836257935
2025-08-03 13:31:00,007 - INFO - Starting G&C
2025-08-03 13:31:03,073 - INFO - No GNC sensing losses
2025-08-03 13:31:03,479 - INFO - Finished G&C, time elapsed=3.4715871810913086s
2025-08-03 13:31:03,479 - INFO - Finished seed=1
2025-08-03 13:31:03,479 - INFO - Starting seed=2
2025-08-03 13:31:03,480 - INFO - A_teacher is 0.5661352276802063
2025-08-03 13:31:03,481 - INFO - Starting G&C
2025-08-03 13:31:06,507 - INFO - No GNC sensing losses
2025-08-03 13:31:06,907 - INFO - Finished G&C, time elapsed=3.4260799884796143s
2025-08-03 13:31:06,908 - INFO - Finished seed=2
2025-08-03 13:31:06,908 - INFO - Starting seed=3
2025-08-03 13:31:06,909 - INFO - A_teacher is 0.539229691028595
2025-08-03 13:31:06,910 - INFO - Starting G&C
2025-08-03 13:31:09,797 - INFO - No GNC sensing losses
2025-08-03 13:31:10,134 - INFO - Finished G&C, time elapsed=3.2240188121795654s
2025-08-03 13:31:10,134 - INFO - Finished seed=3
2025-08-03 13:31:10,134 - INFO - Starting seed=4
2025-08-03 13:31:10,135 - INFO - A_teacher is 0.5803276300430298
2025-08-03 13:31:10,136 - INFO - Starting G&C
2025-08-03 13:31:13,012 - INFO - No GNC sensing losses
2025-08-03 13:31:13,347 - INFO - Finished G&C, time elapsed=3.211400032043457s
2025-08-03 13:31:13,348 - INFO - Finished seed=4
2025-08-03 13:31:13,348 - INFO - Starting seed=5
2025-08-03 13:31:13,349 - INFO - A_teacher is 0.33947238326072693
2025-08-03 13:31:13,350 - INFO - Starting G&C
2025-08-03 13:31:16,503 - INFO - No GNC sensing losses
2025-08-03 13:31:16,946 - INFO - Finished G&C, time elapsed=3.596466302871704s
2025-08-03 13:31:16,946 - INFO - Finished seed=5
2025-08-03 13:31:16,946 - INFO - Starting seed=6
2025-08-03 13:31:16,947 - INFO - A_teacher is 0.45132192969322205
2025-08-03 13:31:16,948 - INFO - Starting G&C
2025-08-03 13:31:20,078 - INFO - No GNC sensing losses
2025-08-03 13:31:20,511 - INFO - Finished G&C, time elapsed=3.562675952911377s
2025-08-03 13:31:20,511 - INFO - Finished seed=6
2025-08-03 13:31:20,511 - INFO - Starting seed=7
2025-08-03 13:31:20,512 - INFO - A_teacher is 0.31256014108657837
2025-08-03 13:31:20,513 - INFO - Starting G&C
2025-08-03 13:31:23,611 - INFO - No GNC sensing losses
2025-08-03 13:31:24,040 - INFO - Finished G&C, time elapsed=3.527047872543335s
2025-08-03 13:31:24,041 - INFO - Finished seed=7
2025-08-03 13:31:24,041 - INFO - ----------------------------------------------------------------------------------------------------------------------------------------------
2025-08-03 13:31:24,041 - INFO - ----------------------------------------------------------------------------------------------------------------------------------------------
2025-08-03 13:31:24,041 - INFO - Finished student_dim=11 with G&C avg gen_loss = nan, GD avg gen_loss = 0.0
2025-08-03 13:31:24,041 - INFO - ----------------------------------------------------------------------------------------------------------------------------------------------
2025-08-03 13:31:24,041 - INFO - Starting student_dim=12
2025-08-03 13:31:24,041 - INFO - Starting seed=0
2025-08-03 13:31:24,043 - INFO - A_teacher is 0.48532047867774963
2025-08-03 13:31:24,047 - INFO - Starting G&C
2025-08-03 13:31:28,445 - INFO - No GNC sensing losses
2025-08-03 13:31:28,832 - INFO - Finished G&C, time elapsed=4.785063028335571s
2025-08-03 13:31:28,832 - INFO - Finished seed=0
2025-08-03 13:31:28,832 - INFO - Starting seed=1
2025-08-03 13:31:28,834 - INFO - A_teacher is 0.6540995836257935
2025-08-03 13:31:28,836 - INFO - Starting G&C
2025-08-03 13:31:32,055 - INFO - No GNC sensing losses
2025-08-03 13:31:32,493 - INFO - Finished G&C, time elapsed=3.656825065612793s
2025-08-03 13:31:32,493 - INFO - Finished seed=1
2025-08-03 13:31:32,493 - INFO - Starting seed=2
2025-08-03 13:31:32,494 - INFO - A_teacher is 0.5661352276802063
2025-08-03 13:31:32,495 - INFO - Starting G&C
2025-08-03 13:31:35,710 - INFO - No GNC sensing losses
2025-08-03 13:31:36,143 - INFO - Finished G&C, time elapsed=3.6478500366210938s
2025-08-03 13:31:36,143 - INFO - Finished seed=2
2025-08-03 13:31:36,143 - INFO - Starting seed=3
2025-08-03 13:31:36,145 - INFO - A_teacher is 0.539229691028595
2025-08-03 13:31:36,146 - INFO - Starting G&C
2025-08-03 13:31:39,365 - INFO - No GNC sensing losses
2025-08-03 13:31:39,809 - INFO - Finished G&C, time elapsed=3.6625399589538574s
2025-08-03 13:31:39,809 - INFO - Finished seed=3
2025-08-03 13:31:39,809 - INFO - Starting seed=4
2025-08-03 13:31:39,810 - INFO - A_teacher is 0.5803276300430298
2025-08-03 13:31:39,811 - INFO - Starting G&C
2025-08-03 13:31:43,060 - INFO - No GNC sensing losses
2025-08-03 13:31:43,532 - INFO - Finished G&C, time elapsed=3.7210960388183594s
2025-08-03 13:31:43,532 - INFO - Finished seed=4
2025-08-03 13:31:43,533 - INFO - Starting seed=5
2025-08-03 13:31:43,534 - INFO - A_teacher is 0.33947238326072693
2025-08-03 13:31:43,535 - INFO - Starting G&C
2025-08-03 13:31:46,866 - INFO - No GNC sensing losses
2025-08-03 13:31:47,337 - INFO - Finished G&C, time elapsed=3.801284074783325s
2025-08-03 13:31:47,337 - INFO - Finished seed=5
2025-08-03 13:31:47,337 - INFO - Starting seed=6
2025-08-03 13:31:47,338 - INFO - A_teacher is 0.45132192969322205
2025-08-03 13:31:47,339 - INFO - Starting G&C
2025-08-03 13:31:50,695 - INFO - No GNC sensing losses
2025-08-03 13:31:51,158 - INFO - Finished G&C, time elapsed=3.819207191467285s
2025-08-03 13:31:51,159 - INFO - Finished seed=6
2025-08-03 13:31:51,159 - INFO - Starting seed=7
2025-08-03 13:31:51,159 - INFO - A_teacher is 0.31256014108657837
2025-08-03 13:31:51,161 - INFO - Starting G&C
2025-08-03 13:31:54,442 - INFO - No GNC sensing losses
2025-08-03 13:31:54,904 - INFO - Finished G&C, time elapsed=3.7425668239593506s
2025-08-03 13:31:54,904 - INFO - Finished seed=7
2025-08-03 13:31:54,904 - INFO - ----------------------------------------------------------------------------------------------------------------------------------------------
2025-08-03 13:31:54,904 - INFO - ----------------------------------------------------------------------------------------------------------------------------------------------
2025-08-03 13:31:54,904 - INFO - Finished student_dim=12 with G&C avg gen_loss = nan, GD avg gen_loss = 0.0
2025-08-03 13:31:54,904 - INFO - ----------------------------------------------------------------------------------------------------------------------------------------------
2025-08-03 13:31:54,904 - INFO - Starting student_dim=13
2025-08-03 13:31:54,905 - INFO - Starting seed=0
2025-08-03 13:31:54,906 - INFO - A_teacher is 0.48532047867774963
2025-08-03 13:31:54,909 - INFO - Starting G&C
2025-08-03 13:31:59,577 - INFO - No GNC sensing losses
2025-08-03 13:31:59,967 - INFO - Finished G&C, time elapsed=5.057524919509888s
2025-08-03 13:31:59,967 - INFO - Finished seed=0
2025-08-03 13:31:59,968 - INFO - Starting seed=1
2025-08-03 13:31:59,969 - INFO - A_teacher is 0.6540995836257935
2025-08-03 13:31:59,970 - INFO - Starting G&C
2025-08-03 13:32:03,254 - INFO - No GNC sensing losses
2025-08-03 13:32:03,703 - INFO - Finished G&C, time elapsed=3.7330679893493652s
2025-08-03 13:32:03,704 - INFO - Finished seed=1
2025-08-03 13:32:03,704 - INFO - Starting seed=2
2025-08-03 13:32:03,746 - INFO - A_teacher is 0.5661352276802063
2025-08-03 13:32:03,747 - INFO - Starting G&C
2025-08-03 13:32:07,169 - INFO - No GNC sensing losses
2025-08-03 13:32:07,623 - INFO - Finished G&C, time elapsed=3.8750829696655273s
2025-08-03 13:32:07,623 - INFO - Finished seed=2
2025-08-03 13:32:07,623 - INFO - Starting seed=3
2025-08-03 13:32:07,624 - INFO - A_teacher is 0.539229691028595
2025-08-03 13:32:07,626 - INFO - Starting G&C
2025-08-03 13:32:10,897 - INFO - No GNC sensing losses
2025-08-03 13:32:11,325 - INFO - Finished G&C, time elapsed=3.6988837718963623s
2025-08-03 13:32:11,325 - INFO - Finished seed=3
2025-08-03 13:32:11,325 - INFO - Starting seed=4
2025-08-03 13:32:11,326 - INFO - A_teacher is 0.5803276300430298
2025-08-03 13:32:11,327 - INFO - Starting G&C
2025-08-03 13:32:14,657 - INFO - No GNC sensing losses
2025-08-03 13:32:15,112 - INFO - Finished G&C, time elapsed=3.784806251525879s
2025-08-03 13:32:15,112 - INFO - Finished seed=4
2025-08-03 13:32:15,112 - INFO - Starting seed=5
2025-08-03 13:32:15,113 - INFO - A_teacher is 0.33947238326072693
2025-08-03 13:32:15,115 - INFO - Starting G&C
2025-08-03 13:32:18,471 - INFO - No GNC sensing losses
2025-08-03 13:32:18,938 - INFO - Finished G&C, time elapsed=3.8232481479644775s
2025-08-03 13:32:18,938 - INFO - Finished seed=5
2025-08-03 13:32:18,939 - INFO - Starting seed=6
2025-08-03 13:32:18,940 - INFO - A_teacher is 0.45132192969322205
2025-08-03 13:32:18,942 - INFO - Starting G&C
2025-08-03 13:32:22,325 - INFO - No GNC sensing losses
2025-08-03 13:32:22,789 - INFO - Finished G&C, time elapsed=3.8473610877990723s
2025-08-03 13:32:22,789 - INFO - Finished seed=6
2025-08-03 13:32:22,789 - INFO - Starting seed=7
2025-08-03 13:32:22,791 - INFO - A_teacher is 0.31256014108657837
2025-08-03 13:32:22,792 - INFO - Starting G&C
2025-08-03 13:32:26,078 - INFO - No GNC sensing losses
2025-08-03 13:32:26,536 - INFO - Finished G&C, time elapsed=3.7442219257354736s
2025-08-03 13:32:26,536 - INFO - Finished seed=7
2025-08-03 13:32:26,536 - INFO - ----------------------------------------------------------------------------------------------------------------------------------------------
2025-08-03 13:32:26,536 - INFO - ----------------------------------------------------------------------------------------------------------------------------------------------
2025-08-03 13:32:26,538 - INFO - Finished student_dim=13 with G&C avg gen_loss = nan, GD avg gen_loss = 0.0
2025-08-03 13:32:26,538 - INFO - ----------------------------------------------------------------------------------------------------------------------------------------------
2025-08-03 13:32:26,538 - INFO - Starting student_dim=14
2025-08-03 13:32:26,539 - INFO - Starting seed=0
2025-08-03 13:32:26,540 - INFO - A_teacher is 0.48532047867774963
2025-08-03 13:32:26,545 - INFO - Starting G&C
2025-08-03 13:32:33,922 - INFO - No GNC sensing losses
2025-08-03 13:32:34,372 - INFO - Finished G&C, time elapsed=7.827288866043091s
2025-08-03 13:32:34,372 - INFO - Finished seed=0
2025-08-03 13:32:34,373 - INFO - Starting seed=1
2025-08-03 13:32:34,376 - INFO - A_teacher is 0.6540995836257935
2025-08-03 13:32:34,378 - INFO - Starting G&C
2025-08-03 13:32:37,894 - INFO - No GNC sensing losses
2025-08-03 13:32:38,355 - INFO - Finished G&C, time elapsed=3.9771041870117188s
2025-08-03 13:32:38,356 - INFO - Finished seed=1
2025-08-03 13:32:38,356 - INFO - Starting seed=2
2025-08-03 13:32:38,358 - INFO - A_teacher is 0.5661352276802063
2025-08-03 13:32:38,360 - INFO - Starting G&C
2025-08-03 13:32:41,833 - INFO - No GNC sensing losses
2025-08-03 13:32:42,307 - INFO - Finished G&C, time elapsed=3.9470040798187256s
2025-08-03 13:32:42,307 - INFO - Finished seed=2
2025-08-03 13:32:42,307 - INFO - Starting seed=3
2025-08-03 13:32:42,308 - INFO - A_teacher is 0.539229691028595
2025-08-03 13:32:42,310 - INFO - Starting G&C
2025-08-03 13:32:45,707 - INFO - No GNC sensing losses
2025-08-03 13:32:46,168 - INFO - Finished G&C, time elapsed=3.8579111099243164s
2025-08-03 13:32:46,168 - INFO - Finished seed=3
2025-08-03 13:32:46,168 - INFO - Starting seed=4
2025-08-03 13:32:46,176 - INFO - A_teacher is 0.5803276300430298
2025-08-03 13:32:46,178 - INFO - Starting G&C
2025-08-03 13:32:49,563 - INFO - No GNC sensing losses
2025-08-03 13:32:50,031 - INFO - Finished G&C, time elapsed=3.853247880935669s
2025-08-03 13:32:50,031 - INFO - Finished seed=4
2025-08-03 13:32:50,031 - INFO - Starting seed=5
2025-08-03 13:32:50,032 - INFO - A_teacher is 0.33947238326072693
2025-08-03 13:32:50,033 - INFO - Starting G&C
2025-08-03 13:32:53,491 - INFO - No GNC sensing losses
2025-08-03 13:32:53,965 - INFO - Finished G&C, time elapsed=3.9317829608917236s
2025-08-03 13:32:53,965 - INFO - Finished seed=5
2025-08-03 13:32:53,965 - INFO - Starting seed=6
2025-08-03 13:32:53,967 - INFO - A_teacher is 0.45132192969322205
2025-08-03 13:32:53,968 - INFO - Starting G&C
2025-08-03 13:32:57,427 - INFO - No GNC sensing losses
2025-08-03 13:32:57,899 - INFO - Finished G&C, time elapsed=3.930551767349243s
2025-08-03 13:32:57,899 - INFO - Finished seed=6
2025-08-03 13:32:57,899 - INFO - Starting seed=7
2025-08-03 13:32:57,900 - INFO - A_teacher is 0.31256014108657837
2025-08-03 13:32:57,902 - INFO - Starting G&C
2025-08-03 13:33:01,434 - INFO - No GNC sensing losses
2025-08-03 13:33:01,899 - INFO - Finished G&C, time elapsed=3.9967448711395264s
2025-08-03 13:33:01,899 - INFO - Finished seed=7
2025-08-03 13:33:01,899 - INFO - ----------------------------------------------------------------------------------------------------------------------------------------------
2025-08-03 13:33:01,899 - INFO - ----------------------------------------------------------------------------------------------------------------------------------------------
2025-08-03 13:33:01,900 - INFO - Finished student_dim=14 with G&C avg gen_loss = nan, GD avg gen_loss = 0.0
2025-08-03 13:33:01,900 - INFO - ----------------------------------------------------------------------------------------------------------------------------------------------
2025-08-03 13:33:01,900 - INFO - Starting student_dim=15
2025-08-03 13:33:01,900 - INFO - Starting seed=0
2025-08-03 13:33:01,936 - INFO - A_teacher is 0.48532047867774963
2025-08-03 13:33:01,941 - INFO - Starting G&C
2025-08-03 13:33:08,242 - INFO - No GNC sensing losses
2025-08-03 13:33:08,693 - INFO - Finished G&C, time elapsed=6.752322196960449s
2025-08-03 13:33:08,693 - INFO - Finished seed=0
2025-08-03 13:33:08,694 - INFO - Starting seed=1
2025-08-03 13:33:08,697 - INFO - A_teacher is 0.6540995836257935
2025-08-03 13:33:08,700 - INFO - Starting G&C
2025-08-03 13:33:12,221 - INFO - No GNC sensing losses
2025-08-03 13:33:12,692 - INFO - Finished G&C, time elapsed=3.9926187992095947s
2025-08-03 13:33:12,693 - INFO - Finished seed=1
2025-08-03 13:33:12,693 - INFO - Starting seed=2
2025-08-03 13:33:12,694 - INFO - A_teacher is 0.5661352276802063
2025-08-03 13:33:12,695 - INFO - Starting G&C
2025-08-03 13:33:16,146 - INFO - No GNC sensing losses
2025-08-03 13:33:16,608 - INFO - Finished G&C, time elapsed=3.9129762649536133s
2025-08-03 13:33:16,608 - INFO - Finished seed=2
2025-08-03 13:33:16,609 - INFO - Starting seed=3
2025-08-03 13:33:16,654 - INFO - A_teacher is 0.539229691028595
2025-08-03 13:33:16,656 - INFO - Starting G&C
2025-08-03 13:33:20,149 - INFO - No GNC sensing losses
2025-08-03 13:33:20,613 - INFO - Finished G&C, time elapsed=3.9564521312713623s
2025-08-03 13:33:20,613 - INFO - Finished seed=3
2025-08-03 13:33:20,613 - INFO - Starting seed=4
2025-08-03 13:33:20,614 - INFO - A_teacher is 0.5803276300430298
2025-08-03 13:33:20,616 - INFO - Starting G&C
2025-08-03 13:33:24,072 - INFO - No GNC sensing losses
2025-08-03 13:33:24,565 - INFO - Finished G&C, time elapsed=3.9487218856811523s
2025-08-03 13:33:24,565 - INFO - Finished seed=4
2025-08-03 13:33:24,565 - INFO - Starting seed=5
2025-08-03 13:33:24,566 - INFO - A_teacher is 0.33947238326072693
2025-08-03 13:33:24,568 - INFO - Starting G&C
2025-08-03 13:33:28,180 - INFO - No GNC sensing losses
2025-08-03 13:33:28,660 - INFO - Finished G&C, time elapsed=4.09258508682251s
2025-08-03 13:33:28,661 - INFO - Finished seed=5
2025-08-03 13:33:28,661 - INFO - Starting seed=6
2025-08-03 13:33:28,662 - INFO - A_teacher is 0.45132192969322205
2025-08-03 13:33:28,664 - INFO - Starting G&C
2025-08-03 13:33:32,202 - INFO - No GNC sensing losses
2025-08-03 13:33:32,677 - INFO - Finished G&C, time elapsed=4.013405084609985s
2025-08-03 13:33:32,678 - INFO - Finished seed=6
2025-08-03 13:33:32,678 - INFO - Starting seed=7
2025-08-03 13:33:32,679 - INFO - A_teacher is 0.31256014108657837
2025-08-03 13:33:32,680 - INFO - Starting G&C
2025-08-03 13:33:36,125 - INFO - No GNC sensing losses
2025-08-03 13:33:36,592 - INFO - Finished G&C, time elapsed=3.9118740558624268s
2025-08-03 13:33:36,592 - INFO - Finished seed=7
2025-08-03 13:33:36,593 - INFO - ----------------------------------------------------------------------------------------------------------------------------------------------
2025-08-03 13:33:36,593 - INFO - ----------------------------------------------------------------------------------------------------------------------------------------------
2025-08-03 13:33:36,593 - INFO - Finished student_dim=15 with G&C avg gen_loss = nan, GD avg gen_loss = 0.0
2025-08-03 13:33:36,593 - INFO - ----------------------------------------------------------------------------------------------------------------------------------------------
