2025-08-05 11:26:24,858 - INFO - Using device mps.
2025-08-05 11:26:24,858 - INFO - Args: Namespace(num_seeds=1, num_measurements=1, input_e1=True, sequence_length=5, teacher_ranks=[1], student_dims=[10, 11, 12, 13, 14, 15, 16, 17, 18, 19, 20, 21, 22, 23, 24, 25, 26, 27, 28, 29, 30, 31, 32, 33, 34, 35, 36, 37, 38, 39, 40, 41, 42, 43, 44, 45, 46, 47, 48, 49], calc_loss_only_on_last_output=True, eps_train=5e-16, gnc=True, gnc_num_samples=1000000000, gnc_batch_size=10000000, gd=False, gd_lr=0.001, gd_epochs=1000000, gd_init_scale=0.01, gd_optimizer='adam', config=None, results_dir=PosixPath('results'), figures_dir=PosixPath('figures'), log_dir=PosixPath('logs'))
2025-08-05 11:26:24,870 - INFO - Starting teacher_rank=1
2025-08-05 11:26:24,870 - INFO - Starting student_dim=10
2025-08-05 11:26:24,870 - INFO - Starting seed=0
2025-08-05 11:26:24,877 - INFO - A_teacher is 0.5694382786750793
2025-08-05 11:26:24,908 - INFO - Starting G&C
2025-08-05 11:28:42,157 - INFO - Finished G&C, time elapsed=137.24531602859497s
2025-08-05 11:28:42,163 - INFO - Finished seed=0
2025-08-05 11:28:42,173 - INFO - ----------------------------------------------------------------------------------------------------------------------------------------------
2025-08-05 11:28:42,174 - INFO - ----------------------------------------------------------------------------------------------------------------------------------------------
2025-08-05 11:28:42,174 - INFO - Finished student_dim=10
2025-08-05 11:28:42,180 - INFO - G&C avg gen_loss = 0.8766302323112121
2025-08-05 11:28:42,180 - INFO - ----------------------------------------------------------------------------------------------------------------------------------------------
2025-08-05 11:28:42,182 - INFO - Starting student_dim=11
2025-08-05 11:28:42,185 - INFO - Starting seed=0
2025-08-05 11:28:42,192 - INFO - A_teacher is 0.6540995836257935
2025-08-05 11:28:42,213 - INFO - Starting G&C
2025-08-05 11:31:00,002 - INFO - Finished G&C, time elapsed=137.786954164505s
2025-08-05 11:31:00,003 - INFO - Finished seed=0
2025-08-05 11:31:00,006 - INFO - ----------------------------------------------------------------------------------------------------------------------------------------------
2025-08-05 11:31:00,006 - INFO - ----------------------------------------------------------------------------------------------------------------------------------------------
2025-08-05 11:31:00,006 - INFO - Finished student_dim=11
2025-08-05 11:31:00,008 - INFO - G&C avg gen_loss = 1.4394111910627947
2025-08-05 11:31:00,009 - INFO - ----------------------------------------------------------------------------------------------------------------------------------------------
2025-08-05 11:31:00,009 - INFO - Starting student_dim=12
2025-08-05 11:31:00,010 - INFO - Starting seed=0
2025-08-05 11:31:00,017 - INFO - A_teacher is 0.6540995836257935
2025-08-05 11:31:00,032 - INFO - Starting G&C
2025-08-05 11:33:26,243 - INFO - Finished G&C, time elapsed=146.2088041305542s
2025-08-05 11:33:26,245 - INFO - Finished seed=0
2025-08-05 11:33:26,248 - INFO - ----------------------------------------------------------------------------------------------------------------------------------------------
2025-08-05 11:33:26,248 - INFO - ----------------------------------------------------------------------------------------------------------------------------------------------
2025-08-05 11:33:26,248 - INFO - Finished student_dim=12
2025-08-05 11:33:26,250 - INFO - G&C avg gen_loss = 1.8522527952763168
2025-08-05 11:33:26,251 - INFO - ----------------------------------------------------------------------------------------------------------------------------------------------
2025-08-05 11:33:26,251 - INFO - Starting student_dim=13
2025-08-05 11:33:26,251 - INFO - Starting seed=0
2025-08-05 11:33:26,258 - INFO - A_teacher is 0.6540995836257935
2025-08-05 11:33:26,272 - INFO - Starting G&C
2025-08-05 11:35:50,117 - INFO - Finished G&C, time elapsed=143.84454202651978s
2025-08-05 11:35:50,120 - INFO - Finished seed=0
2025-08-05 11:35:50,121 - INFO - ----------------------------------------------------------------------------------------------------------------------------------------------
2025-08-05 11:35:50,121 - INFO - ----------------------------------------------------------------------------------------------------------------------------------------------
2025-08-05 11:35:50,121 - INFO - Finished student_dim=13
2025-08-05 11:35:50,123 - INFO - G&C avg gen_loss = 2.153823766708374
2025-08-05 11:35:50,123 - INFO - ----------------------------------------------------------------------------------------------------------------------------------------------
2025-08-05 11:35:50,124 - INFO - Starting student_dim=14
2025-08-05 11:35:50,124 - INFO - Starting seed=0
2025-08-05 11:35:50,131 - INFO - A_teacher is 0.6540995836257935
2025-08-05 11:35:50,147 - INFO - Starting G&C
2025-08-05 11:38:18,314 - INFO - Finished G&C, time elapsed=148.16118097305298s
2025-08-05 11:38:18,322 - INFO - Finished seed=0
2025-08-05 11:38:18,332 - INFO - ----------------------------------------------------------------------------------------------------------------------------------------------
2025-08-05 11:38:18,332 - INFO - ----------------------------------------------------------------------------------------------------------------------------------------------
2025-08-05 11:38:18,332 - INFO - Finished student_dim=14
2025-08-05 11:38:18,342 - INFO - G&C avg gen_loss = 1.565383144115147
2025-08-05 11:38:18,342 - INFO - ----------------------------------------------------------------------------------------------------------------------------------------------
2025-08-05 11:38:18,343 - INFO - Starting student_dim=15
2025-08-05 11:38:18,345 - INFO - Starting seed=0
2025-08-05 11:38:18,354 - INFO - A_teacher is 0.6540995836257935
2025-08-05 11:38:18,415 - INFO - Starting G&C
2025-08-05 11:40:44,472 - INFO - Finished G&C, time elapsed=146.04256200790405s
2025-08-05 11:40:44,487 - INFO - Finished seed=0
2025-08-05 11:40:44,495 - INFO - ----------------------------------------------------------------------------------------------------------------------------------------------
2025-08-05 11:40:44,495 - INFO - ----------------------------------------------------------------------------------------------------------------------------------------------
2025-08-05 11:40:44,495 - INFO - Finished student_dim=15
2025-08-05 11:40:44,515 - INFO - G&C avg gen_loss = 2.263796128075698
2025-08-05 11:40:44,516 - INFO - ----------------------------------------------------------------------------------------------------------------------------------------------
2025-08-05 11:40:44,519 - INFO - Starting student_dim=16
2025-08-05 11:40:44,527 - INFO - Starting seed=0
2025-08-05 11:40:44,552 - INFO - A_teacher is 0.6540995836257935
2025-08-05 11:40:44,613 - INFO - Starting G&C
2025-08-05 11:43:13,232 - INFO - Finished G&C, time elapsed=148.61788272857666s
2025-08-05 11:43:13,234 - INFO - Finished seed=0
2025-08-05 11:43:13,237 - INFO - ----------------------------------------------------------------------------------------------------------------------------------------------
2025-08-05 11:43:13,237 - INFO - ----------------------------------------------------------------------------------------------------------------------------------------------
2025-08-05 11:43:13,237 - INFO - Finished student_dim=16
2025-08-05 11:43:13,241 - INFO - G&C avg gen_loss = 2.0005039498209953
2025-08-05 11:43:13,241 - INFO - ----------------------------------------------------------------------------------------------------------------------------------------------
2025-08-05 11:43:13,242 - INFO - Starting student_dim=17
2025-08-05 11:43:13,243 - INFO - Starting seed=0
2025-08-05 11:43:13,249 - INFO - A_teacher is 0.6540995836257935
2025-08-05 11:43:13,266 - INFO - Starting G&C
2025-08-05 11:45:49,323 - INFO - Finished G&C, time elapsed=156.05571126937866s
2025-08-05 11:45:49,325 - INFO - Finished seed=0
2025-08-05 11:45:49,326 - INFO - ----------------------------------------------------------------------------------------------------------------------------------------------
2025-08-05 11:45:49,326 - INFO - ----------------------------------------------------------------------------------------------------------------------------------------------
2025-08-05 11:45:49,326 - INFO - Finished student_dim=17
2025-08-05 11:45:49,327 - INFO - G&C avg gen_loss = 2.641704314825486
2025-08-05 11:45:49,327 - INFO - ----------------------------------------------------------------------------------------------------------------------------------------------
2025-08-05 11:45:49,327 - INFO - Starting student_dim=18
2025-08-05 11:45:49,328 - INFO - Starting seed=0
2025-08-05 11:45:49,334 - INFO - A_teacher is 0.6540995836257935
2025-08-05 11:45:49,348 - INFO - Starting G&C
2025-08-05 11:48:17,217 - INFO - Finished G&C, time elapsed=147.86662101745605s
2025-08-05 11:48:17,220 - INFO - Finished seed=0
2025-08-05 11:48:17,222 - INFO - ----------------------------------------------------------------------------------------------------------------------------------------------
2025-08-05 11:48:17,222 - INFO - ----------------------------------------------------------------------------------------------------------------------------------------------
2025-08-05 11:48:17,222 - INFO - Finished student_dim=18
2025-08-05 11:48:17,225 - INFO - G&C avg gen_loss = 2.877501283751594
2025-08-05 11:48:17,225 - INFO - ----------------------------------------------------------------------------------------------------------------------------------------------
2025-08-05 11:48:17,225 - INFO - Starting student_dim=19
2025-08-05 11:48:17,226 - INFO - Starting seed=0
2025-08-05 11:48:17,235 - INFO - A_teacher is 0.6540995836257935
2025-08-05 11:48:17,257 - INFO - Starting G&C
2025-08-05 11:50:41,830 - INFO - Finished G&C, time elapsed=144.5705349445343s
2025-08-05 11:50:41,833 - INFO - Finished seed=0
2025-08-05 11:50:41,836 - INFO - ----------------------------------------------------------------------------------------------------------------------------------------------
2025-08-05 11:50:41,836 - INFO - ----------------------------------------------------------------------------------------------------------------------------------------------
2025-08-05 11:50:41,836 - INFO - Finished student_dim=19
2025-08-05 11:50:41,841 - INFO - G&C avg gen_loss = 1.9225954090555508
2025-08-05 11:50:41,841 - INFO - ----------------------------------------------------------------------------------------------------------------------------------------------
2025-08-05 11:50:41,842 - INFO - Starting student_dim=20
2025-08-05 11:50:41,843 - INFO - Starting seed=0
2025-08-05 11:50:41,851 - INFO - A_teacher is 0.6540995836257935
2025-08-05 11:50:41,873 - INFO - Starting G&C
2025-08-05 11:58:44,916 - INFO - Finished G&C, time elapsed=483.0416920185089s
2025-08-05 11:58:44,918 - INFO - Finished seed=0
2025-08-05 11:58:44,921 - INFO - ----------------------------------------------------------------------------------------------------------------------------------------------
2025-08-05 11:58:44,921 - INFO - ----------------------------------------------------------------------------------------------------------------------------------------------
2025-08-05 11:58:44,921 - INFO - Finished student_dim=20
2025-08-05 11:58:44,923 - INFO - G&C avg gen_loss = 1.7051457374725703
2025-08-05 11:58:44,923 - INFO - ----------------------------------------------------------------------------------------------------------------------------------------------
2025-08-05 11:58:44,923 - INFO - Starting student_dim=21
2025-08-05 11:58:44,924 - INFO - Starting seed=0
2025-08-05 11:58:44,930 - INFO - A_teacher is 0.6540995836257935
2025-08-05 11:58:44,960 - INFO - Starting G&C
2025-08-05 12:12:24,110 - INFO - Finished G&C, time elapsed=819.1464030742645s
2025-08-05 12:12:24,112 - INFO - Finished seed=0
2025-08-05 12:12:24,121 - INFO - ----------------------------------------------------------------------------------------------------------------------------------------------
2025-08-05 12:12:24,121 - INFO - ----------------------------------------------------------------------------------------------------------------------------------------------
2025-08-05 12:12:24,121 - INFO - Finished student_dim=21
2025-08-05 12:12:24,124 - INFO - G&C avg gen_loss = 2.7715981006622314
2025-08-05 12:12:24,124 - INFO - ----------------------------------------------------------------------------------------------------------------------------------------------
2025-08-05 12:12:24,124 - INFO - Starting student_dim=22
2025-08-05 12:12:24,125 - INFO - Starting seed=0
2025-08-05 12:12:24,133 - INFO - A_teacher is 0.6540995836257935
2025-08-05 12:12:24,191 - INFO - Starting G&C
2025-08-05 12:15:00,758 - INFO - Finished G&C, time elapsed=156.5655951499939s
2025-08-05 12:15:00,761 - INFO - Finished seed=0
2025-08-05 12:15:00,764 - INFO - ----------------------------------------------------------------------------------------------------------------------------------------------
2025-08-05 12:15:00,764 - INFO - ----------------------------------------------------------------------------------------------------------------------------------------------
2025-08-05 12:15:00,764 - INFO - Finished student_dim=22
2025-08-05 12:15:00,768 - INFO - G&C avg gen_loss = 1.8995819636961309
2025-08-05 12:15:00,768 - INFO - ----------------------------------------------------------------------------------------------------------------------------------------------
2025-08-05 12:15:00,768 - INFO - Starting student_dim=23
2025-08-05 12:15:00,769 - INFO - Starting seed=0
2025-08-05 12:15:00,774 - INFO - A_teacher is 0.6540995836257935
2025-08-05 12:15:00,803 - INFO - Starting G&C
2025-08-05 12:17:32,355 - INFO - Finished G&C, time elapsed=151.5507891178131s
2025-08-05 12:17:32,357 - INFO - Finished seed=0
2025-08-05 12:17:32,359 - INFO - ----------------------------------------------------------------------------------------------------------------------------------------------
2025-08-05 12:17:32,359 - INFO - ----------------------------------------------------------------------------------------------------------------------------------------------
2025-08-05 12:17:32,359 - INFO - Finished student_dim=23
2025-08-05 12:17:32,363 - INFO - G&C avg gen_loss = 3.1711330439363206
2025-08-05 12:17:32,363 - INFO - ----------------------------------------------------------------------------------------------------------------------------------------------
2025-08-05 12:17:32,364 - INFO - Starting student_dim=24
2025-08-05 12:17:32,364 - INFO - Starting seed=0
2025-08-05 12:17:32,370 - INFO - A_teacher is 0.6540995836257935
2025-08-05 12:17:32,400 - INFO - Starting G&C
2025-08-05 12:20:11,999 - INFO - Finished G&C, time elapsed=159.5976791381836s
2025-08-05 12:20:12,001 - INFO - Finished seed=0
2025-08-05 12:20:12,004 - INFO - ----------------------------------------------------------------------------------------------------------------------------------------------
2025-08-05 12:20:12,004 - INFO - ----------------------------------------------------------------------------------------------------------------------------------------------
2025-08-05 12:20:12,004 - INFO - Finished student_dim=24
2025-08-05 12:20:12,007 - INFO - G&C avg gen_loss = 2.5864281562658458
2025-08-05 12:20:12,007 - INFO - ----------------------------------------------------------------------------------------------------------------------------------------------
2025-08-05 12:20:12,008 - INFO - Starting student_dim=25
2025-08-05 12:20:12,009 - INFO - Starting seed=0
2025-08-05 12:20:12,013 - INFO - A_teacher is 0.6540995836257935
2025-08-05 12:20:12,036 - INFO - Starting G&C
2025-08-05 12:40:16,950 - INFO - Finished G&C, time elapsed=1204.911610841751s
2025-08-05 12:40:16,953 - INFO - Finished seed=0
2025-08-05 12:40:16,954 - INFO - ----------------------------------------------------------------------------------------------------------------------------------------------
2025-08-05 12:40:16,954 - INFO - ----------------------------------------------------------------------------------------------------------------------------------------------
2025-08-05 12:40:16,954 - INFO - Finished student_dim=25
2025-08-05 12:40:16,956 - INFO - G&C avg gen_loss = 2.541038438677788
2025-08-05 12:40:16,956 - INFO - ----------------------------------------------------------------------------------------------------------------------------------------------
2025-08-05 12:40:16,956 - INFO - Starting student_dim=26
2025-08-05 12:40:16,957 - INFO - Starting seed=0
2025-08-05 12:40:16,964 - INFO - A_teacher is 0.6540995836257935
2025-08-05 12:40:16,989 - INFO - Starting G&C
2025-08-05 12:43:12,967 - INFO - Finished G&C, time elapsed=175.97427678108215s
2025-08-05 12:43:12,970 - INFO - Finished seed=0
2025-08-05 12:43:12,979 - INFO - ----------------------------------------------------------------------------------------------------------------------------------------------
2025-08-05 12:43:12,979 - INFO - ----------------------------------------------------------------------------------------------------------------------------------------------
2025-08-05 12:43:12,979 - INFO - Finished student_dim=26
2025-08-05 12:43:12,982 - INFO - G&C avg gen_loss = 2.9719801438160434
2025-08-05 12:43:12,982 - INFO - ----------------------------------------------------------------------------------------------------------------------------------------------
2025-08-05 12:43:12,982 - INFO - Starting student_dim=27
2025-08-05 12:43:12,984 - INFO - Starting seed=0
2025-08-05 12:43:12,992 - INFO - A_teacher is 0.6540995836257935
2025-08-05 12:43:13,028 - INFO - Starting G&C
2025-08-05 12:45:50,578 - INFO - Finished G&C, time elapsed=157.54728293418884s
2025-08-05 12:45:50,580 - INFO - Finished seed=0
2025-08-05 12:45:50,589 - INFO - ----------------------------------------------------------------------------------------------------------------------------------------------
2025-08-05 12:45:50,589 - INFO - ----------------------------------------------------------------------------------------------------------------------------------------------
2025-08-05 12:45:50,589 - INFO - Finished student_dim=27
2025-08-05 12:45:50,593 - INFO - G&C avg gen_loss = 3.3253529362189465
2025-08-05 12:45:50,593 - INFO - ----------------------------------------------------------------------------------------------------------------------------------------------
2025-08-05 12:45:50,593 - INFO - Starting student_dim=28
2025-08-05 12:45:50,594 - INFO - Starting seed=0
2025-08-05 12:45:50,600 - INFO - A_teacher is 0.6540995836257935
2025-08-05 12:45:50,628 - INFO - Starting G&C
2025-08-05 12:48:15,343 - INFO - Finished G&C, time elapsed=144.71261167526245s
2025-08-05 12:48:15,344 - INFO - Finished seed=0
2025-08-05 12:48:15,347 - INFO - ----------------------------------------------------------------------------------------------------------------------------------------------
2025-08-05 12:48:15,347 - INFO - ----------------------------------------------------------------------------------------------------------------------------------------------
2025-08-05 12:48:15,347 - INFO - Finished student_dim=28
2025-08-05 12:48:15,350 - INFO - G&C avg gen_loss = 2.166669764395418
2025-08-05 12:48:15,350 - INFO - ----------------------------------------------------------------------------------------------------------------------------------------------
2025-08-05 12:48:15,351 - INFO - Starting student_dim=29
2025-08-05 12:48:15,351 - INFO - Starting seed=0
2025-08-05 12:48:15,359 - INFO - A_teacher is 0.6540995836257935
2025-08-05 12:48:15,391 - INFO - Starting G&C
2025-08-05 12:50:45,418 - INFO - Finished G&C, time elapsed=150.025484085083s
2025-08-05 12:50:45,420 - INFO - Finished seed=0
2025-08-05 12:50:45,423 - INFO - ----------------------------------------------------------------------------------------------------------------------------------------------
2025-08-05 12:50:45,424 - INFO - ----------------------------------------------------------------------------------------------------------------------------------------------
2025-08-05 12:50:45,424 - INFO - Finished student_dim=29
2025-08-05 12:50:45,427 - INFO - G&C avg gen_loss = 2.100728142720002
2025-08-05 12:50:45,427 - INFO - ----------------------------------------------------------------------------------------------------------------------------------------------
2025-08-05 12:50:45,428 - INFO - Starting student_dim=30
2025-08-05 12:50:45,428 - INFO - Starting seed=0
2025-08-05 12:50:45,435 - INFO - A_teacher is 0.6540995836257935
2025-08-05 12:50:45,462 - INFO - Starting G&C
2025-08-05 12:53:05,475 - INFO - Finished G&C, time elapsed=140.01100206375122s
2025-08-05 12:53:05,477 - INFO - Finished seed=0
2025-08-05 12:53:05,479 - INFO - ----------------------------------------------------------------------------------------------------------------------------------------------
2025-08-05 12:53:05,479 - INFO - ----------------------------------------------------------------------------------------------------------------------------------------------
2025-08-05 12:53:05,479 - INFO - Finished student_dim=30
2025-08-05 12:53:05,482 - INFO - G&C avg gen_loss = 2.2322589779893556
2025-08-05 12:53:05,482 - INFO - ----------------------------------------------------------------------------------------------------------------------------------------------
2025-08-05 12:53:05,482 - INFO - Starting student_dim=31
2025-08-05 12:53:05,483 - INFO - Starting seed=0
2025-08-05 12:53:05,489 - INFO - A_teacher is 0.6540995836257935
2025-08-05 12:53:05,518 - INFO - Starting G&C
2025-08-05 12:55:34,769 - INFO - Finished G&C, time elapsed=149.24981784820557s
2025-08-05 12:55:34,772 - INFO - Finished seed=0
2025-08-05 12:55:34,778 - INFO - ----------------------------------------------------------------------------------------------------------------------------------------------
2025-08-05 12:55:34,778 - INFO - ----------------------------------------------------------------------------------------------------------------------------------------------
2025-08-05 12:55:34,778 - INFO - Finished student_dim=31
2025-08-05 12:55:34,782 - INFO - G&C avg gen_loss = 2.732823650042216
2025-08-05 12:55:34,782 - INFO - ----------------------------------------------------------------------------------------------------------------------------------------------
2025-08-05 12:55:34,782 - INFO - Starting student_dim=32
2025-08-05 12:55:34,783 - INFO - Starting seed=0
2025-08-05 12:55:34,790 - INFO - A_teacher is 0.6540995836257935
2025-08-05 12:55:34,828 - INFO - Starting G&C
2025-08-05 12:57:58,856 - INFO - Finished G&C, time elapsed=144.02672910690308s
2025-08-05 12:57:58,859 - INFO - Finished seed=0
2025-08-05 12:57:58,860 - INFO - ----------------------------------------------------------------------------------------------------------------------------------------------
2025-08-05 12:57:58,860 - INFO - ----------------------------------------------------------------------------------------------------------------------------------------------
2025-08-05 12:57:58,860 - INFO - Finished student_dim=32
2025-08-05 12:57:58,864 - INFO - G&C avg gen_loss = 3.32078236579895
2025-08-05 12:57:58,864 - INFO - ----------------------------------------------------------------------------------------------------------------------------------------------
2025-08-05 12:57:58,864 - INFO - Starting student_dim=33
2025-08-05 12:57:58,865 - INFO - Starting seed=0
2025-08-05 12:57:58,871 - INFO - A_teacher is 0.6540995836257935
2025-08-05 12:57:58,902 - INFO - Starting G&C
2025-08-05 13:00:23,393 - INFO - Finished G&C, time elapsed=144.48938989639282s
2025-08-05 13:00:23,396 - INFO - Finished seed=0
2025-08-05 13:00:23,397 - INFO - ----------------------------------------------------------------------------------------------------------------------------------------------
2025-08-05 13:00:23,397 - INFO - ----------------------------------------------------------------------------------------------------------------------------------------------
2025-08-05 13:00:23,397 - INFO - Finished student_dim=33
2025-08-05 13:00:23,400 - INFO - G&C avg gen_loss = 2.9726360931115994
2025-08-05 13:00:23,400 - INFO - ----------------------------------------------------------------------------------------------------------------------------------------------
2025-08-05 13:00:23,400 - INFO - Starting student_dim=34
2025-08-05 13:00:23,401 - INFO - Starting seed=0
2025-08-05 13:00:23,407 - INFO - A_teacher is 0.6540995836257935
2025-08-05 13:00:23,440 - INFO - Starting G&C
2025-08-05 13:02:53,681 - INFO - Finished G&C, time elapsed=150.23974800109863s
2025-08-05 13:02:53,683 - INFO - Finished seed=0
2025-08-05 13:02:53,686 - INFO - ----------------------------------------------------------------------------------------------------------------------------------------------
2025-08-05 13:02:53,686 - INFO - ----------------------------------------------------------------------------------------------------------------------------------------------
2025-08-05 13:02:53,686 - INFO - Finished student_dim=34
2025-08-05 13:02:53,689 - INFO - G&C avg gen_loss = 4.781967401504517
2025-08-05 13:02:53,690 - INFO - ----------------------------------------------------------------------------------------------------------------------------------------------
2025-08-05 13:02:53,690 - INFO - Starting student_dim=35
2025-08-05 13:02:53,690 - INFO - Starting seed=0
2025-08-05 13:02:53,697 - INFO - A_teacher is 0.6540995836257935
2025-08-05 13:02:53,727 - INFO - Starting G&C
2025-08-05 13:05:25,048 - INFO - Finished G&C, time elapsed=151.31886506080627s
2025-08-05 13:05:25,050 - INFO - Finished seed=0
2025-08-05 13:05:25,053 - INFO - ----------------------------------------------------------------------------------------------------------------------------------------------
2025-08-05 13:05:25,053 - INFO - ----------------------------------------------------------------------------------------------------------------------------------------------
2025-08-05 13:05:25,053 - INFO - Finished student_dim=35
2025-08-05 13:05:25,056 - INFO - G&C avg gen_loss = 3.075969026369207
2025-08-05 13:05:25,056 - INFO - ----------------------------------------------------------------------------------------------------------------------------------------------
2025-08-05 13:05:25,057 - INFO - Starting student_dim=36
2025-08-05 13:05:25,058 - INFO - Starting seed=0
2025-08-05 13:05:25,065 - INFO - A_teacher is 0.6540995836257935
2025-08-05 13:05:25,091 - INFO - Starting G&C
2025-08-05 13:07:55,004 - INFO - Finished G&C, time elapsed=149.91172099113464s
2025-08-05 13:07:55,007 - INFO - Finished seed=0
2025-08-05 13:07:55,010 - INFO - ----------------------------------------------------------------------------------------------------------------------------------------------
2025-08-05 13:07:55,010 - INFO - ----------------------------------------------------------------------------------------------------------------------------------------------
2025-08-05 13:07:55,010 - INFO - Finished student_dim=36
2025-08-05 13:07:55,014 - INFO - G&C avg gen_loss = 3.618242859840393
2025-08-05 13:07:55,014 - INFO - ----------------------------------------------------------------------------------------------------------------------------------------------
2025-08-05 13:07:55,014 - INFO - Starting student_dim=37
2025-08-05 13:07:55,015 - INFO - Starting seed=0
2025-08-05 13:07:55,022 - INFO - A_teacher is 0.6540995836257935
2025-08-05 13:07:55,055 - INFO - Starting G&C
2025-08-05 13:10:36,050 - INFO - Finished G&C, time elapsed=160.99287223815918s
2025-08-05 13:10:36,055 - INFO - Finished seed=0
2025-08-05 13:10:36,058 - INFO - ----------------------------------------------------------------------------------------------------------------------------------------------
2025-08-05 13:10:36,058 - INFO - ----------------------------------------------------------------------------------------------------------------------------------------------
2025-08-05 13:10:36,058 - INFO - Finished student_dim=37
2025-08-05 13:10:36,064 - INFO - G&C avg gen_loss = 2.9561017751693726
2025-08-05 13:10:36,064 - INFO - ----------------------------------------------------------------------------------------------------------------------------------------------
2025-08-05 13:10:36,064 - INFO - Starting student_dim=38
2025-08-05 13:10:36,065 - INFO - Starting seed=0
2025-08-05 13:10:36,075 - INFO - A_teacher is 0.6540995836257935
2025-08-05 13:10:36,123 - INFO - Starting G&C
2025-08-05 13:13:15,176 - INFO - Finished G&C, time elapsed=159.05058598518372s
2025-08-05 13:13:15,180 - INFO - Finished seed=0
2025-08-05 13:13:15,186 - INFO - ----------------------------------------------------------------------------------------------------------------------------------------------
2025-08-05 13:13:15,186 - INFO - ----------------------------------------------------------------------------------------------------------------------------------------------
2025-08-05 13:13:15,186 - INFO - Finished student_dim=38
2025-08-05 13:13:15,191 - INFO - G&C avg gen_loss = 3.060453601181507
2025-08-05 13:13:15,191 - INFO - ----------------------------------------------------------------------------------------------------------------------------------------------
2025-08-05 13:13:15,192 - INFO - Starting student_dim=39
2025-08-05 13:13:15,193 - INFO - Starting seed=0
2025-08-05 13:13:15,202 - INFO - A_teacher is 0.6540995836257935
2025-08-05 13:13:15,270 - INFO - Starting G&C
2025-08-05 13:15:56,544 - INFO - Finished G&C, time elapsed=161.2715699672699s
2025-08-05 13:15:56,546 - INFO - Finished seed=0
2025-08-05 13:15:56,550 - INFO - ----------------------------------------------------------------------------------------------------------------------------------------------
2025-08-05 13:15:56,550 - INFO - ----------------------------------------------------------------------------------------------------------------------------------------------
2025-08-05 13:15:56,550 - INFO - Finished student_dim=39
2025-08-05 13:15:56,554 - INFO - G&C avg gen_loss = 2.0598734319210052
2025-08-05 13:15:56,554 - INFO - ----------------------------------------------------------------------------------------------------------------------------------------------
2025-08-05 13:15:56,564 - INFO - Starting student_dim=40
2025-08-05 13:15:56,565 - INFO - Starting seed=0
2025-08-05 13:15:56,571 - INFO - A_teacher is 0.6540995836257935
2025-08-05 13:15:56,620 - INFO - Starting G&C
2025-08-05 13:18:29,632 - INFO - Finished G&C, time elapsed=153.00987005233765s
2025-08-05 13:18:29,635 - INFO - Finished seed=0
2025-08-05 13:18:29,638 - INFO - ----------------------------------------------------------------------------------------------------------------------------------------------
2025-08-05 13:18:29,638 - INFO - ----------------------------------------------------------------------------------------------------------------------------------------------
2025-08-05 13:18:29,638 - INFO - Finished student_dim=40
2025-08-05 13:18:29,642 - INFO - G&C avg gen_loss = 2.321457452244229
2025-08-05 13:18:29,642 - INFO - ----------------------------------------------------------------------------------------------------------------------------------------------
2025-08-05 13:18:29,642 - INFO - Starting student_dim=41
2025-08-05 13:18:29,645 - INFO - Starting seed=0
2025-08-05 13:18:29,649 - INFO - A_teacher is 0.6540995836257935
2025-08-05 13:18:29,690 - INFO - Starting G&C
2025-08-05 13:30:47,893 - INFO - Finished G&C, time elapsed=738.1992740631104s
2025-08-05 13:30:47,896 - INFO - Finished seed=0
2025-08-05 13:30:47,906 - INFO - ----------------------------------------------------------------------------------------------------------------------------------------------
2025-08-05 13:30:47,906 - INFO - ----------------------------------------------------------------------------------------------------------------------------------------------
2025-08-05 13:30:47,906 - INFO - Finished student_dim=41
2025-08-05 13:30:47,911 - INFO - G&C avg gen_loss = 2.466749003955296
2025-08-05 13:30:47,911 - INFO - ----------------------------------------------------------------------------------------------------------------------------------------------
2025-08-05 13:30:47,912 - INFO - Starting student_dim=42
2025-08-05 13:30:47,915 - INFO - Starting seed=0
2025-08-05 13:30:47,923 - INFO - A_teacher is 0.6540995836257935
2025-08-05 13:30:47,972 - INFO - Starting G&C
2025-08-05 13:33:35,924 - INFO - Finished G&C, time elapsed=167.9505581855774s
2025-08-05 13:33:35,927 - INFO - Finished seed=0
2025-08-05 13:33:35,930 - INFO - ----------------------------------------------------------------------------------------------------------------------------------------------
2025-08-05 13:33:35,930 - INFO - ----------------------------------------------------------------------------------------------------------------------------------------------
2025-08-05 13:33:35,930 - INFO - Finished student_dim=42
2025-08-05 13:33:35,934 - INFO - G&C avg gen_loss = 2.429490864276886
2025-08-05 13:33:35,934 - INFO - ----------------------------------------------------------------------------------------------------------------------------------------------
2025-08-05 13:33:35,934 - INFO - Starting student_dim=43
2025-08-05 13:33:35,936 - INFO - Starting seed=0
2025-08-05 13:33:35,944 - INFO - A_teacher is 0.6540995836257935
2025-08-05 13:33:35,994 - INFO - Starting G&C
2025-08-05 13:36:18,195 - INFO - Finished G&C, time elapsed=162.19912672042847s
2025-08-05 13:36:18,198 - INFO - Finished seed=0
2025-08-05 13:36:18,200 - INFO - ----------------------------------------------------------------------------------------------------------------------------------------------
2025-08-05 13:36:18,200 - INFO - ----------------------------------------------------------------------------------------------------------------------------------------------
2025-08-05 13:36:18,200 - INFO - Finished student_dim=43
2025-08-05 13:36:18,203 - INFO - G&C avg gen_loss = 3.1586992740631104
2025-08-05 13:36:18,203 - INFO - ----------------------------------------------------------------------------------------------------------------------------------------------
2025-08-05 13:36:18,203 - INFO - Starting student_dim=44
2025-08-05 13:36:18,211 - INFO - Starting seed=0
2025-08-05 13:36:18,218 - INFO - A_teacher is 0.6540995836257935
2025-08-05 13:36:18,264 - INFO - Starting G&C
2025-08-05 13:41:57,824 - INFO - Finished G&C, time elapsed=339.5577657222748s
2025-08-05 13:41:57,826 - INFO - Finished seed=0
2025-08-05 13:41:57,828 - INFO - ----------------------------------------------------------------------------------------------------------------------------------------------
2025-08-05 13:41:57,828 - INFO - ----------------------------------------------------------------------------------------------------------------------------------------------
2025-08-05 13:41:57,828 - INFO - Finished student_dim=44
2025-08-05 13:41:57,830 - INFO - G&C avg gen_loss = 5.574760347604752
2025-08-05 13:41:57,830 - INFO - ----------------------------------------------------------------------------------------------------------------------------------------------
2025-08-05 13:41:57,830 - INFO - Starting student_dim=45
2025-08-05 13:41:57,833 - INFO - Starting seed=0
2025-08-05 13:41:57,839 - INFO - A_teacher is 0.6540995836257935
2025-08-05 13:41:57,888 - INFO - Starting G&C
2025-08-05 14:02:41,699 - INFO - Finished G&C, time elapsed=1243.8067178726196s
2025-08-05 14:02:41,703 - INFO - Finished seed=0
2025-08-05 14:02:41,707 - INFO - ----------------------------------------------------------------------------------------------------------------------------------------------
2025-08-05 14:02:41,707 - INFO - ----------------------------------------------------------------------------------------------------------------------------------------------
2025-08-05 14:02:41,707 - INFO - Finished student_dim=45
2025-08-05 14:02:41,712 - INFO - G&C avg gen_loss = 3.73102034841265
2025-08-05 14:02:41,712 - INFO - ----------------------------------------------------------------------------------------------------------------------------------------------
2025-08-05 14:02:41,712 - INFO - Starting student_dim=46
2025-08-05 14:02:41,714 - INFO - Starting seed=0
2025-08-05 14:02:41,722 - INFO - A_teacher is 0.6540995836257935
2025-08-05 14:02:41,789 - INFO - Starting G&C
2025-08-05 14:07:04,965 - INFO - Finished G&C, time elapsed=263.17196893692017s
2025-08-05 14:07:04,968 - INFO - Finished seed=0
2025-08-05 14:07:04,973 - INFO - ----------------------------------------------------------------------------------------------------------------------------------------------
2025-08-05 14:07:04,973 - INFO - ----------------------------------------------------------------------------------------------------------------------------------------------
2025-08-05 14:07:04,973 - INFO - Finished student_dim=46
2025-08-05 14:07:04,978 - INFO - G&C avg gen_loss = 3.2464852333068848
2025-08-05 14:07:04,978 - INFO - ----------------------------------------------------------------------------------------------------------------------------------------------
2025-08-05 14:07:04,979 - INFO - Starting student_dim=47
2025-08-05 14:07:04,982 - INFO - Starting seed=0
2025-08-05 14:07:04,991 - INFO - A_teacher is 0.6540995836257935
2025-08-05 14:07:05,039 - INFO - Starting G&C
2025-08-05 14:13:00,505 - INFO - Finished G&C, time elapsed=355.46159529685974s
2025-08-05 14:13:00,507 - INFO - Finished seed=0
2025-08-05 14:13:00,513 - INFO - ----------------------------------------------------------------------------------------------------------------------------------------------
2025-08-05 14:13:00,513 - INFO - ----------------------------------------------------------------------------------------------------------------------------------------------
2025-08-05 14:13:00,513 - INFO - Finished student_dim=47
2025-08-05 14:13:00,520 - INFO - G&C avg gen_loss = 3.627725511789322
2025-08-05 14:13:00,520 - INFO - ----------------------------------------------------------------------------------------------------------------------------------------------
2025-08-05 14:13:00,520 - INFO - Starting student_dim=48
2025-08-05 14:13:00,523 - INFO - Starting seed=0
2025-08-05 14:13:00,532 - INFO - A_teacher is 0.6540995836257935
2025-08-05 14:13:00,591 - INFO - Starting G&C
2025-08-05 14:18:46,489 - INFO - Finished G&C, time elapsed=345.89401292800903s
2025-08-05 14:18:46,492 - INFO - Finished seed=0
2025-08-05 14:18:46,497 - INFO - ----------------------------------------------------------------------------------------------------------------------------------------------
2025-08-05 14:18:46,497 - INFO - ----------------------------------------------------------------------------------------------------------------------------------------------
2025-08-05 14:18:46,497 - INFO - Finished student_dim=48
2025-08-05 14:18:46,503 - INFO - G&C avg gen_loss = 2.4938222765922546
2025-08-05 14:18:46,504 - INFO - ----------------------------------------------------------------------------------------------------------------------------------------------
2025-08-05 14:18:46,504 - INFO - Starting student_dim=49
2025-08-05 14:18:46,506 - INFO - Starting seed=0
2025-08-05 14:18:46,516 - INFO - A_teacher is 0.6540995836257935
2025-08-05 14:18:46,567 - INFO - Starting G&C
2025-08-05 14:26:24,444 - INFO - Finished G&C, time elapsed=457.87278413772583s
2025-08-05 14:26:24,447 - INFO - Finished seed=0
2025-08-05 14:26:24,451 - INFO - ----------------------------------------------------------------------------------------------------------------------------------------------
2025-08-05 14:26:24,451 - INFO - ----------------------------------------------------------------------------------------------------------------------------------------------
2025-08-05 14:26:24,451 - INFO - Finished student_dim=49
2025-08-05 14:26:24,458 - INFO - G&C avg gen_loss = 3.883254647254944
2025-08-05 14:26:24,458 - INFO - ----------------------------------------------------------------------------------------------------------------------------------------------
2025-08-05 14:26:25,082 - INFO - Finished experiments, results saved to results_gnc_seq_len=5_num_measurements=1_input_e1=True_time=20250805-142624.csv, figures saved to plot_gnc_seq_len=5_num_measurements=1_input_e1=True_time=20250805-142624
