2025-09-11 14:33:50,520 - INFO - Args: Namespace(student_dim=100, alpha_teacher=0.5, sequence_length=5, num_sequences=1, eps_train=0.01, num_samples=10000000, batch_size=100000, use_prediction=True, seeds=[0, 1, 2, 3, 4, 5, 6, 7], device='auto', figures_dir='./figures', log_dir='./logs')
2025-09-11 14:33:50,533 - INFO - Using device: mps
2025-09-11 14:33:50,548 - INFO - Random seeds set to: 0
2025-09-11 14:33:50,549 - INFO - Generating 1 w sequences of length 5
2025-09-11 14:33:50,595 - INFO - Running G&C training with 10000000 samples...
2025-09-11 14:33:50,595 - INFO - Parameters: student_dim=100, eps_train=0.01, alpha_teacher=0.5
2025-09-11 14:33:58,559 - INFO - GNC Prediction stats - Total: 10000000, Predicted above epsilon: 0 (0.0%), Skipped calculations: 0 (0.0%)
2025-09-11 14:33:58,559 - INFO - G&C training completed in 7.96 seconds
2025-09-11 14:33:58,559 - INFO - Results: mean_prior=1.849882, mean_gnc=7.664508
2025-09-11 14:33:58,559 - INFO - Collected 10000000 training loss values
2025-09-11 14:33:58,560 - INFO - Random seeds set to: 1
2025-09-11 14:33:58,560 - INFO - Generating 1 w sequences of length 5
2025-09-11 14:33:58,560 - INFO - Running G&C training with 10000000 samples...
2025-09-11 14:33:58,560 - INFO - Parameters: student_dim=100, eps_train=0.01, alpha_teacher=0.5
2025-09-11 14:34:06,828 - INFO - GNC Prediction stats - Total: 10000000, Predicted above epsilon: 0 (0.0%), Skipped calculations: 0 (0.0%)
2025-09-11 14:34:06,828 - INFO - G&C training completed in 8.27 seconds
2025-09-11 14:34:06,828 - INFO - Results: mean_prior=1.850577, mean_gnc=0.904546
2025-09-11 14:34:06,828 - INFO - Collected 10000000 training loss values
2025-09-11 14:34:06,829 - INFO - Random seeds set to: 2
2025-09-11 14:34:06,829 - INFO - Generating 1 w sequences of length 5
2025-09-11 14:34:06,829 - INFO - Running G&C training with 10000000 samples...
2025-09-11 14:34:06,829 - INFO - Parameters: student_dim=100, eps_train=0.01, alpha_teacher=0.5
2025-09-11 14:34:14,940 - INFO - GNC Prediction stats - Total: 10000000, Predicted above epsilon: 0 (0.0%), Skipped calculations: 0 (0.0%)
2025-09-11 14:34:14,941 - INFO - G&C training completed in 8.11 seconds
2025-09-11 14:34:14,941 - INFO - Results: mean_prior=1.851028, mean_gnc=0.909274
2025-09-11 14:34:14,941 - INFO - Collected 10000000 training loss values
2025-09-11 14:34:14,941 - INFO - Random seeds set to: 3
2025-09-11 14:34:14,941 - INFO - Generating 1 w sequences of length 5
2025-09-11 14:34:14,941 - INFO - Running G&C training with 10000000 samples...
2025-09-11 14:34:14,942 - INFO - Parameters: student_dim=100, eps_train=0.01, alpha_teacher=0.5
2025-09-11 14:34:22,991 - INFO - GNC Prediction stats - Total: 10000000, Predicted above epsilon: 0 (0.0%), Skipped calculations: 0 (0.0%)
2025-09-11 14:34:22,991 - INFO - G&C training completed in 8.05 seconds
2025-09-11 14:34:22,991 - INFO - Results: mean_prior=1.851975, mean_gnc=5.620842
2025-09-11 14:34:22,991 - INFO - Collected 10000000 training loss values
2025-09-11 14:34:22,992 - INFO - Random seeds set to: 4
2025-09-11 14:34:22,992 - INFO - Generating 1 w sequences of length 5
2025-09-11 14:34:22,992 - INFO - Running G&C training with 10000000 samples...
2025-09-11 14:34:22,992 - INFO - Parameters: student_dim=100, eps_train=0.01, alpha_teacher=0.5
2025-09-11 14:34:31,334 - INFO - GNC Prediction stats - Total: 10000000, Predicted above epsilon: 0 (0.0%), Skipped calculations: 0 (0.0%)
2025-09-11 14:34:31,334 - INFO - G&C training completed in 8.34 seconds
2025-09-11 14:34:31,334 - INFO - Results: mean_prior=1.851415, mean_gnc=0.601443
2025-09-11 14:34:31,334 - INFO - Collected 10000000 training loss values
2025-09-11 14:34:31,334 - INFO - Random seeds set to: 5
2025-09-11 14:34:31,334 - INFO - Generating 1 w sequences of length 5
2025-09-11 14:34:31,335 - INFO - Running G&C training with 10000000 samples...
2025-09-11 14:34:31,335 - INFO - Parameters: student_dim=100, eps_train=0.01, alpha_teacher=0.5
2025-09-11 14:34:39,323 - INFO - GNC Prediction stats - Total: 10000000, Predicted above epsilon: 0 (0.0%), Skipped calculations: 0 (0.0%)
2025-09-11 14:34:39,323 - INFO - G&C training completed in 7.99 seconds
2025-09-11 14:34:39,323 - INFO - Results: mean_prior=1.851875, mean_gnc=6.174760
2025-09-11 14:34:39,323 - INFO - Collected 10000000 training loss values
2025-09-11 14:34:39,323 - INFO - Random seeds set to: 6
2025-09-11 14:34:39,324 - INFO - Generating 1 w sequences of length 5
2025-09-11 14:34:39,324 - INFO - Running G&C training with 10000000 samples...
2025-09-11 14:34:39,324 - INFO - Parameters: student_dim=100, eps_train=0.01, alpha_teacher=0.5
2025-09-11 14:34:47,561 - INFO - GNC Prediction stats - Total: 10000000, Predicted above epsilon: 0 (0.0%), Skipped calculations: 0 (0.0%)
2025-09-11 14:34:47,562 - INFO - G&C training completed in 8.24 seconds
2025-09-11 14:34:47,562 - INFO - Results: mean_prior=1.851169, mean_gnc=6.086329
2025-09-11 14:34:47,562 - INFO - Collected 10000000 training loss values
2025-09-11 14:34:47,562 - INFO - Random seeds set to: 7
2025-09-11 14:34:47,562 - INFO - Generating 1 w sequences of length 5
2025-09-11 14:34:47,563 - INFO - Running G&C training with 10000000 samples...
2025-09-11 14:34:47,563 - INFO - Parameters: student_dim=100, eps_train=0.01, alpha_teacher=0.5
2025-09-11 14:34:55,997 - INFO - GNC Prediction stats - Total: 10000000, Predicted above epsilon: 0 (0.0%), Skipped calculations: 0 (0.0%)
2025-09-11 14:34:55,997 - INFO - G&C training completed in 8.43 seconds
2025-09-11 14:34:55,997 - INFO - Results: mean_prior=1.850905, mean_gnc=0.858069
2025-09-11 14:34:55,997 - INFO - Collected 10000000 training loss values
2025-09-11 14:34:55,998 - INFO - Generating training loss histogram...
2025-09-11 14:37:58,940 - INFO - Histogram saved to ./figures/gnc_training_loss_histogram_dim=100_seq_len=5_eps=0.01_samples=10000000_seeds=0-1-2-3-4-5-6-7_time=20250911_143350.png
