2025-08-03 21:03:06,291 - INFO - Using device mps.
2025-08-03 21:03:06,291 - INFO - Args: Namespace(num_seeds=1, num_measurements=1, input_e1=True, sequence_length=3, teacher_ranks=[1], student_dims=[5, 6, 7, 8, 9, 10, 11, 12, 13, 14, 15, 16, 17, 18, 19, 20, 21, 22, 23, 24], calc_loss_only_on_last_output=True, eps_train=1e-09, gnc=True, gnc_num_samples=100000000, gnc_batch_size=10000000, gd=False, gd_lr=0.01, gd_epochs=100000, gd_init_scale=0.01, gd_optimizer='adam', config=None, results_dir=PosixPath('results'), figures_dir=PosixPath('figures'), log_dir=PosixPath('logs'))
2025-08-03 21:03:06,301 - INFO - Starting teacher_rank=1
2025-08-03 21:03:06,301 - INFO - Starting student_dim=5
2025-08-03 21:03:06,301 - INFO - Starting seed=0
2025-08-03 21:03:06,308 - INFO - A_teacher is 0.5357193350791931
2025-08-03 21:03:06,345 - INFO - Starting G&C
2025-08-03 21:03:09,384 - INFO - Finished G&C, time elapsed=3.039659023284912s
2025-08-03 21:03:09,384 - INFO - Finished seed=0
2025-08-03 21:03:09,385 - INFO - ----------------------------------------------------------------------------------------------------------------------------------------------
2025-08-03 21:03:09,385 - INFO - ----------------------------------------------------------------------------------------------------------------------------------------------
2025-08-03 21:03:09,385 - INFO - Finished student_dim=5
2025-08-03 21:03:09,385 - INFO - G&C avg gen_loss = 0.5615681256324905
2025-08-03 21:03:09,385 - INFO - ----------------------------------------------------------------------------------------------------------------------------------------------
2025-08-03 21:03:09,385 - INFO - Starting student_dim=6
2025-08-03 21:03:09,385 - INFO - Starting seed=0
2025-08-03 21:03:09,386 - INFO - A_teacher is 0.6540995836257935
2025-08-03 21:03:09,390 - INFO - Starting G&C
2025-08-03 21:03:12,377 - INFO - Finished G&C, time elapsed=2.98651123046875s
2025-08-03 21:03:12,377 - INFO - Finished seed=0
2025-08-03 21:03:12,377 - INFO - ----------------------------------------------------------------------------------------------------------------------------------------------
2025-08-03 21:03:12,377 - INFO - ----------------------------------------------------------------------------------------------------------------------------------------------
2025-08-03 21:03:12,377 - INFO - Finished student_dim=6
2025-08-03 21:03:12,377 - INFO - G&C avg gen_loss = 0.8412298478684709
2025-08-03 21:03:12,377 - INFO - ----------------------------------------------------------------------------------------------------------------------------------------------
2025-08-03 21:03:12,377 - INFO - Starting student_dim=7
2025-08-03 21:03:12,377 - INFO - Starting seed=0
2025-08-03 21:03:12,378 - INFO - A_teacher is 0.6540995836257935
2025-08-03 21:03:12,381 - INFO - Starting G&C
2025-08-03 21:03:15,544 - INFO - Finished G&C, time elapsed=3.162313938140869s
2025-08-03 21:03:15,544 - INFO - Finished seed=0
2025-08-03 21:03:15,544 - INFO - ----------------------------------------------------------------------------------------------------------------------------------------------
2025-08-03 21:03:15,544 - INFO - ----------------------------------------------------------------------------------------------------------------------------------------------
2025-08-03 21:03:15,544 - INFO - Finished student_dim=7
2025-08-03 21:03:15,544 - INFO - G&C avg gen_loss = 0.8681815881431072
2025-08-03 21:03:15,544 - INFO - ----------------------------------------------------------------------------------------------------------------------------------------------
2025-08-03 21:03:15,544 - INFO - Starting student_dim=8
2025-08-03 21:03:15,544 - INFO - Starting seed=0
2025-08-03 21:03:15,545 - INFO - A_teacher is 0.6540995836257935
2025-08-03 21:03:15,548 - INFO - Starting G&C
2025-08-03 21:03:18,838 - INFO - Finished G&C, time elapsed=3.2896101474761963s
2025-08-03 21:03:18,838 - INFO - Finished seed=0
2025-08-03 21:03:18,838 - INFO - ----------------------------------------------------------------------------------------------------------------------------------------------
2025-08-03 21:03:18,838 - INFO - ----------------------------------------------------------------------------------------------------------------------------------------------
2025-08-03 21:03:18,838 - INFO - Finished student_dim=8
2025-08-03 21:03:18,838 - INFO - G&C avg gen_loss = 0.8629985355693464
2025-08-03 21:03:18,838 - INFO - ----------------------------------------------------------------------------------------------------------------------------------------------
2025-08-03 21:03:18,839 - INFO - Starting student_dim=9
2025-08-03 21:03:18,839 - INFO - Starting seed=0
2025-08-03 21:03:18,840 - INFO - A_teacher is 0.6540995836257935
2025-08-03 21:03:18,843 - INFO - Starting G&C
2025-08-03 21:03:22,182 - INFO - Finished G&C, time elapsed=3.338773012161255s
2025-08-03 21:03:22,182 - INFO - Finished seed=0
2025-08-03 21:03:22,182 - INFO - ----------------------------------------------------------------------------------------------------------------------------------------------
2025-08-03 21:03:22,182 - INFO - ----------------------------------------------------------------------------------------------------------------------------------------------
2025-08-03 21:03:22,182 - INFO - Finished student_dim=9
2025-08-03 21:03:22,182 - INFO - G&C avg gen_loss = 0.8580940992772138
2025-08-03 21:03:22,182 - INFO - ----------------------------------------------------------------------------------------------------------------------------------------------
2025-08-03 21:03:22,182 - INFO - Starting student_dim=10
2025-08-03 21:03:22,182 - INFO - Starting seed=0
2025-08-03 21:03:22,183 - INFO - A_teacher is 0.6540995836257935
2025-08-03 21:03:22,186 - INFO - Starting G&C
2025-08-03 21:03:25,802 - INFO - Finished G&C, time elapsed=3.6152000427246094s
2025-08-03 21:03:25,802 - INFO - Finished seed=0
2025-08-03 21:03:25,802 - INFO - ----------------------------------------------------------------------------------------------------------------------------------------------
2025-08-03 21:03:25,802 - INFO - ----------------------------------------------------------------------------------------------------------------------------------------------
2025-08-03 21:03:25,802 - INFO - Finished student_dim=10
2025-08-03 21:03:25,802 - INFO - G&C avg gen_loss = 0.8557725955186916
2025-08-03 21:03:25,802 - INFO - ----------------------------------------------------------------------------------------------------------------------------------------------
2025-08-03 21:03:25,802 - INFO - Starting student_dim=11
2025-08-03 21:03:25,802 - INFO - Starting seed=0
2025-08-03 21:03:25,803 - INFO - A_teacher is 0.6540995836257935
2025-08-03 21:03:25,806 - INFO - Starting G&C
2025-08-03 21:03:29,496 - INFO - Finished G&C, time elapsed=3.6893560886383057s
2025-08-03 21:03:29,496 - INFO - Finished seed=0
2025-08-03 21:03:29,496 - INFO - ----------------------------------------------------------------------------------------------------------------------------------------------
2025-08-03 21:03:29,496 - INFO - ----------------------------------------------------------------------------------------------------------------------------------------------
2025-08-03 21:03:29,496 - INFO - Finished student_dim=11
2025-08-03 21:03:29,496 - INFO - G&C avg gen_loss = 0.8694323299772994
2025-08-03 21:03:29,496 - INFO - ----------------------------------------------------------------------------------------------------------------------------------------------
2025-08-03 21:03:29,497 - INFO - Starting student_dim=12
2025-08-03 21:03:29,497 - INFO - Starting seed=0
2025-08-03 21:03:29,498 - INFO - A_teacher is 0.6540995836257935
2025-08-03 21:03:29,501 - INFO - Starting G&C
2025-08-03 21:03:33,397 - INFO - Finished G&C, time elapsed=3.895801067352295s
2025-08-03 21:03:33,397 - INFO - Finished seed=0
2025-08-03 21:03:33,397 - INFO - ----------------------------------------------------------------------------------------------------------------------------------------------
2025-08-03 21:03:33,397 - INFO - ----------------------------------------------------------------------------------------------------------------------------------------------
2025-08-03 21:03:33,397 - INFO - Finished student_dim=12
2025-08-03 21:03:33,398 - INFO - G&C avg gen_loss = 0.8527723863205158
2025-08-03 21:03:33,398 - INFO - ----------------------------------------------------------------------------------------------------------------------------------------------
2025-08-03 21:03:33,398 - INFO - Starting student_dim=13
2025-08-03 21:03:33,398 - INFO - Starting seed=0
2025-08-03 21:03:33,399 - INFO - A_teacher is 0.6540995836257935
2025-08-03 21:03:33,403 - INFO - Starting G&C
2025-08-03 21:03:37,439 - INFO - Finished G&C, time elapsed=4.036553859710693s
2025-08-03 21:03:37,440 - INFO - Finished seed=0
2025-08-03 21:03:37,440 - INFO - ----------------------------------------------------------------------------------------------------------------------------------------------
2025-08-03 21:03:37,440 - INFO - ----------------------------------------------------------------------------------------------------------------------------------------------
2025-08-03 21:03:37,440 - INFO - Finished student_dim=13
2025-08-03 21:03:37,440 - INFO - G&C avg gen_loss = 0.872940689848101
2025-08-03 21:03:37,440 - INFO - ----------------------------------------------------------------------------------------------------------------------------------------------
2025-08-03 21:03:37,440 - INFO - Starting student_dim=14
2025-08-03 21:03:37,441 - INFO - Starting seed=0
2025-08-03 21:03:37,442 - INFO - A_teacher is 0.6540995836257935
2025-08-03 21:03:37,445 - INFO - Starting G&C
2025-08-03 21:03:42,924 - INFO - Finished G&C, time elapsed=5.478466987609863s
2025-08-03 21:03:42,925 - INFO - Finished seed=0
2025-08-03 21:03:42,925 - INFO - ----------------------------------------------------------------------------------------------------------------------------------------------
2025-08-03 21:03:42,925 - INFO - ----------------------------------------------------------------------------------------------------------------------------------------------
2025-08-03 21:03:42,925 - INFO - Finished student_dim=14
2025-08-03 21:03:42,925 - INFO - G&C avg gen_loss = 0.8523003046171453
2025-08-03 21:03:42,925 - INFO - ----------------------------------------------------------------------------------------------------------------------------------------------
2025-08-03 21:03:42,925 - INFO - Starting student_dim=15
2025-08-03 21:03:42,926 - INFO - Starting seed=0
2025-08-03 21:03:42,927 - INFO - A_teacher is 0.6540995836257935
2025-08-03 21:03:42,934 - INFO - Starting G&C
2025-08-03 21:03:47,575 - INFO - Finished G&C, time elapsed=4.640491008758545s
2025-08-03 21:03:47,575 - INFO - Finished seed=0
2025-08-03 21:03:47,575 - INFO - ----------------------------------------------------------------------------------------------------------------------------------------------
2025-08-03 21:03:47,575 - INFO - ----------------------------------------------------------------------------------------------------------------------------------------------
2025-08-03 21:03:47,575 - INFO - Finished student_dim=15
2025-08-03 21:03:47,575 - INFO - G&C avg gen_loss = 0.8780498690412386
2025-08-03 21:03:47,575 - INFO - ----------------------------------------------------------------------------------------------------------------------------------------------
2025-08-03 21:03:47,575 - INFO - Starting student_dim=16
2025-08-03 21:03:47,576 - INFO - Starting seed=0
2025-08-03 21:03:47,577 - INFO - A_teacher is 0.6540995836257935
2025-08-03 21:03:47,581 - INFO - Starting G&C
2025-08-03 21:03:52,142 - INFO - Finished G&C, time elapsed=4.560497045516968s
2025-08-03 21:03:52,142 - INFO - Finished seed=0
2025-08-03 21:03:52,142 - INFO - ----------------------------------------------------------------------------------------------------------------------------------------------
2025-08-03 21:03:52,142 - INFO - ----------------------------------------------------------------------------------------------------------------------------------------------
2025-08-03 21:03:52,142 - INFO - Finished student_dim=16
2025-08-03 21:03:52,142 - INFO - G&C avg gen_loss = 0.8552503141295721
2025-08-03 21:03:52,142 - INFO - ----------------------------------------------------------------------------------------------------------------------------------------------
2025-08-03 21:03:52,142 - INFO - Starting student_dim=17
2025-08-03 21:03:52,142 - INFO - Starting seed=0
2025-08-03 21:03:52,143 - INFO - A_teacher is 0.6540995836257935
2025-08-03 21:03:52,146 - INFO - Starting G&C
2025-08-03 21:03:56,261 - INFO - Finished G&C, time elapsed=4.114894151687622s
2025-08-03 21:03:56,261 - INFO - Finished seed=0
2025-08-03 21:03:56,262 - INFO - ----------------------------------------------------------------------------------------------------------------------------------------------
2025-08-03 21:03:56,262 - INFO - ----------------------------------------------------------------------------------------------------------------------------------------------
2025-08-03 21:03:56,262 - INFO - Finished student_dim=17
2025-08-03 21:03:56,262 - INFO - G&C avg gen_loss = 0.8508287577138856
2025-08-03 21:03:56,262 - INFO - ----------------------------------------------------------------------------------------------------------------------------------------------
2025-08-03 21:03:56,262 - INFO - Starting student_dim=18
2025-08-03 21:03:56,262 - INFO - Starting seed=0
2025-08-03 21:03:56,263 - INFO - A_teacher is 0.6540995836257935
2025-08-03 21:03:56,268 - INFO - Starting G&C
2025-08-03 21:04:00,223 - INFO - Finished G&C, time elapsed=3.9552040100097656s
2025-08-03 21:04:00,223 - INFO - Finished seed=0
2025-08-03 21:04:00,223 - INFO - ----------------------------------------------------------------------------------------------------------------------------------------------
2025-08-03 21:04:00,223 - INFO - ----------------------------------------------------------------------------------------------------------------------------------------------
2025-08-03 21:04:00,224 - INFO - Finished student_dim=18
2025-08-03 21:04:00,224 - INFO - G&C avg gen_loss = 0.8735000857533558
2025-08-03 21:04:00,224 - INFO - ----------------------------------------------------------------------------------------------------------------------------------------------
2025-08-03 21:04:00,224 - INFO - Starting student_dim=19
2025-08-03 21:04:00,224 - INFO - Starting seed=0
2025-08-03 21:04:00,225 - INFO - A_teacher is 0.6540995836257935
2025-08-03 21:04:00,228 - INFO - Starting G&C
2025-08-03 21:04:03,948 - INFO - Finished G&C, time elapsed=3.7200212478637695s
2025-08-03 21:04:03,948 - INFO - Finished seed=0
2025-08-03 21:04:03,948 - INFO - ----------------------------------------------------------------------------------------------------------------------------------------------
2025-08-03 21:04:03,948 - INFO - ----------------------------------------------------------------------------------------------------------------------------------------------
2025-08-03 21:04:03,948 - INFO - Finished student_dim=19
2025-08-03 21:04:03,949 - INFO - G&C avg gen_loss = 0.8306817182000737
2025-08-03 21:04:03,949 - INFO - ----------------------------------------------------------------------------------------------------------------------------------------------
2025-08-03 21:04:03,949 - INFO - Starting student_dim=20
2025-08-03 21:04:03,949 - INFO - Starting seed=0
2025-08-03 21:04:03,950 - INFO - A_teacher is 0.6540995836257935
2025-08-03 21:04:03,954 - INFO - Starting G&C
2025-08-03 21:04:07,835 - INFO - Finished G&C, time elapsed=3.880545139312744s
2025-08-03 21:04:07,835 - INFO - Finished seed=0
2025-08-03 21:04:07,835 - INFO - ----------------------------------------------------------------------------------------------------------------------------------------------
2025-08-03 21:04:07,835 - INFO - ----------------------------------------------------------------------------------------------------------------------------------------------
2025-08-03 21:04:07,835 - INFO - Finished student_dim=20
2025-08-03 21:04:07,835 - INFO - G&C avg gen_loss = 0.8829854011417241
2025-08-03 21:04:07,835 - INFO - ----------------------------------------------------------------------------------------------------------------------------------------------
2025-08-03 21:04:07,835 - INFO - Starting student_dim=21
2025-08-03 21:04:07,835 - INFO - Starting seed=0
2025-08-03 21:04:07,836 - INFO - A_teacher is 0.6540995836257935
2025-08-03 21:04:07,839 - INFO - Starting G&C
2025-08-03 21:04:11,637 - INFO - Finished G&C, time elapsed=3.7972190380096436s
2025-08-03 21:04:11,637 - INFO - Finished seed=0
2025-08-03 21:04:11,637 - INFO - ----------------------------------------------------------------------------------------------------------------------------------------------
2025-08-03 21:04:11,637 - INFO - ----------------------------------------------------------------------------------------------------------------------------------------------
2025-08-03 21:04:11,637 - INFO - Finished student_dim=21
2025-08-03 21:04:11,637 - INFO - G&C avg gen_loss = 0.817376645861499
2025-08-03 21:04:11,637 - INFO - ----------------------------------------------------------------------------------------------------------------------------------------------
2025-08-03 21:04:11,637 - INFO - Starting student_dim=22
2025-08-03 21:04:11,637 - INFO - Starting seed=0
2025-08-03 21:04:11,638 - INFO - A_teacher is 0.6540995836257935
2025-08-03 21:04:11,642 - INFO - Starting G&C
2025-08-03 21:04:15,578 - INFO - Finished G&C, time elapsed=3.9354372024536133s
2025-08-03 21:04:15,578 - INFO - Finished seed=0
2025-08-03 21:04:15,578 - INFO - ----------------------------------------------------------------------------------------------------------------------------------------------
2025-08-03 21:04:15,578 - INFO - ----------------------------------------------------------------------------------------------------------------------------------------------
2025-08-03 21:04:15,578 - INFO - Finished student_dim=22
2025-08-03 21:04:15,578 - INFO - G&C avg gen_loss = 0.8793751121263498
2025-08-03 21:04:15,578 - INFO - ----------------------------------------------------------------------------------------------------------------------------------------------
2025-08-03 21:04:15,579 - INFO - Starting student_dim=23
2025-08-03 21:04:15,579 - INFO - Starting seed=0
2025-08-03 21:04:15,580 - INFO - A_teacher is 0.6540995836257935
2025-08-03 21:04:15,583 - INFO - Starting G&C
2025-08-03 21:04:19,574 - INFO - Finished G&C, time elapsed=3.990968942642212s
2025-08-03 21:04:19,574 - INFO - Finished seed=0
2025-08-03 21:04:19,574 - INFO - ----------------------------------------------------------------------------------------------------------------------------------------------
2025-08-03 21:04:19,574 - INFO - ----------------------------------------------------------------------------------------------------------------------------------------------
2025-08-03 21:04:19,574 - INFO - Finished student_dim=23
2025-08-03 21:04:19,574 - INFO - G&C avg gen_loss = 0.7829659681656658
2025-08-03 21:04:19,574 - INFO - ----------------------------------------------------------------------------------------------------------------------------------------------
2025-08-03 21:04:19,574 - INFO - Starting student_dim=24
2025-08-03 21:04:19,574 - INFO - Starting seed=0
2025-08-03 21:04:19,575 - INFO - A_teacher is 0.6540995836257935
2025-08-03 21:04:19,578 - INFO - Starting G&C
2025-08-03 21:04:24,022 - INFO - Finished G&C, time elapsed=4.443274974822998s
2025-08-03 21:04:24,022 - INFO - Finished seed=0
2025-08-03 21:04:24,022 - INFO - ----------------------------------------------------------------------------------------------------------------------------------------------
2025-08-03 21:04:24,022 - INFO - ----------------------------------------------------------------------------------------------------------------------------------------------
2025-08-03 21:04:24,022 - INFO - Finished student_dim=24
2025-08-03 21:04:24,022 - INFO - G&C avg gen_loss = 0.8765006025840941
2025-08-03 21:04:24,022 - INFO - ----------------------------------------------------------------------------------------------------------------------------------------------
2025-08-03 21:04:24,312 - INFO - Finished experiments, results saved to results_gnc_seq_len=3_num_measurements=1_input_e1=True_time=20250803-210424.csv, figures saved to plot_gnc_seq_len=3_num_measurements=1_input_e1=True_time=20250803-210424
