2025-08-06 07:34:20,104 - INFO - Using device mps.
2025-08-06 07:34:20,104 - INFO - Args: Namespace(num_seeds=8, num_measurements=1, input_e1=False, sequence_length=6, teacher_ranks=[1], student_dims=[10, 11, 12, 13, 14, 15, 16, 17, 18, 19, 20, 21, 22, 23, 24, 25, 26, 27, 28, 29, 30, 31, 32, 33, 34], calc_loss_only_on_last_output=True, eps_train=5e-16, gnc=True, gnc_num_samples=1000000000, gnc_batch_size=10000000, gd=False, gd_lr=0.001, gd_epochs=1000000, gd_init_scale=0.01, gd_optimizer='adam', config=None, results_dir=PosixPath('results'), figures_dir=PosixPath('figures'), log_dir=PosixPath('logs'))
2025-08-06 07:34:20,116 - INFO - Starting teacher_rank=1
2025-08-06 07:34:20,117 - INFO - Starting student_dim=10
2025-08-06 07:34:20,117 - INFO - Starting seed=0
2025-08-06 07:34:20,127 - INFO - A_teacher is 0.6540995836257935
2025-08-06 07:34:20,150 - INFO - dataset is tensor([[[-0.2934],
         [-2.1788],
         [ 0.5684],
         [-1.0845],
         [-1.3986],
         [ 0.4033]]])
2025-08-06 07:34:20,163 - INFO - Starting G&C
2025-08-06 07:36:41,733 - INFO - Finished G&C, time elapsed=141.56279706954956s
2025-08-06 07:36:41,738 - INFO - Finished seed=0
2025-08-06 07:36:41,745 - INFO - Starting seed=1
2025-08-06 07:36:41,763 - INFO - A_teacher is 0.5661352276802063
2025-08-06 07:36:41,784 - INFO - dataset is tensor([[[ 0.2669],
         [ 0.0617],
         [ 0.6213],
         [-0.4519],
         [-0.1661],
         [-1.5228]]])
2025-08-06 07:36:41,792 - INFO - Starting G&C
2025-08-06 07:39:20,592 - INFO - Finished G&C, time elapsed=158.79905486106873s
2025-08-06 07:39:20,594 - INFO - Finished seed=1
2025-08-06 07:39:20,597 - INFO - Starting seed=2
2025-08-06 07:39:20,609 - INFO - A_teacher is 0.539229691028595
2025-08-06 07:39:20,616 - INFO - dataset is tensor([[[-0.2236],
         [-0.3195],
         [-1.2050],
         [ 1.0445],
         [-0.6332],
         [ 0.5731]]])
2025-08-06 07:39:20,621 - INFO - Starting G&C
2025-08-06 07:41:59,115 - INFO - Finished G&C, time elapsed=158.49339294433594s
2025-08-06 07:41:59,117 - INFO - Finished seed=2
2025-08-06 07:41:59,120 - INFO - Starting seed=3
2025-08-06 07:41:59,130 - INFO - A_teacher is 0.5803276300430298
2025-08-06 07:41:59,137 - INFO - dataset is tensor([[[ 0.1748],
         [ 0.0890],
         [-0.6137],
         [ 0.0462],
         [-1.3683],
         [ 0.3375]]])
2025-08-06 07:41:59,142 - INFO - Starting G&C
2025-08-06 07:44:36,858 - INFO - Finished G&C, time elapsed=157.71379899978638s
2025-08-06 07:44:36,861 - INFO - Finished seed=3
2025-08-06 07:44:36,863 - INFO - Starting seed=4
2025-08-06 07:44:36,874 - INFO - A_teacher is 0.33947238326072693
2025-08-06 07:44:36,882 - INFO - dataset is tensor([[[ 0.2325],
         [ 2.2399],
         [ 0.8473],
         [ 1.2006],
         [-0.4016],
         [-1.4260]]])
2025-08-06 07:44:36,886 - INFO - Starting G&C
2025-08-06 07:47:14,678 - INFO - Finished G&C, time elapsed=157.78989696502686s
2025-08-06 07:47:14,680 - INFO - Finished seed=4
2025-08-06 07:47:14,683 - INFO - Starting seed=5
2025-08-06 07:47:14,693 - INFO - A_teacher is 0.45132192969322205
2025-08-06 07:47:14,702 - INFO - dataset is tensor([[[-0.6038],
         [-0.5581],
         [ 0.6675],
         [-0.1974],
         [ 1.9428],
         [-1.4017]]])
2025-08-06 07:47:14,706 - INFO - Starting G&C
2025-08-06 07:49:57,569 - INFO - Finished G&C, time elapsed=162.86084580421448s
2025-08-06 07:49:57,570 - INFO - Finished seed=5
2025-08-06 07:49:57,572 - INFO - Starting seed=6
2025-08-06 07:49:57,583 - INFO - A_teacher is 0.31256014108657837
2025-08-06 07:49:57,590 - INFO - dataset is tensor([[[-0.9937],
         [ 0.7185],
         [-0.6985],
         [-1.4716],
         [ 0.1777],
         [ 1.4557]]])
2025-08-06 07:49:57,595 - INFO - Starting G&C
2025-08-06 07:52:34,035 - INFO - Finished G&C, time elapsed=156.43913912773132s
2025-08-06 07:52:34,036 - INFO - Finished seed=6
2025-08-06 07:52:34,037 - INFO - Starting seed=7
2025-08-06 07:52:34,047 - INFO - A_teacher is 0.48532047867774963
2025-08-06 07:52:34,052 - INFO - dataset is tensor([[[ 0.7861],
         [ 0.9468],
         [-1.1143],
         [ 1.6908],
         [-0.8948],
         [-0.3556]]])
2025-08-06 07:52:34,055 - INFO - Starting G&C
2025-08-06 07:55:07,328 - INFO - Finished G&C, time elapsed=153.27128314971924s
2025-08-06 07:55:07,330 - INFO - Finished seed=7
2025-08-06 07:55:07,334 - INFO - ----------------------------------------------------------------------------------------------------------------------------------------------
2025-08-06 07:55:07,334 - INFO - ----------------------------------------------------------------------------------------------------------------------------------------------
2025-08-06 07:55:07,334 - INFO - Finished student_dim=10
2025-08-06 07:55:07,350 - INFO - G&C avg gen_loss = 1.6083572939541528
2025-08-06 07:55:07,350 - INFO - ----------------------------------------------------------------------------------------------------------------------------------------------
2025-08-06 07:55:07,352 - INFO - Starting student_dim=11
2025-08-06 07:55:07,356 - INFO - Starting seed=0
2025-08-06 07:55:07,363 - INFO - A_teacher is 0.6540995836257935
2025-08-06 07:55:07,383 - INFO - dataset is tensor([[[-0.2934],
         [-2.1788],
         [ 0.5684],
         [-1.0845],
         [-1.3986],
         [ 0.4033]]])
2025-08-06 07:55:07,386 - INFO - Starting G&C
2025-08-06 07:57:46,683 - INFO - Finished G&C, time elapsed=159.29454112052917s
2025-08-06 07:57:46,686 - INFO - Finished seed=0
2025-08-06 07:57:46,688 - INFO - Starting seed=1
2025-08-06 07:57:46,699 - INFO - A_teacher is 0.5661352276802063
2025-08-06 07:57:46,712 - INFO - dataset is tensor([[[ 0.2669],
         [ 0.0617],
         [ 0.6213],
         [-0.4519],
         [-0.1661],
         [-1.5228]]])
2025-08-06 07:57:46,718 - INFO - Starting G&C
2025-08-06 08:00:25,879 - INFO - Finished G&C, time elapsed=159.15972566604614s
2025-08-06 08:00:25,882 - INFO - Finished seed=1
2025-08-06 08:00:25,884 - INFO - Starting seed=2
2025-08-06 08:00:25,896 - INFO - A_teacher is 0.539229691028595
2025-08-06 08:00:25,903 - INFO - dataset is tensor([[[-0.2236],
         [-0.3195],
         [-1.2050],
         [ 1.0445],
         [-0.6332],
         [ 0.5731]]])
2025-08-06 08:00:25,908 - INFO - Starting G&C
2025-08-06 08:20:37,697 - INFO - Finished G&C, time elapsed=1211.7878420352936s
2025-08-06 08:20:37,700 - INFO - Finished seed=2
2025-08-06 08:20:37,702 - INFO - Starting seed=3
2025-08-06 08:20:37,712 - INFO - A_teacher is 0.5803276300430298
2025-08-06 08:20:37,726 - INFO - dataset is tensor([[[ 0.1748],
         [ 0.0890],
         [-0.6137],
         [ 0.0462],
         [-1.3683],
         [ 0.3375]]])
2025-08-06 08:20:37,730 - INFO - Starting G&C
2025-08-06 08:55:59,395 - INFO - Finished G&C, time elapsed=2121.660653591156s
2025-08-06 08:55:59,397 - INFO - Finished seed=3
2025-08-06 08:55:59,400 - INFO - Starting seed=4
2025-08-06 08:55:59,412 - INFO - A_teacher is 0.33947238326072693
2025-08-06 08:55:59,439 - INFO - dataset is tensor([[[ 0.2325],
         [ 2.2399],
         [ 0.8473],
         [ 1.2006],
         [-0.4016],
         [-1.4260]]])
2025-08-06 08:55:59,444 - INFO - Starting G&C
2025-08-06 08:58:43,480 - INFO - Finished G&C, time elapsed=164.03182125091553s
2025-08-06 08:58:43,482 - INFO - Finished seed=4
2025-08-06 08:58:43,486 - INFO - Starting seed=5
2025-08-06 08:58:43,503 - INFO - A_teacher is 0.45132192969322205
2025-08-06 08:58:43,529 - INFO - dataset is tensor([[[-0.6038],
         [-0.5581],
         [ 0.6675],
         [-0.1974],
         [ 1.9428],
         [-1.4017]]])
2025-08-06 08:58:43,536 - INFO - Starting G&C
2025-08-06 09:01:22,528 - INFO - Finished G&C, time elapsed=158.9913830757141s
2025-08-06 09:01:22,530 - INFO - Finished seed=5
2025-08-06 09:01:22,533 - INFO - Starting seed=6
2025-08-06 09:01:22,542 - INFO - A_teacher is 0.31256014108657837
2025-08-06 09:01:22,551 - INFO - dataset is tensor([[[-0.9937],
         [ 0.7185],
         [-0.6985],
         [-1.4716],
         [ 0.1777],
         [ 1.4557]]])
2025-08-06 09:01:22,555 - INFO - Starting G&C
2025-08-06 09:04:00,762 - INFO - Finished G&C, time elapsed=158.20528888702393s
2025-08-06 09:04:00,764 - INFO - Finished seed=6
2025-08-06 09:04:00,767 - INFO - Starting seed=7
2025-08-06 09:04:00,776 - INFO - A_teacher is 0.48532047867774963
2025-08-06 09:04:00,785 - INFO - dataset is tensor([[[ 0.7861],
         [ 0.9468],
         [-1.1143],
         [ 1.6908],
         [-0.8948],
         [-0.3556]]])
2025-08-06 09:04:00,788 - INFO - Starting G&C
2025-08-06 09:06:38,375 - INFO - Finished G&C, time elapsed=157.58334612846375s
2025-08-06 09:06:38,377 - INFO - Finished seed=7
2025-08-06 09:06:38,379 - INFO - ----------------------------------------------------------------------------------------------------------------------------------------------
2025-08-06 09:06:38,379 - INFO - ----------------------------------------------------------------------------------------------------------------------------------------------
2025-08-06 09:06:38,379 - INFO - Finished student_dim=11
2025-08-06 09:06:38,393 - INFO - G&C avg gen_loss = 1.5901186585702416
2025-08-06 09:06:38,393 - INFO - ----------------------------------------------------------------------------------------------------------------------------------------------
2025-08-06 09:06:38,394 - INFO - Starting student_dim=12
2025-08-06 09:06:38,399 - INFO - Starting seed=0
2025-08-06 09:06:38,406 - INFO - A_teacher is 0.6540995836257935
2025-08-06 09:06:38,428 - INFO - dataset is tensor([[[-0.2934],
         [-2.1788],
         [ 0.5684],
         [-1.0845],
         [-1.3986],
         [ 0.4033]]])
2025-08-06 09:06:38,431 - INFO - Starting G&C
2025-08-06 09:09:11,279 - INFO - Finished G&C, time elapsed=152.84642505645752s
2025-08-06 09:09:11,281 - INFO - Finished seed=0
2025-08-06 09:09:11,283 - INFO - Starting seed=1
2025-08-06 09:09:11,297 - INFO - A_teacher is 0.5661352276802063
2025-08-06 09:09:11,310 - INFO - dataset is tensor([[[ 0.2669],
         [ 0.0617],
         [ 0.6213],
         [-0.4519],
         [-0.1661],
         [-1.5228]]])
2025-08-06 09:09:11,317 - INFO - Starting G&C
2025-08-06 09:11:58,319 - INFO - Finished G&C, time elapsed=166.999773979187s
2025-08-06 09:11:58,322 - INFO - Finished seed=1
2025-08-06 09:11:58,325 - INFO - Starting seed=2
2025-08-06 09:11:58,338 - INFO - A_teacher is 0.539229691028595
2025-08-06 09:11:58,350 - INFO - dataset is tensor([[[-0.2236],
         [-0.3195],
         [-1.2050],
         [ 1.0445],
         [-0.6332],
         [ 0.5731]]])
2025-08-06 09:11:58,356 - INFO - Starting G&C
2025-08-06 09:14:51,347 - INFO - Finished G&C, time elapsed=172.9887318611145s
2025-08-06 09:14:51,349 - INFO - Finished seed=2
2025-08-06 09:14:51,351 - INFO - Starting seed=3
2025-08-06 09:14:51,362 - INFO - A_teacher is 0.5803276300430298
2025-08-06 09:14:51,373 - INFO - dataset is tensor([[[ 0.1748],
         [ 0.0890],
         [-0.6137],
         [ 0.0462],
         [-1.3683],
         [ 0.3375]]])
2025-08-06 09:14:51,379 - INFO - Starting G&C
2025-08-06 09:17:40,203 - INFO - Finished G&C, time elapsed=168.8234579563141s
2025-08-06 09:17:40,205 - INFO - Finished seed=3
2025-08-06 09:17:40,212 - INFO - Starting seed=4
2025-08-06 09:17:40,222 - INFO - A_teacher is 0.33947238326072693
2025-08-06 09:17:40,232 - INFO - dataset is tensor([[[ 0.2325],
         [ 2.2399],
         [ 0.8473],
         [ 1.2006],
         [-0.4016],
         [-1.4260]]])
2025-08-06 09:17:40,236 - INFO - Starting G&C
2025-08-06 09:20:29,492 - INFO - Finished G&C, time elapsed=169.25410413742065s
2025-08-06 09:20:29,495 - INFO - Finished seed=4
2025-08-06 09:20:29,499 - INFO - Starting seed=5
2025-08-06 09:20:29,508 - INFO - A_teacher is 0.45132192969322205
2025-08-06 09:20:29,517 - INFO - dataset is tensor([[[-0.6038],
         [-0.5581],
         [ 0.6675],
         [-0.1974],
         [ 1.9428],
         [-1.4017]]])
2025-08-06 09:20:29,522 - INFO - Starting G&C
2025-08-06 09:36:44,679 - INFO - Finished G&C, time elapsed=975.1543669700623s
2025-08-06 09:36:44,681 - INFO - Finished seed=5
2025-08-06 09:36:44,683 - INFO - Starting seed=6
2025-08-06 09:36:44,695 - INFO - A_teacher is 0.31256014108657837
2025-08-06 09:36:44,703 - INFO - dataset is tensor([[[-0.9937],
         [ 0.7185],
         [-0.6985],
         [-1.4716],
         [ 0.1777],
         [ 1.4557]]])
2025-08-06 09:36:44,708 - INFO - Starting G&C
2025-08-06 09:39:29,409 - INFO - Finished G&C, time elapsed=164.69932007789612s
2025-08-06 09:39:29,411 - INFO - Finished seed=6
2025-08-06 09:39:29,419 - INFO - Starting seed=7
2025-08-06 09:39:29,429 - INFO - A_teacher is 0.48532047867774963
2025-08-06 09:39:29,439 - INFO - dataset is tensor([[[ 0.7861],
         [ 0.9468],
         [-1.1143],
         [ 1.6908],
         [-0.8948],
         [-0.3556]]])
2025-08-06 09:39:29,445 - INFO - Starting G&C
2025-08-06 09:42:22,702 - INFO - Finished G&C, time elapsed=173.254625082016s
2025-08-06 09:42:22,705 - INFO - Finished seed=7
2025-08-06 09:42:22,708 - INFO - ----------------------------------------------------------------------------------------------------------------------------------------------
2025-08-06 09:42:22,708 - INFO - ----------------------------------------------------------------------------------------------------------------------------------------------
2025-08-06 09:42:22,708 - INFO - Finished student_dim=12
2025-08-06 09:42:22,722 - INFO - G&C avg gen_loss = 1.6841434047645367
2025-08-06 09:42:22,722 - INFO - ----------------------------------------------------------------------------------------------------------------------------------------------
2025-08-06 09:42:22,723 - INFO - Starting student_dim=13
2025-08-06 09:42:22,727 - INFO - Starting seed=0
2025-08-06 09:42:22,736 - INFO - A_teacher is 0.6540995836257935
2025-08-06 09:42:22,767 - INFO - dataset is tensor([[[-0.2934],
         [-2.1788],
         [ 0.5684],
         [-1.0845],
         [-1.3986],
         [ 0.4033]]])
2025-08-06 09:42:22,771 - INFO - Starting G&C
2025-08-06 09:45:03,807 - INFO - Finished G&C, time elapsed=161.03251719474792s
2025-08-06 09:45:03,809 - INFO - Finished seed=0
2025-08-06 09:45:03,813 - INFO - Starting seed=1
2025-08-06 09:45:03,827 - INFO - A_teacher is 0.5661352276802063
2025-08-06 09:45:03,850 - INFO - dataset is tensor([[[ 0.2669],
         [ 0.0617],
         [ 0.6213],
         [-0.4519],
         [-0.1661],
         [-1.5228]]])
2025-08-06 09:45:03,857 - INFO - Starting G&C
