2025-08-03 20:44:55,035 - INFO - Using device mps.
2025-08-03 20:44:55,036 - INFO - Args: Namespace(num_seeds=8, num_measurements=1, input_e1=False, sequence_length=3, teacher_ranks=[1], student_dims=[5, 6, 7, 8, 9, 10, 11, 12, 13, 14, 15, 16, 17, 18, 19, 20, 21, 22, 23, 24], calc_loss_only_on_last_output=True, eps_train=1e-09, gnc=True, gnc_num_samples=100000000, gnc_batch_size=10000000, gd=False, gd_lr=0.01, gd_epochs=100000, gd_init_scale=0.01, gd_optimizer='adam', config=None, results_dir=PosixPath('results'), figures_dir=PosixPath('figures'), log_dir=PosixPath('logs'))
2025-08-03 20:44:55,045 - INFO - Starting teacher_rank=1
2025-08-03 20:44:55,046 - INFO - Starting student_dim=5
2025-08-03 20:44:55,046 - INFO - Starting seed=0
2025-08-03 20:44:55,051 - INFO - A_teacher is 0.497045636177063
2025-08-03 20:44:55,079 - INFO - Starting G&C
2025-08-03 20:44:58,363 - INFO - Finished G&C, time elapsed=3.2835569381713867s
2025-08-03 20:44:58,363 - INFO - Finished seed=0
2025-08-03 20:44:58,363 - INFO - Starting seed=1
2025-08-03 20:44:58,364 - INFO - A_teacher is 0.6540995836257935
2025-08-03 20:44:58,365 - INFO - Starting G&C
2025-08-03 20:45:01,529 - INFO - Finished G&C, time elapsed=3.1644492149353027s
2025-08-03 20:45:01,529 - INFO - Finished seed=1
2025-08-03 20:45:01,529 - INFO - Starting seed=2
2025-08-03 20:45:01,531 - INFO - A_teacher is 0.5661352276802063
2025-08-03 20:45:01,532 - INFO - Starting G&C
2025-08-03 20:45:04,685 - INFO - Finished G&C, time elapsed=3.1531081199645996s
2025-08-03 20:45:04,685 - INFO - Finished seed=2
2025-08-03 20:45:04,685 - INFO - Starting seed=3
2025-08-03 20:45:04,686 - INFO - A_teacher is 0.539229691028595
2025-08-03 20:45:04,687 - INFO - Starting G&C
2025-08-03 20:45:07,832 - INFO - Finished G&C, time elapsed=3.14453387260437s
2025-08-03 20:45:07,832 - INFO - Finished seed=3
2025-08-03 20:45:07,832 - INFO - Starting seed=4
2025-08-03 20:45:07,833 - INFO - A_teacher is 0.5803276300430298
2025-08-03 20:45:07,834 - INFO - Starting G&C
2025-08-03 20:45:10,981 - INFO - Finished G&C, time elapsed=3.146968126296997s
2025-08-03 20:45:10,981 - INFO - Finished seed=4
2025-08-03 20:45:10,981 - INFO - Starting seed=5
2025-08-03 20:45:10,982 - INFO - A_teacher is 0.33947238326072693
2025-08-03 20:45:10,983 - INFO - Starting G&C
2025-08-03 20:45:14,149 - INFO - Finished G&C, time elapsed=3.166349172592163s
2025-08-03 20:45:14,150 - INFO - Finished seed=5
2025-08-03 20:45:14,150 - INFO - Starting seed=6
2025-08-03 20:45:14,151 - INFO - A_teacher is 0.45132192969322205
2025-08-03 20:45:14,152 - INFO - Starting G&C
2025-08-03 20:45:17,310 - INFO - Finished G&C, time elapsed=3.158703327178955s
2025-08-03 20:45:17,311 - INFO - Finished seed=6
2025-08-03 20:45:17,311 - INFO - Starting seed=7
2025-08-03 20:45:17,312 - INFO - A_teacher is 0.31256014108657837
2025-08-03 20:45:17,313 - INFO - Starting G&C
2025-08-03 20:45:20,490 - INFO - Finished G&C, time elapsed=3.177253007888794s
2025-08-03 20:45:20,490 - INFO - Finished seed=7
2025-08-03 20:45:20,490 - INFO - ----------------------------------------------------------------------------------------------------------------------------------------------
2025-08-03 20:45:20,490 - INFO - ----------------------------------------------------------------------------------------------------------------------------------------------
2025-08-03 20:45:20,490 - INFO - Finished student_dim=5
2025-08-03 20:45:20,490 - INFO - G&C avg gen_loss = 1.0369971362271864
2025-08-03 20:45:20,491 - INFO - ----------------------------------------------------------------------------------------------------------------------------------------------
2025-08-03 20:45:20,491 - INFO - Starting student_dim=6
2025-08-03 20:45:20,491 - INFO - Starting seed=0
2025-08-03 20:45:20,492 - INFO - A_teacher is 0.48532047867774963
2025-08-03 20:45:20,495 - INFO - Starting G&C
2025-08-03 20:45:23,869 - INFO - Finished G&C, time elapsed=3.3738880157470703s
2025-08-03 20:45:23,869 - INFO - Finished seed=0
2025-08-03 20:45:23,869 - INFO - Starting seed=1
2025-08-03 20:45:23,871 - INFO - A_teacher is 0.6540995836257935
2025-08-03 20:45:23,872 - INFO - Starting G&C
2025-08-03 20:45:27,181 - INFO - Finished G&C, time elapsed=3.3097219467163086s
2025-08-03 20:45:27,181 - INFO - Finished seed=1
2025-08-03 20:45:27,182 - INFO - Starting seed=2
2025-08-03 20:45:27,183 - INFO - A_teacher is 0.5661352276802063
2025-08-03 20:45:27,184 - INFO - Starting G&C
2025-08-03 20:45:30,472 - INFO - Finished G&C, time elapsed=3.2881290912628174s
2025-08-03 20:45:30,472 - INFO - Finished seed=2
2025-08-03 20:45:30,472 - INFO - Starting seed=3
2025-08-03 20:45:30,473 - INFO - A_teacher is 0.539229691028595
2025-08-03 20:45:30,474 - INFO - Starting G&C
2025-08-03 20:45:33,772 - INFO - Finished G&C, time elapsed=3.297468900680542s
2025-08-03 20:45:33,772 - INFO - Finished seed=3
2025-08-03 20:45:33,772 - INFO - Starting seed=4
2025-08-03 20:45:33,773 - INFO - A_teacher is 0.5803276300430298
2025-08-03 20:45:33,774 - INFO - Starting G&C
2025-08-03 20:45:37,097 - INFO - Finished G&C, time elapsed=3.323425054550171s
2025-08-03 20:45:37,097 - INFO - Finished seed=4
2025-08-03 20:45:37,098 - INFO - Starting seed=5
2025-08-03 20:45:37,099 - INFO - A_teacher is 0.33947238326072693
2025-08-03 20:45:37,100 - INFO - Starting G&C
2025-08-03 20:45:40,404 - INFO - Finished G&C, time elapsed=3.3045918941497803s
2025-08-03 20:45:40,404 - INFO - Finished seed=5
2025-08-03 20:45:40,405 - INFO - Starting seed=6
2025-08-03 20:45:40,406 - INFO - A_teacher is 0.45132192969322205
2025-08-03 20:45:40,407 - INFO - Starting G&C
2025-08-03 20:45:43,703 - INFO - Finished G&C, time elapsed=3.2955899238586426s
2025-08-03 20:45:43,703 - INFO - Finished seed=6
2025-08-03 20:45:43,703 - INFO - Starting seed=7
2025-08-03 20:45:43,704 - INFO - A_teacher is 0.31256014108657837
2025-08-03 20:45:43,705 - INFO - Starting G&C
2025-08-03 20:45:47,011 - INFO - Finished G&C, time elapsed=3.3062450885772705s
2025-08-03 20:45:47,011 - INFO - Finished seed=7
2025-08-03 20:45:47,011 - INFO - ----------------------------------------------------------------------------------------------------------------------------------------------
2025-08-03 20:45:47,011 - INFO - ----------------------------------------------------------------------------------------------------------------------------------------------
2025-08-03 20:45:47,011 - INFO - Finished student_dim=6
2025-08-03 20:45:47,011 - INFO - G&C avg gen_loss = 1.1282954536954064
2025-08-03 20:45:47,011 - INFO - ----------------------------------------------------------------------------------------------------------------------------------------------
2025-08-03 20:45:47,012 - INFO - Starting student_dim=7
2025-08-03 20:45:47,012 - INFO - Starting seed=0
2025-08-03 20:45:47,013 - INFO - A_teacher is 0.48532047867774963
2025-08-03 20:45:47,016 - INFO - Starting G&C
2025-08-03 20:45:50,591 - INFO - Finished G&C, time elapsed=3.5745351314544678s
2025-08-03 20:45:50,591 - INFO - Finished seed=0
2025-08-03 20:45:50,591 - INFO - Starting seed=1
2025-08-03 20:45:50,592 - INFO - A_teacher is 0.6540995836257935
2025-08-03 20:45:50,593 - INFO - Starting G&C
2025-08-03 20:45:53,988 - INFO - Finished G&C, time elapsed=3.3945541381835938s
2025-08-03 20:45:53,988 - INFO - Finished seed=1
2025-08-03 20:45:53,988 - INFO - Starting seed=2
2025-08-03 20:45:54,001 - INFO - A_teacher is 0.5661352276802063
2025-08-03 20:45:54,002 - INFO - Starting G&C
2025-08-03 20:45:57,403 - INFO - Finished G&C, time elapsed=3.401819944381714s
2025-08-03 20:45:57,404 - INFO - Finished seed=2
2025-08-03 20:45:57,404 - INFO - Starting seed=3
2025-08-03 20:45:57,405 - INFO - A_teacher is 0.539229691028595
2025-08-03 20:45:57,406 - INFO - Starting G&C
2025-08-03 20:46:00,789 - INFO - Finished G&C, time elapsed=3.382890224456787s
2025-08-03 20:46:00,789 - INFO - Finished seed=3
2025-08-03 20:46:00,789 - INFO - Starting seed=4
2025-08-03 20:46:00,790 - INFO - A_teacher is 0.5803276300430298
2025-08-03 20:46:00,791 - INFO - Starting G&C
2025-08-03 20:46:04,196 - INFO - Finished G&C, time elapsed=3.4047470092773438s
2025-08-03 20:46:04,196 - INFO - Finished seed=4
2025-08-03 20:46:04,196 - INFO - Starting seed=5
2025-08-03 20:46:04,197 - INFO - A_teacher is 0.33947238326072693
2025-08-03 20:46:04,198 - INFO - Starting G&C
2025-08-03 20:46:07,597 - INFO - Finished G&C, time elapsed=3.3988969326019287s
2025-08-03 20:46:07,597 - INFO - Finished seed=5
2025-08-03 20:46:07,597 - INFO - Starting seed=6
2025-08-03 20:46:07,598 - INFO - A_teacher is 0.45132192969322205
2025-08-03 20:46:07,599 - INFO - Starting G&C
2025-08-03 20:46:10,990 - INFO - Finished G&C, time elapsed=3.3907668590545654s
2025-08-03 20:46:10,990 - INFO - Finished seed=6
2025-08-03 20:46:10,990 - INFO - Starting seed=7
2025-08-03 20:46:10,991 - INFO - A_teacher is 0.31256014108657837
2025-08-03 20:46:10,992 - INFO - Starting G&C
2025-08-03 20:46:14,398 - INFO - Finished G&C, time elapsed=3.4055469036102295s
2025-08-03 20:46:14,398 - INFO - Finished seed=7
2025-08-03 20:46:14,398 - INFO - ----------------------------------------------------------------------------------------------------------------------------------------------
2025-08-03 20:46:14,398 - INFO - ----------------------------------------------------------------------------------------------------------------------------------------------
2025-08-03 20:46:14,398 - INFO - Finished student_dim=7
2025-08-03 20:46:14,398 - INFO - G&C avg gen_loss = 1.1548453952320097
2025-08-03 20:46:14,398 - INFO - ----------------------------------------------------------------------------------------------------------------------------------------------
2025-08-03 20:46:14,398 - INFO - Starting student_dim=8
2025-08-03 20:46:14,399 - INFO - Starting seed=0
2025-08-03 20:46:14,399 - INFO - A_teacher is 0.48532047867774963
2025-08-03 20:46:14,403 - INFO - Starting G&C
2025-08-03 20:46:18,142 - INFO - Finished G&C, time elapsed=3.738140821456909s
2025-08-03 20:46:18,142 - INFO - Finished seed=0
2025-08-03 20:46:18,142 - INFO - Starting seed=1
2025-08-03 20:46:18,159 - INFO - A_teacher is 0.6540995836257935
2025-08-03 20:46:18,160 - INFO - Starting G&C
2025-08-03 20:46:21,675 - INFO - Finished G&C, time elapsed=3.5152220726013184s
2025-08-03 20:46:21,676 - INFO - Finished seed=1
2025-08-03 20:46:21,676 - INFO - Starting seed=2
2025-08-03 20:46:21,677 - INFO - A_teacher is 0.5661352276802063
2025-08-03 20:46:21,678 - INFO - Starting G&C
2025-08-03 20:46:25,168 - INFO - Finished G&C, time elapsed=3.4905169010162354s
2025-08-03 20:46:25,168 - INFO - Finished seed=2
2025-08-03 20:46:25,168 - INFO - Starting seed=3
2025-08-03 20:46:25,170 - INFO - A_teacher is 0.539229691028595
2025-08-03 20:46:25,170 - INFO - Starting G&C
2025-08-03 20:46:28,705 - INFO - Finished G&C, time elapsed=3.534316062927246s
2025-08-03 20:46:28,705 - INFO - Finished seed=3
2025-08-03 20:46:28,705 - INFO - Starting seed=4
2025-08-03 20:46:28,716 - INFO - A_teacher is 0.5803276300430298
2025-08-03 20:46:28,717 - INFO - Starting G&C
2025-08-03 20:46:32,237 - INFO - Finished G&C, time elapsed=3.519940137863159s
2025-08-03 20:46:32,237 - INFO - Finished seed=4
2025-08-03 20:46:32,237 - INFO - Starting seed=5
2025-08-03 20:46:32,238 - INFO - A_teacher is 0.33947238326072693
2025-08-03 20:46:32,239 - INFO - Starting G&C
2025-08-03 20:46:35,740 - INFO - Finished G&C, time elapsed=3.5003299713134766s
2025-08-03 20:46:35,740 - INFO - Finished seed=5
2025-08-03 20:46:35,740 - INFO - Starting seed=6
2025-08-03 20:46:35,741 - INFO - A_teacher is 0.45132192969322205
2025-08-03 20:46:35,742 - INFO - Starting G&C
2025-08-03 20:46:39,253 - INFO - Finished G&C, time elapsed=3.510485887527466s
2025-08-03 20:46:39,253 - INFO - Finished seed=6
2025-08-03 20:46:39,253 - INFO - Starting seed=7
2025-08-03 20:46:39,254 - INFO - A_teacher is 0.31256014108657837
2025-08-03 20:46:39,255 - INFO - Starting G&C
2025-08-03 20:46:42,744 - INFO - Finished G&C, time elapsed=3.4890313148498535s
2025-08-03 20:46:42,744 - INFO - Finished seed=7
2025-08-03 20:46:42,744 - INFO - ----------------------------------------------------------------------------------------------------------------------------------------------
2025-08-03 20:46:42,744 - INFO - ----------------------------------------------------------------------------------------------------------------------------------------------
2025-08-03 20:46:42,744 - INFO - Finished student_dim=8
2025-08-03 20:46:42,744 - INFO - G&C avg gen_loss = 1.167565133041168
2025-08-03 20:46:42,744 - INFO - ----------------------------------------------------------------------------------------------------------------------------------------------
2025-08-03 20:46:42,744 - INFO - Starting student_dim=9
2025-08-03 20:46:42,744 - INFO - Starting seed=0
2025-08-03 20:46:42,745 - INFO - A_teacher is 0.48532047867774963
2025-08-03 20:46:42,770 - INFO - Starting G&C
2025-08-03 20:46:46,721 - INFO - Finished G&C, time elapsed=3.9507949352264404s
2025-08-03 20:46:46,721 - INFO - Finished seed=0
2025-08-03 20:46:46,721 - INFO - Starting seed=1
2025-08-03 20:46:46,722 - INFO - A_teacher is 0.6540995836257935
2025-08-03 20:46:46,723 - INFO - Starting G&C
2025-08-03 20:46:50,313 - INFO - Finished G&C, time elapsed=3.5894908905029297s
2025-08-03 20:46:50,313 - INFO - Finished seed=1
2025-08-03 20:46:50,313 - INFO - Starting seed=2
2025-08-03 20:46:50,314 - INFO - A_teacher is 0.5661352276802063
2025-08-03 20:46:50,315 - INFO - Starting G&C
2025-08-03 20:46:53,905 - INFO - Finished G&C, time elapsed=3.5893919467926025s
2025-08-03 20:46:53,905 - INFO - Finished seed=2
2025-08-03 20:46:53,905 - INFO - Starting seed=3
2025-08-03 20:46:53,923 - INFO - A_teacher is 0.539229691028595
2025-08-03 20:46:53,924 - INFO - Starting G&C
2025-08-03 20:46:57,527 - INFO - Finished G&C, time elapsed=3.603477954864502s
2025-08-03 20:46:57,527 - INFO - Finished seed=3
2025-08-03 20:46:57,527 - INFO - Starting seed=4
2025-08-03 20:46:57,529 - INFO - A_teacher is 0.5803276300430298
2025-08-03 20:46:57,529 - INFO - Starting G&C
2025-08-03 20:47:01,121 - INFO - Finished G&C, time elapsed=3.591370105743408s
2025-08-03 20:47:01,121 - INFO - Finished seed=4
2025-08-03 20:47:01,121 - INFO - Starting seed=5
2025-08-03 20:47:01,122 - INFO - A_teacher is 0.33947238326072693
2025-08-03 20:47:01,123 - INFO - Starting G&C
2025-08-03 20:47:04,718 - INFO - Finished G&C, time elapsed=3.594860076904297s
2025-08-03 20:47:04,718 - INFO - Finished seed=5
2025-08-03 20:47:04,718 - INFO - Starting seed=6
2025-08-03 20:47:04,720 - INFO - A_teacher is 0.45132192969322205
2025-08-03 20:47:04,720 - INFO - Starting G&C
2025-08-03 20:47:08,322 - INFO - Finished G&C, time elapsed=3.601736068725586s
2025-08-03 20:47:08,322 - INFO - Finished seed=6
2025-08-03 20:47:08,323 - INFO - Starting seed=7
2025-08-03 20:47:08,324 - INFO - A_teacher is 0.31256014108657837
2025-08-03 20:47:08,325 - INFO - Starting G&C
2025-08-03 20:47:11,901 - INFO - Finished G&C, time elapsed=3.5762479305267334s
2025-08-03 20:47:11,901 - INFO - Finished seed=7
2025-08-03 20:47:11,901 - INFO - ----------------------------------------------------------------------------------------------------------------------------------------------
2025-08-03 20:47:11,901 - INFO - ----------------------------------------------------------------------------------------------------------------------------------------------
2025-08-03 20:47:11,901 - INFO - Finished student_dim=9
2025-08-03 20:47:11,901 - INFO - G&C avg gen_loss = 1.1517881398239855
2025-08-03 20:47:11,901 - INFO - ----------------------------------------------------------------------------------------------------------------------------------------------
2025-08-03 20:47:11,902 - INFO - Starting student_dim=10
2025-08-03 20:47:11,902 - INFO - Starting seed=0
2025-08-03 20:47:11,903 - INFO - A_teacher is 0.48532047867774963
2025-08-03 20:47:11,906 - INFO - Starting G&C
2025-08-03 20:47:16,145 - INFO - Finished G&C, time elapsed=4.238779067993164s
2025-08-03 20:47:16,145 - INFO - Finished seed=0
2025-08-03 20:47:16,145 - INFO - Starting seed=1
2025-08-03 20:47:16,146 - INFO - A_teacher is 0.6540995836257935
2025-08-03 20:47:16,147 - INFO - Starting G&C
2025-08-03 20:47:19,825 - INFO - Finished G&C, time elapsed=3.67726993560791s
2025-08-03 20:47:19,825 - INFO - Finished seed=1
2025-08-03 20:47:19,825 - INFO - Starting seed=2
2025-08-03 20:47:19,826 - INFO - A_teacher is 0.5661352276802063
2025-08-03 20:47:19,827 - INFO - Starting G&C
2025-08-03 20:47:23,477 - INFO - Finished G&C, time elapsed=3.6503069400787354s
2025-08-03 20:47:23,477 - INFO - Finished seed=2
2025-08-03 20:47:23,477 - INFO - Starting seed=3
2025-08-03 20:47:23,478 - INFO - A_teacher is 0.539229691028595
2025-08-03 20:47:23,479 - INFO - Starting G&C
2025-08-03 20:47:27,141 - INFO - Finished G&C, time elapsed=3.661947250366211s
2025-08-03 20:47:27,141 - INFO - Finished seed=3
2025-08-03 20:47:27,142 - INFO - Starting seed=4
2025-08-03 20:47:27,143 - INFO - A_teacher is 0.5803276300430298
2025-08-03 20:47:27,143 - INFO - Starting G&C
2025-08-03 20:47:30,773 - INFO - Finished G&C, time elapsed=3.6297190189361572s
2025-08-03 20:47:30,773 - INFO - Finished seed=4
2025-08-03 20:47:30,773 - INFO - Starting seed=5
2025-08-03 20:47:30,775 - INFO - A_teacher is 0.33947238326072693
2025-08-03 20:47:30,776 - INFO - Starting G&C
2025-08-03 20:47:34,409 - INFO - Finished G&C, time elapsed=3.633500814437866s
2025-08-03 20:47:34,409 - INFO - Finished seed=5
2025-08-03 20:47:34,409 - INFO - Starting seed=6
2025-08-03 20:47:34,410 - INFO - A_teacher is 0.45132192969322205
2025-08-03 20:47:34,411 - INFO - Starting G&C
2025-08-03 20:47:38,042 - INFO - Finished G&C, time elapsed=3.630718946456909s
2025-08-03 20:47:38,042 - INFO - Finished seed=6
2025-08-03 20:47:38,042 - INFO - Starting seed=7
2025-08-03 20:47:38,046 - INFO - A_teacher is 0.31256014108657837
2025-08-03 20:47:38,047 - INFO - Starting G&C
2025-08-03 20:47:41,710 - INFO - Finished G&C, time elapsed=3.6632418632507324s
2025-08-03 20:47:41,711 - INFO - Finished seed=7
2025-08-03 20:47:41,711 - INFO - ----------------------------------------------------------------------------------------------------------------------------------------------
2025-08-03 20:47:41,711 - INFO - ----------------------------------------------------------------------------------------------------------------------------------------------
2025-08-03 20:47:41,711 - INFO - Finished student_dim=10
2025-08-03 20:47:41,711 - INFO - G&C avg gen_loss = 1.1990828138159944
2025-08-03 20:47:41,711 - INFO - ----------------------------------------------------------------------------------------------------------------------------------------------
2025-08-03 20:47:41,711 - INFO - Starting student_dim=11
2025-08-03 20:47:41,711 - INFO - Starting seed=0
2025-08-03 20:47:41,712 - INFO - A_teacher is 0.48532047867774963
2025-08-03 20:47:41,716 - INFO - Starting G&C
2025-08-03 20:47:46,933 - INFO - Finished G&C, time elapsed=5.216588973999023s
2025-08-03 20:47:46,933 - INFO - Finished seed=0
2025-08-03 20:47:46,933 - INFO - Starting seed=1
2025-08-03 20:47:46,936 - INFO - A_teacher is 0.6540995836257935
2025-08-03 20:47:46,938 - INFO - Starting G&C
2025-08-03 20:47:51,475 - INFO - Finished G&C, time elapsed=4.536543130874634s
2025-08-03 20:47:51,475 - INFO - Finished seed=1
2025-08-03 20:47:51,476 - INFO - Starting seed=2
2025-08-03 20:47:51,477 - INFO - A_teacher is 0.5661352276802063
2025-08-03 20:47:51,479 - INFO - Starting G&C
2025-08-03 20:47:56,028 - INFO - Finished G&C, time elapsed=4.548930883407593s
2025-08-03 20:47:56,028 - INFO - Finished seed=2
2025-08-03 20:47:56,029 - INFO - Starting seed=3
2025-08-03 20:47:56,030 - INFO - A_teacher is 0.539229691028595
2025-08-03 20:47:56,032 - INFO - Starting G&C
2025-08-03 20:48:00,462 - INFO - Finished G&C, time elapsed=4.43009614944458s
2025-08-03 20:48:00,463 - INFO - Finished seed=3
2025-08-03 20:48:00,463 - INFO - Starting seed=4
2025-08-03 20:48:00,504 - INFO - A_teacher is 0.5803276300430298
2025-08-03 20:48:00,506 - INFO - Starting G&C
2025-08-03 20:48:04,892 - INFO - Finished G&C, time elapsed=4.385426998138428s
2025-08-03 20:48:04,892 - INFO - Finished seed=4
2025-08-03 20:48:04,892 - INFO - Starting seed=5
2025-08-03 20:48:04,893 - INFO - A_teacher is 0.33947238326072693
2025-08-03 20:48:04,895 - INFO - Starting G&C
2025-08-03 20:48:09,309 - INFO - Finished G&C, time elapsed=4.41423487663269s
2025-08-03 20:48:09,310 - INFO - Finished seed=5
2025-08-03 20:48:09,310 - INFO - Starting seed=6
2025-08-03 20:48:09,312 - INFO - A_teacher is 0.45132192969322205
2025-08-03 20:48:09,313 - INFO - Starting G&C
2025-08-03 20:48:13,705 - INFO - Finished G&C, time elapsed=4.392503023147583s
2025-08-03 20:48:13,706 - INFO - Finished seed=6
2025-08-03 20:48:13,706 - INFO - Starting seed=7
2025-08-03 20:48:13,707 - INFO - A_teacher is 0.31256014108657837
2025-08-03 20:48:13,708 - INFO - Starting G&C
2025-08-03 20:48:18,170 - INFO - Finished G&C, time elapsed=4.462061166763306s
2025-08-03 20:48:18,171 - INFO - Finished seed=7
2025-08-03 20:48:18,172 - INFO - ----------------------------------------------------------------------------------------------------------------------------------------------
2025-08-03 20:48:18,172 - INFO - ----------------------------------------------------------------------------------------------------------------------------------------------
2025-08-03 20:48:18,172 - INFO - Finished student_dim=11
2025-08-03 20:48:18,172 - INFO - G&C avg gen_loss = 1.2284265938692314
2025-08-03 20:48:18,172 - INFO - ----------------------------------------------------------------------------------------------------------------------------------------------
2025-08-03 20:48:18,172 - INFO - Starting student_dim=12
2025-08-03 20:48:18,172 - INFO - Starting seed=0
2025-08-03 20:48:18,173 - INFO - A_teacher is 0.48532047867774963
2025-08-03 20:48:18,178 - INFO - Starting G&C
2025-08-03 20:48:23,312 - INFO - Finished G&C, time elapsed=5.13329815864563s
2025-08-03 20:48:23,312 - INFO - Finished seed=0
2025-08-03 20:48:23,313 - INFO - Starting seed=1
2025-08-03 20:48:23,314 - INFO - A_teacher is 0.6540995836257935
2025-08-03 20:48:23,316 - INFO - Starting G&C
2025-08-03 20:48:27,773 - INFO - Finished G&C, time elapsed=4.457179069519043s
2025-08-03 20:48:27,774 - INFO - Finished seed=1
2025-08-03 20:48:27,774 - INFO - Starting seed=2
2025-08-03 20:48:27,775 - INFO - A_teacher is 0.5661352276802063
2025-08-03 20:48:27,777 - INFO - Starting G&C
2025-08-03 20:48:32,151 - INFO - Finished G&C, time elapsed=4.374100923538208s
2025-08-03 20:48:32,151 - INFO - Finished seed=2
2025-08-03 20:48:32,151 - INFO - Starting seed=3
2025-08-03 20:48:32,152 - INFO - A_teacher is 0.539229691028595
2025-08-03 20:48:32,153 - INFO - Starting G&C
2025-08-03 20:48:36,570 - INFO - Finished G&C, time elapsed=4.416154146194458s
2025-08-03 20:48:36,571 - INFO - Finished seed=3
2025-08-03 20:48:36,571 - INFO - Starting seed=4
2025-08-03 20:48:36,572 - INFO - A_teacher is 0.5803276300430298
2025-08-03 20:48:36,573 - INFO - Starting G&C
2025-08-03 20:48:40,950 - INFO - Finished G&C, time elapsed=4.376488208770752s
2025-08-03 20:48:40,950 - INFO - Finished seed=4
2025-08-03 20:48:40,951 - INFO - Starting seed=5
2025-08-03 20:48:40,953 - INFO - A_teacher is 0.33947238326072693
2025-08-03 20:48:40,955 - INFO - Starting G&C
2025-08-03 20:48:45,278 - INFO - Finished G&C, time elapsed=4.323675870895386s
2025-08-03 20:48:45,279 - INFO - Finished seed=5
2025-08-03 20:48:45,280 - INFO - Starting seed=6
2025-08-03 20:48:45,286 - INFO - A_teacher is 0.45132192969322205
2025-08-03 20:48:45,288 - INFO - Starting G&C
2025-08-03 20:48:49,721 - INFO - Finished G&C, time elapsed=4.433536767959595s
2025-08-03 20:48:49,721 - INFO - Finished seed=6
2025-08-03 20:48:49,721 - INFO - Starting seed=7
2025-08-03 20:48:49,723 - INFO - A_teacher is 0.31256014108657837
2025-08-03 20:48:49,724 - INFO - Starting G&C
2025-08-03 20:48:54,074 - INFO - Finished G&C, time elapsed=4.3502209186553955s
2025-08-03 20:48:54,075 - INFO - Finished seed=7
2025-08-03 20:48:54,076 - INFO - ----------------------------------------------------------------------------------------------------------------------------------------------
2025-08-03 20:48:54,076 - INFO - ----------------------------------------------------------------------------------------------------------------------------------------------
2025-08-03 20:48:54,076 - INFO - Finished student_dim=12
2025-08-03 20:48:54,076 - INFO - G&C avg gen_loss = 1.2281662952191519
2025-08-03 20:48:54,076 - INFO - ----------------------------------------------------------------------------------------------------------------------------------------------
2025-08-03 20:48:54,076 - INFO - Starting student_dim=13
2025-08-03 20:48:54,076 - INFO - Starting seed=0
2025-08-03 20:48:54,077 - INFO - A_teacher is 0.48532047867774963
2025-08-03 20:48:54,082 - INFO - Starting G&C
2025-08-03 20:49:02,230 - INFO - Finished G&C, time elapsed=8.14744520187378s
2025-08-03 20:49:02,231 - INFO - Finished seed=0
2025-08-03 20:49:02,232 - INFO - Starting seed=1
2025-08-03 20:49:02,233 - INFO - A_teacher is 0.6540995836257935
2025-08-03 20:49:02,235 - INFO - Starting G&C
2025-08-03 20:49:06,790 - INFO - Finished G&C, time elapsed=4.554145812988281s
2025-08-03 20:49:06,790 - INFO - Finished seed=1
2025-08-03 20:49:06,790 - INFO - Starting seed=2
2025-08-03 20:49:06,820 - INFO - A_teacher is 0.5661352276802063
2025-08-03 20:49:06,822 - INFO - Starting G&C
2025-08-03 20:49:11,313 - INFO - Finished G&C, time elapsed=4.490063667297363s
2025-08-03 20:49:11,314 - INFO - Finished seed=2
2025-08-03 20:49:11,314 - INFO - Starting seed=3
2025-08-03 20:49:11,315 - INFO - A_teacher is 0.539229691028595
2025-08-03 20:49:11,316 - INFO - Starting G&C
2025-08-03 20:49:15,710 - INFO - Finished G&C, time elapsed=4.39385986328125s
2025-08-03 20:49:15,710 - INFO - Finished seed=3
2025-08-03 20:49:15,711 - INFO - Starting seed=4
2025-08-03 20:49:15,712 - INFO - A_teacher is 0.5803276300430298
2025-08-03 20:49:15,713 - INFO - Starting G&C
2025-08-03 20:49:20,185 - INFO - Finished G&C, time elapsed=4.472591876983643s
2025-08-03 20:49:20,186 - INFO - Finished seed=4
2025-08-03 20:49:20,186 - INFO - Starting seed=5
2025-08-03 20:49:20,220 - INFO - A_teacher is 0.33947238326072693
2025-08-03 20:49:20,223 - INFO - Starting G&C
2025-08-03 20:49:24,757 - INFO - Finished G&C, time elapsed=4.534691095352173s
2025-08-03 20:49:24,758 - INFO - Finished seed=5
2025-08-03 20:49:24,758 - INFO - Starting seed=6
2025-08-03 20:49:24,787 - INFO - A_teacher is 0.45132192969322205
2025-08-03 20:49:24,789 - INFO - Starting G&C
2025-08-03 20:49:29,334 - INFO - Finished G&C, time elapsed=4.544652938842773s
2025-08-03 20:49:29,334 - INFO - Finished seed=6
2025-08-03 20:49:29,335 - INFO - Starting seed=7
2025-08-03 20:49:29,336 - INFO - A_teacher is 0.31256014108657837
2025-08-03 20:49:29,338 - INFO - Starting G&C
2025-08-03 20:49:33,888 - INFO - Finished G&C, time elapsed=4.549781084060669s
2025-08-03 20:49:33,888 - INFO - Finished seed=7
2025-08-03 20:49:33,888 - INFO - ----------------------------------------------------------------------------------------------------------------------------------------------
2025-08-03 20:49:33,888 - INFO - ----------------------------------------------------------------------------------------------------------------------------------------------
2025-08-03 20:49:33,889 - INFO - Finished student_dim=13
2025-08-03 20:49:33,889 - INFO - G&C avg gen_loss = 1.2377403233494744
2025-08-03 20:49:33,889 - INFO - ----------------------------------------------------------------------------------------------------------------------------------------------
2025-08-03 20:49:33,889 - INFO - Starting student_dim=14
2025-08-03 20:49:33,889 - INFO - Starting seed=0
2025-08-03 20:49:33,915 - INFO - A_teacher is 0.48532047867774963
2025-08-03 20:49:33,921 - INFO - Starting G&C
2025-08-03 20:49:40,734 - INFO - Finished G&C, time elapsed=6.812810897827148s
2025-08-03 20:49:40,735 - INFO - Finished seed=0
2025-08-03 20:49:40,735 - INFO - Starting seed=1
2025-08-03 20:49:40,738 - INFO - A_teacher is 0.6540995836257935
2025-08-03 20:49:40,741 - INFO - Starting G&C
2025-08-03 20:49:46,232 - INFO - Finished G&C, time elapsed=5.490099191665649s
2025-08-03 20:49:46,232 - INFO - Finished seed=1
2025-08-03 20:49:46,232 - INFO - Starting seed=2
2025-08-03 20:49:46,234 - INFO - A_teacher is 0.5661352276802063
2025-08-03 20:49:46,237 - INFO - Starting G&C
2025-08-03 20:49:51,818 - INFO - Finished G&C, time elapsed=5.5812859535217285s
2025-08-03 20:49:51,819 - INFO - Finished seed=2
2025-08-03 20:49:51,819 - INFO - Starting seed=3
2025-08-03 20:49:51,821 - INFO - A_teacher is 0.539229691028595
2025-08-03 20:49:51,824 - INFO - Starting G&C
2025-08-03 20:49:57,583 - INFO - Finished G&C, time elapsed=5.75888204574585s
2025-08-03 20:49:57,583 - INFO - Finished seed=3
2025-08-03 20:49:57,583 - INFO - Starting seed=4
2025-08-03 20:49:57,585 - INFO - A_teacher is 0.5803276300430298
2025-08-03 20:49:57,587 - INFO - Starting G&C
2025-08-03 20:50:03,478 - INFO - Finished G&C, time elapsed=5.891075134277344s
2025-08-03 20:50:03,480 - INFO - Finished seed=4
2025-08-03 20:50:03,480 - INFO - Starting seed=5
2025-08-03 20:50:03,482 - INFO - A_teacher is 0.33947238326072693
2025-08-03 20:50:03,484 - INFO - Starting G&C
2025-08-03 20:50:09,022 - INFO - Finished G&C, time elapsed=5.536898136138916s
2025-08-03 20:50:09,022 - INFO - Finished seed=5
2025-08-03 20:50:09,022 - INFO - Starting seed=6
2025-08-03 20:50:09,024 - INFO - A_teacher is 0.45132192969322205
2025-08-03 20:50:09,026 - INFO - Starting G&C
2025-08-03 20:50:14,513 - INFO - Finished G&C, time elapsed=5.486613035202026s
2025-08-03 20:50:14,513 - INFO - Finished seed=6
2025-08-03 20:50:14,514 - INFO - Starting seed=7
2025-08-03 20:50:14,516 - INFO - A_teacher is 0.31256014108657837
2025-08-03 20:50:14,518 - INFO - Starting G&C
2025-08-03 20:50:20,009 - INFO - Finished G&C, time elapsed=5.4906229972839355s
2025-08-03 20:50:20,009 - INFO - Finished seed=7
2025-08-03 20:50:20,009 - INFO - ----------------------------------------------------------------------------------------------------------------------------------------------
2025-08-03 20:50:20,009 - INFO - ----------------------------------------------------------------------------------------------------------------------------------------------
2025-08-03 20:50:20,009 - INFO - Finished student_dim=14
2025-08-03 20:50:20,010 - INFO - G&C avg gen_loss = 1.2730207804846203
2025-08-03 20:50:20,010 - INFO - ----------------------------------------------------------------------------------------------------------------------------------------------
2025-08-03 20:50:20,010 - INFO - Starting student_dim=15
2025-08-03 20:50:20,010 - INFO - Starting seed=0
2025-08-03 20:50:20,012 - INFO - A_teacher is 0.48532047867774963
2025-08-03 20:50:20,020 - INFO - Starting G&C
2025-08-03 20:50:26,387 - INFO - Finished G&C, time elapsed=6.3665852546691895s
2025-08-03 20:50:26,388 - INFO - Finished seed=0
2025-08-03 20:50:26,388 - INFO - Starting seed=1
2025-08-03 20:50:26,390 - INFO - A_teacher is 0.6540995836257935
2025-08-03 20:50:26,392 - INFO - Starting G&C
2025-08-03 20:50:32,229 - INFO - Finished G&C, time elapsed=5.837029695510864s
2025-08-03 20:50:32,229 - INFO - Finished seed=1
2025-08-03 20:50:32,230 - INFO - Starting seed=2
2025-08-03 20:50:32,232 - INFO - A_teacher is 0.5661352276802063
2025-08-03 20:50:32,234 - INFO - Starting G&C
2025-08-03 20:50:37,948 - INFO - Finished G&C, time elapsed=5.714082717895508s
2025-08-03 20:50:37,948 - INFO - Finished seed=2
2025-08-03 20:50:37,948 - INFO - Starting seed=3
2025-08-03 20:50:37,950 - INFO - A_teacher is 0.539229691028595
2025-08-03 20:50:37,952 - INFO - Starting G&C
2025-08-03 20:50:43,597 - INFO - Finished G&C, time elapsed=5.645133018493652s
2025-08-03 20:50:43,598 - INFO - Finished seed=3
2025-08-03 20:50:43,598 - INFO - Starting seed=4
2025-08-03 20:50:43,599 - INFO - A_teacher is 0.5803276300430298
2025-08-03 20:50:43,601 - INFO - Starting G&C
2025-08-03 20:50:49,299 - INFO - Finished G&C, time elapsed=5.697377920150757s
2025-08-03 20:50:49,299 - INFO - Finished seed=4
2025-08-03 20:50:49,299 - INFO - Starting seed=5
2025-08-03 20:50:49,301 - INFO - A_teacher is 0.33947238326072693
2025-08-03 20:50:49,303 - INFO - Starting G&C
2025-08-03 20:50:55,100 - INFO - Finished G&C, time elapsed=5.796623945236206s
2025-08-03 20:50:55,101 - INFO - Finished seed=5
2025-08-03 20:50:55,101 - INFO - Starting seed=6
2025-08-03 20:50:55,102 - INFO - A_teacher is 0.45132192969322205
2025-08-03 20:50:55,104 - INFO - Starting G&C
2025-08-03 20:51:00,746 - INFO - Finished G&C, time elapsed=5.641435146331787s
2025-08-03 20:51:00,746 - INFO - Finished seed=6
2025-08-03 20:51:00,747 - INFO - Starting seed=7
2025-08-03 20:51:00,748 - INFO - A_teacher is 0.31256014108657837
2025-08-03 20:51:00,750 - INFO - Starting G&C
2025-08-03 20:51:06,403 - INFO - Finished G&C, time elapsed=5.652486801147461s
2025-08-03 20:51:06,403 - INFO - Finished seed=7
2025-08-03 20:51:06,404 - INFO - ----------------------------------------------------------------------------------------------------------------------------------------------
2025-08-03 20:51:06,404 - INFO - ----------------------------------------------------------------------------------------------------------------------------------------------
2025-08-03 20:51:06,404 - INFO - Finished student_dim=15
2025-08-03 20:51:06,404 - INFO - G&C avg gen_loss = 1.2722731347768386
2025-08-03 20:51:06,404 - INFO - ----------------------------------------------------------------------------------------------------------------------------------------------
2025-08-03 20:51:06,404 - INFO - Starting student_dim=16
2025-08-03 20:51:06,404 - INFO - Starting seed=0
2025-08-03 20:51:06,406 - INFO - A_teacher is 0.48532047867774963
2025-08-03 20:51:06,412 - INFO - Starting G&C
2025-08-03 20:51:15,371 - INFO - Finished G&C, time elapsed=8.958091974258423s
2025-08-03 20:51:15,371 - INFO - Finished seed=0
2025-08-03 20:51:15,372 - INFO - Starting seed=1
2025-08-03 20:51:15,373 - INFO - A_teacher is 0.6540995836257935
2025-08-03 20:51:15,376 - INFO - Starting G&C
2025-08-03 20:51:20,928 - INFO - Finished G&C, time elapsed=5.55214524269104s
2025-08-03 20:51:20,928 - INFO - Finished seed=1
2025-08-03 20:51:20,929 - INFO - Starting seed=2
2025-08-03 20:51:20,930 - INFO - A_teacher is 0.5661352276802063
2025-08-03 20:51:20,933 - INFO - Starting G&C
2025-08-03 20:51:26,504 - INFO - Finished G&C, time elapsed=5.5716001987457275s
2025-08-03 20:51:26,505 - INFO - Finished seed=2
2025-08-03 20:51:26,506 - INFO - Starting seed=3
2025-08-03 20:51:26,508 - INFO - A_teacher is 0.539229691028595
2025-08-03 20:51:26,510 - INFO - Starting G&C
2025-08-03 20:51:32,194 - INFO - Finished G&C, time elapsed=5.6838219165802s
2025-08-03 20:51:32,194 - INFO - Finished seed=3
2025-08-03 20:51:32,194 - INFO - Starting seed=4
2025-08-03 20:51:32,198 - INFO - A_teacher is 0.5803276300430298
2025-08-03 20:51:32,201 - INFO - Starting G&C
2025-08-03 20:51:37,757 - INFO - Finished G&C, time elapsed=5.556153774261475s
2025-08-03 20:51:37,758 - INFO - Finished seed=4
2025-08-03 20:51:37,758 - INFO - Starting seed=5
2025-08-03 20:51:37,761 - INFO - A_teacher is 0.33947238326072693
2025-08-03 20:51:37,763 - INFO - Starting G&C
2025-08-03 20:51:43,331 - INFO - Finished G&C, time elapsed=5.567196846008301s
2025-08-03 20:51:43,331 - INFO - Finished seed=5
2025-08-03 20:51:43,332 - INFO - Starting seed=6
2025-08-03 20:51:43,335 - INFO - A_teacher is 0.45132192969322205
2025-08-03 20:51:43,337 - INFO - Starting G&C
2025-08-03 20:51:48,946 - INFO - Finished G&C, time elapsed=5.608497858047485s
2025-08-03 20:51:48,947 - INFO - Finished seed=6
2025-08-03 20:51:48,947 - INFO - Starting seed=7
2025-08-03 20:51:48,950 - INFO - A_teacher is 0.31256014108657837
2025-08-03 20:51:48,952 - INFO - Starting G&C
2025-08-03 20:51:54,619 - INFO - Finished G&C, time elapsed=5.666396856307983s
2025-08-03 20:51:54,619 - INFO - Finished seed=7
2025-08-03 20:51:54,620 - INFO - ----------------------------------------------------------------------------------------------------------------------------------------------
2025-08-03 20:51:54,620 - INFO - ----------------------------------------------------------------------------------------------------------------------------------------------
2025-08-03 20:51:54,620 - INFO - Finished student_dim=16
2025-08-03 20:51:54,620 - INFO - G&C avg gen_loss = 1.2861444029625253
2025-08-03 20:51:54,620 - INFO - ----------------------------------------------------------------------------------------------------------------------------------------------
2025-08-03 20:51:54,620 - INFO - Starting student_dim=17
2025-08-03 20:51:54,621 - INFO - Starting seed=0
2025-08-03 20:51:54,624 - INFO - A_teacher is 0.48532047867774963
2025-08-03 20:51:54,633 - INFO - Starting G&C
2025-08-03 20:52:01,692 - INFO - Finished G&C, time elapsed=7.058840036392212s
2025-08-03 20:52:01,693 - INFO - Finished seed=0
2025-08-03 20:52:01,693 - INFO - Starting seed=1
2025-08-03 20:52:01,697 - INFO - A_teacher is 0.6540995836257935
2025-08-03 20:52:01,699 - INFO - Starting G&C
2025-08-03 20:52:07,768 - INFO - Finished G&C, time elapsed=6.069521188735962s
2025-08-03 20:52:07,769 - INFO - Finished seed=1
2025-08-03 20:52:07,770 - INFO - Starting seed=2
2025-08-03 20:52:07,773 - INFO - A_teacher is 0.5661352276802063
2025-08-03 20:52:07,775 - INFO - Starting G&C
2025-08-03 20:52:13,906 - INFO - Finished G&C, time elapsed=6.130707025527954s
2025-08-03 20:52:13,909 - INFO - Finished seed=2
2025-08-03 20:52:13,909 - INFO - Starting seed=3
2025-08-03 20:52:13,913 - INFO - A_teacher is 0.539229691028595
2025-08-03 20:52:13,915 - INFO - Starting G&C
2025-08-03 20:52:19,796 - INFO - Finished G&C, time elapsed=5.880724906921387s
2025-08-03 20:52:19,796 - INFO - Finished seed=3
2025-08-03 20:52:19,796 - INFO - Starting seed=4
2025-08-03 20:52:19,799 - INFO - A_teacher is 0.5803276300430298
2025-08-03 20:52:19,802 - INFO - Starting G&C
2025-08-03 20:52:25,916 - INFO - Finished G&C, time elapsed=6.114565849304199s
2025-08-03 20:52:25,917 - INFO - Finished seed=4
2025-08-03 20:52:25,917 - INFO - Starting seed=5
2025-08-03 20:52:25,920 - INFO - A_teacher is 0.33947238326072693
2025-08-03 20:52:25,922 - INFO - Starting G&C
2025-08-03 20:52:31,793 - INFO - Finished G&C, time elapsed=5.870450973510742s
2025-08-03 20:52:31,794 - INFO - Finished seed=5
2025-08-03 20:52:31,794 - INFO - Starting seed=6
2025-08-03 20:52:31,797 - INFO - A_teacher is 0.45132192969322205
2025-08-03 20:52:31,799 - INFO - Starting G&C
2025-08-03 20:52:37,611 - INFO - Finished G&C, time elapsed=5.811476945877075s
2025-08-03 20:52:37,611 - INFO - Finished seed=6
2025-08-03 20:52:37,612 - INFO - Starting seed=7
2025-08-03 20:52:37,615 - INFO - A_teacher is 0.31256014108657837
2025-08-03 20:52:37,617 - INFO - Starting G&C
2025-08-03 20:52:43,441 - INFO - Finished G&C, time elapsed=5.823671102523804s
2025-08-03 20:52:43,442 - INFO - Finished seed=7
2025-08-03 20:52:43,443 - INFO - ----------------------------------------------------------------------------------------------------------------------------------------------
2025-08-03 20:52:43,443 - INFO - ----------------------------------------------------------------------------------------------------------------------------------------------
2025-08-03 20:52:43,443 - INFO - Finished student_dim=17
2025-08-03 20:52:43,443 - INFO - G&C avg gen_loss = 1.3193986468742231
2025-08-03 20:52:43,443 - INFO - ----------------------------------------------------------------------------------------------------------------------------------------------
2025-08-03 20:52:43,443 - INFO - Starting student_dim=18
2025-08-03 20:52:43,443 - INFO - Starting seed=0
2025-08-03 20:52:43,447 - INFO - A_teacher is 0.48532047867774963
2025-08-03 20:52:43,458 - INFO - Starting G&C
2025-08-03 20:52:52,188 - INFO - Finished G&C, time elapsed=8.729476928710938s
2025-08-03 20:52:52,189 - INFO - Finished seed=0
2025-08-03 20:52:52,189 - INFO - Starting seed=1
2025-08-03 20:52:52,193 - INFO - A_teacher is 0.6540995836257935
2025-08-03 20:52:52,195 - INFO - Starting G&C
2025-08-03 20:52:58,986 - INFO - Finished G&C, time elapsed=6.79008412361145s
2025-08-03 20:52:58,986 - INFO - Finished seed=1
2025-08-03 20:52:58,986 - INFO - Starting seed=2
2025-08-03 20:52:58,990 - INFO - A_teacher is 0.5661352276802063
2025-08-03 20:52:58,993 - INFO - Starting G&C
2025-08-03 20:53:05,675 - INFO - Finished G&C, time elapsed=6.681548118591309s
2025-08-03 20:53:05,675 - INFO - Finished seed=2
2025-08-03 20:53:05,675 - INFO - Starting seed=3
2025-08-03 20:53:05,678 - INFO - A_teacher is 0.539229691028595
2025-08-03 20:53:05,681 - INFO - Starting G&C
2025-08-03 20:53:12,131 - INFO - Finished G&C, time elapsed=6.450214147567749s
2025-08-03 20:53:12,132 - INFO - Finished seed=3
2025-08-03 20:53:12,132 - INFO - Starting seed=4
2025-08-03 20:53:12,136 - INFO - A_teacher is 0.5803276300430298
2025-08-03 20:53:12,138 - INFO - Starting G&C
2025-08-03 20:53:18,765 - INFO - Finished G&C, time elapsed=6.627023220062256s
2025-08-03 20:53:18,766 - INFO - Finished seed=4
2025-08-03 20:53:18,766 - INFO - Starting seed=5
2025-08-03 20:53:18,769 - INFO - A_teacher is 0.33947238326072693
2025-08-03 20:53:18,772 - INFO - Starting G&C
2025-08-03 20:53:25,254 - INFO - Finished G&C, time elapsed=6.481825113296509s
2025-08-03 20:53:25,255 - INFO - Finished seed=5
2025-08-03 20:53:25,255 - INFO - Starting seed=6
2025-08-03 20:53:25,256 - INFO - A_teacher is 0.45132192969322205
2025-08-03 20:53:25,258 - INFO - Starting G&C
2025-08-03 20:53:31,617 - INFO - Finished G&C, time elapsed=6.358211040496826s
2025-08-03 20:53:31,618 - INFO - Finished seed=6
2025-08-03 20:53:31,618 - INFO - Starting seed=7
2025-08-03 20:53:31,622 - INFO - A_teacher is 0.31256014108657837
2025-08-03 20:53:31,624 - INFO - Starting G&C
2025-08-03 20:53:37,947 - INFO - Finished G&C, time elapsed=6.322602033615112s
2025-08-03 20:53:37,948 - INFO - Finished seed=7
2025-08-03 20:53:37,948 - INFO - ----------------------------------------------------------------------------------------------------------------------------------------------
2025-08-03 20:53:37,948 - INFO - ----------------------------------------------------------------------------------------------------------------------------------------------
2025-08-03 20:53:37,948 - INFO - Finished student_dim=18
2025-08-03 20:53:37,949 - INFO - G&C avg gen_loss = 1.3335909392013683
2025-08-03 20:53:37,949 - INFO - ----------------------------------------------------------------------------------------------------------------------------------------------
2025-08-03 20:53:37,949 - INFO - Starting student_dim=19
2025-08-03 20:53:37,949 - INFO - Starting seed=0
2025-08-03 20:53:37,952 - INFO - A_teacher is 0.48532047867774963
2025-08-03 20:53:37,960 - INFO - Starting G&C
2025-08-03 20:53:46,918 - INFO - Finished G&C, time elapsed=8.957879066467285s
2025-08-03 20:53:46,920 - INFO - Finished seed=0
2025-08-03 20:53:46,920 - INFO - Starting seed=1
2025-08-03 20:53:46,924 - INFO - A_teacher is 0.6540995836257935
2025-08-03 20:53:46,929 - INFO - Starting G&C
2025-08-03 20:53:52,618 - INFO - Finished G&C, time elapsed=5.6882429122924805s
2025-08-03 20:53:52,618 - INFO - Finished seed=1
2025-08-03 20:53:52,619 - INFO - Starting seed=2
2025-08-03 20:53:52,622 - INFO - A_teacher is 0.5661352276802063
2025-08-03 20:53:52,624 - INFO - Starting G&C
2025-08-03 20:53:58,437 - INFO - Finished G&C, time elapsed=5.812875032424927s
2025-08-03 20:53:58,437 - INFO - Finished seed=2
2025-08-03 20:53:58,438 - INFO - Starting seed=3
2025-08-03 20:53:58,441 - INFO - A_teacher is 0.539229691028595
2025-08-03 20:53:58,444 - INFO - Starting G&C
2025-08-03 20:54:04,287 - INFO - Finished G&C, time elapsed=5.84291410446167s
2025-08-03 20:54:04,288 - INFO - Finished seed=3
2025-08-03 20:54:04,289 - INFO - Starting seed=4
2025-08-03 20:54:04,292 - INFO - A_teacher is 0.5803276300430298
2025-08-03 20:54:04,295 - INFO - Starting G&C
2025-08-03 20:54:10,021 - INFO - Finished G&C, time elapsed=5.725834131240845s
2025-08-03 20:54:10,021 - INFO - Finished seed=4
2025-08-03 20:54:10,021 - INFO - Starting seed=5
2025-08-03 20:54:10,025 - INFO - A_teacher is 0.33947238326072693
2025-08-03 20:54:10,027 - INFO - Starting G&C
2025-08-03 20:54:15,885 - INFO - Finished G&C, time elapsed=5.857815980911255s
2025-08-03 20:54:15,885 - INFO - Finished seed=5
2025-08-03 20:54:15,886 - INFO - Starting seed=6
2025-08-03 20:54:15,889 - INFO - A_teacher is 0.45132192969322205
2025-08-03 20:54:15,892 - INFO - Starting G&C
2025-08-03 20:54:21,676 - INFO - Finished G&C, time elapsed=5.7839109897613525s
2025-08-03 20:54:21,677 - INFO - Finished seed=6
2025-08-03 20:54:21,677 - INFO - Starting seed=7
2025-08-03 20:54:21,680 - INFO - A_teacher is 0.31256014108657837
2025-08-03 20:54:21,682 - INFO - Starting G&C
2025-08-03 20:54:27,425 - INFO - Finished G&C, time elapsed=5.7433762550354s
2025-08-03 20:54:27,426 - INFO - Finished seed=7
2025-08-03 20:54:27,427 - INFO - ----------------------------------------------------------------------------------------------------------------------------------------------
2025-08-03 20:54:27,427 - INFO - ----------------------------------------------------------------------------------------------------------------------------------------------
2025-08-03 20:54:27,427 - INFO - Finished student_dim=19
2025-08-03 20:54:27,427 - INFO - G&C avg gen_loss = 1.3292423259230572
2025-08-03 20:54:27,427 - INFO - ----------------------------------------------------------------------------------------------------------------------------------------------
2025-08-03 20:54:27,427 - INFO - Starting student_dim=20
2025-08-03 20:54:27,427 - INFO - Starting seed=0
2025-08-03 20:54:27,430 - INFO - A_teacher is 0.48532047867774963
2025-08-03 20:54:27,438 - INFO - Starting G&C
2025-08-03 20:54:36,676 - INFO - Finished G&C, time elapsed=9.237873077392578s
2025-08-03 20:54:36,677 - INFO - Finished seed=0
2025-08-03 20:54:36,677 - INFO - Starting seed=1
2025-08-03 20:54:36,680 - INFO - A_teacher is 0.6540995836257935
2025-08-03 20:54:36,682 - INFO - Starting G&C
2025-08-03 20:54:43,225 - INFO - Finished G&C, time elapsed=6.54267692565918s
2025-08-03 20:54:43,225 - INFO - Finished seed=1
2025-08-03 20:54:43,226 - INFO - Starting seed=2
2025-08-03 20:54:43,229 - INFO - A_teacher is 0.5661352276802063
2025-08-03 20:54:43,232 - INFO - Starting G&C
2025-08-03 20:54:49,656 - INFO - Finished G&C, time elapsed=6.424292087554932s
2025-08-03 20:54:49,657 - INFO - Finished seed=2
2025-08-03 20:54:49,658 - INFO - Starting seed=3
2025-08-03 20:54:49,661 - INFO - A_teacher is 0.539229691028595
2025-08-03 20:54:49,663 - INFO - Starting G&C
2025-08-03 20:54:56,159 - INFO - Finished G&C, time elapsed=6.495593070983887s
2025-08-03 20:54:56,159 - INFO - Finished seed=3
2025-08-03 20:54:56,160 - INFO - Starting seed=4
2025-08-03 20:54:56,163 - INFO - A_teacher is 0.5803276300430298
2025-08-03 20:54:56,166 - INFO - Starting G&C
2025-08-03 20:55:02,535 - INFO - Finished G&C, time elapsed=6.3683247566223145s
2025-08-03 20:55:02,535 - INFO - Finished seed=4
2025-08-03 20:55:02,535 - INFO - Starting seed=5
2025-08-03 20:55:02,539 - INFO - A_teacher is 0.33947238326072693
2025-08-03 20:55:02,541 - INFO - Starting G&C
2025-08-03 20:55:08,909 - INFO - Finished G&C, time elapsed=6.368375778198242s
2025-08-03 20:55:08,910 - INFO - Finished seed=5
2025-08-03 20:55:08,911 - INFO - Starting seed=6
2025-08-03 20:55:08,914 - INFO - A_teacher is 0.45132192969322205
2025-08-03 20:55:08,916 - INFO - Starting G&C
2025-08-03 20:55:15,293 - INFO - Finished G&C, time elapsed=6.377410173416138s
2025-08-03 20:55:15,294 - INFO - Finished seed=6
2025-08-03 20:55:15,294 - INFO - Starting seed=7
2025-08-03 20:55:15,297 - INFO - A_teacher is 0.31256014108657837
2025-08-03 20:55:15,300 - INFO - Starting G&C
2025-08-03 20:55:21,927 - INFO - Finished G&C, time elapsed=6.627310037612915s
2025-08-03 20:55:21,928 - INFO - Finished seed=7
2025-08-03 20:55:21,928 - INFO - ----------------------------------------------------------------------------------------------------------------------------------------------
2025-08-03 20:55:21,928 - INFO - ----------------------------------------------------------------------------------------------------------------------------------------------
2025-08-03 20:55:21,928 - INFO - Finished student_dim=20
2025-08-03 20:55:21,933 - INFO - G&C avg gen_loss = 1.3371621106004359
2025-08-03 20:55:21,933 - INFO - ----------------------------------------------------------------------------------------------------------------------------------------------
2025-08-03 20:55:21,933 - INFO - Starting student_dim=21
2025-08-03 20:55:21,935 - INFO - Starting seed=0
2025-08-03 20:55:21,938 - INFO - A_teacher is 0.48532047867774963
2025-08-03 20:55:21,950 - INFO - Starting G&C
2025-08-03 20:55:37,798 - INFO - Finished G&C, time elapsed=15.846513986587524s
2025-08-03 20:55:37,799 - INFO - Finished seed=0
2025-08-03 20:55:37,801 - INFO - Starting seed=1
2025-08-03 20:55:37,806 - INFO - A_teacher is 0.6540995836257935
2025-08-03 20:55:37,812 - INFO - Starting G&C
2025-08-03 20:55:45,347 - INFO - Finished G&C, time elapsed=7.534736156463623s
2025-08-03 20:55:45,348 - INFO - Finished seed=1
2025-08-03 20:55:45,348 - INFO - Starting seed=2
2025-08-03 20:55:45,351 - INFO - A_teacher is 0.5661352276802063
2025-08-03 20:55:45,353 - INFO - Starting G&C
2025-08-03 20:55:52,965 - INFO - Finished G&C, time elapsed=7.611323118209839s
2025-08-03 20:55:52,966 - INFO - Finished seed=2
2025-08-03 20:55:52,966 - INFO - Starting seed=3
2025-08-03 20:55:52,969 - INFO - A_teacher is 0.539229691028595
2025-08-03 20:55:52,971 - INFO - Starting G&C
2025-08-03 20:56:00,475 - INFO - Finished G&C, time elapsed=7.503814220428467s
2025-08-03 20:56:00,476 - INFO - Finished seed=3
2025-08-03 20:56:00,476 - INFO - Starting seed=4
2025-08-03 20:56:00,479 - INFO - A_teacher is 0.5803276300430298
2025-08-03 20:56:00,481 - INFO - Starting G&C
2025-08-03 20:56:07,869 - INFO - Finished G&C, time elapsed=7.387378931045532s
2025-08-03 20:56:07,870 - INFO - Finished seed=4
2025-08-03 20:56:07,870 - INFO - Starting seed=5
2025-08-03 20:56:07,873 - INFO - A_teacher is 0.33947238326072693
2025-08-03 20:56:07,875 - INFO - Starting G&C
2025-08-03 20:56:15,222 - INFO - Finished G&C, time elapsed=7.346606969833374s
2025-08-03 20:56:15,223 - INFO - Finished seed=5
2025-08-03 20:56:15,224 - INFO - Starting seed=6
2025-08-03 20:56:15,227 - INFO - A_teacher is 0.45132192969322205
2025-08-03 20:56:15,229 - INFO - Starting G&C
2025-08-03 20:56:22,838 - INFO - Finished G&C, time elapsed=7.608273983001709s
2025-08-03 20:56:22,838 - INFO - Finished seed=6
2025-08-03 20:56:22,839 - INFO - Starting seed=7
2025-08-03 20:56:22,843 - INFO - A_teacher is 0.31256014108657837
2025-08-03 20:56:22,845 - INFO - Starting G&C
2025-08-03 20:56:31,045 - INFO - Finished G&C, time elapsed=8.199652194976807s
2025-08-03 20:56:31,045 - INFO - Finished seed=7
2025-08-03 20:56:31,046 - INFO - ----------------------------------------------------------------------------------------------------------------------------------------------
2025-08-03 20:56:31,046 - INFO - ----------------------------------------------------------------------------------------------------------------------------------------------
2025-08-03 20:56:31,046 - INFO - Finished student_dim=21
2025-08-03 20:56:31,051 - INFO - G&C avg gen_loss = 1.3544012100511391
2025-08-03 20:56:31,051 - INFO - ----------------------------------------------------------------------------------------------------------------------------------------------
2025-08-03 20:56:31,051 - INFO - Starting student_dim=22
2025-08-03 20:56:31,053 - INFO - Starting seed=0
2025-08-03 20:56:31,056 - INFO - A_teacher is 0.48532047867774963
2025-08-03 20:56:31,085 - INFO - Starting G&C
2025-08-03 20:56:44,651 - INFO - Finished G&C, time elapsed=13.566537857055664s
2025-08-03 20:56:44,652 - INFO - Finished seed=0
2025-08-03 20:56:44,652 - INFO - Starting seed=1
2025-08-03 20:56:44,655 - INFO - A_teacher is 0.6540995836257935
2025-08-03 20:56:44,658 - INFO - Starting G&C
2025-08-03 20:56:52,072 - INFO - Finished G&C, time elapsed=7.4141480922698975s
2025-08-03 20:56:52,073 - INFO - Finished seed=1
2025-08-03 20:56:52,073 - INFO - Starting seed=2
2025-08-03 20:56:52,076 - INFO - A_teacher is 0.5661352276802063
2025-08-03 20:56:52,078 - INFO - Starting G&C
2025-08-03 20:56:59,678 - INFO - Finished G&C, time elapsed=7.5993311405181885s
2025-08-03 20:56:59,678 - INFO - Finished seed=2
2025-08-03 20:56:59,679 - INFO - Starting seed=3
2025-08-03 20:56:59,683 - INFO - A_teacher is 0.539229691028595
2025-08-03 20:56:59,687 - INFO - Starting G&C
2025-08-03 20:57:06,766 - INFO - Finished G&C, time elapsed=7.078601121902466s
2025-08-03 20:57:06,766 - INFO - Finished seed=3
2025-08-03 20:57:06,767 - INFO - Starting seed=4
2025-08-03 20:57:06,770 - INFO - A_teacher is 0.5803276300430298
2025-08-03 20:57:06,773 - INFO - Starting G&C
2025-08-03 20:57:14,205 - INFO - Finished G&C, time elapsed=7.432326793670654s
2025-08-03 20:57:14,206 - INFO - Finished seed=4
2025-08-03 20:57:14,207 - INFO - Starting seed=5
2025-08-03 20:57:14,208 - INFO - A_teacher is 0.33947238326072693
2025-08-03 20:57:14,210 - INFO - Starting G&C
2025-08-03 20:57:21,044 - INFO - Finished G&C, time elapsed=6.833784103393555s
2025-08-03 20:57:21,046 - INFO - Finished seed=5
2025-08-03 20:57:21,046 - INFO - Starting seed=6
2025-08-03 20:57:21,049 - INFO - A_teacher is 0.45132192969322205
2025-08-03 20:57:21,051 - INFO - Starting G&C
2025-08-03 20:57:27,913 - INFO - Finished G&C, time elapsed=6.8618199825286865s
2025-08-03 20:57:27,913 - INFO - Finished seed=6
2025-08-03 20:57:27,914 - INFO - Starting seed=7
2025-08-03 20:57:27,915 - INFO - A_teacher is 0.31256014108657837
2025-08-03 20:57:27,917 - INFO - Starting G&C
2025-08-03 20:57:34,920 - INFO - Finished G&C, time elapsed=7.002903938293457s
2025-08-03 20:57:34,921 - INFO - Finished seed=7
2025-08-03 20:57:34,922 - INFO - ----------------------------------------------------------------------------------------------------------------------------------------------
2025-08-03 20:57:34,922 - INFO - ----------------------------------------------------------------------------------------------------------------------------------------------
2025-08-03 20:57:34,922 - INFO - Finished student_dim=22
2025-08-03 20:57:34,928 - INFO - G&C avg gen_loss = 1.3798961101235192
2025-08-03 20:57:34,928 - INFO - ----------------------------------------------------------------------------------------------------------------------------------------------
2025-08-03 20:57:34,928 - INFO - Starting student_dim=23
2025-08-03 20:57:34,930 - INFO - Starting seed=0
2025-08-03 20:57:34,932 - INFO - A_teacher is 0.48532047867774963
2025-08-03 20:57:34,956 - INFO - Starting G&C
2025-08-03 20:57:52,397 - INFO - Finished G&C, time elapsed=17.439888954162598s
2025-08-03 20:57:52,398 - INFO - Finished seed=0
2025-08-03 20:57:52,400 - INFO - Starting seed=1
2025-08-03 20:57:52,404 - INFO - A_teacher is 0.6540995836257935
2025-08-03 20:57:52,412 - INFO - Starting G&C
2025-08-03 20:58:02,444 - INFO - Finished G&C, time elapsed=10.031404972076416s
2025-08-03 20:58:02,444 - INFO - Finished seed=1
2025-08-03 20:58:02,444 - INFO - Starting seed=2
2025-08-03 20:58:02,447 - INFO - A_teacher is 0.5661352276802063
2025-08-03 20:58:02,450 - INFO - Starting G&C
2025-08-03 20:58:12,028 - INFO - Finished G&C, time elapsed=9.57785701751709s
2025-08-03 20:58:12,029 - INFO - Finished seed=2
2025-08-03 20:58:12,030 - INFO - Starting seed=3
2025-08-03 20:58:12,033 - INFO - A_teacher is 0.539229691028595
2025-08-03 20:58:12,034 - INFO - Starting G&C
2025-08-03 20:58:21,028 - INFO - Finished G&C, time elapsed=8.993512392044067s
2025-08-03 20:58:21,029 - INFO - Finished seed=3
2025-08-03 20:58:21,029 - INFO - Starting seed=4
2025-08-03 20:58:21,033 - INFO - A_teacher is 0.5803276300430298
2025-08-03 20:58:21,035 - INFO - Starting G&C
2025-08-03 20:58:30,711 - INFO - Finished G&C, time elapsed=9.676258087158203s
2025-08-03 20:58:30,712 - INFO - Finished seed=4
2025-08-03 20:58:30,712 - INFO - Starting seed=5
2025-08-03 20:58:30,715 - INFO - A_teacher is 0.33947238326072693
2025-08-03 20:58:30,717 - INFO - Starting G&C
2025-08-03 20:58:40,891 - INFO - Finished G&C, time elapsed=10.17420482635498s
2025-08-03 20:58:40,893 - INFO - Finished seed=5
2025-08-03 20:58:40,893 - INFO - Starting seed=6
2025-08-03 20:58:40,896 - INFO - A_teacher is 0.45132192969322205
2025-08-03 20:58:40,899 - INFO - Starting G&C
2025-08-03 20:58:51,698 - INFO - Finished G&C, time elapsed=10.797808170318604s
2025-08-03 20:58:51,700 - INFO - Finished seed=6
2025-08-03 20:58:51,701 - INFO - Starting seed=7
2025-08-03 20:58:51,704 - INFO - A_teacher is 0.31256014108657837
2025-08-03 20:58:51,709 - INFO - Starting G&C
2025-08-03 20:59:05,333 - INFO - Finished G&C, time elapsed=13.623953104019165s
2025-08-03 20:59:05,334 - INFO - Finished seed=7
2025-08-03 20:59:05,335 - INFO - ----------------------------------------------------------------------------------------------------------------------------------------------
2025-08-03 20:59:05,335 - INFO - ----------------------------------------------------------------------------------------------------------------------------------------------
2025-08-03 20:59:05,335 - INFO - Finished student_dim=23
2025-08-03 20:59:05,343 - INFO - G&C avg gen_loss = 1.3868801384628635
2025-08-03 20:59:05,343 - INFO - ----------------------------------------------------------------------------------------------------------------------------------------------
2025-08-03 20:59:05,344 - INFO - Starting student_dim=24
2025-08-03 20:59:05,346 - INFO - Starting seed=0
2025-08-03 20:59:05,349 - INFO - A_teacher is 0.48532047867774963
2025-08-03 20:59:05,372 - INFO - Starting G&C
2025-08-03 20:59:19,742 - INFO - Finished G&C, time elapsed=14.370382070541382s
2025-08-03 20:59:19,744 - INFO - Finished seed=0
2025-08-03 20:59:19,744 - INFO - Starting seed=1
2025-08-03 20:59:19,747 - INFO - A_teacher is 0.6540995836257935
2025-08-03 20:59:19,750 - INFO - Starting G&C
2025-08-03 20:59:29,412 - INFO - Finished G&C, time elapsed=9.661519765853882s
2025-08-03 20:59:29,412 - INFO - Finished seed=1
2025-08-03 20:59:29,413 - INFO - Starting seed=2
2025-08-03 20:59:29,416 - INFO - A_teacher is 0.5661352276802063
2025-08-03 20:59:29,418 - INFO - Starting G&C
2025-08-03 20:59:38,339 - INFO - Finished G&C, time elapsed=8.920867919921875s
2025-08-03 20:59:38,340 - INFO - Finished seed=2
2025-08-03 20:59:38,340 - INFO - Starting seed=3
2025-08-03 20:59:38,343 - INFO - A_teacher is 0.539229691028595
2025-08-03 20:59:38,346 - INFO - Starting G&C
2025-08-03 20:59:46,873 - INFO - Finished G&C, time elapsed=8.527543067932129s
2025-08-03 20:59:46,874 - INFO - Finished seed=3
2025-08-03 20:59:46,874 - INFO - Starting seed=4
2025-08-03 20:59:46,875 - INFO - A_teacher is 0.5803276300430298
2025-08-03 20:59:46,877 - INFO - Starting G&C
2025-08-03 20:59:55,640 - INFO - Finished G&C, time elapsed=8.76353907585144s
2025-08-03 20:59:55,641 - INFO - Finished seed=4
2025-08-03 20:59:55,641 - INFO - Starting seed=5
2025-08-03 20:59:55,644 - INFO - A_teacher is 0.33947238326072693
2025-08-03 20:59:55,646 - INFO - Starting G&C
2025-08-03 21:00:04,908 - INFO - Finished G&C, time elapsed=9.261766195297241s
2025-08-03 21:00:04,909 - INFO - Finished seed=5
2025-08-03 21:00:04,909 - INFO - Starting seed=6
2025-08-03 21:00:04,912 - INFO - A_teacher is 0.45132192969322205
2025-08-03 21:00:04,914 - INFO - Starting G&C
2025-08-03 21:00:12,252 - INFO - Finished G&C, time elapsed=7.3377180099487305s
2025-08-03 21:00:12,252 - INFO - Finished seed=6
2025-08-03 21:00:12,253 - INFO - Starting seed=7
2025-08-03 21:00:12,254 - INFO - A_teacher is 0.31256014108657837
2025-08-03 21:00:12,256 - INFO - Starting G&C
2025-08-03 21:00:20,032 - INFO - Finished G&C, time elapsed=7.775791883468628s
2025-08-03 21:00:20,032 - INFO - Finished seed=7
2025-08-03 21:00:20,034 - INFO - ----------------------------------------------------------------------------------------------------------------------------------------------
2025-08-03 21:00:20,034 - INFO - ----------------------------------------------------------------------------------------------------------------------------------------------
2025-08-03 21:00:20,034 - INFO - Finished student_dim=24
2025-08-03 21:00:20,041 - INFO - G&C avg gen_loss = 1.3957774572418167
2025-08-03 21:00:20,041 - INFO - ----------------------------------------------------------------------------------------------------------------------------------------------
2025-08-03 21:00:20,756 - INFO - Finished experiments, results saved to results, figures saved to figures
