2025-08-04 09:02:20,273 - INFO - Using device mps.
2025-08-04 09:02:20,273 - INFO - Args: Namespace(num_seeds=8, num_measurements=1, input_e1=False, sequence_length=7, teacher_ranks=[1], student_dims=[5, 6, 7, 8, 9, 10, 11, 12, 13, 14, 15, 16, 17, 18, 19, 20, 21, 22, 23, 24, 25, 26, 27, 28, 29, 30, 31, 32, 33, 34], calc_loss_only_on_last_output=True, eps_train=1e-12, gnc=True, gnc_num_samples=100000000, gnc_batch_size=10000000, gd=False, gd_lr=0.01, gd_epochs=100000, gd_init_scale=0.01, gd_optimizer='adam', config=None, results_dir=PosixPath('results'), figures_dir=PosixPath('figures'), log_dir=PosixPath('logs'))
2025-08-04 09:02:20,284 - INFO - Starting teacher_rank=1
2025-08-04 09:02:20,285 - INFO - Starting student_dim=5
2025-08-04 09:02:20,285 - INFO - Starting seed=0
2025-08-04 09:02:20,291 - INFO - A_teacher is 0.3200893998146057
2025-08-04 09:02:20,322 - INFO - Starting G&C
2025-08-04 09:02:25,942 - INFO - Finished G&C, time elapsed=5.619836091995239s
2025-08-04 09:02:25,943 - INFO - Finished seed=0
2025-08-04 09:02:25,943 - INFO - Starting seed=1
2025-08-04 09:02:25,944 - INFO - A_teacher is 0.6540995836257935
2025-08-04 09:02:25,946 - INFO - Starting G&C
2025-08-04 09:02:31,295 - INFO - Finished G&C, time elapsed=5.348857164382935s
2025-08-04 09:02:31,295 - INFO - Finished seed=1
2025-08-04 09:02:31,296 - INFO - Starting seed=2
2025-08-04 09:02:31,297 - INFO - A_teacher is 0.5661352276802063
2025-08-04 09:02:31,299 - INFO - Starting G&C
2025-08-04 09:02:36,651 - INFO - Finished G&C, time elapsed=5.352212905883789s
2025-08-04 09:02:36,651 - INFO - Finished seed=2
2025-08-04 09:02:36,651 - INFO - Starting seed=3
2025-08-04 09:02:36,652 - INFO - A_teacher is 0.539229691028595
2025-08-04 09:02:36,653 - INFO - Starting G&C
2025-08-04 09:02:41,971 - INFO - Finished G&C, time elapsed=5.3174519538879395s
2025-08-04 09:02:41,971 - INFO - Finished seed=3
2025-08-04 09:02:41,971 - INFO - Starting seed=4
2025-08-04 09:02:41,972 - INFO - A_teacher is 0.5803276300430298
2025-08-04 09:02:41,973 - INFO - Starting G&C
2025-08-04 09:02:47,310 - INFO - Finished G&C, time elapsed=5.336812734603882s
2025-08-04 09:02:47,310 - INFO - Finished seed=4
2025-08-04 09:02:47,311 - INFO - Starting seed=5
2025-08-04 09:02:47,312 - INFO - A_teacher is 0.33947238326072693
2025-08-04 09:02:47,313 - INFO - Starting G&C
2025-08-04 09:02:52,690 - INFO - Finished G&C, time elapsed=5.376754283905029s
2025-08-04 09:02:52,690 - INFO - Finished seed=5
2025-08-04 09:02:52,690 - INFO - Starting seed=6
2025-08-04 09:02:52,691 - INFO - A_teacher is 0.45132192969322205
2025-08-04 09:02:52,692 - INFO - Starting G&C
2025-08-04 09:02:58,038 - INFO - Finished G&C, time elapsed=5.345773696899414s
2025-08-04 09:02:58,038 - INFO - Finished seed=6
2025-08-04 09:02:58,038 - INFO - Starting seed=7
2025-08-04 09:02:58,039 - INFO - A_teacher is 0.31256014108657837
2025-08-04 09:02:58,041 - INFO - Starting G&C
2025-08-04 09:03:03,394 - INFO - Finished G&C, time elapsed=5.353342056274414s
2025-08-04 09:03:03,394 - INFO - Finished seed=7
2025-08-04 09:03:03,394 - INFO - ----------------------------------------------------------------------------------------------------------------------------------------------
2025-08-04 09:03:03,394 - INFO - ----------------------------------------------------------------------------------------------------------------------------------------------
2025-08-04 09:03:03,394 - INFO - Finished student_dim=5
2025-08-04 09:03:03,395 - INFO - G&C avg gen_loss = 1.860959981990283
2025-08-04 09:03:03,395 - INFO - ----------------------------------------------------------------------------------------------------------------------------------------------
2025-08-04 09:03:03,395 - INFO - Starting student_dim=6
2025-08-04 09:03:03,395 - INFO - Starting seed=0
2025-08-04 09:03:03,396 - INFO - A_teacher is 0.48532047867774963
2025-08-04 09:03:03,401 - INFO - Starting G&C
2025-08-04 09:03:09,026 - INFO - Finished G&C, time elapsed=5.6249940395355225s
2025-08-04 09:03:09,026 - INFO - Finished seed=0
2025-08-04 09:03:09,027 - INFO - Starting seed=1
2025-08-04 09:03:09,028 - INFO - A_teacher is 0.6540995836257935
2025-08-04 09:03:09,029 - INFO - Starting G&C
2025-08-04 09:03:14,624 - INFO - Finished G&C, time elapsed=5.594822883605957s
2025-08-04 09:03:14,624 - INFO - Finished seed=1
2025-08-04 09:03:14,624 - INFO - Starting seed=2
2025-08-04 09:03:14,625 - INFO - A_teacher is 0.5661352276802063
2025-08-04 09:03:14,626 - INFO - Starting G&C
2025-08-04 09:03:20,210 - INFO - Finished G&C, time elapsed=5.58341383934021s
2025-08-04 09:03:20,210 - INFO - Finished seed=2
2025-08-04 09:03:20,210 - INFO - Starting seed=3
2025-08-04 09:03:20,211 - INFO - A_teacher is 0.539229691028595
2025-08-04 09:03:20,212 - INFO - Starting G&C
2025-08-04 09:03:25,816 - INFO - Finished G&C, time elapsed=5.603852033615112s
2025-08-04 09:03:25,816 - INFO - Finished seed=3
2025-08-04 09:03:25,816 - INFO - Starting seed=4
2025-08-04 09:03:25,817 - INFO - A_teacher is 0.5803276300430298
2025-08-04 09:03:25,819 - INFO - Starting G&C
2025-08-04 09:03:31,470 - INFO - Finished G&C, time elapsed=5.651413917541504s
2025-08-04 09:03:31,470 - INFO - Finished seed=4
2025-08-04 09:03:31,471 - INFO - Starting seed=5
2025-08-04 09:03:31,472 - INFO - A_teacher is 0.33947238326072693
2025-08-04 09:03:31,473 - INFO - Starting G&C
2025-08-04 09:03:37,065 - INFO - Finished G&C, time elapsed=5.592350006103516s
2025-08-04 09:03:37,065 - INFO - Finished seed=5
2025-08-04 09:03:37,065 - INFO - Starting seed=6
2025-08-04 09:03:37,067 - INFO - A_teacher is 0.45132192969322205
2025-08-04 09:03:37,068 - INFO - Starting G&C
2025-08-04 09:03:42,680 - INFO - Finished G&C, time elapsed=5.6121580600738525s
2025-08-04 09:03:42,680 - INFO - Finished seed=6
2025-08-04 09:03:42,680 - INFO - Starting seed=7
2025-08-04 09:03:42,681 - INFO - A_teacher is 0.31256014108657837
2025-08-04 09:03:42,683 - INFO - Starting G&C
2025-08-04 09:03:48,404 - INFO - Finished G&C, time elapsed=5.720959186553955s
2025-08-04 09:03:48,404 - INFO - Finished seed=7
2025-08-04 09:03:48,404 - INFO - ----------------------------------------------------------------------------------------------------------------------------------------------
2025-08-04 09:03:48,404 - INFO - ----------------------------------------------------------------------------------------------------------------------------------------------
2025-08-04 09:03:48,404 - INFO - Finished student_dim=6
2025-08-04 09:03:48,404 - INFO - G&C avg gen_loss = 1.5865812980405845
2025-08-04 09:03:48,404 - INFO - ----------------------------------------------------------------------------------------------------------------------------------------------
2025-08-04 09:03:48,404 - INFO - Starting student_dim=7
2025-08-04 09:03:48,404 - INFO - Starting seed=0
2025-08-04 09:03:48,406 - INFO - A_teacher is 0.48532047867774963
2025-08-04 09:03:48,410 - INFO - Starting G&C
2025-08-04 09:03:54,421 - INFO - Finished G&C, time elapsed=6.010459899902344s
2025-08-04 09:03:54,422 - INFO - Finished seed=0
2025-08-04 09:03:54,422 - INFO - Starting seed=1
2025-08-04 09:03:54,423 - INFO - A_teacher is 0.6540995836257935
2025-08-04 09:03:54,424 - INFO - Starting G&C
2025-08-04 09:04:00,351 - INFO - Finished G&C, time elapsed=5.926722049713135s
2025-08-04 09:04:00,351 - INFO - Finished seed=1
2025-08-04 09:04:00,351 - INFO - Starting seed=2
2025-08-04 09:04:00,352 - INFO - A_teacher is 0.5661352276802063
2025-08-04 09:04:00,354 - INFO - Starting G&C
2025-08-04 09:04:06,179 - INFO - Finished G&C, time elapsed=5.824869871139526s
2025-08-04 09:04:06,179 - INFO - Finished seed=2
2025-08-04 09:04:06,179 - INFO - Starting seed=3
2025-08-04 09:04:06,180 - INFO - A_teacher is 0.539229691028595
2025-08-04 09:04:06,181 - INFO - Starting G&C
2025-08-04 09:04:12,039 - INFO - Finished G&C, time elapsed=5.857939004898071s
2025-08-04 09:04:12,039 - INFO - Finished seed=3
2025-08-04 09:04:12,040 - INFO - Starting seed=4
2025-08-04 09:04:12,041 - INFO - A_teacher is 0.5803276300430298
2025-08-04 09:04:12,042 - INFO - Starting G&C
2025-08-04 09:04:17,879 - INFO - Finished G&C, time elapsed=5.837172031402588s
2025-08-04 09:04:17,879 - INFO - Finished seed=4
2025-08-04 09:04:17,879 - INFO - Starting seed=5
2025-08-04 09:04:17,887 - INFO - A_teacher is 0.33947238326072693
2025-08-04 09:04:17,889 - INFO - Starting G&C
2025-08-04 09:04:23,788 - INFO - Finished G&C, time elapsed=5.899000883102417s
2025-08-04 09:04:23,788 - INFO - Finished seed=5
2025-08-04 09:04:23,788 - INFO - Starting seed=6
2025-08-04 09:04:23,789 - INFO - A_teacher is 0.45132192969322205
2025-08-04 09:04:23,790 - INFO - Starting G&C
2025-08-04 09:04:29,657 - INFO - Finished G&C, time elapsed=5.866504907608032s
2025-08-04 09:04:29,657 - INFO - Finished seed=6
2025-08-04 09:04:29,657 - INFO - Starting seed=7
2025-08-04 09:04:29,658 - INFO - A_teacher is 0.31256014108657837
2025-08-04 09:04:29,659 - INFO - Starting G&C
2025-08-04 09:04:35,510 - INFO - Finished G&C, time elapsed=5.850521087646484s
2025-08-04 09:04:35,510 - INFO - Finished seed=7
2025-08-04 09:04:35,510 - INFO - ----------------------------------------------------------------------------------------------------------------------------------------------
2025-08-04 09:04:35,510 - INFO - ----------------------------------------------------------------------------------------------------------------------------------------------
2025-08-04 09:04:35,510 - INFO - Finished student_dim=7
2025-08-04 09:04:35,510 - INFO - G&C avg gen_loss = 1.4352184259639178
2025-08-04 09:04:35,510 - INFO - ----------------------------------------------------------------------------------------------------------------------------------------------
2025-08-04 09:04:35,510 - INFO - Starting student_dim=8
2025-08-04 09:04:35,510 - INFO - Starting seed=0
2025-08-04 09:04:35,511 - INFO - A_teacher is 0.48532047867774963
2025-08-04 09:04:35,515 - INFO - Starting G&C
2025-08-04 09:04:42,188 - INFO - Finished G&C, time elapsed=6.672914266586304s
2025-08-04 09:04:42,188 - INFO - Finished seed=0
2025-08-04 09:04:42,188 - INFO - Starting seed=1
2025-08-04 09:04:42,190 - INFO - A_teacher is 0.6540995836257935
2025-08-04 09:04:42,191 - INFO - Starting G&C
2025-08-04 09:04:48,200 - INFO - Finished G&C, time elapsed=6.008774042129517s
2025-08-04 09:04:48,200 - INFO - Finished seed=1
2025-08-04 09:04:48,200 - INFO - Starting seed=2
2025-08-04 09:04:48,201 - INFO - A_teacher is 0.5661352276802063
2025-08-04 09:04:48,203 - INFO - Starting G&C
2025-08-04 09:04:54,233 - INFO - Finished G&C, time elapsed=6.029956102371216s
2025-08-04 09:04:54,233 - INFO - Finished seed=2
2025-08-04 09:04:54,233 - INFO - Starting seed=3
2025-08-04 09:04:54,238 - INFO - A_teacher is 0.539229691028595
2025-08-04 09:04:54,240 - INFO - Starting G&C
2025-08-04 09:05:00,251 - INFO - Finished G&C, time elapsed=6.011481285095215s
2025-08-04 09:05:00,251 - INFO - Finished seed=3
2025-08-04 09:05:00,251 - INFO - Starting seed=4
2025-08-04 09:05:00,253 - INFO - A_teacher is 0.5803276300430298
2025-08-04 09:05:00,254 - INFO - Starting G&C
2025-08-04 09:05:06,265 - INFO - Finished G&C, time elapsed=6.011366844177246s
2025-08-04 09:05:06,265 - INFO - Finished seed=4
2025-08-04 09:05:06,266 - INFO - Starting seed=5
2025-08-04 09:05:06,267 - INFO - A_teacher is 0.33947238326072693
2025-08-04 09:05:06,268 - INFO - Starting G&C
2025-08-04 09:05:12,278 - INFO - Finished G&C, time elapsed=6.010392189025879s
2025-08-04 09:05:12,279 - INFO - Finished seed=5
2025-08-04 09:05:12,279 - INFO - Starting seed=6
2025-08-04 09:05:12,280 - INFO - A_teacher is 0.45132192969322205
2025-08-04 09:05:12,281 - INFO - Starting G&C
2025-08-04 09:05:18,272 - INFO - Finished G&C, time elapsed=5.991261959075928s
2025-08-04 09:05:18,272 - INFO - Finished seed=6
2025-08-04 09:05:18,272 - INFO - Starting seed=7
2025-08-04 09:05:18,273 - INFO - A_teacher is 0.31256014108657837
2025-08-04 09:05:18,275 - INFO - Starting G&C
2025-08-04 09:05:24,267 - INFO - Finished G&C, time elapsed=5.991981267929077s
2025-08-04 09:05:24,267 - INFO - Finished seed=7
2025-08-04 09:05:24,268 - INFO - ----------------------------------------------------------------------------------------------------------------------------------------------
2025-08-04 09:05:24,268 - INFO - ----------------------------------------------------------------------------------------------------------------------------------------------
2025-08-04 09:05:24,268 - INFO - Finished student_dim=8
2025-08-04 09:05:24,268 - INFO - G&C avg gen_loss = 1.2804252975679098
2025-08-04 09:05:24,268 - INFO - ----------------------------------------------------------------------------------------------------------------------------------------------
2025-08-04 09:05:24,268 - INFO - Starting student_dim=9
2025-08-04 09:05:24,268 - INFO - Starting seed=0
2025-08-04 09:05:24,269 - INFO - A_teacher is 0.48532047867774963
2025-08-04 09:05:24,273 - INFO - Starting G&C
2025-08-04 09:05:31,224 - INFO - Finished G&C, time elapsed=6.948009014129639s
2025-08-04 09:05:31,225 - INFO - Finished seed=0
2025-08-04 09:05:31,226 - INFO - Starting seed=1
2025-08-04 09:05:31,229 - INFO - A_teacher is 0.6540995836257935
2025-08-04 09:05:31,234 - INFO - Starting G&C
2025-08-04 09:05:37,960 - INFO - Finished G&C, time elapsed=6.7259602546691895s
2025-08-04 09:05:37,960 - INFO - Finished seed=1
2025-08-04 09:05:37,961 - INFO - Starting seed=2
2025-08-04 09:05:37,962 - INFO - A_teacher is 0.5661352276802063
2025-08-04 09:05:37,963 - INFO - Starting G&C
2025-08-04 09:05:44,659 - INFO - Finished G&C, time elapsed=6.696117877960205s
2025-08-04 09:05:44,659 - INFO - Finished seed=2
2025-08-04 09:05:44,659 - INFO - Starting seed=3
2025-08-04 09:05:44,660 - INFO - A_teacher is 0.539229691028595
2025-08-04 09:05:44,662 - INFO - Starting G&C
2025-08-04 09:05:51,405 - INFO - Finished G&C, time elapsed=6.742769002914429s
2025-08-04 09:05:51,405 - INFO - Finished seed=3
2025-08-04 09:05:51,405 - INFO - Starting seed=4
2025-08-04 09:05:51,406 - INFO - A_teacher is 0.5803276300430298
2025-08-04 09:05:51,408 - INFO - Starting G&C
2025-08-04 09:05:58,155 - INFO - Finished G&C, time elapsed=6.747469902038574s
2025-08-04 09:05:58,155 - INFO - Finished seed=4
2025-08-04 09:05:58,155 - INFO - Starting seed=5
2025-08-04 09:05:58,157 - INFO - A_teacher is 0.33947238326072693
2025-08-04 09:05:58,158 - INFO - Starting G&C
2025-08-04 09:06:04,881 - INFO - Finished G&C, time elapsed=6.723367214202881s
2025-08-04 09:06:04,881 - INFO - Finished seed=5
2025-08-04 09:06:04,882 - INFO - Starting seed=6
2025-08-04 09:06:04,883 - INFO - A_teacher is 0.45132192969322205
2025-08-04 09:06:04,884 - INFO - Starting G&C
2025-08-04 09:06:11,531 - INFO - Finished G&C, time elapsed=6.647329092025757s
2025-08-04 09:06:11,531 - INFO - Finished seed=6
2025-08-04 09:06:11,532 - INFO - Starting seed=7
2025-08-04 09:06:11,532 - INFO - A_teacher is 0.31256014108657837
2025-08-04 09:06:11,534 - INFO - Starting G&C
2025-08-04 09:06:18,252 - INFO - Finished G&C, time elapsed=6.7186219692230225s
2025-08-04 09:06:18,253 - INFO - Finished seed=7
2025-08-04 09:06:18,253 - INFO - ----------------------------------------------------------------------------------------------------------------------------------------------
2025-08-04 09:06:18,253 - INFO - ----------------------------------------------------------------------------------------------------------------------------------------------
2025-08-04 09:06:18,253 - INFO - Finished student_dim=9
2025-08-04 09:06:18,253 - INFO - G&C avg gen_loss = 1.2517549514150783
2025-08-04 09:06:18,253 - INFO - ----------------------------------------------------------------------------------------------------------------------------------------------
2025-08-04 09:06:18,253 - INFO - Starting student_dim=10
2025-08-04 09:06:18,253 - INFO - Starting seed=0
2025-08-04 09:06:18,255 - INFO - A_teacher is 0.48532047867774963
2025-08-04 09:06:18,260 - INFO - Starting G&C
2025-08-04 09:06:26,041 - INFO - Finished G&C, time elapsed=7.781358242034912s
2025-08-04 09:06:26,042 - INFO - Finished seed=0
2025-08-04 09:06:26,043 - INFO - Starting seed=1
2025-08-04 09:06:26,045 - INFO - A_teacher is 0.6540995836257935
2025-08-04 09:06:26,047 - INFO - Starting G&C
2025-08-04 09:06:33,507 - INFO - Finished G&C, time elapsed=7.459848880767822s
2025-08-04 09:06:33,508 - INFO - Finished seed=1
2025-08-04 09:06:33,508 - INFO - Starting seed=2
2025-08-04 09:06:33,511 - INFO - A_teacher is 0.5661352276802063
2025-08-04 09:06:33,514 - INFO - Starting G&C
2025-08-04 09:06:41,023 - INFO - Finished G&C, time elapsed=7.509176969528198s
2025-08-04 09:06:41,024 - INFO - Finished seed=2
2025-08-04 09:06:41,024 - INFO - Starting seed=3
2025-08-04 09:06:41,026 - INFO - A_teacher is 0.539229691028595
2025-08-04 09:06:41,028 - INFO - Starting G&C
2025-08-04 09:06:48,519 - INFO - Finished G&C, time elapsed=7.489964008331299s
2025-08-04 09:06:48,519 - INFO - Finished seed=3
2025-08-04 09:06:48,519 - INFO - Starting seed=4
2025-08-04 09:06:48,521 - INFO - A_teacher is 0.5803276300430298
2025-08-04 09:06:48,523 - INFO - Starting G&C
2025-08-04 09:06:56,023 - INFO - Finished G&C, time elapsed=7.499040842056274s
2025-08-04 09:06:56,023 - INFO - Finished seed=4
2025-08-04 09:06:56,024 - INFO - Starting seed=5
2025-08-04 09:06:56,027 - INFO - A_teacher is 0.33947238326072693
2025-08-04 09:06:56,029 - INFO - Starting G&C
2025-08-04 09:07:03,292 - INFO - Finished G&C, time elapsed=7.262225866317749s
2025-08-04 09:07:03,292 - INFO - Finished seed=5
2025-08-04 09:07:03,292 - INFO - Starting seed=6
2025-08-04 09:07:03,293 - INFO - A_teacher is 0.45132192969322205
2025-08-04 09:07:03,296 - INFO - Starting G&C
2025-08-04 09:07:10,554 - INFO - Finished G&C, time elapsed=7.2586870193481445s
2025-08-04 09:07:10,555 - INFO - Finished seed=6
2025-08-04 09:07:10,556 - INFO - Starting seed=7
2025-08-04 09:07:10,571 - INFO - A_teacher is 0.31256014108657837
2025-08-04 09:07:10,574 - INFO - Starting G&C
2025-08-04 09:07:17,709 - INFO - Finished G&C, time elapsed=7.134958028793335s
2025-08-04 09:07:17,710 - INFO - Finished seed=7
2025-08-04 09:07:17,710 - INFO - ----------------------------------------------------------------------------------------------------------------------------------------------
2025-08-04 09:07:17,710 - INFO - ----------------------------------------------------------------------------------------------------------------------------------------------
2025-08-04 09:07:17,710 - INFO - Finished student_dim=10
2025-08-04 09:07:17,711 - INFO - G&C avg gen_loss = 1.1932771063366878
2025-08-04 09:07:17,711 - INFO - ----------------------------------------------------------------------------------------------------------------------------------------------
2025-08-04 09:07:17,711 - INFO - Starting student_dim=11
2025-08-04 09:07:17,712 - INFO - Starting seed=0
2025-08-04 09:07:17,713 - INFO - A_teacher is 0.48532047867774963
2025-08-04 09:07:17,720 - INFO - Starting G&C
2025-08-04 09:07:25,682 - INFO - Finished G&C, time elapsed=7.961961030960083s
2025-08-04 09:07:25,683 - INFO - Finished seed=0
2025-08-04 09:07:25,683 - INFO - Starting seed=1
2025-08-04 09:07:25,685 - INFO - A_teacher is 0.6540995836257935
2025-08-04 09:07:25,688 - INFO - Starting G&C
2025-08-04 09:07:33,260 - INFO - Finished G&C, time elapsed=7.5723090171813965s
2025-08-04 09:07:33,261 - INFO - Finished seed=1
2025-08-04 09:07:33,261 - INFO - Starting seed=2
2025-08-04 09:07:33,263 - INFO - A_teacher is 0.5661352276802063
2025-08-04 09:07:33,266 - INFO - Starting G&C
2025-08-04 09:07:40,876 - INFO - Finished G&C, time elapsed=7.609795093536377s
2025-08-04 09:07:40,877 - INFO - Finished seed=2
2025-08-04 09:07:40,877 - INFO - Starting seed=3
2025-08-04 09:07:40,878 - INFO - A_teacher is 0.539229691028595
2025-08-04 09:07:40,881 - INFO - Starting G&C
2025-08-04 09:07:48,459 - INFO - Finished G&C, time elapsed=7.577656984329224s
2025-08-04 09:07:48,460 - INFO - Finished seed=3
2025-08-04 09:07:48,460 - INFO - Starting seed=4
2025-08-04 09:07:48,461 - INFO - A_teacher is 0.5803276300430298
2025-08-04 09:07:48,464 - INFO - Starting G&C
2025-08-04 09:07:56,012 - INFO - Finished G&C, time elapsed=7.548173666000366s
2025-08-04 09:07:56,013 - INFO - Finished seed=4
2025-08-04 09:07:56,014 - INFO - Starting seed=5
2025-08-04 09:07:56,015 - INFO - A_teacher is 0.33947238326072693
2025-08-04 09:07:56,018 - INFO - Starting G&C
2025-08-04 09:08:03,700 - INFO - Finished G&C, time elapsed=7.682013034820557s
2025-08-04 09:08:03,702 - INFO - Finished seed=5
2025-08-04 09:08:03,702 - INFO - Starting seed=6
2025-08-04 09:08:03,703 - INFO - A_teacher is 0.45132192969322205
2025-08-04 09:08:03,706 - INFO - Starting G&C
2025-08-04 09:08:11,282 - INFO - Finished G&C, time elapsed=7.575034856796265s
2025-08-04 09:08:11,282 - INFO - Finished seed=6
2025-08-04 09:08:11,282 - INFO - Starting seed=7
2025-08-04 09:08:11,284 - INFO - A_teacher is 0.31256014108657837
2025-08-04 09:08:11,287 - INFO - Starting G&C
2025-08-04 09:08:18,906 - INFO - Finished G&C, time elapsed=7.618366003036499s
2025-08-04 09:08:18,906 - INFO - Finished seed=7
2025-08-04 09:08:18,907 - INFO - ----------------------------------------------------------------------------------------------------------------------------------------------
2025-08-04 09:08:18,907 - INFO - ----------------------------------------------------------------------------------------------------------------------------------------------
2025-08-04 09:08:18,907 - INFO - Finished student_dim=11
2025-08-04 09:08:18,907 - INFO - G&C avg gen_loss = 1.2826269771720602
2025-08-04 09:08:18,907 - INFO - ----------------------------------------------------------------------------------------------------------------------------------------------
2025-08-04 09:08:18,908 - INFO - Starting student_dim=12
2025-08-04 09:08:18,908 - INFO - Starting seed=0
2025-08-04 09:08:18,909 - INFO - A_teacher is 0.48532047867774963
2025-08-04 09:08:18,916 - INFO - Starting G&C
2025-08-04 09:08:29,867 - INFO - Finished G&C, time elapsed=10.951127052307129s
2025-08-04 09:08:29,868 - INFO - Finished seed=0
2025-08-04 09:08:29,868 - INFO - Starting seed=1
2025-08-04 09:08:29,870 - INFO - A_teacher is 0.6540995836257935
2025-08-04 09:08:29,872 - INFO - Starting G&C
2025-08-04 09:08:37,357 - INFO - Finished G&C, time elapsed=7.484771013259888s
2025-08-04 09:08:37,359 - INFO - Finished seed=1
2025-08-04 09:08:37,359 - INFO - Starting seed=2
2025-08-04 09:08:37,360 - INFO - A_teacher is 0.5661352276802063
2025-08-04 09:08:37,363 - INFO - Starting G&C
2025-08-04 09:08:44,838 - INFO - Finished G&C, time elapsed=7.4750871658325195s
2025-08-04 09:08:44,839 - INFO - Finished seed=2
2025-08-04 09:08:44,840 - INFO - Starting seed=3
2025-08-04 09:08:44,867 - INFO - A_teacher is 0.539229691028595
2025-08-04 09:08:44,870 - INFO - Starting G&C
2025-08-04 09:08:52,341 - INFO - Finished G&C, time elapsed=7.470109939575195s
2025-08-04 09:08:52,341 - INFO - Finished seed=3
2025-08-04 09:08:52,341 - INFO - Starting seed=4
2025-08-04 09:08:52,343 - INFO - A_teacher is 0.5803276300430298
2025-08-04 09:08:52,346 - INFO - Starting G&C
2025-08-04 09:09:00,581 - INFO - Finished G&C, time elapsed=8.234763860702515s
2025-08-04 09:09:00,582 - INFO - Finished seed=4
2025-08-04 09:09:00,582 - INFO - Starting seed=5
2025-08-04 09:09:00,585 - INFO - A_teacher is 0.33947238326072693
2025-08-04 09:09:00,587 - INFO - Starting G&C
2025-08-04 09:09:08,313 - INFO - Finished G&C, time elapsed=7.725106239318848s
2025-08-04 09:09:08,314 - INFO - Finished seed=5
2025-08-04 09:09:08,315 - INFO - Starting seed=6
2025-08-04 09:09:08,316 - INFO - A_teacher is 0.45132192969322205
2025-08-04 09:09:08,318 - INFO - Starting G&C
2025-08-04 09:09:16,288 - INFO - Finished G&C, time elapsed=7.96919322013855s
2025-08-04 09:09:16,288 - INFO - Finished seed=6
2025-08-04 09:09:16,289 - INFO - Starting seed=7
2025-08-04 09:09:16,290 - INFO - A_teacher is 0.31256014108657837
2025-08-04 09:09:16,293 - INFO - Starting G&C
2025-08-04 09:09:24,208 - INFO - Finished G&C, time elapsed=7.915520906448364s
2025-08-04 09:09:24,209 - INFO - Finished seed=7
2025-08-04 09:09:24,210 - INFO - ----------------------------------------------------------------------------------------------------------------------------------------------
2025-08-04 09:09:24,210 - INFO - ----------------------------------------------------------------------------------------------------------------------------------------------
2025-08-04 09:09:24,210 - INFO - Finished student_dim=12
2025-08-04 09:09:24,210 - INFO - G&C avg gen_loss = 1.1293604709534175
2025-08-04 09:09:24,210 - INFO - ----------------------------------------------------------------------------------------------------------------------------------------------
2025-08-04 09:09:24,210 - INFO - Starting student_dim=13
2025-08-04 09:09:24,211 - INFO - Starting seed=0
2025-08-04 09:09:24,213 - INFO - A_teacher is 0.48532047867774963
2025-08-04 09:09:24,220 - INFO - Starting G&C
2025-08-04 09:09:32,889 - INFO - Finished G&C, time elapsed=8.669055938720703s
2025-08-04 09:09:32,890 - INFO - Finished seed=0
2025-08-04 09:09:32,890 - INFO - Starting seed=1
2025-08-04 09:09:32,892 - INFO - A_teacher is 0.6540995836257935
2025-08-04 09:09:32,894 - INFO - Starting G&C
2025-08-04 09:09:40,909 - INFO - Finished G&C, time elapsed=8.014681816101074s
2025-08-04 09:09:40,910 - INFO - Finished seed=1
2025-08-04 09:09:40,910 - INFO - Starting seed=2
2025-08-04 09:09:40,912 - INFO - A_teacher is 0.5661352276802063
2025-08-04 09:09:40,914 - INFO - Starting G&C
2025-08-04 09:09:48,691 - INFO - Finished G&C, time elapsed=7.776575088500977s
2025-08-04 09:09:48,692 - INFO - Finished seed=2
2025-08-04 09:09:48,692 - INFO - Starting seed=3
2025-08-04 09:09:48,693 - INFO - A_teacher is 0.539229691028595
2025-08-04 09:09:48,696 - INFO - Starting G&C
2025-08-04 09:09:56,559 - INFO - Finished G&C, time elapsed=7.863477945327759s
2025-08-04 09:09:56,560 - INFO - Finished seed=3
2025-08-04 09:09:56,561 - INFO - Starting seed=4
2025-08-04 09:09:56,562 - INFO - A_teacher is 0.5803276300430298
2025-08-04 09:09:56,564 - INFO - Starting G&C
2025-08-04 09:10:04,608 - INFO - Finished G&C, time elapsed=8.043658018112183s
2025-08-04 09:10:04,609 - INFO - Finished seed=4
2025-08-04 09:10:04,609 - INFO - Starting seed=5
2025-08-04 09:10:04,611 - INFO - A_teacher is 0.33947238326072693
2025-08-04 09:10:04,613 - INFO - Starting G&C
2025-08-04 09:10:12,639 - INFO - Finished G&C, time elapsed=8.025648832321167s
2025-08-04 09:10:12,639 - INFO - Finished seed=5
2025-08-04 09:10:12,640 - INFO - Starting seed=6
2025-08-04 09:10:12,641 - INFO - A_teacher is 0.45132192969322205
2025-08-04 09:10:12,644 - INFO - Starting G&C
2025-08-04 09:10:20,655 - INFO - Finished G&C, time elapsed=8.010882139205933s
2025-08-04 09:10:20,656 - INFO - Finished seed=6
2025-08-04 09:10:20,656 - INFO - Starting seed=7
2025-08-04 09:10:20,658 - INFO - A_teacher is 0.31256014108657837
2025-08-04 09:10:20,660 - INFO - Starting G&C
2025-08-04 09:10:28,774 - INFO - Finished G&C, time elapsed=8.113407850265503s
2025-08-04 09:10:28,775 - INFO - Finished seed=7
2025-08-04 09:10:28,775 - INFO - ----------------------------------------------------------------------------------------------------------------------------------------------
2025-08-04 09:10:28,775 - INFO - ----------------------------------------------------------------------------------------------------------------------------------------------
2025-08-04 09:10:28,775 - INFO - Finished student_dim=13
2025-08-04 09:10:28,776 - INFO - G&C avg gen_loss = 1.2204254787927413
2025-08-04 09:10:28,776 - INFO - ----------------------------------------------------------------------------------------------------------------------------------------------
2025-08-04 09:10:28,776 - INFO - Starting student_dim=14
2025-08-04 09:10:28,776 - INFO - Starting seed=0
2025-08-04 09:10:28,778 - INFO - A_teacher is 0.48532047867774963
2025-08-04 09:10:28,785 - INFO - Starting G&C
2025-08-04 09:10:37,372 - INFO - Finished G&C, time elapsed=8.587057828903198s
2025-08-04 09:10:37,373 - INFO - Finished seed=0
2025-08-04 09:10:37,374 - INFO - Starting seed=1
2025-08-04 09:10:37,375 - INFO - A_teacher is 0.6540995836257935
2025-08-04 09:10:37,378 - INFO - Starting G&C
2025-08-04 09:10:45,591 - INFO - Finished G&C, time elapsed=8.213407039642334s
2025-08-04 09:10:45,592 - INFO - Finished seed=1
2025-08-04 09:10:45,593 - INFO - Starting seed=2
2025-08-04 09:10:45,594 - INFO - A_teacher is 0.5661352276802063
2025-08-04 09:10:45,596 - INFO - Starting G&C
2025-08-04 09:10:53,726 - INFO - Finished G&C, time elapsed=8.129926919937134s
2025-08-04 09:10:53,727 - INFO - Finished seed=2
2025-08-04 09:10:53,727 - INFO - Starting seed=3
2025-08-04 09:10:53,729 - INFO - A_teacher is 0.539229691028595
2025-08-04 09:10:53,731 - INFO - Starting G&C
2025-08-04 09:11:01,829 - INFO - Finished G&C, time elapsed=8.098097324371338s
2025-08-04 09:11:01,830 - INFO - Finished seed=3
2025-08-04 09:11:01,830 - INFO - Starting seed=4
2025-08-04 09:11:01,832 - INFO - A_teacher is 0.5803276300430298
2025-08-04 09:11:01,834 - INFO - Starting G&C
2025-08-04 09:11:10,028 - INFO - Finished G&C, time elapsed=8.192990064620972s
2025-08-04 09:11:10,029 - INFO - Finished seed=4
2025-08-04 09:11:10,029 - INFO - Starting seed=5
2025-08-04 09:11:10,047 - INFO - A_teacher is 0.33947238326072693
2025-08-04 09:11:10,052 - INFO - Starting G&C
2025-08-04 09:11:18,224 - INFO - Finished G&C, time elapsed=8.17117691040039s
2025-08-04 09:11:18,225 - INFO - Finished seed=5
2025-08-04 09:11:18,225 - INFO - Starting seed=6
2025-08-04 09:11:18,226 - INFO - A_teacher is 0.45132192969322205
2025-08-04 09:11:18,229 - INFO - Starting G&C
2025-08-04 09:11:26,365 - INFO - Finished G&C, time elapsed=8.136411905288696s
2025-08-04 09:11:26,366 - INFO - Finished seed=6
2025-08-04 09:11:26,366 - INFO - Starting seed=7
2025-08-04 09:11:26,367 - INFO - A_teacher is 0.31256014108657837
2025-08-04 09:11:26,370 - INFO - Starting G&C
2025-08-04 09:11:34,592 - INFO - Finished G&C, time elapsed=8.221678018569946s
2025-08-04 09:11:34,592 - INFO - Finished seed=7
2025-08-04 09:11:34,593 - INFO - ----------------------------------------------------------------------------------------------------------------------------------------------
2025-08-04 09:11:34,593 - INFO - ----------------------------------------------------------------------------------------------------------------------------------------------
2025-08-04 09:11:34,593 - INFO - Finished student_dim=14
2025-08-04 09:11:34,593 - INFO - G&C avg gen_loss = 1.1019848160578776
2025-08-04 09:11:34,593 - INFO - ----------------------------------------------------------------------------------------------------------------------------------------------
2025-08-04 09:11:34,593 - INFO - Starting student_dim=15
2025-08-04 09:11:34,594 - INFO - Starting seed=0
2025-08-04 09:11:34,595 - INFO - A_teacher is 0.48532047867774963
2025-08-04 09:11:34,602 - INFO - Starting G&C
2025-08-04 09:11:43,439 - INFO - Finished G&C, time elapsed=8.836694955825806s
2025-08-04 09:11:43,440 - INFO - Finished seed=0
2025-08-04 09:11:43,440 - INFO - Starting seed=1
2025-08-04 09:11:43,441 - INFO - A_teacher is 0.6540995836257935
2025-08-04 09:11:43,444 - INFO - Starting G&C
2025-08-04 09:11:51,935 - INFO - Finished G&C, time elapsed=8.490665912628174s
2025-08-04 09:11:51,936 - INFO - Finished seed=1
2025-08-04 09:11:51,936 - INFO - Starting seed=2
2025-08-04 09:11:51,937 - INFO - A_teacher is 0.5661352276802063
2025-08-04 09:11:51,940 - INFO - Starting G&C
2025-08-04 09:12:00,372 - INFO - Finished G&C, time elapsed=8.431733846664429s
2025-08-04 09:12:00,372 - INFO - Finished seed=2
2025-08-04 09:12:00,373 - INFO - Starting seed=3
2025-08-04 09:12:00,374 - INFO - A_teacher is 0.539229691028595
2025-08-04 09:12:00,377 - INFO - Starting G&C
2025-08-04 09:12:08,745 - INFO - Finished G&C, time elapsed=8.367926120758057s
2025-08-04 09:12:08,746 - INFO - Finished seed=3
2025-08-04 09:12:08,747 - INFO - Starting seed=4
2025-08-04 09:12:08,748 - INFO - A_teacher is 0.5803276300430298
2025-08-04 09:12:08,751 - INFO - Starting G&C
2025-08-04 09:12:17,129 - INFO - Finished G&C, time elapsed=8.378697872161865s
2025-08-04 09:12:17,131 - INFO - Finished seed=4
2025-08-04 09:12:17,131 - INFO - Starting seed=5
2025-08-04 09:12:17,133 - INFO - A_teacher is 0.33947238326072693
2025-08-04 09:12:17,135 - INFO - Starting G&C
2025-08-04 09:12:25,424 - INFO - Finished G&C, time elapsed=8.288977861404419s
2025-08-04 09:12:25,425 - INFO - Finished seed=5
2025-08-04 09:12:25,425 - INFO - Starting seed=6
2025-08-04 09:12:25,427 - INFO - A_teacher is 0.45132192969322205
2025-08-04 09:12:25,429 - INFO - Starting G&C
2025-08-04 09:12:34,007 - INFO - Finished G&C, time elapsed=8.577101945877075s
2025-08-04 09:12:34,007 - INFO - Finished seed=6
2025-08-04 09:12:34,008 - INFO - Starting seed=7
2025-08-04 09:12:34,010 - INFO - A_teacher is 0.31256014108657837
2025-08-04 09:12:34,012 - INFO - Starting G&C
2025-08-04 09:12:43,044 - INFO - Finished G&C, time elapsed=9.031883001327515s
2025-08-04 09:12:43,045 - INFO - Finished seed=7
2025-08-04 09:12:43,046 - INFO - ----------------------------------------------------------------------------------------------------------------------------------------------
2025-08-04 09:12:43,046 - INFO - ----------------------------------------------------------------------------------------------------------------------------------------------
2025-08-04 09:12:43,046 - INFO - Finished student_dim=15
2025-08-04 09:12:43,046 - INFO - G&C avg gen_loss = 1.1154789905025893
2025-08-04 09:12:43,046 - INFO - ----------------------------------------------------------------------------------------------------------------------------------------------
2025-08-04 09:12:43,046 - INFO - Starting student_dim=16
2025-08-04 09:12:43,046 - INFO - Starting seed=0
2025-08-04 09:12:43,048 - INFO - A_teacher is 0.48532047867774963
2025-08-04 09:12:43,056 - INFO - Starting G&C
2025-08-04 09:12:56,351 - INFO - Finished G&C, time elapsed=13.295234680175781s
2025-08-04 09:12:56,352 - INFO - Finished seed=0
2025-08-04 09:12:56,354 - INFO - Starting seed=1
2025-08-04 09:12:56,355 - INFO - A_teacher is 0.6540995836257935
2025-08-04 09:12:56,373 - INFO - Starting G&C
2025-08-04 09:13:05,668 - INFO - Finished G&C, time elapsed=9.29567003250122s
2025-08-04 09:13:05,669 - INFO - Finished seed=1
2025-08-04 09:13:05,669 - INFO - Starting seed=2
2025-08-04 09:13:05,670 - INFO - A_teacher is 0.5661352276802063
2025-08-04 09:13:05,673 - INFO - Starting G&C
2025-08-04 09:13:15,000 - INFO - Finished G&C, time elapsed=9.327604293823242s
2025-08-04 09:13:15,001 - INFO - Finished seed=2
2025-08-04 09:13:15,002 - INFO - Starting seed=3
2025-08-04 09:13:15,006 - INFO - A_teacher is 0.539229691028595
2025-08-04 09:13:15,008 - INFO - Starting G&C
2025-08-04 09:13:24,137 - INFO - Finished G&C, time elapsed=9.128895998001099s
2025-08-04 09:13:24,138 - INFO - Finished seed=3
2025-08-04 09:13:24,138 - INFO - Starting seed=4
2025-08-04 09:13:24,184 - INFO - A_teacher is 0.5803276300430298
2025-08-04 09:13:24,187 - INFO - Starting G&C
2025-08-04 09:13:33,784 - INFO - Finished G&C, time elapsed=9.595838069915771s
2025-08-04 09:13:33,786 - INFO - Finished seed=4
2025-08-04 09:13:33,788 - INFO - Starting seed=5
2025-08-04 09:13:33,793 - INFO - A_teacher is 0.33947238326072693
2025-08-04 09:13:33,799 - INFO - Starting G&C
2025-08-04 09:13:42,871 - INFO - Finished G&C, time elapsed=9.071258783340454s
2025-08-04 09:13:42,871 - INFO - Finished seed=5
2025-08-04 09:13:42,872 - INFO - Starting seed=6
2025-08-04 09:13:42,873 - INFO - A_teacher is 0.45132192969322205
2025-08-04 09:13:42,875 - INFO - Starting G&C
2025-08-04 09:13:52,087 - INFO - Finished G&C, time elapsed=9.211599111557007s
2025-08-04 09:13:52,087 - INFO - Finished seed=6
2025-08-04 09:13:52,088 - INFO - Starting seed=7
2025-08-04 09:13:52,091 - INFO - A_teacher is 0.31256014108657837
2025-08-04 09:13:52,094 - INFO - Starting G&C
2025-08-04 09:14:01,419 - INFO - Finished G&C, time elapsed=9.325415849685669s
2025-08-04 09:14:01,420 - INFO - Finished seed=7
2025-08-04 09:14:01,421 - INFO - ----------------------------------------------------------------------------------------------------------------------------------------------
2025-08-04 09:14:01,421 - INFO - ----------------------------------------------------------------------------------------------------------------------------------------------
2025-08-04 09:14:01,421 - INFO - Finished student_dim=16
2025-08-04 09:14:01,426 - INFO - G&C avg gen_loss = 1.2180068779865763
2025-08-04 09:14:01,426 - INFO - ----------------------------------------------------------------------------------------------------------------------------------------------
2025-08-04 09:14:01,426 - INFO - Starting student_dim=17
2025-08-04 09:14:01,428 - INFO - Starting seed=0
2025-08-04 09:14:01,430 - INFO - A_teacher is 0.48532047867774963
2025-08-04 09:14:01,441 - INFO - Starting G&C
2025-08-04 09:14:17,078 - INFO - Finished G&C, time elapsed=15.636929988861084s
2025-08-04 09:14:17,079 - INFO - Finished seed=0
2025-08-04 09:14:17,079 - INFO - Starting seed=1
2025-08-04 09:14:17,116 - INFO - A_teacher is 0.6540995836257935
2025-08-04 09:14:17,120 - INFO - Starting G&C
2025-08-04 09:14:27,433 - INFO - Finished G&C, time elapsed=10.31324315071106s
2025-08-04 09:14:27,434 - INFO - Finished seed=1
2025-08-04 09:14:27,434 - INFO - Starting seed=2
2025-08-04 09:14:27,436 - INFO - A_teacher is 0.5661352276802063
2025-08-04 09:14:27,438 - INFO - Starting G&C
2025-08-04 09:14:38,174 - INFO - Finished G&C, time elapsed=10.736121892929077s
2025-08-04 09:14:38,176 - INFO - Finished seed=2
2025-08-04 09:14:38,176 - INFO - Starting seed=3
2025-08-04 09:14:38,178 - INFO - A_teacher is 0.539229691028595
2025-08-04 09:14:38,182 - INFO - Starting G&C
2025-08-04 09:14:48,743 - INFO - Finished G&C, time elapsed=10.561210870742798s
2025-08-04 09:14:48,743 - INFO - Finished seed=3
2025-08-04 09:14:48,744 - INFO - Starting seed=4
2025-08-04 09:14:48,745 - INFO - A_teacher is 0.5803276300430298
2025-08-04 09:14:48,747 - INFO - Starting G&C
2025-08-04 09:14:59,902 - INFO - Finished G&C, time elapsed=11.154502868652344s
2025-08-04 09:14:59,903 - INFO - Finished seed=4
2025-08-04 09:14:59,903 - INFO - Starting seed=5
2025-08-04 09:14:59,907 - INFO - A_teacher is 0.33947238326072693
2025-08-04 09:14:59,910 - INFO - Starting G&C
2025-08-04 09:15:10,810 - INFO - Finished G&C, time elapsed=10.899864912033081s
2025-08-04 09:15:10,811 - INFO - Finished seed=5
2025-08-04 09:15:10,811 - INFO - Starting seed=6
2025-08-04 09:15:10,812 - INFO - A_teacher is 0.45132192969322205
2025-08-04 09:15:10,816 - INFO - Starting G&C
2025-08-04 09:15:21,168 - INFO - Finished G&C, time elapsed=10.352402925491333s
2025-08-04 09:15:21,169 - INFO - Finished seed=6
2025-08-04 09:15:21,169 - INFO - Starting seed=7
2025-08-04 09:15:21,170 - INFO - A_teacher is 0.31256014108657837
2025-08-04 09:15:21,173 - INFO - Starting G&C
2025-08-04 09:15:31,925 - INFO - Finished G&C, time elapsed=10.752294063568115s
2025-08-04 09:15:31,926 - INFO - Finished seed=7
2025-08-04 09:15:31,927 - INFO - ----------------------------------------------------------------------------------------------------------------------------------------------
2025-08-04 09:15:31,928 - INFO - ----------------------------------------------------------------------------------------------------------------------------------------------
2025-08-04 09:15:31,928 - INFO - Finished student_dim=17
2025-08-04 09:15:31,928 - INFO - G&C avg gen_loss = 1.2057636463581536
2025-08-04 09:15:31,928 - INFO - ----------------------------------------------------------------------------------------------------------------------------------------------
2025-08-04 09:15:31,928 - INFO - Starting student_dim=18
2025-08-04 09:15:31,929 - INFO - Starting seed=0
2025-08-04 09:15:31,932 - INFO - A_teacher is 0.48532047867774963
2025-08-04 09:15:31,941 - INFO - Starting G&C
2025-08-04 09:15:44,146 - INFO - Finished G&C, time elapsed=12.204924821853638s
2025-08-04 09:15:44,147 - INFO - Finished seed=0
2025-08-04 09:15:44,147 - INFO - Starting seed=1
2025-08-04 09:15:44,150 - INFO - A_teacher is 0.6540995836257935
2025-08-04 09:15:44,153 - INFO - Starting G&C
2025-08-04 09:15:56,942 - INFO - Finished G&C, time elapsed=12.789443969726562s
2025-08-04 09:15:56,943 - INFO - Finished seed=1
2025-08-04 09:15:56,943 - INFO - Starting seed=2
2025-08-04 09:15:56,946 - INFO - A_teacher is 0.5661352276802063
2025-08-04 09:15:56,949 - INFO - Starting G&C
2025-08-04 09:16:10,498 - INFO - Finished G&C, time elapsed=13.548548221588135s
2025-08-04 09:16:10,499 - INFO - Finished seed=2
2025-08-04 09:16:10,499 - INFO - Starting seed=3
2025-08-04 09:16:10,502 - INFO - A_teacher is 0.539229691028595
2025-08-04 09:16:10,505 - INFO - Starting G&C
2025-08-04 09:16:19,953 - INFO - Finished G&C, time elapsed=9.447297096252441s
2025-08-04 09:16:19,953 - INFO - Finished seed=3
2025-08-04 09:16:19,953 - INFO - Starting seed=4
2025-08-04 09:16:19,956 - INFO - A_teacher is 0.5803276300430298
2025-08-04 09:16:19,959 - INFO - Starting G&C
2025-08-04 09:16:28,791 - INFO - Finished G&C, time elapsed=8.832136154174805s
2025-08-04 09:16:28,792 - INFO - Finished seed=4
2025-08-04 09:16:28,792 - INFO - Starting seed=5
2025-08-04 09:16:28,793 - INFO - A_teacher is 0.33947238326072693
2025-08-04 09:16:28,796 - INFO - Starting G&C
2025-08-04 09:16:37,752 - INFO - Finished G&C, time elapsed=8.954884052276611s
2025-08-04 09:16:37,752 - INFO - Finished seed=5
2025-08-04 09:16:37,753 - INFO - Starting seed=6
2025-08-04 09:16:37,755 - INFO - A_teacher is 0.45132192969322205
2025-08-04 09:16:37,758 - INFO - Starting G&C
2025-08-04 09:20:59,975 - INFO - Finished G&C, time elapsed=262.21681094169617s
2025-08-04 09:20:59,975 - INFO - Finished seed=6
2025-08-04 09:20:59,976 - INFO - Starting seed=7
2025-08-04 09:20:59,979 - INFO - A_teacher is 0.31256014108657837
2025-08-04 09:20:59,982 - INFO - Starting G&C
2025-08-04 09:21:09,910 - INFO - Finished G&C, time elapsed=9.927728176116943s
2025-08-04 09:21:09,911 - INFO - Finished seed=7
2025-08-04 09:21:09,912 - INFO - ----------------------------------------------------------------------------------------------------------------------------------------------
2025-08-04 09:21:09,912 - INFO - ----------------------------------------------------------------------------------------------------------------------------------------------
2025-08-04 09:21:09,912 - INFO - Finished student_dim=18
2025-08-04 09:21:09,917 - INFO - G&C avg gen_loss = 1.0941198910658645
2025-08-04 09:21:09,917 - INFO - ----------------------------------------------------------------------------------------------------------------------------------------------
2025-08-04 09:21:09,917 - INFO - Starting student_dim=19
2025-08-04 09:21:09,919 - INFO - Starting seed=0
2025-08-04 09:21:09,923 - INFO - A_teacher is 0.48532047867774963
2025-08-04 09:21:09,935 - INFO - Starting G&C
2025-08-04 09:21:34,328 - INFO - Finished G&C, time elapsed=24.39203906059265s
2025-08-04 09:21:34,329 - INFO - Finished seed=0
2025-08-04 09:21:34,331 - INFO - Starting seed=1
2025-08-04 09:21:34,336 - INFO - A_teacher is 0.6540995836257935
2025-08-04 09:21:34,351 - INFO - Starting G&C
2025-08-04 09:21:48,978 - INFO - Finished G&C, time elapsed=14.6269211769104s
2025-08-04 09:21:48,979 - INFO - Finished seed=1
2025-08-04 09:21:48,979 - INFO - Starting seed=2
2025-08-04 09:21:48,981 - INFO - A_teacher is 0.5661352276802063
2025-08-04 09:21:48,984 - INFO - Starting G&C
2025-08-04 09:22:02,128 - INFO - Finished G&C, time elapsed=13.143572092056274s
2025-08-04 09:22:02,129 - INFO - Finished seed=2
2025-08-04 09:22:02,129 - INFO - Starting seed=3
2025-08-04 09:22:02,131 - INFO - A_teacher is 0.539229691028595
2025-08-04 09:22:02,134 - INFO - Starting G&C
2025-08-04 09:22:15,689 - INFO - Finished G&C, time elapsed=13.555171728134155s
2025-08-04 09:22:15,689 - INFO - Finished seed=3
2025-08-04 09:22:15,690 - INFO - Starting seed=4
2025-08-04 09:22:15,691 - INFO - A_teacher is 0.5803276300430298
2025-08-04 09:22:15,694 - INFO - Starting G&C
2025-08-04 09:22:30,143 - INFO - Finished G&C, time elapsed=14.447344064712524s
2025-08-04 09:22:30,144 - INFO - Finished seed=4
2025-08-04 09:22:30,146 - INFO - Starting seed=5
2025-08-04 09:22:30,150 - INFO - A_teacher is 0.33947238326072693
2025-08-04 09:22:30,156 - INFO - Starting G&C
2025-08-04 09:22:45,419 - INFO - Finished G&C, time elapsed=15.26320195198059s
2025-08-04 09:22:45,420 - INFO - Finished seed=5
2025-08-04 09:22:45,420 - INFO - Starting seed=6
2025-08-04 09:22:45,424 - INFO - A_teacher is 0.45132192969322205
2025-08-04 09:22:45,428 - INFO - Starting G&C
2025-08-04 09:22:58,899 - INFO - Finished G&C, time elapsed=13.470347166061401s
2025-08-04 09:22:58,899 - INFO - Finished seed=6
2025-08-04 09:22:58,900 - INFO - Starting seed=7
2025-08-04 09:22:58,902 - INFO - A_teacher is 0.31256014108657837
2025-08-04 09:22:58,905 - INFO - Starting G&C
2025-08-04 09:23:12,895 - INFO - Finished G&C, time elapsed=13.989744901657104s
2025-08-04 09:23:12,896 - INFO - Finished seed=7
2025-08-04 09:23:12,897 - INFO - ----------------------------------------------------------------------------------------------------------------------------------------------
2025-08-04 09:23:12,897 - INFO - ----------------------------------------------------------------------------------------------------------------------------------------------
2025-08-04 09:23:12,897 - INFO - Finished student_dim=19
2025-08-04 09:23:12,906 - INFO - G&C avg gen_loss = 1.2310485073708577
2025-08-04 09:23:12,906 - INFO - ----------------------------------------------------------------------------------------------------------------------------------------------
2025-08-04 09:23:12,906 - INFO - Starting student_dim=20
2025-08-04 09:23:12,909 - INFO - Starting seed=0
2025-08-04 09:23:12,912 - INFO - A_teacher is 0.48532047867774963
2025-08-04 09:23:12,954 - INFO - Starting G&C
2025-08-04 09:23:26,684 - INFO - Finished G&C, time elapsed=13.729587078094482s
2025-08-04 09:23:26,684 - INFO - Finished seed=0
2025-08-04 09:23:26,685 - INFO - Starting seed=1
2025-08-04 09:23:26,688 - INFO - A_teacher is 0.6540995836257935
2025-08-04 09:23:26,690 - INFO - Starting G&C
2025-08-04 09:23:36,632 - INFO - Finished G&C, time elapsed=9.94165301322937s
2025-08-04 09:23:36,633 - INFO - Finished seed=1
2025-08-04 09:23:36,633 - INFO - Starting seed=2
2025-08-04 09:23:36,636 - INFO - A_teacher is 0.5661352276802063
2025-08-04 09:23:36,639 - INFO - Starting G&C
2025-08-04 09:23:46,264 - INFO - Finished G&C, time elapsed=9.624352931976318s
2025-08-04 09:23:46,265 - INFO - Finished seed=2
2025-08-04 09:23:46,265 - INFO - Starting seed=3
2025-08-04 09:23:46,267 - INFO - A_teacher is 0.539229691028595
2025-08-04 09:23:46,269 - INFO - Starting G&C
2025-08-04 09:23:55,820 - INFO - Finished G&C, time elapsed=9.550230979919434s
2025-08-04 09:23:55,820 - INFO - Finished seed=3
2025-08-04 09:23:55,820 - INFO - Starting seed=4
2025-08-04 09:23:55,824 - INFO - A_teacher is 0.5803276300430298
2025-08-04 09:23:55,826 - INFO - Starting G&C
2025-08-04 09:24:05,512 - INFO - Finished G&C, time elapsed=9.685144901275635s
2025-08-04 09:24:05,513 - INFO - Finished seed=4
2025-08-04 09:24:05,513 - INFO - Starting seed=5
2025-08-04 09:24:05,516 - INFO - A_teacher is 0.33947238326072693
2025-08-04 09:24:05,519 - INFO - Starting G&C
2025-08-04 09:24:16,143 - INFO - Finished G&C, time elapsed=10.623955011367798s
2025-08-04 09:24:16,144 - INFO - Finished seed=5
2025-08-04 09:24:16,145 - INFO - Starting seed=6
2025-08-04 09:24:16,148 - INFO - A_teacher is 0.45132192969322205
2025-08-04 09:24:16,151 - INFO - Starting G&C
2025-08-04 09:24:27,138 - INFO - Finished G&C, time elapsed=10.987625122070312s
2025-08-04 09:24:27,139 - INFO - Finished seed=6
2025-08-04 09:24:27,139 - INFO - Starting seed=7
2025-08-04 09:24:27,142 - INFO - A_teacher is 0.31256014108657837
2025-08-04 09:24:27,145 - INFO - Starting G&C
2025-08-04 09:24:36,813 - INFO - Finished G&C, time elapsed=9.66775393486023s
2025-08-04 09:24:36,814 - INFO - Finished seed=7
2025-08-04 09:24:36,815 - INFO - ----------------------------------------------------------------------------------------------------------------------------------------------
2025-08-04 09:24:36,815 - INFO - ----------------------------------------------------------------------------------------------------------------------------------------------
2025-08-04 09:24:36,815 - INFO - Finished student_dim=20
2025-08-04 09:24:36,815 - INFO - G&C avg gen_loss = 1.1696131624687163
2025-08-04 09:24:36,815 - INFO - ----------------------------------------------------------------------------------------------------------------------------------------------
2025-08-04 09:24:36,815 - INFO - Starting student_dim=21
2025-08-04 09:24:36,815 - INFO - Starting seed=0
2025-08-04 09:24:36,816 - INFO - A_teacher is 0.48532047867774963
2025-08-04 09:24:36,826 - INFO - Starting G&C
2025-08-04 09:24:55,377 - INFO - Finished G&C, time elapsed=18.551119089126587s
2025-08-04 09:24:55,378 - INFO - Finished seed=0
2025-08-04 09:24:55,378 - INFO - Starting seed=1
2025-08-04 09:24:55,381 - INFO - A_teacher is 0.6540995836257935
2025-08-04 09:24:55,385 - INFO - Starting G&C
2025-08-04 09:25:08,323 - INFO - Finished G&C, time elapsed=12.937480926513672s
2025-08-04 09:25:08,324 - INFO - Finished seed=1
2025-08-04 09:25:08,324 - INFO - Starting seed=2
2025-08-04 09:25:08,327 - INFO - A_teacher is 0.5661352276802063
2025-08-04 09:25:08,330 - INFO - Starting G&C
2025-08-04 09:25:19,602 - INFO - Finished G&C, time elapsed=11.272147178649902s
2025-08-04 09:25:19,603 - INFO - Finished seed=2
2025-08-04 09:25:19,603 - INFO - Starting seed=3
2025-08-04 09:25:19,607 - INFO - A_teacher is 0.539229691028595
2025-08-04 09:25:19,610 - INFO - Starting G&C
2025-08-04 09:25:31,400 - INFO - Finished G&C, time elapsed=11.790175914764404s
2025-08-04 09:25:31,401 - INFO - Finished seed=3
2025-08-04 09:25:31,401 - INFO - Starting seed=4
2025-08-04 09:25:31,404 - INFO - A_teacher is 0.5803276300430298
2025-08-04 09:25:31,407 - INFO - Starting G&C
2025-08-04 09:25:43,247 - INFO - Finished G&C, time elapsed=11.838622093200684s
2025-08-04 09:25:43,248 - INFO - Finished seed=4
2025-08-04 09:25:43,250 - INFO - Starting seed=5
2025-08-04 09:25:43,257 - INFO - A_teacher is 0.33947238326072693
2025-08-04 09:25:43,264 - INFO - Starting G&C
2025-08-04 09:25:54,536 - INFO - Finished G&C, time elapsed=11.27214789390564s
2025-08-04 09:25:54,537 - INFO - Finished seed=5
2025-08-04 09:25:54,537 - INFO - Starting seed=6
2025-08-04 09:25:54,540 - INFO - A_teacher is 0.45132192969322205
2025-08-04 09:25:54,544 - INFO - Starting G&C
2025-08-04 09:26:05,583 - INFO - Finished G&C, time elapsed=11.039103031158447s
2025-08-04 09:26:05,584 - INFO - Finished seed=6
2025-08-04 09:26:05,584 - INFO - Starting seed=7
2025-08-04 09:26:05,585 - INFO - A_teacher is 0.31256014108657837
2025-08-04 09:26:05,588 - INFO - Starting G&C
2025-08-04 09:26:16,038 - INFO - Finished G&C, time elapsed=10.450420141220093s
2025-08-04 09:26:16,039 - INFO - Finished seed=7
2025-08-04 09:26:16,039 - INFO - ----------------------------------------------------------------------------------------------------------------------------------------------
2025-08-04 09:26:16,039 - INFO - ----------------------------------------------------------------------------------------------------------------------------------------------
2025-08-04 09:26:16,039 - INFO - Finished student_dim=21
2025-08-04 09:26:16,045 - INFO - G&C avg gen_loss = 1.2110503148099991
2025-08-04 09:26:16,045 - INFO - ----------------------------------------------------------------------------------------------------------------------------------------------
2025-08-04 09:26:16,045 - INFO - Starting student_dim=22
2025-08-04 09:26:16,047 - INFO - Starting seed=0
2025-08-04 09:26:16,048 - INFO - A_teacher is 0.48532047867774963
2025-08-04 09:26:16,058 - INFO - Starting G&C
2025-08-04 09:26:35,213 - INFO - Finished G&C, time elapsed=19.155093908309937s
2025-08-04 09:26:35,214 - INFO - Finished seed=0
2025-08-04 09:26:35,215 - INFO - Starting seed=1
2025-08-04 09:26:35,218 - INFO - A_teacher is 0.6540995836257935
2025-08-04 09:26:35,221 - INFO - Starting G&C
2025-08-04 09:26:46,570 - INFO - Finished G&C, time elapsed=11.348744869232178s
2025-08-04 09:26:46,570 - INFO - Finished seed=1
2025-08-04 09:26:46,571 - INFO - Starting seed=2
2025-08-04 09:26:46,574 - INFO - A_teacher is 0.5661352276802063
2025-08-04 09:26:46,577 - INFO - Starting G&C
2025-08-04 09:26:57,930 - INFO - Finished G&C, time elapsed=11.352620840072632s
2025-08-04 09:26:57,930 - INFO - Finished seed=2
2025-08-04 09:26:57,932 - INFO - Starting seed=3
2025-08-04 09:26:57,936 - INFO - A_teacher is 0.539229691028595
2025-08-04 09:26:57,939 - INFO - Starting G&C
2025-08-04 09:27:09,062 - INFO - Finished G&C, time elapsed=11.123440265655518s
2025-08-04 09:27:09,063 - INFO - Finished seed=3
2025-08-04 09:27:09,063 - INFO - Starting seed=4
2025-08-04 09:27:09,067 - INFO - A_teacher is 0.5803276300430298
2025-08-04 09:27:09,070 - INFO - Starting G&C
2025-08-04 09:27:19,912 - INFO - Finished G&C, time elapsed=10.842139959335327s
2025-08-04 09:27:19,912 - INFO - Finished seed=4
2025-08-04 09:27:19,913 - INFO - Starting seed=5
2025-08-04 09:27:19,916 - INFO - A_teacher is 0.33947238326072693
2025-08-04 09:27:19,919 - INFO - Starting G&C
2025-08-04 09:27:30,856 - INFO - Finished G&C, time elapsed=10.936878681182861s
2025-08-04 09:27:30,857 - INFO - Finished seed=5
2025-08-04 09:27:30,858 - INFO - Starting seed=6
2025-08-04 09:27:30,861 - INFO - A_teacher is 0.45132192969322205
2025-08-04 09:27:30,864 - INFO - Starting G&C
2025-08-04 09:27:41,796 - INFO - Finished G&C, time elapsed=10.931416988372803s
2025-08-04 09:27:41,797 - INFO - Finished seed=6
2025-08-04 09:27:41,797 - INFO - Starting seed=7
2025-08-04 09:27:41,800 - INFO - A_teacher is 0.31256014108657837
2025-08-04 09:27:41,803 - INFO - Starting G&C
2025-08-04 09:27:52,577 - INFO - Finished G&C, time elapsed=10.773973941802979s
2025-08-04 09:27:52,578 - INFO - Finished seed=7
2025-08-04 09:27:52,578 - INFO - ----------------------------------------------------------------------------------------------------------------------------------------------
2025-08-04 09:27:52,578 - INFO - ----------------------------------------------------------------------------------------------------------------------------------------------
2025-08-04 09:27:52,578 - INFO - Finished student_dim=22
2025-08-04 09:27:52,584 - INFO - G&C avg gen_loss = 1.1977555557975306
2025-08-04 09:27:52,584 - INFO - ----------------------------------------------------------------------------------------------------------------------------------------------
2025-08-04 09:27:52,584 - INFO - Starting student_dim=23
2025-08-04 09:27:52,586 - INFO - Starting seed=0
2025-08-04 09:27:52,590 - INFO - A_teacher is 0.48532047867774963
2025-08-04 09:27:52,621 - INFO - Starting G&C
2025-08-04 09:28:12,380 - INFO - Finished G&C, time elapsed=19.75765085220337s
2025-08-04 09:28:12,382 - INFO - Finished seed=0
2025-08-04 09:28:12,384 - INFO - Starting seed=1
2025-08-04 09:28:12,389 - INFO - A_teacher is 0.6540995836257935
2025-08-04 09:28:12,399 - INFO - Starting G&C
2025-08-04 09:28:29,858 - INFO - Finished G&C, time elapsed=17.458340167999268s
2025-08-04 09:28:29,859 - INFO - Finished seed=1
2025-08-04 09:28:29,862 - INFO - Starting seed=2
2025-08-04 09:28:29,866 - INFO - A_teacher is 0.5661352276802063
2025-08-04 09:28:29,873 - INFO - Starting G&C
2025-08-04 09:28:47,133 - INFO - Finished G&C, time elapsed=17.258769035339355s
2025-08-04 09:28:47,134 - INFO - Finished seed=2
2025-08-04 09:28:47,136 - INFO - Starting seed=3
2025-08-04 09:28:47,139 - INFO - A_teacher is 0.539229691028595
2025-08-04 09:28:47,146 - INFO - Starting G&C
2025-08-04 09:29:03,329 - INFO - Finished G&C, time elapsed=16.183016061782837s
2025-08-04 09:29:03,330 - INFO - Finished seed=3
2025-08-04 09:29:03,330 - INFO - Starting seed=4
2025-08-04 09:29:03,334 - INFO - A_teacher is 0.5803276300430298
2025-08-04 09:29:03,337 - INFO - Starting G&C
2025-08-04 09:29:20,043 - INFO - Finished G&C, time elapsed=16.704989910125732s
2025-08-04 09:29:20,044 - INFO - Finished seed=4
2025-08-04 09:29:20,046 - INFO - Starting seed=5
2025-08-04 09:29:20,049 - INFO - A_teacher is 0.33947238326072693
2025-08-04 09:29:20,055 - INFO - Starting G&C
2025-08-04 09:29:36,401 - INFO - Finished G&C, time elapsed=16.34522819519043s
2025-08-04 09:29:36,401 - INFO - Finished seed=5
2025-08-04 09:29:36,402 - INFO - Starting seed=6
2025-08-04 09:29:36,404 - INFO - A_teacher is 0.45132192969322205
2025-08-04 09:29:36,408 - INFO - Starting G&C
2025-08-04 09:29:53,063 - INFO - Finished G&C, time elapsed=16.654365062713623s
2025-08-04 09:29:53,063 - INFO - Finished seed=6
2025-08-04 09:29:53,065 - INFO - Starting seed=7
2025-08-04 09:29:53,069 - INFO - A_teacher is 0.31256014108657837
2025-08-04 09:29:53,075 - INFO - Starting G&C
2025-08-04 09:30:11,849 - INFO - Finished G&C, time elapsed=18.772876739501953s
2025-08-04 09:30:11,851 - INFO - Finished seed=7
2025-08-04 09:30:11,853 - INFO - ----------------------------------------------------------------------------------------------------------------------------------------------
2025-08-04 09:30:11,853 - INFO - ----------------------------------------------------------------------------------------------------------------------------------------------
2025-08-04 09:30:11,853 - INFO - Finished student_dim=23
2025-08-04 09:30:11,857 - INFO - G&C avg gen_loss = 1.3233323514933102
2025-08-04 09:30:11,857 - INFO - ----------------------------------------------------------------------------------------------------------------------------------------------
2025-08-04 09:30:11,857 - INFO - Starting student_dim=24
2025-08-04 09:30:11,860 - INFO - Starting seed=0
2025-08-04 09:30:11,863 - INFO - A_teacher is 0.48532047867774963
2025-08-04 09:30:11,885 - INFO - Starting G&C
2025-08-04 09:30:29,787 - INFO - Finished G&C, time elapsed=17.901875972747803s
2025-08-04 09:30:29,788 - INFO - Finished seed=0
2025-08-04 09:30:29,788 - INFO - Starting seed=1
2025-08-04 09:30:29,791 - INFO - A_teacher is 0.6540995836257935
2025-08-04 09:30:29,793 - INFO - Starting G&C
2025-08-04 09:30:41,604 - INFO - Finished G&C, time elapsed=11.810354948043823s
2025-08-04 09:30:41,604 - INFO - Finished seed=1
2025-08-04 09:30:41,605 - INFO - Starting seed=2
2025-08-04 09:30:41,606 - INFO - A_teacher is 0.5661352276802063
2025-08-04 09:30:41,609 - INFO - Starting G&C
2025-08-04 09:30:53,740 - INFO - Finished G&C, time elapsed=12.131763935089111s
2025-08-04 09:30:53,741 - INFO - Finished seed=2
2025-08-04 09:30:53,742 - INFO - Starting seed=3
2025-08-04 09:30:53,743 - INFO - A_teacher is 0.539229691028595
2025-08-04 09:30:53,745 - INFO - Starting G&C
2025-08-04 09:31:05,487 - INFO - Finished G&C, time elapsed=11.741562843322754s
2025-08-04 09:31:05,488 - INFO - Finished seed=3
2025-08-04 09:31:05,488 - INFO - Starting seed=4
2025-08-04 09:31:05,496 - INFO - A_teacher is 0.5803276300430298
2025-08-04 09:31:05,498 - INFO - Starting G&C
2025-08-04 09:31:16,976 - INFO - Finished G&C, time elapsed=11.47779893875122s
2025-08-04 09:31:16,977 - INFO - Finished seed=4
2025-08-04 09:31:16,978 - INFO - Starting seed=5
2025-08-04 09:31:16,979 - INFO - A_teacher is 0.33947238326072693
2025-08-04 09:31:16,982 - INFO - Starting G&C
2025-08-04 09:31:28,804 - INFO - Finished G&C, time elapsed=11.821812152862549s
2025-08-04 09:31:28,804 - INFO - Finished seed=5
2025-08-04 09:31:28,805 - INFO - Starting seed=6
2025-08-04 09:31:28,807 - INFO - A_teacher is 0.45132192969322205
2025-08-04 09:31:28,809 - INFO - Starting G&C
2025-08-04 09:31:40,814 - INFO - Finished G&C, time elapsed=12.004555940628052s
2025-08-04 09:31:40,814 - INFO - Finished seed=6
2025-08-04 09:31:40,815 - INFO - Starting seed=7
2025-08-04 09:31:40,816 - INFO - A_teacher is 0.31256014108657837
2025-08-04 09:31:40,818 - INFO - Starting G&C
2025-08-04 09:31:52,724 - INFO - Finished G&C, time elapsed=11.905129194259644s
2025-08-04 09:31:52,724 - INFO - Finished seed=7
2025-08-04 09:31:52,725 - INFO - ----------------------------------------------------------------------------------------------------------------------------------------------
2025-08-04 09:31:52,725 - INFO - ----------------------------------------------------------------------------------------------------------------------------------------------
2025-08-04 09:31:52,725 - INFO - Finished student_dim=24
2025-08-04 09:31:52,725 - INFO - G&C avg gen_loss = 1.312354536957001
2025-08-04 09:31:52,725 - INFO - ----------------------------------------------------------------------------------------------------------------------------------------------
2025-08-04 09:31:52,725 - INFO - Starting student_dim=25
2025-08-04 09:31:52,726 - INFO - Starting seed=0
2025-08-04 09:31:52,726 - INFO - A_teacher is 0.48532047867774963
2025-08-04 09:31:52,736 - INFO - Starting G&C
2025-08-04 09:32:10,114 - INFO - Finished G&C, time elapsed=17.376811027526855s
2025-08-04 09:32:10,115 - INFO - Finished seed=0
2025-08-04 09:32:10,118 - INFO - Starting seed=1
2025-08-04 09:32:10,127 - INFO - A_teacher is 0.6540995836257935
2025-08-04 09:32:10,140 - INFO - Starting G&C
2025-08-04 09:32:25,233 - INFO - Finished G&C, time elapsed=15.092941761016846s
2025-08-04 09:32:25,233 - INFO - Finished seed=1
2025-08-04 09:32:25,234 - INFO - Starting seed=2
2025-08-04 09:32:25,237 - INFO - A_teacher is 0.5661352276802063
2025-08-04 09:32:25,239 - INFO - Starting G&C
2025-08-04 09:32:38,365 - INFO - Finished G&C, time elapsed=13.125699996948242s
2025-08-04 09:32:38,366 - INFO - Finished seed=2
2025-08-04 09:32:38,366 - INFO - Starting seed=3
2025-08-04 09:32:38,369 - INFO - A_teacher is 0.539229691028595
2025-08-04 09:32:38,373 - INFO - Starting G&C
2025-08-04 09:32:51,411 - INFO - Finished G&C, time elapsed=13.03749132156372s
2025-08-04 09:32:51,411 - INFO - Finished seed=3
2025-08-04 09:32:51,412 - INFO - Starting seed=4
2025-08-04 09:32:51,416 - INFO - A_teacher is 0.5803276300430298
2025-08-04 09:32:51,419 - INFO - Starting G&C
2025-08-04 09:33:03,977 - INFO - Finished G&C, time elapsed=12.557213068008423s
2025-08-04 09:33:03,977 - INFO - Finished seed=4
2025-08-04 09:33:03,978 - INFO - Starting seed=5
2025-08-04 09:33:03,981 - INFO - A_teacher is 0.33947238326072693
2025-08-04 09:33:03,983 - INFO - Starting G&C
2025-08-04 09:33:17,437 - INFO - Finished G&C, time elapsed=13.453366041183472s
2025-08-04 09:33:17,437 - INFO - Finished seed=5
2025-08-04 09:33:17,438 - INFO - Starting seed=6
2025-08-04 09:33:17,441 - INFO - A_teacher is 0.45132192969322205
2025-08-04 09:33:17,444 - INFO - Starting G&C
2025-08-04 09:33:29,961 - INFO - Finished G&C, time elapsed=12.51651906967163s
2025-08-04 09:33:29,962 - INFO - Finished seed=6
2025-08-04 09:33:29,962 - INFO - Starting seed=7
2025-08-04 09:33:29,966 - INFO - A_teacher is 0.31256014108657837
2025-08-04 09:33:29,968 - INFO - Starting G&C
2025-08-04 09:33:43,387 - INFO - Finished G&C, time elapsed=13.4187650680542s
2025-08-04 09:33:43,388 - INFO - Finished seed=7
2025-08-04 09:33:43,389 - INFO - ----------------------------------------------------------------------------------------------------------------------------------------------
2025-08-04 09:33:43,389 - INFO - ----------------------------------------------------------------------------------------------------------------------------------------------
2025-08-04 09:33:43,389 - INFO - Finished student_dim=25
2025-08-04 09:33:43,395 - INFO - G&C avg gen_loss = 1.1748309827273433
2025-08-04 09:33:43,396 - INFO - ----------------------------------------------------------------------------------------------------------------------------------------------
2025-08-04 09:33:43,396 - INFO - Starting student_dim=26
2025-08-04 09:33:43,398 - INFO - Starting seed=0
2025-08-04 09:33:43,402 - INFO - A_teacher is 0.48532047867774963
2025-08-04 09:33:43,432 - INFO - Starting G&C
2025-08-04 09:33:58,887 - INFO - Finished G&C, time elapsed=15.455154180526733s
2025-08-04 09:33:58,888 - INFO - Finished seed=0
2025-08-04 09:33:58,888 - INFO - Starting seed=1
2025-08-04 09:33:58,892 - INFO - A_teacher is 0.6540995836257935
2025-08-04 09:33:58,895 - INFO - Starting G&C
2025-08-04 09:34:14,667 - INFO - Finished G&C, time elapsed=15.771972894668579s
2025-08-04 09:34:14,668 - INFO - Finished seed=1
2025-08-04 09:34:14,668 - INFO - Starting seed=2
2025-08-04 09:34:14,671 - INFO - A_teacher is 0.5661352276802063
2025-08-04 09:34:14,674 - INFO - Starting G&C
2025-08-04 09:34:28,378 - INFO - Finished G&C, time elapsed=13.70354413986206s
2025-08-04 09:34:28,379 - INFO - Finished seed=2
2025-08-04 09:34:28,379 - INFO - Starting seed=3
2025-08-04 09:34:28,382 - INFO - A_teacher is 0.539229691028595
2025-08-04 09:34:28,385 - INFO - Starting G&C
2025-08-04 09:34:43,310 - INFO - Finished G&C, time elapsed=14.92471194267273s
2025-08-04 09:34:43,311 - INFO - Finished seed=3
2025-08-04 09:34:43,311 - INFO - Starting seed=4
2025-08-04 09:34:43,316 - INFO - A_teacher is 0.5803276300430298
2025-08-04 09:34:43,319 - INFO - Starting G&C
2025-08-04 09:34:58,253 - INFO - Finished G&C, time elapsed=14.933035135269165s
2025-08-04 09:34:58,253 - INFO - Finished seed=4
2025-08-04 09:34:58,254 - INFO - Starting seed=5
2025-08-04 09:34:58,257 - INFO - A_teacher is 0.33947238326072693
2025-08-04 09:34:58,260 - INFO - Starting G&C
2025-08-04 09:35:13,108 - INFO - Finished G&C, time elapsed=14.847609758377075s
2025-08-04 09:35:13,108 - INFO - Finished seed=5
2025-08-04 09:35:13,108 - INFO - Starting seed=6
2025-08-04 09:35:13,112 - INFO - A_teacher is 0.45132192969322205
2025-08-04 09:35:13,115 - INFO - Starting G&C
2025-08-04 09:35:26,876 - INFO - Finished G&C, time elapsed=13.76034688949585s
2025-08-04 09:35:26,876 - INFO - Finished seed=6
2025-08-04 09:35:26,877 - INFO - Starting seed=7
2025-08-04 09:35:26,880 - INFO - A_teacher is 0.31256014108657837
2025-08-04 09:35:26,884 - INFO - Starting G&C
2025-08-04 09:35:39,435 - INFO - Finished G&C, time elapsed=12.550788164138794s
2025-08-04 09:35:39,436 - INFO - Finished seed=7
2025-08-04 09:35:39,438 - INFO - ----------------------------------------------------------------------------------------------------------------------------------------------
2025-08-04 09:35:39,438 - INFO - ----------------------------------------------------------------------------------------------------------------------------------------------
2025-08-04 09:35:39,438 - INFO - Finished student_dim=26
2025-08-04 09:35:39,446 - INFO - G&C avg gen_loss = 1.285324393566623
2025-08-04 09:35:39,446 - INFO - ----------------------------------------------------------------------------------------------------------------------------------------------
2025-08-04 09:35:39,446 - INFO - Starting student_dim=27
2025-08-04 09:35:39,448 - INFO - Starting seed=0
2025-08-04 09:35:39,451 - INFO - A_teacher is 0.48532047867774963
2025-08-04 09:35:39,476 - INFO - Starting G&C
2025-08-04 09:35:50,734 - INFO - Finished G&C, time elapsed=11.257872104644775s
2025-08-04 09:35:50,734 - INFO - Finished seed=0
2025-08-04 09:35:50,735 - INFO - Starting seed=1
2025-08-04 09:35:50,736 - INFO - A_teacher is 0.6540995836257935
2025-08-04 09:35:50,738 - INFO - Starting G&C
2025-08-04 09:36:01,771 - INFO - Finished G&C, time elapsed=11.0326828956604s
2025-08-04 09:36:01,771 - INFO - Finished seed=1
2025-08-04 09:36:01,771 - INFO - Starting seed=2
2025-08-04 09:36:01,799 - INFO - A_teacher is 0.5661352276802063
2025-08-04 09:36:01,801 - INFO - Starting G&C
2025-08-04 09:36:13,106 - INFO - Finished G&C, time elapsed=11.304908752441406s
2025-08-04 09:36:13,107 - INFO - Finished seed=2
2025-08-04 09:36:13,107 - INFO - Starting seed=3
2025-08-04 09:36:13,109 - INFO - A_teacher is 0.539229691028595
2025-08-04 09:36:13,111 - INFO - Starting G&C
2025-08-04 09:36:24,396 - INFO - Finished G&C, time elapsed=11.284948110580444s
2025-08-04 09:36:24,396 - INFO - Finished seed=3
2025-08-04 09:36:24,396 - INFO - Starting seed=4
2025-08-04 09:36:24,397 - INFO - A_teacher is 0.5803276300430298
2025-08-04 09:36:24,399 - INFO - Starting G&C
2025-08-04 09:36:36,053 - INFO - Finished G&C, time elapsed=11.653250694274902s
2025-08-04 09:36:36,053 - INFO - Finished seed=4
2025-08-04 09:36:36,054 - INFO - Starting seed=5
2025-08-04 09:36:36,057 - INFO - A_teacher is 0.33947238326072693
2025-08-04 09:36:36,060 - INFO - Starting G&C
2025-08-04 09:36:47,899 - INFO - Finished G&C, time elapsed=11.83821702003479s
2025-08-04 09:36:47,900 - INFO - Finished seed=5
2025-08-04 09:36:47,900 - INFO - Starting seed=6
2025-08-04 09:36:47,901 - INFO - A_teacher is 0.45132192969322205
2025-08-04 09:36:47,904 - INFO - Starting G&C
2025-08-04 09:37:00,214 - INFO - Finished G&C, time elapsed=12.309693098068237s
2025-08-04 09:37:00,216 - INFO - Finished seed=6
2025-08-04 09:37:00,216 - INFO - Starting seed=7
2025-08-04 09:37:00,219 - INFO - A_teacher is 0.31256014108657837
2025-08-04 09:37:00,225 - INFO - Starting G&C
2025-08-04 09:37:12,750 - INFO - Finished G&C, time elapsed=12.52514100074768s
2025-08-04 09:37:12,750 - INFO - Finished seed=7
2025-08-04 09:37:12,751 - INFO - ----------------------------------------------------------------------------------------------------------------------------------------------
2025-08-04 09:37:12,751 - INFO - ----------------------------------------------------------------------------------------------------------------------------------------------
2025-08-04 09:37:12,751 - INFO - Finished student_dim=27
2025-08-04 09:37:12,751 - INFO - G&C avg gen_loss = 1.326840242328105
2025-08-04 09:37:12,751 - INFO - ----------------------------------------------------------------------------------------------------------------------------------------------
2025-08-04 09:37:12,752 - INFO - Starting student_dim=28
2025-08-04 09:37:12,752 - INFO - Starting seed=0
2025-08-04 09:37:12,755 - INFO - A_teacher is 0.48532047867774963
2025-08-04 09:37:12,763 - INFO - Starting G&C
2025-08-04 09:37:25,283 - INFO - Finished G&C, time elapsed=12.519367933273315s
2025-08-04 09:37:25,283 - INFO - Finished seed=0
2025-08-04 09:37:25,284 - INFO - Starting seed=1
2025-08-04 09:37:25,287 - INFO - A_teacher is 0.6540995836257935
2025-08-04 09:37:25,290 - INFO - Starting G&C
2025-08-04 09:37:37,160 - INFO - Finished G&C, time elapsed=11.869438886642456s
2025-08-04 09:37:37,160 - INFO - Finished seed=1
2025-08-04 09:37:37,161 - INFO - Starting seed=2
2025-08-04 09:37:37,162 - INFO - A_teacher is 0.5661352276802063
2025-08-04 09:37:37,165 - INFO - Starting G&C
2025-08-04 09:37:49,108 - INFO - Finished G&C, time elapsed=11.94282603263855s
2025-08-04 09:37:49,108 - INFO - Finished seed=2
2025-08-04 09:37:49,109 - INFO - Starting seed=3
2025-08-04 09:37:49,110 - INFO - A_teacher is 0.539229691028595
2025-08-04 09:37:49,112 - INFO - Starting G&C
2025-08-04 09:38:01,058 - INFO - Finished G&C, time elapsed=11.94526720046997s
2025-08-04 09:38:01,058 - INFO - Finished seed=3
2025-08-04 09:38:01,060 - INFO - Starting seed=4
2025-08-04 09:38:01,062 - INFO - A_teacher is 0.5803276300430298
2025-08-04 09:38:01,066 - INFO - Starting G&C
2025-08-04 09:38:12,982 - INFO - Finished G&C, time elapsed=11.915412902832031s
2025-08-04 09:38:12,983 - INFO - Finished seed=4
2025-08-04 09:38:12,983 - INFO - Starting seed=5
2025-08-04 09:38:12,986 - INFO - A_teacher is 0.33947238326072693
2025-08-04 09:38:12,989 - INFO - Starting G&C
2025-08-04 09:38:25,258 - INFO - Finished G&C, time elapsed=12.268622159957886s
2025-08-04 09:38:25,259 - INFO - Finished seed=5
2025-08-04 09:38:25,259 - INFO - Starting seed=6
2025-08-04 09:38:25,296 - INFO - A_teacher is 0.45132192969322205
2025-08-04 09:38:25,298 - INFO - Starting G&C
2025-08-04 09:38:38,130 - INFO - Finished G&C, time elapsed=12.831441879272461s
2025-08-04 09:38:38,130 - INFO - Finished seed=6
2025-08-04 09:38:38,131 - INFO - Starting seed=7
2025-08-04 09:38:38,132 - INFO - A_teacher is 0.31256014108657837
2025-08-04 09:38:38,134 - INFO - Starting G&C
2025-08-04 09:38:50,343 - INFO - Finished G&C, time elapsed=12.208379030227661s
2025-08-04 09:38:50,344 - INFO - Finished seed=7
2025-08-04 09:38:50,345 - INFO - ----------------------------------------------------------------------------------------------------------------------------------------------
2025-08-04 09:38:50,345 - INFO - ----------------------------------------------------------------------------------------------------------------------------------------------
2025-08-04 09:38:50,345 - INFO - Finished student_dim=28
2025-08-04 09:38:50,353 - INFO - G&C avg gen_loss = 1.245652697894585
2025-08-04 09:38:50,353 - INFO - ----------------------------------------------------------------------------------------------------------------------------------------------
2025-08-04 09:38:50,353 - INFO - Starting student_dim=29
2025-08-04 09:38:50,355 - INFO - Starting seed=0
2025-08-04 09:38:50,359 - INFO - A_teacher is 0.48532047867774963
2025-08-04 09:38:50,398 - INFO - Starting G&C
2025-08-04 09:39:19,994 - INFO - Finished G&C, time elapsed=29.596484899520874s
2025-08-04 09:39:19,995 - INFO - Finished seed=0
2025-08-04 09:39:19,995 - INFO - Starting seed=1
2025-08-04 09:39:20,000 - INFO - A_teacher is 0.6540995836257935
2025-08-04 09:39:20,009 - INFO - Starting G&C
2025-08-04 09:39:46,771 - INFO - Finished G&C, time elapsed=26.760838747024536s
2025-08-04 09:39:46,772 - INFO - Finished seed=1
2025-08-04 09:39:46,780 - INFO - Starting seed=2
2025-08-04 09:39:46,783 - INFO - A_teacher is 0.5661352276802063
2025-08-04 09:39:46,789 - INFO - Starting G&C
2025-08-04 09:40:12,334 - INFO - Finished G&C, time elapsed=25.54393982887268s
2025-08-04 09:40:12,335 - INFO - Finished seed=2
2025-08-04 09:40:12,335 - INFO - Starting seed=3
2025-08-04 09:40:12,338 - INFO - A_teacher is 0.539229691028595
2025-08-04 09:40:12,343 - INFO - Starting G&C
2025-08-04 09:40:40,314 - INFO - Finished G&C, time elapsed=27.969207048416138s
2025-08-04 09:40:40,315 - INFO - Finished seed=3
2025-08-04 09:40:40,316 - INFO - Starting seed=4
2025-08-04 09:40:40,319 - INFO - A_teacher is 0.5803276300430298
2025-08-04 09:40:40,324 - INFO - Starting G&C
2025-08-04 09:41:10,816 - INFO - Finished G&C, time elapsed=30.49163794517517s
2025-08-04 09:41:10,816 - INFO - Finished seed=4
2025-08-04 09:41:10,818 - INFO - Starting seed=5
2025-08-04 09:41:10,822 - INFO - A_teacher is 0.33947238326072693
2025-08-04 09:41:10,829 - INFO - Starting G&C
2025-08-04 09:41:47,890 - INFO - Finished G&C, time elapsed=37.0581271648407s
2025-08-04 09:41:47,891 - INFO - Finished seed=5
2025-08-04 09:41:47,894 - INFO - Starting seed=6
2025-08-04 09:41:47,901 - INFO - A_teacher is 0.45132192969322205
2025-08-04 09:41:47,909 - INFO - Starting G&C
2025-08-04 09:42:16,516 - INFO - Finished G&C, time elapsed=28.60511064529419s
2025-08-04 09:42:16,518 - INFO - Finished seed=6
2025-08-04 09:42:16,519 - INFO - Starting seed=7
2025-08-04 09:42:16,523 - INFO - A_teacher is 0.31256014108657837
2025-08-04 09:42:16,531 - INFO - Starting G&C
2025-08-04 09:42:43,604 - INFO - Finished G&C, time elapsed=27.072330951690674s
2025-08-04 09:42:43,605 - INFO - Finished seed=7
2025-08-04 09:42:43,608 - INFO - ----------------------------------------------------------------------------------------------------------------------------------------------
2025-08-04 09:42:43,608 - INFO - ----------------------------------------------------------------------------------------------------------------------------------------------
2025-08-04 09:42:43,608 - INFO - Finished student_dim=29
2025-08-04 09:42:43,621 - INFO - G&C avg gen_loss = 1.3874087518461682
2025-08-04 09:42:43,621 - INFO - ----------------------------------------------------------------------------------------------------------------------------------------------
2025-08-04 09:42:43,622 - INFO - Starting student_dim=30
2025-08-04 09:42:43,625 - INFO - Starting seed=0
2025-08-04 09:42:43,629 - INFO - A_teacher is 0.48532047867774963
2025-08-04 09:42:43,679 - INFO - Starting G&C
2025-08-04 09:42:57,503 - INFO - Finished G&C, time elapsed=13.82371711730957s
2025-08-04 09:42:57,503 - INFO - Finished seed=0
2025-08-04 09:42:57,504 - INFO - Starting seed=1
2025-08-04 09:42:57,507 - INFO - A_teacher is 0.6540995836257935
2025-08-04 09:42:57,510 - INFO - Starting G&C
2025-08-04 09:43:11,312 - INFO - Finished G&C, time elapsed=13.80234694480896s
2025-08-04 09:43:11,313 - INFO - Finished seed=1
2025-08-04 09:43:11,314 - INFO - Starting seed=2
2025-08-04 09:43:11,317 - INFO - A_teacher is 0.5661352276802063
2025-08-04 09:43:11,320 - INFO - Starting G&C
2025-08-04 09:43:24,944 - INFO - Finished G&C, time elapsed=13.624018907546997s
2025-08-04 09:43:24,945 - INFO - Finished seed=2
2025-08-04 09:43:24,945 - INFO - Starting seed=3
2025-08-04 09:43:24,948 - INFO - A_teacher is 0.539229691028595
2025-08-04 09:43:24,952 - INFO - Starting G&C
2025-08-04 09:43:39,611 - INFO - Finished G&C, time elapsed=14.65866994857788s
2025-08-04 09:43:39,611 - INFO - Finished seed=3
2025-08-04 09:43:39,612 - INFO - Starting seed=4
2025-08-04 09:43:39,615 - INFO - A_teacher is 0.5803276300430298
2025-08-04 09:43:39,619 - INFO - Starting G&C
2025-08-04 09:43:54,334 - INFO - Finished G&C, time elapsed=14.715002059936523s
2025-08-04 09:43:54,334 - INFO - Finished seed=4
2025-08-04 09:43:54,335 - INFO - Starting seed=5
2025-08-04 09:43:54,338 - INFO - A_teacher is 0.33947238326072693
2025-08-04 09:43:54,341 - INFO - Starting G&C
2025-08-04 09:44:08,210 - INFO - Finished G&C, time elapsed=13.86864686012268s
2025-08-04 09:44:08,211 - INFO - Finished seed=5
2025-08-04 09:44:08,211 - INFO - Starting seed=6
2025-08-04 09:44:08,215 - INFO - A_teacher is 0.45132192969322205
2025-08-04 09:44:08,219 - INFO - Starting G&C
2025-08-04 09:44:21,683 - INFO - Finished G&C, time elapsed=13.46370816230774s
2025-08-04 09:44:21,683 - INFO - Finished seed=6
2025-08-04 09:44:21,684 - INFO - Starting seed=7
2025-08-04 09:44:21,687 - INFO - A_teacher is 0.31256014108657837
2025-08-04 09:44:21,690 - INFO - Starting G&C
2025-08-04 09:44:34,836 - INFO - Finished G&C, time elapsed=13.145891189575195s
2025-08-04 09:44:34,837 - INFO - Finished seed=7
2025-08-04 09:44:34,838 - INFO - ----------------------------------------------------------------------------------------------------------------------------------------------
2025-08-04 09:44:34,838 - INFO - ----------------------------------------------------------------------------------------------------------------------------------------------
2025-08-04 09:44:34,838 - INFO - Finished student_dim=30
2025-08-04 09:44:34,846 - INFO - G&C avg gen_loss = 1.5570003874096292
2025-08-04 09:44:34,846 - INFO - ----------------------------------------------------------------------------------------------------------------------------------------------
2025-08-04 09:44:34,847 - INFO - Starting student_dim=31
2025-08-04 09:44:34,848 - INFO - Starting seed=0
2025-08-04 09:44:34,851 - INFO - A_teacher is 0.48532047867774963
2025-08-04 09:44:34,885 - INFO - Starting G&C
2025-08-04 09:44:51,315 - INFO - Finished G&C, time elapsed=16.43011713027954s
2025-08-04 09:44:51,316 - INFO - Finished seed=0
2025-08-04 09:44:51,316 - INFO - Starting seed=1
2025-08-04 09:44:51,319 - INFO - A_teacher is 0.6540995836257935
2025-08-04 09:44:51,321 - INFO - Starting G&C
2025-08-04 09:45:10,431 - INFO - Finished G&C, time elapsed=19.108989000320435s
2025-08-04 09:45:10,433 - INFO - Finished seed=1
2025-08-04 09:45:10,434 - INFO - Starting seed=2
2025-08-04 09:45:10,439 - INFO - A_teacher is 0.5661352276802063
2025-08-04 09:45:10,446 - INFO - Starting G&C
2025-08-04 09:45:29,228 - INFO - Finished G&C, time elapsed=18.780256986618042s
2025-08-04 09:45:29,229 - INFO - Finished seed=2
2025-08-04 09:45:29,230 - INFO - Starting seed=3
2025-08-04 09:45:29,235 - INFO - A_teacher is 0.539229691028595
2025-08-04 09:45:29,241 - INFO - Starting G&C
2025-08-04 09:45:47,899 - INFO - Finished G&C, time elapsed=18.65674591064453s
2025-08-04 09:45:47,901 - INFO - Finished seed=3
2025-08-04 09:45:47,902 - INFO - Starting seed=4
2025-08-04 09:45:47,906 - INFO - A_teacher is 0.5803276300430298
2025-08-04 09:45:47,911 - INFO - Starting G&C
2025-08-04 09:46:05,342 - INFO - Finished G&C, time elapsed=17.43005084991455s
2025-08-04 09:46:05,343 - INFO - Finished seed=4
2025-08-04 09:46:05,343 - INFO - Starting seed=5
2025-08-04 09:46:05,346 - INFO - A_teacher is 0.33947238326072693
2025-08-04 09:46:05,350 - INFO - Starting G&C
2025-08-04 09:46:22,853 - INFO - Finished G&C, time elapsed=17.503077030181885s
2025-08-04 09:46:22,853 - INFO - Finished seed=5
2025-08-04 09:46:22,854 - INFO - Starting seed=6
2025-08-04 09:46:22,857 - INFO - A_teacher is 0.45132192969322205
2025-08-04 09:46:22,859 - INFO - Starting G&C
2025-08-04 09:46:41,297 - INFO - Finished G&C, time elapsed=18.437566995620728s
2025-08-04 09:46:41,297 - INFO - Finished seed=6
2025-08-04 09:46:41,298 - INFO - Starting seed=7
2025-08-04 09:46:41,300 - INFO - A_teacher is 0.31256014108657837
2025-08-04 09:46:41,303 - INFO - Starting G&C
2025-08-04 09:47:03,374 - INFO - Finished G&C, time elapsed=22.069935083389282s
2025-08-04 09:47:03,376 - INFO - Finished seed=7
2025-08-04 09:47:03,377 - INFO - ----------------------------------------------------------------------------------------------------------------------------------------------
2025-08-04 09:47:03,377 - INFO - ----------------------------------------------------------------------------------------------------------------------------------------------
2025-08-04 09:47:03,377 - INFO - Finished student_dim=31
2025-08-04 09:47:03,387 - INFO - G&C avg gen_loss = 1.4797895084818364
2025-08-04 09:47:03,387 - INFO - ----------------------------------------------------------------------------------------------------------------------------------------------
2025-08-04 09:47:03,387 - INFO - Starting student_dim=32
2025-08-04 09:47:03,391 - INFO - Starting seed=0
2025-08-04 09:47:03,393 - INFO - A_teacher is 0.48532047867774963
2025-08-04 09:47:03,427 - INFO - Starting G&C
2025-08-04 09:47:23,318 - INFO - Finished G&C, time elapsed=19.890336990356445s
2025-08-04 09:47:23,318 - INFO - Finished seed=0
2025-08-04 09:47:23,319 - INFO - Starting seed=1
2025-08-04 09:47:23,322 - INFO - A_teacher is 0.6540995836257935
2025-08-04 09:47:23,325 - INFO - Starting G&C
2025-08-04 09:47:43,125 - INFO - Finished G&C, time elapsed=19.798349142074585s
2025-08-04 09:47:43,126 - INFO - Finished seed=1
2025-08-04 09:47:43,128 - INFO - Starting seed=2
2025-08-04 09:47:43,132 - INFO - A_teacher is 0.5661352276802063
2025-08-04 09:47:43,137 - INFO - Starting G&C
2025-08-04 09:48:05,159 - INFO - Finished G&C, time elapsed=22.021475076675415s
2025-08-04 09:48:05,161 - INFO - Finished seed=2
2025-08-04 09:48:05,163 - INFO - Starting seed=3
2025-08-04 09:48:05,167 - INFO - A_teacher is 0.539229691028595
2025-08-04 09:48:05,174 - INFO - Starting G&C
2025-08-04 09:48:27,340 - INFO - Finished G&C, time elapsed=22.165076971054077s
2025-08-04 09:48:27,341 - INFO - Finished seed=3
2025-08-04 09:48:27,343 - INFO - Starting seed=4
2025-08-04 09:48:27,348 - INFO - A_teacher is 0.5803276300430298
2025-08-04 09:48:27,353 - INFO - Starting G&C
2025-08-04 09:48:52,000 - INFO - Finished G&C, time elapsed=24.646005868911743s
2025-08-04 09:48:52,002 - INFO - Finished seed=4
2025-08-04 09:48:52,004 - INFO - Starting seed=5
2025-08-04 09:48:52,009 - INFO - A_teacher is 0.33947238326072693
2025-08-04 09:48:52,014 - INFO - Starting G&C
2025-08-04 09:49:14,925 - INFO - Finished G&C, time elapsed=22.9099018573761s
2025-08-04 09:49:14,926 - INFO - Finished seed=5
2025-08-04 09:49:14,927 - INFO - Starting seed=6
2025-08-04 09:49:14,930 - INFO - A_teacher is 0.45132192969322205
2025-08-04 09:49:14,935 - INFO - Starting G&C
2025-08-04 09:49:35,934 - INFO - Finished G&C, time elapsed=20.99797487258911s
2025-08-04 09:49:35,935 - INFO - Finished seed=6
2025-08-04 09:49:35,937 - INFO - Starting seed=7
2025-08-04 09:49:35,940 - INFO - A_teacher is 0.31256014108657837
2025-08-04 09:49:35,944 - INFO - Starting G&C
2025-08-04 09:50:09,591 - INFO - Finished G&C, time elapsed=33.64371991157532s
2025-08-04 09:50:09,593 - INFO - Finished seed=7
2025-08-04 09:50:09,597 - INFO - ----------------------------------------------------------------------------------------------------------------------------------------------
2025-08-04 09:50:09,597 - INFO - ----------------------------------------------------------------------------------------------------------------------------------------------
2025-08-04 09:50:09,597 - INFO - Finished student_dim=32
2025-08-04 09:50:09,604 - INFO - G&C avg gen_loss = 1.710825345902526
2025-08-04 09:50:09,604 - INFO - ----------------------------------------------------------------------------------------------------------------------------------------------
2025-08-04 09:50:09,605 - INFO - Starting student_dim=33
2025-08-04 09:50:09,607 - INFO - Starting seed=0
2025-08-04 09:50:09,614 - INFO - A_teacher is 0.48532047867774963
2025-08-04 09:50:09,680 - INFO - Starting G&C
2025-08-04 09:50:45,464 - INFO - Finished G&C, time elapsed=35.78304576873779s
2025-08-04 09:50:45,465 - INFO - Finished seed=0
2025-08-04 09:50:45,467 - INFO - Starting seed=1
2025-08-04 09:50:45,471 - INFO - A_teacher is 0.6540995836257935
2025-08-04 09:50:45,480 - INFO - Starting G&C
2025-08-04 09:51:22,190 - INFO - Finished G&C, time elapsed=36.708434104919434s
2025-08-04 09:51:22,192 - INFO - Finished seed=1
2025-08-04 09:51:22,194 - INFO - Starting seed=2
2025-08-04 09:51:22,196 - INFO - A_teacher is 0.5661352276802063
2025-08-04 09:51:22,202 - INFO - Starting G&C
2025-08-04 09:51:53,803 - INFO - Finished G&C, time elapsed=31.599465131759644s
2025-08-04 09:51:53,804 - INFO - Finished seed=2
2025-08-04 09:51:53,806 - INFO - Starting seed=3
2025-08-04 09:51:53,810 - INFO - A_teacher is 0.539229691028595
2025-08-04 09:51:53,816 - INFO - Starting G&C
2025-08-04 09:52:36,176 - INFO - Finished G&C, time elapsed=42.36009502410889s
2025-08-04 09:52:36,178 - INFO - Finished seed=3
2025-08-04 09:52:36,179 - INFO - Starting seed=4
2025-08-04 09:52:36,184 - INFO - A_teacher is 0.5803276300430298
2025-08-04 09:52:36,189 - INFO - Starting G&C
2025-08-04 09:53:08,917 - INFO - Finished G&C, time elapsed=32.727269887924194s
2025-08-04 09:53:08,919 - INFO - Finished seed=4
2025-08-04 09:53:08,921 - INFO - Starting seed=5
2025-08-04 09:53:08,925 - INFO - A_teacher is 0.33947238326072693
2025-08-04 09:53:08,930 - INFO - Starting G&C
2025-08-04 09:53:41,194 - INFO - Finished G&C, time elapsed=32.262431383132935s
2025-08-04 09:53:41,196 - INFO - Finished seed=5
2025-08-04 09:53:41,197 - INFO - Starting seed=6
2025-08-04 09:53:41,201 - INFO - A_teacher is 0.45132192969322205
2025-08-04 09:53:41,208 - INFO - Starting G&C
2025-08-04 09:54:21,071 - INFO - Finished G&C, time elapsed=39.86258006095886s
2025-08-04 09:54:21,073 - INFO - Finished seed=6
2025-08-04 09:54:21,075 - INFO - Starting seed=7
2025-08-04 09:54:21,078 - INFO - A_teacher is 0.31256014108657837
2025-08-04 09:54:21,083 - INFO - Starting G&C
2025-08-04 09:54:56,075 - INFO - Finished G&C, time elapsed=34.98887395858765s
2025-08-04 09:54:56,076 - INFO - Finished seed=7
2025-08-04 09:54:56,080 - INFO - ----------------------------------------------------------------------------------------------------------------------------------------------
2025-08-04 09:54:56,080 - INFO - ----------------------------------------------------------------------------------------------------------------------------------------------
2025-08-04 09:54:56,080 - INFO - Finished student_dim=33
2025-08-04 09:54:56,089 - INFO - G&C avg gen_loss = 1.7338649184834636
2025-08-04 09:54:56,089 - INFO - ----------------------------------------------------------------------------------------------------------------------------------------------
2025-08-04 09:54:56,090 - INFO - Starting student_dim=34
2025-08-04 09:54:56,093 - INFO - Starting seed=0
2025-08-04 09:54:56,098 - INFO - A_teacher is 0.48532047867774963
2025-08-04 09:54:56,172 - INFO - Starting G&C
2025-08-04 09:55:21,825 - INFO - Finished G&C, time elapsed=25.653138875961304s
2025-08-04 09:55:21,826 - INFO - Finished seed=0
2025-08-04 09:55:21,826 - INFO - Starting seed=1
2025-08-04 09:55:21,828 - INFO - A_teacher is 0.6540995836257935
2025-08-04 09:55:21,836 - INFO - Starting G&C
2025-08-04 09:55:43,287 - INFO - Finished G&C, time elapsed=21.4510600566864s
2025-08-04 09:55:43,288 - INFO - Finished seed=1
2025-08-04 09:55:43,288 - INFO - Starting seed=2
2025-08-04 09:55:43,290 - INFO - A_teacher is 0.5661352276802063
2025-08-04 09:55:43,293 - INFO - Starting G&C
2025-08-04 09:56:05,770 - INFO - Finished G&C, time elapsed=22.477294921875s
2025-08-04 09:56:05,771 - INFO - Finished seed=2
2025-08-04 09:56:05,771 - INFO - Starting seed=3
2025-08-04 09:56:05,773 - INFO - A_teacher is 0.539229691028595
2025-08-04 09:56:05,776 - INFO - Starting G&C
2025-08-04 09:56:28,099 - INFO - Finished G&C, time elapsed=22.32255983352661s
2025-08-04 09:56:28,100 - INFO - Finished seed=3
2025-08-04 09:56:28,100 - INFO - Starting seed=4
2025-08-04 09:56:28,102 - INFO - A_teacher is 0.5803276300430298
2025-08-04 09:56:28,105 - INFO - Starting G&C
2025-08-04 09:56:53,850 - INFO - Finished G&C, time elapsed=25.74445080757141s
2025-08-04 09:56:53,850 - INFO - Finished seed=4
2025-08-04 09:56:53,851 - INFO - Starting seed=5
2025-08-04 09:56:53,852 - INFO - A_teacher is 0.33947238326072693
2025-08-04 09:56:53,855 - INFO - Starting G&C
2025-08-04 09:57:20,908 - INFO - Finished G&C, time elapsed=27.05181097984314s
2025-08-04 09:57:20,909 - INFO - Finished seed=5
2025-08-04 09:57:20,912 - INFO - Starting seed=6
2025-08-04 09:57:20,915 - INFO - A_teacher is 0.45132192969322205
2025-08-04 09:57:20,921 - INFO - Starting G&C
2025-08-04 09:57:46,375 - INFO - Finished G&C, time elapsed=25.453695058822632s
2025-08-04 09:57:46,377 - INFO - Finished seed=6
2025-08-04 09:57:46,380 - INFO - Starting seed=7
2025-08-04 09:57:46,384 - INFO - A_teacher is 0.31256014108657837
2025-08-04 09:57:46,389 - INFO - Starting G&C
2025-08-04 09:58:09,029 - INFO - Finished G&C, time elapsed=22.63979196548462s
2025-08-04 09:58:09,030 - INFO - Finished seed=7
2025-08-04 09:58:09,031 - INFO - ----------------------------------------------------------------------------------------------------------------------------------------------
2025-08-04 09:58:09,031 - INFO - ----------------------------------------------------------------------------------------------------------------------------------------------
2025-08-04 09:58:09,031 - INFO - Finished student_dim=34
2025-08-04 09:58:09,039 - INFO - G&C avg gen_loss = 1.542157145579824
2025-08-04 09:58:09,039 - INFO - ----------------------------------------------------------------------------------------------------------------------------------------------
2025-08-04 09:58:09,705 - INFO - Finished experiments, results saved to results_gnc_seq_len=7_num_measurements=1_input_e1=False_time=20250804-095809.csv, figures saved to plot_gnc_seq_len=7_num_measurements=1_input_e1=False_time=20250804-095809
