2025-08-06 12:38:29,537 - INFO - Using device cuda:0.
2025-08-06 12:38:29,537 - INFO - Args: Namespace(num_seeds=1, num_measurements=1, input_e1=False, sequence_length=5, teacher_ranks=[1], student_dims=[10, 11, 12, 13, 14, 15, 16, 17, 18, 19, 20, 21, 22, 23, 24, 25, 26, 27, 28, 29, 30, 31, 32, 33, 34], calc_loss_only_on_last_output=True, eps_train=1e-12, gnc=True, gnc_num_samples=100000000, gnc_batch_size=1000000, gd=False, gd_lr=0.001, gd_epochs=1000000, gd_init_scale=0.01, gd_optimizer='adam', config=None, results_dir=PosixPath('results'), figures_dir=PosixPath('figures'), log_dir=PosixPath('logs'))
2025-08-06 12:38:29,546 - INFO - Starting teacher_rank=1
2025-08-06 12:38:29,547 - INFO - Starting student_dim=10
2025-08-06 12:38:29,548 - INFO - Starting seed=0
2025-08-06 12:38:29,834 - INFO - A_teacher is 0.6540995836257935
2025-08-06 12:38:29,838 - INFO - dataset is tensor([[[-0.2934],
         [-2.1788],
         [ 0.5684],
         [-1.0845],
         [-1.3986]]])
2025-08-06 12:38:29,950 - INFO - Starting G&C
2025-08-06 12:38:39,419 - INFO - Finished G&C, time elapsed=9.46900749206543s
2025-08-06 12:38:39,422 - INFO - Finished seed=0
2025-08-06 12:38:39,422 - INFO - ----------------------------------------------------------------------------------------------------------------------------------------------
2025-08-06 12:38:39,424 - INFO - ----------------------------------------------------------------------------------------------------------------------------------------------
2025-08-06 12:38:39,424 - INFO - Finished student_dim=10
2025-08-06 12:38:39,425 - INFO - G&C avg gen_loss = 0.473934731231286
2025-08-06 12:38:39,427 - INFO - G&C avg theoretical_loss = 0.6375330686569214
2025-08-06 12:38:39,427 - INFO - ----------------------------------------------------------------------------------------------------------------------------------------------
2025-08-06 12:38:39,427 - INFO - Starting student_dim=11
2025-08-06 12:38:39,430 - INFO - Starting seed=0
2025-08-06 12:38:39,434 - INFO - A_teacher is 0.6540995836257935
2025-08-06 12:38:39,436 - INFO - dataset is tensor([[[-0.2934],
         [-2.1788],
         [ 0.5684],
         [-1.0845],
         [-1.3986]]])
2025-08-06 12:38:39,439 - INFO - Starting G&C
2025-08-06 12:38:49,116 - INFO - Finished G&C, time elapsed=9.676438093185425s
2025-08-06 12:38:49,117 - INFO - Finished seed=0
2025-08-06 12:38:49,118 - INFO - ----------------------------------------------------------------------------------------------------------------------------------------------
2025-08-06 12:38:49,119 - INFO - ----------------------------------------------------------------------------------------------------------------------------------------------
2025-08-06 12:38:49,119 - INFO - Finished student_dim=11
2025-08-06 12:38:49,119 - INFO - G&C avg gen_loss = 0.6079351064295341
2025-08-06 12:38:49,120 - INFO - G&C avg theoretical_loss = -24.488195419311523
2025-08-06 12:38:49,120 - INFO - ----------------------------------------------------------------------------------------------------------------------------------------------
2025-08-06 12:38:49,121 - INFO - Starting student_dim=12
2025-08-06 12:38:49,122 - INFO - Starting seed=0
2025-08-06 12:38:49,124 - INFO - A_teacher is 0.6540995836257935
2025-08-06 12:38:49,126 - INFO - dataset is tensor([[[-0.2934],
         [-2.1788],
         [ 0.5684],
         [-1.0845],
         [-1.3986]]])
2025-08-06 12:38:49,130 - INFO - Starting G&C
2025-08-06 12:38:58,496 - INFO - Finished G&C, time elapsed=9.365763425827026s
2025-08-06 12:38:58,496 - INFO - Finished seed=0
2025-08-06 12:38:58,497 - INFO - ----------------------------------------------------------------------------------------------------------------------------------------------
2025-08-06 12:38:58,498 - INFO - ----------------------------------------------------------------------------------------------------------------------------------------------
2025-08-06 12:38:58,498 - INFO - Finished student_dim=12
2025-08-06 12:38:58,499 - INFO - G&C avg gen_loss = 0.5422614039136813
2025-08-06 12:38:58,500 - INFO - G&C avg theoretical_loss = 0.6089425086975098
2025-08-06 12:38:58,501 - INFO - ----------------------------------------------------------------------------------------------------------------------------------------------
2025-08-06 12:38:58,501 - INFO - Starting student_dim=13
2025-08-06 12:38:58,503 - INFO - Starting seed=0
2025-08-06 12:38:58,508 - INFO - A_teacher is 0.6540995836257935
2025-08-06 12:38:58,509 - INFO - dataset is tensor([[[-0.2934],
         [-2.1788],
         [ 0.5684],
         [-1.0845],
         [-1.3986]]])
2025-08-06 12:38:58,510 - INFO - Starting G&C
2025-08-06 12:39:07,810 - INFO - Finished G&C, time elapsed=9.29921817779541s
2025-08-06 12:39:07,810 - INFO - Finished seed=0
2025-08-06 12:39:07,811 - INFO - ----------------------------------------------------------------------------------------------------------------------------------------------
2025-08-06 12:39:07,812 - INFO - ----------------------------------------------------------------------------------------------------------------------------------------------
2025-08-06 12:39:07,812 - INFO - Finished student_dim=13
2025-08-06 12:39:07,815 - INFO - G&C avg gen_loss = 0.7534732215783813
2025-08-06 12:39:07,816 - INFO - G&C avg theoretical_loss = -6.405196189880371
2025-08-06 12:39:07,819 - INFO - ----------------------------------------------------------------------------------------------------------------------------------------------
2025-08-06 12:39:07,819 - INFO - Starting student_dim=14
2025-08-06 12:39:07,821 - INFO - Starting seed=0
2025-08-06 12:39:07,824 - INFO - A_teacher is 0.6540995836257935
2025-08-06 12:39:07,826 - INFO - dataset is tensor([[[-0.2934],
         [-2.1788],
         [ 0.5684],
         [-1.0845],
         [-1.3986]]])
2025-08-06 12:39:07,828 - INFO - Starting G&C
2025-08-06 12:39:17,181 - INFO - Finished G&C, time elapsed=9.351974248886108s
2025-08-06 12:39:17,182 - INFO - Finished seed=0
2025-08-06 12:39:17,182 - INFO - ----------------------------------------------------------------------------------------------------------------------------------------------
2025-08-06 12:39:17,184 - INFO - ----------------------------------------------------------------------------------------------------------------------------------------------
2025-08-06 12:39:17,184 - INFO - Finished student_dim=14
2025-08-06 12:39:17,184 - INFO - G&C avg gen_loss = 0.7120603112613454
2025-08-06 12:39:17,186 - INFO - G&C avg theoretical_loss = 0.6063550114631653
2025-08-06 12:39:17,186 - INFO - ----------------------------------------------------------------------------------------------------------------------------------------------
2025-08-06 12:39:17,186 - INFO - Starting student_dim=15
2025-08-06 12:39:17,189 - INFO - Starting seed=0
2025-08-06 12:39:17,191 - INFO - A_teacher is 0.6540995836257935
2025-08-06 12:39:17,194 - INFO - dataset is tensor([[[-0.2934],
         [-2.1788],
         [ 0.5684],
         [-1.0845],
         [-1.3986]]])
2025-08-06 12:39:17,197 - INFO - Starting G&C
2025-08-06 12:39:26,870 - INFO - Finished G&C, time elapsed=9.671782493591309s
2025-08-06 12:39:26,870 - INFO - Finished seed=0
2025-08-06 12:39:26,871 - INFO - ----------------------------------------------------------------------------------------------------------------------------------------------
2025-08-06 12:39:26,871 - INFO - ----------------------------------------------------------------------------------------------------------------------------------------------
2025-08-06 12:39:26,871 - INFO - Finished student_dim=15
2025-08-06 12:39:26,872 - INFO - G&C avg gen_loss = 0.6028558465838433
2025-08-06 12:39:26,872 - INFO - G&C avg theoretical_loss = 0.6982766389846802
2025-08-06 12:39:26,872 - INFO - ----------------------------------------------------------------------------------------------------------------------------------------------
2025-08-06 12:39:26,872 - INFO - Starting student_dim=16
2025-08-06 12:39:26,873 - INFO - Starting seed=0
2025-08-06 12:39:26,875 - INFO - A_teacher is 0.6540995836257935
2025-08-06 12:39:26,876 - INFO - dataset is tensor([[[-0.2934],
         [-2.1788],
         [ 0.5684],
         [-1.0845],
         [-1.3986]]])
2025-08-06 12:39:26,878 - INFO - Starting G&C
2025-08-06 12:39:36,343 - INFO - Finished G&C, time elapsed=9.46514368057251s
2025-08-06 12:39:36,343 - INFO - Finished seed=0
2025-08-06 12:39:36,344 - INFO - ----------------------------------------------------------------------------------------------------------------------------------------------
2025-08-06 12:39:36,344 - INFO - ----------------------------------------------------------------------------------------------------------------------------------------------
2025-08-06 12:39:36,344 - INFO - Finished student_dim=16
2025-08-06 12:39:36,344 - INFO - G&C avg gen_loss = 0.5385183586793787
2025-08-06 12:39:36,345 - INFO - G&C avg theoretical_loss = 0.6170481443405151
2025-08-06 12:39:36,345 - INFO - ----------------------------------------------------------------------------------------------------------------------------------------------
2025-08-06 12:39:36,345 - INFO - Starting student_dim=17
2025-08-06 12:39:36,346 - INFO - Starting seed=0
2025-08-06 12:39:36,348 - INFO - A_teacher is 0.6540995836257935
2025-08-06 12:39:36,349 - INFO - dataset is tensor([[[-0.2934],
         [-2.1788],
         [ 0.5684],
         [-1.0845],
         [-1.3986]]])
2025-08-06 12:39:36,350 - INFO - Starting G&C
2025-08-06 12:39:45,895 - INFO - Finished G&C, time elapsed=9.545093297958374s
2025-08-06 12:39:45,895 - INFO - Finished seed=0
2025-08-06 12:39:45,896 - INFO - ----------------------------------------------------------------------------------------------------------------------------------------------
2025-08-06 12:39:45,896 - INFO - ----------------------------------------------------------------------------------------------------------------------------------------------
2025-08-06 12:39:45,896 - INFO - Finished student_dim=17
2025-08-06 12:39:45,897 - INFO - G&C avg gen_loss = 0.7509583491418097
2025-08-06 12:39:45,897 - INFO - G&C avg theoretical_loss = 0.7249727249145508
2025-08-06 12:39:45,897 - INFO - ----------------------------------------------------------------------------------------------------------------------------------------------
2025-08-06 12:39:45,898 - INFO - Starting student_dim=18
2025-08-06 12:39:45,898 - INFO - Starting seed=0
2025-08-06 12:39:45,899 - INFO - A_teacher is 0.6540995836257935
2025-08-06 12:39:45,900 - INFO - dataset is tensor([[[-0.2934],
         [-2.1788],
         [ 0.5684],
         [-1.0845],
         [-1.3986]]])
2025-08-06 12:39:45,901 - INFO - Starting G&C
2025-08-06 12:39:55,541 - INFO - Finished G&C, time elapsed=9.639334201812744s
2025-08-06 12:39:55,541 - INFO - Finished seed=0
2025-08-06 12:39:55,541 - INFO - ----------------------------------------------------------------------------------------------------------------------------------------------
2025-08-06 12:39:55,542 - INFO - ----------------------------------------------------------------------------------------------------------------------------------------------
2025-08-06 12:39:55,542 - INFO - Finished student_dim=18
2025-08-06 12:39:55,543 - INFO - G&C avg gen_loss = 0.8546817573634061
2025-08-06 12:39:55,543 - INFO - G&C avg theoretical_loss = 0.6344788670539856
2025-08-06 12:39:55,543 - INFO - ----------------------------------------------------------------------------------------------------------------------------------------------
2025-08-06 12:39:55,543 - INFO - Starting student_dim=19
2025-08-06 12:39:55,544 - INFO - Starting seed=0
2025-08-06 12:39:55,546 - INFO - A_teacher is 0.6540995836257935
2025-08-06 12:39:55,547 - INFO - dataset is tensor([[[-0.2934],
         [-2.1788],
         [ 0.5684],
         [-1.0845],
         [-1.3986]]])
2025-08-06 12:39:55,548 - INFO - Starting G&C
2025-08-06 12:40:05,300 - INFO - Finished G&C, time elapsed=9.750931024551392s
2025-08-06 12:40:05,300 - INFO - Finished seed=0
2025-08-06 12:40:05,300 - INFO - ----------------------------------------------------------------------------------------------------------------------------------------------
2025-08-06 12:40:05,301 - INFO - ----------------------------------------------------------------------------------------------------------------------------------------------
2025-08-06 12:40:05,301 - INFO - Finished student_dim=19
2025-08-06 12:40:05,301 - INFO - G&C avg gen_loss = 0.7669016998715517
2025-08-06 12:40:05,302 - INFO - G&C avg theoretical_loss = 0.7556335926055908
2025-08-06 12:40:05,302 - INFO - ----------------------------------------------------------------------------------------------------------------------------------------------
2025-08-06 12:40:05,302 - INFO - Starting student_dim=20
2025-08-06 12:40:05,303 - INFO - Starting seed=0
2025-08-06 12:40:05,305 - INFO - A_teacher is 0.6540995836257935
2025-08-06 12:40:05,305 - INFO - dataset is tensor([[[-0.2934],
         [-2.1788],
         [ 0.5684],
         [-1.0845],
         [-1.3986]]])
2025-08-06 12:40:05,307 - INFO - Starting G&C
2025-08-06 12:40:15,046 - INFO - Finished G&C, time elapsed=9.739322423934937s
2025-08-06 12:40:15,046 - INFO - Finished seed=0
2025-08-06 12:40:15,047 - INFO - ----------------------------------------------------------------------------------------------------------------------------------------------
2025-08-06 12:40:15,047 - INFO - ----------------------------------------------------------------------------------------------------------------------------------------------
2025-08-06 12:40:15,047 - INFO - Finished student_dim=20
2025-08-06 12:40:15,047 - INFO - G&C avg gen_loss = 0.7067649251884884
2025-08-06 12:40:15,048 - INFO - G&C avg theoretical_loss = 0.655117392539978
2025-08-06 12:40:15,048 - INFO - ----------------------------------------------------------------------------------------------------------------------------------------------
2025-08-06 12:40:15,049 - INFO - Starting student_dim=21
2025-08-06 12:40:15,049 - INFO - Starting seed=0
2025-08-06 12:40:15,050 - INFO - A_teacher is 0.6540995836257935
2025-08-06 12:40:15,051 - INFO - dataset is tensor([[[-0.2934],
         [-2.1788],
         [ 0.5684],
         [-1.0845],
         [-1.3986]]])
2025-08-06 12:40:15,052 - INFO - Starting G&C
2025-08-06 12:40:26,111 - INFO - Finished G&C, time elapsed=11.05871295928955s
2025-08-06 12:40:26,111 - INFO - Finished seed=0
2025-08-06 12:40:26,111 - INFO - ----------------------------------------------------------------------------------------------------------------------------------------------
2025-08-06 12:40:26,112 - INFO - ----------------------------------------------------------------------------------------------------------------------------------------------
2025-08-06 12:40:26,112 - INFO - Finished student_dim=21
2025-08-06 12:40:26,112 - INFO - G&C avg gen_loss = 0.6918496986230215
2025-08-06 12:40:26,113 - INFO - G&C avg theoretical_loss = 0.7876373529434204
2025-08-06 12:40:26,113 - INFO - ----------------------------------------------------------------------------------------------------------------------------------------------
2025-08-06 12:40:26,114 - INFO - Starting student_dim=22
2025-08-06 12:40:26,114 - INFO - Starting seed=0
2025-08-06 12:40:26,115 - INFO - A_teacher is 0.6540995836257935
2025-08-06 12:40:26,116 - INFO - dataset is tensor([[[-0.2934],
         [-2.1788],
         [ 0.5684],
         [-1.0845],
         [-1.3986]]])
2025-08-06 12:40:26,117 - INFO - Starting G&C
2025-08-06 12:40:36,838 - INFO - Finished G&C, time elapsed=10.720073938369751s
2025-08-06 12:40:36,838 - INFO - Finished seed=0
2025-08-06 12:40:36,838 - INFO - ----------------------------------------------------------------------------------------------------------------------------------------------
2025-08-06 12:40:36,838 - INFO - ----------------------------------------------------------------------------------------------------------------------------------------------
2025-08-06 12:40:36,839 - INFO - Finished student_dim=22
2025-08-06 12:40:36,839 - INFO - G&C avg gen_loss = 0.6405785771256144
2025-08-06 12:40:36,839 - INFO - G&C avg theoretical_loss = 0.6770055294036865
2025-08-06 12:40:36,840 - INFO - ----------------------------------------------------------------------------------------------------------------------------------------------
2025-08-06 12:40:36,840 - INFO - Starting student_dim=23
2025-08-06 12:40:36,841 - INFO - Starting seed=0
2025-08-06 12:40:36,844 - INFO - A_teacher is 0.6540995836257935
2025-08-06 12:40:36,845 - INFO - dataset is tensor([[[-0.2934],
         [-2.1788],
         [ 0.5684],
         [-1.0845],
         [-1.3986]]])
2025-08-06 12:40:36,846 - INFO - Starting G&C
2025-08-06 12:40:47,793 - INFO - Finished G&C, time elapsed=10.946500062942505s
2025-08-06 12:40:47,793 - INFO - Finished seed=0
2025-08-06 12:40:47,793 - INFO - ----------------------------------------------------------------------------------------------------------------------------------------------
2025-08-06 12:40:47,793 - INFO - ----------------------------------------------------------------------------------------------------------------------------------------------
2025-08-06 12:40:47,793 - INFO - Finished student_dim=23
2025-08-06 12:40:47,794 - INFO - G&C avg gen_loss = 0.855868881711593
2025-08-06 12:40:47,794 - INFO - G&C avg theoretical_loss = 0.8195432424545288
2025-08-06 12:40:47,794 - INFO - ----------------------------------------------------------------------------------------------------------------------------------------------
2025-08-06 12:40:47,795 - INFO - Starting student_dim=24
2025-08-06 12:40:47,795 - INFO - Starting seed=0
2025-08-06 12:40:47,796 - INFO - A_teacher is 0.6540995836257935
2025-08-06 12:40:47,797 - INFO - dataset is tensor([[[-0.2934],
         [-2.1788],
         [ 0.5684],
         [-1.0845],
         [-1.3986]]])
2025-08-06 12:40:47,798 - INFO - Starting G&C
2025-08-06 12:40:58,708 - INFO - Finished G&C, time elapsed=10.909599542617798s
2025-08-06 12:40:58,708 - INFO - Finished seed=0
2025-08-06 12:40:58,709 - INFO - ----------------------------------------------------------------------------------------------------------------------------------------------
2025-08-06 12:40:58,709 - INFO - ----------------------------------------------------------------------------------------------------------------------------------------------
2025-08-06 12:40:58,709 - INFO - Finished student_dim=24
2025-08-06 12:40:58,710 - INFO - G&C avg gen_loss = 0.7380336705181334
2025-08-06 12:40:58,710 - INFO - G&C avg theoretical_loss = 0.6990443468093872
2025-08-06 12:40:58,710 - INFO - ----------------------------------------------------------------------------------------------------------------------------------------------
2025-08-06 12:40:58,710 - INFO - Starting student_dim=25
2025-08-06 12:40:58,711 - INFO - Starting seed=0
2025-08-06 12:40:58,712 - INFO - A_teacher is 0.6540995836257935
2025-08-06 12:40:58,713 - INFO - dataset is tensor([[[-0.2934],
         [-2.1788],
         [ 0.5684],
         [-1.0845],
         [-1.3986]]])
2025-08-06 12:40:58,714 - INFO - Starting G&C
2025-08-06 12:41:10,165 - INFO - Finished G&C, time elapsed=11.451034307479858s
2025-08-06 12:41:10,165 - INFO - Finished seed=0
2025-08-06 12:41:10,166 - INFO - ----------------------------------------------------------------------------------------------------------------------------------------------
2025-08-06 12:41:10,166 - INFO - ----------------------------------------------------------------------------------------------------------------------------------------------
2025-08-06 12:41:10,166 - INFO - Finished student_dim=25
2025-08-06 12:41:10,166 - INFO - G&C avg gen_loss = 0.63513285229946
2025-08-06 12:41:10,167 - INFO - G&C avg theoretical_loss = 0.850568413734436
2025-08-06 12:41:10,167 - INFO - ----------------------------------------------------------------------------------------------------------------------------------------------
2025-08-06 12:41:10,168 - INFO - Starting student_dim=26
2025-08-06 12:41:10,168 - INFO - Starting seed=0
2025-08-06 12:41:10,171 - INFO - A_teacher is 0.6540995836257935
2025-08-06 12:41:10,172 - INFO - dataset is tensor([[[-0.2934],
         [-2.1788],
         [ 0.5684],
         [-1.0845],
         [-1.3986]]])
2025-08-06 12:41:10,173 - INFO - Starting G&C
2025-08-06 12:41:21,409 - INFO - Finished G&C, time elapsed=11.235090970993042s
2025-08-06 12:41:21,409 - INFO - Finished seed=0
2025-08-06 12:41:21,409 - INFO - ----------------------------------------------------------------------------------------------------------------------------------------------
2025-08-06 12:41:21,410 - INFO - ----------------------------------------------------------------------------------------------------------------------------------------------
2025-08-06 12:41:21,410 - INFO - Finished student_dim=26
2025-08-06 12:41:21,410 - INFO - G&C avg gen_loss = 0.903718673520618
2025-08-06 12:41:21,410 - INFO - G&C avg theoretical_loss = 0.7206215858459473
2025-08-06 12:41:21,410 - INFO - ----------------------------------------------------------------------------------------------------------------------------------------------
2025-08-06 12:41:21,411 - INFO - Starting student_dim=27
2025-08-06 12:41:21,411 - INFO - Starting seed=0
2025-08-06 12:41:21,412 - INFO - A_teacher is 0.6540995836257935
2025-08-06 12:41:21,413 - INFO - dataset is tensor([[[-0.2934],
         [-2.1788],
         [ 0.5684],
         [-1.0845],
         [-1.3986]]])
2025-08-06 12:41:21,414 - INFO - Starting G&C
2025-08-06 12:41:34,753 - INFO - Finished G&C, time elapsed=13.338423252105713s
2025-08-06 12:41:34,753 - INFO - Finished seed=0
2025-08-06 12:41:34,754 - INFO - ----------------------------------------------------------------------------------------------------------------------------------------------
2025-08-06 12:41:34,754 - INFO - ----------------------------------------------------------------------------------------------------------------------------------------------
2025-08-06 12:41:34,754 - INFO - Finished student_dim=27
2025-08-06 12:41:34,754 - INFO - G&C avg gen_loss = 0.8475167208643102
2025-08-06 12:41:34,755 - INFO - G&C avg theoretical_loss = 0.8803044557571411
2025-08-06 12:41:34,756 - INFO - ----------------------------------------------------------------------------------------------------------------------------------------------
2025-08-06 12:41:34,756 - INFO - Starting student_dim=28
2025-08-06 12:41:34,757 - INFO - Starting seed=0
2025-08-06 12:41:34,758 - INFO - A_teacher is 0.6540995836257935
2025-08-06 12:41:34,759 - INFO - dataset is tensor([[[-0.2934],
         [-2.1788],
         [ 0.5684],
         [-1.0845],
         [-1.3986]]])
2025-08-06 12:41:34,761 - INFO - Starting G&C
2025-08-06 12:41:50,126 - INFO - Finished G&C, time elapsed=15.364901542663574s
2025-08-06 12:41:50,126 - INFO - Finished seed=0
2025-08-06 12:41:50,127 - INFO - ----------------------------------------------------------------------------------------------------------------------------------------------
2025-08-06 12:41:50,127 - INFO - ----------------------------------------------------------------------------------------------------------------------------------------------
2025-08-06 12:41:50,127 - INFO - Finished student_dim=28
2025-08-06 12:41:50,127 - INFO - G&C avg gen_loss = 0.7163388287198955
2025-08-06 12:41:50,128 - INFO - G&C avg theoretical_loss = 0.7414069175720215
2025-08-06 12:41:50,128 - INFO - ----------------------------------------------------------------------------------------------------------------------------------------------
2025-08-06 12:41:50,129 - INFO - Starting student_dim=29
2025-08-06 12:41:50,129 - INFO - Starting seed=0
2025-08-06 12:41:50,133 - INFO - A_teacher is 0.6540995836257935
2025-08-06 12:41:50,134 - INFO - dataset is tensor([[[-0.2934],
         [-2.1788],
         [ 0.5684],
         [-1.0845],
         [-1.3986]]])
2025-08-06 12:41:50,136 - INFO - Starting G&C
2025-08-06 12:42:02,497 - INFO - Finished G&C, time elapsed=12.361183404922485s
2025-08-06 12:42:02,498 - INFO - Finished seed=0
2025-08-06 12:42:02,498 - INFO - ----------------------------------------------------------------------------------------------------------------------------------------------
2025-08-06 12:42:02,499 - INFO - ----------------------------------------------------------------------------------------------------------------------------------------------
2025-08-06 12:42:02,499 - INFO - Finished student_dim=29
2025-08-06 12:42:02,499 - INFO - G&C avg gen_loss = 0.7111164884907859
2025-08-06 12:42:02,499 - INFO - G&C avg theoretical_loss = 0.9085620641708374
2025-08-06 12:42:02,500 - INFO - ----------------------------------------------------------------------------------------------------------------------------------------------
2025-08-06 12:42:02,500 - INFO - Starting student_dim=30
2025-08-06 12:42:02,501 - INFO - Starting seed=0
2025-08-06 12:42:02,501 - INFO - A_teacher is 0.6540995836257935
2025-08-06 12:42:02,502 - INFO - dataset is tensor([[[-0.2934],
         [-2.1788],
         [ 0.5684],
         [-1.0845],
         [-1.3986]]])
2025-08-06 12:42:02,504 - INFO - Starting G&C
2025-08-06 12:42:14,682 - INFO - Finished G&C, time elapsed=12.1779944896698s
2025-08-06 12:42:14,682 - INFO - Finished seed=0
2025-08-06 12:42:14,683 - INFO - ----------------------------------------------------------------------------------------------------------------------------------------------
2025-08-06 12:42:14,684 - INFO - ----------------------------------------------------------------------------------------------------------------------------------------------
2025-08-06 12:42:14,684 - INFO - Finished student_dim=30
2025-08-06 12:42:14,686 - INFO - G&C avg gen_loss = 0.8472022165854772
2025-08-06 12:42:14,688 - INFO - G&C avg theoretical_loss = 0.7612337470054626
2025-08-06 12:42:14,688 - INFO - ----------------------------------------------------------------------------------------------------------------------------------------------
2025-08-06 12:42:14,689 - INFO - Starting student_dim=31
2025-08-06 12:42:14,690 - INFO - Starting seed=0
2025-08-06 12:42:14,694 - INFO - A_teacher is 0.6540995836257935
2025-08-06 12:42:14,695 - INFO - dataset is tensor([[[-0.2934],
         [-2.1788],
         [ 0.5684],
         [-1.0845],
         [-1.3986]]])
2025-08-06 12:42:14,697 - INFO - Starting G&C
2025-08-06 12:42:27,272 - INFO - Finished G&C, time elapsed=12.574776649475098s
2025-08-06 12:42:27,272 - INFO - Finished seed=0
2025-08-06 12:42:27,272 - INFO - ----------------------------------------------------------------------------------------------------------------------------------------------
2025-08-06 12:42:27,274 - INFO - ----------------------------------------------------------------------------------------------------------------------------------------------
2025-08-06 12:42:27,274 - INFO - Finished student_dim=31
2025-08-06 12:42:27,274 - INFO - G&C avg gen_loss = 0.7372454435660921
2025-08-06 12:42:27,275 - INFO - G&C avg theoretical_loss = 0.9352767467498779
2025-08-06 12:42:27,275 - INFO - ----------------------------------------------------------------------------------------------------------------------------------------------
2025-08-06 12:42:27,276 - INFO - Starting student_dim=32
2025-08-06 12:42:27,276 - INFO - Starting seed=0
2025-08-06 12:42:27,277 - INFO - A_teacher is 0.6540995836257935
2025-08-06 12:42:27,278 - INFO - dataset is tensor([[[-0.2934],
         [-2.1788],
         [ 0.5684],
         [-1.0845],
         [-1.3986]]])
2025-08-06 12:42:27,280 - INFO - Starting G&C
2025-08-06 12:42:39,417 - INFO - Finished G&C, time elapsed=12.137285470962524s
2025-08-06 12:42:39,417 - INFO - Finished seed=0
2025-08-06 12:42:39,418 - INFO - ----------------------------------------------------------------------------------------------------------------------------------------------
2025-08-06 12:42:39,418 - INFO - ----------------------------------------------------------------------------------------------------------------------------------------------
2025-08-06 12:42:39,418 - INFO - Finished student_dim=32
2025-08-06 12:42:39,418 - INFO - G&C avg gen_loss = 0.882029981485435
2025-08-06 12:42:39,419 - INFO - G&C avg theoretical_loss = 0.7800351977348328
2025-08-06 12:42:39,419 - INFO - ----------------------------------------------------------------------------------------------------------------------------------------------
2025-08-06 12:42:39,420 - INFO - Starting student_dim=33
2025-08-06 12:42:39,421 - INFO - Starting seed=0
2025-08-06 12:42:39,422 - INFO - A_teacher is 0.6540995836257935
2025-08-06 12:42:39,423 - INFO - dataset is tensor([[[-0.2934],
         [-2.1788],
         [ 0.5684],
         [-1.0845],
         [-1.3986]]])
2025-08-06 12:42:39,424 - INFO - Starting G&C
2025-08-06 12:42:51,113 - INFO - Finished G&C, time elapsed=11.689020156860352s
2025-08-06 12:42:51,114 - INFO - Finished seed=0
2025-08-06 12:42:51,114 - INFO - ----------------------------------------------------------------------------------------------------------------------------------------------
2025-08-06 12:42:51,115 - INFO - ----------------------------------------------------------------------------------------------------------------------------------------------
2025-08-06 12:42:51,115 - INFO - Finished student_dim=33
2025-08-06 12:42:51,117 - INFO - G&C avg gen_loss = 0.8274947752555212
2025-08-06 12:42:51,117 - INFO - G&C avg theoretical_loss = 0.9604587554931641
2025-08-06 12:42:51,118 - INFO - ----------------------------------------------------------------------------------------------------------------------------------------------
2025-08-06 12:42:51,118 - INFO - Starting student_dim=34
2025-08-06 12:42:51,119 - INFO - Starting seed=0
2025-08-06 12:42:51,124 - INFO - A_teacher is 0.6540995836257935
2025-08-06 12:42:51,125 - INFO - dataset is tensor([[[-0.2934],
         [-2.1788],
         [ 0.5684],
         [-1.0845],
         [-1.3986]]])
2025-08-06 12:42:51,126 - INFO - Starting G&C
2025-08-06 12:43:02,726 - INFO - Finished G&C, time elapsed=11.599122762680054s
2025-08-06 12:43:02,727 - INFO - Finished seed=0
2025-08-06 12:43:02,728 - INFO - ----------------------------------------------------------------------------------------------------------------------------------------------
2025-08-06 12:43:02,729 - INFO - ----------------------------------------------------------------------------------------------------------------------------------------------
2025-08-06 12:43:02,729 - INFO - Finished student_dim=34
2025-08-06 12:43:02,730 - INFO - G&C avg gen_loss = 0.9278473166688797
2025-08-06 12:43:02,731 - INFO - G&C avg theoretical_loss = 0.7978008985519409
2025-08-06 12:43:02,732 - INFO - ----------------------------------------------------------------------------------------------------------------------------------------------
2025-08-06 12:43:06,774 - INFO - Finished experiments, results saved to results_gnc_seq_len=5_num_measurements=1_input_e1=False_time=20250806-124302.csv, figures saved to plot_gnc_seq_len=5_num_measurements=1_input_e1=False_time=20250806-124302
