2025-08-03 17:30:49,265 - INFO - Using device mps.
2025-08-03 17:30:49,265 - INFO - Args: Namespace(num_seeds=1, num_measurements=1, input_e1=True, sequence_length=5, teacher_ranks=[1], student_dims=[3, 4, 5, 6, 7, 8, 9, 10, 11, 12, 13, 14, 15, 16, 17, 18, 19], calc_loss_only_on_last_output=True, eps_train=1e-06, gnc=True, gnc_num_samples=100000000, gnc_batch_size=10000000, gd=False, gd_lr=0.01, gd_epochs=100000, gd_init_scale=0.01, gd_optimizer='adam', config=None, results_dir=PosixPath('results'), figures_dir=PosixPath('figures'), log_dir=PosixPath('logs'))
2025-08-03 17:30:49,276 - INFO - Starting teacher_rank=1
2025-08-03 17:30:49,276 - INFO - Starting student_dim=3
2025-08-03 17:30:49,276 - INFO - Starting seed=0
2025-08-03 17:30:49,281 - INFO - A_teacher is 0.5902001857757568
2025-08-03 17:30:49,301 - INFO - Starting G&C
2025-08-03 17:30:52,938 - INFO - Finished G&C, time elapsed=3.637218952178955s
2025-08-03 17:30:52,939 - INFO - Finished seed=0
2025-08-03 17:30:52,939 - INFO - ----------------------------------------------------------------------------------------------------------------------------------------------
2025-08-03 17:30:52,939 - INFO - ----------------------------------------------------------------------------------------------------------------------------------------------
2025-08-03 17:30:52,939 - INFO - Finished student_dim=3
2025-08-03 17:30:52,939 - INFO - G&C avg gen_loss = 0.9155332066690439
2025-08-03 17:30:52,939 - INFO - ----------------------------------------------------------------------------------------------------------------------------------------------
2025-08-03 17:30:52,939 - INFO - Starting student_dim=4
2025-08-03 17:30:52,939 - INFO - Starting seed=0
2025-08-03 17:30:52,940 - INFO - A_teacher is 0.6540995836257935
2025-08-03 17:30:52,944 - INFO - Starting G&C
2025-08-03 17:30:56,589 - INFO - Finished G&C, time elapsed=3.6452090740203857s
2025-08-03 17:30:56,589 - INFO - Finished seed=0
2025-08-03 17:30:56,589 - INFO - ----------------------------------------------------------------------------------------------------------------------------------------------
2025-08-03 17:30:56,589 - INFO - ----------------------------------------------------------------------------------------------------------------------------------------------
2025-08-03 17:30:56,589 - INFO - Finished student_dim=4
2025-08-03 17:30:56,590 - INFO - G&C avg gen_loss = 1.2567582502988661
2025-08-03 17:30:56,590 - INFO - ----------------------------------------------------------------------------------------------------------------------------------------------
2025-08-03 17:30:56,590 - INFO - Starting student_dim=5
2025-08-03 17:30:56,590 - INFO - Starting seed=0
2025-08-03 17:30:56,591 - INFO - A_teacher is 0.6540995836257935
2025-08-03 17:30:56,594 - INFO - Starting G&C
2025-08-03 17:31:00,391 - INFO - Finished G&C, time elapsed=3.796645164489746s
2025-08-03 17:31:00,391 - INFO - Finished seed=0
2025-08-03 17:31:00,391 - INFO - ----------------------------------------------------------------------------------------------------------------------------------------------
2025-08-03 17:31:00,391 - INFO - ----------------------------------------------------------------------------------------------------------------------------------------------
2025-08-03 17:31:00,391 - INFO - Finished student_dim=5
2025-08-03 17:31:00,391 - INFO - G&C avg gen_loss = 1.333143635640806
2025-08-03 17:31:00,391 - INFO - ----------------------------------------------------------------------------------------------------------------------------------------------
2025-08-03 17:31:00,391 - INFO - Starting student_dim=6
2025-08-03 17:31:00,392 - INFO - Starting seed=0
2025-08-03 17:31:00,393 - INFO - A_teacher is 0.6540995836257935
2025-08-03 17:31:00,396 - INFO - Starting G&C
2025-08-03 17:31:04,315 - INFO - Finished G&C, time elapsed=3.919365167617798s
2025-08-03 17:31:04,315 - INFO - Finished seed=0
2025-08-03 17:31:04,316 - INFO - ----------------------------------------------------------------------------------------------------------------------------------------------
2025-08-03 17:31:04,316 - INFO - ----------------------------------------------------------------------------------------------------------------------------------------------
2025-08-03 17:31:04,316 - INFO - Finished student_dim=6
2025-08-03 17:31:04,316 - INFO - G&C avg gen_loss = 1.4010601351603273
2025-08-03 17:31:04,316 - INFO - ----------------------------------------------------------------------------------------------------------------------------------------------
2025-08-03 17:31:04,316 - INFO - Starting student_dim=7
2025-08-03 17:31:04,316 - INFO - Starting seed=0
2025-08-03 17:31:04,317 - INFO - A_teacher is 0.6540995836257935
2025-08-03 17:31:04,321 - INFO - Starting G&C
2025-08-03 17:31:08,372 - INFO - Finished G&C, time elapsed=4.0509397983551025s
2025-08-03 17:31:08,372 - INFO - Finished seed=0
2025-08-03 17:31:08,372 - INFO - ----------------------------------------------------------------------------------------------------------------------------------------------
2025-08-03 17:31:08,372 - INFO - ----------------------------------------------------------------------------------------------------------------------------------------------
2025-08-03 17:31:08,372 - INFO - Finished student_dim=7
2025-08-03 17:31:08,372 - INFO - G&C avg gen_loss = 1.4795108603579907
2025-08-03 17:31:08,372 - INFO - ----------------------------------------------------------------------------------------------------------------------------------------------
2025-08-03 17:31:08,372 - INFO - Starting student_dim=8
2025-08-03 17:31:08,372 - INFO - Starting seed=0
2025-08-03 17:31:08,373 - INFO - A_teacher is 0.6540995836257935
2025-08-03 17:31:08,377 - INFO - Starting G&C
2025-08-03 17:31:12,581 - INFO - Finished G&C, time elapsed=4.203994035720825s
2025-08-03 17:31:12,581 - INFO - Finished seed=0
2025-08-03 17:31:12,581 - INFO - ----------------------------------------------------------------------------------------------------------------------------------------------
2025-08-03 17:31:12,581 - INFO - ----------------------------------------------------------------------------------------------------------------------------------------------
2025-08-03 17:31:12,581 - INFO - Finished student_dim=8
2025-08-03 17:31:12,581 - INFO - G&C avg gen_loss = 1.5490135008069494
2025-08-03 17:31:12,581 - INFO - ----------------------------------------------------------------------------------------------------------------------------------------------
2025-08-03 17:31:12,581 - INFO - Starting student_dim=9
2025-08-03 17:31:12,581 - INFO - Starting seed=0
2025-08-03 17:31:12,583 - INFO - A_teacher is 0.6540995836257935
2025-08-03 17:31:12,586 - INFO - Starting G&C
2025-08-03 17:31:17,076 - INFO - Finished G&C, time elapsed=4.490567207336426s
2025-08-03 17:31:17,077 - INFO - Finished seed=0
2025-08-03 17:31:17,077 - INFO - ----------------------------------------------------------------------------------------------------------------------------------------------
2025-08-03 17:31:17,077 - INFO - ----------------------------------------------------------------------------------------------------------------------------------------------
2025-08-03 17:31:17,077 - INFO - Finished student_dim=9
2025-08-03 17:31:17,077 - INFO - G&C avg gen_loss = 1.6200351945874807
2025-08-03 17:31:17,077 - INFO - ----------------------------------------------------------------------------------------------------------------------------------------------
2025-08-03 17:31:17,077 - INFO - Starting student_dim=10
2025-08-03 17:31:17,077 - INFO - Starting seed=0
2025-08-03 17:31:17,079 - INFO - A_teacher is 0.6540995836257935
2025-08-03 17:31:17,085 - INFO - Starting G&C
2025-08-03 17:31:21,680 - INFO - Finished G&C, time elapsed=4.594949960708618s
2025-08-03 17:31:21,680 - INFO - Finished seed=0
2025-08-03 17:31:21,680 - INFO - ----------------------------------------------------------------------------------------------------------------------------------------------
2025-08-03 17:31:21,680 - INFO - ----------------------------------------------------------------------------------------------------------------------------------------------
2025-08-03 17:31:21,680 - INFO - Finished student_dim=10
2025-08-03 17:31:21,680 - INFO - G&C avg gen_loss = 1.6808071283023853
2025-08-03 17:31:21,680 - INFO - ----------------------------------------------------------------------------------------------------------------------------------------------
2025-08-03 17:31:21,680 - INFO - Starting student_dim=11
2025-08-03 17:31:21,680 - INFO - Starting seed=0
2025-08-03 17:31:21,681 - INFO - A_teacher is 0.6540995836257935
2025-08-03 17:31:21,685 - INFO - Starting G&C
2025-08-03 17:31:26,582 - INFO - Finished G&C, time elapsed=4.8970723152160645s
2025-08-03 17:31:26,582 - INFO - Finished seed=0
2025-08-03 17:31:26,583 - INFO - ----------------------------------------------------------------------------------------------------------------------------------------------
2025-08-03 17:31:26,583 - INFO - ----------------------------------------------------------------------------------------------------------------------------------------------
2025-08-03 17:31:26,583 - INFO - Finished student_dim=11
2025-08-03 17:31:26,583 - INFO - G&C avg gen_loss = 1.74939872248144
2025-08-03 17:31:26,583 - INFO - ----------------------------------------------------------------------------------------------------------------------------------------------
2025-08-03 17:31:26,583 - INFO - Starting student_dim=12
2025-08-03 17:31:26,583 - INFO - Starting seed=0
2025-08-03 17:31:26,585 - INFO - A_teacher is 0.6540995836257935
2025-08-03 17:31:26,589 - INFO - Starting G&C
2025-08-03 17:31:31,510 - INFO - Finished G&C, time elapsed=4.921372890472412s
2025-08-03 17:31:31,511 - INFO - Finished seed=0
2025-08-03 17:31:31,511 - INFO - ----------------------------------------------------------------------------------------------------------------------------------------------
2025-08-03 17:31:31,511 - INFO - ----------------------------------------------------------------------------------------------------------------------------------------------
2025-08-03 17:31:31,511 - INFO - Finished student_dim=12
2025-08-03 17:31:31,511 - INFO - G&C avg gen_loss = 1.8132345097159304
2025-08-03 17:31:31,511 - INFO - ----------------------------------------------------------------------------------------------------------------------------------------------
2025-08-03 17:31:31,511 - INFO - Starting student_dim=13
2025-08-03 17:31:31,511 - INFO - Starting seed=0
2025-08-03 17:31:31,513 - INFO - A_teacher is 0.6540995836257935
2025-08-03 17:31:31,518 - INFO - Starting G&C
2025-08-03 17:31:37,248 - INFO - Finished G&C, time elapsed=5.729569911956787s
2025-08-03 17:31:37,248 - INFO - Finished seed=0
2025-08-03 17:31:37,248 - INFO - ----------------------------------------------------------------------------------------------------------------------------------------------
2025-08-03 17:31:37,248 - INFO - ----------------------------------------------------------------------------------------------------------------------------------------------
2025-08-03 17:31:37,248 - INFO - Finished student_dim=13
2025-08-03 17:31:37,248 - INFO - G&C avg gen_loss = 1.8744416866383506
2025-08-03 17:31:37,248 - INFO - ----------------------------------------------------------------------------------------------------------------------------------------------
2025-08-03 17:31:37,248 - INFO - Starting student_dim=14
2025-08-03 17:31:37,249 - INFO - Starting seed=0
2025-08-03 17:31:37,250 - INFO - A_teacher is 0.6540995836257935
2025-08-03 17:31:37,255 - INFO - Starting G&C
2025-08-03 17:31:43,787 - INFO - Finished G&C, time elapsed=6.53252100944519s
2025-08-03 17:31:43,788 - INFO - Finished seed=0
2025-08-03 17:31:43,788 - INFO - ----------------------------------------------------------------------------------------------------------------------------------------------
2025-08-03 17:31:43,788 - INFO - ----------------------------------------------------------------------------------------------------------------------------------------------
2025-08-03 17:31:43,788 - INFO - Finished student_dim=14
2025-08-03 17:31:43,788 - INFO - G&C avg gen_loss = 1.9345486638913147
2025-08-03 17:31:43,788 - INFO - ----------------------------------------------------------------------------------------------------------------------------------------------
2025-08-03 17:31:43,789 - INFO - Starting student_dim=15
2025-08-03 17:31:43,789 - INFO - Starting seed=0
2025-08-03 17:31:43,790 - INFO - A_teacher is 0.6540995836257935
2025-08-03 17:31:43,797 - INFO - Starting G&C
2025-08-03 17:31:49,859 - INFO - Finished G&C, time elapsed=6.062402009963989s
2025-08-03 17:31:49,859 - INFO - Finished seed=0
2025-08-03 17:31:49,860 - INFO - ----------------------------------------------------------------------------------------------------------------------------------------------
2025-08-03 17:31:49,860 - INFO - ----------------------------------------------------------------------------------------------------------------------------------------------
2025-08-03 17:31:49,860 - INFO - Finished student_dim=15
2025-08-03 17:31:49,860 - INFO - G&C avg gen_loss = 1.997705292264737
2025-08-03 17:31:49,860 - INFO - ----------------------------------------------------------------------------------------------------------------------------------------------
2025-08-03 17:31:49,860 - INFO - Starting student_dim=16
2025-08-03 17:31:49,860 - INFO - Starting seed=0
2025-08-03 17:31:49,871 - INFO - A_teacher is 0.6540995836257935
2025-08-03 17:31:49,876 - INFO - Starting G&C
2025-08-03 17:31:55,330 - INFO - Finished G&C, time elapsed=5.454056024551392s
2025-08-03 17:31:55,330 - INFO - Finished seed=0
2025-08-03 17:31:55,331 - INFO - ----------------------------------------------------------------------------------------------------------------------------------------------
2025-08-03 17:31:55,331 - INFO - ----------------------------------------------------------------------------------------------------------------------------------------------
2025-08-03 17:31:55,331 - INFO - Finished student_dim=16
2025-08-03 17:31:55,331 - INFO - G&C avg gen_loss = 2.053352548722662
2025-08-03 17:31:55,331 - INFO - ----------------------------------------------------------------------------------------------------------------------------------------------
2025-08-03 17:31:55,331 - INFO - Starting student_dim=17
2025-08-03 17:31:55,331 - INFO - Starting seed=0
2025-08-03 17:31:55,332 - INFO - A_teacher is 0.6540995836257935
2025-08-03 17:31:55,337 - INFO - Starting G&C
2025-08-03 17:32:00,655 - INFO - Finished G&C, time elapsed=5.318419933319092s
2025-08-03 17:32:00,655 - INFO - Finished seed=0
2025-08-03 17:32:00,656 - INFO - ----------------------------------------------------------------------------------------------------------------------------------------------
2025-08-03 17:32:00,656 - INFO - ----------------------------------------------------------------------------------------------------------------------------------------------
2025-08-03 17:32:00,656 - INFO - Finished student_dim=17
2025-08-03 17:32:00,656 - INFO - G&C avg gen_loss = 2.1186714133139093
2025-08-03 17:32:00,656 - INFO - ----------------------------------------------------------------------------------------------------------------------------------------------
2025-08-03 17:32:00,656 - INFO - Starting student_dim=18
2025-08-03 17:32:00,656 - INFO - Starting seed=0
2025-08-03 17:32:00,658 - INFO - A_teacher is 0.6540995836257935
2025-08-03 17:32:00,664 - INFO - Starting G&C
2025-08-03 17:32:05,475 - INFO - Finished G&C, time elapsed=4.8115832805633545s
2025-08-03 17:32:05,475 - INFO - Finished seed=0
2025-08-03 17:32:05,476 - INFO - ----------------------------------------------------------------------------------------------------------------------------------------------
2025-08-03 17:32:05,476 - INFO - ----------------------------------------------------------------------------------------------------------------------------------------------
2025-08-03 17:32:05,476 - INFO - Finished student_dim=18
2025-08-03 17:32:05,476 - INFO - G&C avg gen_loss = 2.1641407426293826
2025-08-03 17:32:05,476 - INFO - ----------------------------------------------------------------------------------------------------------------------------------------------
2025-08-03 17:32:05,476 - INFO - Starting student_dim=19
2025-08-03 17:32:05,476 - INFO - Starting seed=0
2025-08-03 17:32:05,477 - INFO - A_teacher is 0.6540995836257935
2025-08-03 17:32:05,481 - INFO - Starting G&C
2025-08-03 17:32:11,024 - INFO - Finished G&C, time elapsed=5.5437541007995605s
2025-08-03 17:32:11,025 - INFO - Finished seed=0
2025-08-03 17:32:11,025 - INFO - ----------------------------------------------------------------------------------------------------------------------------------------------
2025-08-03 17:32:11,025 - INFO - ----------------------------------------------------------------------------------------------------------------------------------------------
2025-08-03 17:32:11,025 - INFO - Finished student_dim=19
2025-08-03 17:32:11,026 - INFO - G&C avg gen_loss = 2.221113911751937
2025-08-03 17:32:11,026 - INFO - ----------------------------------------------------------------------------------------------------------------------------------------------
2025-08-03 17:32:11,298 - INFO - Finished experiments, results saved to results, figures saved to figures
