2025-08-04 10:43:12,193 - INFO - Using device mps.
2025-08-04 10:43:12,194 - INFO - Args: Namespace(num_seeds=1, num_measurements=1, input_e1=True, sequence_length=6, teacher_ranks=[1], student_dims=[10, 11, 12, 13, 14, 15, 16, 17, 18, 19, 20, 21, 22, 23, 24, 25, 26, 27, 28, 29, 30, 31, 32, 33, 34], calc_loss_only_on_last_output=True, eps_train=1e-12, gnc=True, gnc_num_samples=100000000, gnc_batch_size=1000000, gd=False, gd_lr=0.01, gd_epochs=100000, gd_init_scale=0.01, gd_optimizer='adam', config=None, results_dir=PosixPath('results'), figures_dir=PosixPath('figures'), log_dir=PosixPath('logs'))
2025-08-04 10:43:12,203 - INFO - Starting teacher_rank=1
2025-08-04 10:43:12,204 - INFO - Starting student_dim=10
2025-08-04 10:43:12,204 - INFO - Starting seed=0
2025-08-04 10:43:12,210 - INFO - A_teacher is 0.5642789602279663
2025-08-04 10:43:12,234 - INFO - Starting G&C
2025-08-04 10:43:16,888 - INFO - Finished G&C, time elapsed=4.654108285903931s
2025-08-04 10:43:16,888 - INFO - Finished seed=0
2025-08-04 10:43:16,888 - INFO - ----------------------------------------------------------------------------------------------------------------------------------------------
2025-08-04 10:43:16,888 - INFO - ----------------------------------------------------------------------------------------------------------------------------------------------
2025-08-04 10:43:16,888 - INFO - Finished student_dim=10
2025-08-04 10:43:16,888 - INFO - G&C avg gen_loss = 0.9467530658382876
2025-08-04 10:43:16,888 - INFO - ----------------------------------------------------------------------------------------------------------------------------------------------
2025-08-04 10:43:16,889 - INFO - Starting student_dim=11
2025-08-04 10:43:16,889 - INFO - Starting seed=0
2025-08-04 10:43:16,890 - INFO - A_teacher is 0.6540995836257935
2025-08-04 10:43:16,893 - INFO - Starting G&C
2025-08-04 10:43:21,585 - INFO - Finished G&C, time elapsed=4.691799163818359s
2025-08-04 10:43:21,585 - INFO - Finished seed=0
2025-08-04 10:43:21,585 - INFO - ----------------------------------------------------------------------------------------------------------------------------------------------
2025-08-04 10:43:21,585 - INFO - ----------------------------------------------------------------------------------------------------------------------------------------------
2025-08-04 10:43:21,585 - INFO - Finished student_dim=11
2025-08-04 10:43:21,586 - INFO - G&C avg gen_loss = 1.1851691302921001
2025-08-04 10:43:21,586 - INFO - ----------------------------------------------------------------------------------------------------------------------------------------------
2025-08-04 10:43:21,586 - INFO - Starting student_dim=12
2025-08-04 10:43:21,586 - INFO - Starting seed=0
2025-08-04 10:43:21,587 - INFO - A_teacher is 0.6540995836257935
2025-08-04 10:43:21,590 - INFO - Starting G&C
2025-08-04 10:43:26,373 - INFO - Finished G&C, time elapsed=4.782819032669067s
2025-08-04 10:43:26,373 - INFO - Finished seed=0
2025-08-04 10:43:26,373 - INFO - ----------------------------------------------------------------------------------------------------------------------------------------------
2025-08-04 10:43:26,373 - INFO - ----------------------------------------------------------------------------------------------------------------------------------------------
2025-08-04 10:43:26,373 - INFO - Finished student_dim=12
2025-08-04 10:43:26,373 - INFO - G&C avg gen_loss = 1.1963463303902762
2025-08-04 10:43:26,373 - INFO - ----------------------------------------------------------------------------------------------------------------------------------------------
2025-08-04 10:43:26,373 - INFO - Starting student_dim=13
2025-08-04 10:43:26,373 - INFO - Starting seed=0
2025-08-04 10:43:26,374 - INFO - A_teacher is 0.6540995836257935
2025-08-04 10:43:26,378 - INFO - Starting G&C
2025-08-04 10:43:31,300 - INFO - Finished G&C, time elapsed=4.921812057495117s
2025-08-04 10:43:31,300 - INFO - Finished seed=0
2025-08-04 10:43:31,300 - INFO - ----------------------------------------------------------------------------------------------------------------------------------------------
2025-08-04 10:43:31,300 - INFO - ----------------------------------------------------------------------------------------------------------------------------------------------
2025-08-04 10:43:31,300 - INFO - Finished student_dim=13
2025-08-04 10:43:31,300 - INFO - G&C avg gen_loss = 1.4252701560985677
2025-08-04 10:43:31,300 - INFO - ----------------------------------------------------------------------------------------------------------------------------------------------
2025-08-04 10:43:31,300 - INFO - Starting student_dim=14
2025-08-04 10:43:31,300 - INFO - Starting seed=0
2025-08-04 10:43:31,301 - INFO - A_teacher is 0.6540995836257935
2025-08-04 10:43:31,304 - INFO - Starting G&C
2025-08-04 10:43:36,311 - INFO - Finished G&C, time elapsed=5.0063159465789795s
2025-08-04 10:43:36,311 - INFO - Finished seed=0
2025-08-04 10:43:36,311 - INFO - ----------------------------------------------------------------------------------------------------------------------------------------------
2025-08-04 10:43:36,311 - INFO - ----------------------------------------------------------------------------------------------------------------------------------------------
2025-08-04 10:43:36,311 - INFO - Finished student_dim=14
2025-08-04 10:43:36,311 - INFO - G&C avg gen_loss = 1.4803286014778139
2025-08-04 10:43:36,311 - INFO - ----------------------------------------------------------------------------------------------------------------------------------------------
2025-08-04 10:43:36,311 - INFO - Starting student_dim=15
2025-08-04 10:43:36,311 - INFO - Starting seed=0
2025-08-04 10:43:36,312 - INFO - A_teacher is 0.6540995836257935
2025-08-04 10:43:36,316 - INFO - Starting G&C
2025-08-04 10:43:41,384 - INFO - Finished G&C, time elapsed=5.06873893737793s
2025-08-04 10:43:41,384 - INFO - Finished seed=0
2025-08-04 10:43:41,385 - INFO - ----------------------------------------------------------------------------------------------------------------------------------------------
2025-08-04 10:43:41,385 - INFO - ----------------------------------------------------------------------------------------------------------------------------------------------
2025-08-04 10:43:41,385 - INFO - Finished student_dim=15
2025-08-04 10:43:41,385 - INFO - G&C avg gen_loss = 1.5191863755017152
2025-08-04 10:43:41,385 - INFO - ----------------------------------------------------------------------------------------------------------------------------------------------
2025-08-04 10:43:41,385 - INFO - Starting student_dim=16
2025-08-04 10:43:41,385 - INFO - Starting seed=0
2025-08-04 10:43:41,386 - INFO - A_teacher is 0.6540995836257935
2025-08-04 10:43:41,389 - INFO - Starting G&C
2025-08-04 10:43:46,645 - INFO - Finished G&C, time elapsed=5.255187034606934s
2025-08-04 10:43:46,645 - INFO - Finished seed=0
2025-08-04 10:43:46,645 - INFO - ----------------------------------------------------------------------------------------------------------------------------------------------
2025-08-04 10:43:46,645 - INFO - ----------------------------------------------------------------------------------------------------------------------------------------------
2025-08-04 10:43:46,645 - INFO - Finished student_dim=16
2025-08-04 10:43:46,645 - INFO - G&C avg gen_loss = 1.4638795596457297
2025-08-04 10:43:46,645 - INFO - ----------------------------------------------------------------------------------------------------------------------------------------------
2025-08-04 10:43:46,645 - INFO - Starting student_dim=17
2025-08-04 10:43:46,645 - INFO - Starting seed=0
2025-08-04 10:43:46,646 - INFO - A_teacher is 0.6540995836257935
2025-08-04 10:43:46,649 - INFO - Starting G&C
2025-08-04 10:43:51,966 - INFO - Finished G&C, time elapsed=5.316131114959717s
2025-08-04 10:43:51,966 - INFO - Finished seed=0
2025-08-04 10:43:51,966 - INFO - ----------------------------------------------------------------------------------------------------------------------------------------------
2025-08-04 10:43:51,966 - INFO - ----------------------------------------------------------------------------------------------------------------------------------------------
2025-08-04 10:43:51,966 - INFO - Finished student_dim=17
2025-08-04 10:43:51,966 - INFO - G&C avg gen_loss = 1.764538326671907
2025-08-04 10:43:51,966 - INFO - ----------------------------------------------------------------------------------------------------------------------------------------------
2025-08-04 10:43:51,966 - INFO - Starting student_dim=18
2025-08-04 10:43:51,966 - INFO - Starting seed=0
2025-08-04 10:43:51,967 - INFO - A_teacher is 0.6540995836257935
2025-08-04 10:43:51,970 - INFO - Starting G&C
2025-08-04 10:43:57,399 - INFO - Finished G&C, time elapsed=5.42867112159729s
2025-08-04 10:43:57,399 - INFO - Finished seed=0
2025-08-04 10:43:57,400 - INFO - ----------------------------------------------------------------------------------------------------------------------------------------------
2025-08-04 10:43:57,400 - INFO - ----------------------------------------------------------------------------------------------------------------------------------------------
2025-08-04 10:43:57,400 - INFO - Finished student_dim=18
2025-08-04 10:43:57,400 - INFO - G&C avg gen_loss = 1.924211543181847
2025-08-04 10:43:57,400 - INFO - ----------------------------------------------------------------------------------------------------------------------------------------------
2025-08-04 10:43:57,400 - INFO - Starting student_dim=19
2025-08-04 10:43:57,400 - INFO - Starting seed=0
2025-08-04 10:43:57,401 - INFO - A_teacher is 0.6540995836257935
2025-08-04 10:43:57,404 - INFO - Starting G&C
2025-08-04 10:44:02,895 - INFO - Finished G&C, time elapsed=5.490370035171509s
2025-08-04 10:44:02,895 - INFO - Finished seed=0
2025-08-04 10:44:02,895 - INFO - ----------------------------------------------------------------------------------------------------------------------------------------------
2025-08-04 10:44:02,895 - INFO - ----------------------------------------------------------------------------------------------------------------------------------------------
2025-08-04 10:44:02,895 - INFO - Finished student_dim=19
2025-08-04 10:44:02,895 - INFO - G&C avg gen_loss = 1.8181505744338882
2025-08-04 10:44:02,895 - INFO - ----------------------------------------------------------------------------------------------------------------------------------------------
2025-08-04 10:44:02,895 - INFO - Starting student_dim=20
2025-08-04 10:44:02,895 - INFO - Starting seed=0
2025-08-04 10:44:02,896 - INFO - A_teacher is 0.6540995836257935
2025-08-04 10:44:02,900 - INFO - Starting G&C
2025-08-04 10:44:08,483 - INFO - Finished G&C, time elapsed=5.583553075790405s
2025-08-04 10:44:08,483 - INFO - Finished seed=0
2025-08-04 10:44:08,484 - INFO - ----------------------------------------------------------------------------------------------------------------------------------------------
2025-08-04 10:44:08,484 - INFO - ----------------------------------------------------------------------------------------------------------------------------------------------
2025-08-04 10:44:08,484 - INFO - Finished student_dim=20
2025-08-04 10:44:08,484 - INFO - G&C avg gen_loss = 1.8148327936919837
2025-08-04 10:44:08,484 - INFO - ----------------------------------------------------------------------------------------------------------------------------------------------
2025-08-04 10:44:08,484 - INFO - Starting student_dim=21
2025-08-04 10:44:08,484 - INFO - Starting seed=0
2025-08-04 10:44:08,485 - INFO - A_teacher is 0.6540995836257935
2025-08-04 10:44:08,488 - INFO - Starting G&C
2025-08-04 10:44:14,178 - INFO - Finished G&C, time elapsed=5.690146207809448s
2025-08-04 10:44:14,178 - INFO - Finished seed=0
2025-08-04 10:44:14,179 - INFO - ----------------------------------------------------------------------------------------------------------------------------------------------
2025-08-04 10:44:14,179 - INFO - ----------------------------------------------------------------------------------------------------------------------------------------------
2025-08-04 10:44:14,179 - INFO - Finished student_dim=21
2025-08-04 10:44:14,179 - INFO - G&C avg gen_loss = 1.7934508298834164
2025-08-04 10:44:14,179 - INFO - ----------------------------------------------------------------------------------------------------------------------------------------------
2025-08-04 10:44:14,179 - INFO - Starting student_dim=22
2025-08-04 10:44:14,179 - INFO - Starting seed=0
2025-08-04 10:44:14,180 - INFO - A_teacher is 0.6540995836257935
2025-08-04 10:44:14,183 - INFO - Starting G&C
2025-08-04 10:44:19,987 - INFO - Finished G&C, time elapsed=5.804229021072388s
2025-08-04 10:44:19,988 - INFO - Finished seed=0
2025-08-04 10:44:19,988 - INFO - ----------------------------------------------------------------------------------------------------------------------------------------------
2025-08-04 10:44:19,988 - INFO - ----------------------------------------------------------------------------------------------------------------------------------------------
2025-08-04 10:44:19,988 - INFO - Finished student_dim=22
2025-08-04 10:44:19,988 - INFO - G&C avg gen_loss = 1.9934485973131777
2025-08-04 10:44:19,988 - INFO - ----------------------------------------------------------------------------------------------------------------------------------------------
2025-08-04 10:44:19,988 - INFO - Starting student_dim=23
2025-08-04 10:44:19,988 - INFO - Starting seed=0
2025-08-04 10:44:19,989 - INFO - A_teacher is 0.6540995836257935
2025-08-04 10:44:19,992 - INFO - Starting G&C
2025-08-04 10:44:25,886 - INFO - Finished G&C, time elapsed=5.893449783325195s
2025-08-04 10:44:25,886 - INFO - Finished seed=0
2025-08-04 10:44:25,886 - INFO - ----------------------------------------------------------------------------------------------------------------------------------------------
2025-08-04 10:44:25,886 - INFO - ----------------------------------------------------------------------------------------------------------------------------------------------
2025-08-04 10:44:25,886 - INFO - Finished student_dim=23
2025-08-04 10:44:25,886 - INFO - G&C avg gen_loss = 1.8366748501147543
2025-08-04 10:44:25,886 - INFO - ----------------------------------------------------------------------------------------------------------------------------------------------
2025-08-04 10:44:25,886 - INFO - Starting student_dim=24
2025-08-04 10:44:25,887 - INFO - Starting seed=0
2025-08-04 10:44:25,887 - INFO - A_teacher is 0.6540995836257935
2025-08-04 10:44:25,891 - INFO - Starting G&C
2025-08-04 10:44:31,845 - INFO - Finished G&C, time elapsed=5.95344614982605s
2025-08-04 10:44:31,845 - INFO - Finished seed=0
2025-08-04 10:44:31,845 - INFO - ----------------------------------------------------------------------------------------------------------------------------------------------
2025-08-04 10:44:31,845 - INFO - ----------------------------------------------------------------------------------------------------------------------------------------------
2025-08-04 10:44:31,845 - INFO - Finished student_dim=24
2025-08-04 10:44:31,845 - INFO - G&C avg gen_loss = 1.8798283886383562
2025-08-04 10:44:31,845 - INFO - ----------------------------------------------------------------------------------------------------------------------------------------------
2025-08-04 10:44:31,845 - INFO - Starting student_dim=25
2025-08-04 10:44:31,845 - INFO - Starting seed=0
2025-08-04 10:44:31,846 - INFO - A_teacher is 0.6540995836257935
2025-08-04 10:44:31,850 - INFO - Starting G&C
2025-08-04 10:44:37,921 - INFO - Finished G&C, time elapsed=6.07058572769165s
2025-08-04 10:44:37,921 - INFO - Finished seed=0
2025-08-04 10:44:37,921 - INFO - ----------------------------------------------------------------------------------------------------------------------------------------------
2025-08-04 10:44:37,921 - INFO - ----------------------------------------------------------------------------------------------------------------------------------------------
2025-08-04 10:44:37,921 - INFO - Finished student_dim=25
2025-08-04 10:44:37,921 - INFO - G&C avg gen_loss = 2.1999940815426053
2025-08-04 10:44:37,922 - INFO - ----------------------------------------------------------------------------------------------------------------------------------------------
2025-08-04 10:44:37,922 - INFO - Starting student_dim=26
2025-08-04 10:44:37,922 - INFO - Starting seed=0
2025-08-04 10:44:37,923 - INFO - A_teacher is 0.6540995836257935
2025-08-04 10:44:37,926 - INFO - Starting G&C
2025-08-04 10:44:44,128 - INFO - Finished G&C, time elapsed=6.201955080032349s
2025-08-04 10:44:44,128 - INFO - Finished seed=0
2025-08-04 10:44:44,128 - INFO - ----------------------------------------------------------------------------------------------------------------------------------------------
2025-08-04 10:44:44,128 - INFO - ----------------------------------------------------------------------------------------------------------------------------------------------
2025-08-04 10:44:44,128 - INFO - Finished student_dim=26
2025-08-04 10:44:44,128 - INFO - G&C avg gen_loss = 1.707064759518419
2025-08-04 10:44:44,128 - INFO - ----------------------------------------------------------------------------------------------------------------------------------------------
2025-08-04 10:44:44,129 - INFO - Starting student_dim=27
2025-08-04 10:44:44,129 - INFO - Starting seed=0
2025-08-04 10:44:44,130 - INFO - A_teacher is 0.6540995836257935
2025-08-04 10:44:44,133 - INFO - Starting G&C
2025-08-04 10:44:50,392 - INFO - Finished G&C, time elapsed=6.25884485244751s
2025-08-04 10:44:50,392 - INFO - Finished seed=0
2025-08-04 10:44:50,392 - INFO - ----------------------------------------------------------------------------------------------------------------------------------------------
2025-08-04 10:44:50,392 - INFO - ----------------------------------------------------------------------------------------------------------------------------------------------
2025-08-04 10:44:50,392 - INFO - Finished student_dim=27
2025-08-04 10:44:50,392 - INFO - G&C avg gen_loss = 2.547181109829647
2025-08-04 10:44:50,392 - INFO - ----------------------------------------------------------------------------------------------------------------------------------------------
2025-08-04 10:44:50,392 - INFO - Starting student_dim=28
2025-08-04 10:44:50,393 - INFO - Starting seed=0
2025-08-04 10:44:50,393 - INFO - A_teacher is 0.6540995836257935
2025-08-04 10:44:50,397 - INFO - Starting G&C
2025-08-04 10:44:56,940 - INFO - Finished G&C, time elapsed=6.5425567626953125s
2025-08-04 10:44:56,940 - INFO - Finished seed=0
2025-08-04 10:44:56,940 - INFO - ----------------------------------------------------------------------------------------------------------------------------------------------
2025-08-04 10:44:56,940 - INFO - ----------------------------------------------------------------------------------------------------------------------------------------------
2025-08-04 10:44:56,940 - INFO - Finished student_dim=28
2025-08-04 10:44:56,940 - INFO - G&C avg gen_loss = 2.017050246859706
2025-08-04 10:44:56,940 - INFO - ----------------------------------------------------------------------------------------------------------------------------------------------
2025-08-04 10:44:56,940 - INFO - Starting student_dim=29
2025-08-04 10:44:56,940 - INFO - Starting seed=0
2025-08-04 10:44:56,941 - INFO - A_teacher is 0.6540995836257935
2025-08-04 10:44:56,945 - INFO - Starting G&C
2025-08-04 10:45:03,526 - INFO - Finished G&C, time elapsed=6.58084511756897s
2025-08-04 10:45:03,527 - INFO - Finished seed=0
2025-08-04 10:45:03,527 - INFO - ----------------------------------------------------------------------------------------------------------------------------------------------
2025-08-04 10:45:03,527 - INFO - ----------------------------------------------------------------------------------------------------------------------------------------------
2025-08-04 10:45:03,527 - INFO - Finished student_dim=29
2025-08-04 10:45:03,527 - INFO - G&C avg gen_loss = 1.9595071714785364
2025-08-04 10:45:03,527 - INFO - ----------------------------------------------------------------------------------------------------------------------------------------------
2025-08-04 10:45:03,527 - INFO - Starting student_dim=30
2025-08-04 10:45:03,527 - INFO - Starting seed=0
2025-08-04 10:45:03,528 - INFO - A_teacher is 0.6540995836257935
2025-08-04 10:45:03,532 - INFO - Starting G&C
2025-08-04 10:45:10,197 - INFO - Finished G&C, time elapsed=6.665320873260498s
2025-08-04 10:45:10,198 - INFO - Finished seed=0
2025-08-04 10:45:10,198 - INFO - ----------------------------------------------------------------------------------------------------------------------------------------------
2025-08-04 10:45:10,198 - INFO - ----------------------------------------------------------------------------------------------------------------------------------------------
2025-08-04 10:45:10,198 - INFO - Finished student_dim=30
2025-08-04 10:45:10,198 - INFO - G&C avg gen_loss = 2.1304998210498263
2025-08-04 10:45:10,198 - INFO - ----------------------------------------------------------------------------------------------------------------------------------------------
2025-08-04 10:45:10,198 - INFO - Starting student_dim=31
2025-08-04 10:45:10,198 - INFO - Starting seed=0
2025-08-04 10:45:10,199 - INFO - A_teacher is 0.6540995836257935
2025-08-04 10:45:10,203 - INFO - Starting G&C
2025-08-04 10:45:16,993 - INFO - Finished G&C, time elapsed=6.790072679519653s
2025-08-04 10:45:16,994 - INFO - Finished seed=0
2025-08-04 10:45:16,994 - INFO - ----------------------------------------------------------------------------------------------------------------------------------------------
2025-08-04 10:45:16,994 - INFO - ----------------------------------------------------------------------------------------------------------------------------------------------
2025-08-04 10:45:16,994 - INFO - Finished student_dim=31
2025-08-04 10:45:16,994 - INFO - G&C avg gen_loss = 2.8350786431269213
2025-08-04 10:45:16,994 - INFO - ----------------------------------------------------------------------------------------------------------------------------------------------
2025-08-04 10:45:16,994 - INFO - Starting student_dim=32
2025-08-04 10:45:16,994 - INFO - Starting seed=0
2025-08-04 10:45:16,995 - INFO - A_teacher is 0.6540995836257935
2025-08-04 10:45:16,999 - INFO - Starting G&C
2025-08-04 10:45:23,844 - INFO - Finished G&C, time elapsed=6.845026016235352s
2025-08-04 10:45:23,844 - INFO - Finished seed=0
2025-08-04 10:45:23,844 - INFO - ----------------------------------------------------------------------------------------------------------------------------------------------
2025-08-04 10:45:23,844 - INFO - ----------------------------------------------------------------------------------------------------------------------------------------------
2025-08-04 10:45:23,844 - INFO - Finished student_dim=32
2025-08-04 10:45:23,844 - INFO - G&C avg gen_loss = 2.0421109528377137
2025-08-04 10:45:23,844 - INFO - ----------------------------------------------------------------------------------------------------------------------------------------------
2025-08-04 10:45:23,844 - INFO - Starting student_dim=33
2025-08-04 10:45:23,845 - INFO - Starting seed=0
2025-08-04 10:45:23,846 - INFO - A_teacher is 0.6540995836257935
2025-08-04 10:45:23,849 - INFO - Starting G&C
2025-08-04 10:45:30,975 - INFO - Finished G&C, time elapsed=7.125469923019409s
2025-08-04 10:45:30,975 - INFO - Finished seed=0
2025-08-04 10:45:30,975 - INFO - ----------------------------------------------------------------------------------------------------------------------------------------------
2025-08-04 10:45:30,975 - INFO - ----------------------------------------------------------------------------------------------------------------------------------------------
2025-08-04 10:45:30,975 - INFO - Finished student_dim=33
2025-08-04 10:45:30,975 - INFO - G&C avg gen_loss = 2.1832081363959746
2025-08-04 10:45:30,975 - INFO - ----------------------------------------------------------------------------------------------------------------------------------------------
2025-08-04 10:45:30,975 - INFO - Starting student_dim=34
2025-08-04 10:45:30,976 - INFO - Starting seed=0
2025-08-04 10:45:30,977 - INFO - A_teacher is 0.6540995836257935
2025-08-04 10:45:30,980 - INFO - Starting G&C
2025-08-04 10:45:38,330 - INFO - Finished G&C, time elapsed=7.34962797164917s
2025-08-04 10:45:38,330 - INFO - Finished seed=0
2025-08-04 10:45:38,330 - INFO - ----------------------------------------------------------------------------------------------------------------------------------------------
2025-08-04 10:45:38,330 - INFO - ----------------------------------------------------------------------------------------------------------------------------------------------
2025-08-04 10:45:38,330 - INFO - Finished student_dim=34
2025-08-04 10:45:38,331 - INFO - G&C avg gen_loss = 2.1570173551638923
2025-08-04 10:45:38,331 - INFO - ----------------------------------------------------------------------------------------------------------------------------------------------
2025-08-04 10:45:38,579 - INFO - Finished experiments, results saved to results_gnc_seq_len=6_num_measurements=1_input_e1=True_time=20250804-104538.csv, figures saved to plot_gnc_seq_len=6_num_measurements=1_input_e1=True_time=20250804-104538
