2025-08-04 10:11:31,466 - INFO - Using device mps.
2025-08-04 10:11:31,466 - INFO - Args: Namespace(num_seeds=1, num_measurements=1, input_e1=True, sequence_length=4, teacher_ranks=[1], student_dims=[5, 6, 7, 8, 9, 10, 11, 12, 13, 14, 15, 16, 17, 18, 19, 20, 21, 22, 23, 24, 25, 26, 27, 28, 29], calc_loss_only_on_last_output=True, eps_train=1e-12, gnc=True, gnc_num_samples=100000000, gnc_batch_size=1000000, gd=False, gd_lr=0.01, gd_epochs=100000, gd_init_scale=0.01, gd_optimizer='adam', config=None, results_dir=PosixPath('results'), figures_dir=PosixPath('figures'), log_dir=PosixPath('logs'))
2025-08-04 10:11:31,475 - INFO - Starting teacher_rank=1
2025-08-04 10:11:31,475 - INFO - Starting student_dim=5
2025-08-04 10:11:31,476 - INFO - Starting seed=0
2025-08-04 10:11:31,481 - INFO - A_teacher is 0.4735580384731293
2025-08-04 10:11:31,503 - INFO - Starting G&C
2025-08-04 10:11:34,914 - INFO - Finished G&C, time elapsed=3.4102656841278076s
2025-08-04 10:11:34,914 - INFO - Finished seed=0
2025-08-04 10:11:34,914 - INFO - ----------------------------------------------------------------------------------------------------------------------------------------------
2025-08-04 10:11:34,914 - INFO - ----------------------------------------------------------------------------------------------------------------------------------------------
2025-08-04 10:11:34,914 - INFO - Finished student_dim=5
2025-08-04 10:11:34,914 - INFO - G&C avg gen_loss = 0.3803775893153711
2025-08-04 10:11:34,914 - INFO - ----------------------------------------------------------------------------------------------------------------------------------------------
2025-08-04 10:11:34,914 - INFO - Starting student_dim=6
2025-08-04 10:11:34,914 - INFO - Starting seed=0
2025-08-04 10:11:34,915 - INFO - A_teacher is 0.6540995836257935
2025-08-04 10:11:34,920 - INFO - Starting G&C
2025-08-04 10:11:38,350 - INFO - Finished G&C, time elapsed=3.43035888671875s
2025-08-04 10:11:38,350 - INFO - Finished seed=0
2025-08-04 10:11:38,350 - INFO - ----------------------------------------------------------------------------------------------------------------------------------------------
2025-08-04 10:11:38,350 - INFO - ----------------------------------------------------------------------------------------------------------------------------------------------
2025-08-04 10:11:38,350 - INFO - Finished student_dim=6
2025-08-04 10:11:38,351 - INFO - G&C avg gen_loss = 0.6338580554034913
2025-08-04 10:11:38,351 - INFO - ----------------------------------------------------------------------------------------------------------------------------------------------
2025-08-04 10:11:38,351 - INFO - Starting student_dim=7
2025-08-04 10:11:38,351 - INFO - Starting seed=0
2025-08-04 10:11:38,352 - INFO - A_teacher is 0.6540995836257935
2025-08-04 10:11:38,356 - INFO - Starting G&C
2025-08-04 10:11:41,818 - INFO - Finished G&C, time elapsed=3.4622039794921875s
2025-08-04 10:11:41,818 - INFO - Finished seed=0
2025-08-04 10:11:41,818 - INFO - ----------------------------------------------------------------------------------------------------------------------------------------------
2025-08-04 10:11:41,818 - INFO - ----------------------------------------------------------------------------------------------------------------------------------------------
2025-08-04 10:11:41,818 - INFO - Finished student_dim=7
2025-08-04 10:11:41,818 - INFO - G&C avg gen_loss = 0.6874901102358149
2025-08-04 10:11:41,818 - INFO - ----------------------------------------------------------------------------------------------------------------------------------------------
2025-08-04 10:11:41,819 - INFO - Starting student_dim=8
2025-08-04 10:11:41,819 - INFO - Starting seed=0
2025-08-04 10:11:41,820 - INFO - A_teacher is 0.6540995836257935
2025-08-04 10:11:41,823 - INFO - Starting G&C
2025-08-04 10:11:45,330 - INFO - Finished G&C, time elapsed=3.5075461864471436s
2025-08-04 10:11:45,330 - INFO - Finished seed=0
2025-08-04 10:11:45,330 - INFO - ----------------------------------------------------------------------------------------------------------------------------------------------
2025-08-04 10:11:45,331 - INFO - ----------------------------------------------------------------------------------------------------------------------------------------------
2025-08-04 10:11:45,331 - INFO - Finished student_dim=8
2025-08-04 10:11:45,331 - INFO - G&C avg gen_loss = 0.7406645934358588
2025-08-04 10:11:45,331 - INFO - ----------------------------------------------------------------------------------------------------------------------------------------------
2025-08-04 10:11:45,331 - INFO - Starting student_dim=9
2025-08-04 10:11:45,331 - INFO - Starting seed=0
2025-08-04 10:11:45,332 - INFO - A_teacher is 0.6540995836257935
2025-08-04 10:11:45,336 - INFO - Starting G&C
2025-08-04 10:11:48,899 - INFO - Finished G&C, time elapsed=3.5636239051818848s
2025-08-04 10:11:48,899 - INFO - Finished seed=0
2025-08-04 10:11:48,900 - INFO - ----------------------------------------------------------------------------------------------------------------------------------------------
2025-08-04 10:11:48,900 - INFO - ----------------------------------------------------------------------------------------------------------------------------------------------
2025-08-04 10:11:48,900 - INFO - Finished student_dim=9
2025-08-04 10:11:48,900 - INFO - G&C avg gen_loss = 0.723316969364199
2025-08-04 10:11:48,900 - INFO - ----------------------------------------------------------------------------------------------------------------------------------------------
2025-08-04 10:11:48,900 - INFO - Starting student_dim=10
2025-08-04 10:11:48,900 - INFO - Starting seed=0
2025-08-04 10:11:48,901 - INFO - A_teacher is 0.6540995836257935
2025-08-04 10:11:48,904 - INFO - Starting G&C
2025-08-04 10:11:52,565 - INFO - Finished G&C, time elapsed=3.6613152027130127s
2025-08-04 10:11:52,566 - INFO - Finished seed=0
2025-08-04 10:11:52,566 - INFO - ----------------------------------------------------------------------------------------------------------------------------------------------
2025-08-04 10:11:52,566 - INFO - ----------------------------------------------------------------------------------------------------------------------------------------------
2025-08-04 10:11:52,566 - INFO - Finished student_dim=10
2025-08-04 10:11:52,566 - INFO - G&C avg gen_loss = 0.883041114984628
2025-08-04 10:11:52,566 - INFO - ----------------------------------------------------------------------------------------------------------------------------------------------
2025-08-04 10:11:52,566 - INFO - Starting student_dim=11
2025-08-04 10:11:52,566 - INFO - Starting seed=0
2025-08-04 10:11:52,567 - INFO - A_teacher is 0.6540995836257935
2025-08-04 10:11:52,572 - INFO - Starting G&C
2025-08-04 10:11:56,305 - INFO - Finished G&C, time elapsed=3.733802080154419s
2025-08-04 10:11:56,306 - INFO - Finished seed=0
2025-08-04 10:11:56,306 - INFO - ----------------------------------------------------------------------------------------------------------------------------------------------
2025-08-04 10:11:56,306 - INFO - ----------------------------------------------------------------------------------------------------------------------------------------------
2025-08-04 10:11:56,306 - INFO - Finished student_dim=11
2025-08-04 10:11:56,306 - INFO - G&C avg gen_loss = 0.9210321643880306
2025-08-04 10:11:56,306 - INFO - ----------------------------------------------------------------------------------------------------------------------------------------------
2025-08-04 10:11:56,306 - INFO - Starting student_dim=12
2025-08-04 10:11:56,306 - INFO - Starting seed=0
2025-08-04 10:11:56,307 - INFO - A_teacher is 0.6540995836257935
2025-08-04 10:11:56,310 - INFO - Starting G&C
2025-08-04 10:12:00,070 - INFO - Finished G&C, time elapsed=3.7593400478363037s
2025-08-04 10:12:00,070 - INFO - Finished seed=0
2025-08-04 10:12:00,070 - INFO - ----------------------------------------------------------------------------------------------------------------------------------------------
2025-08-04 10:12:00,070 - INFO - ----------------------------------------------------------------------------------------------------------------------------------------------
2025-08-04 10:12:00,070 - INFO - Finished student_dim=12
2025-08-04 10:12:00,070 - INFO - G&C avg gen_loss = 0.9576033217712275
2025-08-04 10:12:00,070 - INFO - ----------------------------------------------------------------------------------------------------------------------------------------------
2025-08-04 10:12:00,070 - INFO - Starting student_dim=13
2025-08-04 10:12:00,070 - INFO - Starting seed=0
2025-08-04 10:12:00,071 - INFO - A_teacher is 0.6540995836257935
2025-08-04 10:12:00,075 - INFO - Starting G&C
2025-08-04 10:12:03,943 - INFO - Finished G&C, time elapsed=3.868438959121704s
2025-08-04 10:12:03,943 - INFO - Finished seed=0
2025-08-04 10:12:03,943 - INFO - ----------------------------------------------------------------------------------------------------------------------------------------------
2025-08-04 10:12:03,943 - INFO - ----------------------------------------------------------------------------------------------------------------------------------------------
2025-08-04 10:12:03,943 - INFO - Finished student_dim=13
2025-08-04 10:12:03,943 - INFO - G&C avg gen_loss = 1.0427503266504832
2025-08-04 10:12:03,944 - INFO - ----------------------------------------------------------------------------------------------------------------------------------------------
2025-08-04 10:12:03,944 - INFO - Starting student_dim=14
2025-08-04 10:12:03,944 - INFO - Starting seed=0
2025-08-04 10:12:03,945 - INFO - A_teacher is 0.6540995836257935
2025-08-04 10:12:03,948 - INFO - Starting G&C
2025-08-04 10:12:07,919 - INFO - Finished G&C, time elapsed=3.9714128971099854s
2025-08-04 10:12:07,919 - INFO - Finished seed=0
2025-08-04 10:12:07,920 - INFO - ----------------------------------------------------------------------------------------------------------------------------------------------
2025-08-04 10:12:07,920 - INFO - ----------------------------------------------------------------------------------------------------------------------------------------------
2025-08-04 10:12:07,920 - INFO - Finished student_dim=14
2025-08-04 10:12:07,920 - INFO - G&C avg gen_loss = 0.9775868009390503
2025-08-04 10:12:07,920 - INFO - ----------------------------------------------------------------------------------------------------------------------------------------------
2025-08-04 10:12:07,920 - INFO - Starting student_dim=15
2025-08-04 10:12:07,920 - INFO - Starting seed=0
2025-08-04 10:12:07,921 - INFO - A_teacher is 0.6540995836257935
2025-08-04 10:12:07,924 - INFO - Starting G&C
2025-08-04 10:12:11,972 - INFO - Finished G&C, time elapsed=4.047133922576904s
2025-08-04 10:12:11,972 - INFO - Finished seed=0
2025-08-04 10:12:11,972 - INFO - ----------------------------------------------------------------------------------------------------------------------------------------------
2025-08-04 10:12:11,972 - INFO - ----------------------------------------------------------------------------------------------------------------------------------------------
2025-08-04 10:12:11,972 - INFO - Finished student_dim=15
2025-08-04 10:12:11,972 - INFO - G&C avg gen_loss = 1.0620937996774638
2025-08-04 10:12:11,972 - INFO - ----------------------------------------------------------------------------------------------------------------------------------------------
2025-08-04 10:12:11,972 - INFO - Starting student_dim=16
2025-08-04 10:12:11,972 - INFO - Starting seed=0
2025-08-04 10:12:11,973 - INFO - A_teacher is 0.6540995836257935
2025-08-04 10:12:11,976 - INFO - Starting G&C
2025-08-04 10:12:16,118 - INFO - Finished G&C, time elapsed=4.141427278518677s
2025-08-04 10:12:16,118 - INFO - Finished seed=0
2025-08-04 10:12:16,118 - INFO - ----------------------------------------------------------------------------------------------------------------------------------------------
2025-08-04 10:12:16,118 - INFO - ----------------------------------------------------------------------------------------------------------------------------------------------
2025-08-04 10:12:16,118 - INFO - Finished student_dim=16
2025-08-04 10:12:16,118 - INFO - G&C avg gen_loss = 1.1249113726096416
2025-08-04 10:12:16,118 - INFO - ----------------------------------------------------------------------------------------------------------------------------------------------
2025-08-04 10:12:16,119 - INFO - Starting student_dim=17
2025-08-04 10:12:16,119 - INFO - Starting seed=0
2025-08-04 10:12:16,120 - INFO - A_teacher is 0.6540995836257935
2025-08-04 10:12:16,123 - INFO - Starting G&C
2025-08-04 10:12:20,270 - INFO - Finished G&C, time elapsed=4.147084951400757s
2025-08-04 10:12:20,270 - INFO - Finished seed=0
2025-08-04 10:12:20,270 - INFO - ----------------------------------------------------------------------------------------------------------------------------------------------
2025-08-04 10:12:20,270 - INFO - ----------------------------------------------------------------------------------------------------------------------------------------------
2025-08-04 10:12:20,270 - INFO - Finished student_dim=17
2025-08-04 10:12:20,270 - INFO - G&C avg gen_loss = 1.2415428421800099
2025-08-04 10:12:20,270 - INFO - ----------------------------------------------------------------------------------------------------------------------------------------------
2025-08-04 10:12:20,270 - INFO - Starting student_dim=18
2025-08-04 10:12:20,270 - INFO - Starting seed=0
2025-08-04 10:12:20,271 - INFO - A_teacher is 0.6540995836257935
2025-08-04 10:12:20,275 - INFO - Starting G&C
2025-08-04 10:12:24,493 - INFO - Finished G&C, time elapsed=4.218161106109619s
2025-08-04 10:12:24,493 - INFO - Finished seed=0
2025-08-04 10:12:24,493 - INFO - ----------------------------------------------------------------------------------------------------------------------------------------------
2025-08-04 10:12:24,493 - INFO - ----------------------------------------------------------------------------------------------------------------------------------------------
2025-08-04 10:12:24,493 - INFO - Finished student_dim=18
2025-08-04 10:12:24,493 - INFO - G&C avg gen_loss = 1.2162408078307505
2025-08-04 10:12:24,493 - INFO - ----------------------------------------------------------------------------------------------------------------------------------------------
2025-08-04 10:12:24,493 - INFO - Starting student_dim=19
2025-08-04 10:12:24,493 - INFO - Starting seed=0
2025-08-04 10:12:24,494 - INFO - A_teacher is 0.6540995836257935
2025-08-04 10:12:24,497 - INFO - Starting G&C
2025-08-04 10:12:28,765 - INFO - Finished G&C, time elapsed=4.267693042755127s
2025-08-04 10:12:28,765 - INFO - Finished seed=0
2025-08-04 10:12:28,765 - INFO - ----------------------------------------------------------------------------------------------------------------------------------------------
2025-08-04 10:12:28,765 - INFO - ----------------------------------------------------------------------------------------------------------------------------------------------
2025-08-04 10:12:28,765 - INFO - Finished student_dim=19
2025-08-04 10:12:28,766 - INFO - G&C avg gen_loss = 1.4378531380660005
2025-08-04 10:12:28,766 - INFO - ----------------------------------------------------------------------------------------------------------------------------------------------
2025-08-04 10:12:28,766 - INFO - Starting student_dim=20
2025-08-04 10:12:28,766 - INFO - Starting seed=0
2025-08-04 10:12:28,767 - INFO - A_teacher is 0.6540995836257935
2025-08-04 10:12:28,771 - INFO - Starting G&C
2025-08-04 10:12:33,103 - INFO - Finished G&C, time elapsed=4.331576108932495s
2025-08-04 10:12:33,103 - INFO - Finished seed=0
2025-08-04 10:12:33,103 - INFO - ----------------------------------------------------------------------------------------------------------------------------------------------
2025-08-04 10:12:33,103 - INFO - ----------------------------------------------------------------------------------------------------------------------------------------------
2025-08-04 10:12:33,103 - INFO - Finished student_dim=20
2025-08-04 10:12:33,103 - INFO - G&C avg gen_loss = 1.4060703452789423
2025-08-04 10:12:33,103 - INFO - ----------------------------------------------------------------------------------------------------------------------------------------------
2025-08-04 10:12:33,103 - INFO - Starting student_dim=21
2025-08-04 10:12:33,103 - INFO - Starting seed=0
2025-08-04 10:12:33,104 - INFO - A_teacher is 0.6540995836257935
2025-08-04 10:12:33,107 - INFO - Starting G&C
2025-08-04 10:12:37,591 - INFO - Finished G&C, time elapsed=4.483406066894531s
2025-08-04 10:12:37,591 - INFO - Finished seed=0
2025-08-04 10:12:37,591 - INFO - ----------------------------------------------------------------------------------------------------------------------------------------------
2025-08-04 10:12:37,591 - INFO - ----------------------------------------------------------------------------------------------------------------------------------------------
2025-08-04 10:12:37,591 - INFO - Finished student_dim=21
2025-08-04 10:12:37,591 - INFO - G&C avg gen_loss = 1.6105389046781469
2025-08-04 10:12:37,591 - INFO - ----------------------------------------------------------------------------------------------------------------------------------------------
2025-08-04 10:12:37,591 - INFO - Starting student_dim=22
2025-08-04 10:12:37,591 - INFO - Starting seed=0
2025-08-04 10:12:37,592 - INFO - A_teacher is 0.6540995836257935
2025-08-04 10:12:37,596 - INFO - Starting G&C
2025-08-04 10:12:42,119 - INFO - Finished G&C, time elapsed=4.523834228515625s
2025-08-04 10:12:42,120 - INFO - Finished seed=0
2025-08-04 10:12:42,120 - INFO - ----------------------------------------------------------------------------------------------------------------------------------------------
2025-08-04 10:12:42,120 - INFO - ----------------------------------------------------------------------------------------------------------------------------------------------
2025-08-04 10:12:42,120 - INFO - Finished student_dim=22
2025-08-04 10:12:42,120 - INFO - G&C avg gen_loss = 1.451247359431067
2025-08-04 10:12:42,120 - INFO - ----------------------------------------------------------------------------------------------------------------------------------------------
2025-08-04 10:12:42,120 - INFO - Starting student_dim=23
2025-08-04 10:12:42,120 - INFO - Starting seed=0
2025-08-04 10:12:42,121 - INFO - A_teacher is 0.6540995836257935
2025-08-04 10:12:42,124 - INFO - Starting G&C
2025-08-04 10:12:46,681 - INFO - Finished G&C, time elapsed=4.556770086288452s
2025-08-04 10:12:46,681 - INFO - Finished seed=0
2025-08-04 10:12:46,681 - INFO - ----------------------------------------------------------------------------------------------------------------------------------------------
2025-08-04 10:12:46,681 - INFO - ----------------------------------------------------------------------------------------------------------------------------------------------
2025-08-04 10:12:46,681 - INFO - Finished student_dim=23
2025-08-04 10:12:46,682 - INFO - G&C avg gen_loss = 1.8326227598044338
2025-08-04 10:12:46,682 - INFO - ----------------------------------------------------------------------------------------------------------------------------------------------
2025-08-04 10:12:46,682 - INFO - Starting student_dim=24
2025-08-04 10:12:46,682 - INFO - Starting seed=0
2025-08-04 10:12:46,683 - INFO - A_teacher is 0.6540995836257935
2025-08-04 10:12:46,686 - INFO - Starting G&C
2025-08-04 10:12:51,303 - INFO - Finished G&C, time elapsed=4.616687059402466s
2025-08-04 10:12:51,303 - INFO - Finished seed=0
2025-08-04 10:12:51,303 - INFO - ----------------------------------------------------------------------------------------------------------------------------------------------
2025-08-04 10:12:51,303 - INFO - ----------------------------------------------------------------------------------------------------------------------------------------------
2025-08-04 10:12:51,303 - INFO - Finished student_dim=24
2025-08-04 10:12:51,303 - INFO - G&C avg gen_loss = 1.6658244744131836
2025-08-04 10:12:51,303 - INFO - ----------------------------------------------------------------------------------------------------------------------------------------------
2025-08-04 10:12:51,303 - INFO - Starting student_dim=25
2025-08-04 10:12:51,303 - INFO - Starting seed=0
2025-08-04 10:12:51,304 - INFO - A_teacher is 0.6540995836257935
2025-08-04 10:12:51,308 - INFO - Starting G&C
2025-08-04 10:12:56,003 - INFO - Finished G&C, time elapsed=4.69452691078186s
2025-08-04 10:12:56,003 - INFO - Finished seed=0
2025-08-04 10:12:56,003 - INFO - ----------------------------------------------------------------------------------------------------------------------------------------------
2025-08-04 10:12:56,003 - INFO - ----------------------------------------------------------------------------------------------------------------------------------------------
2025-08-04 10:12:56,003 - INFO - Finished student_dim=25
2025-08-04 10:12:56,003 - INFO - G&C avg gen_loss = 1.5108118688882286
2025-08-04 10:12:56,003 - INFO - ----------------------------------------------------------------------------------------------------------------------------------------------
2025-08-04 10:12:56,003 - INFO - Starting student_dim=26
2025-08-04 10:12:56,004 - INFO - Starting seed=0
2025-08-04 10:12:56,004 - INFO - A_teacher is 0.6540995836257935
2025-08-04 10:12:56,008 - INFO - Starting G&C
2025-08-04 10:13:00,826 - INFO - Finished G&C, time elapsed=4.818065166473389s
2025-08-04 10:13:00,826 - INFO - Finished seed=0
2025-08-04 10:13:00,826 - INFO - ----------------------------------------------------------------------------------------------------------------------------------------------
2025-08-04 10:13:00,826 - INFO - ----------------------------------------------------------------------------------------------------------------------------------------------
2025-08-04 10:13:00,826 - INFO - Finished student_dim=26
2025-08-04 10:13:00,826 - INFO - G&C avg gen_loss = 1.8060963587670387
2025-08-04 10:13:00,826 - INFO - ----------------------------------------------------------------------------------------------------------------------------------------------
2025-08-04 10:13:00,826 - INFO - Starting student_dim=27
2025-08-04 10:13:00,827 - INFO - Starting seed=0
2025-08-04 10:13:00,827 - INFO - A_teacher is 0.6540995836257935
2025-08-04 10:13:00,831 - INFO - Starting G&C
2025-08-04 10:13:05,691 - INFO - Finished G&C, time elapsed=4.86037802696228s
2025-08-04 10:13:05,691 - INFO - Finished seed=0
2025-08-04 10:13:05,691 - INFO - ----------------------------------------------------------------------------------------------------------------------------------------------
2025-08-04 10:13:05,691 - INFO - ----------------------------------------------------------------------------------------------------------------------------------------------
2025-08-04 10:13:05,691 - INFO - Finished student_dim=27
2025-08-04 10:13:05,691 - INFO - G&C avg gen_loss = 1.9152071969849722
2025-08-04 10:13:05,691 - INFO - ----------------------------------------------------------------------------------------------------------------------------------------------
2025-08-04 10:13:05,692 - INFO - Starting student_dim=28
2025-08-04 10:13:05,692 - INFO - Starting seed=0
2025-08-04 10:13:05,692 - INFO - A_teacher is 0.6540995836257935
2025-08-04 10:13:05,696 - INFO - Starting G&C
2025-08-04 10:13:10,632 - INFO - Finished G&C, time elapsed=4.9358320236206055s
2025-08-04 10:13:10,632 - INFO - Finished seed=0
2025-08-04 10:13:10,632 - INFO - ----------------------------------------------------------------------------------------------------------------------------------------------
2025-08-04 10:13:10,632 - INFO - ----------------------------------------------------------------------------------------------------------------------------------------------
2025-08-04 10:13:10,632 - INFO - Finished student_dim=28
2025-08-04 10:13:10,632 - INFO - G&C avg gen_loss = 1.904764945878357
2025-08-04 10:13:10,632 - INFO - ----------------------------------------------------------------------------------------------------------------------------------------------
2025-08-04 10:13:10,632 - INFO - Starting student_dim=29
2025-08-04 10:13:10,632 - INFO - Starting seed=0
2025-08-04 10:13:10,633 - INFO - A_teacher is 0.6540995836257935
2025-08-04 10:13:10,637 - INFO - Starting G&C
2025-08-04 10:13:15,641 - INFO - Finished G&C, time elapsed=5.003973960876465s
2025-08-04 10:13:15,641 - INFO - Finished seed=0
2025-08-04 10:13:15,641 - INFO - ----------------------------------------------------------------------------------------------------------------------------------------------
2025-08-04 10:13:15,641 - INFO - ----------------------------------------------------------------------------------------------------------------------------------------------
2025-08-04 10:13:15,641 - INFO - Finished student_dim=29
2025-08-04 10:13:15,641 - INFO - G&C avg gen_loss = 1.737939663862778
2025-08-04 10:13:15,641 - INFO - ----------------------------------------------------------------------------------------------------------------------------------------------
2025-08-04 10:13:15,896 - INFO - Finished experiments, results saved to results_gnc_seq_len=4_num_measurements=1_input_e1=True_time=20250804-101315.csv, figures saved to plot_gnc_seq_len=4_num_measurements=1_input_e1=True_time=20250804-101315
