2025-08-06 13:53:33,596 - INFO - Using device cuda:0.
2025-08-06 13:53:33,597 - INFO - Args: Namespace(num_seeds=1, num_measurements=1, input_e1=False, sequence_length=5, teacher_ranks=[1], student_dims=[15, 16, 17, 18, 19, 20, 21, 22, 23, 24, 25, 26, 27, 28, 29, 30, 31, 32, 33, 34, 35, 36, 37, 38, 39], calc_loss_only_on_last_output=True, eps_train=1e-12, gnc=True, gnc_num_samples=100000000, gnc_batch_size=1000000, gd=False, gd_lr=0.001, gd_epochs=1000000, gd_init_scale=0.01, gd_optimizer='adam', config=None, results_dir=PosixPath('results'), figures_dir=PosixPath('figures'), log_dir=PosixPath('logs'))
2025-08-06 13:53:33,605 - INFO - Starting teacher_rank=1
2025-08-06 13:53:33,606 - INFO - Starting student_dim=15
2025-08-06 13:53:33,607 - INFO - Starting seed=0
2025-08-06 13:53:34,037 - INFO - A_teacher is 0.6540995836257935
2025-08-06 13:53:34,042 - INFO - dataset is tensor([[[-0.2934],
         [-2.1788],
         [ 0.5684],
         [-1.0845],
         [-1.3986]]])
2025-08-06 13:53:34,163 - INFO - Starting G&C
2025-08-06 13:53:44,034 - INFO - student_dim=15, prior_loss=2.0338118076324463, mean_shift_term1=-1.505466103553772, mean_shift_term2=1.0689915418624878, variance_reduction=-0.9867912530899048, conditional_expectation=0.6105459928512573
2025-08-06 13:53:44,035 - INFO - Finished G&C, time elapsed=9.871859550476074s
2025-08-06 13:53:44,036 - INFO - Finished seed=0
2025-08-06 13:53:44,038 - INFO - ----------------------------------------------------------------------------------------------------------------------------------------------
2025-08-06 13:53:44,038 - INFO - ----------------------------------------------------------------------------------------------------------------------------------------------
2025-08-06 13:53:44,038 - INFO - Finished student_dim=15
2025-08-06 13:53:44,039 - INFO - G&C avg gen_loss = 0.6028558465838433
2025-08-06 13:53:44,039 - INFO - G&C avg theoretical_loss = 0.6105459928512573
2025-08-06 13:53:44,039 - INFO - ----------------------------------------------------------------------------------------------------------------------------------------------
2025-08-06 13:53:44,040 - INFO - Starting student_dim=16
2025-08-06 13:53:44,041 - INFO - Starting seed=0
2025-08-06 13:53:44,043 - INFO - A_teacher is 0.6540995836257935
2025-08-06 13:53:44,044 - INFO - dataset is tensor([[[-0.2934],
         [-2.1788],
         [ 0.5684],
         [-1.0845],
         [-1.3986]]])
2025-08-06 13:53:44,045 - INFO - Starting G&C
2025-08-06 13:53:53,439 - INFO - student_dim=16, prior_loss=2.0171380043029785, mean_shift_term1=-2.361501932144165, mean_shift_term2=-1.4514508247375488, variance_reduction=-1.6516066789627075, conditional_expectation=-3.4474215507507324
2025-08-06 13:53:53,442 - INFO - Finished G&C, time elapsed=9.39721155166626s
2025-08-06 13:53:53,445 - INFO - Finished seed=0
2025-08-06 13:53:53,446 - INFO - ----------------------------------------------------------------------------------------------------------------------------------------------
2025-08-06 13:53:53,447 - INFO - ----------------------------------------------------------------------------------------------------------------------------------------------
2025-08-06 13:53:53,447 - INFO - Finished student_dim=16
2025-08-06 13:53:53,450 - INFO - G&C avg gen_loss = 0.5385183586793787
2025-08-06 13:53:53,452 - INFO - G&C avg theoretical_loss = -3.4474215507507324
2025-08-06 13:53:53,455 - INFO - ----------------------------------------------------------------------------------------------------------------------------------------------
2025-08-06 13:53:53,458 - INFO - Starting student_dim=17
2025-08-06 13:53:53,461 - INFO - Starting seed=0
2025-08-06 13:53:53,464 - INFO - A_teacher is 0.6540995836257935
2025-08-06 13:53:53,467 - INFO - dataset is tensor([[[-0.2934],
         [-2.1788],
         [ 0.5684],
         [-1.0845],
         [-1.3986]]])
2025-08-06 13:53:53,471 - INFO - Starting G&C
2025-08-06 13:54:02,697 - INFO - student_dim=17, prior_loss=2.0031180381774902, mean_shift_term1=-1.5559823513031006, mean_shift_term2=1.1608866453170776, variance_reduction=-0.982831597328186, conditional_expectation=0.6251907348632812
2025-08-06 13:54:02,697 - INFO - Finished G&C, time elapsed=9.22640347480774s
2025-08-06 13:54:02,697 - INFO - Finished seed=0
2025-08-06 13:54:02,698 - INFO - ----------------------------------------------------------------------------------------------------------------------------------------------
2025-08-06 13:54:02,698 - INFO - ----------------------------------------------------------------------------------------------------------------------------------------------
2025-08-06 13:54:02,698 - INFO - Finished student_dim=17
2025-08-06 13:54:02,699 - INFO - G&C avg gen_loss = 0.7509583491418097
2025-08-06 13:54:02,699 - INFO - G&C avg theoretical_loss = 0.6251907348632812
2025-08-06 13:54:02,700 - INFO - ----------------------------------------------------------------------------------------------------------------------------------------------
2025-08-06 13:54:02,700 - INFO - Starting student_dim=18
2025-08-06 13:54:02,701 - INFO - Starting seed=0
2025-08-06 13:54:02,702 - INFO - A_teacher is 0.6540995836257935
2025-08-06 13:54:02,704 - INFO - dataset is tensor([[[-0.2934],
         [-2.1788],
         [ 0.5684],
         [-1.0845],
         [-1.3986]]])
2025-08-06 13:54:02,705 - INFO - Starting G&C
2025-08-06 13:54:11,601 - INFO - student_dim=18, prior_loss=1.99120032787323, mean_shift_term1=-2.246178150177002, mean_shift_term2=-1.0483322143554688, variance_reduction=-1.5123121738433838, conditional_expectation=-2.815622329711914
2025-08-06 13:54:11,601 - INFO - Finished G&C, time elapsed=8.896192073822021s
2025-08-06 13:54:11,601 - INFO - Finished seed=0
2025-08-06 13:54:11,602 - INFO - ----------------------------------------------------------------------------------------------------------------------------------------------
2025-08-06 13:54:11,604 - INFO - ----------------------------------------------------------------------------------------------------------------------------------------------
2025-08-06 13:54:11,604 - INFO - Finished student_dim=18
2025-08-06 13:54:11,604 - INFO - G&C avg gen_loss = 0.8546817573634061
2025-08-06 13:54:11,607 - INFO - G&C avg theoretical_loss = -2.815622329711914
2025-08-06 13:54:11,610 - INFO - ----------------------------------------------------------------------------------------------------------------------------------------------
2025-08-06 13:54:11,610 - INFO - Starting student_dim=19
2025-08-06 13:54:11,613 - INFO - Starting seed=0
2025-08-06 13:54:11,617 - INFO - A_teacher is 0.6540995836257935
2025-08-06 13:54:11,620 - INFO - dataset is tensor([[[-0.2934],
         [-2.1788],
         [ 0.5684],
         [-1.0845],
         [-1.3986]]])
2025-08-06 13:54:11,623 - INFO - Starting G&C
2025-08-06 13:54:20,940 - INFO - student_dim=19, prior_loss=1.9809716939926147, mean_shift_term1=-1.59817636013031, mean_shift_term2=1.2428028583526611, variance_reduction=-0.9810523390769958, conditional_expectation=0.64454585313797
2025-08-06 13:54:20,940 - INFO - Finished G&C, time elapsed=9.31691026687622s
2025-08-06 13:54:20,940 - INFO - Finished seed=0
2025-08-06 13:54:20,941 - INFO - ----------------------------------------------------------------------------------------------------------------------------------------------
2025-08-06 13:54:20,941 - INFO - ----------------------------------------------------------------------------------------------------------------------------------------------
2025-08-06 13:54:20,941 - INFO - Finished student_dim=19
2025-08-06 13:54:20,942 - INFO - G&C avg gen_loss = 0.7669016998715517
2025-08-06 13:54:20,942 - INFO - G&C avg theoretical_loss = 0.64454585313797
2025-08-06 13:54:20,943 - INFO - ----------------------------------------------------------------------------------------------------------------------------------------------
2025-08-06 13:54:20,944 - INFO - Starting student_dim=20
2025-08-06 13:54:20,945 - INFO - Starting seed=0
2025-08-06 13:54:20,945 - INFO - A_teacher is 0.6540995836257935
2025-08-06 13:54:20,947 - INFO - dataset is tensor([[[-0.2934],
         [-2.1788],
         [ 0.5684],
         [-1.0845],
         [-1.3986]]])
2025-08-06 13:54:20,948 - INFO - Starting G&C
2025-08-06 13:54:29,997 - INFO - student_dim=20, prior_loss=1.9721169471740723, mean_shift_term1=-1.5563570261001587, mean_shift_term2=1.3675081729888916, variance_reduction=-1.0116904973983765, conditional_expectation=0.7715775966644287
2025-08-06 13:54:29,997 - INFO - Finished G&C, time elapsed=9.048866033554077s
2025-08-06 13:54:29,997 - INFO - Finished seed=0
2025-08-06 13:54:29,998 - INFO - ----------------------------------------------------------------------------------------------------------------------------------------------
2025-08-06 13:54:29,998 - INFO - ----------------------------------------------------------------------------------------------------------------------------------------------
2025-08-06 13:54:29,999 - INFO - Finished student_dim=20
2025-08-06 13:54:30,000 - INFO - G&C avg gen_loss = 0.7067649251884884
2025-08-06 13:54:30,001 - INFO - G&C avg theoretical_loss = 0.7715775966644287
2025-08-06 13:54:30,002 - INFO - ----------------------------------------------------------------------------------------------------------------------------------------------
2025-08-06 13:54:30,003 - INFO - Starting student_dim=21
2025-08-06 13:54:30,004 - INFO - Starting seed=0
2025-08-06 13:54:30,012 - INFO - A_teacher is 0.6540995836257935
2025-08-06 13:54:30,014 - INFO - dataset is tensor([[[-0.2934],
         [-2.1788],
         [ 0.5684],
         [-1.0845],
         [-1.3986]]])
2025-08-06 13:54:30,015 - INFO - Starting G&C
2025-08-06 13:54:39,333 - INFO - student_dim=21, prior_loss=1.964391827583313, mean_shift_term1=-1.6339020729064941, mean_shift_term2=1.315940022468567, variance_reduction=-0.9804413318634033, conditional_expectation=0.6659884452819824
2025-08-06 13:54:39,333 - INFO - Finished G&C, time elapsed=9.318266868591309s
2025-08-06 13:54:39,334 - INFO - Finished seed=0
2025-08-06 13:54:39,334 - INFO - ----------------------------------------------------------------------------------------------------------------------------------------------
2025-08-06 13:54:39,336 - INFO - ----------------------------------------------------------------------------------------------------------------------------------------------
2025-08-06 13:54:39,336 - INFO - Finished student_dim=21
2025-08-06 13:54:39,339 - INFO - G&C avg gen_loss = 0.6918496986230215
2025-08-06 13:54:39,341 - INFO - G&C avg theoretical_loss = 0.6659884452819824
2025-08-06 13:54:39,344 - INFO - ----------------------------------------------------------------------------------------------------------------------------------------------
2025-08-06 13:54:39,347 - INFO - Starting student_dim=22
2025-08-06 13:54:39,350 - INFO - Starting seed=0
2025-08-06 13:54:39,363 - INFO - A_teacher is 0.6540995836257935
2025-08-06 13:54:39,366 - INFO - dataset is tensor([[[-0.2934],
         [-2.1788],
         [ 0.5684],
         [-1.0845],
         [-1.3986]]])
2025-08-06 13:54:39,369 - INFO - Starting G&C
2025-08-06 13:54:48,845 - INFO - student_dim=22, prior_loss=1.957605242729187, mean_shift_term1=-1.5872232913970947, mean_shift_term2=1.446639895439148, variance_reduction=-1.0133588314056396, conditional_expectation=0.8036630153656006
2025-08-06 13:54:48,845 - INFO - Finished G&C, time elapsed=9.47599196434021s
2025-08-06 13:54:48,845 - INFO - Finished seed=0
2025-08-06 13:54:48,846 - INFO - ----------------------------------------------------------------------------------------------------------------------------------------------
2025-08-06 13:54:48,846 - INFO - ----------------------------------------------------------------------------------------------------------------------------------------------
2025-08-06 13:54:48,846 - INFO - Finished student_dim=22
2025-08-06 13:54:48,846 - INFO - G&C avg gen_loss = 0.6405785771256144
2025-08-06 13:54:48,847 - INFO - G&C avg theoretical_loss = 0.8036630153656006
2025-08-06 13:54:48,848 - INFO - ----------------------------------------------------------------------------------------------------------------------------------------------
2025-08-06 13:54:48,848 - INFO - Starting student_dim=23
2025-08-06 13:54:48,849 - INFO - Starting seed=0
2025-08-06 13:54:48,850 - INFO - A_teacher is 0.6540995836257935
2025-08-06 13:54:48,851 - INFO - dataset is tensor([[[-0.2934],
         [-2.1788],
         [ 0.5684],
         [-1.0845],
         [-1.3986]]])
2025-08-06 13:54:48,853 - INFO - Starting G&C
2025-08-06 13:54:58,258 - INFO - student_dim=23, prior_loss=1.951604962348938, mean_shift_term1=-1.6645114421844482, mean_shift_term2=1.3814276456832886, variance_reduction=-0.9804686307907104, conditional_expectation=0.6880525350570679
2025-08-06 13:54:58,258 - INFO - Finished G&C, time elapsed=9.404910802841187s
2025-08-06 13:54:58,258 - INFO - Finished seed=0
2025-08-06 13:54:58,259 - INFO - ----------------------------------------------------------------------------------------------------------------------------------------------
2025-08-06 13:54:58,261 - INFO - ----------------------------------------------------------------------------------------------------------------------------------------------
2025-08-06 13:54:58,261 - INFO - Finished student_dim=23
2025-08-06 13:54:58,262 - INFO - G&C avg gen_loss = 0.855868881711593
2025-08-06 13:54:58,262 - INFO - G&C avg theoretical_loss = 0.6880525350570679
2025-08-06 13:54:58,263 - INFO - ----------------------------------------------------------------------------------------------------------------------------------------------
2025-08-06 13:54:58,264 - INFO - Starting student_dim=24
2025-08-06 13:54:58,265 - INFO - Starting seed=0
2025-08-06 13:54:58,265 - INFO - A_teacher is 0.6540995836257935
2025-08-06 13:54:58,267 - INFO - dataset is tensor([[[-0.2934],
         [-2.1788],
         [ 0.5684],
         [-1.0845],
         [-1.3986]]])
2025-08-06 13:54:58,268 - INFO - Starting G&C
2025-08-06 13:55:07,952 - INFO - student_dim=24, prior_loss=1.9462695121765137, mean_shift_term1=-1.61380934715271, mean_shift_term2=1.5180487632751465, variance_reduction=-1.0153106451034546, conditional_expectation=0.8351982831954956
2025-08-06 13:55:07,952 - INFO - Finished G&C, time elapsed=9.684027433395386s
2025-08-06 13:55:07,952 - INFO - Finished seed=0
2025-08-06 13:55:07,953 - INFO - ----------------------------------------------------------------------------------------------------------------------------------------------
2025-08-06 13:55:07,953 - INFO - ----------------------------------------------------------------------------------------------------------------------------------------------
2025-08-06 13:55:07,953 - INFO - Finished student_dim=24
2025-08-06 13:55:07,953 - INFO - G&C avg gen_loss = 0.7380336705181334
2025-08-06 13:55:07,954 - INFO - G&C avg theoretical_loss = 0.8351982831954956
2025-08-06 13:55:07,955 - INFO - ----------------------------------------------------------------------------------------------------------------------------------------------
2025-08-06 13:55:07,955 - INFO - Starting student_dim=25
2025-08-06 13:55:07,956 - INFO - Starting seed=0
2025-08-06 13:55:07,957 - INFO - A_teacher is 0.6540995836257935
2025-08-06 13:55:07,958 - INFO - dataset is tensor([[[-0.2934],
         [-2.1788],
         [ 0.5684],
         [-1.0845],
         [-1.3986]]])
2025-08-06 13:55:07,959 - INFO - Starting G&C
2025-08-06 13:55:17,906 - INFO - student_dim=25, prior_loss=1.941500186920166, mean_shift_term1=-1.6910090446472168, mean_shift_term2=1.4402693510055542, variance_reduction=-0.9808443784713745, conditional_expectation=0.7099161148071289
2025-08-06 13:55:17,907 - INFO - Finished G&C, time elapsed=9.946320533752441s
2025-08-06 13:55:17,907 - INFO - Finished seed=0
2025-08-06 13:55:17,907 - INFO - ----------------------------------------------------------------------------------------------------------------------------------------------
2025-08-06 13:55:17,908 - INFO - ----------------------------------------------------------------------------------------------------------------------------------------------
2025-08-06 13:55:17,908 - INFO - Finished student_dim=25
2025-08-06 13:55:17,909 - INFO - G&C avg gen_loss = 0.63513285229946
2025-08-06 13:55:17,909 - INFO - G&C avg theoretical_loss = 0.7099161148071289
2025-08-06 13:55:17,910 - INFO - ----------------------------------------------------------------------------------------------------------------------------------------------
2025-08-06 13:55:17,910 - INFO - Starting student_dim=26
2025-08-06 13:55:17,911 - INFO - Starting seed=0
2025-08-06 13:55:17,912 - INFO - A_teacher is 0.6540995836257935
2025-08-06 13:55:17,913 - INFO - dataset is tensor([[[-0.2934],
         [-2.1788],
         [ 0.5684],
         [-1.0845],
         [-1.3986]]])
2025-08-06 13:55:17,914 - INFO - Starting G&C
2025-08-06 13:55:27,485 - INFO - student_dim=26, prior_loss=1.9372159242630005, mean_shift_term1=-1.6369324922561646, mean_shift_term2=1.5826820135116577, variance_reduction=-1.0173519849777222, conditional_expectation=0.8656134605407715
2025-08-06 13:55:27,485 - INFO - Finished G&C, time elapsed=9.571151494979858s
2025-08-06 13:55:27,485 - INFO - Finished seed=0
2025-08-06 13:55:27,486 - INFO - ----------------------------------------------------------------------------------------------------------------------------------------------
2025-08-06 13:55:27,488 - INFO - ----------------------------------------------------------------------------------------------------------------------------------------------
2025-08-06 13:55:27,488 - INFO - Finished student_dim=26
2025-08-06 13:55:27,491 - INFO - G&C avg gen_loss = 0.903718673520618
2025-08-06 13:55:27,493 - INFO - G&C avg theoretical_loss = 0.8656134605407715
2025-08-06 13:55:27,496 - INFO - ----------------------------------------------------------------------------------------------------------------------------------------------
2025-08-06 13:55:27,497 - INFO - Starting student_dim=27
2025-08-06 13:55:27,499 - INFO - Starting seed=0
2025-08-06 13:55:27,502 - INFO - A_teacher is 0.6540995836257935
2025-08-06 13:55:27,505 - INFO - dataset is tensor([[[-0.2934],
         [-2.1788],
         [ 0.5684],
         [-1.0845],
         [-1.3986]]])
2025-08-06 13:55:27,507 - INFO - Starting G&C
2025-08-06 13:55:37,271 - INFO - student_dim=27, prior_loss=1.9333500862121582, mean_shift_term1=-1.714157223701477, mean_shift_term2=1.4933383464813232, variance_reduction=-0.981404721736908, conditional_expectation=0.7311264872550964
2025-08-06 13:55:37,271 - INFO - Finished G&C, time elapsed=9.762763500213623s
2025-08-06 13:55:37,271 - INFO - Finished seed=0
2025-08-06 13:55:37,271 - INFO - ----------------------------------------------------------------------------------------------------------------------------------------------
2025-08-06 13:55:37,272 - INFO - ----------------------------------------------------------------------------------------------------------------------------------------------
2025-08-06 13:55:37,272 - INFO - Finished student_dim=27
2025-08-06 13:55:37,272 - INFO - G&C avg gen_loss = 0.8475167208643102
2025-08-06 13:55:37,273 - INFO - G&C avg theoretical_loss = 0.7311264872550964
2025-08-06 13:55:37,274 - INFO - ----------------------------------------------------------------------------------------------------------------------------------------------
2025-08-06 13:55:37,274 - INFO - Starting student_dim=28
2025-08-06 13:55:37,275 - INFO - Starting seed=0
2025-08-06 13:55:37,279 - INFO - A_teacher is 0.6540995836257935
2025-08-06 13:55:37,280 - INFO - dataset is tensor([[[-0.2934],
         [-2.1788],
         [ 0.5684],
         [-1.0845],
         [-1.3986]]])
2025-08-06 13:55:37,281 - INFO - Starting G&C
2025-08-06 13:55:46,818 - INFO - student_dim=28, prior_loss=1.9298479557037354, mean_shift_term1=-1.6572173833847046, mean_shift_term2=1.641373872756958, variance_reduction=-1.0193798542022705, conditional_expectation=0.8946245908737183
2025-08-06 13:55:46,818 - INFO - Finished G&C, time elapsed=9.537097215652466s
2025-08-06 13:55:46,819 - INFO - Finished seed=0
2025-08-06 13:55:46,819 - INFO - ----------------------------------------------------------------------------------------------------------------------------------------------
2025-08-06 13:55:46,820 - INFO - ----------------------------------------------------------------------------------------------------------------------------------------------
2025-08-06 13:55:46,820 - INFO - Finished student_dim=28
2025-08-06 13:55:46,821 - INFO - G&C avg gen_loss = 0.7163388287198955
2025-08-06 13:55:46,821 - INFO - G&C avg theoretical_loss = 0.8946245908737183
2025-08-06 13:55:46,822 - INFO - ----------------------------------------------------------------------------------------------------------------------------------------------
2025-08-06 13:55:46,822 - INFO - Starting student_dim=29
2025-08-06 13:55:46,823 - INFO - Starting seed=0
2025-08-06 13:55:46,826 - INFO - A_teacher is 0.6540995836257935
2025-08-06 13:55:46,827 - INFO - dataset is tensor([[[-0.2934],
         [-2.1788],
         [ 0.5684],
         [-1.0845],
         [-1.3986]]])
2025-08-06 13:55:46,830 - INFO - Starting G&C
2025-08-06 13:55:56,461 - INFO - student_dim=29, prior_loss=1.9266626834869385, mean_shift_term1=-1.734543800354004, mean_shift_term2=1.5413827896118164, variance_reduction=-0.9820557832717896, conditional_expectation=0.7514458894729614
2025-08-06 13:55:56,461 - INFO - Finished G&C, time elapsed=9.630777359008789s
2025-08-06 13:55:56,461 - INFO - Finished seed=0
2025-08-06 13:55:56,462 - INFO - ----------------------------------------------------------------------------------------------------------------------------------------------
2025-08-06 13:55:56,463 - INFO - ----------------------------------------------------------------------------------------------------------------------------------------------
2025-08-06 13:55:56,463 - INFO - Finished student_dim=29
2025-08-06 13:55:56,463 - INFO - G&C avg gen_loss = 0.7111164884907859
2025-08-06 13:55:56,465 - INFO - G&C avg theoretical_loss = 0.7514458894729614
2025-08-06 13:55:56,467 - INFO - ----------------------------------------------------------------------------------------------------------------------------------------------
2025-08-06 13:55:56,467 - INFO - Starting student_dim=30
2025-08-06 13:55:56,469 - INFO - Starting seed=0
2025-08-06 13:55:56,471 - INFO - A_teacher is 0.6540995836257935
2025-08-06 13:55:56,473 - INFO - dataset is tensor([[[-0.2934],
         [-2.1788],
         [ 0.5684],
         [-1.0845],
         [-1.3986]]])
2025-08-06 13:55:56,475 - INFO - Starting G&C
2025-08-06 13:56:06,201 - INFO - student_dim=30, prior_loss=1.9237555265426636, mean_shift_term1=-1.6751489639282227, mean_shift_term2=1.6948460340499878, variance_reduction=-1.0213395357131958, conditional_expectation=0.9221130609512329
2025-08-06 13:56:06,201 - INFO - Finished G&C, time elapsed=9.725051403045654s
2025-08-06 13:56:06,201 - INFO - Finished seed=0
2025-08-06 13:56:06,202 - INFO - ----------------------------------------------------------------------------------------------------------------------------------------------
2025-08-06 13:56:06,202 - INFO - ----------------------------------------------------------------------------------------------------------------------------------------------
2025-08-06 13:56:06,203 - INFO - Finished student_dim=30
2025-08-06 13:56:06,203 - INFO - G&C avg gen_loss = 0.8472022165854772
2025-08-06 13:56:06,203 - INFO - G&C avg theoretical_loss = 0.9221130609512329
2025-08-06 13:56:06,204 - INFO - ----------------------------------------------------------------------------------------------------------------------------------------------
2025-08-06 13:56:06,204 - INFO - Starting student_dim=31
2025-08-06 13:56:06,205 - INFO - Starting seed=0
2025-08-06 13:56:06,206 - INFO - A_teacher is 0.6540995836257935
2025-08-06 13:56:06,207 - INFO - dataset is tensor([[[-0.2934],
         [-2.1788],
         [ 0.5684],
         [-1.0845],
         [-1.3986]]])
2025-08-06 13:56:06,208 - INFO - Starting G&C
2025-08-06 13:56:15,952 - INFO - student_dim=31, prior_loss=1.921093225479126, mean_shift_term1=-1.7526271343231201, mean_shift_term2=1.58504056930542, variance_reduction=-0.9827423095703125, conditional_expectation=0.7707643508911133
2025-08-06 13:56:15,953 - INFO - Finished G&C, time elapsed=9.744887828826904s
2025-08-06 13:56:15,953 - INFO - Finished seed=0
2025-08-06 13:56:15,954 - INFO - ----------------------------------------------------------------------------------------------------------------------------------------------
2025-08-06 13:56:15,955 - INFO - ----------------------------------------------------------------------------------------------------------------------------------------------
2025-08-06 13:56:15,956 - INFO - Finished student_dim=31
2025-08-06 13:56:15,957 - INFO - G&C avg gen_loss = 0.7372454435660921
2025-08-06 13:56:15,957 - INFO - G&C avg theoretical_loss = 0.7707643508911133
2025-08-06 13:56:15,958 - INFO - ----------------------------------------------------------------------------------------------------------------------------------------------
2025-08-06 13:56:15,960 - INFO - Starting student_dim=32
2025-08-06 13:56:15,961 - INFO - Starting seed=0
2025-08-06 13:56:15,964 - INFO - A_teacher is 0.6540995836257935
2025-08-06 13:56:15,965 - INFO - dataset is tensor([[[-0.2934],
         [-2.1788],
         [ 0.5684],
         [-1.0845],
         [-1.3986]]])
2025-08-06 13:56:15,966 - INFO - Starting G&C
2025-08-06 13:56:25,637 - INFO - student_dim=32, prior_loss=1.9186477661132812, mean_shift_term1=-1.6911084651947021, mean_shift_term2=1.7437220811843872, variance_reduction=-1.0232049226760864, conditional_expectation=0.9480564594268799
2025-08-06 13:56:25,638 - INFO - Finished G&C, time elapsed=9.671026468276978s
2025-08-06 13:56:25,638 - INFO - Finished seed=0
2025-08-06 13:56:25,638 - INFO - ----------------------------------------------------------------------------------------------------------------------------------------------
2025-08-06 13:56:25,640 - INFO - ----------------------------------------------------------------------------------------------------------------------------------------------
2025-08-06 13:56:25,640 - INFO - Finished student_dim=32
2025-08-06 13:56:25,642 - INFO - G&C avg gen_loss = 0.882029981485435
2025-08-06 13:56:25,644 - INFO - G&C avg theoretical_loss = 0.9480564594268799
2025-08-06 13:56:25,644 - INFO - ----------------------------------------------------------------------------------------------------------------------------------------------
2025-08-06 13:56:25,644 - INFO - Starting student_dim=33
2025-08-06 13:56:25,646 - INFO - Starting seed=0
2025-08-06 13:56:25,649 - INFO - A_teacher is 0.6540995836257935
2025-08-06 13:56:25,652 - INFO - dataset is tensor([[[-0.2934],
         [-2.1788],
         [ 0.5684],
         [-1.0845],
         [-1.3986]]])
2025-08-06 13:56:25,655 - INFO - Starting G&C
2025-08-06 13:56:35,571 - INFO - student_dim=33, prior_loss=1.9163949489593506, mean_shift_term1=-1.7687723636627197, mean_shift_term2=1.6248570680618286, variance_reduction=-0.9834328293800354, conditional_expectation=0.7890468239784241
2025-08-06 13:56:35,572 - INFO - Finished G&C, time elapsed=9.916425228118896s
2025-08-06 13:56:35,572 - INFO - Finished seed=0
2025-08-06 13:56:35,574 - INFO - ----------------------------------------------------------------------------------------------------------------------------------------------
2025-08-06 13:56:35,574 - INFO - ----------------------------------------------------------------------------------------------------------------------------------------------
2025-08-06 13:56:35,574 - INFO - Finished student_dim=33
2025-08-06 13:56:35,574 - INFO - G&C avg gen_loss = 0.8274947752555212
2025-08-06 13:56:35,574 - INFO - G&C avg theoretical_loss = 0.7890468239784241
2025-08-06 13:56:35,575 - INFO - ----------------------------------------------------------------------------------------------------------------------------------------------
2025-08-06 13:56:35,575 - INFO - Starting student_dim=34
2025-08-06 13:56:35,576 - INFO - Starting seed=0
2025-08-06 13:56:35,577 - INFO - A_teacher is 0.6540995836257935
2025-08-06 13:56:35,578 - INFO - dataset is tensor([[[-0.2934],
         [-2.1788],
         [ 0.5684],
         [-1.0845],
         [-1.3986]]])
2025-08-06 13:56:35,579 - INFO - Starting G&C
2025-08-06 13:56:45,416 - INFO - student_dim=34, prior_loss=1.9143141508102417, mean_shift_term1=-1.705399990081787, mean_shift_term2=1.788540005683899, variance_reduction=-1.024964690208435, conditional_expectation=0.9724894762039185
2025-08-06 13:56:45,417 - INFO - Finished G&C, time elapsed=9.83710765838623s
2025-08-06 13:56:45,417 - INFO - Finished seed=0
2025-08-06 13:56:45,420 - INFO - ----------------------------------------------------------------------------------------------------------------------------------------------
2025-08-06 13:56:45,422 - INFO - ----------------------------------------------------------------------------------------------------------------------------------------------
2025-08-06 13:56:45,422 - INFO - Finished student_dim=34
2025-08-06 13:56:45,425 - INFO - G&C avg gen_loss = 0.9278473166688797
2025-08-06 13:56:45,425 - INFO - G&C avg theoretical_loss = 0.9724894762039185
2025-08-06 13:56:45,427 - INFO - ----------------------------------------------------------------------------------------------------------------------------------------------
2025-08-06 13:56:45,428 - INFO - Starting student_dim=35
2025-08-06 13:56:45,430 - INFO - Starting seed=0
2025-08-06 13:56:45,445 - INFO - A_teacher is 0.6540995836257935
2025-08-06 13:56:45,446 - INFO - dataset is tensor([[[-0.2934],
         [-2.1788],
         [ 0.5684],
         [-1.0845],
         [-1.3986]]])
2025-08-06 13:56:45,449 - INFO - Starting G&C
2025-08-06 13:56:55,345 - INFO - student_dim=35, prior_loss=1.9123868942260742, mean_shift_term1=-1.7832708358764648, mean_shift_term2=1.6612942218780518, variance_reduction=-0.9841082096099854, conditional_expectation=0.8063020706176758
2025-08-06 13:56:55,345 - INFO - Finished G&C, time elapsed=9.895320177078247s
2025-08-06 13:56:55,345 - INFO - Finished seed=0
2025-08-06 13:56:55,345 - INFO - ----------------------------------------------------------------------------------------------------------------------------------------------
2025-08-06 13:56:55,347 - INFO - ----------------------------------------------------------------------------------------------------------------------------------------------
2025-08-06 13:56:55,347 - INFO - Finished student_dim=35
2025-08-06 13:56:55,347 - INFO - G&C avg gen_loss = 0.8000038464864095
2025-08-06 13:56:55,349 - INFO - G&C avg theoretical_loss = 0.8063020706176758
2025-08-06 13:56:55,350 - INFO - ----------------------------------------------------------------------------------------------------------------------------------------------
2025-08-06 13:56:55,350 - INFO - Starting student_dim=36
2025-08-06 13:56:55,352 - INFO - Starting seed=0
2025-08-06 13:56:55,359 - INFO - A_teacher is 0.6540995836257935
2025-08-06 13:56:55,360 - INFO - dataset is tensor([[[-0.2934],
         [-2.1788],
         [ 0.5684],
         [-1.0845],
         [-1.3986]]])
2025-08-06 13:56:55,362 - INFO - Starting G&C
2025-08-06 13:57:05,333 - INFO - student_dim=36, prior_loss=1.9105980396270752, mean_shift_term1=-1.7182693481445312, mean_shift_term2=1.8297624588012695, variance_reduction=-1.0266164541244507, conditional_expectation=0.9954746961593628
2025-08-06 13:57:05,333 - INFO - Finished G&C, time elapsed=9.970168590545654s
2025-08-06 13:57:05,333 - INFO - Finished seed=0
2025-08-06 13:57:05,333 - INFO - ----------------------------------------------------------------------------------------------------------------------------------------------
2025-08-06 13:57:05,334 - INFO - ----------------------------------------------------------------------------------------------------------------------------------------------
2025-08-06 13:57:05,334 - INFO - Finished student_dim=36
2025-08-06 13:57:05,334 - INFO - G&C avg gen_loss = 0.9216571819614356
2025-08-06 13:57:05,334 - INFO - G&C avg theoretical_loss = 0.9954746961593628
2025-08-06 13:57:05,335 - INFO - ----------------------------------------------------------------------------------------------------------------------------------------------
2025-08-06 13:57:05,335 - INFO - Starting student_dim=37
2025-08-06 13:57:05,337 - INFO - Starting seed=0
2025-08-06 13:57:05,337 - INFO - A_teacher is 0.6540995836257935
2025-08-06 13:57:05,338 - INFO - dataset is tensor([[[-0.2934],
         [-2.1788],
         [ 0.5684],
         [-1.0845],
         [-1.3986]]])
2025-08-06 13:57:05,339 - INFO - Starting G&C
2025-08-06 13:57:15,446 - INFO - student_dim=37, prior_loss=1.9089335203170776, mean_shift_term1=-1.7963594198226929, mean_shift_term2=1.6947485208511353, variance_reduction=-0.9847583770751953, conditional_expectation=0.8225642442703247
2025-08-06 13:57:15,447 - INFO - Finished G&C, time elapsed=10.107467412948608s
2025-08-06 13:57:15,447 - INFO - Finished seed=0
2025-08-06 13:57:15,447 - INFO - ----------------------------------------------------------------------------------------------------------------------------------------------
2025-08-06 13:57:15,448 - INFO - ----------------------------------------------------------------------------------------------------------------------------------------------
2025-08-06 13:57:15,448 - INFO - Finished student_dim=37
2025-08-06 13:57:15,448 - INFO - G&C avg gen_loss = 0.8535072356462479
2025-08-06 13:57:15,449 - INFO - G&C avg theoretical_loss = 0.8225642442703247
2025-08-06 13:57:15,449 - INFO - ----------------------------------------------------------------------------------------------------------------------------------------------
2025-08-06 13:57:15,450 - INFO - Starting student_dim=38
2025-08-06 13:57:15,450 - INFO - Starting seed=0
2025-08-06 13:57:15,451 - INFO - A_teacher is 0.6540995836257935
2025-08-06 13:57:15,452 - INFO - dataset is tensor([[[-0.2934],
         [-2.1788],
         [ 0.5684],
         [-1.0845],
         [-1.3986]]])
2025-08-06 13:57:15,453 - INFO - Starting G&C
2025-08-06 13:57:25,649 - INFO - student_dim=38, prior_loss=1.9073817729949951, mean_shift_term1=-1.729915976524353, mean_shift_term2=1.8677871227264404, variance_reduction=-1.0281621217727661, conditional_expectation=1.0170906782150269
2025-08-06 13:57:25,649 - INFO - Finished G&C, time elapsed=10.196018695831299s
2025-08-06 13:57:25,649 - INFO - Finished seed=0
2025-08-06 13:57:25,650 - INFO - ----------------------------------------------------------------------------------------------------------------------------------------------
2025-08-06 13:57:25,650 - INFO - ----------------------------------------------------------------------------------------------------------------------------------------------
2025-08-06 13:57:25,650 - INFO - Finished student_dim=38
2025-08-06 13:57:25,650 - INFO - G&C avg gen_loss = 0.8365271126940137
2025-08-06 13:57:25,651 - INFO - G&C avg theoretical_loss = 1.0170906782150269
2025-08-06 13:57:25,652 - INFO - ----------------------------------------------------------------------------------------------------------------------------------------------
2025-08-06 13:57:25,652 - INFO - Starting student_dim=39
2025-08-06 13:57:25,653 - INFO - Starting seed=0
2025-08-06 13:57:25,654 - INFO - A_teacher is 0.6540995836257935
2025-08-06 13:57:25,655 - INFO - dataset is tensor([[[-0.2934],
         [-2.1788],
         [ 0.5684],
         [-1.0845],
         [-1.3986]]])
2025-08-06 13:57:25,656 - INFO - Starting G&C
2025-08-06 13:57:35,905 - INFO - student_dim=39, prior_loss=1.9059319496154785, mean_shift_term1=-1.808232069015503, mean_shift_term2=1.725560188293457, variance_reduction=-0.9853783845901489, conditional_expectation=0.8378816843032837
2025-08-06 13:57:35,905 - INFO - Finished G&C, time elapsed=10.249608993530273s
2025-08-06 13:57:35,905 - INFO - Finished seed=0
2025-08-06 13:57:35,906 - INFO - ----------------------------------------------------------------------------------------------------------------------------------------------
2025-08-06 13:57:35,908 - INFO - ----------------------------------------------------------------------------------------------------------------------------------------------
2025-08-06 13:57:35,908 - INFO - Finished student_dim=39
2025-08-06 13:57:35,911 - INFO - G&C avg gen_loss = 0.8862756499472786
2025-08-06 13:57:35,914 - INFO - G&C avg theoretical_loss = 0.8378816843032837
2025-08-06 13:57:35,914 - INFO - ----------------------------------------------------------------------------------------------------------------------------------------------
2025-08-06 13:57:36,949 - INFO - Finished experiments, results saved to results_gnc_seq_len=5_num_measurements=1_input_e1=False_time=20250806-135735.csv, figures saved to plot_gnc_seq_len=5_num_measurements=1_input_e1=False_time=20250806-135735
