2025-08-03 17:49:34,355 - INFO - Using device mps.
2025-08-03 17:49:34,355 - INFO - Args: Namespace(num_seeds=1, num_measurements=1, input_e1=True, sequence_length=5, teacher_ranks=[1], student_dims=[3, 4, 5, 6, 7, 8, 9, 10, 11, 12, 13, 14, 15, 16, 17, 18, 19], calc_loss_only_on_last_output=True, eps_train=1e-06, gnc=True, gnc_num_samples=100000000, gnc_batch_size=10000000, gd=False, gd_lr=0.01, gd_epochs=100000, gd_init_scale=0.01, gd_optimizer='adam', config=None, results_dir=PosixPath('results'), figures_dir=PosixPath('figures'), log_dir=PosixPath('logs'))
2025-08-03 17:49:34,366 - INFO - Starting teacher_rank=1
2025-08-03 17:49:34,366 - INFO - Starting student_dim=3
2025-08-03 17:49:34,367 - INFO - Starting seed=0
2025-08-03 17:49:34,374 - INFO - A_teacher is 0.5803621411323547
2025-08-03 17:49:34,401 - INFO - Starting G&C
2025-08-03 17:49:38,057 - INFO - Finished G&C, time elapsed=3.655722141265869s
2025-08-03 17:49:38,057 - INFO - Finished seed=0
2025-08-03 17:49:38,057 - INFO - ----------------------------------------------------------------------------------------------------------------------------------------------
2025-08-03 17:49:38,057 - INFO - ----------------------------------------------------------------------------------------------------------------------------------------------
2025-08-03 17:49:38,057 - INFO - Finished student_dim=3
2025-08-03 17:49:38,058 - INFO - G&C avg gen_loss = 0.8833284326013904
2025-08-03 17:49:38,058 - INFO - ----------------------------------------------------------------------------------------------------------------------------------------------
2025-08-03 17:49:38,058 - INFO - Starting student_dim=4
2025-08-03 17:49:38,058 - INFO - Starting seed=0
2025-08-03 17:49:38,059 - INFO - A_teacher is 0.6540995836257935
2025-08-03 17:49:38,062 - INFO - Starting G&C
2025-08-03 17:49:41,773 - INFO - Finished G&C, time elapsed=3.710590124130249s
2025-08-03 17:49:41,773 - INFO - Finished seed=0
2025-08-03 17:49:41,773 - INFO - ----------------------------------------------------------------------------------------------------------------------------------------------
2025-08-03 17:49:41,773 - INFO - ----------------------------------------------------------------------------------------------------------------------------------------------
2025-08-03 17:49:41,773 - INFO - Finished student_dim=4
2025-08-03 17:49:41,773 - INFO - G&C avg gen_loss = 1.2679662277763641
2025-08-03 17:49:41,773 - INFO - ----------------------------------------------------------------------------------------------------------------------------------------------
2025-08-03 17:49:41,773 - INFO - Starting student_dim=5
2025-08-03 17:49:41,773 - INFO - Starting seed=0
2025-08-03 17:49:41,774 - INFO - A_teacher is 0.6540995836257935
2025-08-03 17:49:41,778 - INFO - Starting G&C
2025-08-03 17:49:45,551 - INFO - Finished G&C, time elapsed=3.773365020751953s
2025-08-03 17:49:45,551 - INFO - Finished seed=0
2025-08-03 17:49:45,552 - INFO - ----------------------------------------------------------------------------------------------------------------------------------------------
2025-08-03 17:49:45,552 - INFO - ----------------------------------------------------------------------------------------------------------------------------------------------
2025-08-03 17:49:45,552 - INFO - Finished student_dim=5
2025-08-03 17:49:45,552 - INFO - G&C avg gen_loss = 1.3506737658882735
2025-08-03 17:49:45,552 - INFO - ----------------------------------------------------------------------------------------------------------------------------------------------
2025-08-03 17:49:45,552 - INFO - Starting student_dim=6
2025-08-03 17:49:45,552 - INFO - Starting seed=0
2025-08-03 17:49:45,553 - INFO - A_teacher is 0.6540995836257935
2025-08-03 17:49:45,557 - INFO - Starting G&C
2025-08-03 17:49:49,435 - INFO - Finished G&C, time elapsed=3.8783628940582275s
2025-08-03 17:49:49,435 - INFO - Finished seed=0
2025-08-03 17:49:49,435 - INFO - ----------------------------------------------------------------------------------------------------------------------------------------------
2025-08-03 17:49:49,435 - INFO - ----------------------------------------------------------------------------------------------------------------------------------------------
2025-08-03 17:49:49,435 - INFO - Finished student_dim=6
2025-08-03 17:49:49,436 - INFO - G&C avg gen_loss = 1.4258728917262065
2025-08-03 17:49:49,436 - INFO - ----------------------------------------------------------------------------------------------------------------------------------------------
2025-08-03 17:49:49,436 - INFO - Starting student_dim=7
2025-08-03 17:49:49,436 - INFO - Starting seed=0
2025-08-03 17:49:49,437 - INFO - A_teacher is 0.6540995836257935
2025-08-03 17:49:49,440 - INFO - Starting G&C
2025-08-03 17:49:53,519 - INFO - Finished G&C, time elapsed=4.079338073730469s
2025-08-03 17:49:53,519 - INFO - Finished seed=0
2025-08-03 17:49:53,520 - INFO - ----------------------------------------------------------------------------------------------------------------------------------------------
2025-08-03 17:49:53,520 - INFO - ----------------------------------------------------------------------------------------------------------------------------------------------
2025-08-03 17:49:53,520 - INFO - Finished student_dim=7
2025-08-03 17:49:53,520 - INFO - G&C avg gen_loss = 1.5084821414672587
2025-08-03 17:49:53,520 - INFO - ----------------------------------------------------------------------------------------------------------------------------------------------
2025-08-03 17:49:53,520 - INFO - Starting student_dim=8
2025-08-03 17:49:53,520 - INFO - Starting seed=0
2025-08-03 17:49:53,521 - INFO - A_teacher is 0.6540995836257935
2025-08-03 17:49:53,525 - INFO - Starting G&C
