2025-07-31 15:33:27,010 - INFO - Using device mps.
2025-07-31 15:33:27,010 - INFO - Args: Namespace(num_seeds=8, num_measurements=1, sequence_length=3, teacher_ranks=[1], student_dims=[3, 4, 5, 6, 7, 8, 9, 10, 11, 12, 13, 14, 15, 16, 17, 18, 19], calc_loss_only_on_last_output=True, eps_train=1e-05, gnc=False, gnc_num_samples=100000000, gnc_batch_size=10000000, gd=True, gd_lr=0.0001, gd_epochs=1000000, gd_init_scale=0.01, gd_optimizer='gd', config=None, results_dir=PosixPath('results'), figures_dir=PosixPath('figures'), log_dir=PosixPath('logs'))
2025-07-31 15:33:27,022 - INFO - Starting teacher_rank=1
2025-07-31 15:33:27,022 - INFO - Starting student_dim=3
2025-07-31 15:33:27,023 - INFO - Starting seed=0
2025-07-31 15:33:27,029 - INFO - A_teacher is 0.40778106451034546
2025-07-31 15:33:27,061 - INFO - Starting GD
2025-07-31 15:33:27,644 - INFO - initial model: max A_j index: 0
2025-07-31 15:33:27,644 - INFO - initial model: A values are [0.01540996041148901, -0.0029342889320105314, -0.021787893027067184]
2025-07-31 16:03:47,901 - INFO - final model: max A_j index: 0
2025-07-31 16:03:47,902 - INFO - final model: A values are [0.1460924595594406, 0.12867075204849243, 0.11079065501689911]
2025-07-31 16:03:47,908 - INFO - final model: average A value: 0.12851795554161072
2025-07-31 16:03:47,911 - INFO - final model: variance of A values: 0.000311571842757985
2025-07-31 16:03:47,911 - INFO - train loss is 5.238689482212067e-10
2025-07-31 16:03:47,911 - INFO - impulse response loss is 0.013975964859127998
2025-07-31 16:03:47,917 - INFO - Finished GD, time elapsed=1820.856323003769s
2025-07-31 16:03:47,917 - INFO - Finished seed=0
2025-07-31 16:03:47,917 - INFO - Starting seed=1
2025-07-31 16:03:47,918 - INFO - A_teacher is 0.556843101978302
2025-07-31 16:03:47,919 - INFO - Starting GD
2025-07-31 16:03:47,926 - INFO - initial model: max A_j index: 0
2025-07-31 16:03:47,926 - INFO - initial model: A values are [0.006613521371036768, 0.0026692410465329885, 0.0006167725659906864]
2025-07-31 16:29:09,330 - INFO - final model: max A_j index: 0
2025-07-31 16:29:09,330 - INFO - final model: A values are [0.23055845499038696, 0.22525785863399506, 0.22250020503997803]
2025-07-31 16:29:09,330 - INFO - final model: average A value: 0.22610551118850708
2025-07-31 16:29:09,331 - INFO - final model: variance of A values: 1.6772728486103006e-05
2025-07-31 16:29:09,331 - INFO - train loss is 3.8454930906262064e-10
2025-07-31 16:29:09,331 - INFO - impulse response loss is 0.039301153272390366
2025-07-31 16:29:09,339 - INFO - Finished GD, time elapsed=1521.4195590019226s
2025-07-31 16:29:09,339 - INFO - Finished seed=1
2025-07-31 16:29:09,339 - INFO - Starting seed=2
2025-07-31 16:29:09,340 - INFO - A_teacher is 0.5621317625045776
2025-07-31 16:29:09,341 - INFO - Starting GD
2025-07-31 16:29:09,342 - INFO - initial model: max A_j index: 0
2025-07-31 16:29:09,342 - INFO - initial model: A values are [0.0039229681715369225, -0.0022356400731951, -0.0031950026750564575]
2025-07-31 16:54:59,553 - INFO - final model: max A_j index: 0
2025-07-31 16:54:59,553 - INFO - final model: A values are [0.283065527677536, 0.2677329480648041, 0.26535072922706604]
2025-07-31 16:54:59,553 - INFO - final model: average A value: 0.27204975485801697
2025-07-31 16:54:59,554 - INFO - final model: variance of A values: 9.242950181942433e-05
2025-07-31 16:54:59,554 - INFO - train loss is 3.112745616817847e-08
2025-07-31 16:54:59,554 - INFO - impulse response loss is 0.07331845909357071
2025-07-31 16:54:59,563 - INFO - Finished GD, time elapsed=1550.221915960312s
2025-07-31 16:54:59,563 - INFO - Finished seed=2
2025-07-31 16:54:59,563 - INFO - Starting seed=3
2025-07-31 16:54:59,564 - INFO - A_teacher is 0.3794962763786316
2025-07-31 16:54:59,565 - INFO - Starting GD
2025-07-31 16:54:59,566 - INFO - initial model: max A_j index: 0
2025-07-31 16:54:59,566 - INFO - initial model: A values are [0.008032760582864285, 0.0017483338015154004, 0.0008897809311747551]
2025-07-31 17:41:47,718 - INFO - final model: max A_j index: 0
2025-07-31 17:41:47,719 - INFO - final model: A values are [0.05548964440822601, 0.050215933471918106, 0.04949546232819557]
2025-07-31 17:41:47,719 - INFO - final model: average A value: 0.051733676344156265
2025-07-31 17:41:47,719 - INFO - final model: variance of A values: 1.0710220522014424e-05
2025-07-31 17:41:47,719 - INFO - train loss is 3.029185791092459e-10
2025-07-31 17:41:47,720 - INFO - impulse response loss is 0.068795345723629
2025-07-31 17:41:47,728 - INFO - Finished GD, time elapsed=2808.163050174713s
2025-07-31 17:41:47,728 - INFO - Finished seed=3
2025-07-31 17:41:47,728 - INFO - Starting seed=4
2025-07-31 17:41:47,729 - INFO - A_teacher is 0.4386281967163086
2025-07-31 17:41:47,730 - INFO - Starting GD
2025-07-31 17:41:47,731 - INFO - initial model: max A_j index: 2
2025-07-31 17:41:47,732 - INFO - initial model: A values are [-0.016052763909101486, 0.002324857050552964, 0.022398700937628746]
2025-07-31 18:07:26,057 - INFO - final model: max A_j index: 2
2025-07-31 18:07:26,058 - INFO - final model: A values are [0.12599201500415802, 0.14419366419315338, 0.1640748530626297]
2025-07-31 18:07:26,058 - INFO - final model: average A value: 0.14475351572036743
2025-07-31 18:07:26,058 - INFO - final model: variance of A values: 0.00036281070788390934
2025-07-31 18:07:26,058 - INFO - train loss is 7.533893509048539e-10
2025-07-31 18:07:26,058 - INFO - impulse response loss is 0.01661066524684429
2025-07-31 18:07:26,066 - INFO - Finished GD, time elapsed=1538.3357841968536s
2025-07-31 18:07:26,066 - INFO - Finished seed=4
2025-07-31 18:07:26,066 - INFO - Starting seed=5
2025-07-31 18:07:26,067 - INFO - A_teacher is 0.5847293734550476
2025-07-31 18:07:26,068 - INFO - Starting GD
2025-07-31 18:07:26,069 - INFO - initial model: max A_j index: 0
2025-07-31 18:07:26,069 - INFO - initial model: A values are [-0.004867807496339083, -0.006038215477019548, -0.005580962169915438]
2025-07-31 18:59:04,398 - INFO - final model: max A_j index: 0
2025-07-31 18:59:04,400 - INFO - final model: A values are [-0.10878624767065048, -0.11066365242004395, -0.10993001610040665]
2025-07-31 18:59:04,400 - INFO - final model: average A value: -0.10979330539703369
2025-07-31 18:59:04,400 - INFO - final model: variance of A values: 8.951794825406978e-07
2025-07-31 18:59:04,400 - INFO - train loss is 7.648850441910326e-10
2025-07-31 18:59:04,400 - INFO - impulse response loss is 0.9290745258331299
2025-07-31 18:59:04,409 - INFO - Finished GD, time elapsed=3098.3412008285522s
2025-07-31 18:59:04,409 - INFO - Finished seed=5
2025-07-31 18:59:04,409 - INFO - Starting seed=6
2025-07-31 18:59:04,410 - INFO - A_teacher is 0.5667524337768555
2025-07-31 18:59:04,411 - INFO - Starting GD
2025-07-31 18:59:04,412 - INFO - initial model: max A_j index: 2
2025-07-31 18:59:04,413 - INFO - initial model: A values are [-0.018743986263871193, -0.009936632588505745, 0.0071846721693873405]
2025-07-31 19:53:20,859 - INFO - final model: max A_j index: 2
2025-07-31 19:53:20,860 - INFO - final model: A values are [0.17025262117385864, 0.17872314155101776, 0.1951896995306015]
2025-07-31 19:53:20,861 - INFO - final model: average A value: 0.1813884973526001
2025-07-31 19:53:20,861 - INFO - final model: variance of A values: 0.00016079252236522734
2025-07-31 19:53:20,861 - INFO - train loss is 3.822151484200731e-10
2025-07-31 19:53:20,861 - INFO - impulse response loss is 0.049874745309352875
2025-07-31 19:53:20,869 - INFO - Finished GD, time elapsed=3256.4581990242004s
2025-07-31 19:53:20,869 - INFO - Finished seed=6
2025-07-31 19:53:20,869 - INFO - Starting seed=7
2025-07-31 19:53:20,870 - INFO - A_teacher is 0.43015462160110474
2025-07-31 19:53:20,871 - INFO - Starting GD
2025-07-31 19:53:20,872 - INFO - initial model: max A_j index: 2
2025-07-31 19:53:20,872 - INFO - initial model: A values are [-0.0014679508749395609, 0.00786141213029623, 0.009468216449022293]
2025-07-31 20:17:24,624 - INFO - final model: max A_j index: 2
2025-07-31 20:17:24,624 - INFO - final model: A values are [-0.18463462591171265, -0.14766883850097656, -0.14130264520645142]
2025-07-31 20:17:24,624 - INFO - final model: average A value: -0.15786869823932648
2025-07-31 20:17:24,625 - INFO - final model: variance of A values: 0.000547443050891161
2025-07-31 20:17:24,625 - INFO - train loss is 2.6520867724144637e-09
2025-07-31 20:17:24,625 - INFO - impulse response loss is 0.8287016153335571
2025-07-31 20:17:24,633 - INFO - Finished GD, time elapsed=1443.7615122795105s
2025-07-31 20:17:24,633 - INFO - Finished seed=7
2025-07-31 20:17:24,633 - INFO - ----------------------------------------------------------------------------------------------------------------------------------------------
2025-07-31 20:17:24,633 - INFO - ----------------------------------------------------------------------------------------------------------------------------------------------
2025-07-31 20:17:24,634 - INFO - Finished student_dim=3 with G&C avg gen_loss = 0.0, GD avg gen_loss = 0.2524565593339503
2025-07-31 20:17:24,634 - INFO - ----------------------------------------------------------------------------------------------------------------------------------------------
2025-07-31 20:17:24,634 - INFO - Starting student_dim=4
2025-07-31 20:17:24,634 - INFO - Starting seed=0
2025-07-31 20:17:24,635 - INFO - A_teacher is 0.3885655999183655
2025-07-31 20:17:24,640 - INFO - Starting GD
2025-07-31 20:17:24,644 - INFO - initial model: max A_j index: 0
2025-07-31 20:17:24,644 - INFO - initial model: A values are [0.01540996041148901, -0.0029342889320105314, -0.021787893027067184, 0.005684312433004379]
2025-07-31 20:53:13,316 - INFO - final model: max A_j index: 0
2025-07-31 20:53:13,317 - INFO - final model: A values are [0.042101044207811356, 0.02572488598525524, 0.008893276564776897, 0.03341720998287201]
2025-07-31 20:53:13,325 - INFO - final model: average A value: 0.027534104883670807
2025-07-31 20:53:13,330 - INFO - final model: variance of A values: 0.0001991867902688682
2025-07-31 20:53:13,330 - INFO - train loss is 6.87805368215777e-12
2025-07-31 20:53:13,330 - INFO - impulse response loss is 0.09923576563596725
2025-07-31 20:53:13,349 - INFO - Finished GD, time elapsed=2148.7082970142365s
2025-07-31 20:53:13,349 - INFO - Finished seed=0
2025-07-31 20:53:13,349 - INFO - Starting seed=1
2025-07-31 20:53:13,350 - INFO - A_teacher is 0.3915477693080902
2025-07-31 20:53:13,351 - INFO - Starting GD
2025-07-31 20:53:13,353 - INFO - initial model: max A_j index: 0
2025-07-31 20:53:13,353 - INFO - initial model: A values are [0.006613521371036768, 0.0026692410465329885, 0.0006167725659906864, 0.006213173270225525]
2025-07-31 21:25:03,656 - INFO - final model: max A_j index: 0
2025-07-31 21:25:03,657 - INFO - final model: A values are [-0.028288615867495537, -0.03322622552514076, -0.035799290984869, -0.028790531679987907]
2025-07-31 21:25:03,658 - INFO - final model: average A value: -0.03152616322040558
2025-07-31 21:25:03,658 - INFO - final model: variance of A values: 1.3038409633736592e-05
2025-07-31 21:25:03,658 - INFO - train loss is 9.094947017729282e-11
2025-07-31 21:25:03,658 - INFO - impulse response loss is 0.29025307297706604
2025-07-31 21:25:03,669 - INFO - Finished GD, time elapsed=1910.3170897960663s
2025-07-31 21:25:03,669 - INFO - Finished seed=1
2025-07-31 21:25:03,669 - INFO - Starting seed=2
2025-07-31 21:25:03,670 - INFO - A_teacher is 0.45480939745903015
2025-07-31 21:25:03,671 - INFO - Starting GD
2025-07-31 21:25:03,672 - INFO - initial model: max A_j index: 0
2025-07-31 21:25:03,673 - INFO - initial model: A values are [0.0039229681715369225, -0.0022356400731951, -0.0031950026750564575, -0.012050370685756207]
2025-07-31 22:47:47,791 - INFO - final model: max A_j index: 0
2025-07-31 22:47:47,792 - INFO - final model: A values are [0.1253289431333542, 0.11900851875543594, 0.11802387237548828, 0.10893413424491882]
2025-07-31 22:47:47,792 - INFO - final model: average A value: 0.11782386898994446
2025-07-31 22:47:47,792 - INFO - final model: variance of A values: 4.5598972064908594e-05
2025-07-31 22:47:47,792 - INFO - train loss is 1.4210854715202004e-10
2025-07-31 22:47:47,792 - INFO - impulse response loss is 0.023128677159547806
2025-07-31 22:47:47,801 - INFO - Finished GD, time elapsed=4964.130066394806s
2025-07-31 22:47:47,801 - INFO - Finished seed=2
2025-07-31 22:47:47,801 - INFO - Starting seed=3
2025-07-31 22:47:47,802 - INFO - A_teacher is 0.6044463515281677
2025-07-31 22:47:47,803 - INFO - Starting GD
2025-07-31 22:47:47,805 - INFO - initial model: max A_j index: 0
2025-07-31 22:47:47,805 - INFO - initial model: A values are [0.008032760582864285, 0.0017483338015154004, 0.0008897809311747551, -0.006137180142104626]
2025-07-31 23:13:15,955 - INFO - final model: max A_j index: 0
2025-07-31 23:13:15,956 - INFO - final model: A values are [0.05945068970322609, 0.05389309301972389, 0.05313382297754288, 0.046919938176870346]
2025-07-31 23:13:15,957 - INFO - final model: average A value: 0.053349386900663376
2025-07-31 23:13:15,957 - INFO - final model: variance of A values: 2.6301930120098405e-05
2025-07-31 23:13:15,957 - INFO - train loss is 3.283276150956027e-10
2025-07-31 23:13:15,957 - INFO - impulse response loss is 0.27815863490104675
2025-07-31 23:13:15,966 - INFO - Finished GD, time elapsed=1528.1627759933472s
2025-07-31 23:13:15,966 - INFO - Finished seed=3
2025-07-31 23:13:15,967 - INFO - Starting seed=4
2025-07-31 23:13:15,967 - INFO - A_teacher is 0.504618227481842
2025-07-31 23:13:15,969 - INFO - Starting GD
2025-07-31 23:13:15,970 - INFO - initial model: max A_j index: 2
2025-07-31 23:13:15,970 - INFO - initial model: A values are [-0.016052763909101486, 0.002324857050552964, 0.022398700937628746, 0.00847293809056282]
2025-07-31 23:40:36,421 - INFO - final model: max A_j index: 2
2025-07-31 23:40:36,423 - INFO - final model: A values are [-0.13080216944217682, -0.0973057970404625, -0.06072457879781723, -0.08609440177679062]
2025-07-31 23:40:36,424 - INFO - final model: average A value: -0.09373173117637634
2025-07-31 23:40:36,426 - INFO - final model: variance of A values: 0.0008449307642877102
2025-07-31 23:40:36,426 - INFO - train loss is 3.370246304257307e-10
2025-07-31 23:40:36,426 - INFO - impulse response loss is 0.8206723928451538
2025-07-31 23:40:36,440 - INFO - Finished GD, time elapsed=1640.4716322422028s
2025-07-31 23:40:36,440 - INFO - Finished seed=4
2025-07-31 23:40:36,441 - INFO - Starting seed=5
2025-07-31 23:40:36,441 - INFO - A_teacher is 0.6200644373893738
2025-07-31 23:40:36,443 - INFO - Starting GD
2025-07-31 23:40:36,444 - INFO - initial model: max A_j index: 3
2025-07-31 23:40:36,444 - INFO - initial model: A values are [-0.004867807496339083, -0.006038215477019548, -0.005580962169915438, 0.006675242446362972]
2025-08-01 00:10:22,685 - INFO - final model: max A_j index: 3
2025-08-01 00:10:22,687 - INFO - final model: A values are [0.17092950642108917, 0.1696425825357437, 0.1701456904411316, 0.18361860513687134]
2025-08-01 00:10:22,691 - INFO - final model: average A value: 0.17358408868312836
2025-08-01 00:10:22,692 - INFO - final model: variance of A values: 4.5032124035060406e-05
2025-08-01 00:10:22,692 - INFO - train loss is 5.571223482547794e-10
2025-08-01 00:10:22,693 - INFO - impulse response loss is 0.07511682063341141
2025-08-01 00:10:22,714 - INFO - Finished GD, time elapsed=1786.2715570926666s
2025-08-01 00:10:22,714 - INFO - Finished seed=5
2025-08-01 00:10:22,715 - INFO - Starting seed=6
2025-08-01 00:10:22,716 - INFO - A_teacher is 0.4802584946155548
2025-08-01 00:10:22,717 - INFO - Starting GD
2025-08-01 00:10:22,719 - INFO - initial model: max A_j index: 2
2025-08-01 00:10:22,719 - INFO - initial model: A values are [-0.018743986263871193, -0.009936632588505745, 0.0071846721693873405, -0.006984538398683071]
2025-08-01 01:15:27,601 - INFO - final model: max A_j index: 2
2025-08-01 01:15:27,602 - INFO - final model: A values are [0.032720375806093216, 0.04033326357603073, 0.055132608860731125, 0.04288506507873535]
2025-08-01 01:15:27,603 - INFO - final model: average A value: 0.042767830193042755
2025-08-01 01:15:27,603 - INFO - final model: variance of A values: 8.659331069793552e-05
2025-08-01 01:15:27,603 - INFO - train loss is 5.1159076974727213e-11
2025-08-01 01:15:27,603 - INFO - impulse response loss is 0.1453578770160675
2025-08-01 01:15:27,612 - INFO - Finished GD, time elapsed=3904.8950550556183s
2025-08-01 01:15:27,612 - INFO - Finished seed=6
2025-08-01 01:15:27,613 - INFO - Starting seed=7
2025-08-01 01:15:27,613 - INFO - A_teacher is 0.3528444766998291
2025-08-01 01:15:27,614 - INFO - Starting GD
2025-08-01 01:15:27,616 - INFO - initial model: max A_j index: 2
2025-08-01 01:15:27,616 - INFO - initial model: A values are [-0.0014679508749395609, 0.00786141213029623, 0.009468216449022293, -0.011143439449369907]
2025-08-01 01:45:56,379 - INFO - final model: max A_j index: 2
2025-08-01 01:45:56,381 - INFO - final model: A values are [0.08828370273113251, 0.09781734645366669, 0.09945955127477646, 0.07839605212211609]
2025-08-01 01:45:56,381 - INFO - final model: average A value: 0.09098915755748749
2025-08-01 01:45:56,382 - INFO - final model: variance of A values: 9.475918341195211e-05
2025-08-01 01:45:56,382 - INFO - train loss is 1.5370460459962487e-10
2025-08-01 01:45:56,382 - INFO - impulse response loss is 0.008422479033470154
2025-08-01 01:45:56,398 - INFO - Finished GD, time elapsed=1828.7832312583923s
2025-08-01 01:45:56,398 - INFO - Finished seed=7
2025-08-01 01:45:56,398 - INFO - ----------------------------------------------------------------------------------------------------------------------------------------------
2025-08-01 01:45:56,398 - INFO - ----------------------------------------------------------------------------------------------------------------------------------------------
2025-08-01 01:45:56,402 - INFO - Finished student_dim=4 with G&C avg gen_loss = 0.0, GD avg gen_loss = 0.21754321502521634
2025-08-01 01:45:56,402 - INFO - ----------------------------------------------------------------------------------------------------------------------------------------------
2025-08-01 01:45:56,402 - INFO - Starting student_dim=5
2025-08-01 01:45:56,403 - INFO - Starting seed=0
2025-08-01 01:45:56,404 - INFO - A_teacher is 0.6690790057182312
2025-08-01 01:45:56,411 - INFO - Starting GD
2025-08-01 01:45:56,421 - INFO - initial model: max A_j index: 0
2025-08-01 01:45:56,422 - INFO - initial model: A values are [0.01540996041148901, -0.0029342889320105314, -0.021787893027067184, 0.005684312433004379, -0.010845223441720009]
2025-08-01 02:26:28,766 - INFO - final model: max A_j index: 0
2025-08-01 02:26:28,767 - INFO - final model: A values are [0.26701420545578003, 0.2271222025156021, 0.1861129254102707, 0.24587006866931915, 0.20991480350494385]
2025-08-01 02:26:28,776 - INFO - final model: average A value: 0.22720685601234436
2025-08-01 02:26:28,780 - INFO - final model: variance of A values: 0.0009801684645935893
2025-08-01 02:26:28,780 - INFO - train loss is 2.1836970010014056e-09
2025-08-01 02:26:28,780 - INFO - impulse response loss is 0.25250616669654846
2025-08-01 02:26:28,792 - INFO - Finished GD, time elapsed=2432.381278991699s
2025-08-01 02:26:28,792 - INFO - Finished seed=0
2025-08-01 02:26:28,793 - INFO - Starting seed=1
2025-08-01 02:26:28,794 - INFO - A_teacher is 0.36014047265052795
2025-08-01 02:26:28,795 - INFO - Starting GD
2025-08-01 02:26:28,797 - INFO - initial model: max A_j index: 0
2025-08-01 02:26:28,797 - INFO - initial model: A values are [0.006613521371036768, 0.0026692410465329885, 0.0006167725659906864, 0.006213173270225525, -0.0045190597884356976]
2025-08-01 03:07:10,196 - INFO - final model: max A_j index: 0
2025-08-01 03:07:10,198 - INFO - final model: A values are [0.08593720942735672, 0.0816936045885086, 0.07948537170886993, 0.08550633490085602, 0.07395994663238525]
2025-08-01 03:07:10,198 - INFO - final model: average A value: 0.0813164934515953
2025-08-01 03:07:10,199 - INFO - final model: variance of A values: 2.412994763290044e-05
2025-08-01 03:07:10,199 - INFO - train loss is 4.106937012693379e-10
2025-08-01 03:07:10,199 - INFO - impulse response loss is 0.01147736981511116
2025-08-01 03:07:10,209 - INFO - Finished GD, time elapsed=2441.4143528938293s
2025-08-01 03:07:10,209 - INFO - Finished seed=1
2025-08-01 03:07:10,210 - INFO - Starting seed=2
2025-08-01 03:07:10,211 - INFO - A_teacher is 0.48338696360588074
2025-08-01 03:07:10,212 - INFO - Starting GD
2025-08-01 03:07:10,214 - INFO - initial model: max A_j index: 4
2025-08-01 03:07:10,215 - INFO - initial model: A values are [0.0039229681715369225, -0.0022356400731951, -0.0031950026750564575, -0.012050370685756207, 0.010444634594023228]
2025-08-01 03:46:10,170 - INFO - final model: max A_j index: 4
2025-08-01 03:46:10,172 - INFO - final model: A values are [-0.0627404972910881, -0.07228101044893265, -0.07376689463853836, -0.08748658746480942, -0.05265777185559273]
2025-08-01 03:46:10,173 - INFO - final model: average A value: -0.06978655606508255
2025-08-01 03:46:10,173 - INFO - final model: variance of A values: 0.00016959969070740044
2025-08-01 03:46:10,173 - INFO - train loss is 2.9467628337442875e-10
2025-08-01 03:46:10,173 - INFO - impulse response loss is 0.7362841963768005
2025-08-01 03:46:10,185 - INFO - Finished GD, time elapsed=2339.9727449417114s
2025-08-01 03:46:10,185 - INFO - Finished seed=2
2025-08-01 03:46:10,185 - INFO - Starting seed=3
2025-08-01 03:46:10,187 - INFO - A_teacher is 0.4366772174835205
2025-08-01 03:46:10,188 - INFO - Starting GD
2025-08-01 03:46:10,190 - INFO - initial model: max A_j index: 0
2025-08-01 03:46:10,191 - INFO - initial model: A values are [0.008032760582864285, 0.0017483338015154004, 0.0008897809311747551, -0.006137180142104626, 0.0004618245002347976]
2025-08-01 04:26:47,765 - INFO - final model: max A_j index: 0
2025-08-01 04:26:47,766 - INFO - final model: A values are [0.12265573441982269, 0.11487046629190445, 0.11380672454833984, 0.1051020473241806, 0.11327669769525528]
2025-08-01 04:26:47,767 - INFO - final model: average A value: 0.11394234001636505
2025-08-01 04:26:47,767 - INFO - final model: variance of A values: 3.884922625729814e-05
2025-08-01 04:26:47,767 - INFO - train loss is 7.452314321199083e-10
2025-08-01 04:26:47,767 - INFO - impulse response loss is 0.03347788006067276
2025-08-01 04:26:47,780 - INFO - Finished GD, time elapsed=2437.5915031433105s
2025-08-01 04:26:47,780 - INFO - Finished seed=3
2025-08-01 04:26:47,780 - INFO - Starting seed=4
2025-08-01 04:26:47,781 - INFO - A_teacher is 0.36317408084869385
2025-08-01 04:26:47,783 - INFO - Starting GD
2025-08-01 04:26:47,785 - INFO - initial model: max A_j index: 2
2025-08-01 04:26:47,785 - INFO - initial model: A values are [-0.016052763909101486, 0.002324857050552964, 0.022398700937628746, 0.00847293809056282, 0.012006442062556744]
2025-08-01 05:05:15,968 - INFO - final model: max A_j index: 2
2025-08-01 05:05:15,970 - INFO - final model: A values are [0.05633525550365448, 0.07560249418020248, 0.09665670990943909, 0.08205093443393707, 0.08575695008039474]
2025-08-01 05:05:15,970 - INFO - final model: average A value: 0.07928046584129333
2025-08-01 05:05:15,971 - INFO - final model: variance of A values: 0.0002228910889243707
2025-08-01 05:05:15,971 - INFO - train loss is 7.366907084360719e-11
2025-08-01 05:05:15,971 - INFO - impulse response loss is 0.011019673198461533
2025-08-01 05:05:15,980 - INFO - Finished GD, time elapsed=2308.1973509788513s
2025-08-01 05:05:15,980 - INFO - Finished seed=4
2025-08-01 05:05:15,980 - INFO - Starting seed=5
2025-08-01 05:05:15,981 - INFO - A_teacher is 0.4598449766635895
2025-08-01 05:05:15,983 - INFO - Starting GD
2025-08-01 05:05:15,984 - INFO - initial model: max A_j index: 3
2025-08-01 05:05:15,984 - INFO - initial model: A values are [-0.004867807496339083, -0.006038215477019548, -0.005580962169915438, 0.006675242446362972, -0.0019741510041058064]
2025-08-01 05:41:09,455 - INFO - final model: max A_j index: 3
2025-08-01 05:41:09,457 - INFO - final model: A values are [0.024092117324471474, 0.023027021437883377, 0.023443160578608513, 0.03459564596414566, 0.02672545053064823]
2025-08-01 05:41:09,457 - INFO - final model: average A value: 0.02637667953968048
2025-08-01 05:41:09,458 - INFO - final model: variance of A values: 2.317950566066429e-05
2025-08-01 05:41:09,458 - INFO - train loss is 2.751221472863108e-11
2025-08-01 05:41:09,458 - INFO - impulse response loss is 0.15077540278434753
2025-08-01 05:41:09,468 - INFO - Finished GD, time elapsed=2153.4857029914856s
2025-08-01 05:41:09,468 - INFO - Finished seed=5
2025-08-01 05:41:09,469 - INFO - Starting seed=6
2025-08-01 05:41:09,470 - INFO - A_teacher is 0.694278359413147
2025-08-01 05:41:09,471 - INFO - Starting GD
2025-08-01 05:41:09,473 - INFO - initial model: max A_j index: 2
2025-08-01 05:41:09,474 - INFO - initial model: A values are [-0.018743986263871193, -0.009936632588505745, 0.0071846721693873405, -0.006984538398683071, -0.01471555233001709]
2025-08-01 06:20:53,912 - INFO - final model: max A_j index: 2
2025-08-01 06:20:53,914 - INFO - final model: A values are [0.2046065628528595, 0.22118090093135834, 0.2533992528915405, 0.22673657536506653, 0.21218755841255188]
2025-08-01 06:20:53,914 - INFO - final model: average A value: 0.2236221730709076
2025-08-01 06:20:53,915 - INFO - final model: variance of A values: 0.00034866941859945655
2025-08-01 06:20:53,915 - INFO - train loss is 7.066915941322804e-10
2025-08-01 06:20:53,915 - INFO - impulse response loss is 0.2328072488307953
2025-08-01 06:20:53,927 - INFO - Finished GD, time elapsed=2384.4559569358826s
2025-08-01 06:20:53,927 - INFO - Finished seed=6
2025-08-01 06:20:53,928 - INFO - Starting seed=7
2025-08-01 06:20:53,929 - INFO - A_teacher is 0.517769992351532
2025-08-01 06:20:53,930 - INFO - Starting GD
2025-08-01 06:20:53,933 - INFO - initial model: max A_j index: 4
2025-08-01 06:20:53,933 - INFO - initial model: A values are [-0.0014679508749395609, 0.00786141213029623, 0.009468216449022293, -0.011143439449369907, 0.01690790057182312]
2025-08-01 07:01:25,470 - INFO - final model: max A_j index: 4
2025-08-01 07:01:25,472 - INFO - final model: A values are [0.15389548242092133, 0.1698591411113739, 0.17260847985744476, 0.1373390108346939, 0.1853397935628891]
2025-08-01 07:01:25,472 - INFO - final model: average A value: 0.16380837559700012
2025-08-01 07:01:25,473 - INFO - final model: variance of A values: 0.0003441370790824294
2025-08-01 07:01:25,473 - INFO - train loss is 9.904397302307189e-10
2025-08-01 07:01:25,473 - INFO - impulse response loss is 0.10833249986171722
2025-08-01 07:01:25,485 - INFO - Finished GD, time elapsed=2431.5542600154877s
2025-08-01 07:01:25,485 - INFO - Finished seed=7
2025-08-01 07:01:25,485 - INFO - ----------------------------------------------------------------------------------------------------------------------------------------------
2025-08-01 07:01:25,485 - INFO - ----------------------------------------------------------------------------------------------------------------------------------------------
2025-08-01 07:01:25,486 - INFO - Finished student_dim=5 with G&C avg gen_loss = 0.0, GD avg gen_loss = 0.1920850547030568
2025-08-01 07:01:25,486 - INFO - ----------------------------------------------------------------------------------------------------------------------------------------------
2025-08-01 07:01:25,486 - INFO - Starting student_dim=6
2025-08-01 07:01:25,486 - INFO - Starting seed=0
2025-08-01 07:01:25,487 - INFO - A_teacher is 0.41051721572875977
2025-08-01 07:01:25,493 - INFO - Starting GD
2025-08-01 07:01:25,499 - INFO - initial model: max A_j index: 0
2025-08-01 07:01:25,499 - INFO - initial model: A values are [0.01540996041148901, -0.0029342889320105314, -0.021787893027067184, 0.005684312433004379, -0.010845223441720009, -0.013985954225063324]
2025-08-01 07:40:45,110 - INFO - final model: max A_j index: 0
2025-08-01 07:40:45,112 - INFO - final model: A values are [0.08082892745733261, 0.06318339705467224, 0.0450497642159462, 0.07147379219532013, 0.05557557940483093, 0.052554383873939514]
2025-08-01 07:40:45,121 - INFO - final model: average A value: 0.06144430860877037
2025-08-01 07:40:45,127 - INFO - final model: variance of A values: 0.0001723264722386375
2025-08-01 07:40:45,127 - INFO - train loss is 6.004086117172847e-11
2025-08-01 07:40:45,127 - INFO - impulse response loss is 0.02277953550219536
2025-08-01 07:40:45,139 - INFO - Finished GD, time elapsed=2359.6451280117035s
2025-08-01 07:40:45,139 - INFO - Finished seed=0
2025-08-01 07:40:45,139 - INFO - Starting seed=1
2025-08-01 07:40:45,140 - INFO - A_teacher is 0.5403347015380859
2025-08-01 07:40:45,142 - INFO - Starting GD
2025-08-01 07:40:45,144 - INFO - initial model: max A_j index: 0
2025-08-01 07:40:45,144 - INFO - initial model: A values are [0.006613521371036768, 0.0026692410465329885, 0.0006167725659906864, 0.006213173270225525, -0.0045190597884356976, -0.001661302288994193]
2025-08-01 09:04:49,025 - INFO - final model: max A_j index: 0
2025-08-01 09:04:49,026 - INFO - final model: A values are [0.03935668244957924, 0.03571799397468567, 0.03382481634616852, 0.03898729383945465, 0.029096480458974838, 0.03172319009900093]
2025-08-01 09:04:49,027 - INFO - final model: average A value: 0.034784410148859024
2025-08-01 09:04:49,027 - INFO - final model: variance of A values: 1.6417183360317722e-05
2025-08-01 09:04:49,027 - INFO - train loss is 4.780531526193954e-11
2025-08-01 09:04:49,027 - INFO - impulse response loss is 0.19098570942878723
2025-08-01 09:04:49,037 - INFO - Finished GD, time elapsed=5043.895811796188s
2025-08-01 09:04:49,037 - INFO - Finished seed=1
2025-08-01 09:04:49,038 - INFO - Starting seed=2
2025-08-01 09:04:49,039 - INFO - A_teacher is 0.3477231562137604
2025-08-01 09:04:49,040 - INFO - Starting GD
2025-08-01 09:04:49,041 - INFO - initial model: max A_j index: 4
2025-08-01 09:04:49,042 - INFO - initial model: A values are [0.0039229681715369225, -0.0022356400731951, -0.0031950026750564575, -0.012050370685756207, 0.010444634594023228, -0.006332276854664087]
2025-08-01 09:56:05,083 - INFO - final model: max A_j index: 4
2025-08-01 09:56:05,084 - INFO - final model: A values are [0.056750036776065826, 0.05083373188972473, 0.0499122180044651, 0.04140526056289673, 0.06301430612802505, 0.046898357570171356]
2025-08-01 09:56:05,085 - INFO - final model: average A value: 0.05146898701786995
2025-08-01 09:56:05,085 - INFO - final model: variance of A values: 5.7236040447605774e-05
2025-08-01 09:56:05,085 - INFO - train loss is 8.64588470261829e-11
2025-08-01 09:56:05,085 - INFO - impulse response loss is 0.01248248666524887
2025-08-01 09:56:05,094 - INFO - Finished GD, time elapsed=3076.0546419620514s
2025-08-01 09:56:05,095 - INFO - Finished seed=2
2025-08-01 09:56:05,095 - INFO - Starting seed=3
2025-08-01 09:56:05,096 - INFO - A_teacher is 0.5573107004165649
2025-08-01 09:56:05,097 - INFO - Starting GD
2025-08-01 09:56:05,098 - INFO - initial model: max A_j index: 0
2025-08-01 09:56:05,098 - INFO - initial model: A values are [0.008032760582864285, 0.0017483338015154004, 0.0008897809311747551, -0.006137180142104626, 0.0004618245002347976, -0.0136825917288661]
2025-08-01 10:59:04,810 - INFO - final model: max A_j index: 0
2025-08-01 10:59:04,811 - INFO - final model: A values are [0.031027132645249367, 0.025150544941425323, 0.024347752332687378, 0.017776958644390106, 0.0239474605768919, 0.010737709701061249]
2025-08-01 10:59:04,812 - INFO - final model: average A value: 0.022164592519402504
2025-08-01 10:59:04,812 - INFO - final model: variance of A values: 4.9046066123992205e-05
2025-08-01 10:59:04,812 - INFO - train loss is 3.2741809263825417e-11
2025-08-01 10:59:04,812 - INFO - impulse response loss is 0.274546355009079
2025-08-01 10:59:04,822 - INFO - Finished GD, time elapsed=3779.7249410152435s
2025-08-01 10:59:04,822 - INFO - Finished seed=3
2025-08-01 10:59:04,822 - INFO - Starting seed=4
2025-08-01 10:59:04,823 - INFO - A_teacher is 0.533749520778656
2025-08-01 10:59:04,824 - INFO - Starting GD
2025-08-01 10:59:04,825 - INFO - initial model: max A_j index: 2
2025-08-01 10:59:04,826 - INFO - initial model: A values are [-0.016052763909101486, 0.002324857050552964, 0.022398700937628746, 0.00847293809056282, 0.012006442062556744, -0.0040155029855668545]
2025-08-01 11:41:03,542 - INFO - final model: max A_j index: 2
2025-08-01 11:41:03,543 - INFO - final model: A values are [0.039263173937797546, 0.056240156292915344, 0.07478288561105728, 0.06191970407962799, 0.06518304347991943, 0.05038301646709442]
2025-08-01 11:41:03,543 - INFO - final model: average A value: 0.057962000370025635
2025-08-01 11:41:03,544 - INFO - final model: variance of A values: 0.00015216018073260784
2025-08-01 11:41:03,544 - INFO - train loss is 4.4565240386873484e-11
2025-08-01 11:41:03,544 - INFO - impulse response loss is 0.10426792502403259
2025-08-01 11:41:03,554 - INFO - Finished GD, time elapsed=2518.7299540042877s
2025-08-01 11:41:03,554 - INFO - Finished seed=4
2025-08-01 11:41:03,554 - INFO - Starting seed=5
2025-08-01 11:41:03,555 - INFO - A_teacher is 0.35739803314208984
2025-08-01 11:41:03,556 - INFO - Starting GD
2025-08-01 11:41:03,557 - INFO - initial model: max A_j index: 5
2025-08-01 11:41:03,557 - INFO - initial model: A values are [-0.004867807496339083, -0.006038215477019548, -0.005580962169915438, 0.006675242446362972, -0.0019741510041058064, 0.019427834078669548]
2025-08-01 12:33:13,130 - INFO - final model: max A_j index: 5
2025-08-01 12:33:13,131 - INFO - final model: A values are [0.06874697655439377, 0.06739262491464615, 0.06792174279689789, 0.08210419118404388, 0.07209509611129761, 0.09686117619276047]
2025-08-01 12:33:13,132 - INFO - final model: average A value: 0.07585363835096359
2025-08-01 12:33:13,132 - INFO - final model: variance of A values: 0.00013590420712716877
2025-08-01 12:33:13,132 - INFO - train loss is 3.112745894373603e-10
2025-08-01 12:33:13,132 - INFO - impulse response loss is 0.018111959099769592
2025-08-01 12:33:13,150 - INFO - Finished GD, time elapsed=3129.594444990158s
2025-08-01 12:33:13,150 - INFO - Finished seed=5
2025-08-01 12:33:13,151 - INFO - Starting seed=6
2025-08-01 12:33:13,151 - INFO - A_teacher is 0.3598298132419586
2025-08-01 12:33:13,152 - INFO - Starting GD
2025-08-01 12:33:13,154 - INFO - initial model: max A_j index: 2
2025-08-01 12:33:13,154 - INFO - initial model: A values are [-0.018743986263871193, -0.009936632588505745, 0.0071846721693873405, -0.006984538398683071, -0.01471555233001709, 0.0017770021222531796]
2025-08-01 13:01:13,430 - INFO - final model: max A_j index: 2
2025-08-01 13:01:13,432 - INFO - final model: A values are [0.02485780045390129, 0.032771289348602295, 0.04816696420311928, 0.03542592376470566, 0.028480222448706627, 0.04330442100763321]
2025-08-01 13:01:13,432 - INFO - final model: average A value: 0.03550110384821892
2025-08-01 13:01:13,433 - INFO - final model: variance of A values: 7.826920045772567e-05
2025-08-01 13:01:13,433 - INFO - train loss is 5.820766091346741e-11
2025-08-01 13:01:13,433 - INFO - impulse response loss is 0.03632518649101257
2025-08-01 13:01:13,442 - INFO - Finished GD, time elapsed=1680.28968501091s
2025-08-01 13:01:13,442 - INFO - Finished seed=6
2025-08-01 13:01:13,442 - INFO - Starting seed=7
2025-08-01 13:01:13,443 - INFO - A_teacher is 0.6455674171447754
2025-08-01 13:01:13,444 - INFO - Starting GD
2025-08-01 13:01:13,446 - INFO - initial model: max A_j index: 4
2025-08-01 13:01:13,446 - INFO - initial model: A values are [-0.0014679508749395609, 0.00786141213029623, 0.009468216449022293, -0.011143439449369907, 0.01690790057182312, -0.008948278613388538]
2025-08-01 13:29:42,992 - INFO - final model: max A_j index: 4
2025-08-01 13:29:42,995 - INFO - final model: A values are [0.1214638501405716, 0.13155148923397064, 0.13328927755355835, 0.11100058257579803, 0.1413348764181137, 0.11337453126907349]
2025-08-01 13:29:42,995 - INFO - final model: average A value: 0.12533576786518097
2025-08-01 13:29:42,995 - INFO - final model: variance of A values: 0.00014428510621655732
2025-08-01 13:29:42,995 - INFO - train loss is 7.366907084360719e-11
2025-08-01 13:29:42,995 - INFO - impulse response loss is 0.11487436294555664
2025-08-01 13:29:43,004 - INFO - Finished GD, time elapsed=1709.5599069595337s
2025-08-01 13:29:43,004 - INFO - Finished seed=7
2025-08-01 13:29:43,005 - INFO - ----------------------------------------------------------------------------------------------------------------------------------------------
2025-08-01 13:29:43,005 - INFO - ----------------------------------------------------------------------------------------------------------------------------------------------
2025-08-01 13:29:43,005 - INFO - Finished student_dim=6 with G&C avg gen_loss = 0.0, GD avg gen_loss = 0.09679669002071023
2025-08-01 13:29:43,005 - INFO - ----------------------------------------------------------------------------------------------------------------------------------------------
2025-08-01 13:29:43,005 - INFO - Starting student_dim=7
2025-08-01 13:29:43,005 - INFO - Starting seed=0
2025-08-01 13:29:43,006 - INFO - A_teacher is 0.46443748474121094
2025-08-01 13:29:43,013 - INFO - Starting GD
2025-08-01 13:29:43,019 - INFO - initial model: max A_j index: 0
2025-08-01 13:29:43,019 - INFO - initial model: A values are [0.01540996041148901, -0.0029342889320105314, -0.021787893027067184, 0.005684312433004379, -0.010845223441720009, -0.013985954225063324, 0.004033468198031187]
2025-08-01 14:49:06,303 - INFO - final model: max A_j index: 0
2025-08-01 14:49:06,305 - INFO - final model: A values are [0.2136629819869995, 0.14442746341228485, 0.07327887415885925, 0.1769537776708603, 0.11459199339151382, 0.10273271054029465, 0.17072409391403198]
2025-08-01 14:49:06,312 - INFO - final model: average A value: 0.1423388421535492
2025-08-01 14:49:06,318 - INFO - final model: variance of A values: 0.0023672038223594427
2025-08-01 14:49:06,318 - INFO - train loss is 1.924490788951516e-09
2025-08-01 14:49:06,318 - INFO - impulse response loss is 0.28651556372642517
2025-08-01 14:49:06,330 - INFO - Finished GD, time elapsed=4763.31720995903s
2025-08-01 14:49:06,330 - INFO - Finished seed=0
2025-08-01 14:49:06,331 - INFO - Starting seed=1
2025-08-01 14:49:06,332 - INFO - A_teacher is 0.5838026404380798
2025-08-01 14:49:06,333 - INFO - Starting GD
2025-08-01 14:49:06,334 - INFO - initial model: max A_j index: 0
2025-08-01 14:49:06,334 - INFO - initial model: A values are [0.006613521371036768, 0.0026692410465329885, 0.0006167725659906864, 0.006213173270225525, -0.0045190597884356976, -0.001661302288994193, -0.015227684751152992]
2025-08-01 15:14:14,057 - INFO - final model: max A_j index: 0
2025-08-01 15:14:14,059 - INFO - final model: A values are [0.14768482744693756, 0.1418016254901886, 0.13873977959156036, 0.14708717167377472, 0.13107988238334656, 0.13534216582775116, 0.11515462398529053]
2025-08-01 15:14:14,059 - INFO - final model: average A value: 0.13669857382774353
2025-08-01 15:14:14,060 - INFO - final model: variance of A values: 0.00012606328527908772
2025-08-01 15:14:14,060 - INFO - train loss is 1.051375875249505e-09
2025-08-01 15:14:14,060 - INFO - impulse response loss is 0.18298554420471191
2025-08-01 15:14:14,068 - INFO - Finished GD, time elapsed=1507.73562002182s
2025-08-01 15:14:14,068 - INFO - Finished seed=1
2025-08-01 15:14:14,069 - INFO - Starting seed=2
2025-08-01 15:14:14,070 - INFO - A_teacher is 0.5381683707237244
2025-08-01 15:14:14,071 - INFO - Starting GD
2025-08-01 15:14:14,072 - INFO - initial model: max A_j index: 4
2025-08-01 15:14:14,072 - INFO - initial model: A values are [0.0039229681715369225, -0.0022356400731951, -0.0031950026750564575, -0.012050370685756207, 0.010444634594023228, -0.006332276854664087, 0.0057310676202178]
2025-08-01 15:40:24,174 - INFO - final model: max A_j index: 4
2025-08-01 15:40:24,176 - INFO - final model: A values are [0.13056957721710205, 0.1216086894273758, 0.12021192908287048, 0.10732074826955795, 0.14006307721138, 0.11564499884843826, 0.13320130109786987]
2025-08-01 15:40:24,176 - INFO - final model: average A value: 0.12408862262964249
2025-08-01 15:40:24,176 - INFO - final model: variance of A values: 0.00012564368080347776
2025-08-01 15:40:24,176 - INFO - train loss is 5.022685045652509e-10
2025-08-01 15:40:24,176 - INFO - impulse response loss is 0.14199040830135345
2025-08-01 15:40:24,187 - INFO - Finished GD, time elapsed=1570.116140127182s
2025-08-01 15:40:24,187 - INFO - Finished seed=2
2025-08-01 15:40:24,187 - INFO - Starting seed=3
2025-08-01 15:40:24,188 - INFO - A_teacher is 0.5540947318077087
2025-08-01 15:40:24,189 - INFO - Starting GD
2025-08-01 15:40:24,191 - INFO - initial model: max A_j index: 0
2025-08-01 15:40:24,191 - INFO - initial model: A values are [0.008032760582864285, 0.0017483338015154004, 0.0008897809311747551, -0.006137180142104626, 0.0004618245002347976, -0.0136825917288661, 0.0033749507274478674]
2025-08-01 16:06:07,334 - INFO - final model: max A_j index: 0
2025-08-01 16:06:07,335 - INFO - final model: A values are [0.10181891918182373, 0.09509380906820297, 0.09417516738176346, 0.08665589243173599, 0.0937173068523407, 0.07858195155858994, 0.09683461487293243]
2025-08-01 16:06:07,335 - INFO - final model: average A value: 0.0924110934138298
2025-08-01 16:06:07,336 - INFO - final model: variance of A values: 5.740955748478882e-05
2025-08-01 16:06:07,336 - INFO - train loss is 2.6284396881237626e-10
2025-08-01 16:06:07,336 - INFO - impulse response loss is 0.06956721097230911
2025-08-01 16:06:07,345 - INFO - Finished GD, time elapsed=1543.1555902957916s
2025-08-01 16:06:07,345 - INFO - Finished seed=3
2025-08-01 16:06:07,345 - INFO - Starting seed=4
2025-08-01 16:06:07,346 - INFO - A_teacher is 0.6011115908622742
2025-08-01 16:06:07,348 - INFO - Starting GD
2025-08-01 16:06:07,349 - INFO - initial model: max A_j index: 2
2025-08-01 16:06:07,349 - INFO - initial model: A values are [-0.016052763909101486, 0.002324857050552964, 0.022398700937628746, 0.00847293809056282, 0.012006442062556744, -0.0040155029855668545, -0.01426019612699747]
2025-08-01 16:32:03,147 - INFO - final model: max A_j index: 2
2025-08-01 16:32:03,149 - INFO - final model: A values are [-0.006666515022516251, 0.011227023787796497, 0.030772093683481216, 0.017212729901075363, 0.020653266459703445, 0.005053816828876734, -0.004921115934848785]
2025-08-01 16:32:03,150 - INFO - final model: average A value: 0.01047589909285307
2025-08-01 16:32:03,150 - INFO - final model: variance of A values: 0.0001869654661277309
2025-08-01 16:32:03,150 - INFO - train loss is 9.094947017729282e-13
2025-08-01 16:32:03,150 - INFO - impulse response loss is 0.4077528715133667
2025-08-01 16:32:03,161 - INFO - Finished GD, time elapsed=1555.8130118846893s
2025-08-01 16:32:03,161 - INFO - Finished seed=4
2025-08-01 16:32:03,161 - INFO - Starting seed=5
2025-08-01 16:32:03,162 - INFO - A_teacher is 0.5903931856155396
2025-08-01 16:32:03,163 - INFO - Starting GD
2025-08-01 16:32:03,164 - INFO - initial model: max A_j index: 5
2025-08-01 16:32:03,165 - INFO - initial model: A values are [-0.004867807496339083, -0.006038215477019548, -0.005580962169915438, 0.006675242446362972, -0.0019741510041058064, 0.019427834078669548, -0.014017020352184772]
2025-08-01 16:57:28,683 - INFO - final model: max A_j index: 5
2025-08-01 16:57:28,685 - INFO - final model: A values are [0.12098415940999985, 0.11944335699081421, 0.12004538625478745, 0.136178120970726, 0.12479384243488312, 0.15296670794487, 0.10893937945365906]
2025-08-01 16:57:28,685 - INFO - final model: average A value: 0.12619300186634064
2025-08-01 16:57:28,686 - INFO - final model: variance of A values: 0.0002044436550932005
2025-08-01 16:57:28,686 - INFO - train loss is 4.0108716348186135e-10
2025-08-01 16:57:28,686 - INFO - impulse response loss is 0.1414564847946167
2025-08-01 16:57:28,701 - INFO - Finished GD, time elapsed=1525.5383751392365s
2025-08-01 16:57:28,701 - INFO - Finished seed=5
2025-08-01 16:57:28,702 - INFO - Starting seed=6
2025-08-01 16:57:28,702 - INFO - A_teacher is 0.4237442910671234
2025-08-01 16:57:28,704 - INFO - Starting GD
2025-08-01 16:57:28,705 - INFO - initial model: max A_j index: 6
2025-08-01 16:57:28,705 - INFO - initial model: A values are [-0.018743986263871193, -0.009936632588505745, 0.0071846721693873405, -0.006984538398683071, -0.01471555233001709, 0.0017770021222531796, 0.014556738547980785]
2025-08-01 17:22:41,522 - INFO - final model: max A_j index: 6
2025-08-01 17:22:41,523 - INFO - final model: A values are [0.030053498223423958, 0.03826669976115227, 0.05424517020583153, 0.0410216748714447, 0.03380673751235008, 0.04919842258095741, 0.06112521141767502]
2025-08-01 17:22:41,523 - INFO - final model: average A value: 0.04395962879061699
2025-08-01 17:22:41,523 - INFO - final model: variance of A values: 0.00012756619253195822
2025-08-01 17:22:41,524 - INFO - train loss is 2.2737367544323206e-11
2025-08-01 17:22:41,524 - INFO - impulse response loss is 0.04077531769871712
2025-08-01 17:22:41,540 - INFO - Finished GD, time elapsed=1512.8363671302795s
2025-08-01 17:22:41,540 - INFO - Finished seed=6
2025-08-01 17:22:41,540 - INFO - Starting seed=7
2025-08-01 17:22:41,541 - INFO - A_teacher is 0.5640313029289246
2025-08-01 17:22:41,542 - INFO - Starting GD
2025-08-01 17:22:41,545 - INFO - initial model: max A_j index: 4
2025-08-01 17:22:41,545 - INFO - initial model: A values are [-0.0014679508749395609, 0.00786141213029623, 0.009468216449022293, -0.011143439449369907, 0.01690790057182312, -0.008948278613388538, -0.003556250361725688]
2025-08-01 18:12:27,079 - INFO - final model: max A_j index: 4
2025-08-01 18:12:27,079 - INFO - final model: A values are [0.0008512455970048904, 0.010106981731951237, 0.011701200157403946, -0.008748970925807953, 0.019082406535744667, -0.006570758298039436, -0.001220735372044146]
2025-08-01 18:12:27,080 - INFO - final model: average A value: 0.0036001955159008503
2025-08-01 18:12:27,080 - INFO - final model: variance of A values: 0.00010573529289104044
2025-08-01 18:12:27,080 - INFO - train loss is 1.4210854715202004e-14
2025-08-01 18:12:27,080 - INFO - impulse response loss is 0.39108434319496155
2025-08-01 18:12:27,091 - INFO - Finished GD, time elapsed=2985.5488221645355s
2025-08-01 18:12:27,091 - INFO - Finished seed=7
2025-08-01 18:12:27,092 - INFO - ----------------------------------------------------------------------------------------------------------------------------------------------
2025-08-01 18:12:27,092 - INFO - ----------------------------------------------------------------------------------------------------------------------------------------------
2025-08-01 18:12:27,092 - INFO - Finished student_dim=7 with G&C avg gen_loss = 0.0, GD avg gen_loss = 0.20776596805080771
2025-08-01 18:12:27,092 - INFO - ----------------------------------------------------------------------------------------------------------------------------------------------
2025-08-01 18:12:27,092 - INFO - Starting student_dim=8
2025-08-01 18:12:27,092 - INFO - Starting seed=0
2025-08-01 18:12:27,093 - INFO - A_teacher is 0.6232385635375977
2025-08-01 18:12:27,098 - INFO - Starting GD
2025-08-01 18:12:27,102 - INFO - initial model: max A_j index: 0
2025-08-01 18:12:27,103 - INFO - initial model: A values are [0.01540996041148901, -0.0029342889320105314, -0.021787893027067184, 0.005684312433004379, -0.010845223441720009, -0.013985954225063324, 0.004033468198031187, 0.008380263112485409]
2025-08-01 20:27:42,871 - INFO - final model: max A_j index: 0
2025-08-01 20:27:42,872 - INFO - final model: A values are [0.09157869964838028, 0.07346455007791519, 0.05485071614384651, 0.08197519183158875, 0.06565301865339279, 0.06255164742469788, 0.08034505695104599, 0.0846371203660965]
2025-08-01 20:27:42,879 - INFO - final model: average A value: 0.0743819996714592
2025-08-01 20:27:42,884 - INFO - final model: variance of A values: 0.0001560819655423984
2025-08-01 20:27:42,884 - INFO - train loss is 3.007017204681439e-11
2025-08-01 20:27:42,884 - INFO - impulse response loss is 0.11849283427000046
2025-08-01 20:27:42,895 - INFO - Finished GD, time elapsed=8115.79695224762s
2025-08-01 20:27:42,895 - INFO - Finished seed=0
2025-08-01 20:27:42,895 - INFO - Starting seed=1
2025-08-01 20:27:42,896 - INFO - A_teacher is 0.4280742406845093
2025-08-01 20:27:42,897 - INFO - Starting GD
2025-08-01 20:27:42,899 - INFO - initial model: max A_j index: 0
2025-08-01 20:27:42,899 - INFO - initial model: A values are [0.006613521371036768, 0.0026692410465329885, 0.0006167725659906864, 0.006213173270225525, -0.0045190597884356976, -0.001661302288994193, -0.015227684751152992, 0.003816839074715972]
2025-08-01 20:52:17,969 - INFO - final model: max A_j index: 0
2025-08-01 20:52:17,970 - INFO - final model: A values are [0.07341405004262924, 0.06911667436361313, 0.06688044965267181, 0.0729779377579689, 0.06129548326134682, 0.06439845263957977, 0.049627792090177536, 0.07036689668893814]
2025-08-01 20:52:17,971 - INFO - final model: average A value: 0.06600971519947052
2025-08-01 20:52:17,971 - INFO - final model: variance of A values: 6.085204586270265e-05
2025-08-01 20:52:17,971 - INFO - train loss is 2.0463630789890885e-10
2025-08-01 20:52:17,971 - INFO - impulse response loss is 0.031893838196992874
2025-08-01 20:52:17,980 - INFO - Finished GD, time elapsed=1475.0828728675842s
2025-08-01 20:52:17,980 - INFO - Finished seed=1
2025-08-01 20:52:17,981 - INFO - Starting seed=2
2025-08-01 20:52:17,981 - INFO - A_teacher is 0.39723914861679077
2025-08-01 20:52:17,983 - INFO - Starting GD
2025-08-01 20:52:17,984 - INFO - initial model: max A_j index: 4
2025-08-01 20:52:17,984 - INFO - initial model: A values are [0.0039229681715369225, -0.0022356400731951, -0.0031950026750564575, -0.012050370685756207, 0.010444634594023228, -0.006332276854664087, 0.0057310676202178, 0.0054094744846224785]
2025-08-01 21:17:04,871 - INFO - final model: max A_j index: 4
2025-08-01 21:17:04,873 - INFO - final model: A values are [0.06379694491624832, 0.05717738717794418, 0.05614587664604187, 0.0466245599091053, 0.07080920040607452, 0.05277270823717117, 0.06574113667011261, 0.06539542973041534]
2025-08-01 21:17:04,874 - INFO - final model: average A value: 0.059807904064655304
2025-08-01 21:17:04,874 - INFO - final model: variance of A values: 6.385560845956206e-05
2025-08-01 21:17:04,874 - INFO - train loss is 9.323741778644035e-11
2025-08-01 21:17:04,874 - INFO - impulse response loss is 0.02317032963037491
2025-08-01 21:17:04,884 - INFO - Finished GD, time elapsed=1486.9018778800964s
2025-08-01 21:17:04,884 - INFO - Finished seed=2
2025-08-01 21:17:04,885 - INFO - Starting seed=3
2025-08-01 21:17:04,886 - INFO - A_teacher is 0.4608094096183777
2025-08-01 21:17:04,887 - INFO - Starting GD
2025-08-01 21:17:04,888 - INFO - initial model: max A_j index: 7
2025-08-01 21:17:04,888 - INFO - initial model: A values are [0.008032760582864285, 0.0017483338015154004, 0.0008897809311747551, -0.006137180142104626, 0.0004618245002347976, -0.0136825917288661, 0.0033749507274478674, 0.010111158713698387]
2025-08-01 21:41:55,738 - INFO - final model: max A_j index: 7
2025-08-01 21:41:55,739 - INFO - final model: A values are [0.044771045446395874, 0.038856495171785355, 0.03804842755198479, 0.031435005366802216, 0.03764566779136658, 0.024336518719792366, 0.0403873473405838, 0.046727169305086136]
2025-08-01 21:41:55,740 - INFO - final model: average A value: 0.03777595981955528
2025-08-01 21:41:55,740 - INFO - final model: variance of A values: 5.1137110858689994e-05
2025-08-01 21:41:55,740 - INFO - train loss is 1.1141310096718371e-11
2025-08-01 21:41:55,740 - INFO - impulse response loss is 0.06538330763578415
2025-08-01 21:41:55,750 - INFO - Finished GD, time elapsed=1490.8629968166351s
2025-08-01 21:41:55,750 - INFO - Finished seed=3
2025-08-01 21:41:55,750 - INFO - Starting seed=4
2025-08-01 21:41:55,751 - INFO - A_teacher is 0.35648205876350403
2025-08-01 21:41:55,752 - INFO - Starting GD
2025-08-01 21:41:55,754 - INFO - initial model: max A_j index: 2
2025-08-01 21:41:55,754 - INFO - initial model: A values are [-0.016052763909101486, 0.002324857050552964, 0.022398700937628746, 0.00847293809056282, 0.012006442062556744, -0.0040155029855668545, -0.01426019612699747, 0.00903931725770235]
2025-08-01 22:06:47,293 - INFO - final model: max A_j index: 2
2025-08-01 22:06:47,295 - INFO - final model: A values are [0.04286963492631912, 0.06555594503879547, 0.09034324437379837, 0.07314742356538773, 0.07751055061817169, 0.05773448199033737, 0.04508276283740997, 0.07384691387414932]
2025-08-01 22:06:47,296 - INFO - final model: average A value: 0.06576137244701385
2025-08-01 22:06:47,296 - INFO - final model: variance of A values: 0.00026833589072339237
2025-08-01 22:06:47,296 - INFO - train loss is 2.0463630789890885e-10
2025-08-01 22:06:47,296 - INFO - impulse response loss is 0.03697638958692551
2025-08-01 22:06:47,310 - INFO - Finished GD, time elapsed=1491.5581169128418s
2025-08-01 22:06:47,310 - INFO - Finished seed=4
2025-08-01 22:06:47,311 - INFO - Starting seed=5
2025-08-01 22:06:47,311 - INFO - A_teacher is 0.5855715870857239
2025-08-01 22:06:47,313 - INFO - Starting GD
2025-08-01 22:06:47,314 - INFO - initial model: max A_j index: 5
2025-08-01 22:06:47,314 - INFO - initial model: A values are [-0.004867807496339083, -0.006038215477019548, -0.005580962169915438, 0.006675242446362972, -0.0019741510041058064, 0.019427834078669548, -0.014017020352184772, -0.0076255714520812035]
2025-08-01 22:31:34,864 - INFO - final model: max A_j index: 5
2025-08-01 22:31:34,865 - INFO - final model: A values are [0.09524638205766678, 0.0938921570777893, 0.09442119300365448, 0.10860250145196915, 0.09859445691108704, 0.12335816025733948, 0.0846603512763977, 0.09205558896064758]
2025-08-01 22:31:34,866 - INFO - final model: average A value: 0.09885384142398834
2025-08-01 22:31:34,866 - INFO - final model: variance of A values: 0.0001429310068488121
2025-08-01 22:31:34,866 - INFO - train loss is 2.9467628337442875e-10
2025-08-01 22:31:34,866 - INFO - impulse response loss is 0.11167792975902557
2025-08-01 22:31:34,875 - INFO - Finished GD, time elapsed=1487.562227010727s
2025-08-01 22:31:34,875 - INFO - Finished seed=5
2025-08-01 22:31:34,875 - INFO - Starting seed=6
2025-08-01 22:31:34,876 - INFO - A_teacher is 0.5631213188171387
2025-08-01 22:31:34,877 - INFO - Starting GD
2025-08-01 22:31:34,879 - INFO - initial model: max A_j index: 6
2025-08-01 22:31:34,879 - INFO - initial model: A values are [-0.018743986263871193, -0.009936632588505745, 0.0071846721693873405, -0.006984538398683071, -0.01471555233001709, 0.0017770021222531796, 0.014556738547980785, 0.006403131410479546]
2025-08-01 22:56:26,824 - INFO - final model: max A_j index: 6
2025-08-01 22:56:26,825 - INFO - final model: A values are [0.09096072614192963, 0.10308372974395752, 0.12664556503295898, 0.10714684426784515, 0.09650547802448273, 0.11920759826898575, 0.13679249584674835, 0.12556953728199005]
2025-08-01 22:56:26,825 - INFO - final model: average A value: 0.11323899030685425
2025-08-01 22:56:26,826 - INFO - final model: variance of A values: 0.00026267796056345105
2025-08-01 22:56:26,826 - INFO - train loss is 5.684341886080801e-10
2025-08-01 22:56:26,826 - INFO - impulse response loss is 0.16273920238018036
2025-08-01 22:56:26,835 - INFO - Finished GD, time elapsed=1491.957457780838s
2025-08-01 22:56:26,835 - INFO - Finished seed=6
2025-08-01 22:56:26,835 - INFO - Starting seed=7
2025-08-01 22:56:26,836 - INFO - A_teacher is 0.6935530304908752
2025-08-01 22:56:26,837 - INFO - Starting GD
2025-08-01 22:56:26,839 - INFO - initial model: max A_j index: 4
2025-08-01 22:56:26,839 - INFO - initial model: A values are [-0.0014679508749395609, 0.00786141213029623, 0.009468216449022293, -0.011143439449369907, 0.01690790057182312, -0.008948278613388538, -0.003556250361725688, 0.01232385728508234]
2025-08-01 23:38:17,833 - INFO - final model: max A_j index: 4
2025-08-01 23:38:17,835 - INFO - final model: A values are [0.18909545242786407, 0.22340773046016693, 0.2293182760477066, 0.15351001918315887, 0.25667163729667664, 0.16158336400985718, 0.1814144253730774, 0.23982223868370056]
2025-08-01 23:38:17,836 - INFO - final model: average A value: 0.20435288548469543
2025-08-01 23:38:17,836 - INFO - final model: variance of A values: 0.0014506966108456254
2025-08-01 23:38:17,836 - INFO - train loss is 2.726267211983213e-09
2025-08-01 23:38:17,836 - INFO - impulse response loss is 0.9046983122825623
2025-08-01 23:38:17,846 - INFO - Finished GD, time elapsed=2511.008661031723s
2025-08-01 23:38:17,846 - INFO - Finished seed=7
2025-08-01 23:38:17,846 - INFO - ----------------------------------------------------------------------------------------------------------------------------------------------
2025-08-01 23:38:17,846 - INFO - ----------------------------------------------------------------------------------------------------------------------------------------------
2025-08-01 23:38:17,847 - INFO - Finished student_dim=8 with G&C avg gen_loss = 0.0, GD avg gen_loss = 0.18187901796773076
2025-08-01 23:38:17,847 - INFO - ----------------------------------------------------------------------------------------------------------------------------------------------
2025-08-01 23:38:17,847 - INFO - Starting student_dim=9
2025-08-01 23:38:17,847 - INFO - Starting seed=0
2025-08-01 23:38:17,848 - INFO - A_teacher is 0.5138172507286072
2025-08-01 23:38:17,853 - INFO - Starting GD
2025-08-01 23:38:17,858 - INFO - initial model: max A_j index: 0
2025-08-01 23:38:17,858 - INFO - initial model: A values are [0.01540996041148901, -0.0029342889320105314, -0.021787893027067184, 0.005684312433004379, -0.010845223441720009, -0.013985954225063324, 0.004033468198031187, 0.008380263112485409, -0.007192575838416815]
2025-08-02 00:03:05,602 - INFO - final model: max A_j index: 0
2025-08-02 00:03:05,604 - INFO - final model: A values are [-0.03966950997710228, -0.07079654186964035, -0.10279332101345062, -0.05617551878094673, -0.0842217430472374, -0.08955205976963043, -0.05897769331932068, -0.051599886268377304, -0.07802263647317886]
2025-08-02 00:03:05,611 - INFO - final model: average A value: -0.07020098716020584
2025-08-02 00:03:05,615 - INFO - final model: variance of A values: 0.0004119608784094453
2025-08-02 00:03:05,615 - INFO - train loss is 3.218794397685798e-10
2025-08-02 00:03:05,615 - INFO - impulse response loss is 1.3592705726623535
2025-08-02 00:03:05,625 - INFO - Finished GD, time elapsed=1487.771831035614s
2025-08-02 00:03:05,625 - INFO - Finished seed=0
2025-08-02 00:03:05,626 - INFO - Starting seed=1
2025-08-02 00:03:05,626 - INFO - A_teacher is 0.4596656560897827
2025-08-02 00:03:05,628 - INFO - Starting GD
2025-08-02 00:03:05,629 - INFO - initial model: max A_j index: 0
2025-08-02 00:03:05,629 - INFO - initial model: A values are [0.006613521371036768, 0.0026692410465329885, 0.0006167725659906864, 0.006213173270225525, -0.0045190597884356976, -0.001661302288994193, -0.015227684751152992, 0.003816839074715972, -0.010276085697114468]
2025-08-02 00:28:01,580 - INFO - final model: max A_j index: 0
2025-08-02 00:28:01,582 - INFO - final model: A values are [-0.014737398363649845, -0.019235795363783836, -0.021588202565908432, -0.015196433290839195, -0.027475234121084213, -0.02419920451939106, -0.03973934054374695, -0.017920322716236115, -0.03406407684087753]
2025-08-02 00:28:01,582 - INFO - final model: average A value: -0.023795111104846
2025-08-02 00:28:01,582 - INFO - final model: variance of A values: 7.369088416453451e-05
2025-08-02 00:28:01,582 - INFO - train loss is 1.3096723705530167e-10
2025-08-02 00:28:01,582 - INFO - impulse response loss is 0.49630996584892273
2025-08-02 00:28:01,592 - INFO - Finished GD, time elapsed=1495.964427947998s
2025-08-02 00:28:01,592 - INFO - Finished seed=1
2025-08-02 00:28:01,592 - INFO - Starting seed=2
2025-08-02 00:28:01,593 - INFO - A_teacher is 0.44369471073150635
2025-08-02 00:28:01,594 - INFO - Starting GD
2025-08-02 00:28:01,596 - INFO - initial model: max A_j index: 4
2025-08-02 00:28:01,596 - INFO - initial model: A values are [0.0039229681715369225, -0.0022356400731951, -0.0031950026750564575, -0.012050370685756207, 0.010444634594023228, -0.006332276854664087, 0.0057310676202178, 0.0054094744846224785, -0.003919058479368687]
2025-08-02 00:53:17,751 - INFO - final model: max A_j index: 4
2025-08-02 00:53:17,753 - INFO - final model: A values are [0.14610062539577484, 0.11603567749261856, 0.11133591085672379, 0.06802042573690414, 0.177995964884758, 0.09598961472511292, 0.15494461357593536, 0.15337200462818146, 0.10779491066932678]
2025-08-02 00:53:17,753 - INFO - final model: average A value: 0.1257321983575821
2025-08-02 00:53:17,754 - INFO - final model: variance of A values: 0.001200248720124364
2025-08-02 00:53:17,754 - INFO - train loss is 4.9133181967420114e-09
2025-08-02 00:53:17,754 - INFO - impulse response loss is 0.475223183631897
2025-08-02 00:53:17,766 - INFO - Finished GD, time elapsed=1516.1720161437988s
2025-08-02 00:53:17,766 - INFO - Finished seed=2
2025-08-02 00:53:17,767 - INFO - Starting seed=3
2025-08-02 00:53:17,767 - INFO - A_teacher is 0.3957321047782898
2025-08-02 00:53:17,769 - INFO - Starting GD
2025-08-02 00:53:17,770 - INFO - initial model: max A_j index: 7
2025-08-02 00:53:17,770 - INFO - initial model: A values are [0.008032760582864285, 0.0017483338015154004, 0.0008897809311747551, -0.006137180142104626, 0.0004618245002347976, -0.0136825917288661, 0.0033749507274478674, 0.010111158713698387, -0.014351793564856052]
2025-08-02 01:18:19,053 - INFO - final model: max A_j index: 7
2025-08-02 01:18:19,055 - INFO - final model: A values are [0.07791651785373688, 0.07012566924095154, 0.06906121969223022, 0.06035415083169937, 0.06853071600198746, 0.05099820718169212, 0.07214225083589554, 0.08049319684505463, 0.05016857758164406]
2025-08-02 01:18:19,056 - INFO - final model: average A value: 0.06664338707923889
2025-08-02 01:18:19,056 - INFO - final model: variance of A values: 0.00011580224963836372
2025-08-02 01:18:19,056 - INFO - train loss is 9.094947017729282e-11
2025-08-02 01:18:19,056 - INFO - impulse response loss is 0.05502757430076599
2025-08-02 01:18:19,066 - INFO - Finished GD, time elapsed=1501.2973189353943s
2025-08-02 01:18:19,066 - INFO - Finished seed=3
2025-08-02 01:18:19,066 - INFO - Starting seed=4
2025-08-02 01:18:19,067 - INFO - A_teacher is 0.5977431535720825
2025-08-02 01:18:19,068 - INFO - Starting GD
2025-08-02 01:18:19,070 - INFO - initial model: max A_j index: 2
2025-08-02 01:18:19,070 - INFO - initial model: A values are [-0.016052763909101486, 0.002324857050552964, 0.022398700937628746, 0.00847293809056282, 0.012006442062556744, -0.0040155029855668545, -0.01426019612699747, 0.00903931725770235, 0.008557155728340149]
2025-08-02 01:43:23,700 - INFO - final model: max A_j index: 2
2025-08-02 01:43:23,701 - INFO - final model: A values are [0.05990384891629219, 0.079472616314888, 0.10085034370422363, 0.08602012693881989, 0.08978309482336044, 0.07272060215473175, 0.06181295961141586, 0.08662312477827072, 0.08610986173152924]
2025-08-02 01:43:23,702 - INFO - final model: average A value: 0.08036628365516663
2025-08-02 01:43:23,702 - INFO - final model: variance of A values: 0.00017932099581230432
2025-08-02 01:43:23,702 - INFO - train loss is 4.4565240386873484e-11
2025-08-02 01:43:23,702 - INFO - impulse response loss is 0.10440900176763535
2025-08-02 01:43:23,711 - INFO - Finished GD, time elapsed=1504.6431019306183s
2025-08-02 01:43:23,711 - INFO - Finished seed=4
2025-08-02 01:43:23,712 - INFO - Starting seed=5
2025-08-02 01:43:23,713 - INFO - A_teacher is 0.5688880681991577
2025-08-02 01:43:23,714 - INFO - Starting GD
2025-08-02 01:43:23,715 - INFO - initial model: max A_j index: 5
2025-08-02 01:43:23,715 - INFO - initial model: A values are [-0.004867807496339083, -0.006038215477019548, -0.005580962169915438, 0.006675242446362972, -0.0019741510041058064, 0.019427834078669548, -0.014017020352184772, -0.0076255714520812035, 0.006312134210020304]
2025-08-02 02:08:40,522 - INFO - final model: max A_j index: 5
2025-08-02 02:08:40,524 - INFO - final model: A values are [0.07375220954418182, 0.07248929142951965, 0.07298264652490616, 0.08620686084032059, 0.07687436789274216, 0.09996655583381653, 0.06388039886951447, 0.07077661901712418, 0.08581507205963135]
2025-08-02 02:08:40,524 - INFO - final model: average A value: 0.07808266580104828
2025-08-02 02:08:40,525 - INFO - final model: variance of A values: 0.00011716111475834623
2025-08-02 02:08:40,525 - INFO - train loss is 9.094947017729282e-11
2025-08-02 02:08:40,525 - INFO - impulse response loss is 0.08964723348617554
2025-08-02 02:08:40,535 - INFO - Finished GD, time elapsed=1516.821063041687s
2025-08-02 02:08:40,535 - INFO - Finished seed=5
2025-08-02 02:08:40,535 - INFO - Starting seed=6
2025-08-02 02:08:40,536 - INFO - A_teacher is 0.4100864827632904
2025-08-02 02:08:40,537 - INFO - Starting GD
2025-08-02 02:08:40,539 - INFO - initial model: max A_j index: 8
2025-08-02 02:08:40,539 - INFO - initial model: A values are [-0.018743986263871193, -0.009936632588505745, 0.0071846721693873405, -0.006984538398683071, -0.01471555233001709, 0.0017770021222531796, 0.014556738547980785, 0.006403131410479546, 0.019355304539203644]
2025-08-02 02:33:45,091 - INFO - final model: max A_j index: 8
2025-08-02 02:33:45,093 - INFO - final model: A values are [0.013714590109884739, 0.022069260478019714, 0.03831719607114792, 0.024871116504073143, 0.017533473670482635, 0.03318469226360321, 0.04531409963965416, 0.03757535293698311, 0.04986871778964996]
2025-08-02 02:33:45,093 - INFO - final model: average A value: 0.03138316795229912
2025-08-02 02:33:45,094 - INFO - final model: variance of A values: 0.00015732554311398417
2025-08-02 02:33:45,094 - INFO - train loss is 1.1141310096718371e-11
2025-08-02 02:33:45,094 - INFO - impulse response loss is 0.04127069562673569
2025-08-02 02:33:45,104 - INFO - Finished GD, time elapsed=1504.566351890564s
2025-08-02 02:33:45,104 - INFO - Finished seed=6
2025-08-02 02:33:45,104 - INFO - Starting seed=7
2025-08-02 02:33:45,105 - INFO - A_teacher is 0.38598453998565674
2025-08-02 02:33:45,106 - INFO - Starting GD
2025-08-02 02:33:45,107 - INFO - initial model: max A_j index: 4
2025-08-02 02:33:45,107 - INFO - initial model: A values are [-0.0014679508749395609, 0.00786141213029623, 0.009468216449022293, -0.011143439449369907, 0.01690790057182312, -0.008948278613388538, -0.003556250361725688, 0.01232385728508234, 0.0013817265862599015]
2025-08-02 02:58:55,994 - INFO - final model: max A_j index: 4
2025-08-02 02:58:55,996 - INFO - final model: A values are [0.0325918048620224, 0.041652631014585495, 0.04321330040693283, 0.0232045017182827, 0.05043895170092583, 0.025336498394608498, 0.03057362511754036, 0.045986954122781754, 0.035359110683202744]
2025-08-02 02:58:55,996 - INFO - final model: average A value: 0.03648415580391884
2025-08-02 02:58:55,996 - INFO - final model: variance of A values: 8.862550021149218e-05
2025-08-02 02:58:55,996 - INFO - train loss is 1.3096723705530167e-10
2025-08-02 02:58:55,996 - INFO - impulse response loss is 0.021897276863455772
2025-08-02 02:58:56,005 - INFO - Finished GD, time elapsed=1510.8995277881622s
2025-08-02 02:58:56,005 - INFO - Finished seed=7
2025-08-02 02:58:56,006 - INFO - ----------------------------------------------------------------------------------------------------------------------------------------------
2025-08-02 02:58:56,006 - INFO - ----------------------------------------------------------------------------------------------------------------------------------------------
2025-08-02 02:58:56,006 - INFO - Finished student_dim=9 with G&C avg gen_loss = 0.0, GD avg gen_loss = 0.3303819380234927
2025-08-02 02:58:56,006 - INFO - ----------------------------------------------------------------------------------------------------------------------------------------------
2025-08-02 02:58:56,006 - INFO - Starting student_dim=10
2025-08-02 02:58:56,006 - INFO - Starting seed=0
2025-08-02 02:58:56,007 - INFO - A_teacher is 0.33178016543388367
2025-08-02 02:58:56,013 - INFO - Starting GD
2025-08-02 02:58:56,019 - INFO - initial model: max A_j index: 0
2025-08-02 02:58:56,019 - INFO - initial model: A values are [0.01540996041148901, -0.0029342889320105314, -0.021787893027067184, 0.005684312433004379, -0.010845223441720009, -0.013985954225063324, 0.004033468198031187, 0.008380263112485409, -0.007192575838416815, -0.004033435136079788]
2025-08-02 03:24:01,918 - INFO - final model: max A_j index: 0
2025-08-02 03:24:01,920 - INFO - final model: A values are [0.07541646808385849, 0.05219529941678047, 0.02844679169356823, 0.06308940798044205, 0.04216647893190384, 0.03818544000387192, 0.061033811420202255, 0.06650490313768387, 0.046796586364507675, 0.05080161243677139]
2025-08-02 03:24:01,927 - INFO - final model: average A value: 0.05246368795633316
2025-08-02 03:24:01,932 - INFO - final model: variance of A values: 0.00020355574088171124
2025-08-02 03:24:01,932 - INFO - train loss is 9.459314442850086e-10
2025-08-02 03:24:01,932 - INFO - impulse response loss is 0.04370968043804169
2025-08-02 03:24:01,943 - INFO - Finished GD, time elapsed=1505.930354833603s
2025-08-02 03:24:01,943 - INFO - Finished seed=0
2025-08-02 03:24:01,943 - INFO - Starting seed=1
2025-08-02 03:24:01,944 - INFO - A_teacher is 0.4403364658355713
2025-08-02 03:24:01,949 - INFO - Starting GD
2025-08-02 03:24:01,951 - INFO - initial model: max A_j index: 0
2025-08-02 03:24:01,951 - INFO - initial model: A values are [0.006613521371036768, 0.0026692410465329885, 0.0006167725659906864, 0.006213173270225525, -0.0045190597884356976, -0.001661302288994193, -0.015227684751152992, 0.003816839074715972, -0.010276085697114468, -0.005630527622997761]
2025-08-02 03:49:09,968 - INFO - final model: max A_j index: 0
2025-08-02 03:49:09,970 - INFO - final model: A values are [0.04846936836838722, 0.04459556192159653, 0.04257964715361595, 0.0480763278901577, 0.0375354066491127, 0.04034225642681122, 0.02702455408871174, 0.04572271555662155, 0.03188114985823631, 0.036443885415792465]
2025-08-02 03:49:09,971 - INFO - final model: average A value: 0.040267087519168854
2025-08-02 03:49:09,971 - INFO - final model: variance of A values: 4.998693475499749e-05
2025-08-02 03:49:09,971 - INFO - train loss is 1.4551915228366852e-11
2025-08-02 03:49:09,971 - INFO - impulse response loss is 0.032829854637384415
2025-08-02 03:49:09,980 - INFO - Finished GD, time elapsed=1508.03129696846s
2025-08-02 03:49:09,980 - INFO - Finished seed=1
2025-08-02 03:49:09,980 - INFO - Starting seed=2
2025-08-02 03:49:09,981 - INFO - A_teacher is 0.4107709527015686
2025-08-02 03:49:09,982 - INFO - Starting GD
2025-08-02 03:49:09,983 - INFO - initial model: max A_j index: 4
2025-08-02 03:49:09,984 - INFO - initial model: A values are [0.0039229681715369225, -0.0022356400731951, -0.0031950026750564575, -0.012050370685756207, 0.010444634594023228, -0.006332276854664087, 0.0057310676202178, 0.0054094744846224785, -0.003919058479368687, -0.010426787659525871]
2025-08-02 04:14:21,056 - INFO - final model: max A_j index: 4
2025-08-02 04:14:21,058 - INFO - final model: A values are [0.050782475620508194, 0.04445262998342514, 0.043466098606586456, 0.034364793449640274, 0.05748630687594414, 0.04024174436926842, 0.05264078453183174, 0.05231007933616638, 0.04272197559475899, 0.036033306270837784]
2025-08-02 04:14:21,059 - INFO - final model: average A value: 0.04545002058148384
2025-08-02 04:14:21,059 - INFO - final model: variance of A values: 5.81256317673251e-05
2025-08-02 04:14:21,059 - INFO - train loss is 2.0954757928848267e-09
2025-08-02 04:14:21,059 - INFO - impulse response loss is 0.023684019222855568
2025-08-02 04:14:21,069 - INFO - Finished GD, time elapsed=1511.0866842269897s
2025-08-02 04:14:21,069 - INFO - Finished seed=2
2025-08-02 04:14:21,069 - INFO - Starting seed=3
2025-08-02 04:14:21,070 - INFO - A_teacher is 0.6318617463111877
2025-08-02 04:14:21,071 - INFO - Starting GD
2025-08-02 04:14:21,073 - INFO - initial model: max A_j index: 7
2025-08-02 04:14:21,073 - INFO - initial model: A values are [0.008032760582864285, 0.0017483338015154004, 0.0008897809311747551, -0.006137180142104626, 0.0004618245002347976, -0.0136825917288661, 0.0033749507274478674, 0.010111158713698387, -0.014351793564856052, 0.009774317964911461]
