2025-08-03 22:00:21,304 - INFO - Using device mps.
2025-08-03 22:00:21,305 - INFO - Args: Namespace(num_seeds=8, num_measurements=1, input_e1=False, sequence_length=3, teacher_ranks=[1], student_dims=[5, 6, 7, 8, 9, 10, 11, 12, 13, 14, 15, 16, 17, 18, 19, 20, 21, 22, 23, 24, 25, 26, 27, 28, 29, 30, 31, 32, 33, 34], calc_loss_only_on_last_output=True, eps_train=1e-12, gnc=True, gnc_num_samples=100000000, gnc_batch_size=10000000, gd=False, gd_lr=0.01, gd_epochs=100000, gd_init_scale=0.01, gd_optimizer='adam', config=None, results_dir=PosixPath('results'), figures_dir=PosixPath('figures'), log_dir=PosixPath('logs'))
2025-08-03 22:00:21,313 - INFO - Starting teacher_rank=1
2025-08-03 22:00:21,314 - INFO - Starting student_dim=5
2025-08-03 22:00:21,314 - INFO - Starting seed=0
2025-08-03 22:00:21,319 - INFO - A_teacher is 0.34762609004974365
2025-08-03 22:00:21,344 - INFO - Starting G&C
2025-08-03 22:00:24,688 - INFO - Finished G&C, time elapsed=3.3439738750457764s
2025-08-03 22:00:24,688 - INFO - Finished seed=0
2025-08-03 22:00:24,688 - INFO - Starting seed=1
2025-08-03 22:00:24,689 - INFO - A_teacher is 0.6540995836257935
2025-08-03 22:00:24,690 - INFO - Starting G&C
2025-08-03 22:00:27,927 - INFO - Finished G&C, time elapsed=3.2372751235961914s
2025-08-03 22:00:27,927 - INFO - Finished seed=1
2025-08-03 22:00:27,927 - INFO - Starting seed=2
2025-08-03 22:00:27,929 - INFO - A_teacher is 0.5661352276802063
2025-08-03 22:00:27,930 - INFO - Starting G&C
2025-08-03 22:00:31,102 - INFO - Finished G&C, time elapsed=3.171861171722412s
2025-08-03 22:00:31,102 - INFO - Finished seed=2
2025-08-03 22:00:31,102 - INFO - Starting seed=3
2025-08-03 22:00:31,103 - INFO - A_teacher is 0.539229691028595
2025-08-03 22:00:31,104 - INFO - Starting G&C
2025-08-03 22:00:34,297 - INFO - Finished G&C, time elapsed=3.193495035171509s
2025-08-03 22:00:34,297 - INFO - Finished seed=3
2025-08-03 22:00:34,297 - INFO - Starting seed=4
2025-08-03 22:00:34,298 - INFO - A_teacher is 0.5803276300430298
2025-08-03 22:00:34,299 - INFO - Starting G&C
2025-08-03 22:00:37,492 - INFO - Finished G&C, time elapsed=3.1932570934295654s
2025-08-03 22:00:37,492 - INFO - Finished seed=4
2025-08-03 22:00:37,493 - INFO - Starting seed=5
2025-08-03 22:00:37,494 - INFO - A_teacher is 0.33947238326072693
2025-08-03 22:00:37,494 - INFO - Starting G&C
2025-08-03 22:00:40,683 - INFO - Finished G&C, time elapsed=3.1880719661712646s
2025-08-03 22:00:40,683 - INFO - Finished seed=5
2025-08-03 22:00:40,683 - INFO - Starting seed=6
2025-08-03 22:00:40,684 - INFO - A_teacher is 0.45132192969322205
2025-08-03 22:00:40,685 - INFO - Starting G&C
2025-08-03 22:00:43,865 - INFO - Finished G&C, time elapsed=3.180483102798462s
2025-08-03 22:00:43,865 - INFO - Finished seed=6
2025-08-03 22:00:43,866 - INFO - Starting seed=7
2025-08-03 22:00:43,866 - INFO - A_teacher is 0.31256014108657837
2025-08-03 22:00:43,867 - INFO - Starting G&C
2025-08-03 22:00:47,068 - INFO - Finished G&C, time elapsed=3.2003281116485596s
2025-08-03 22:00:47,068 - INFO - Finished seed=7
2025-08-03 22:00:47,068 - INFO - ----------------------------------------------------------------------------------------------------------------------------------------------
2025-08-03 22:00:47,068 - INFO - ----------------------------------------------------------------------------------------------------------------------------------------------
2025-08-03 22:00:47,068 - INFO - Finished student_dim=5
2025-08-03 22:00:47,068 - INFO - G&C avg gen_loss = 1.0707278779187586
2025-08-03 22:00:47,068 - INFO - ----------------------------------------------------------------------------------------------------------------------------------------------
2025-08-03 22:00:47,068 - INFO - Starting student_dim=6
2025-08-03 22:00:47,068 - INFO - Starting seed=0
2025-08-03 22:00:47,070 - INFO - A_teacher is 0.48532047867774963
2025-08-03 22:00:47,074 - INFO - Starting G&C
2025-08-03 22:00:50,473 - INFO - Finished G&C, time elapsed=3.399038076400757s
2025-08-03 22:00:50,473 - INFO - Finished seed=0
2025-08-03 22:00:50,473 - INFO - Starting seed=1
2025-08-03 22:00:50,474 - INFO - A_teacher is 0.6540995836257935
2025-08-03 22:00:50,475 - INFO - Starting G&C
2025-08-03 22:00:53,801 - INFO - Finished G&C, time elapsed=3.3259100914001465s
2025-08-03 22:00:53,801 - INFO - Finished seed=1
2025-08-03 22:00:53,801 - INFO - Starting seed=2
2025-08-03 22:00:53,802 - INFO - A_teacher is 0.5661352276802063
2025-08-03 22:00:53,803 - INFO - Starting G&C
2025-08-03 22:00:57,137 - INFO - Finished G&C, time elapsed=3.3334131240844727s
2025-08-03 22:00:57,137 - INFO - Finished seed=2
2025-08-03 22:00:57,137 - INFO - Starting seed=3
2025-08-03 22:00:57,138 - INFO - A_teacher is 0.539229691028595
2025-08-03 22:00:57,139 - INFO - Starting G&C
2025-08-03 22:01:00,448 - INFO - Finished G&C, time elapsed=3.3093228340148926s
2025-08-03 22:01:00,448 - INFO - Finished seed=3
2025-08-03 22:01:00,449 - INFO - Starting seed=4
2025-08-03 22:01:00,450 - INFO - A_teacher is 0.5803276300430298
2025-08-03 22:01:00,451 - INFO - Starting G&C
2025-08-03 22:01:03,739 - INFO - Finished G&C, time elapsed=3.2881240844726562s
2025-08-03 22:01:03,739 - INFO - Finished seed=4
2025-08-03 22:01:03,739 - INFO - Starting seed=5
2025-08-03 22:01:03,740 - INFO - A_teacher is 0.33947238326072693
2025-08-03 22:01:03,741 - INFO - Starting G&C
2025-08-03 22:01:07,060 - INFO - Finished G&C, time elapsed=3.3186380863189697s
2025-08-03 22:01:07,060 - INFO - Finished seed=5
2025-08-03 22:01:07,060 - INFO - Starting seed=6
2025-08-03 22:01:07,061 - INFO - A_teacher is 0.45132192969322205
2025-08-03 22:01:07,062 - INFO - Starting G&C
2025-08-03 22:01:10,360 - INFO - Finished G&C, time elapsed=3.298588991165161s
2025-08-03 22:01:10,360 - INFO - Finished seed=6
2025-08-03 22:01:10,360 - INFO - Starting seed=7
2025-08-03 22:01:10,362 - INFO - A_teacher is 0.31256014108657837
2025-08-03 22:01:10,362 - INFO - Starting G&C
2025-08-03 22:01:13,677 - INFO - Finished G&C, time elapsed=3.31427001953125s
2025-08-03 22:01:13,677 - INFO - Finished seed=7
2025-08-03 22:01:13,677 - INFO - ----------------------------------------------------------------------------------------------------------------------------------------------
2025-08-03 22:01:13,677 - INFO - ----------------------------------------------------------------------------------------------------------------------------------------------
2025-08-03 22:01:13,677 - INFO - Finished student_dim=6
2025-08-03 22:01:13,677 - INFO - G&C avg gen_loss = 1.219150025585334
2025-08-03 22:01:13,677 - INFO - ----------------------------------------------------------------------------------------------------------------------------------------------
2025-08-03 22:01:13,677 - INFO - Starting student_dim=7
2025-08-03 22:01:13,677 - INFO - Starting seed=0
2025-08-03 22:01:13,679 - INFO - A_teacher is 0.48532047867774963
2025-08-03 22:01:13,682 - INFO - Starting G&C
2025-08-03 22:01:17,298 - INFO - Finished G&C, time elapsed=3.616273880004883s
2025-08-03 22:01:17,298 - INFO - Finished seed=0
2025-08-03 22:01:17,298 - INFO - Starting seed=1
2025-08-03 22:01:17,299 - INFO - A_teacher is 0.6540995836257935
2025-08-03 22:01:17,301 - INFO - Starting G&C
2025-08-03 22:01:20,846 - INFO - Finished G&C, time elapsed=3.5448780059814453s
2025-08-03 22:01:20,846 - INFO - Finished seed=1
2025-08-03 22:01:20,846 - INFO - Starting seed=2
2025-08-03 22:01:20,847 - INFO - A_teacher is 0.5661352276802063
2025-08-03 22:01:20,848 - INFO - Starting G&C
2025-08-03 22:01:24,356 - INFO - Finished G&C, time elapsed=3.5081441402435303s
2025-08-03 22:01:24,356 - INFO - Finished seed=2
2025-08-03 22:01:24,357 - INFO - Starting seed=3
2025-08-03 22:01:24,357 - INFO - A_teacher is 0.539229691028595
2025-08-03 22:01:24,358 - INFO - Starting G&C
2025-08-03 22:01:27,753 - INFO - Finished G&C, time elapsed=3.394679069519043s
2025-08-03 22:01:27,753 - INFO - Finished seed=3
2025-08-03 22:01:27,753 - INFO - Starting seed=4
2025-08-03 22:01:27,754 - INFO - A_teacher is 0.5803276300430298
2025-08-03 22:01:27,755 - INFO - Starting G&C
2025-08-03 22:01:31,213 - INFO - Finished G&C, time elapsed=3.4576520919799805s
2025-08-03 22:01:31,213 - INFO - Finished seed=4
2025-08-03 22:01:31,213 - INFO - Starting seed=5
2025-08-03 22:01:31,213 - INFO - A_teacher is 0.33947238326072693
2025-08-03 22:01:31,215 - INFO - Starting G&C
2025-08-03 22:01:34,633 - INFO - Finished G&C, time elapsed=3.418529987335205s
2025-08-03 22:01:34,633 - INFO - Finished seed=5
2025-08-03 22:01:34,633 - INFO - Starting seed=6
2025-08-03 22:01:34,634 - INFO - A_teacher is 0.45132192969322205
2025-08-03 22:01:34,635 - INFO - Starting G&C
2025-08-03 22:01:38,037 - INFO - Finished G&C, time elapsed=3.4020040035247803s
2025-08-03 22:01:38,038 - INFO - Finished seed=6
2025-08-03 22:01:38,038 - INFO - Starting seed=7
2025-08-03 22:01:38,039 - INFO - A_teacher is 0.31256014108657837
2025-08-03 22:01:38,040 - INFO - Starting G&C
2025-08-03 22:01:41,443 - INFO - Finished G&C, time elapsed=3.4036240577697754s
2025-08-03 22:01:41,443 - INFO - Finished seed=7
2025-08-03 22:01:41,444 - INFO - ----------------------------------------------------------------------------------------------------------------------------------------------
2025-08-03 22:01:41,444 - INFO - ----------------------------------------------------------------------------------------------------------------------------------------------
2025-08-03 22:01:41,444 - INFO - Finished student_dim=7
2025-08-03 22:01:41,444 - INFO - G&C avg gen_loss = 1.0878832347794023
2025-08-03 22:01:41,444 - INFO - ----------------------------------------------------------------------------------------------------------------------------------------------
2025-08-03 22:01:41,444 - INFO - Starting student_dim=8
2025-08-03 22:01:41,444 - INFO - Starting seed=0
2025-08-03 22:01:41,445 - INFO - A_teacher is 0.48532047867774963
2025-08-03 22:01:41,448 - INFO - Starting G&C
2025-08-03 22:01:45,157 - INFO - Finished G&C, time elapsed=3.708690881729126s
2025-08-03 22:01:45,157 - INFO - Finished seed=0
2025-08-03 22:01:45,157 - INFO - Starting seed=1
2025-08-03 22:01:45,158 - INFO - A_teacher is 0.6540995836257935
2025-08-03 22:01:45,159 - INFO - Starting G&C
2025-08-03 22:01:48,729 - INFO - Finished G&C, time elapsed=3.5698800086975098s
2025-08-03 22:01:48,729 - INFO - Finished seed=1
2025-08-03 22:01:48,729 - INFO - Starting seed=2
2025-08-03 22:01:48,730 - INFO - A_teacher is 0.5661352276802063
2025-08-03 22:01:48,731 - INFO - Starting G&C
2025-08-03 22:01:52,331 - INFO - Finished G&C, time elapsed=3.5999629497528076s
2025-08-03 22:01:52,331 - INFO - Finished seed=2
2025-08-03 22:01:52,331 - INFO - Starting seed=3
2025-08-03 22:01:52,332 - INFO - A_teacher is 0.539229691028595
2025-08-03 22:01:52,333 - INFO - Starting G&C
2025-08-03 22:01:55,887 - INFO - Finished G&C, time elapsed=3.5539610385894775s
2025-08-03 22:01:55,887 - INFO - Finished seed=3
2025-08-03 22:01:55,887 - INFO - Starting seed=4
2025-08-03 22:01:55,888 - INFO - A_teacher is 0.5803276300430298
2025-08-03 22:01:55,889 - INFO - Starting G&C
2025-08-03 22:01:59,414 - INFO - Finished G&C, time elapsed=3.524340867996216s
2025-08-03 22:01:59,414 - INFO - Finished seed=4
2025-08-03 22:01:59,414 - INFO - Starting seed=5
2025-08-03 22:01:59,415 - INFO - A_teacher is 0.33947238326072693
2025-08-03 22:01:59,416 - INFO - Starting G&C
2025-08-03 22:02:02,959 - INFO - Finished G&C, time elapsed=3.543389081954956s
2025-08-03 22:02:02,960 - INFO - Finished seed=5
2025-08-03 22:02:02,960 - INFO - Starting seed=6
2025-08-03 22:02:02,961 - INFO - A_teacher is 0.45132192969322205
2025-08-03 22:02:02,962 - INFO - Starting G&C
2025-08-03 22:02:06,476 - INFO - Finished G&C, time elapsed=3.5137970447540283s
2025-08-03 22:02:06,476 - INFO - Finished seed=6
2025-08-03 22:02:06,476 - INFO - Starting seed=7
2025-08-03 22:02:06,477 - INFO - A_teacher is 0.31256014108657837
2025-08-03 22:02:06,478 - INFO - Starting G&C
2025-08-03 22:02:09,991 - INFO - Finished G&C, time elapsed=3.512809991836548s
2025-08-03 22:02:09,991 - INFO - Finished seed=7
2025-08-03 22:02:09,991 - INFO - ----------------------------------------------------------------------------------------------------------------------------------------------
2025-08-03 22:02:09,991 - INFO - ----------------------------------------------------------------------------------------------------------------------------------------------
2025-08-03 22:02:09,991 - INFO - Finished student_dim=8
2025-08-03 22:02:09,991 - INFO - G&C avg gen_loss = 1.2105708161219333
2025-08-03 22:02:09,991 - INFO - ----------------------------------------------------------------------------------------------------------------------------------------------
2025-08-03 22:02:09,991 - INFO - Starting student_dim=9
2025-08-03 22:02:09,991 - INFO - Starting seed=0
2025-08-03 22:02:09,992 - INFO - A_teacher is 0.48532047867774963
2025-08-03 22:02:09,995 - INFO - Starting G&C
2025-08-03 22:02:13,993 - INFO - Finished G&C, time elapsed=3.9974961280822754s
2025-08-03 22:02:13,993 - INFO - Finished seed=0
2025-08-03 22:02:13,993 - INFO - Starting seed=1
2025-08-03 22:02:13,994 - INFO - A_teacher is 0.6540995836257935
2025-08-03 22:02:13,995 - INFO - Starting G&C
2025-08-03 22:02:17,556 - INFO - Finished G&C, time elapsed=3.561368942260742s
2025-08-03 22:02:17,556 - INFO - Finished seed=1
2025-08-03 22:02:17,557 - INFO - Starting seed=2
2025-08-03 22:02:17,558 - INFO - A_teacher is 0.5661352276802063
2025-08-03 22:02:17,558 - INFO - Starting G&C
2025-08-03 22:02:21,103 - INFO - Finished G&C, time elapsed=3.5443310737609863s
2025-08-03 22:02:21,103 - INFO - Finished seed=2
2025-08-03 22:02:21,103 - INFO - Starting seed=3
2025-08-03 22:02:21,104 - INFO - A_teacher is 0.539229691028595
2025-08-03 22:02:21,105 - INFO - Starting G&C
2025-08-03 22:02:24,611 - INFO - Finished G&C, time elapsed=3.5062026977539062s
2025-08-03 22:02:24,611 - INFO - Finished seed=3
2025-08-03 22:02:24,611 - INFO - Starting seed=4
2025-08-03 22:02:24,612 - INFO - A_teacher is 0.5803276300430298
2025-08-03 22:02:24,613 - INFO - Starting G&C
2025-08-03 22:02:28,111 - INFO - Finished G&C, time elapsed=3.497224807739258s
2025-08-03 22:02:28,111 - INFO - Finished seed=4
2025-08-03 22:02:28,111 - INFO - Starting seed=5
2025-08-03 22:02:28,112 - INFO - A_teacher is 0.33947238326072693
2025-08-03 22:02:28,113 - INFO - Starting G&C
2025-08-03 22:02:31,644 - INFO - Finished G&C, time elapsed=3.531367063522339s
2025-08-03 22:02:31,644 - INFO - Finished seed=5
2025-08-03 22:02:31,644 - INFO - Starting seed=6
2025-08-03 22:02:31,645 - INFO - A_teacher is 0.45132192969322205
2025-08-03 22:02:31,646 - INFO - Starting G&C
2025-08-03 22:02:35,176 - INFO - Finished G&C, time elapsed=3.529468297958374s
2025-08-03 22:02:35,176 - INFO - Finished seed=6
2025-08-03 22:02:35,176 - INFO - Starting seed=7
2025-08-03 22:02:35,177 - INFO - A_teacher is 0.31256014108657837
2025-08-03 22:02:35,178 - INFO - Starting G&C
2025-08-03 22:02:38,686 - INFO - Finished G&C, time elapsed=3.5078680515289307s
2025-08-03 22:02:38,686 - INFO - Finished seed=7
2025-08-03 22:02:38,686 - INFO - ----------------------------------------------------------------------------------------------------------------------------------------------
2025-08-03 22:02:38,686 - INFO - ----------------------------------------------------------------------------------------------------------------------------------------------
2025-08-03 22:02:38,686 - INFO - Finished student_dim=9
2025-08-03 22:02:38,686 - INFO - G&C avg gen_loss = 1.1712237632447886
2025-08-03 22:02:38,686 - INFO - ----------------------------------------------------------------------------------------------------------------------------------------------
2025-08-03 22:02:38,687 - INFO - Starting student_dim=10
2025-08-03 22:02:38,687 - INFO - Starting seed=0
2025-08-03 22:02:38,688 - INFO - A_teacher is 0.48532047867774963
2025-08-03 22:02:38,692 - INFO - Starting G&C
2025-08-03 22:02:42,750 - INFO - Finished G&C, time elapsed=4.05855393409729s
2025-08-03 22:02:42,751 - INFO - Finished seed=0
2025-08-03 22:02:42,751 - INFO - Starting seed=1
2025-08-03 22:02:42,752 - INFO - A_teacher is 0.6540995836257935
2025-08-03 22:02:42,753 - INFO - Starting G&C
2025-08-03 22:02:46,455 - INFO - Finished G&C, time elapsed=3.7017040252685547s
2025-08-03 22:02:46,455 - INFO - Finished seed=1
2025-08-03 22:02:46,455 - INFO - Starting seed=2
2025-08-03 22:02:46,462 - INFO - A_teacher is 0.5661352276802063
2025-08-03 22:02:46,463 - INFO - Starting G&C
2025-08-03 22:02:50,099 - INFO - Finished G&C, time elapsed=3.635061025619507s
2025-08-03 22:02:50,099 - INFO - Finished seed=2
2025-08-03 22:02:50,099 - INFO - Starting seed=3
2025-08-03 22:02:50,100 - INFO - A_teacher is 0.539229691028595
2025-08-03 22:02:50,101 - INFO - Starting G&C
2025-08-03 22:02:53,700 - INFO - Finished G&C, time elapsed=3.599625825881958s
2025-08-03 22:02:53,701 - INFO - Finished seed=3
2025-08-03 22:02:53,701 - INFO - Starting seed=4
2025-08-03 22:02:53,702 - INFO - A_teacher is 0.5803276300430298
2025-08-03 22:02:53,703 - INFO - Starting G&C
2025-08-03 22:02:57,411 - INFO - Finished G&C, time elapsed=3.708712100982666s
2025-08-03 22:02:57,412 - INFO - Finished seed=4
2025-08-03 22:02:57,412 - INFO - Starting seed=5
2025-08-03 22:02:57,413 - INFO - A_teacher is 0.33947238326072693
2025-08-03 22:02:57,414 - INFO - Starting G&C
2025-08-03 22:03:01,063 - INFO - Finished G&C, time elapsed=3.648956775665283s
2025-08-03 22:03:01,063 - INFO - Finished seed=5
2025-08-03 22:03:01,064 - INFO - Starting seed=6
2025-08-03 22:03:01,080 - INFO - A_teacher is 0.45132192969322205
2025-08-03 22:03:01,081 - INFO - Starting G&C
2025-08-03 22:03:04,726 - INFO - Finished G&C, time elapsed=3.644425868988037s
2025-08-03 22:03:04,726 - INFO - Finished seed=6
2025-08-03 22:03:04,726 - INFO - Starting seed=7
2025-08-03 22:03:04,727 - INFO - A_teacher is 0.31256014108657837
2025-08-03 22:03:04,728 - INFO - Starting G&C
2025-08-03 22:03:08,362 - INFO - Finished G&C, time elapsed=3.6336982250213623s
2025-08-03 22:03:08,362 - INFO - Finished seed=7
2025-08-03 22:03:08,362 - INFO - ----------------------------------------------------------------------------------------------------------------------------------------------
2025-08-03 22:03:08,362 - INFO - ----------------------------------------------------------------------------------------------------------------------------------------------
2025-08-03 22:03:08,362 - INFO - Finished student_dim=10
2025-08-03 22:03:08,362 - INFO - G&C avg gen_loss = 1.2238626158459849
2025-08-03 22:03:08,362 - INFO - ----------------------------------------------------------------------------------------------------------------------------------------------
2025-08-03 22:03:08,363 - INFO - Starting student_dim=11
2025-08-03 22:03:08,363 - INFO - Starting seed=0
2025-08-03 22:03:08,364 - INFO - A_teacher is 0.48532047867774963
2025-08-03 22:03:08,367 - INFO - Starting G&C
2025-08-03 22:03:13,512 - INFO - Finished G&C, time elapsed=5.144623756408691s
2025-08-03 22:03:13,512 - INFO - Finished seed=0
2025-08-03 22:03:13,512 - INFO - Starting seed=1
2025-08-03 22:03:13,515 - INFO - A_teacher is 0.6540995836257935
2025-08-03 22:03:13,518 - INFO - Starting G&C
2025-08-03 22:03:18,226 - INFO - Finished G&C, time elapsed=4.708367824554443s
2025-08-03 22:03:18,227 - INFO - Finished seed=1
2025-08-03 22:03:18,228 - INFO - Starting seed=2
2025-08-03 22:03:18,229 - INFO - A_teacher is 0.5661352276802063
2025-08-03 22:03:18,231 - INFO - Starting G&C
2025-08-03 22:03:22,967 - INFO - Finished G&C, time elapsed=4.73545503616333s
2025-08-03 22:03:22,967 - INFO - Finished seed=2
2025-08-03 22:03:22,968 - INFO - Starting seed=3
2025-08-03 22:03:22,969 - INFO - A_teacher is 0.539229691028595
2025-08-03 22:03:22,972 - INFO - Starting G&C
2025-08-03 22:03:27,772 - INFO - Finished G&C, time elapsed=4.799501180648804s
2025-08-03 22:03:27,772 - INFO - Finished seed=3
2025-08-03 22:03:27,772 - INFO - Starting seed=4
2025-08-03 22:03:27,774 - INFO - A_teacher is 0.5803276300430298
2025-08-03 22:03:27,776 - INFO - Starting G&C
2025-08-03 22:03:32,501 - INFO - Finished G&C, time elapsed=4.724851846694946s
2025-08-03 22:03:32,502 - INFO - Finished seed=4
2025-08-03 22:03:32,502 - INFO - Starting seed=5
2025-08-03 22:03:32,503 - INFO - A_teacher is 0.33947238326072693
2025-08-03 22:03:32,506 - INFO - Starting G&C
2025-08-03 22:03:36,910 - INFO - Finished G&C, time elapsed=4.403787851333618s
2025-08-03 22:03:36,910 - INFO - Finished seed=5
2025-08-03 22:03:36,911 - INFO - Starting seed=6
2025-08-03 22:03:36,912 - INFO - A_teacher is 0.45132192969322205
2025-08-03 22:03:36,914 - INFO - Starting G&C
2025-08-03 22:03:41,314 - INFO - Finished G&C, time elapsed=4.399872064590454s
2025-08-03 22:03:41,314 - INFO - Finished seed=6
2025-08-03 22:03:41,315 - INFO - Starting seed=7
2025-08-03 22:03:41,315 - INFO - A_teacher is 0.31256014108657837
2025-08-03 22:03:41,317 - INFO - Starting G&C
2025-08-03 22:03:45,975 - INFO - Finished G&C, time elapsed=4.65736985206604s
2025-08-03 22:03:45,975 - INFO - Finished seed=7
2025-08-03 22:03:45,976 - INFO - ----------------------------------------------------------------------------------------------------------------------------------------------
2025-08-03 22:03:45,976 - INFO - ----------------------------------------------------------------------------------------------------------------------------------------------
2025-08-03 22:03:45,976 - INFO - Finished student_dim=11
2025-08-03 22:03:45,976 - INFO - G&C avg gen_loss = 1.2609967100053256
2025-08-03 22:03:45,976 - INFO - ----------------------------------------------------------------------------------------------------------------------------------------------
2025-08-03 22:03:45,976 - INFO - Starting student_dim=12
2025-08-03 22:03:45,976 - INFO - Starting seed=0
2025-08-03 22:03:45,978 - INFO - A_teacher is 0.48532047867774963
2025-08-03 22:03:45,985 - INFO - Starting G&C
2025-08-03 22:03:51,302 - INFO - Finished G&C, time elapsed=5.317108869552612s
2025-08-03 22:03:51,303 - INFO - Finished seed=0
2025-08-03 22:03:51,303 - INFO - Starting seed=1
2025-08-03 22:03:51,304 - INFO - A_teacher is 0.6540995836257935
2025-08-03 22:03:51,307 - INFO - Starting G&C
2025-08-03 22:03:55,754 - INFO - Finished G&C, time elapsed=4.44725489616394s
2025-08-03 22:03:55,754 - INFO - Finished seed=1
2025-08-03 22:03:55,755 - INFO - Starting seed=2
2025-08-03 22:03:55,756 - INFO - A_teacher is 0.5661352276802063
2025-08-03 22:03:55,757 - INFO - Starting G&C
2025-08-03 22:04:00,108 - INFO - Finished G&C, time elapsed=4.350707769393921s
2025-08-03 22:04:00,108 - INFO - Finished seed=2
2025-08-03 22:04:00,108 - INFO - Starting seed=3
2025-08-03 22:04:00,109 - INFO - A_teacher is 0.539229691028595
2025-08-03 22:04:00,110 - INFO - Starting G&C
2025-08-03 22:04:04,438 - INFO - Finished G&C, time elapsed=4.327831983566284s
2025-08-03 22:04:04,438 - INFO - Finished seed=3
2025-08-03 22:04:04,438 - INFO - Starting seed=4
2025-08-03 22:04:04,439 - INFO - A_teacher is 0.5803276300430298
2025-08-03 22:04:04,441 - INFO - Starting G&C
2025-08-03 22:04:08,798 - INFO - Finished G&C, time elapsed=4.357038974761963s
2025-08-03 22:04:08,798 - INFO - Finished seed=4
2025-08-03 22:04:08,798 - INFO - Starting seed=5
2025-08-03 22:04:08,799 - INFO - A_teacher is 0.33947238326072693
2025-08-03 22:04:08,801 - INFO - Starting G&C
2025-08-03 22:04:13,146 - INFO - Finished G&C, time elapsed=4.345459938049316s
2025-08-03 22:04:13,146 - INFO - Finished seed=5
2025-08-03 22:04:13,146 - INFO - Starting seed=6
2025-08-03 22:04:13,148 - INFO - A_teacher is 0.45132192969322205
2025-08-03 22:04:13,149 - INFO - Starting G&C
2025-08-03 22:04:17,551 - INFO - Finished G&C, time elapsed=4.402212858200073s
2025-08-03 22:04:17,552 - INFO - Finished seed=6
2025-08-03 22:04:17,552 - INFO - Starting seed=7
2025-08-03 22:04:17,553 - INFO - A_teacher is 0.31256014108657837
2025-08-03 22:04:17,554 - INFO - Starting G&C
2025-08-03 22:04:22,008 - INFO - Finished G&C, time elapsed=4.453381061553955s
2025-08-03 22:04:22,008 - INFO - Finished seed=7
2025-08-03 22:04:22,009 - INFO - ----------------------------------------------------------------------------------------------------------------------------------------------
2025-08-03 22:04:22,009 - INFO - ----------------------------------------------------------------------------------------------------------------------------------------------
2025-08-03 22:04:22,009 - INFO - Finished student_dim=12
2025-08-03 22:04:22,009 - INFO - G&C avg gen_loss = 1.1951194224787307
2025-08-03 22:04:22,009 - INFO - ----------------------------------------------------------------------------------------------------------------------------------------------
2025-08-03 22:04:22,009 - INFO - Starting student_dim=13
2025-08-03 22:04:22,010 - INFO - Starting seed=0
2025-08-03 22:04:22,011 - INFO - A_teacher is 0.48532047867774963
2025-08-03 22:04:22,015 - INFO - Starting G&C
2025-08-03 22:04:27,982 - INFO - Finished G&C, time elapsed=5.966745138168335s
2025-08-03 22:04:27,982 - INFO - Finished seed=0
2025-08-03 22:04:27,983 - INFO - Starting seed=1
2025-08-03 22:04:27,984 - INFO - A_teacher is 0.6540995836257935
2025-08-03 22:04:27,986 - INFO - Starting G&C
2025-08-03 22:04:32,751 - INFO - Finished G&C, time elapsed=4.764163970947266s
2025-08-03 22:04:32,751 - INFO - Finished seed=1
2025-08-03 22:04:32,751 - INFO - Starting seed=2
2025-08-03 22:04:32,752 - INFO - A_teacher is 0.5661352276802063
2025-08-03 22:04:32,754 - INFO - Starting G&C
2025-08-03 22:04:37,652 - INFO - Finished G&C, time elapsed=4.897771120071411s
2025-08-03 22:04:37,653 - INFO - Finished seed=2
2025-08-03 22:04:37,653 - INFO - Starting seed=3
2025-08-03 22:04:37,655 - INFO - A_teacher is 0.539229691028595
2025-08-03 22:04:37,657 - INFO - Starting G&C
2025-08-03 22:04:42,531 - INFO - Finished G&C, time elapsed=4.873976945877075s
2025-08-03 22:04:42,531 - INFO - Finished seed=3
2025-08-03 22:04:42,532 - INFO - Starting seed=4
2025-08-03 22:04:42,533 - INFO - A_teacher is 0.5803276300430298
2025-08-03 22:04:42,535 - INFO - Starting G&C
2025-08-03 22:04:47,702 - INFO - Finished G&C, time elapsed=5.166459321975708s
2025-08-03 22:04:47,702 - INFO - Finished seed=4
2025-08-03 22:04:47,703 - INFO - Starting seed=5
2025-08-03 22:04:47,704 - INFO - A_teacher is 0.33947238326072693
2025-08-03 22:04:47,706 - INFO - Starting G&C
2025-08-03 22:04:52,839 - INFO - Finished G&C, time elapsed=5.132905006408691s
2025-08-03 22:04:52,840 - INFO - Finished seed=5
2025-08-03 22:04:52,840 - INFO - Starting seed=6
2025-08-03 22:04:52,841 - INFO - A_teacher is 0.45132192969322205
2025-08-03 22:04:52,842 - INFO - Starting G&C
2025-08-03 22:04:57,997 - INFO - Finished G&C, time elapsed=5.154472351074219s
2025-08-03 22:04:57,998 - INFO - Finished seed=6
2025-08-03 22:04:57,998 - INFO - Starting seed=7
2025-08-03 22:04:57,999 - INFO - A_teacher is 0.31256014108657837
2025-08-03 22:04:58,001 - INFO - Starting G&C
2025-08-03 22:05:03,101 - INFO - Finished G&C, time elapsed=5.099416732788086s
2025-08-03 22:05:03,101 - INFO - Finished seed=7
2025-08-03 22:05:03,101 - INFO - ----------------------------------------------------------------------------------------------------------------------------------------------
2025-08-03 22:05:03,101 - INFO - ----------------------------------------------------------------------------------------------------------------------------------------------
2025-08-03 22:05:03,101 - INFO - Finished student_dim=13
2025-08-03 22:05:03,102 - INFO - G&C avg gen_loss = 1.304159591173954
2025-08-03 22:05:03,102 - INFO - ----------------------------------------------------------------------------------------------------------------------------------------------
2025-08-03 22:05:03,102 - INFO - Starting student_dim=14
2025-08-03 22:05:03,102 - INFO - Starting seed=0
2025-08-03 22:05:03,104 - INFO - A_teacher is 0.48532047867774963
2025-08-03 22:05:03,111 - INFO - Starting G&C
2025-08-03 22:05:09,548 - INFO - Finished G&C, time elapsed=6.43613600730896s
2025-08-03 22:05:09,548 - INFO - Finished seed=0
2025-08-03 22:05:09,550 - INFO - Starting seed=1
2025-08-03 22:05:09,553 - INFO - A_teacher is 0.6540995836257935
2025-08-03 22:05:09,558 - INFO - Starting G&C
2025-08-03 22:05:15,088 - INFO - Finished G&C, time elapsed=5.5300068855285645s
2025-08-03 22:05:15,088 - INFO - Finished seed=1
2025-08-03 22:05:15,089 - INFO - Starting seed=2
2025-08-03 22:05:15,091 - INFO - A_teacher is 0.5661352276802063
2025-08-03 22:05:15,093 - INFO - Starting G&C
2025-08-03 22:05:20,547 - INFO - Finished G&C, time elapsed=5.453452825546265s
2025-08-03 22:05:20,547 - INFO - Finished seed=2
2025-08-03 22:05:20,547 - INFO - Starting seed=3
2025-08-03 22:05:20,549 - INFO - A_teacher is 0.539229691028595
2025-08-03 22:05:20,551 - INFO - Starting G&C
2025-08-03 22:05:26,005 - INFO - Finished G&C, time elapsed=5.4529547691345215s
2025-08-03 22:05:26,005 - INFO - Finished seed=3
2025-08-03 22:05:26,005 - INFO - Starting seed=4
2025-08-03 22:05:26,007 - INFO - A_teacher is 0.5803276300430298
2025-08-03 22:05:26,009 - INFO - Starting G&C
2025-08-03 22:05:31,319 - INFO - Finished G&C, time elapsed=5.30924391746521s
2025-08-03 22:05:31,319 - INFO - Finished seed=4
2025-08-03 22:05:31,319 - INFO - Starting seed=5
2025-08-03 22:05:31,321 - INFO - A_teacher is 0.33947238326072693
2025-08-03 22:05:31,323 - INFO - Starting G&C
2025-08-03 22:05:36,617 - INFO - Finished G&C, time elapsed=5.293473958969116s
2025-08-03 22:05:36,618 - INFO - Finished seed=5
2025-08-03 22:05:36,618 - INFO - Starting seed=6
2025-08-03 22:05:36,619 - INFO - A_teacher is 0.45132192969322205
2025-08-03 22:05:36,622 - INFO - Starting G&C
2025-08-03 22:05:42,041 - INFO - Finished G&C, time elapsed=5.419445991516113s
2025-08-03 22:05:42,042 - INFO - Finished seed=6
2025-08-03 22:05:42,042 - INFO - Starting seed=7
2025-08-03 22:05:42,043 - INFO - A_teacher is 0.31256014108657837
2025-08-03 22:05:42,046 - INFO - Starting G&C
2025-08-03 22:05:47,362 - INFO - Finished G&C, time elapsed=5.316083192825317s
2025-08-03 22:05:47,363 - INFO - Finished seed=7
2025-08-03 22:05:47,364 - INFO - ----------------------------------------------------------------------------------------------------------------------------------------------
2025-08-03 22:05:47,364 - INFO - ----------------------------------------------------------------------------------------------------------------------------------------------
2025-08-03 22:05:47,364 - INFO - Finished student_dim=14
2025-08-03 22:05:47,364 - INFO - G&C avg gen_loss = 1.2319981658656936
2025-08-03 22:05:47,364 - INFO - ----------------------------------------------------------------------------------------------------------------------------------------------
2025-08-03 22:05:47,364 - INFO - Starting student_dim=15
2025-08-03 22:05:47,365 - INFO - Starting seed=0
2025-08-03 22:05:47,367 - INFO - A_teacher is 0.48532047867774963
2025-08-03 22:05:47,373 - INFO - Starting G&C
2025-08-03 22:05:53,753 - INFO - Finished G&C, time elapsed=6.379699945449829s
2025-08-03 22:05:53,754 - INFO - Finished seed=0
2025-08-03 22:05:53,754 - INFO - Starting seed=1
2025-08-03 22:05:53,756 - INFO - A_teacher is 0.6540995836257935
2025-08-03 22:05:53,758 - INFO - Starting G&C
2025-08-03 22:05:59,274 - INFO - Finished G&C, time elapsed=5.515454053878784s
2025-08-03 22:05:59,274 - INFO - Finished seed=1
2025-08-03 22:05:59,274 - INFO - Starting seed=2
2025-08-03 22:05:59,278 - INFO - A_teacher is 0.5661352276802063
2025-08-03 22:05:59,280 - INFO - Starting G&C
2025-08-03 22:06:04,779 - INFO - Finished G&C, time elapsed=5.49901008605957s
2025-08-03 22:06:04,780 - INFO - Finished seed=2
2025-08-03 22:06:04,780 - INFO - Starting seed=3
2025-08-03 22:06:04,782 - INFO - A_teacher is 0.539229691028595
2025-08-03 22:06:04,785 - INFO - Starting G&C
2025-08-03 22:06:10,326 - INFO - Finished G&C, time elapsed=5.540933847427368s
2025-08-03 22:06:10,326 - INFO - Finished seed=3
2025-08-03 22:06:10,326 - INFO - Starting seed=4
2025-08-03 22:06:10,329 - INFO - A_teacher is 0.5803276300430298
2025-08-03 22:06:10,331 - INFO - Starting G&C
2025-08-03 22:06:15,859 - INFO - Finished G&C, time elapsed=5.527585983276367s
2025-08-03 22:06:15,859 - INFO - Finished seed=4
2025-08-03 22:06:15,859 - INFO - Starting seed=5
2025-08-03 22:06:15,861 - INFO - A_teacher is 0.33947238326072693
2025-08-03 22:06:15,863 - INFO - Starting G&C
2025-08-03 22:06:21,429 - INFO - Finished G&C, time elapsed=5.565640926361084s
2025-08-03 22:06:21,430 - INFO - Finished seed=5
2025-08-03 22:06:21,430 - INFO - Starting seed=6
2025-08-03 22:06:21,432 - INFO - A_teacher is 0.45132192969322205
2025-08-03 22:06:21,435 - INFO - Starting G&C
2025-08-03 22:06:27,086 - INFO - Finished G&C, time elapsed=5.651598691940308s
2025-08-03 22:06:27,087 - INFO - Finished seed=6
2025-08-03 22:06:27,087 - INFO - Starting seed=7
2025-08-03 22:06:27,088 - INFO - A_teacher is 0.31256014108657837
2025-08-03 22:06:27,091 - INFO - Starting G&C
2025-08-03 22:06:32,942 - INFO - Finished G&C, time elapsed=5.851048946380615s
2025-08-03 22:06:32,942 - INFO - Finished seed=7
2025-08-03 22:06:32,943 - INFO - ----------------------------------------------------------------------------------------------------------------------------------------------
2025-08-03 22:06:32,943 - INFO - ----------------------------------------------------------------------------------------------------------------------------------------------
2025-08-03 22:06:32,943 - INFO - Finished student_dim=15
2025-08-03 22:06:32,943 - INFO - G&C avg gen_loss = 1.3275579645237245
2025-08-03 22:06:32,943 - INFO - ----------------------------------------------------------------------------------------------------------------------------------------------
2025-08-03 22:06:32,943 - INFO - Starting student_dim=16
2025-08-03 22:06:32,944 - INFO - Starting seed=0
2025-08-03 22:06:32,948 - INFO - A_teacher is 0.48532047867774963
2025-08-03 22:06:32,956 - INFO - Starting G&C
2025-08-03 22:06:41,950 - INFO - Finished G&C, time elapsed=8.9932279586792s
2025-08-03 22:06:41,950 - INFO - Finished seed=0
2025-08-03 22:06:41,950 - INFO - Starting seed=1
2025-08-03 22:06:41,952 - INFO - A_teacher is 0.6540995836257935
2025-08-03 22:06:41,954 - INFO - Starting G&C
2025-08-03 22:06:47,457 - INFO - Finished G&C, time elapsed=5.503082990646362s
2025-08-03 22:06:47,458 - INFO - Finished seed=1
2025-08-03 22:06:47,458 - INFO - Starting seed=2
2025-08-03 22:06:47,460 - INFO - A_teacher is 0.5661352276802063
2025-08-03 22:06:47,462 - INFO - Starting G&C
2025-08-03 22:06:52,860 - INFO - Finished G&C, time elapsed=5.397619962692261s
2025-08-03 22:06:52,861 - INFO - Finished seed=2
2025-08-03 22:06:52,861 - INFO - Starting seed=3
2025-08-03 22:06:52,862 - INFO - A_teacher is 0.539229691028595
2025-08-03 22:06:52,864 - INFO - Starting G&C
2025-08-03 22:06:58,313 - INFO - Finished G&C, time elapsed=5.449049949645996s
2025-08-03 22:06:58,314 - INFO - Finished seed=3
2025-08-03 22:06:58,314 - INFO - Starting seed=4
2025-08-03 22:06:58,316 - INFO - A_teacher is 0.5803276300430298
2025-08-03 22:06:58,318 - INFO - Starting G&C
2025-08-03 22:07:03,879 - INFO - Finished G&C, time elapsed=5.560827016830444s
2025-08-03 22:07:03,879 - INFO - Finished seed=4
2025-08-03 22:07:03,879 - INFO - Starting seed=5
2025-08-03 22:07:03,881 - INFO - A_teacher is 0.33947238326072693
2025-08-03 22:07:03,883 - INFO - Starting G&C
2025-08-03 22:07:09,294 - INFO - Finished G&C, time elapsed=5.410984992980957s
2025-08-03 22:07:09,294 - INFO - Finished seed=5
2025-08-03 22:07:09,295 - INFO - Starting seed=6
2025-08-03 22:07:09,296 - INFO - A_teacher is 0.45132192969322205
2025-08-03 22:07:09,299 - INFO - Starting G&C
2025-08-03 22:07:14,745 - INFO - Finished G&C, time elapsed=5.446237802505493s
2025-08-03 22:07:14,745 - INFO - Finished seed=6
2025-08-03 22:07:14,746 - INFO - Starting seed=7
2025-08-03 22:07:14,747 - INFO - A_teacher is 0.31256014108657837
2025-08-03 22:07:14,749 - INFO - Starting G&C
2025-08-03 22:07:20,268 - INFO - Finished G&C, time elapsed=5.51897668838501s
2025-08-03 22:07:20,268 - INFO - Finished seed=7
2025-08-03 22:07:20,269 - INFO - ----------------------------------------------------------------------------------------------------------------------------------------------
2025-08-03 22:07:20,269 - INFO - ----------------------------------------------------------------------------------------------------------------------------------------------
2025-08-03 22:07:20,269 - INFO - Finished student_dim=16
2025-08-03 22:07:20,269 - INFO - G&C avg gen_loss = 1.331487884158813
2025-08-03 22:07:20,269 - INFO - ----------------------------------------------------------------------------------------------------------------------------------------------
2025-08-03 22:07:20,269 - INFO - Starting student_dim=17
2025-08-03 22:07:20,270 - INFO - Starting seed=0
2025-08-03 22:07:20,273 - INFO - A_teacher is 0.48532047867774963
2025-08-03 22:07:20,280 - INFO - Starting G&C
2025-08-03 22:07:32,082 - INFO - Finished G&C, time elapsed=11.802191972732544s
2025-08-03 22:07:32,083 - INFO - Finished seed=0
2025-08-03 22:07:32,083 - INFO - Starting seed=1
2025-08-03 22:07:32,085 - INFO - A_teacher is 0.6540995836257935
2025-08-03 22:07:32,087 - INFO - Starting G&C
2025-08-03 22:07:38,523 - INFO - Finished G&C, time elapsed=6.4357359409332275s
2025-08-03 22:07:38,524 - INFO - Finished seed=1
2025-08-03 22:07:38,525 - INFO - Starting seed=2
2025-08-03 22:07:38,528 - INFO - A_teacher is 0.5661352276802063
2025-08-03 22:07:38,531 - INFO - Starting G&C
2025-08-03 22:07:44,758 - INFO - Finished G&C, time elapsed=6.226819753646851s
2025-08-03 22:07:44,759 - INFO - Finished seed=2
2025-08-03 22:07:44,759 - INFO - Starting seed=3
2025-08-03 22:07:44,763 - INFO - A_teacher is 0.539229691028595
2025-08-03 22:07:44,765 - INFO - Starting G&C
2025-08-03 22:07:51,006 - INFO - Finished G&C, time elapsed=6.241039991378784s
2025-08-03 22:07:51,007 - INFO - Finished seed=3
2025-08-03 22:07:51,007 - INFO - Starting seed=4
2025-08-03 22:07:51,011 - INFO - A_teacher is 0.5803276300430298
2025-08-03 22:07:51,013 - INFO - Starting G&C
2025-08-03 22:07:56,905 - INFO - Finished G&C, time elapsed=5.89197301864624s
2025-08-03 22:07:56,906 - INFO - Finished seed=4
2025-08-03 22:07:56,906 - INFO - Starting seed=5
2025-08-03 22:07:56,909 - INFO - A_teacher is 0.33947238326072693
2025-08-03 22:07:56,912 - INFO - Starting G&C
2025-08-03 22:08:03,253 - INFO - Finished G&C, time elapsed=6.34123420715332s
2025-08-03 22:08:03,254 - INFO - Finished seed=5
2025-08-03 22:08:03,254 - INFO - Starting seed=6
2025-08-03 22:08:03,257 - INFO - A_teacher is 0.45132192969322205
2025-08-03 22:08:03,260 - INFO - Starting G&C
2025-08-03 22:08:09,565 - INFO - Finished G&C, time elapsed=6.304674863815308s
2025-08-03 22:08:09,565 - INFO - Finished seed=6
2025-08-03 22:08:09,565 - INFO - Starting seed=7
2025-08-03 22:08:09,568 - INFO - A_teacher is 0.31256014108657837
2025-08-03 22:08:09,571 - INFO - Starting G&C
2025-08-03 22:08:15,731 - INFO - Finished G&C, time elapsed=6.159978866577148s
2025-08-03 22:08:15,731 - INFO - Finished seed=7
2025-08-03 22:08:15,732 - INFO - ----------------------------------------------------------------------------------------------------------------------------------------------
2025-08-03 22:08:15,732 - INFO - ----------------------------------------------------------------------------------------------------------------------------------------------
2025-08-03 22:08:15,732 - INFO - Finished student_dim=17
2025-08-03 22:08:15,737 - INFO - G&C avg gen_loss = 1.3298760876969054
2025-08-03 22:08:15,737 - INFO - ----------------------------------------------------------------------------------------------------------------------------------------------
2025-08-03 22:08:15,737 - INFO - Starting student_dim=18
2025-08-03 22:08:15,739 - INFO - Starting seed=0
2025-08-03 22:08:15,742 - INFO - A_teacher is 0.48532047867774963
2025-08-03 22:08:15,771 - INFO - Starting G&C
2025-08-03 22:08:30,566 - INFO - Finished G&C, time elapsed=14.795575141906738s
2025-08-03 22:08:30,567 - INFO - Finished seed=0
2025-08-03 22:08:30,567 - INFO - Starting seed=1
2025-08-03 22:08:30,570 - INFO - A_teacher is 0.6540995836257935
2025-08-03 22:08:30,573 - INFO - Starting G&C
2025-08-03 22:08:36,778 - INFO - Finished G&C, time elapsed=6.205144166946411s
2025-08-03 22:08:36,778 - INFO - Finished seed=1
2025-08-03 22:08:36,779 - INFO - Starting seed=2
2025-08-03 22:08:36,782 - INFO - A_teacher is 0.5661352276802063
2025-08-03 22:08:36,784 - INFO - Starting G&C
2025-08-03 22:08:42,920 - INFO - Finished G&C, time elapsed=6.135640859603882s
2025-08-03 22:08:42,920 - INFO - Finished seed=2
2025-08-03 22:08:42,921 - INFO - Starting seed=3
2025-08-03 22:08:42,924 - INFO - A_teacher is 0.539229691028595
2025-08-03 22:08:42,927 - INFO - Starting G&C
2025-08-03 22:08:49,037 - INFO - Finished G&C, time elapsed=6.1097412109375s
2025-08-03 22:08:49,037 - INFO - Finished seed=3
2025-08-03 22:08:49,038 - INFO - Starting seed=4
2025-08-03 22:08:49,041 - INFO - A_teacher is 0.5803276300430298
2025-08-03 22:08:49,043 - INFO - Starting G&C
2025-08-03 22:08:55,230 - INFO - Finished G&C, time elapsed=6.1869401931762695s
2025-08-03 22:08:55,231 - INFO - Finished seed=4
2025-08-03 22:08:55,231 - INFO - Starting seed=5
2025-08-03 22:08:55,235 - INFO - A_teacher is 0.33947238326072693
2025-08-03 22:08:55,237 - INFO - Starting G&C
2025-08-03 22:09:01,391 - INFO - Finished G&C, time elapsed=6.153616189956665s
2025-08-03 22:09:01,391 - INFO - Finished seed=5
2025-08-03 22:09:01,391 - INFO - Starting seed=6
2025-08-03 22:09:01,394 - INFO - A_teacher is 0.45132192969322205
2025-08-03 22:09:01,396 - INFO - Starting G&C
2025-08-03 22:09:07,465 - INFO - Finished G&C, time elapsed=6.06824517250061s
2025-08-03 22:09:07,465 - INFO - Finished seed=6
2025-08-03 22:09:07,466 - INFO - Starting seed=7
2025-08-03 22:09:07,469 - INFO - A_teacher is 0.31256014108657837
2025-08-03 22:09:07,471 - INFO - Starting G&C
2025-08-03 22:09:13,747 - INFO - Finished G&C, time elapsed=6.275752067565918s
2025-08-03 22:09:13,747 - INFO - Finished seed=7
2025-08-03 22:09:13,748 - INFO - ----------------------------------------------------------------------------------------------------------------------------------------------
2025-08-03 22:09:13,748 - INFO - ----------------------------------------------------------------------------------------------------------------------------------------------
2025-08-03 22:09:13,748 - INFO - Finished student_dim=18
2025-08-03 22:09:13,753 - INFO - G&C avg gen_loss = 1.3315877325390089
2025-08-03 22:09:13,753 - INFO - ----------------------------------------------------------------------------------------------------------------------------------------------
2025-08-03 22:09:13,753 - INFO - Starting student_dim=19
2025-08-03 22:09:13,754 - INFO - Starting seed=0
2025-08-03 22:09:13,757 - INFO - A_teacher is 0.48532047867774963
2025-08-03 22:09:13,788 - INFO - Starting G&C
2025-08-03 22:09:29,448 - INFO - Finished G&C, time elapsed=15.660489082336426s
2025-08-03 22:09:29,449 - INFO - Finished seed=0
2025-08-03 22:09:29,449 - INFO - Starting seed=1
2025-08-03 22:09:29,453 - INFO - A_teacher is 0.6540995836257935
2025-08-03 22:09:29,459 - INFO - Starting G&C
2025-08-03 22:09:35,372 - INFO - Finished G&C, time elapsed=5.912312269210815s
2025-08-03 22:09:35,373 - INFO - Finished seed=1
2025-08-03 22:09:35,373 - INFO - Starting seed=2
2025-08-03 22:09:35,374 - INFO - A_teacher is 0.5661352276802063
2025-08-03 22:09:35,376 - INFO - Starting G&C
2025-08-03 22:09:41,473 - INFO - Finished G&C, time elapsed=6.09657883644104s
2025-08-03 22:09:41,474 - INFO - Finished seed=2
2025-08-03 22:09:41,474 - INFO - Starting seed=3
2025-08-03 22:09:41,477 - INFO - A_teacher is 0.539229691028595
2025-08-03 22:09:41,479 - INFO - Starting G&C
2025-08-03 22:09:47,463 - INFO - Finished G&C, time elapsed=5.983751058578491s
2025-08-03 22:09:47,463 - INFO - Finished seed=3
2025-08-03 22:09:47,464 - INFO - Starting seed=4
2025-08-03 22:09:47,467 - INFO - A_teacher is 0.5803276300430298
2025-08-03 22:09:47,469 - INFO - Starting G&C
2025-08-03 22:09:53,110 - INFO - Finished G&C, time elapsed=5.640894889831543s
2025-08-03 22:09:53,111 - INFO - Finished seed=4
2025-08-03 22:09:53,111 - INFO - Starting seed=5
2025-08-03 22:09:53,115 - INFO - A_teacher is 0.33947238326072693
2025-08-03 22:09:53,117 - INFO - Starting G&C
2025-08-03 22:09:59,026 - INFO - Finished G&C, time elapsed=5.908344745635986s
2025-08-03 22:09:59,026 - INFO - Finished seed=5
2025-08-03 22:09:59,026 - INFO - Starting seed=6
2025-08-03 22:09:59,030 - INFO - A_teacher is 0.45132192969322205
2025-08-03 22:09:59,032 - INFO - Starting G&C
2025-08-03 22:10:04,812 - INFO - Finished G&C, time elapsed=5.779372930526733s
2025-08-03 22:10:04,813 - INFO - Finished seed=6
2025-08-03 22:10:04,814 - INFO - Starting seed=7
2025-08-03 22:10:04,817 - INFO - A_teacher is 0.31256014108657837
2025-08-03 22:10:04,820 - INFO - Starting G&C
2025-08-03 22:10:10,710 - INFO - Finished G&C, time elapsed=5.890055894851685s
2025-08-03 22:10:10,711 - INFO - Finished seed=7
2025-08-03 22:10:10,712 - INFO - ----------------------------------------------------------------------------------------------------------------------------------------------
2025-08-03 22:10:10,712 - INFO - ----------------------------------------------------------------------------------------------------------------------------------------------
2025-08-03 22:10:10,712 - INFO - Finished student_dim=19
2025-08-03 22:10:10,718 - INFO - G&C avg gen_loss = 1.288118234780437
2025-08-03 22:10:10,718 - INFO - ----------------------------------------------------------------------------------------------------------------------------------------------
2025-08-03 22:10:10,718 - INFO - Starting student_dim=20
2025-08-03 22:10:10,720 - INFO - Starting seed=0
2025-08-03 22:10:10,724 - INFO - A_teacher is 0.48532047867774963
2025-08-03 22:10:10,734 - INFO - Starting G&C
2025-08-03 22:10:27,211 - INFO - Finished G&C, time elapsed=16.47684907913208s
2025-08-03 22:10:27,211 - INFO - Finished seed=0
2025-08-03 22:10:27,211 - INFO - Starting seed=1
2025-08-03 22:10:27,215 - INFO - A_teacher is 0.6540995836257935
2025-08-03 22:10:27,218 - INFO - Starting G&C
2025-08-03 22:10:35,343 - INFO - Finished G&C, time elapsed=8.125123739242554s
2025-08-03 22:10:35,344 - INFO - Finished seed=1
2025-08-03 22:10:35,344 - INFO - Starting seed=2
2025-08-03 22:10:35,347 - INFO - A_teacher is 0.5661352276802063
2025-08-03 22:10:35,350 - INFO - Starting G&C
2025-08-03 22:10:42,327 - INFO - Finished G&C, time elapsed=6.977143049240112s
2025-08-03 22:10:42,328 - INFO - Finished seed=2
2025-08-03 22:10:42,328 - INFO - Starting seed=3
2025-08-03 22:10:42,331 - INFO - A_teacher is 0.539229691028595
2025-08-03 22:10:42,333 - INFO - Starting G&C
2025-08-03 22:10:49,164 - INFO - Finished G&C, time elapsed=6.830187797546387s
2025-08-03 22:10:49,164 - INFO - Finished seed=3
2025-08-03 22:10:49,164 - INFO - Starting seed=4
2025-08-03 22:10:49,167 - INFO - A_teacher is 0.5803276300430298
2025-08-03 22:10:49,170 - INFO - Starting G&C
2025-08-03 22:10:56,019 - INFO - Finished G&C, time elapsed=6.848614931106567s
2025-08-03 22:10:56,019 - INFO - Finished seed=4
2025-08-03 22:10:56,019 - INFO - Starting seed=5
2025-08-03 22:10:56,022 - INFO - A_teacher is 0.33947238326072693
2025-08-03 22:10:56,025 - INFO - Starting G&C
2025-08-03 22:11:02,871 - INFO - Finished G&C, time elapsed=6.846048831939697s
2025-08-03 22:11:02,871 - INFO - Finished seed=5
2025-08-03 22:11:02,872 - INFO - Starting seed=6
2025-08-03 22:11:02,875 - INFO - A_teacher is 0.45132192969322205
2025-08-03 22:11:02,877 - INFO - Starting G&C
2025-08-03 22:11:10,217 - INFO - Finished G&C, time elapsed=7.340214014053345s
2025-08-03 22:11:10,218 - INFO - Finished seed=6
2025-08-03 22:11:10,218 - INFO - Starting seed=7
2025-08-03 22:11:10,219 - INFO - A_teacher is 0.31256014108657837
2025-08-03 22:11:10,221 - INFO - Starting G&C
2025-08-03 22:11:17,646 - INFO - Finished G&C, time elapsed=7.42440128326416s
2025-08-03 22:11:17,646 - INFO - Finished seed=7
2025-08-03 22:11:17,647 - INFO - ----------------------------------------------------------------------------------------------------------------------------------------------
2025-08-03 22:11:17,647 - INFO - ----------------------------------------------------------------------------------------------------------------------------------------------
2025-08-03 22:11:17,647 - INFO - Finished student_dim=20
2025-08-03 22:11:17,655 - INFO - G&C avg gen_loss = 1.3551708708721244
2025-08-03 22:11:17,655 - INFO - ----------------------------------------------------------------------------------------------------------------------------------------------
2025-08-03 22:11:17,655 - INFO - Starting student_dim=21
2025-08-03 22:11:17,657 - INFO - Starting seed=0
2025-08-03 22:11:17,660 - INFO - A_teacher is 0.48532047867774963
2025-08-03 22:11:17,674 - INFO - Starting G&C
2025-08-03 22:11:36,309 - INFO - Finished G&C, time elapsed=18.63465905189514s
2025-08-03 22:11:36,310 - INFO - Finished seed=0
2025-08-03 22:11:36,310 - INFO - Starting seed=1
2025-08-03 22:11:36,313 - INFO - A_teacher is 0.6540995836257935
2025-08-03 22:11:36,316 - INFO - Starting G&C
2025-08-03 22:11:45,438 - INFO - Finished G&C, time elapsed=9.122022151947021s
2025-08-03 22:11:45,438 - INFO - Finished seed=1
2025-08-03 22:11:45,439 - INFO - Starting seed=2
2025-08-03 22:11:45,442 - INFO - A_teacher is 0.5661352276802063
2025-08-03 22:11:45,444 - INFO - Starting G&C
2025-08-03 22:11:54,426 - INFO - Finished G&C, time elapsed=8.982232809066772s
2025-08-03 22:11:54,427 - INFO - Finished seed=2
2025-08-03 22:11:54,427 - INFO - Starting seed=3
2025-08-03 22:11:54,428 - INFO - A_teacher is 0.539229691028595
2025-08-03 22:11:54,430 - INFO - Starting G&C
2025-08-03 22:12:04,005 - INFO - Finished G&C, time elapsed=9.574506759643555s
2025-08-03 22:12:04,005 - INFO - Finished seed=3
2025-08-03 22:12:04,006 - INFO - Starting seed=4
2025-08-03 22:12:04,009 - INFO - A_teacher is 0.5803276300430298
2025-08-03 22:12:04,011 - INFO - Starting G&C
2025-08-03 22:12:14,895 - INFO - Finished G&C, time elapsed=10.884195804595947s
2025-08-03 22:12:14,896 - INFO - Finished seed=4
2025-08-03 22:12:14,896 - INFO - Starting seed=5
2025-08-03 22:12:14,899 - INFO - A_teacher is 0.33947238326072693
2025-08-03 22:12:14,902 - INFO - Starting G&C
2025-08-03 22:12:24,080 - INFO - Finished G&C, time elapsed=9.178102016448975s
2025-08-03 22:12:24,080 - INFO - Finished seed=5
2025-08-03 22:12:24,081 - INFO - Starting seed=6
2025-08-03 22:12:24,084 - INFO - A_teacher is 0.45132192969322205
2025-08-03 22:12:24,086 - INFO - Starting G&C
2025-08-03 22:12:33,068 - INFO - Finished G&C, time elapsed=8.98152208328247s
2025-08-03 22:12:33,069 - INFO - Finished seed=6
2025-08-03 22:12:33,069 - INFO - Starting seed=7
2025-08-03 22:12:33,072 - INFO - A_teacher is 0.31256014108657837
2025-08-03 22:12:33,075 - INFO - Starting G&C
2025-08-03 22:12:42,112 - INFO - Finished G&C, time elapsed=9.037070035934448s
2025-08-03 22:12:42,112 - INFO - Finished seed=7
2025-08-03 22:12:42,114 - INFO - ----------------------------------------------------------------------------------------------------------------------------------------------
2025-08-03 22:12:42,114 - INFO - ----------------------------------------------------------------------------------------------------------------------------------------------
2025-08-03 22:12:42,114 - INFO - Finished student_dim=21
2025-08-03 22:12:42,116 - INFO - G&C avg gen_loss = 1.423748024500023
2025-08-03 22:12:42,116 - INFO - ----------------------------------------------------------------------------------------------------------------------------------------------
2025-08-03 22:12:42,116 - INFO - Starting student_dim=22
2025-08-03 22:12:42,116 - INFO - Starting seed=0
2025-08-03 22:12:42,120 - INFO - A_teacher is 0.48532047867774963
2025-08-03 22:12:42,140 - INFO - Starting G&C
2025-08-03 22:12:52,193 - INFO - Finished G&C, time elapsed=10.052804946899414s
2025-08-03 22:12:52,194 - INFO - Finished seed=0
2025-08-03 22:12:52,194 - INFO - Starting seed=1
2025-08-03 22:12:52,196 - INFO - A_teacher is 0.6540995836257935
2025-08-03 22:12:52,199 - INFO - Starting G&C
2025-08-03 22:12:58,739 - INFO - Finished G&C, time elapsed=6.54010534286499s
2025-08-03 22:12:58,740 - INFO - Finished seed=1
2025-08-03 22:12:58,740 - INFO - Starting seed=2
2025-08-03 22:12:58,741 - INFO - A_teacher is 0.5661352276802063
2025-08-03 22:12:58,743 - INFO - Starting G&C
2025-08-03 22:13:05,341 - INFO - Finished G&C, time elapsed=6.597530841827393s
2025-08-03 22:13:05,342 - INFO - Finished seed=2
2025-08-03 22:13:05,342 - INFO - Starting seed=3
2025-08-03 22:13:05,346 - INFO - A_teacher is 0.539229691028595
2025-08-03 22:13:05,348 - INFO - Starting G&C
2025-08-03 22:13:11,845 - INFO - Finished G&C, time elapsed=6.496497869491577s
2025-08-03 22:13:11,845 - INFO - Finished seed=3
2025-08-03 22:13:11,846 - INFO - Starting seed=4
2025-08-03 22:13:11,849 - INFO - A_teacher is 0.5803276300430298
2025-08-03 22:13:11,851 - INFO - Starting G&C
2025-08-03 22:13:18,129 - INFO - Finished G&C, time elapsed=6.277652025222778s
2025-08-03 22:13:18,130 - INFO - Finished seed=4
2025-08-03 22:13:18,130 - INFO - Starting seed=5
2025-08-03 22:13:18,132 - INFO - A_teacher is 0.33947238326072693
2025-08-03 22:13:18,134 - INFO - Starting G&C
2025-08-03 22:13:24,728 - INFO - Finished G&C, time elapsed=6.5936219692230225s
2025-08-03 22:13:24,728 - INFO - Finished seed=5
2025-08-03 22:13:24,728 - INFO - Starting seed=6
2025-08-03 22:13:24,732 - INFO - A_teacher is 0.45132192969322205
2025-08-03 22:13:24,734 - INFO - Starting G&C
2025-08-03 22:13:31,101 - INFO - Finished G&C, time elapsed=6.3668739795684814s
2025-08-03 22:13:31,102 - INFO - Finished seed=6
2025-08-03 22:13:31,102 - INFO - Starting seed=7
2025-08-03 22:13:31,104 - INFO - A_teacher is 0.31256014108657837
2025-08-03 22:13:31,106 - INFO - Starting G&C
2025-08-03 22:13:37,586 - INFO - Finished G&C, time elapsed=6.48027777671814s
2025-08-03 22:13:37,588 - INFO - Finished seed=7
2025-08-03 22:13:37,588 - INFO - ----------------------------------------------------------------------------------------------------------------------------------------------
2025-08-03 22:13:37,588 - INFO - ----------------------------------------------------------------------------------------------------------------------------------------------
2025-08-03 22:13:37,588 - INFO - Finished student_dim=22
2025-08-03 22:13:37,589 - INFO - G&C avg gen_loss = 1.3956628052415878
2025-08-03 22:13:37,589 - INFO - ----------------------------------------------------------------------------------------------------------------------------------------------
2025-08-03 22:13:37,589 - INFO - Starting student_dim=23
2025-08-03 22:13:37,589 - INFO - Starting seed=0
2025-08-03 22:13:37,592 - INFO - A_teacher is 0.48532047867774963
2025-08-03 22:13:37,599 - INFO - Starting G&C
2025-08-03 22:13:45,862 - INFO - Finished G&C, time elapsed=8.262119054794312s
2025-08-03 22:13:45,862 - INFO - Finished seed=0
2025-08-03 22:13:45,862 - INFO - Starting seed=1
2025-08-03 22:13:45,865 - INFO - A_teacher is 0.6540995836257935
2025-08-03 22:13:45,868 - INFO - Starting G&C
2025-08-03 22:13:51,964 - INFO - Finished G&C, time elapsed=6.095821857452393s
2025-08-03 22:13:51,964 - INFO - Finished seed=1
2025-08-03 22:13:51,965 - INFO - Starting seed=2
2025-08-03 22:13:51,966 - INFO - A_teacher is 0.5661352276802063
2025-08-03 22:13:51,968 - INFO - Starting G&C
2025-08-03 22:13:58,223 - INFO - Finished G&C, time elapsed=6.254440069198608s
2025-08-03 22:13:58,223 - INFO - Finished seed=2
2025-08-03 22:13:58,224 - INFO - Starting seed=3
2025-08-03 22:13:58,225 - INFO - A_teacher is 0.539229691028595
2025-08-03 22:13:58,227 - INFO - Starting G&C
2025-08-03 22:14:04,291 - INFO - Finished G&C, time elapsed=6.063466310501099s
2025-08-03 22:14:04,292 - INFO - Finished seed=3
2025-08-03 22:14:04,292 - INFO - Starting seed=4
2025-08-03 22:14:04,294 - INFO - A_teacher is 0.5803276300430298
2025-08-03 22:14:04,297 - INFO - Starting G&C
2025-08-03 22:14:10,367 - INFO - Finished G&C, time elapsed=6.0695459842681885s
2025-08-03 22:14:10,367 - INFO - Finished seed=4
2025-08-03 22:14:10,367 - INFO - Starting seed=5
2025-08-03 22:14:10,370 - INFO - A_teacher is 0.33947238326072693
2025-08-03 22:14:10,372 - INFO - Starting G&C
2025-08-03 22:14:16,436 - INFO - Finished G&C, time elapsed=6.064254283905029s
2025-08-03 22:14:16,438 - INFO - Finished seed=5
2025-08-03 22:14:16,438 - INFO - Starting seed=6
2025-08-03 22:14:16,440 - INFO - A_teacher is 0.45132192969322205
2025-08-03 22:14:16,442 - INFO - Starting G&C
2025-08-03 22:14:22,630 - INFO - Finished G&C, time elapsed=6.18792200088501s
2025-08-03 22:14:22,631 - INFO - Finished seed=6
2025-08-03 22:14:22,631 - INFO - Starting seed=7
2025-08-03 22:14:22,633 - INFO - A_teacher is 0.31256014108657837
2025-08-03 22:14:22,635 - INFO - Starting G&C
2025-08-03 22:14:28,803 - INFO - Finished G&C, time elapsed=6.167609930038452s
2025-08-03 22:14:28,803 - INFO - Finished seed=7
2025-08-03 22:14:28,804 - INFO - ----------------------------------------------------------------------------------------------------------------------------------------------
2025-08-03 22:14:28,804 - INFO - ----------------------------------------------------------------------------------------------------------------------------------------------
2025-08-03 22:14:28,804 - INFO - Finished student_dim=23
2025-08-03 22:14:28,804 - INFO - G&C avg gen_loss = 1.4323900404479093
2025-08-03 22:14:28,804 - INFO - ----------------------------------------------------------------------------------------------------------------------------------------------
2025-08-03 22:14:28,804 - INFO - Starting student_dim=24
2025-08-03 22:14:28,804 - INFO - Starting seed=0
2025-08-03 22:14:28,806 - INFO - A_teacher is 0.48532047867774963
2025-08-03 22:14:28,814 - INFO - Starting G&C
2025-08-03 22:14:46,458 - INFO - Finished G&C, time elapsed=17.643635988235474s
2025-08-03 22:14:46,458 - INFO - Finished seed=0
2025-08-03 22:14:46,459 - INFO - Starting seed=1
2025-08-03 22:14:46,461 - INFO - A_teacher is 0.6540995836257935
2025-08-03 22:14:46,463 - INFO - Starting G&C
2025-08-03 22:15:01,355 - INFO - Finished G&C, time elapsed=14.891408205032349s
2025-08-03 22:15:01,357 - INFO - Finished seed=1
2025-08-03 22:15:01,359 - INFO - Starting seed=2
2025-08-03 22:15:01,360 - INFO - A_teacher is 0.5661352276802063
2025-08-03 22:15:01,365 - INFO - Starting G&C
2025-08-03 22:15:15,423 - INFO - Finished G&C, time elapsed=14.05843210220337s
2025-08-03 22:15:15,424 - INFO - Finished seed=2
2025-08-03 22:15:15,424 - INFO - Starting seed=3
2025-08-03 22:15:15,426 - INFO - A_teacher is 0.539229691028595
2025-08-03 22:15:15,428 - INFO - Starting G&C
2025-08-03 22:15:29,639 - INFO - Finished G&C, time elapsed=14.210561037063599s
2025-08-03 22:15:29,639 - INFO - Finished seed=3
2025-08-03 22:15:29,640 - INFO - Starting seed=4
2025-08-03 22:15:29,643 - INFO - A_teacher is 0.5803276300430298
2025-08-03 22:15:29,647 - INFO - Starting G&C
2025-08-03 22:15:45,157 - INFO - Finished G&C, time elapsed=15.508028984069824s
2025-08-03 22:15:45,158 - INFO - Finished seed=4
2025-08-03 22:15:45,159 - INFO - Starting seed=5
2025-08-03 22:15:45,161 - INFO - A_teacher is 0.33947238326072693
2025-08-03 22:15:45,164 - INFO - Starting G&C
2025-08-03 22:15:58,608 - INFO - Finished G&C, time elapsed=13.442393064498901s
2025-08-03 22:15:58,610 - INFO - Finished seed=5
2025-08-03 22:15:58,611 - INFO - Starting seed=6
2025-08-03 22:15:58,613 - INFO - A_teacher is 0.45132192969322205
2025-08-03 22:15:58,615 - INFO - Starting G&C
2025-08-03 22:16:11,245 - INFO - Finished G&C, time elapsed=12.62926197052002s
2025-08-03 22:16:11,246 - INFO - Finished seed=6
2025-08-03 22:16:11,246 - INFO - Starting seed=7
2025-08-03 22:16:11,250 - INFO - A_teacher is 0.31256014108657837
2025-08-03 22:16:11,253 - INFO - Starting G&C
2025-08-03 22:16:25,700 - INFO - Finished G&C, time elapsed=14.445276260375977s
2025-08-03 22:16:25,701 - INFO - Finished seed=7
2025-08-03 22:16:25,703 - INFO - ----------------------------------------------------------------------------------------------------------------------------------------------
2025-08-03 22:16:25,703 - INFO - ----------------------------------------------------------------------------------------------------------------------------------------------
2025-08-03 22:16:25,703 - INFO - Finished student_dim=24
2025-08-03 22:16:25,710 - INFO - G&C avg gen_loss = 1.4266359008731913
2025-08-03 22:16:25,710 - INFO - ----------------------------------------------------------------------------------------------------------------------------------------------
2025-08-03 22:16:25,711 - INFO - Starting student_dim=25
2025-08-03 22:16:25,713 - INFO - Starting seed=0
2025-08-03 22:16:25,715 - INFO - A_teacher is 0.48532047867774963
2025-08-03 22:16:25,739 - INFO - Starting G&C
2025-08-03 22:16:34,620 - INFO - Finished G&C, time elapsed=8.880208969116211s
2025-08-03 22:16:34,620 - INFO - Finished seed=0
2025-08-03 22:16:34,621 - INFO - Starting seed=1
2025-08-03 22:16:34,623 - INFO - A_teacher is 0.6540995836257935
2025-08-03 22:16:34,625 - INFO - Starting G&C
2025-08-03 22:16:40,921 - INFO - Finished G&C, time elapsed=6.295348882675171s
2025-08-03 22:16:40,921 - INFO - Finished seed=1
2025-08-03 22:16:40,922 - INFO - Starting seed=2
2025-08-03 22:16:40,923 - INFO - A_teacher is 0.5661352276802063
2025-08-03 22:16:40,926 - INFO - Starting G&C
2025-08-03 22:16:47,158 - INFO - Finished G&C, time elapsed=6.231750249862671s
2025-08-03 22:16:47,158 - INFO - Finished seed=2
2025-08-03 22:16:47,159 - INFO - Starting seed=3
2025-08-03 22:16:47,160 - INFO - A_teacher is 0.539229691028595
2025-08-03 22:16:47,162 - INFO - Starting G&C
2025-08-03 22:16:53,480 - INFO - Finished G&C, time elapsed=6.317322015762329s
2025-08-03 22:16:53,481 - INFO - Finished seed=3
2025-08-03 22:16:53,481 - INFO - Starting seed=4
2025-08-03 22:16:53,483 - INFO - A_teacher is 0.5803276300430298
2025-08-03 22:16:53,486 - INFO - Starting G&C
2025-08-03 22:16:59,787 - INFO - Finished G&C, time elapsed=6.301249980926514s
2025-08-03 22:16:59,788 - INFO - Finished seed=4
2025-08-03 22:16:59,788 - INFO - Starting seed=5
2025-08-03 22:16:59,790 - INFO - A_teacher is 0.33947238326072693
2025-08-03 22:16:59,793 - INFO - Starting G&C
2025-08-03 22:17:06,138 - INFO - Finished G&C, time elapsed=6.344558954238892s
2025-08-03 22:17:06,139 - INFO - Finished seed=5
2025-08-03 22:17:06,139 - INFO - Starting seed=6
2025-08-03 22:17:06,141 - INFO - A_teacher is 0.45132192969322205
2025-08-03 22:17:06,143 - INFO - Starting G&C
2025-08-03 22:17:12,477 - INFO - Finished G&C, time elapsed=6.333930015563965s
2025-08-03 22:17:12,478 - INFO - Finished seed=6
2025-08-03 22:17:12,478 - INFO - Starting seed=7
2025-08-03 22:17:12,480 - INFO - A_teacher is 0.31256014108657837
2025-08-03 22:17:12,482 - INFO - Starting G&C
2025-08-03 22:17:19,192 - INFO - Finished G&C, time elapsed=6.70958685874939s
2025-08-03 22:17:19,193 - INFO - Finished seed=7
2025-08-03 22:17:19,193 - INFO - ----------------------------------------------------------------------------------------------------------------------------------------------
2025-08-03 22:17:19,194 - INFO - ----------------------------------------------------------------------------------------------------------------------------------------------
2025-08-03 22:17:19,194 - INFO - Finished student_dim=25
2025-08-03 22:17:19,195 - INFO - G&C avg gen_loss = 1.3895062174585022
2025-08-03 22:17:19,195 - INFO - ----------------------------------------------------------------------------------------------------------------------------------------------
2025-08-03 22:17:19,195 - INFO - Starting student_dim=26
2025-08-03 22:17:19,195 - INFO - Starting seed=0
2025-08-03 22:17:19,197 - INFO - A_teacher is 0.48532047867774963
2025-08-03 22:17:19,205 - INFO - Starting G&C
2025-08-03 22:17:37,474 - INFO - Finished G&C, time elapsed=18.267740964889526s
2025-08-03 22:17:37,475 - INFO - Finished seed=0
2025-08-03 22:17:37,476 - INFO - Starting seed=1
2025-08-03 22:17:37,478 - INFO - A_teacher is 0.6540995836257935
2025-08-03 22:17:37,487 - INFO - Starting G&C
2025-08-03 22:17:47,010 - INFO - Finished G&C, time elapsed=9.522505283355713s
2025-08-03 22:17:47,012 - INFO - Finished seed=1
2025-08-03 22:17:47,013 - INFO - Starting seed=2
2025-08-03 22:17:47,015 - INFO - A_teacher is 0.5661352276802063
2025-08-03 22:17:47,022 - INFO - Starting G&C
2025-08-03 22:17:57,358 - INFO - Finished G&C, time elapsed=10.336229085922241s
2025-08-03 22:17:57,359 - INFO - Finished seed=2
2025-08-03 22:17:57,360 - INFO - Starting seed=3
2025-08-03 22:17:57,361 - INFO - A_teacher is 0.539229691028595
2025-08-03 22:17:57,363 - INFO - Starting G&C
2025-08-03 22:18:08,218 - INFO - Finished G&C, time elapsed=10.852651834487915s
2025-08-03 22:18:08,220 - INFO - Finished seed=3
2025-08-03 22:18:08,221 - INFO - Starting seed=4
2025-08-03 22:18:08,224 - INFO - A_teacher is 0.5803276300430298
2025-08-03 22:18:08,229 - INFO - Starting G&C
2025-08-03 22:18:19,585 - INFO - Finished G&C, time elapsed=11.354763984680176s
2025-08-03 22:18:19,587 - INFO - Finished seed=4
2025-08-03 22:18:19,588 - INFO - Starting seed=5
2025-08-03 22:18:19,592 - INFO - A_teacher is 0.33947238326072693
2025-08-03 22:18:19,596 - INFO - Starting G&C
2025-08-03 22:18:30,217 - INFO - Finished G&C, time elapsed=10.620848894119263s
2025-08-03 22:18:30,218 - INFO - Finished seed=5
2025-08-03 22:18:30,218 - INFO - Starting seed=6
2025-08-03 22:18:30,221 - INFO - A_teacher is 0.45132192969322205
2025-08-03 22:18:30,224 - INFO - Starting G&C
2025-08-03 22:18:40,872 - INFO - Finished G&C, time elapsed=10.648703336715698s
2025-08-03 22:18:40,873 - INFO - Finished seed=6
2025-08-03 22:18:40,873 - INFO - Starting seed=7
2025-08-03 22:18:40,875 - INFO - A_teacher is 0.31256014108657837
2025-08-03 22:18:40,878 - INFO - Starting G&C
2025-08-03 22:18:51,034 - INFO - Finished G&C, time elapsed=10.15522313117981s
2025-08-03 22:18:51,034 - INFO - Finished seed=7
2025-08-03 22:18:51,035 - INFO - ----------------------------------------------------------------------------------------------------------------------------------------------
2025-08-03 22:18:51,035 - INFO - ----------------------------------------------------------------------------------------------------------------------------------------------
2025-08-03 22:18:51,035 - INFO - Finished student_dim=26
2025-08-03 22:18:51,038 - INFO - G&C avg gen_loss = 1.439944525198606
2025-08-03 22:18:51,039 - INFO - ----------------------------------------------------------------------------------------------------------------------------------------------
2025-08-03 22:18:51,039 - INFO - Starting student_dim=27
2025-08-03 22:18:51,040 - INFO - Starting seed=0
2025-08-03 22:18:51,042 - INFO - A_teacher is 0.48532047867774963
2025-08-03 22:18:51,076 - INFO - Starting G&C
2025-08-03 22:19:00,727 - INFO - Finished G&C, time elapsed=9.650869846343994s
2025-08-03 22:19:00,727 - INFO - Finished seed=0
2025-08-03 22:19:00,728 - INFO - Starting seed=1
2025-08-03 22:19:00,729 - INFO - A_teacher is 0.6540995836257935
2025-08-03 22:19:00,732 - INFO - Starting G&C
2025-08-03 22:19:08,345 - INFO - Finished G&C, time elapsed=7.613187074661255s
2025-08-03 22:19:08,345 - INFO - Finished seed=1
2025-08-03 22:19:08,346 - INFO - Starting seed=2
2025-08-03 22:19:08,369 - INFO - A_teacher is 0.5661352276802063
2025-08-03 22:19:08,372 - INFO - Starting G&C
2025-08-03 22:19:15,842 - INFO - Finished G&C, time elapsed=7.469103097915649s
2025-08-03 22:19:15,842 - INFO - Finished seed=2
2025-08-03 22:19:15,842 - INFO - Starting seed=3
2025-08-03 22:19:15,844 - INFO - A_teacher is 0.539229691028595
2025-08-03 22:19:15,846 - INFO - Starting G&C
2025-08-03 22:19:23,452 - INFO - Finished G&C, time elapsed=7.605650901794434s
2025-08-03 22:19:23,453 - INFO - Finished seed=3
2025-08-03 22:19:23,453 - INFO - Starting seed=4
2025-08-03 22:19:23,454 - INFO - A_teacher is 0.5803276300430298
2025-08-03 22:19:23,457 - INFO - Starting G&C
2025-08-03 22:19:30,920 - INFO - Finished G&C, time elapsed=7.463396072387695s
2025-08-03 22:19:30,921 - INFO - Finished seed=4
2025-08-03 22:19:30,921 - INFO - Starting seed=5
2025-08-03 22:19:30,923 - INFO - A_teacher is 0.33947238326072693
2025-08-03 22:19:30,925 - INFO - Starting G&C
2025-08-03 22:19:38,832 - INFO - Finished G&C, time elapsed=7.907135248184204s
2025-08-03 22:19:38,833 - INFO - Finished seed=5
2025-08-03 22:19:38,833 - INFO - Starting seed=6
2025-08-03 22:19:38,836 - INFO - A_teacher is 0.45132192969322205
2025-08-03 22:19:38,838 - INFO - Starting G&C
2025-08-03 22:19:47,592 - INFO - Finished G&C, time elapsed=8.753462791442871s
2025-08-03 22:19:47,592 - INFO - Finished seed=6
2025-08-03 22:19:47,593 - INFO - Starting seed=7
2025-08-03 22:19:47,596 - INFO - A_teacher is 0.31256014108657837
2025-08-03 22:19:47,598 - INFO - Starting G&C
2025-08-03 22:19:55,931 - INFO - Finished G&C, time elapsed=8.33058500289917s
2025-08-03 22:19:55,931 - INFO - Finished seed=7
2025-08-03 22:19:55,934 - INFO - ----------------------------------------------------------------------------------------------------------------------------------------------
2025-08-03 22:19:55,934 - INFO - ----------------------------------------------------------------------------------------------------------------------------------------------
2025-08-03 22:19:55,934 - INFO - Finished student_dim=27
2025-08-03 22:19:55,940 - INFO - G&C avg gen_loss = 1.4395223276994564
2025-08-03 22:19:55,940 - INFO - ----------------------------------------------------------------------------------------------------------------------------------------------
2025-08-03 22:19:55,941 - INFO - Starting student_dim=28
2025-08-03 22:19:55,942 - INFO - Starting seed=0
2025-08-03 22:19:55,946 - INFO - A_teacher is 0.48532047867774963
2025-08-03 22:19:55,988 - INFO - Starting G&C
2025-08-03 22:20:02,715 - INFO - Finished G&C, time elapsed=6.72690486907959s
2025-08-03 22:20:02,715 - INFO - Finished seed=0
2025-08-03 22:20:02,715 - INFO - Starting seed=1
2025-08-03 22:20:02,719 - INFO - A_teacher is 0.6540995836257935
2025-08-03 22:20:02,721 - INFO - Starting G&C
2025-08-03 22:20:09,131 - INFO - Finished G&C, time elapsed=6.409956216812134s
2025-08-03 22:20:09,132 - INFO - Finished seed=1
2025-08-03 22:20:09,132 - INFO - Starting seed=2
2025-08-03 22:20:09,135 - INFO - A_teacher is 0.5661352276802063
2025-08-03 22:20:09,137 - INFO - Starting G&C
2025-08-03 22:20:15,565 - INFO - Finished G&C, time elapsed=6.426897048950195s
2025-08-03 22:20:15,565 - INFO - Finished seed=2
2025-08-03 22:20:15,565 - INFO - Starting seed=3
2025-08-03 22:20:15,568 - INFO - A_teacher is 0.539229691028595
2025-08-03 22:20:15,571 - INFO - Starting G&C
2025-08-03 22:20:22,075 - INFO - Finished G&C, time elapsed=6.504392147064209s
2025-08-03 22:20:22,075 - INFO - Finished seed=3
2025-08-03 22:20:22,076 - INFO - Starting seed=4
2025-08-03 22:20:22,078 - INFO - A_teacher is 0.5803276300430298
2025-08-03 22:20:22,081 - INFO - Starting G&C
2025-08-03 22:20:28,615 - INFO - Finished G&C, time elapsed=6.534193277359009s
2025-08-03 22:20:28,615 - INFO - Finished seed=4
2025-08-03 22:20:28,616 - INFO - Starting seed=5
2025-08-03 22:20:28,619 - INFO - A_teacher is 0.33947238326072693
2025-08-03 22:20:28,621 - INFO - Starting G&C
2025-08-03 22:20:35,145 - INFO - Finished G&C, time elapsed=6.524241209030151s
2025-08-03 22:20:35,146 - INFO - Finished seed=5
2025-08-03 22:20:35,146 - INFO - Starting seed=6
2025-08-03 22:20:35,149 - INFO - A_teacher is 0.45132192969322205
2025-08-03 22:20:35,151 - INFO - Starting G&C
2025-08-03 22:20:41,681 - INFO - Finished G&C, time elapsed=6.529397010803223s
2025-08-03 22:20:41,681 - INFO - Finished seed=6
2025-08-03 22:20:41,681 - INFO - Starting seed=7
2025-08-03 22:20:41,684 - INFO - A_teacher is 0.31256014108657837
2025-08-03 22:20:41,687 - INFO - Starting G&C
2025-08-03 22:20:47,857 - INFO - Finished G&C, time elapsed=6.170336008071899s
2025-08-03 22:20:47,857 - INFO - Finished seed=7
2025-08-03 22:20:47,858 - INFO - ----------------------------------------------------------------------------------------------------------------------------------------------
2025-08-03 22:20:47,858 - INFO - ----------------------------------------------------------------------------------------------------------------------------------------------
2025-08-03 22:20:47,858 - INFO - Finished student_dim=28
2025-08-03 22:20:47,859 - INFO - G&C avg gen_loss = 1.448327655536016
2025-08-03 22:20:47,859 - INFO - ----------------------------------------------------------------------------------------------------------------------------------------------
2025-08-03 22:20:47,859 - INFO - Starting student_dim=29
2025-08-03 22:20:47,859 - INFO - Starting seed=0
2025-08-03 22:20:47,860 - INFO - A_teacher is 0.48532047867774963
2025-08-03 22:20:47,868 - INFO - Starting G&C
2025-08-03 22:21:02,998 - INFO - Finished G&C, time elapsed=15.128788948059082s
2025-08-03 22:21:02,998 - INFO - Finished seed=0
2025-08-03 22:21:02,999 - INFO - Starting seed=1
2025-08-03 22:21:03,001 - INFO - A_teacher is 0.6540995836257935
2025-08-03 22:21:03,010 - INFO - Starting G&C
2025-08-03 22:21:13,831 - INFO - Finished G&C, time elapsed=10.82087516784668s
2025-08-03 22:21:13,831 - INFO - Finished seed=1
2025-08-03 22:21:13,831 - INFO - Starting seed=2
2025-08-03 22:21:13,833 - INFO - A_teacher is 0.5661352276802063
2025-08-03 22:21:13,836 - INFO - Starting G&C
2025-08-03 22:21:24,717 - INFO - Finished G&C, time elapsed=10.88167691230774s
2025-08-03 22:21:24,718 - INFO - Finished seed=2
2025-08-03 22:21:24,718 - INFO - Starting seed=3
2025-08-03 22:21:24,720 - INFO - A_teacher is 0.539229691028595
2025-08-03 22:21:24,722 - INFO - Starting G&C
2025-08-03 22:21:36,806 - INFO - Finished G&C, time elapsed=12.083741903305054s
2025-08-03 22:21:36,806 - INFO - Finished seed=3
2025-08-03 22:21:36,807 - INFO - Starting seed=4
2025-08-03 22:21:36,809 - INFO - A_teacher is 0.5803276300430298
2025-08-03 22:21:36,812 - INFO - Starting G&C
2025-08-03 22:21:48,099 - INFO - Finished G&C, time elapsed=11.286868810653687s
2025-08-03 22:21:48,099 - INFO - Finished seed=4
2025-08-03 22:21:48,100 - INFO - Starting seed=5
2025-08-03 22:21:48,101 - INFO - A_teacher is 0.33947238326072693
2025-08-03 22:21:48,104 - INFO - Starting G&C
2025-08-03 22:21:59,665 - INFO - Finished G&C, time elapsed=11.56044888496399s
2025-08-03 22:21:59,665 - INFO - Finished seed=5
2025-08-03 22:21:59,666 - INFO - Starting seed=6
2025-08-03 22:21:59,668 - INFO - A_teacher is 0.45132192969322205
2025-08-03 22:21:59,670 - INFO - Starting G&C
2025-08-03 22:22:11,837 - INFO - Finished G&C, time elapsed=12.165963888168335s
2025-08-03 22:22:11,837 - INFO - Finished seed=6
2025-08-03 22:22:11,837 - INFO - Starting seed=7
2025-08-03 22:22:11,839 - INFO - A_teacher is 0.31256014108657837
2025-08-03 22:22:11,841 - INFO - Starting G&C
2025-08-03 22:22:23,678 - INFO - Finished G&C, time elapsed=11.836380958557129s
2025-08-03 22:22:23,678 - INFO - Finished seed=7
2025-08-03 22:22:23,680 - INFO - ----------------------------------------------------------------------------------------------------------------------------------------------
2025-08-03 22:22:23,680 - INFO - ----------------------------------------------------------------------------------------------------------------------------------------------
2025-08-03 22:22:23,680 - INFO - Finished student_dim=29
2025-08-03 22:22:23,683 - INFO - G&C avg gen_loss = 1.4376894611343733
2025-08-03 22:22:23,683 - INFO - ----------------------------------------------------------------------------------------------------------------------------------------------
2025-08-03 22:22:23,683 - INFO - Starting student_dim=30
2025-08-03 22:22:23,684 - INFO - Starting seed=0
2025-08-03 22:22:23,686 - INFO - A_teacher is 0.48532047867774963
2025-08-03 22:22:23,707 - INFO - Starting G&C
2025-08-03 22:28:02,000 - INFO - Finished G&C, time elapsed=338.29244112968445s
2025-08-03 22:28:02,000 - INFO - Finished seed=0
2025-08-03 22:28:02,001 - INFO - Starting seed=1
2025-08-03 22:28:02,004 - INFO - A_teacher is 0.6540995836257935
2025-08-03 22:28:02,007 - INFO - Starting G&C
2025-08-03 22:28:11,898 - INFO - Finished G&C, time elapsed=9.88992714881897s
2025-08-03 22:28:11,899 - INFO - Finished seed=1
2025-08-03 22:28:11,901 - INFO - Starting seed=2
2025-08-03 22:28:11,902 - INFO - A_teacher is 0.5661352276802063
2025-08-03 22:28:11,907 - INFO - Starting G&C
2025-08-03 22:28:19,908 - INFO - Finished G&C, time elapsed=8.00033187866211s
2025-08-03 22:28:19,908 - INFO - Finished seed=2
2025-08-03 22:28:19,909 - INFO - Starting seed=3
2025-08-03 22:28:19,911 - INFO - A_teacher is 0.539229691028595
2025-08-03 22:28:19,913 - INFO - Starting G&C
2025-08-03 22:28:27,166 - INFO - Finished G&C, time elapsed=7.25238299369812s
2025-08-03 22:28:27,166 - INFO - Finished seed=3
2025-08-03 22:28:27,166 - INFO - Starting seed=4
2025-08-03 22:28:27,167 - INFO - A_teacher is 0.5803276300430298
2025-08-03 22:28:27,169 - INFO - Starting G&C
2025-08-03 22:28:34,698 - INFO - Finished G&C, time elapsed=7.5265350341796875s
2025-08-03 22:28:34,699 - INFO - Finished seed=4
2025-08-03 22:28:34,701 - INFO - Starting seed=5
2025-08-03 22:28:34,704 - INFO - A_teacher is 0.33947238326072693
2025-08-03 22:28:34,710 - INFO - Starting G&C
2025-08-03 22:28:42,425 - INFO - Finished G&C, time elapsed=7.7152392864227295s
2025-08-03 22:28:42,426 - INFO - Finished seed=5
2025-08-03 22:28:42,426 - INFO - Starting seed=6
2025-08-03 22:28:42,427 - INFO - A_teacher is 0.45132192969322205
2025-08-03 22:28:42,429 - INFO - Starting G&C
2025-08-03 22:28:49,684 - INFO - Finished G&C, time elapsed=7.254605054855347s
2025-08-03 22:28:49,685 - INFO - Finished seed=6
2025-08-03 22:28:49,685 - INFO - Starting seed=7
2025-08-03 22:28:49,686 - INFO - A_teacher is 0.31256014108657837
2025-08-03 22:28:49,688 - INFO - Starting G&C
2025-08-03 22:28:56,742 - INFO - Finished G&C, time elapsed=7.053339004516602s
2025-08-03 22:28:56,742 - INFO - Finished seed=7
2025-08-03 22:28:56,743 - INFO - ----------------------------------------------------------------------------------------------------------------------------------------------
2025-08-03 22:28:56,743 - INFO - ----------------------------------------------------------------------------------------------------------------------------------------------
2025-08-03 22:28:56,743 - INFO - Finished student_dim=30
2025-08-03 22:28:56,750 - INFO - G&C avg gen_loss = 1.4626087321058518
2025-08-03 22:28:56,750 - INFO - ----------------------------------------------------------------------------------------------------------------------------------------------
2025-08-03 22:28:56,750 - INFO - Starting student_dim=31
2025-08-03 22:28:56,752 - INFO - Starting seed=0
2025-08-03 22:28:56,753 - INFO - A_teacher is 0.48532047867774963
2025-08-03 22:28:56,843 - INFO - Starting G&C
2025-08-03 22:29:05,301 - INFO - Finished G&C, time elapsed=8.456470966339111s
2025-08-03 22:29:05,301 - INFO - Finished seed=0
2025-08-03 22:29:05,302 - INFO - Starting seed=1
2025-08-03 22:29:05,308 - INFO - A_teacher is 0.6540995836257935
2025-08-03 22:29:05,318 - INFO - Starting G&C
2025-08-03 22:29:15,763 - INFO - Finished G&C, time elapsed=10.444581985473633s
2025-08-03 22:29:15,764 - INFO - Finished seed=1
2025-08-03 22:29:15,765 - INFO - Starting seed=2
2025-08-03 22:29:15,767 - INFO - A_teacher is 0.5661352276802063
2025-08-03 22:29:15,771 - INFO - Starting G&C
2025-08-03 22:29:25,924 - INFO - Finished G&C, time elapsed=10.152559757232666s
2025-08-03 22:29:25,924 - INFO - Finished seed=2
2025-08-03 22:29:25,925 - INFO - Starting seed=3
2025-08-03 22:29:25,926 - INFO - A_teacher is 0.539229691028595
2025-08-03 22:29:25,929 - INFO - Starting G&C
2025-08-03 22:29:36,228 - INFO - Finished G&C, time elapsed=10.298785924911499s
2025-08-03 22:29:36,229 - INFO - Finished seed=3
2025-08-03 22:29:36,229 - INFO - Starting seed=4
2025-08-03 22:29:36,231 - INFO - A_teacher is 0.5803276300430298
2025-08-03 22:29:36,234 - INFO - Starting G&C
2025-08-03 22:29:47,404 - INFO - Finished G&C, time elapsed=11.169710159301758s
2025-08-03 22:29:47,405 - INFO - Finished seed=4
2025-08-03 22:29:47,405 - INFO - Starting seed=5
2025-08-03 22:29:47,407 - INFO - A_teacher is 0.33947238326072693
2025-08-03 22:29:47,410 - INFO - Starting G&C
2025-08-03 22:29:57,855 - INFO - Finished G&C, time elapsed=10.443564891815186s
2025-08-03 22:29:57,856 - INFO - Finished seed=5
2025-08-03 22:29:57,858 - INFO - Starting seed=6
2025-08-03 22:29:57,864 - INFO - A_teacher is 0.45132192969322205
2025-08-03 22:29:57,877 - INFO - Starting G&C
2025-08-03 22:30:08,090 - INFO - Finished G&C, time elapsed=10.21277904510498s
2025-08-03 22:30:08,092 - INFO - Finished seed=6
2025-08-03 22:30:08,092 - INFO - Starting seed=7
2025-08-03 22:30:08,094 - INFO - A_teacher is 0.31256014108657837
2025-08-03 22:30:08,097 - INFO - Starting G&C
2025-08-03 22:30:18,611 - INFO - Finished G&C, time elapsed=10.513885259628296s
2025-08-03 22:30:18,612 - INFO - Finished seed=7
2025-08-03 22:30:18,613 - INFO - ----------------------------------------------------------------------------------------------------------------------------------------------
2025-08-03 22:30:18,613 - INFO - ----------------------------------------------------------------------------------------------------------------------------------------------
2025-08-03 22:30:18,613 - INFO - Finished student_dim=31
2025-08-03 22:30:18,618 - INFO - G&C avg gen_loss = 1.4114151194469444
2025-08-03 22:30:18,618 - INFO - ----------------------------------------------------------------------------------------------------------------------------------------------
2025-08-03 22:30:18,618 - INFO - Starting student_dim=32
2025-08-03 22:30:18,620 - INFO - Starting seed=0
2025-08-03 22:30:18,622 - INFO - A_teacher is 0.48532047867774963
2025-08-03 22:30:18,656 - INFO - Starting G&C
2025-08-03 22:30:27,431 - INFO - Finished G&C, time elapsed=8.775302171707153s
2025-08-03 22:30:27,432 - INFO - Finished seed=0
2025-08-03 22:30:27,432 - INFO - Starting seed=1
2025-08-03 22:30:27,435 - INFO - A_teacher is 0.6540995836257935
2025-08-03 22:30:27,438 - INFO - Starting G&C
2025-08-03 22:30:36,254 - INFO - Finished G&C, time elapsed=8.815492868423462s
2025-08-03 22:30:36,254 - INFO - Finished seed=1
2025-08-03 22:30:36,255 - INFO - Starting seed=2
2025-08-03 22:30:36,258 - INFO - A_teacher is 0.5661352276802063
2025-08-03 22:30:36,260 - INFO - Starting G&C
2025-08-03 22:30:45,537 - INFO - Finished G&C, time elapsed=9.276327848434448s
2025-08-03 22:30:45,538 - INFO - Finished seed=2
2025-08-03 22:30:45,538 - INFO - Starting seed=3
2025-08-03 22:30:45,541 - INFO - A_teacher is 0.539229691028595
2025-08-03 22:30:45,544 - INFO - Starting G&C
2025-08-03 22:30:54,348 - INFO - Finished G&C, time elapsed=8.803071022033691s
2025-08-03 22:30:54,349 - INFO - Finished seed=3
2025-08-03 22:30:54,349 - INFO - Starting seed=4
2025-08-03 22:30:54,351 - INFO - A_teacher is 0.5803276300430298
2025-08-03 22:30:54,353 - INFO - Starting G&C
2025-08-03 22:31:02,670 - INFO - Finished G&C, time elapsed=8.316415071487427s
2025-08-03 22:31:02,670 - INFO - Finished seed=4
2025-08-03 22:31:02,670 - INFO - Starting seed=5
2025-08-03 22:31:02,673 - INFO - A_teacher is 0.33947238326072693
2025-08-03 22:31:02,676 - INFO - Starting G&C
2025-08-03 22:31:10,672 - INFO - Finished G&C, time elapsed=7.9954609870910645s
2025-08-03 22:31:10,673 - INFO - Finished seed=5
2025-08-03 22:31:10,674 - INFO - Starting seed=6
2025-08-03 22:31:10,677 - INFO - A_teacher is 0.45132192969322205
2025-08-03 22:31:10,680 - INFO - Starting G&C
2025-08-03 22:31:18,756 - INFO - Finished G&C, time elapsed=8.076503992080688s
2025-08-03 22:31:18,757 - INFO - Finished seed=6
2025-08-03 22:31:18,757 - INFO - Starting seed=7
2025-08-03 22:31:18,760 - INFO - A_teacher is 0.31256014108657837
2025-08-03 22:31:18,763 - INFO - Starting G&C
2025-08-03 22:31:26,594 - INFO - Finished G&C, time elapsed=7.830890893936157s
2025-08-03 22:31:26,595 - INFO - Finished seed=7
2025-08-03 22:31:26,596 - INFO - ----------------------------------------------------------------------------------------------------------------------------------------------
2025-08-03 22:31:26,596 - INFO - ----------------------------------------------------------------------------------------------------------------------------------------------
2025-08-03 22:31:26,596 - INFO - Finished student_dim=32
2025-08-03 22:31:26,603 - INFO - G&C avg gen_loss = 1.452230761712845
2025-08-03 22:31:26,603 - INFO - ----------------------------------------------------------------------------------------------------------------------------------------------
2025-08-03 22:31:26,603 - INFO - Starting student_dim=33
2025-08-03 22:31:26,605 - INFO - Starting seed=0
2025-08-03 22:31:26,608 - INFO - A_teacher is 0.48532047867774963
2025-08-03 22:31:26,630 - INFO - Starting G&C
2025-08-03 22:31:42,274 - INFO - Finished G&C, time elapsed=15.642525911331177s
2025-08-03 22:31:42,275 - INFO - Finished seed=0
2025-08-03 22:31:42,284 - INFO - Starting seed=1
2025-08-03 22:31:42,287 - INFO - A_teacher is 0.6540995836257935
2025-08-03 22:31:42,297 - INFO - Starting G&C
2025-08-03 22:31:55,964 - INFO - Finished G&C, time elapsed=13.667144060134888s
2025-08-03 22:31:55,964 - INFO - Finished seed=1
2025-08-03 22:31:55,965 - INFO - Starting seed=2
2025-08-03 22:31:55,967 - INFO - A_teacher is 0.5661352276802063
2025-08-03 22:31:55,969 - INFO - Starting G&C
2025-08-03 22:32:09,774 - INFO - Finished G&C, time elapsed=13.80442500114441s
2025-08-03 22:32:09,774 - INFO - Finished seed=2
2025-08-03 22:32:09,775 - INFO - Starting seed=3
2025-08-03 22:32:09,777 - INFO - A_teacher is 0.539229691028595
2025-08-03 22:32:09,779 - INFO - Starting G&C
2025-08-03 22:32:25,096 - INFO - Finished G&C, time elapsed=15.316708087921143s
2025-08-03 22:32:25,097 - INFO - Finished seed=3
2025-08-03 22:32:25,098 - INFO - Starting seed=4
2025-08-03 22:32:25,102 - INFO - A_teacher is 0.5803276300430298
2025-08-03 22:32:25,109 - INFO - Starting G&C
2025-08-03 22:32:38,898 - INFO - Finished G&C, time elapsed=13.789161920547485s
2025-08-03 22:32:38,898 - INFO - Finished seed=4
2025-08-03 22:32:38,899 - INFO - Starting seed=5
2025-08-03 22:32:38,901 - INFO - A_teacher is 0.33947238326072693
2025-08-03 22:32:38,904 - INFO - Starting G&C
2025-08-03 22:32:54,502 - INFO - Finished G&C, time elapsed=15.597221851348877s
2025-08-03 22:32:54,503 - INFO - Finished seed=5
2025-08-03 22:32:54,505 - INFO - Starting seed=6
2025-08-03 22:32:54,508 - INFO - A_teacher is 0.45132192969322205
2025-08-03 22:32:54,513 - INFO - Starting G&C
2025-08-03 22:33:07,736 - INFO - Finished G&C, time elapsed=13.222255945205688s
2025-08-03 22:33:07,736 - INFO - Finished seed=6
2025-08-03 22:33:07,737 - INFO - Starting seed=7
2025-08-03 22:33:07,740 - INFO - A_teacher is 0.31256014108657837
2025-08-03 22:33:07,742 - INFO - Starting G&C
2025-08-03 22:33:25,368 - INFO - Finished G&C, time elapsed=17.625176191329956s
2025-08-03 22:33:25,369 - INFO - Finished seed=7
2025-08-03 22:33:25,371 - INFO - ----------------------------------------------------------------------------------------------------------------------------------------------
2025-08-03 22:33:25,371 - INFO - ----------------------------------------------------------------------------------------------------------------------------------------------
2025-08-03 22:33:25,371 - INFO - Finished student_dim=33
2025-08-03 22:33:25,375 - INFO - G&C avg gen_loss = 1.3962054179295444
2025-08-03 22:33:25,375 - INFO - ----------------------------------------------------------------------------------------------------------------------------------------------
2025-08-03 22:33:25,375 - INFO - Starting student_dim=34
2025-08-03 22:33:25,378 - INFO - Starting seed=0
2025-08-03 22:33:25,380 - INFO - A_teacher is 0.48532047867774963
2025-08-03 22:33:25,416 - INFO - Starting G&C
2025-08-03 22:33:39,072 - INFO - Finished G&C, time elapsed=13.655830144882202s
2025-08-03 22:33:39,074 - INFO - Finished seed=0
2025-08-03 22:33:39,074 - INFO - Starting seed=1
2025-08-03 22:33:39,076 - INFO - A_teacher is 0.6540995836257935
2025-08-03 22:33:39,081 - INFO - Starting G&C
2025-08-03 22:33:52,736 - INFO - Finished G&C, time elapsed=13.65432596206665s
2025-08-03 22:33:52,739 - INFO - Finished seed=1
2025-08-03 22:33:52,739 - INFO - Starting seed=2
2025-08-03 22:33:52,741 - INFO - A_teacher is 0.5661352276802063
2025-08-03 22:33:52,743 - INFO - Starting G&C
2025-08-03 22:34:06,389 - INFO - Finished G&C, time elapsed=13.64643383026123s
2025-08-03 22:34:06,390 - INFO - Finished seed=2
2025-08-03 22:34:06,391 - INFO - Starting seed=3
2025-08-03 22:34:06,392 - INFO - A_teacher is 0.539229691028595
2025-08-03 22:34:06,395 - INFO - Starting G&C
2025-08-03 22:34:19,175 - INFO - Finished G&C, time elapsed=12.780175924301147s
2025-08-03 22:34:19,176 - INFO - Finished seed=3
2025-08-03 22:34:19,177 - INFO - Starting seed=4
2025-08-03 22:34:19,179 - INFO - A_teacher is 0.5803276300430298
2025-08-03 22:34:19,181 - INFO - Starting G&C
2025-08-03 22:34:32,613 - INFO - Finished G&C, time elapsed=13.431636810302734s
2025-08-03 22:34:32,613 - INFO - Finished seed=4
2025-08-03 22:34:32,614 - INFO - Starting seed=5
2025-08-03 22:34:32,615 - INFO - A_teacher is 0.33947238326072693
2025-08-03 22:34:32,618 - INFO - Starting G&C
2025-08-03 22:34:45,911 - INFO - Finished G&C, time elapsed=13.293336868286133s
2025-08-03 22:34:45,912 - INFO - Finished seed=5
2025-08-03 22:34:45,912 - INFO - Starting seed=6
2025-08-03 22:34:45,914 - INFO - A_teacher is 0.45132192969322205
2025-08-03 22:34:45,917 - INFO - Starting G&C
2025-08-03 22:34:59,623 - INFO - Finished G&C, time elapsed=13.706033945083618s
2025-08-03 22:34:59,625 - INFO - Finished seed=6
2025-08-03 22:34:59,625 - INFO - Starting seed=7
2025-08-03 22:34:59,627 - INFO - A_teacher is 0.31256014108657837
2025-08-03 22:34:59,629 - INFO - Starting G&C
2025-08-03 22:35:13,768 - INFO - Finished G&C, time elapsed=14.139145135879517s
2025-08-03 22:35:13,769 - INFO - Finished seed=7
2025-08-03 22:35:13,769 - INFO - ----------------------------------------------------------------------------------------------------------------------------------------------
2025-08-03 22:35:13,769 - INFO - ----------------------------------------------------------------------------------------------------------------------------------------------
2025-08-03 22:35:13,769 - INFO - Finished student_dim=34
2025-08-03 22:35:13,770 - INFO - G&C avg gen_loss = 1.4919531477516617
2025-08-03 22:35:13,770 - INFO - ----------------------------------------------------------------------------------------------------------------------------------------------
2025-08-03 22:35:14,416 - INFO - Finished experiments, results saved to results_gnc_seq_len=3_num_measurements=1_input_e1=False_time=20250803-223513.csv, figures saved to plot_gnc_seq_len=3_num_measurements=1_input_e1=False_time=20250803-223513
