2025-08-04 18:43:13,868 - INFO - Using device mps.
2025-08-04 18:43:13,868 - INFO - Args: Namespace(num_seeds=1, num_measurements=1, input_e1=True, sequence_length=5, teacher_ranks=[1], student_dims=[10, 11, 12, 13, 14, 15, 16, 17, 18, 19, 20, 21, 22, 23, 24, 25, 26, 27, 28, 29, 30, 31, 32, 33, 34], calc_loss_only_on_last_output=True, eps_train=1e-15, gnc=True, gnc_num_samples=100000000, gnc_batch_size=1000000, gd=False, gd_lr=0.001, gd_epochs=1000000, gd_init_scale=0.01, gd_optimizer='adam', config=None, results_dir=PosixPath('results'), figures_dir=PosixPath('figures'), log_dir=PosixPath('logs'))
2025-08-04 18:43:13,878 - INFO - Starting teacher_rank=1
2025-08-04 18:43:13,878 - INFO - Starting student_dim=10
2025-08-04 18:43:13,878 - INFO - Starting seed=0
2025-08-04 18:43:13,883 - INFO - A_teacher is 0.6653100252151489
2025-08-04 18:43:13,908 - INFO - Starting G&C
2025-08-04 18:43:17,996 - INFO - Finished G&C, time elapsed=4.087648868560791s
2025-08-04 18:43:17,996 - INFO - Finished seed=0
2025-08-04 18:43:17,996 - INFO - ----------------------------------------------------------------------------------------------------------------------------------------------
2025-08-04 18:43:17,996 - INFO - ----------------------------------------------------------------------------------------------------------------------------------------------
2025-08-04 18:43:17,996 - INFO - Finished student_dim=10
2025-08-04 18:43:17,997 - INFO - G&C avg gen_loss = 1.1244623394949096
2025-08-04 18:43:17,997 - INFO - ----------------------------------------------------------------------------------------------------------------------------------------------
2025-08-04 18:43:17,997 - INFO - Starting student_dim=11
2025-08-04 18:43:17,997 - INFO - Starting seed=0
2025-08-04 18:43:17,998 - INFO - A_teacher is 0.6540995836257935
2025-08-04 18:43:18,002 - INFO - Starting G&C
2025-08-04 18:43:22,093 - INFO - Finished G&C, time elapsed=4.090891122817993s
2025-08-04 18:43:22,093 - INFO - Finished seed=0
2025-08-04 18:43:22,093 - INFO - ----------------------------------------------------------------------------------------------------------------------------------------------
2025-08-04 18:43:22,093 - INFO - ----------------------------------------------------------------------------------------------------------------------------------------------
2025-08-04 18:43:22,093 - INFO - Finished student_dim=11
2025-08-04 18:43:22,093 - INFO - G&C avg gen_loss = 1.4207567274570465
2025-08-04 18:43:22,093 - INFO - ----------------------------------------------------------------------------------------------------------------------------------------------
2025-08-04 18:43:22,093 - INFO - Starting student_dim=12
2025-08-04 18:43:22,093 - INFO - Starting seed=0
2025-08-04 18:43:22,094 - INFO - A_teacher is 0.6540995836257935
2025-08-04 18:43:22,098 - INFO - Starting G&C
2025-08-04 18:43:26,243 - INFO - Finished G&C, time elapsed=4.144270181655884s
2025-08-04 18:43:26,243 - INFO - Finished seed=0
2025-08-04 18:43:26,243 - INFO - ----------------------------------------------------------------------------------------------------------------------------------------------
2025-08-04 18:43:26,243 - INFO - ----------------------------------------------------------------------------------------------------------------------------------------------
2025-08-04 18:43:26,243 - INFO - Finished student_dim=12
2025-08-04 18:43:26,243 - INFO - G&C avg gen_loss = 1.4777374433146582
2025-08-04 18:43:26,243 - INFO - ----------------------------------------------------------------------------------------------------------------------------------------------
2025-08-04 18:43:26,243 - INFO - Starting student_dim=13
2025-08-04 18:43:26,243 - INFO - Starting seed=0
2025-08-04 18:43:26,244 - INFO - A_teacher is 0.6540995836257935
2025-08-04 18:43:26,248 - INFO - Starting G&C
2025-08-04 18:43:30,575 - INFO - Finished G&C, time elapsed=4.327559947967529s
2025-08-04 18:43:30,576 - INFO - Finished seed=0
2025-08-04 18:43:30,576 - INFO - ----------------------------------------------------------------------------------------------------------------------------------------------
2025-08-04 18:43:30,576 - INFO - ----------------------------------------------------------------------------------------------------------------------------------------------
2025-08-04 18:43:30,576 - INFO - Finished student_dim=13
2025-08-04 18:43:30,576 - INFO - G&C avg gen_loss = 2.0714479396119714
2025-08-04 18:43:30,576 - INFO - ----------------------------------------------------------------------------------------------------------------------------------------------
2025-08-04 18:43:30,576 - INFO - Starting student_dim=14
2025-08-04 18:43:30,576 - INFO - Starting seed=0
2025-08-04 18:43:30,577 - INFO - A_teacher is 0.6540995836257935
2025-08-04 18:43:30,580 - INFO - Starting G&C
2025-08-04 18:43:34,915 - INFO - Finished G&C, time elapsed=4.334496021270752s
2025-08-04 18:43:34,915 - INFO - Finished seed=0
2025-08-04 18:43:34,915 - INFO - ----------------------------------------------------------------------------------------------------------------------------------------------
2025-08-04 18:43:34,915 - INFO - ----------------------------------------------------------------------------------------------------------------------------------------------
2025-08-04 18:43:34,915 - INFO - Finished student_dim=14
2025-08-04 18:43:34,915 - INFO - G&C avg gen_loss = 2.47036241988341
2025-08-04 18:43:34,915 - INFO - ----------------------------------------------------------------------------------------------------------------------------------------------
2025-08-04 18:43:34,915 - INFO - Starting student_dim=15
2025-08-04 18:43:34,916 - INFO - Starting seed=0
2025-08-04 18:43:34,917 - INFO - A_teacher is 0.6540995836257935
2025-08-04 18:43:34,920 - INFO - Starting G&C
2025-08-04 18:43:39,384 - INFO - Finished G&C, time elapsed=4.463675022125244s
2025-08-04 18:43:39,384 - INFO - Finished seed=0
2025-08-04 18:43:39,384 - INFO - ----------------------------------------------------------------------------------------------------------------------------------------------
2025-08-04 18:43:39,384 - INFO - ----------------------------------------------------------------------------------------------------------------------------------------------
2025-08-04 18:43:39,384 - INFO - Finished student_dim=15
2025-08-04 18:43:39,384 - INFO - G&C avg gen_loss = 1.7214225041014808
2025-08-04 18:43:39,384 - INFO - ----------------------------------------------------------------------------------------------------------------------------------------------
2025-08-04 18:43:39,384 - INFO - Starting student_dim=16
2025-08-04 18:43:39,384 - INFO - Starting seed=0
2025-08-04 18:43:39,385 - INFO - A_teacher is 0.6540995836257935
2025-08-04 18:43:39,389 - INFO - Starting G&C
2025-08-04 18:43:43,942 - INFO - Finished G&C, time elapsed=4.553208112716675s
2025-08-04 18:43:43,942 - INFO - Finished seed=0
2025-08-04 18:43:43,942 - INFO - ----------------------------------------------------------------------------------------------------------------------------------------------
2025-08-04 18:43:43,942 - INFO - ----------------------------------------------------------------------------------------------------------------------------------------------
2025-08-04 18:43:43,942 - INFO - Finished student_dim=16
2025-08-04 18:43:43,942 - INFO - G&C avg gen_loss = 4.705246438582738
2025-08-04 18:43:43,942 - INFO - ----------------------------------------------------------------------------------------------------------------------------------------------
2025-08-04 18:43:43,942 - INFO - Starting student_dim=17
2025-08-04 18:43:43,942 - INFO - Starting seed=0
2025-08-04 18:43:43,943 - INFO - A_teacher is 0.6540995836257935
2025-08-04 18:43:43,947 - INFO - Starting G&C
2025-08-04 18:43:48,545 - INFO - Finished G&C, time elapsed=4.598457098007202s
2025-08-04 18:43:48,545 - INFO - Finished seed=0
2025-08-04 18:43:48,545 - INFO - ----------------------------------------------------------------------------------------------------------------------------------------------
2025-08-04 18:43:48,545 - INFO - ----------------------------------------------------------------------------------------------------------------------------------------------
2025-08-04 18:43:48,545 - INFO - Finished student_dim=17
2025-08-04 18:43:48,545 - INFO - G&C avg gen_loss = 3.293146098201925
2025-08-04 18:43:48,545 - INFO - ----------------------------------------------------------------------------------------------------------------------------------------------
2025-08-04 18:43:48,546 - INFO - Starting student_dim=18
2025-08-04 18:43:48,546 - INFO - Starting seed=0
2025-08-04 18:43:48,547 - INFO - A_teacher is 0.6540995836257935
2025-08-04 18:43:48,550 - INFO - Starting G&C
2025-08-04 18:43:53,224 - INFO - Finished G&C, time elapsed=4.674690008163452s
2025-08-04 18:43:53,225 - INFO - Finished seed=0
2025-08-04 18:43:53,225 - INFO - ----------------------------------------------------------------------------------------------------------------------------------------------
2025-08-04 18:43:53,225 - INFO - ----------------------------------------------------------------------------------------------------------------------------------------------
2025-08-04 18:43:53,225 - INFO - Finished student_dim=18
2025-08-04 18:43:53,225 - INFO - G&C avg gen_loss = 3.639520134244646
2025-08-04 18:43:53,225 - INFO - ----------------------------------------------------------------------------------------------------------------------------------------------
2025-08-04 18:43:53,225 - INFO - Starting student_dim=19
2025-08-04 18:43:53,225 - INFO - Starting seed=0
2025-08-04 18:43:53,226 - INFO - A_teacher is 0.6540995836257935
2025-08-04 18:43:53,229 - INFO - Starting G&C
2025-08-04 18:43:58,040 - INFO - Finished G&C, time elapsed=4.810910940170288s
2025-08-04 18:43:58,040 - INFO - Finished seed=0
2025-08-04 18:43:58,041 - INFO - ----------------------------------------------------------------------------------------------------------------------------------------------
2025-08-04 18:43:58,041 - INFO - ----------------------------------------------------------------------------------------------------------------------------------------------
2025-08-04 18:43:58,041 - INFO - Finished student_dim=19
2025-08-04 18:43:58,041 - INFO - G&C avg gen_loss = 1.966951493706022
2025-08-04 18:43:58,041 - INFO - ----------------------------------------------------------------------------------------------------------------------------------------------
2025-08-04 18:43:58,041 - INFO - Starting student_dim=20
2025-08-04 18:43:58,041 - INFO - Starting seed=0
2025-08-04 18:43:58,042 - INFO - A_teacher is 0.6540995836257935
2025-08-04 18:43:58,045 - INFO - Starting G&C
2025-08-04 18:44:02,963 - INFO - Finished G&C, time elapsed=4.918022155761719s
2025-08-04 18:44:02,964 - INFO - Finished seed=0
2025-08-04 18:44:02,964 - INFO - ----------------------------------------------------------------------------------------------------------------------------------------------
2025-08-04 18:44:02,964 - INFO - ----------------------------------------------------------------------------------------------------------------------------------------------
2025-08-04 18:44:02,964 - INFO - Finished student_dim=20
2025-08-04 18:44:02,964 - INFO - G&C avg gen_loss = 2.178533929235795
2025-08-04 18:44:02,964 - INFO - ----------------------------------------------------------------------------------------------------------------------------------------------
2025-08-04 18:44:02,964 - INFO - Starting student_dim=21
2025-08-04 18:44:02,964 - INFO - Starting seed=0
2025-08-04 18:44:02,965 - INFO - A_teacher is 0.6540995836257935
2025-08-04 18:44:02,969 - INFO - Starting G&C
2025-08-04 18:44:07,995 - INFO - Finished G&C, time elapsed=5.026095151901245s
2025-08-04 18:44:07,995 - INFO - Finished seed=0
2025-08-04 18:44:07,995 - INFO - ----------------------------------------------------------------------------------------------------------------------------------------------
2025-08-04 18:44:07,995 - INFO - ----------------------------------------------------------------------------------------------------------------------------------------------
2025-08-04 18:44:07,995 - INFO - Finished student_dim=21
2025-08-04 18:44:07,995 - INFO - G&C avg gen_loss = 5.881793260574341
2025-08-04 18:44:07,995 - INFO - ----------------------------------------------------------------------------------------------------------------------------------------------
2025-08-04 18:44:07,995 - INFO - Starting student_dim=22
2025-08-04 18:44:07,995 - INFO - Starting seed=0
2025-08-04 18:44:07,997 - INFO - A_teacher is 0.6540995836257935
2025-08-04 18:44:08,000 - INFO - Starting G&C
2025-08-04 18:44:13,254 - INFO - Finished G&C, time elapsed=5.25421404838562s
2025-08-04 18:44:13,254 - INFO - Finished seed=0
2025-08-04 18:44:13,254 - INFO - ----------------------------------------------------------------------------------------------------------------------------------------------
2025-08-04 18:44:13,254 - INFO - ----------------------------------------------------------------------------------------------------------------------------------------------
2025-08-04 18:44:13,254 - INFO - Finished student_dim=22
2025-08-04 18:44:13,254 - INFO - G&C avg gen_loss = 1.386203408241272
2025-08-04 18:44:13,254 - INFO - ----------------------------------------------------------------------------------------------------------------------------------------------
2025-08-04 18:44:13,255 - INFO - Starting student_dim=23
2025-08-04 18:44:13,255 - INFO - Starting seed=0
2025-08-04 18:44:13,256 - INFO - A_teacher is 0.6540995836257935
2025-08-04 18:44:13,259 - INFO - Starting G&C
2025-08-04 18:44:18,550 - INFO - Finished G&C, time elapsed=5.290543794631958s
2025-08-04 18:44:18,550 - INFO - Finished seed=0
2025-08-04 18:44:18,550 - INFO - ----------------------------------------------------------------------------------------------------------------------------------------------
2025-08-04 18:44:18,550 - INFO - ----------------------------------------------------------------------------------------------------------------------------------------------
2025-08-04 18:44:18,550 - INFO - Finished student_dim=23
2025-08-04 18:44:18,550 - INFO - G&C avg gen_loss = 0.9195793271064758
2025-08-04 18:44:18,550 - INFO - ----------------------------------------------------------------------------------------------------------------------------------------------
2025-08-04 18:44:18,550 - INFO - Starting student_dim=24
2025-08-04 18:44:18,550 - INFO - Starting seed=0
2025-08-04 18:44:18,551 - INFO - A_teacher is 0.6540995836257935
2025-08-04 18:44:18,555 - INFO - Starting G&C
2025-08-04 18:44:23,828 - INFO - Finished G&C, time elapsed=5.27311372756958s
2025-08-04 18:44:23,828 - INFO - Finished seed=0
2025-08-04 18:44:23,828 - INFO - ----------------------------------------------------------------------------------------------------------------------------------------------
2025-08-04 18:44:23,828 - INFO - ----------------------------------------------------------------------------------------------------------------------------------------------
2025-08-04 18:44:23,828 - INFO - Finished student_dim=24
2025-08-04 18:44:23,828 - INFO - G&C avg gen_loss = 2.622358560562134
2025-08-04 18:44:23,828 - INFO - ----------------------------------------------------------------------------------------------------------------------------------------------
2025-08-04 18:44:23,828 - INFO - Starting student_dim=25
2025-08-04 18:44:23,829 - INFO - Starting seed=0
2025-08-04 18:44:23,830 - INFO - A_teacher is 0.6540995836257935
2025-08-04 18:44:23,835 - INFO - Starting G&C
2025-08-04 18:44:29,457 - INFO - Finished G&C, time elapsed=5.622737884521484s
2025-08-04 18:44:29,458 - INFO - Finished seed=0
2025-08-04 18:44:29,458 - INFO - ----------------------------------------------------------------------------------------------------------------------------------------------
2025-08-04 18:44:29,458 - INFO - ----------------------------------------------------------------------------------------------------------------------------------------------
2025-08-04 18:44:29,458 - INFO - Finished student_dim=25
2025-08-04 18:44:29,458 - INFO - G&C avg gen_loss = 7.908889651298523
2025-08-04 18:44:29,458 - INFO - ----------------------------------------------------------------------------------------------------------------------------------------------
2025-08-04 18:44:29,458 - INFO - Starting student_dim=26
2025-08-04 18:44:29,458 - INFO - Starting seed=0
2025-08-04 18:44:29,459 - INFO - A_teacher is 0.6540995836257935
2025-08-04 18:44:29,463 - INFO - Starting G&C
2025-08-04 18:44:35,064 - INFO - Finished G&C, time elapsed=5.600705146789551s
2025-08-04 18:44:35,064 - INFO - Finished seed=0
2025-08-04 18:44:35,064 - INFO - ----------------------------------------------------------------------------------------------------------------------------------------------
2025-08-04 18:44:35,064 - INFO - ----------------------------------------------------------------------------------------------------------------------------------------------
2025-08-04 18:44:35,064 - INFO - Finished student_dim=26
2025-08-04 18:44:35,064 - INFO - G&C avg gen_loss = 4.383933345476787
2025-08-04 18:44:35,064 - INFO - ----------------------------------------------------------------------------------------------------------------------------------------------
2025-08-04 18:44:35,064 - INFO - Starting student_dim=27
2025-08-04 18:44:35,064 - INFO - Starting seed=0
2025-08-04 18:44:35,065 - INFO - A_teacher is 0.6540995836257935
2025-08-04 18:44:35,068 - INFO - Starting G&C
2025-08-04 18:44:40,616 - INFO - Finished G&C, time elapsed=5.547384977340698s
2025-08-04 18:44:40,617 - INFO - Finished seed=0
2025-08-04 18:44:40,617 - INFO - ----------------------------------------------------------------------------------------------------------------------------------------------
2025-08-04 18:44:40,617 - INFO - ----------------------------------------------------------------------------------------------------------------------------------------------
2025-08-04 18:44:40,617 - INFO - Finished student_dim=27
2025-08-04 18:44:40,617 - INFO - G&C avg gen_loss = 0.7897304594516754
2025-08-04 18:44:40,617 - INFO - ----------------------------------------------------------------------------------------------------------------------------------------------
2025-08-04 18:44:40,617 - INFO - Starting student_dim=28
2025-08-04 18:44:40,618 - INFO - Starting seed=0
2025-08-04 18:44:40,618 - INFO - A_teacher is 0.6540995836257935
2025-08-04 18:44:40,622 - INFO - Starting G&C
2025-08-04 18:44:46,920 - INFO - Finished G&C, time elapsed=6.297477960586548s
2025-08-04 18:44:46,920 - INFO - Finished seed=0
2025-08-04 18:44:46,920 - INFO - ----------------------------------------------------------------------------------------------------------------------------------------------
2025-08-04 18:44:46,920 - INFO - ----------------------------------------------------------------------------------------------------------------------------------------------
2025-08-04 18:44:46,920 - INFO - Finished student_dim=28
2025-08-04 18:44:46,920 - INFO - G&C avg gen_loss = 1.6568107604980469
2025-08-04 18:44:46,920 - INFO - ----------------------------------------------------------------------------------------------------------------------------------------------
2025-08-04 18:44:46,920 - INFO - Starting student_dim=29
2025-08-04 18:44:46,921 - INFO - Starting seed=0
2025-08-04 18:44:46,922 - INFO - A_teacher is 0.6540995836257935
2025-08-04 18:44:46,925 - INFO - Starting G&C
2025-08-04 18:44:52,654 - INFO - Finished G&C, time elapsed=5.728637933731079s
2025-08-04 18:44:52,654 - INFO - Finished seed=0
2025-08-04 18:44:52,654 - INFO - ----------------------------------------------------------------------------------------------------------------------------------------------
2025-08-04 18:44:52,654 - INFO - ----------------------------------------------------------------------------------------------------------------------------------------------
2025-08-04 18:44:52,654 - INFO - Finished student_dim=29
2025-08-04 18:44:52,655 - INFO - G&C avg gen_loss = 0.9458168745040894
2025-08-04 18:44:52,655 - INFO - ----------------------------------------------------------------------------------------------------------------------------------------------
2025-08-04 18:44:52,655 - INFO - Starting student_dim=30
2025-08-04 18:44:52,655 - INFO - Starting seed=0
2025-08-04 18:44:52,656 - INFO - A_teacher is 0.6540995836257935
2025-08-04 18:44:52,660 - INFO - Starting G&C
2025-08-04 18:44:58,948 - INFO - Finished G&C, time elapsed=6.2882702350616455s
2025-08-04 18:44:58,949 - INFO - Finished seed=0
2025-08-04 18:44:58,949 - INFO - ----------------------------------------------------------------------------------------------------------------------------------------------
2025-08-04 18:44:58,949 - INFO - ----------------------------------------------------------------------------------------------------------------------------------------------
2025-08-04 18:44:58,949 - INFO - Finished student_dim=30
2025-08-04 18:44:58,949 - INFO - G&C avg gen_loss = 2.7655792236328125
2025-08-04 18:44:58,949 - INFO - ----------------------------------------------------------------------------------------------------------------------------------------------
2025-08-04 18:44:58,949 - INFO - Starting student_dim=31
2025-08-04 18:44:58,949 - INFO - Starting seed=0
2025-08-04 18:44:58,950 - INFO - A_teacher is 0.6540995836257935
2025-08-04 18:44:58,954 - INFO - Starting G&C
2025-08-04 18:45:04,760 - INFO - No GNC sensing losses
2025-08-04 18:45:05,176 - INFO - Finished G&C, time elapsed=6.221443176269531s
2025-08-04 18:45:05,176 - INFO - Finished seed=0
2025-08-04 18:45:05,176 - INFO - ----------------------------------------------------------------------------------------------------------------------------------------------
2025-08-04 18:45:05,176 - INFO - ----------------------------------------------------------------------------------------------------------------------------------------------
2025-08-04 18:45:05,176 - INFO - Finished student_dim=31
2025-08-04 18:45:05,176 - INFO - G&C avg gen_loss = nan
2025-08-04 18:45:05,176 - INFO - ----------------------------------------------------------------------------------------------------------------------------------------------
2025-08-04 18:45:05,176 - INFO - Starting student_dim=32
2025-08-04 18:45:05,176 - INFO - Starting seed=0
2025-08-04 18:45:05,177 - INFO - A_teacher is 0.6540995836257935
2025-08-04 18:45:05,181 - INFO - Starting G&C
2025-08-04 18:45:11,266 - INFO - No GNC sensing losses
2025-08-04 18:45:11,600 - INFO - Finished G&C, time elapsed=6.418859958648682s
2025-08-04 18:45:11,600 - INFO - Finished seed=0
2025-08-04 18:45:11,601 - INFO - ----------------------------------------------------------------------------------------------------------------------------------------------
2025-08-04 18:45:11,601 - INFO - ----------------------------------------------------------------------------------------------------------------------------------------------
2025-08-04 18:45:11,601 - INFO - Finished student_dim=32
2025-08-04 18:45:11,601 - INFO - G&C avg gen_loss = nan
2025-08-04 18:45:11,601 - INFO - ----------------------------------------------------------------------------------------------------------------------------------------------
2025-08-04 18:45:11,601 - INFO - Starting student_dim=33
2025-08-04 18:45:11,601 - INFO - Starting seed=0
2025-08-04 18:45:11,602 - INFO - A_teacher is 0.6540995836257935
2025-08-04 18:45:11,607 - INFO - Starting G&C
2025-08-04 18:45:17,841 - INFO - Finished G&C, time elapsed=6.2330710887908936s
2025-08-04 18:45:17,841 - INFO - Finished seed=0
2025-08-04 18:45:17,841 - INFO - ----------------------------------------------------------------------------------------------------------------------------------------------
2025-08-04 18:45:17,841 - INFO - ----------------------------------------------------------------------------------------------------------------------------------------------
2025-08-04 18:45:17,841 - INFO - Finished student_dim=33
2025-08-04 18:45:17,841 - INFO - G&C avg gen_loss = 2.8775739669799805
2025-08-04 18:45:17,841 - INFO - ----------------------------------------------------------------------------------------------------------------------------------------------
2025-08-04 18:45:17,841 - INFO - Starting student_dim=34
2025-08-04 18:45:17,842 - INFO - Starting seed=0
2025-08-04 18:45:17,843 - INFO - A_teacher is 0.6540995836257935
2025-08-04 18:45:17,846 - INFO - Starting G&C
2025-08-04 18:45:24,821 - INFO - Finished G&C, time elapsed=6.974754810333252s
2025-08-04 18:45:24,822 - INFO - Finished seed=0
2025-08-04 18:45:24,822 - INFO - ----------------------------------------------------------------------------------------------------------------------------------------------
2025-08-04 18:45:24,822 - INFO - ----------------------------------------------------------------------------------------------------------------------------------------------
2025-08-04 18:45:24,822 - INFO - Finished student_dim=34
2025-08-04 18:45:24,822 - INFO - G&C avg gen_loss = 6.1097110112508135
2025-08-04 18:45:24,822 - INFO - ----------------------------------------------------------------------------------------------------------------------------------------------
2025-08-04 18:45:25,083 - INFO - Finished experiments, results saved to results_gnc_seq_len=5_num_measurements=1_input_e1=True_time=20250804-184524.csv, figures saved to plot_gnc_seq_len=5_num_measurements=1_input_e1=True_time=20250804-184524
