2025-08-04 19:12:42,556 - INFO - Using device mps.
2025-08-04 19:12:42,556 - INFO - Args: Namespace(num_seeds=1, num_measurements=1, input_e1=True, sequence_length=5, teacher_ranks=[1], student_dims=[10, 11, 12, 13, 14, 15, 16, 17, 18, 19, 20, 21, 22, 23, 24, 25, 26, 27, 28, 29], calc_loss_only_on_last_output=True, eps_train=1e-15, gnc=True, gnc_num_samples=1000000000, gnc_batch_size=1000000, gd=False, gd_lr=0.001, gd_epochs=1000000, gd_init_scale=0.01, gd_optimizer='adam', config=None, results_dir=PosixPath('results'), figures_dir=PosixPath('figures'), log_dir=PosixPath('logs'))
2025-08-04 19:12:42,566 - INFO - Starting teacher_rank=1
2025-08-04 19:12:42,566 - INFO - Starting student_dim=10
2025-08-04 19:12:42,567 - INFO - Starting seed=0
2025-08-04 19:12:42,572 - INFO - A_teacher is 0.4488503634929657
2025-08-04 19:12:42,598 - INFO - Starting G&C
2025-08-04 19:15:00,976 - INFO - Finished G&C, time elapsed=138.37489318847656s
2025-08-04 19:15:00,980 - INFO - Finished seed=0
2025-08-04 19:15:00,986 - INFO - ----------------------------------------------------------------------------------------------------------------------------------------------
2025-08-04 19:15:00,986 - INFO - ----------------------------------------------------------------------------------------------------------------------------------------------
2025-08-04 19:15:00,986 - INFO - Finished student_dim=10
2025-08-04 19:15:00,994 - INFO - G&C avg gen_loss = 0.7591599013226537
2025-08-04 19:15:00,994 - INFO - ----------------------------------------------------------------------------------------------------------------------------------------------
2025-08-04 19:15:00,995 - INFO - Starting student_dim=11
2025-08-04 19:15:00,997 - INFO - Starting seed=0
2025-08-04 19:15:01,005 - INFO - A_teacher is 0.6540995836257935
2025-08-04 19:15:01,034 - INFO - Starting G&C
2025-08-04 19:17:11,654 - INFO - Finished G&C, time elapsed=130.6174829006195s
2025-08-04 19:17:11,656 - INFO - Finished seed=0
2025-08-04 19:17:11,660 - INFO - ----------------------------------------------------------------------------------------------------------------------------------------------
2025-08-04 19:17:11,660 - INFO - ----------------------------------------------------------------------------------------------------------------------------------------------
2025-08-04 19:17:11,660 - INFO - Finished student_dim=11
2025-08-04 19:17:11,664 - INFO - G&C avg gen_loss = 1.8619553305026961
2025-08-04 19:17:11,664 - INFO - ----------------------------------------------------------------------------------------------------------------------------------------------
2025-08-04 19:17:11,664 - INFO - Starting student_dim=12
2025-08-04 19:17:11,666 - INFO - Starting seed=0
2025-08-04 19:17:11,673 - INFO - A_teacher is 0.6540995836257935
2025-08-04 19:17:11,691 - INFO - Starting G&C
2025-08-04 19:19:13,544 - INFO - Finished G&C, time elapsed=121.8517861366272s
2025-08-04 19:19:13,546 - INFO - Finished seed=0
2025-08-04 19:19:13,549 - INFO - ----------------------------------------------------------------------------------------------------------------------------------------------
2025-08-04 19:19:13,549 - INFO - ----------------------------------------------------------------------------------------------------------------------------------------------
2025-08-04 19:19:13,549 - INFO - Finished student_dim=12
2025-08-04 19:19:13,552 - INFO - G&C avg gen_loss = 1.839364429456847
2025-08-04 19:19:13,552 - INFO - ----------------------------------------------------------------------------------------------------------------------------------------------
2025-08-04 19:19:13,552 - INFO - Starting student_dim=13
2025-08-04 19:19:13,553 - INFO - Starting seed=0
2025-08-04 19:19:13,560 - INFO - A_teacher is 0.6540995836257935
2025-08-04 19:19:13,579 - INFO - Starting G&C
2025-08-04 19:21:29,128 - INFO - Finished G&C, time elapsed=135.547376871109s
2025-08-04 19:21:29,130 - INFO - Finished seed=0
2025-08-04 19:21:29,132 - INFO - ----------------------------------------------------------------------------------------------------------------------------------------------
2025-08-04 19:21:29,132 - INFO - ----------------------------------------------------------------------------------------------------------------------------------------------
2025-08-04 19:21:29,132 - INFO - Finished student_dim=13
2025-08-04 19:21:29,134 - INFO - G&C avg gen_loss = 1.6116735696792603
2025-08-04 19:21:29,134 - INFO - ----------------------------------------------------------------------------------------------------------------------------------------------
2025-08-04 19:21:29,134 - INFO - Starting student_dim=14
2025-08-04 19:21:29,135 - INFO - Starting seed=0
2025-08-04 19:21:29,141 - INFO - A_teacher is 0.6540995836257935
2025-08-04 19:21:29,159 - INFO - Starting G&C
2025-08-04 19:23:38,416 - INFO - Finished G&C, time elapsed=129.25614213943481s
2025-08-04 19:23:38,418 - INFO - Finished seed=0
2025-08-04 19:23:38,422 - INFO - ----------------------------------------------------------------------------------------------------------------------------------------------
2025-08-04 19:23:38,422 - INFO - ----------------------------------------------------------------------------------------------------------------------------------------------
2025-08-04 19:23:38,422 - INFO - Finished student_dim=14
2025-08-04 19:23:38,424 - INFO - G&C avg gen_loss = 2.4342513942357265
2025-08-04 19:23:38,424 - INFO - ----------------------------------------------------------------------------------------------------------------------------------------------
2025-08-04 19:23:38,424 - INFO - Starting student_dim=15
2025-08-04 19:23:38,425 - INFO - Starting seed=0
2025-08-04 19:23:38,433 - INFO - A_teacher is 0.6540995836257935
2025-08-04 19:23:38,450 - INFO - Starting G&C
2025-08-04 19:25:55,168 - INFO - Finished G&C, time elapsed=136.71690011024475s
2025-08-04 19:25:55,170 - INFO - Finished seed=0
2025-08-04 19:25:55,173 - INFO - ----------------------------------------------------------------------------------------------------------------------------------------------
2025-08-04 19:25:55,173 - INFO - ----------------------------------------------------------------------------------------------------------------------------------------------
2025-08-04 19:25:55,173 - INFO - Finished student_dim=15
2025-08-04 19:25:55,175 - INFO - G&C avg gen_loss = 2.44789967086257
2025-08-04 19:25:55,175 - INFO - ----------------------------------------------------------------------------------------------------------------------------------------------
2025-08-04 19:25:55,176 - INFO - Starting student_dim=16
2025-08-04 19:25:55,177 - INFO - Starting seed=0
2025-08-04 19:25:55,184 - INFO - A_teacher is 0.6540995836257935
2025-08-04 19:25:55,201 - INFO - Starting G&C
2025-08-04 19:28:16,473 - INFO - Finished G&C, time elapsed=141.27116227149963s
2025-08-04 19:28:16,475 - INFO - Finished seed=0
2025-08-04 19:28:16,483 - INFO - ----------------------------------------------------------------------------------------------------------------------------------------------
2025-08-04 19:28:16,484 - INFO - ----------------------------------------------------------------------------------------------------------------------------------------------
2025-08-04 19:28:16,485 - INFO - Finished student_dim=16
2025-08-04 19:28:16,488 - INFO - G&C avg gen_loss = 2.3226568192243575
2025-08-04 19:28:16,488 - INFO - ----------------------------------------------------------------------------------------------------------------------------------------------
2025-08-04 19:28:16,488 - INFO - Starting student_dim=17
2025-08-04 19:28:16,489 - INFO - Starting seed=0
2025-08-04 19:28:16,496 - INFO - A_teacher is 0.6540995836257935
2025-08-04 19:28:16,528 - INFO - Starting G&C
2025-08-04 19:30:35,834 - INFO - Finished G&C, time elapsed=139.30453300476074s
2025-08-04 19:30:35,836 - INFO - Finished seed=0
2025-08-04 19:30:35,841 - INFO - ----------------------------------------------------------------------------------------------------------------------------------------------
2025-08-04 19:30:35,842 - INFO - ----------------------------------------------------------------------------------------------------------------------------------------------
2025-08-04 19:30:35,842 - INFO - Finished student_dim=17
2025-08-04 19:30:35,846 - INFO - G&C avg gen_loss = 2.931794157340413
2025-08-04 19:30:35,846 - INFO - ----------------------------------------------------------------------------------------------------------------------------------------------
2025-08-04 19:30:35,846 - INFO - Starting student_dim=18
2025-08-04 19:30:35,847 - INFO - Starting seed=0
2025-08-04 19:30:35,859 - INFO - A_teacher is 0.6540995836257935
2025-08-04 19:30:35,901 - INFO - Starting G&C
2025-08-04 19:33:08,309 - INFO - Finished G&C, time elapsed=152.40416383743286s
2025-08-04 19:33:08,313 - INFO - Finished seed=0
2025-08-04 19:33:08,320 - INFO - ----------------------------------------------------------------------------------------------------------------------------------------------
2025-08-04 19:33:08,320 - INFO - ----------------------------------------------------------------------------------------------------------------------------------------------
2025-08-04 19:33:08,320 - INFO - Finished student_dim=18
2025-08-04 19:33:08,329 - INFO - G&C avg gen_loss = 2.830939973776157
2025-08-04 19:33:08,329 - INFO - ----------------------------------------------------------------------------------------------------------------------------------------------
2025-08-04 19:33:08,329 - INFO - Starting student_dim=19
2025-08-04 19:33:08,330 - INFO - Starting seed=0
2025-08-04 19:33:08,361 - INFO - A_teacher is 0.6540995836257935
2025-08-04 19:33:08,381 - INFO - Starting G&C
2025-08-04 19:35:26,617 - INFO - Finished G&C, time elapsed=138.23451399803162s
2025-08-04 19:35:26,619 - INFO - Finished seed=0
2025-08-04 19:35:26,628 - INFO - ----------------------------------------------------------------------------------------------------------------------------------------------
2025-08-04 19:35:26,628 - INFO - ----------------------------------------------------------------------------------------------------------------------------------------------
2025-08-04 19:35:26,628 - INFO - Finished student_dim=19
2025-08-04 19:35:26,630 - INFO - G&C avg gen_loss = 2.14779975503049
2025-08-04 19:35:26,630 - INFO - ----------------------------------------------------------------------------------------------------------------------------------------------
2025-08-04 19:35:26,631 - INFO - Starting student_dim=20
2025-08-04 19:35:26,632 - INFO - Starting seed=0
2025-08-04 19:35:26,639 - INFO - A_teacher is 0.6540995836257935
2025-08-04 19:35:26,662 - INFO - Starting G&C
2025-08-04 19:37:49,932 - INFO - Finished G&C, time elapsed=143.2695870399475s
2025-08-04 19:37:49,934 - INFO - Finished seed=0
2025-08-04 19:37:49,937 - INFO - ----------------------------------------------------------------------------------------------------------------------------------------------
2025-08-04 19:37:49,937 - INFO - ----------------------------------------------------------------------------------------------------------------------------------------------
2025-08-04 19:37:49,937 - INFO - Finished student_dim=20
2025-08-04 19:37:49,940 - INFO - G&C avg gen_loss = 2.3275836432466703
2025-08-04 19:37:49,940 - INFO - ----------------------------------------------------------------------------------------------------------------------------------------------
2025-08-04 19:37:49,941 - INFO - Starting student_dim=21
2025-08-04 19:37:49,941 - INFO - Starting seed=0
2025-08-04 19:37:49,948 - INFO - A_teacher is 0.6540995836257935
2025-08-04 19:37:49,969 - INFO - Starting G&C
2025-08-04 19:40:15,330 - INFO - Finished G&C, time elapsed=145.3601038455963s
2025-08-04 19:40:15,332 - INFO - Finished seed=0
2025-08-04 19:40:15,337 - INFO - ----------------------------------------------------------------------------------------------------------------------------------------------
2025-08-04 19:40:15,337 - INFO - ----------------------------------------------------------------------------------------------------------------------------------------------
2025-08-04 19:40:15,337 - INFO - Finished student_dim=21
2025-08-04 19:40:15,343 - INFO - G&C avg gen_loss = 2.09588234352343
2025-08-04 19:40:15,343 - INFO - ----------------------------------------------------------------------------------------------------------------------------------------------
2025-08-04 19:40:15,344 - INFO - Starting student_dim=22
2025-08-04 19:40:15,345 - INFO - Starting seed=0
2025-08-04 19:40:15,353 - INFO - A_teacher is 0.6540995836257935
2025-08-04 19:40:15,400 - INFO - Starting G&C
2025-08-04 19:42:40,397 - INFO - Finished G&C, time elapsed=144.99505305290222s
2025-08-04 19:42:40,398 - INFO - Finished seed=0
2025-08-04 19:42:40,401 - INFO - ----------------------------------------------------------------------------------------------------------------------------------------------
2025-08-04 19:42:40,401 - INFO - ----------------------------------------------------------------------------------------------------------------------------------------------
2025-08-04 19:42:40,401 - INFO - Finished student_dim=22
2025-08-04 19:42:40,404 - INFO - G&C avg gen_loss = 1.6735597550868988
2025-08-04 19:42:40,405 - INFO - ----------------------------------------------------------------------------------------------------------------------------------------------
2025-08-04 19:42:40,405 - INFO - Starting student_dim=23
2025-08-04 19:42:40,406 - INFO - Starting seed=0
2025-08-04 19:42:40,413 - INFO - A_teacher is 0.6540995836257935
2025-08-04 19:42:40,442 - INFO - Starting G&C
2025-08-04 19:45:08,603 - INFO - Finished G&C, time elapsed=148.15567326545715s
2025-08-04 19:45:08,605 - INFO - Finished seed=0
2025-08-04 19:45:08,608 - INFO - ----------------------------------------------------------------------------------------------------------------------------------------------
2025-08-04 19:45:08,608 - INFO - ----------------------------------------------------------------------------------------------------------------------------------------------
2025-08-04 19:45:08,608 - INFO - Finished student_dim=23
2025-08-04 19:45:08,611 - INFO - G&C avg gen_loss = 2.185263986388842
2025-08-04 19:45:08,611 - INFO - ----------------------------------------------------------------------------------------------------------------------------------------------
2025-08-04 19:45:08,611 - INFO - Starting student_dim=24
2025-08-04 19:45:08,613 - INFO - Starting seed=0
2025-08-04 19:45:08,620 - INFO - A_teacher is 0.6540995836257935
2025-08-04 19:45:08,645 - INFO - Starting G&C
2025-08-04 19:47:30,529 - INFO - Finished G&C, time elapsed=141.8830051422119s
2025-08-04 19:47:30,530 - INFO - Finished seed=0
2025-08-04 19:47:30,532 - INFO - ----------------------------------------------------------------------------------------------------------------------------------------------
2025-08-04 19:47:30,532 - INFO - ----------------------------------------------------------------------------------------------------------------------------------------------
2025-08-04 19:47:30,532 - INFO - Finished student_dim=24
2025-08-04 19:47:30,535 - INFO - G&C avg gen_loss = 2.4125226241476994
2025-08-04 19:47:30,535 - INFO - ----------------------------------------------------------------------------------------------------------------------------------------------
2025-08-04 19:47:30,536 - INFO - Starting student_dim=25
2025-08-04 19:47:30,536 - INFO - Starting seed=0
2025-08-04 19:47:30,544 - INFO - A_teacher is 0.6540995836257935
2025-08-04 19:47:30,574 - INFO - Starting G&C
2025-08-04 19:50:06,742 - INFO - Finished G&C, time elapsed=156.16785502433777s
2025-08-04 19:50:06,744 - INFO - Finished seed=0
2025-08-04 19:50:06,752 - INFO - ----------------------------------------------------------------------------------------------------------------------------------------------
2025-08-04 19:50:06,753 - INFO - ----------------------------------------------------------------------------------------------------------------------------------------------
2025-08-04 19:50:06,753 - INFO - Finished student_dim=25
2025-08-04 19:50:06,755 - INFO - G&C avg gen_loss = 2.304122242235368
2025-08-04 19:50:06,756 - INFO - ----------------------------------------------------------------------------------------------------------------------------------------------
2025-08-04 19:50:06,756 - INFO - Starting student_dim=26
2025-08-04 19:50:06,756 - INFO - Starting seed=0
2025-08-04 19:50:06,760 - INFO - A_teacher is 0.6540995836257935
2025-08-04 19:50:06,782 - INFO - Starting G&C
2025-08-04 19:52:30,660 - INFO - Finished G&C, time elapsed=143.87707614898682s
2025-08-04 19:52:30,661 - INFO - Finished seed=0
2025-08-04 19:52:30,663 - INFO - ----------------------------------------------------------------------------------------------------------------------------------------------
2025-08-04 19:52:30,663 - INFO - ----------------------------------------------------------------------------------------------------------------------------------------------
2025-08-04 19:52:30,663 - INFO - Finished student_dim=26
2025-08-04 19:52:30,666 - INFO - G&C avg gen_loss = 2.765429144104322
2025-08-04 19:52:30,666 - INFO - ----------------------------------------------------------------------------------------------------------------------------------------------
2025-08-04 19:52:30,667 - INFO - Starting student_dim=27
2025-08-04 19:52:30,668 - INFO - Starting seed=0
2025-08-04 19:52:30,675 - INFO - A_teacher is 0.6540995836257935
2025-08-04 19:52:30,708 - INFO - Starting G&C
2025-08-04 19:54:50,338 - INFO - Finished G&C, time elapsed=139.62870717048645s
2025-08-04 19:54:50,340 - INFO - Finished seed=0
2025-08-04 19:54:50,343 - INFO - ----------------------------------------------------------------------------------------------------------------------------------------------
2025-08-04 19:54:50,344 - INFO - ----------------------------------------------------------------------------------------------------------------------------------------------
2025-08-04 19:54:50,344 - INFO - Finished student_dim=27
2025-08-04 19:54:50,348 - INFO - G&C avg gen_loss = 2.29756012947663
2025-08-04 19:54:50,348 - INFO - ----------------------------------------------------------------------------------------------------------------------------------------------
2025-08-04 19:54:50,349 - INFO - Starting student_dim=28
2025-08-04 19:54:50,350 - INFO - Starting seed=0
2025-08-04 19:54:50,358 - INFO - A_teacher is 0.6540995836257935
2025-08-04 19:54:50,399 - INFO - Starting G&C
2025-08-04 19:57:12,506 - INFO - Finished G&C, time elapsed=142.10673785209656s
2025-08-04 19:57:12,508 - INFO - Finished seed=0
2025-08-04 19:57:12,510 - INFO - ----------------------------------------------------------------------------------------------------------------------------------------------
2025-08-04 19:57:12,510 - INFO - ----------------------------------------------------------------------------------------------------------------------------------------------
2025-08-04 19:57:12,510 - INFO - Finished student_dim=28
2025-08-04 19:57:12,512 - INFO - G&C avg gen_loss = 2.752562641269631
2025-08-04 19:57:12,512 - INFO - ----------------------------------------------------------------------------------------------------------------------------------------------
2025-08-04 19:57:12,512 - INFO - Starting student_dim=29
2025-08-04 19:57:12,513 - INFO - Starting seed=0
2025-08-04 19:57:12,519 - INFO - A_teacher is 0.6540995836257935
2025-08-04 19:57:12,554 - INFO - Starting G&C
2025-08-04 20:21:17,398 - INFO - Finished G&C, time elapsed=1444.8425509929657s
2025-08-04 20:21:17,402 - INFO - Finished seed=0
2025-08-04 20:21:17,405 - INFO - ----------------------------------------------------------------------------------------------------------------------------------------------
2025-08-04 20:21:17,405 - INFO - ----------------------------------------------------------------------------------------------------------------------------------------------
2025-08-04 20:21:17,405 - INFO - Finished student_dim=29
2025-08-04 20:21:17,410 - INFO - G&C avg gen_loss = 2.359828687849499
2025-08-04 20:21:17,410 - INFO - ----------------------------------------------------------------------------------------------------------------------------------------------
2025-08-04 20:21:17,947 - INFO - Finished experiments, results saved to results_gnc_seq_len=5_num_measurements=1_input_e1=True_time=20250804-202117.csv, figures saved to plot_gnc_seq_len=5_num_measurements=1_input_e1=True_time=20250804-202117
