2025-08-03 20:14:15,228 - INFO - Using device mps.
2025-08-03 20:14:15,229 - INFO - Args: Namespace(num_seeds=1, num_measurements=1, input_e1=True, sequence_length=5, teacher_ranks=[1], student_dims=[3, 4, 5, 6, 7, 8, 9, 10, 11, 12, 13, 14, 15, 16, 17, 18, 19], calc_loss_only_on_last_output=True, eps_train=1e-08, gnc=True, gnc_num_samples=100000000, gnc_batch_size=10000000, gd=False, gd_lr=0.01, gd_epochs=100000, gd_init_scale=0.01, gd_optimizer='adam', config=None, results_dir=PosixPath('results'), figures_dir=PosixPath('figures'), log_dir=PosixPath('logs'))
2025-08-03 20:14:15,240 - INFO - Starting teacher_rank=1
2025-08-03 20:14:15,240 - INFO - Starting student_dim=3
2025-08-03 20:14:15,240 - INFO - Starting seed=0
2025-08-03 20:14:15,246 - INFO - A_teacher is 0.45852261781692505
2025-08-03 20:14:15,267 - INFO - Starting G&C
2025-08-03 20:14:18,946 - INFO - Finished G&C, time elapsed=3.678361177444458s
2025-08-03 20:14:18,946 - INFO - Finished seed=0
2025-08-03 20:14:18,946 - INFO - ----------------------------------------------------------------------------------------------------------------------------------------------
2025-08-03 20:14:18,946 - INFO - ----------------------------------------------------------------------------------------------------------------------------------------------
2025-08-03 20:14:18,946 - INFO - Finished student_dim=3
2025-08-03 20:14:18,946 - INFO - G&C avg gen_loss = 0.521869127379398
2025-08-03 20:14:18,946 - INFO - ----------------------------------------------------------------------------------------------------------------------------------------------
2025-08-03 20:14:18,947 - INFO - Starting student_dim=4
2025-08-03 20:14:18,947 - INFO - Starting seed=0
2025-08-03 20:14:18,948 - INFO - A_teacher is 0.6540995836257935
2025-08-03 20:14:18,951 - INFO - Starting G&C
2025-08-03 20:14:22,689 - INFO - Finished G&C, time elapsed=3.7377138137817383s
2025-08-03 20:14:22,689 - INFO - Finished seed=0
2025-08-03 20:14:22,689 - INFO - ----------------------------------------------------------------------------------------------------------------------------------------------
2025-08-03 20:14:22,689 - INFO - ----------------------------------------------------------------------------------------------------------------------------------------------
2025-08-03 20:14:22,689 - INFO - Finished student_dim=4
2025-08-03 20:14:22,689 - INFO - G&C avg gen_loss = 1.2494516698507514
2025-08-03 20:14:22,689 - INFO - ----------------------------------------------------------------------------------------------------------------------------------------------
2025-08-03 20:14:22,689 - INFO - Starting student_dim=5
2025-08-03 20:14:22,689 - INFO - Starting seed=0
2025-08-03 20:14:22,691 - INFO - A_teacher is 0.6540995836257935
2025-08-03 20:14:22,694 - INFO - Starting G&C
2025-08-03 20:14:26,483 - INFO - Finished G&C, time elapsed=3.7893948554992676s
2025-08-03 20:14:26,483 - INFO - Finished seed=0
2025-08-03 20:14:26,484 - INFO - ----------------------------------------------------------------------------------------------------------------------------------------------
2025-08-03 20:14:26,484 - INFO - ----------------------------------------------------------------------------------------------------------------------------------------------
2025-08-03 20:14:26,484 - INFO - Finished student_dim=5
2025-08-03 20:14:26,484 - INFO - G&C avg gen_loss = 1.3294949233691147
2025-08-03 20:14:26,484 - INFO - ----------------------------------------------------------------------------------------------------------------------------------------------
2025-08-03 20:14:26,484 - INFO - Starting student_dim=6
2025-08-03 20:14:26,484 - INFO - Starting seed=0
2025-08-03 20:14:26,485 - INFO - A_teacher is 0.6540995836257935
2025-08-03 20:14:26,489 - INFO - Starting G&C
2025-08-03 20:14:30,381 - INFO - Finished G&C, time elapsed=3.8921360969543457s
2025-08-03 20:14:30,381 - INFO - Finished seed=0
2025-08-03 20:14:30,381 - INFO - ----------------------------------------------------------------------------------------------------------------------------------------------
2025-08-03 20:14:30,381 - INFO - ----------------------------------------------------------------------------------------------------------------------------------------------
2025-08-03 20:14:30,381 - INFO - Finished student_dim=6
2025-08-03 20:14:30,381 - INFO - G&C avg gen_loss = 1.394108851873012
2025-08-03 20:14:30,381 - INFO - ----------------------------------------------------------------------------------------------------------------------------------------------
2025-08-03 20:14:30,381 - INFO - Starting student_dim=7
2025-08-03 20:14:30,381 - INFO - Starting seed=0
2025-08-03 20:14:30,383 - INFO - A_teacher is 0.6540995836257935
2025-08-03 20:14:30,386 - INFO - Starting G&C
2025-08-03 20:14:34,414 - INFO - Finished G&C, time elapsed=4.028228044509888s
2025-08-03 20:14:34,414 - INFO - Finished seed=0
2025-08-03 20:14:34,415 - INFO - ----------------------------------------------------------------------------------------------------------------------------------------------
2025-08-03 20:14:34,415 - INFO - ----------------------------------------------------------------------------------------------------------------------------------------------
2025-08-03 20:14:34,415 - INFO - Finished student_dim=7
2025-08-03 20:14:34,415 - INFO - G&C avg gen_loss = 1.483531472545548
2025-08-03 20:14:34,415 - INFO - ----------------------------------------------------------------------------------------------------------------------------------------------
2025-08-03 20:14:34,415 - INFO - Starting student_dim=8
2025-08-03 20:14:34,415 - INFO - Starting seed=0
2025-08-03 20:14:34,416 - INFO - A_teacher is 0.6540995836257935
2025-08-03 20:14:34,419 - INFO - Starting G&C
2025-08-03 20:14:38,643 - INFO - Finished G&C, time elapsed=4.223047971725464s
2025-08-03 20:14:38,643 - INFO - Finished seed=0
2025-08-03 20:14:38,643 - INFO - ----------------------------------------------------------------------------------------------------------------------------------------------
2025-08-03 20:14:38,643 - INFO - ----------------------------------------------------------------------------------------------------------------------------------------------
2025-08-03 20:14:38,643 - INFO - Finished student_dim=8
2025-08-03 20:14:38,643 - INFO - G&C avg gen_loss = 1.5516414908786975
2025-08-03 20:14:38,643 - INFO - ----------------------------------------------------------------------------------------------------------------------------------------------
2025-08-03 20:14:38,643 - INFO - Starting student_dim=9
2025-08-03 20:14:38,643 - INFO - Starting seed=0
2025-08-03 20:14:38,644 - INFO - A_teacher is 0.6540995836257935
2025-08-03 20:14:38,648 - INFO - Starting G&C
2025-08-03 20:14:42,993 - INFO - Finished G&C, time elapsed=4.345205068588257s
2025-08-03 20:14:42,993 - INFO - Finished seed=0
2025-08-03 20:14:42,993 - INFO - ----------------------------------------------------------------------------------------------------------------------------------------------
2025-08-03 20:14:42,993 - INFO - ----------------------------------------------------------------------------------------------------------------------------------------------
2025-08-03 20:14:42,993 - INFO - Finished student_dim=9
2025-08-03 20:14:42,993 - INFO - G&C avg gen_loss = 1.6176809732023225
2025-08-03 20:14:42,993 - INFO - ----------------------------------------------------------------------------------------------------------------------------------------------
2025-08-03 20:14:42,993 - INFO - Starting student_dim=10
2025-08-03 20:14:42,994 - INFO - Starting seed=0
2025-08-03 20:14:42,995 - INFO - A_teacher is 0.6540995836257935
2025-08-03 20:14:42,998 - INFO - Starting G&C
2025-08-03 20:14:47,617 - INFO - Finished G&C, time elapsed=4.61865496635437s
2025-08-03 20:14:47,617 - INFO - Finished seed=0
2025-08-03 20:14:47,617 - INFO - ----------------------------------------------------------------------------------------------------------------------------------------------
2025-08-03 20:14:47,617 - INFO - ----------------------------------------------------------------------------------------------------------------------------------------------
2025-08-03 20:14:47,617 - INFO - Finished student_dim=10
2025-08-03 20:14:47,617 - INFO - G&C avg gen_loss = 1.6815680549219258
2025-08-03 20:14:47,617 - INFO - ----------------------------------------------------------------------------------------------------------------------------------------------
2025-08-03 20:14:47,617 - INFO - Starting student_dim=11
2025-08-03 20:14:47,618 - INFO - Starting seed=0
2025-08-03 20:14:47,619 - INFO - A_teacher is 0.6540995836257935
2025-08-03 20:14:47,623 - INFO - Starting G&C
2025-08-03 20:14:52,663 - INFO - Finished G&C, time elapsed=5.039941072463989s
2025-08-03 20:14:52,663 - INFO - Finished seed=0
2025-08-03 20:14:52,663 - INFO - ----------------------------------------------------------------------------------------------------------------------------------------------
2025-08-03 20:14:52,663 - INFO - ----------------------------------------------------------------------------------------------------------------------------------------------
2025-08-03 20:14:52,663 - INFO - Finished student_dim=11
2025-08-03 20:14:52,664 - INFO - G&C avg gen_loss = 1.7643161791679653
2025-08-03 20:14:52,664 - INFO - ----------------------------------------------------------------------------------------------------------------------------------------------
2025-08-03 20:14:52,664 - INFO - Starting student_dim=12
2025-08-03 20:14:52,664 - INFO - Starting seed=0
2025-08-03 20:14:52,665 - INFO - A_teacher is 0.6540995836257935
2025-08-03 20:14:52,669 - INFO - Starting G&C
2025-08-03 20:14:57,628 - INFO - Finished G&C, time elapsed=4.958773851394653s
2025-08-03 20:14:57,628 - INFO - Finished seed=0
2025-08-03 20:14:57,628 - INFO - ----------------------------------------------------------------------------------------------------------------------------------------------
2025-08-03 20:14:57,629 - INFO - ----------------------------------------------------------------------------------------------------------------------------------------------
2025-08-03 20:14:57,629 - INFO - Finished student_dim=12
2025-08-03 20:14:57,629 - INFO - G&C avg gen_loss = 1.8133800449958135
2025-08-03 20:14:57,629 - INFO - ----------------------------------------------------------------------------------------------------------------------------------------------
2025-08-03 20:14:57,629 - INFO - Starting student_dim=13
2025-08-03 20:14:57,629 - INFO - Starting seed=0
2025-08-03 20:14:57,630 - INFO - A_teacher is 0.6540995836257935
2025-08-03 20:14:57,635 - INFO - Starting G&C
2025-08-03 20:15:02,941 - INFO - Finished G&C, time elapsed=5.305438995361328s
2025-08-03 20:15:02,941 - INFO - Finished seed=0
2025-08-03 20:15:02,941 - INFO - ----------------------------------------------------------------------------------------------------------------------------------------------
2025-08-03 20:15:02,941 - INFO - ----------------------------------------------------------------------------------------------------------------------------------------------
2025-08-03 20:15:02,941 - INFO - Finished student_dim=13
2025-08-03 20:15:02,942 - INFO - G&C avg gen_loss = 1.8672126306438215
2025-08-03 20:15:02,942 - INFO - ----------------------------------------------------------------------------------------------------------------------------------------------
2025-08-03 20:15:02,942 - INFO - Starting student_dim=14
2025-08-03 20:15:02,942 - INFO - Starting seed=0
2025-08-03 20:15:02,943 - INFO - A_teacher is 0.6540995836257935
2025-08-03 20:15:02,950 - INFO - Starting G&C
2025-08-03 20:15:09,956 - INFO - Finished G&C, time elapsed=7.00497579574585s
2025-08-03 20:15:09,956 - INFO - Finished seed=0
2025-08-03 20:15:09,956 - INFO - ----------------------------------------------------------------------------------------------------------------------------------------------
2025-08-03 20:15:09,956 - INFO - ----------------------------------------------------------------------------------------------------------------------------------------------
2025-08-03 20:15:09,956 - INFO - Finished student_dim=14
2025-08-03 20:15:09,957 - INFO - G&C avg gen_loss = 1.9429473541015698
2025-08-03 20:15:09,957 - INFO - ----------------------------------------------------------------------------------------------------------------------------------------------
2025-08-03 20:15:09,957 - INFO - Starting student_dim=15
2025-08-03 20:15:09,957 - INFO - Starting seed=0
2025-08-03 20:15:09,959 - INFO - A_teacher is 0.6540995836257935
2025-08-03 20:15:09,965 - INFO - Starting G&C
2025-08-03 20:15:15,983 - INFO - Finished G&C, time elapsed=6.018040180206299s
2025-08-03 20:15:15,983 - INFO - Finished seed=0
2025-08-03 20:15:15,984 - INFO - ----------------------------------------------------------------------------------------------------------------------------------------------
2025-08-03 20:15:15,984 - INFO - ----------------------------------------------------------------------------------------------------------------------------------------------
2025-08-03 20:15:15,984 - INFO - Finished student_dim=15
2025-08-03 20:15:15,984 - INFO - G&C avg gen_loss = 2.0049598996544757
2025-08-03 20:15:15,984 - INFO - ----------------------------------------------------------------------------------------------------------------------------------------------
2025-08-03 20:15:15,984 - INFO - Starting student_dim=16
2025-08-03 20:15:15,984 - INFO - Starting seed=0
2025-08-03 20:15:15,985 - INFO - A_teacher is 0.6540995836257935
2025-08-03 20:15:15,991 - INFO - Starting G&C
2025-08-03 20:15:21,457 - INFO - Finished G&C, time elapsed=5.46555495262146s
2025-08-03 20:15:21,457 - INFO - Finished seed=0
2025-08-03 20:15:21,457 - INFO - ----------------------------------------------------------------------------------------------------------------------------------------------
2025-08-03 20:15:21,457 - INFO - ----------------------------------------------------------------------------------------------------------------------------------------------
2025-08-03 20:15:21,457 - INFO - Finished student_dim=16
2025-08-03 20:15:21,457 - INFO - G&C avg gen_loss = 2.0605729307438905
2025-08-03 20:15:21,457 - INFO - ----------------------------------------------------------------------------------------------------------------------------------------------
2025-08-03 20:15:21,458 - INFO - Starting student_dim=17
2025-08-03 20:15:21,458 - INFO - Starting seed=0
2025-08-03 20:15:21,459 - INFO - A_teacher is 0.6540995836257935
2025-08-03 20:15:21,464 - INFO - Starting G&C
2025-08-03 20:15:26,974 - INFO - Finished G&C, time elapsed=5.5099780559539795s
2025-08-03 20:15:26,975 - INFO - Finished seed=0
2025-08-03 20:15:26,975 - INFO - ----------------------------------------------------------------------------------------------------------------------------------------------
2025-08-03 20:15:26,975 - INFO - ----------------------------------------------------------------------------------------------------------------------------------------------
2025-08-03 20:15:26,975 - INFO - Finished student_dim=17
2025-08-03 20:15:26,976 - INFO - G&C avg gen_loss = 2.1145463319653564
2025-08-03 20:15:26,976 - INFO - ----------------------------------------------------------------------------------------------------------------------------------------------
2025-08-03 20:15:26,976 - INFO - Starting student_dim=18
2025-08-03 20:15:26,976 - INFO - Starting seed=0
2025-08-03 20:15:26,977 - INFO - A_teacher is 0.6540995836257935
2025-08-03 20:15:26,988 - INFO - Starting G&C
2025-08-03 20:15:32,243 - INFO - Finished G&C, time elapsed=5.254758834838867s
2025-08-03 20:15:32,243 - INFO - Finished seed=0
2025-08-03 20:15:32,243 - INFO - ----------------------------------------------------------------------------------------------------------------------------------------------
2025-08-03 20:15:32,243 - INFO - ----------------------------------------------------------------------------------------------------------------------------------------------
2025-08-03 20:15:32,243 - INFO - Finished student_dim=18
2025-08-03 20:15:32,243 - INFO - G&C avg gen_loss = 2.1600932802969393
2025-08-03 20:15:32,243 - INFO - ----------------------------------------------------------------------------------------------------------------------------------------------
2025-08-03 20:15:32,243 - INFO - Starting student_dim=19
2025-08-03 20:15:32,244 - INFO - Starting seed=0
2025-08-03 20:15:32,245 - INFO - A_teacher is 0.6540995836257935
2025-08-03 20:15:32,249 - INFO - Starting G&C
2025-08-03 20:15:37,492 - INFO - Finished G&C, time elapsed=5.242654085159302s
2025-08-03 20:15:37,492 - INFO - Finished seed=0
2025-08-03 20:15:37,492 - INFO - ----------------------------------------------------------------------------------------------------------------------------------------------
2025-08-03 20:15:37,492 - INFO - ----------------------------------------------------------------------------------------------------------------------------------------------
2025-08-03 20:15:37,492 - INFO - Finished student_dim=19
2025-08-03 20:15:37,492 - INFO - G&C avg gen_loss = 2.2254959864622825
2025-08-03 20:15:37,492 - INFO - ----------------------------------------------------------------------------------------------------------------------------------------------
2025-08-03 20:15:37,851 - INFO - Finished experiments, results saved to results, figures saved to figures
