2025-08-03 21:54:48,289 - INFO - Using device mps.
2025-08-03 21:54:48,289 - INFO - Args: Namespace(num_seeds=1, num_measurements=1, input_e1=True, sequence_length=9, teacher_ranks=[1], student_dims=[15, 16, 17, 18, 19, 20, 21, 22, 23, 24, 25, 26, 27, 28, 29, 30, 31, 32, 33, 34], calc_loss_only_on_last_output=True, eps_train=1e-12, gnc=True, gnc_num_samples=100000000, gnc_batch_size=10000000, gd=False, gd_lr=0.01, gd_epochs=100000, gd_init_scale=0.01, gd_optimizer='adam', config=None, results_dir=PosixPath('results'), figures_dir=PosixPath('figures'), log_dir=PosixPath('logs'))
2025-08-03 21:54:48,299 - INFO - Starting teacher_rank=1
2025-08-03 21:54:48,300 - INFO - Starting student_dim=15
2025-08-03 21:54:48,300 - INFO - Starting seed=0
2025-08-03 21:54:48,307 - INFO - A_teacher is 0.5405477285385132
2025-08-03 21:54:48,337 - INFO - Starting G&C
2025-08-03 21:54:55,489 - INFO - Finished G&C, time elapsed=7.151156902313232s
2025-08-03 21:54:55,489 - INFO - Finished seed=0
2025-08-03 21:54:55,489 - INFO - ----------------------------------------------------------------------------------------------------------------------------------------------
2025-08-03 21:54:55,489 - INFO - ----------------------------------------------------------------------------------------------------------------------------------------------
2025-08-03 21:54:55,489 - INFO - Finished student_dim=15
2025-08-03 21:54:55,489 - INFO - G&C avg gen_loss = 1.8494323816240121
2025-08-03 21:54:55,489 - INFO - ----------------------------------------------------------------------------------------------------------------------------------------------
2025-08-03 21:54:55,489 - INFO - Starting student_dim=16
2025-08-03 21:54:55,489 - INFO - Starting seed=0
2025-08-03 21:54:55,490 - INFO - A_teacher is 0.6540995836257935
2025-08-03 21:54:55,494 - INFO - Starting G&C
2025-08-03 21:55:02,676 - INFO - Finished G&C, time elapsed=7.181958913803101s
2025-08-03 21:55:02,676 - INFO - Finished seed=0
2025-08-03 21:55:02,676 - INFO - ----------------------------------------------------------------------------------------------------------------------------------------------
2025-08-03 21:55:02,676 - INFO - ----------------------------------------------------------------------------------------------------------------------------------------------
2025-08-03 21:55:02,677 - INFO - Finished student_dim=16
2025-08-03 21:55:02,677 - INFO - G&C avg gen_loss = 2.8289142218861394
2025-08-03 21:55:02,677 - INFO - ----------------------------------------------------------------------------------------------------------------------------------------------
2025-08-03 21:55:02,677 - INFO - Starting student_dim=17
2025-08-03 21:55:02,677 - INFO - Starting seed=0
2025-08-03 21:55:02,678 - INFO - A_teacher is 0.6540995836257935
2025-08-03 21:55:02,682 - INFO - Starting G&C
2025-08-03 21:55:10,290 - INFO - Finished G&C, time elapsed=7.608346939086914s
2025-08-03 21:55:10,290 - INFO - Finished seed=0
2025-08-03 21:55:10,291 - INFO - ----------------------------------------------------------------------------------------------------------------------------------------------
2025-08-03 21:55:10,291 - INFO - ----------------------------------------------------------------------------------------------------------------------------------------------
2025-08-03 21:55:10,291 - INFO - Finished student_dim=17
2025-08-03 21:55:10,291 - INFO - G&C avg gen_loss = 2.77610396453096
2025-08-03 21:55:10,291 - INFO - ----------------------------------------------------------------------------------------------------------------------------------------------
2025-08-03 21:55:10,291 - INFO - Starting student_dim=18
2025-08-03 21:55:10,291 - INFO - Starting seed=0
2025-08-03 21:55:10,292 - INFO - A_teacher is 0.6540995836257935
2025-08-03 21:55:10,297 - INFO - Starting G&C
2025-08-03 21:55:18,465 - INFO - Finished G&C, time elapsed=8.168456077575684s
2025-08-03 21:55:18,466 - INFO - Finished seed=0
2025-08-03 21:55:18,467 - INFO - ----------------------------------------------------------------------------------------------------------------------------------------------
2025-08-03 21:55:18,467 - INFO - ----------------------------------------------------------------------------------------------------------------------------------------------
2025-08-03 21:55:18,467 - INFO - Finished student_dim=18
2025-08-03 21:55:18,467 - INFO - G&C avg gen_loss = 2.917991732988946
2025-08-03 21:55:18,467 - INFO - ----------------------------------------------------------------------------------------------------------------------------------------------
2025-08-03 21:55:18,467 - INFO - Starting student_dim=19
2025-08-03 21:55:18,467 - INFO - Starting seed=0
2025-08-03 21:55:18,468 - INFO - A_teacher is 0.6540995836257935
2025-08-03 21:55:18,473 - INFO - Starting G&C
2025-08-03 21:55:26,966 - INFO - Finished G&C, time elapsed=8.493172883987427s
2025-08-03 21:55:26,967 - INFO - Finished seed=0
2025-08-03 21:55:26,968 - INFO - ----------------------------------------------------------------------------------------------------------------------------------------------
2025-08-03 21:55:26,968 - INFO - ----------------------------------------------------------------------------------------------------------------------------------------------
2025-08-03 21:55:26,968 - INFO - Finished student_dim=19
2025-08-03 21:55:26,968 - INFO - G&C avg gen_loss = 2.947201153147203
2025-08-03 21:55:26,968 - INFO - ----------------------------------------------------------------------------------------------------------------------------------------------
2025-08-03 21:55:26,968 - INFO - Starting student_dim=20
2025-08-03 21:55:26,968 - INFO - Starting seed=0
2025-08-03 21:55:26,969 - INFO - A_teacher is 0.6540995836257935
2025-08-03 21:55:26,975 - INFO - Starting G&C
2025-08-03 21:55:35,563 - INFO - Finished G&C, time elapsed=8.586968898773193s
2025-08-03 21:55:35,563 - INFO - Finished seed=0
2025-08-03 21:55:35,564 - INFO - ----------------------------------------------------------------------------------------------------------------------------------------------
2025-08-03 21:55:35,564 - INFO - ----------------------------------------------------------------------------------------------------------------------------------------------
2025-08-03 21:55:35,564 - INFO - Finished student_dim=20
2025-08-03 21:55:35,564 - INFO - G&C avg gen_loss = 2.9682454336583137
2025-08-03 21:55:35,564 - INFO - ----------------------------------------------------------------------------------------------------------------------------------------------
2025-08-03 21:55:35,564 - INFO - Starting student_dim=21
2025-08-03 21:55:35,564 - INFO - Starting seed=0
2025-08-03 21:55:35,565 - INFO - A_teacher is 0.6540995836257935
2025-08-03 21:55:35,571 - INFO - Starting G&C
2025-08-03 21:55:44,287 - INFO - Finished G&C, time elapsed=8.714875221252441s
2025-08-03 21:55:44,288 - INFO - Finished seed=0
2025-08-03 21:55:44,289 - INFO - ----------------------------------------------------------------------------------------------------------------------------------------------
2025-08-03 21:55:44,289 - INFO - ----------------------------------------------------------------------------------------------------------------------------------------------
2025-08-03 21:55:44,289 - INFO - Finished student_dim=21
2025-08-03 21:55:44,289 - INFO - G&C avg gen_loss = 2.8514723626591945
2025-08-03 21:55:44,289 - INFO - ----------------------------------------------------------------------------------------------------------------------------------------------
2025-08-03 21:55:44,289 - INFO - Starting student_dim=22
2025-08-03 21:55:44,290 - INFO - Starting seed=0
2025-08-03 21:55:44,293 - INFO - A_teacher is 0.6540995836257935
2025-08-03 21:55:44,345 - INFO - Starting G&C
2025-08-03 21:55:53,166 - INFO - Finished G&C, time elapsed=8.821013689041138s
2025-08-03 21:55:53,167 - INFO - Finished seed=0
2025-08-03 21:55:53,167 - INFO - ----------------------------------------------------------------------------------------------------------------------------------------------
2025-08-03 21:55:53,167 - INFO - ----------------------------------------------------------------------------------------------------------------------------------------------
2025-08-03 21:55:53,167 - INFO - Finished student_dim=22
2025-08-03 21:55:53,168 - INFO - G&C avg gen_loss = 2.8049558934031262
2025-08-03 21:55:53,168 - INFO - ----------------------------------------------------------------------------------------------------------------------------------------------
2025-08-03 21:55:53,168 - INFO - Starting student_dim=23
2025-08-03 21:55:53,168 - INFO - Starting seed=0
2025-08-03 21:55:53,169 - INFO - A_teacher is 0.6540995836257935
2025-08-03 21:55:53,175 - INFO - Starting G&C
2025-08-03 21:56:02,231 - INFO - Finished G&C, time elapsed=9.055656909942627s
2025-08-03 21:56:02,232 - INFO - Finished seed=0
2025-08-03 21:56:02,232 - INFO - ----------------------------------------------------------------------------------------------------------------------------------------------
2025-08-03 21:56:02,232 - INFO - ----------------------------------------------------------------------------------------------------------------------------------------------
2025-08-03 21:56:02,232 - INFO - Finished student_dim=23
2025-08-03 21:56:02,233 - INFO - G&C avg gen_loss = 3.021506234508036
2025-08-03 21:56:02,233 - INFO - ----------------------------------------------------------------------------------------------------------------------------------------------
2025-08-03 21:56:02,233 - INFO - Starting student_dim=24
2025-08-03 21:56:02,233 - INFO - Starting seed=0
2025-08-03 21:56:02,234 - INFO - A_teacher is 0.6540995836257935
2025-08-03 21:56:02,240 - INFO - Starting G&C
2025-08-03 21:56:12,081 - INFO - Finished G&C, time elapsed=9.841190814971924s
2025-08-03 21:56:12,081 - INFO - Finished seed=0
2025-08-03 21:56:12,082 - INFO - ----------------------------------------------------------------------------------------------------------------------------------------------
2025-08-03 21:56:12,082 - INFO - ----------------------------------------------------------------------------------------------------------------------------------------------
2025-08-03 21:56:12,082 - INFO - Finished student_dim=24
2025-08-03 21:56:12,082 - INFO - G&C avg gen_loss = 3.069272328017285
2025-08-03 21:56:12,082 - INFO - ----------------------------------------------------------------------------------------------------------------------------------------------
2025-08-03 21:56:12,082 - INFO - Starting student_dim=25
2025-08-03 21:56:12,083 - INFO - Starting seed=0
2025-08-03 21:56:12,084 - INFO - A_teacher is 0.6540995836257935
2025-08-03 21:56:12,091 - INFO - Starting G&C
2025-08-03 21:56:22,176 - INFO - Finished G&C, time elapsed=10.085012912750244s
2025-08-03 21:56:22,178 - INFO - Finished seed=0
2025-08-03 21:56:22,178 - INFO - ----------------------------------------------------------------------------------------------------------------------------------------------
2025-08-03 21:56:22,178 - INFO - ----------------------------------------------------------------------------------------------------------------------------------------------
2025-08-03 21:56:22,178 - INFO - Finished student_dim=25
2025-08-03 21:56:22,178 - INFO - G&C avg gen_loss = 2.9659199314805034
2025-08-03 21:56:22,178 - INFO - ----------------------------------------------------------------------------------------------------------------------------------------------
2025-08-03 21:56:22,178 - INFO - Starting student_dim=26
2025-08-03 21:56:22,179 - INFO - Starting seed=0
2025-08-03 21:56:22,180 - INFO - A_teacher is 0.6540995836257935
2025-08-03 21:56:22,188 - INFO - Starting G&C
2025-08-03 21:56:31,884 - INFO - Finished G&C, time elapsed=9.69516110420227s
2025-08-03 21:56:31,885 - INFO - Finished seed=0
2025-08-03 21:56:31,885 - INFO - ----------------------------------------------------------------------------------------------------------------------------------------------
2025-08-03 21:56:31,885 - INFO - ----------------------------------------------------------------------------------------------------------------------------------------------
2025-08-03 21:56:31,885 - INFO - Finished student_dim=26
2025-08-03 21:56:31,886 - INFO - G&C avg gen_loss = 3.0630169427701843
2025-08-03 21:56:31,886 - INFO - ----------------------------------------------------------------------------------------------------------------------------------------------
2025-08-03 21:56:31,886 - INFO - Starting student_dim=27
2025-08-03 21:56:31,886 - INFO - Starting seed=0
2025-08-03 21:56:31,887 - INFO - A_teacher is 0.6540995836257935
2025-08-03 21:56:31,895 - INFO - Starting G&C
2025-08-03 21:56:42,643 - INFO - Finished G&C, time elapsed=10.74790072441101s
2025-08-03 21:56:42,643 - INFO - Finished seed=0
2025-08-03 21:56:42,644 - INFO - ----------------------------------------------------------------------------------------------------------------------------------------------
2025-08-03 21:56:42,644 - INFO - ----------------------------------------------------------------------------------------------------------------------------------------------
2025-08-03 21:56:42,644 - INFO - Finished student_dim=27
2025-08-03 21:56:42,644 - INFO - G&C avg gen_loss = 3.0011333551395825
2025-08-03 21:56:42,644 - INFO - ----------------------------------------------------------------------------------------------------------------------------------------------
2025-08-03 21:56:42,644 - INFO - Starting student_dim=28
2025-08-03 21:56:42,645 - INFO - Starting seed=0
2025-08-03 21:56:42,647 - INFO - A_teacher is 0.6540995836257935
2025-08-03 21:56:42,655 - INFO - Starting G&C
2025-08-03 21:56:53,761 - INFO - Finished G&C, time elapsed=11.105818271636963s
2025-08-03 21:56:53,761 - INFO - Finished seed=0
2025-08-03 21:56:53,762 - INFO - ----------------------------------------------------------------------------------------------------------------------------------------------
2025-08-03 21:56:53,762 - INFO - ----------------------------------------------------------------------------------------------------------------------------------------------
2025-08-03 21:56:53,762 - INFO - Finished student_dim=28
2025-08-03 21:56:53,762 - INFO - G&C avg gen_loss = 3.003852699873268
2025-08-03 21:56:53,762 - INFO - ----------------------------------------------------------------------------------------------------------------------------------------------
2025-08-03 21:56:53,762 - INFO - Starting student_dim=29
2025-08-03 21:56:53,762 - INFO - Starting seed=0
2025-08-03 21:56:53,764 - INFO - A_teacher is 0.6540995836257935
2025-08-03 21:56:53,772 - INFO - Starting G&C
2025-08-03 21:57:05,058 - INFO - Finished G&C, time elapsed=11.285112142562866s
2025-08-03 21:57:05,058 - INFO - Finished seed=0
2025-08-03 21:57:05,059 - INFO - ----------------------------------------------------------------------------------------------------------------------------------------------
2025-08-03 21:57:05,059 - INFO - ----------------------------------------------------------------------------------------------------------------------------------------------
2025-08-03 21:57:05,059 - INFO - Finished student_dim=29
2025-08-03 21:57:05,059 - INFO - G&C avg gen_loss = 3.4055274081758307
2025-08-03 21:57:05,059 - INFO - ----------------------------------------------------------------------------------------------------------------------------------------------
2025-08-03 21:57:05,059 - INFO - Starting student_dim=30
2025-08-03 21:57:05,060 - INFO - Starting seed=0
2025-08-03 21:57:05,061 - INFO - A_teacher is 0.6540995836257935
2025-08-03 21:57:05,071 - INFO - Starting G&C
2025-08-03 21:57:16,631 - INFO - Finished G&C, time elapsed=11.560372829437256s
2025-08-03 21:57:16,632 - INFO - Finished seed=0
2025-08-03 21:57:16,632 - INFO - ----------------------------------------------------------------------------------------------------------------------------------------------
2025-08-03 21:57:16,632 - INFO - ----------------------------------------------------------------------------------------------------------------------------------------------
2025-08-03 21:57:16,632 - INFO - Finished student_dim=30
2025-08-03 21:57:16,633 - INFO - G&C avg gen_loss = 3.179486357199494
2025-08-03 21:57:16,633 - INFO - ----------------------------------------------------------------------------------------------------------------------------------------------
2025-08-03 21:57:16,633 - INFO - Starting student_dim=31
2025-08-03 21:57:16,633 - INFO - Starting seed=0
2025-08-03 21:57:16,636 - INFO - A_teacher is 0.6540995836257935
2025-08-03 21:57:16,644 - INFO - Starting G&C
2025-08-03 21:57:28,256 - INFO - Finished G&C, time elapsed=11.611167907714844s
2025-08-03 21:57:28,256 - INFO - Finished seed=0
2025-08-03 21:57:28,257 - INFO - ----------------------------------------------------------------------------------------------------------------------------------------------
2025-08-03 21:57:28,257 - INFO - ----------------------------------------------------------------------------------------------------------------------------------------------
2025-08-03 21:57:28,257 - INFO - Finished student_dim=31
2025-08-03 21:57:28,257 - INFO - G&C avg gen_loss = 3.598946215687217
2025-08-03 21:57:28,257 - INFO - ----------------------------------------------------------------------------------------------------------------------------------------------
2025-08-03 21:57:28,257 - INFO - Starting student_dim=32
2025-08-03 21:57:28,257 - INFO - Starting seed=0
2025-08-03 21:57:28,259 - INFO - A_teacher is 0.6540995836257935
2025-08-03 21:57:28,267 - INFO - Starting G&C
2025-08-03 21:57:39,843 - INFO - Finished G&C, time elapsed=11.576331853866577s
2025-08-03 21:57:39,844 - INFO - Finished seed=0
2025-08-03 21:57:39,844 - INFO - ----------------------------------------------------------------------------------------------------------------------------------------------
2025-08-03 21:57:39,844 - INFO - ----------------------------------------------------------------------------------------------------------------------------------------------
2025-08-03 21:57:39,844 - INFO - Finished student_dim=32
2025-08-03 21:57:39,844 - INFO - G&C avg gen_loss = 3.1892436170578002
2025-08-03 21:57:39,844 - INFO - ----------------------------------------------------------------------------------------------------------------------------------------------
2025-08-03 21:57:39,845 - INFO - Starting student_dim=33
2025-08-03 21:57:39,845 - INFO - Starting seed=0
2025-08-03 21:57:39,846 - INFO - A_teacher is 0.6540995836257935
2025-08-03 21:57:39,854 - INFO - Starting G&C
2025-08-03 21:57:51,994 - INFO - Finished G&C, time elapsed=12.139379024505615s
2025-08-03 21:57:51,994 - INFO - Finished seed=0
2025-08-03 21:57:51,995 - INFO - ----------------------------------------------------------------------------------------------------------------------------------------------
2025-08-03 21:57:51,995 - INFO - ----------------------------------------------------------------------------------------------------------------------------------------------
2025-08-03 21:57:51,995 - INFO - Finished student_dim=33
2025-08-03 21:57:51,995 - INFO - G&C avg gen_loss = 3.182608735176825
2025-08-03 21:57:51,995 - INFO - ----------------------------------------------------------------------------------------------------------------------------------------------
2025-08-03 21:57:51,995 - INFO - Starting student_dim=34
2025-08-03 21:57:51,996 - INFO - Starting seed=0
2025-08-03 21:57:51,997 - INFO - A_teacher is 0.6540995836257935
2025-08-03 21:57:52,005 - INFO - Starting G&C
2025-08-03 21:58:04,392 - INFO - Finished G&C, time elapsed=12.386657953262329s
2025-08-03 21:58:04,392 - INFO - Finished seed=0
2025-08-03 21:58:04,393 - INFO - ----------------------------------------------------------------------------------------------------------------------------------------------
2025-08-03 21:58:04,393 - INFO - ----------------------------------------------------------------------------------------------------------------------------------------------
2025-08-03 21:58:04,393 - INFO - Finished student_dim=34
2025-08-03 21:58:04,393 - INFO - G&C avg gen_loss = 3.406256643069141
2025-08-03 21:58:04,393 - INFO - ----------------------------------------------------------------------------------------------------------------------------------------------
2025-08-03 21:58:04,849 - INFO - Finished experiments, results saved to results_gnc_seq_len=9_num_measurements=1_input_e1=True_time=20250803-215804.csv, figures saved to plot_gnc_seq_len=9_num_measurements=1_input_e1=True_time=20250803-215804
