2025-08-07 13:27:24,022 - INFO - Using device cuda:0.
2025-08-07 13:27:24,022 - INFO - Args: Namespace(num_seeds=10, num_measurements=1, input_e1=False, sequence_length=5, teacher_ranks=[1], student_dims=[15, 16, 17, 18, 19, 20, 21, 22, 23, 24, 25, 26, 27, 28, 29, 30, 31, 32, 33, 34, 35, 36, 37, 38, 39], calc_loss_only_on_last_output=True, eps_train=1e-12, gnc=True, gnc_num_samples=1000000000, gnc_batch_size=1000000, gd=False, gd_lr=0.001, gd_epochs=1000000, gd_init_scale=0.01, gd_optimizer='adam', config=None, results_dir=PosixPath('results'), figures_dir=PosixPath('figures'), log_dir=PosixPath('logs'))
2025-08-07 13:27:24,029 - INFO - Starting teacher_rank=1
2025-08-07 13:27:24,029 - INFO - Starting student_dim=15
2025-08-07 13:27:24,031 - INFO - Starting seed=0
2025-08-07 13:27:24,268 - INFO - A_teacher is 0.6540995836257935
2025-08-07 13:27:24,271 - INFO - dataset is tensor([[[-0.2934],
         [-2.1788],
         [ 0.5684],
         [-1.0845],
         [-1.3986]]])
2025-08-07 13:27:24,361 - INFO - Starting G&C
2025-08-07 13:29:02,376 - INFO - Finished G&C, time elapsed=98.01493334770203s
2025-08-07 13:29:02,377 - INFO - Finished seed=0
2025-08-07 13:29:02,378 - INFO - Starting seed=1
2025-08-07 13:29:02,383 - INFO - A_teacher is 0.5661352276802063
2025-08-07 13:29:02,385 - INFO - dataset is tensor([[[ 0.2669],
         [ 0.0617],
         [ 0.6213],
         [-0.4519],
         [-0.1661]]])
2025-08-07 13:29:02,386 - INFO - Starting G&C
2025-08-07 13:30:46,176 - INFO - Finished G&C, time elapsed=103.7899420261383s
2025-08-07 13:30:46,176 - INFO - Finished seed=1
2025-08-07 13:30:46,177 - INFO - Starting seed=2
2025-08-07 13:30:46,202 - INFO - A_teacher is 0.539229691028595
2025-08-07 13:30:46,205 - INFO - dataset is tensor([[[-0.2236],
         [-0.3195],
         [-1.2050],
         [ 1.0445],
         [-0.6332]]])
2025-08-07 13:30:46,207 - INFO - Starting G&C
2025-08-07 13:32:31,523 - INFO - Finished G&C, time elapsed=105.31443524360657s
2025-08-07 13:32:31,524 - INFO - Finished seed=2
2025-08-07 13:32:31,524 - INFO - Starting seed=3
2025-08-07 13:32:31,529 - INFO - A_teacher is 0.5803276300430298
2025-08-07 13:32:31,531 - INFO - dataset is tensor([[[ 0.1748],
         [ 0.0890],
         [-0.6137],
         [ 0.0462],
         [-1.3683]]])
2025-08-07 13:32:31,532 - INFO - Starting G&C
2025-08-07 13:34:24,614 - INFO - Finished G&C, time elapsed=113.08175468444824s
2025-08-07 13:34:24,617 - INFO - Finished seed=3
2025-08-07 13:34:24,617 - INFO - Starting seed=4
2025-08-07 13:34:24,630 - INFO - A_teacher is 0.33947238326072693
2025-08-07 13:34:24,633 - INFO - dataset is tensor([[[ 0.2325],
         [ 2.2399],
         [ 0.8473],
         [ 1.2006],
         [-0.4016]]])
2025-08-07 13:34:24,634 - INFO - Starting G&C
2025-08-07 13:36:24,687 - INFO - Finished G&C, time elapsed=120.05199480056763s
2025-08-07 13:36:24,689 - INFO - Finished seed=4
2025-08-07 13:36:24,690 - INFO - Starting seed=5
2025-08-07 13:36:24,719 - INFO - A_teacher is 0.45132192969322205
2025-08-07 13:36:24,722 - INFO - dataset is tensor([[[-0.6038],
         [-0.5581],
         [ 0.6675],
         [-0.1974],
         [ 1.9428]]])
2025-08-07 13:36:24,725 - INFO - Starting G&C
2025-08-07 13:38:44,213 - INFO - Finished G&C, time elapsed=139.48782658576965s
2025-08-07 13:38:44,213 - INFO - Finished seed=5
2025-08-07 13:38:44,214 - INFO - Starting seed=6
2025-08-07 13:38:44,226 - INFO - A_teacher is 0.31256014108657837
2025-08-07 13:38:44,229 - INFO - dataset is tensor([[[-0.9937],
         [ 0.7185],
         [-0.6985],
         [-1.4716],
         [ 0.1777]]])
2025-08-07 13:38:44,231 - INFO - Starting G&C
2025-08-07 13:40:46,335 - INFO - Finished G&C, time elapsed=122.10351061820984s
2025-08-07 13:40:46,336 - INFO - Finished seed=6
2025-08-07 13:40:46,337 - INFO - Starting seed=7
2025-08-07 13:40:46,351 - INFO - A_teacher is 0.48532047867774963
2025-08-07 13:40:46,353 - INFO - dataset is tensor([[[ 0.7861],
         [ 0.9468],
         [-1.1143],
         [ 1.6908],
         [-0.8948]]])
2025-08-07 13:40:46,355 - INFO - Starting G&C
2025-08-07 13:42:48,458 - INFO - Finished G&C, time elapsed=122.10223460197449s
2025-08-07 13:42:48,458 - INFO - Finished seed=7
2025-08-07 13:42:48,459 - INFO - Starting seed=8
2025-08-07 13:42:48,483 - INFO - A_teacher is 0.5271276235580444
2025-08-07 13:42:48,485 - INFO - dataset is tensor([[[-1.2729],
         [ 0.5027],
         [ 0.4181],
         [-0.6394],
         [-0.6608]]])
2025-08-07 13:42:48,488 - INFO - Starting G&C
2025-08-07 13:44:43,652 - INFO - Finished G&C, time elapsed=115.16294145584106s
2025-08-07 13:44:43,654 - INFO - Finished seed=8
2025-08-07 13:44:43,655 - INFO - Starting seed=9
2025-08-07 13:44:43,677 - INFO - A_teacher is 0.5044727325439453
2025-08-07 13:44:43,679 - INFO - dataset is tensor([[[ 1.9112],
         [-0.2310],
         [ 0.3459],
         [ 1.3180],
         [ 0.3696]]])
2025-08-07 13:44:43,682 - INFO - Starting G&C
2025-08-07 13:46:34,280 - INFO - Finished G&C, time elapsed=110.59826278686523s
2025-08-07 13:46:34,283 - INFO - Finished seed=9
2025-08-07 13:46:34,284 - INFO - ----------------------------------------------------------------------------------------------------------------------------------------------
2025-08-07 13:46:34,284 - INFO - ----------------------------------------------------------------------------------------------------------------------------------------------
2025-08-07 13:46:34,284 - INFO - Finished student_dim=15
2025-08-07 13:46:34,285 - INFO - G&C avg gen_loss = 1.071947818084963
2025-08-07 13:46:34,286 - INFO - G&C avg theoretical_loss = 0.9046825766563416
2025-08-07 13:46:34,287 - INFO - G&C avg theoretical_asymptotic_loss = -465.32822349369525
2025-08-07 13:46:34,289 - INFO - ----------------------------------------------------------------------------------------------------------------------------------------------
2025-08-07 13:46:34,289 - INFO - Starting student_dim=16
2025-08-07 13:46:34,290 - INFO - Starting seed=0
2025-08-07 13:46:34,301 - INFO - A_teacher is 0.6540995836257935
2025-08-07 13:46:34,302 - INFO - dataset is tensor([[[-0.2934],
         [-2.1788],
         [ 0.5684],
         [-1.0845],
         [-1.3986]]])
2025-08-07 13:46:34,303 - INFO - Starting G&C
2025-08-07 13:48:21,990 - INFO - Finished G&C, time elapsed=107.68569207191467s
2025-08-07 13:48:21,992 - INFO - Finished seed=0
2025-08-07 13:48:21,992 - INFO - Starting seed=1
2025-08-07 13:48:22,013 - INFO - A_teacher is 0.5661352276802063
2025-08-07 13:48:22,016 - INFO - dataset is tensor([[[ 0.2669],
         [ 0.0617],
         [ 0.6213],
         [-0.4519],
         [-0.1661]]])
2025-08-07 13:48:22,018 - INFO - Starting G&C
2025-08-07 13:50:12,111 - INFO - Finished G&C, time elapsed=110.0928692817688s
2025-08-07 13:50:12,114 - INFO - Finished seed=1
2025-08-07 13:50:12,114 - INFO - Starting seed=2
2025-08-07 13:50:12,139 - INFO - A_teacher is 0.539229691028595
2025-08-07 13:50:12,141 - INFO - dataset is tensor([[[-0.2236],
         [-0.3195],
         [-1.2050],
         [ 1.0445],
         [-0.6332]]])
2025-08-07 13:50:12,144 - INFO - Starting G&C
2025-08-07 13:51:57,779 - INFO - Finished G&C, time elapsed=105.63436150550842s
2025-08-07 13:51:57,782 - INFO - Finished seed=2
2025-08-07 13:51:57,782 - INFO - Starting seed=3
2025-08-07 13:51:57,799 - INFO - A_teacher is 0.5803276300430298
2025-08-07 13:51:57,800 - INFO - dataset is tensor([[[ 0.1748],
         [ 0.0890],
         [-0.6137],
         [ 0.0462],
         [-1.3683]]])
2025-08-07 13:51:57,802 - INFO - Starting G&C
2025-08-07 13:53:42,228 - INFO - Finished G&C, time elapsed=104.42524719238281s
2025-08-07 13:53:42,231 - INFO - Finished seed=3
2025-08-07 13:53:42,231 - INFO - Starting seed=4
2025-08-07 13:53:42,257 - INFO - A_teacher is 0.33947238326072693
2025-08-07 13:53:42,259 - INFO - dataset is tensor([[[ 0.2325],
         [ 2.2399],
         [ 0.8473],
         [ 1.2006],
         [-0.4016]]])
2025-08-07 13:53:42,262 - INFO - Starting G&C
2025-08-07 13:55:24,254 - INFO - Finished G&C, time elapsed=101.99205350875854s
2025-08-07 13:55:24,256 - INFO - Finished seed=4
2025-08-07 13:55:24,256 - INFO - Starting seed=5
2025-08-07 13:55:24,271 - INFO - A_teacher is 0.45132192969322205
2025-08-07 13:55:24,273 - INFO - dataset is tensor([[[-0.6038],
         [-0.5581],
         [ 0.6675],
         [-0.1974],
         [ 1.9428]]])
2025-08-07 13:55:24,274 - INFO - Starting G&C
2025-08-07 13:57:07,751 - INFO - Finished G&C, time elapsed=103.47602486610413s
2025-08-07 13:57:07,751 - INFO - Finished seed=5
2025-08-07 13:57:07,752 - INFO - Starting seed=6
2025-08-07 13:57:07,767 - INFO - A_teacher is 0.31256014108657837
2025-08-07 13:57:07,769 - INFO - dataset is tensor([[[-0.9937],
         [ 0.7185],
         [-0.6985],
         [-1.4716],
         [ 0.1777]]])
2025-08-07 13:57:07,770 - INFO - Starting G&C
2025-08-07 13:58:52,832 - INFO - Finished G&C, time elapsed=105.060861825943s
2025-08-07 13:58:52,834 - INFO - Finished seed=6
2025-08-07 13:58:52,835 - INFO - Starting seed=7
2025-08-07 13:58:52,856 - INFO - A_teacher is 0.48532047867774963
2025-08-07 13:58:52,858 - INFO - dataset is tensor([[[ 0.7861],
         [ 0.9468],
         [-1.1143],
         [ 1.6908],
         [-0.8948]]])
2025-08-07 13:58:52,861 - INFO - Starting G&C
2025-08-07 14:00:38,918 - INFO - Finished G&C, time elapsed=106.05598282814026s
2025-08-07 14:00:38,920 - INFO - Finished seed=7
2025-08-07 14:00:38,920 - INFO - Starting seed=8
2025-08-07 14:00:38,944 - INFO - A_teacher is 0.5271276235580444
2025-08-07 14:00:38,946 - INFO - dataset is tensor([[[-1.2729],
         [ 0.5027],
         [ 0.4181],
         [-0.6394],
         [-0.6608]]])
2025-08-07 14:00:38,948 - INFO - Starting G&C
2025-08-07 14:02:16,574 - INFO - Finished G&C, time elapsed=97.62532377243042s
2025-08-07 14:02:16,575 - INFO - Finished seed=8
2025-08-07 14:02:16,575 - INFO - Starting seed=9
2025-08-07 14:02:16,595 - INFO - A_teacher is 0.5044727325439453
2025-08-07 14:02:16,597 - INFO - dataset is tensor([[[ 1.9112],
         [-0.2310],
         [ 0.3459],
         [ 1.3180],
         [ 0.3696]]])
2025-08-07 14:02:16,599 - INFO - Starting G&C
2025-08-07 14:03:52,247 - INFO - Finished G&C, time elapsed=95.64758110046387s
2025-08-07 14:03:52,247 - INFO - Finished seed=9
2025-08-07 14:03:52,248 - INFO - ----------------------------------------------------------------------------------------------------------------------------------------------
2025-08-07 14:03:52,249 - INFO - ----------------------------------------------------------------------------------------------------------------------------------------------
2025-08-07 14:03:52,249 - INFO - Finished student_dim=16
2025-08-07 14:03:52,250 - INFO - G&C avg gen_loss = 1.021485119475847
2025-08-07 14:03:52,251 - INFO - G&C avg theoretical_loss = 0.9859957337379456
2025-08-07 14:03:52,254 - INFO - G&C avg theoretical_asymptotic_loss = -435.5502019286156
2025-08-07 14:03:52,256 - INFO - ----------------------------------------------------------------------------------------------------------------------------------------------
2025-08-07 14:03:52,259 - INFO - Starting student_dim=17
2025-08-07 14:03:52,262 - INFO - Starting seed=0
2025-08-07 14:03:52,280 - INFO - A_teacher is 0.6540995836257935
2025-08-07 14:03:52,283 - INFO - dataset is tensor([[[-0.2934],
         [-2.1788],
         [ 0.5684],
         [-1.0845],
         [-1.3986]]])
2025-08-07 14:03:52,285 - INFO - Starting G&C
2025-08-07 14:05:36,494 - INFO - Finished G&C, time elapsed=104.2083911895752s
2025-08-07 14:05:36,495 - INFO - Finished seed=0
2025-08-07 14:05:36,496 - INFO - Starting seed=1
2025-08-07 14:05:36,510 - INFO - A_teacher is 0.5661352276802063
2025-08-07 14:05:36,512 - INFO - dataset is tensor([[[ 0.2669],
         [ 0.0617],
         [ 0.6213],
         [-0.4519],
         [-0.1661]]])
2025-08-07 14:05:36,514 - INFO - Starting G&C
2025-08-07 14:07:17,263 - INFO - Finished G&C, time elapsed=100.7490565776825s
2025-08-07 14:07:17,264 - INFO - Finished seed=1
2025-08-07 14:07:17,264 - INFO - Starting seed=2
2025-08-07 14:07:17,277 - INFO - A_teacher is 0.539229691028595
2025-08-07 14:07:17,278 - INFO - dataset is tensor([[[-0.2236],
         [-0.3195],
         [-1.2050],
         [ 1.0445],
         [-0.6332]]])
2025-08-07 14:07:17,279 - INFO - Starting G&C
2025-08-07 14:08:59,978 - INFO - Finished G&C, time elapsed=102.69655513763428s
2025-08-07 14:08:59,980 - INFO - Finished seed=2
2025-08-07 14:08:59,980 - INFO - Starting seed=3
2025-08-07 14:08:59,995 - INFO - A_teacher is 0.5803276300430298
2025-08-07 14:08:59,997 - INFO - dataset is tensor([[[ 0.1748],
         [ 0.0890],
         [-0.6137],
         [ 0.0462],
         [-1.3683]]])
2025-08-07 14:08:59,998 - INFO - Starting G&C
2025-08-07 14:10:45,512 - INFO - Finished G&C, time elapsed=105.51333999633789s
2025-08-07 14:10:45,512 - INFO - Finished seed=3
2025-08-07 14:10:45,513 - INFO - Starting seed=4
2025-08-07 14:10:45,536 - INFO - A_teacher is 0.33947238326072693
2025-08-07 14:10:45,538 - INFO - dataset is tensor([[[ 0.2325],
         [ 2.2399],
         [ 0.8473],
         [ 1.2006],
         [-0.4016]]])
2025-08-07 14:10:45,540 - INFO - Starting G&C
2025-08-07 14:12:33,275 - INFO - Finished G&C, time elapsed=107.73419713973999s
2025-08-07 14:12:33,277 - INFO - Finished seed=4
2025-08-07 14:12:33,278 - INFO - Starting seed=5
2025-08-07 14:12:33,289 - INFO - A_teacher is 0.45132192969322205
2025-08-07 14:12:33,291 - INFO - dataset is tensor([[[-0.6038],
         [-0.5581],
         [ 0.6675],
         [-0.1974],
         [ 1.9428]]])
2025-08-07 14:12:33,292 - INFO - Starting G&C
2025-08-07 14:14:19,161 - INFO - Finished G&C, time elapsed=105.86831951141357s
2025-08-07 14:14:19,163 - INFO - Finished seed=5
2025-08-07 14:14:19,163 - INFO - Starting seed=6
2025-08-07 14:14:19,186 - INFO - A_teacher is 0.31256014108657837
2025-08-07 14:14:19,188 - INFO - dataset is tensor([[[-0.9937],
         [ 0.7185],
         [-0.6985],
         [-1.4716],
         [ 0.1777]]])
2025-08-07 14:14:19,189 - INFO - Starting G&C
2025-08-07 14:16:03,962 - INFO - Finished G&C, time elapsed=104.77170896530151s
2025-08-07 14:16:03,962 - INFO - Finished seed=6
2025-08-07 14:16:03,963 - INFO - Starting seed=7
2025-08-07 14:16:03,987 - INFO - A_teacher is 0.48532047867774963
2025-08-07 14:16:03,989 - INFO - dataset is tensor([[[ 0.7861],
         [ 0.9468],
         [-1.1143],
         [ 1.6908],
         [-0.8948]]])
2025-08-07 14:16:03,991 - INFO - Starting G&C
2025-08-07 14:17:48,438 - INFO - Finished G&C, time elapsed=104.44624185562134s
2025-08-07 14:17:48,441 - INFO - Finished seed=7
2025-08-07 14:17:48,441 - INFO - Starting seed=8
2025-08-07 14:17:48,454 - INFO - A_teacher is 0.5271276235580444
2025-08-07 14:17:48,456 - INFO - dataset is tensor([[[-1.2729],
         [ 0.5027],
         [ 0.4181],
         [-0.6394],
         [-0.6608]]])
2025-08-07 14:17:48,458 - INFO - Starting G&C
2025-08-07 14:19:33,529 - INFO - Finished G&C, time elapsed=105.07033491134644s
2025-08-07 14:19:33,532 - INFO - Finished seed=8
2025-08-07 14:19:33,532 - INFO - Starting seed=9
2025-08-07 14:19:33,544 - INFO - A_teacher is 0.5044727325439453
2025-08-07 14:19:33,546 - INFO - dataset is tensor([[[ 1.9112],
         [-0.2310],
         [ 0.3459],
         [ 1.3180],
         [ 0.3696]]])
2025-08-07 14:19:33,548 - INFO - Starting G&C
2025-08-07 14:21:18,629 - INFO - Finished G&C, time elapsed=105.0803894996643s
2025-08-07 14:21:18,629 - INFO - Finished seed=9
2025-08-07 14:21:18,630 - INFO - ----------------------------------------------------------------------------------------------------------------------------------------------
2025-08-07 14:21:18,632 - INFO - ----------------------------------------------------------------------------------------------------------------------------------------------
2025-08-07 14:21:18,632 - INFO - Finished student_dim=17
2025-08-07 14:21:18,633 - INFO - G&C avg gen_loss = 1.0647108500523816
2025-08-07 14:21:18,635 - INFO - G&C avg theoretical_loss = 0.8185788869857789
2025-08-07 14:21:18,635 - INFO - G&C avg theoretical_asymptotic_loss = -409.275536686182
2025-08-07 14:21:18,635 - INFO - ----------------------------------------------------------------------------------------------------------------------------------------------
2025-08-07 14:21:18,635 - INFO - Starting student_dim=18
2025-08-07 14:21:18,638 - INFO - Starting seed=0
2025-08-07 14:21:18,666 - INFO - A_teacher is 0.6540995836257935
2025-08-07 14:21:18,669 - INFO - dataset is tensor([[[-0.2934],
         [-2.1788],
         [ 0.5684],
         [-1.0845],
         [-1.3986]]])
2025-08-07 14:21:18,672 - INFO - Starting G&C
2025-08-07 14:23:07,462 - INFO - Finished G&C, time elapsed=108.78950190544128s
2025-08-07 14:23:07,464 - INFO - Finished seed=0
2025-08-07 14:23:07,465 - INFO - Starting seed=1
2025-08-07 14:23:07,489 - INFO - A_teacher is 0.5661352276802063
2025-08-07 14:23:07,491 - INFO - dataset is tensor([[[ 0.2669],
         [ 0.0617],
         [ 0.6213],
         [-0.4519],
         [-0.1661]]])
2025-08-07 14:23:07,493 - INFO - Starting G&C
2025-08-07 14:24:45,184 - INFO - Finished G&C, time elapsed=97.69130373001099s
2025-08-07 14:24:45,185 - INFO - Finished seed=1
2025-08-07 14:24:45,185 - INFO - Starting seed=2
2025-08-07 14:24:45,190 - INFO - A_teacher is 0.539229691028595
2025-08-07 14:24:45,191 - INFO - dataset is tensor([[[-0.2236],
         [-0.3195],
         [-1.2050],
         [ 1.0445],
         [-0.6332]]])
2025-08-07 14:24:45,193 - INFO - Starting G&C
2025-08-07 14:26:22,742 - INFO - Finished G&C, time elapsed=97.54864549636841s
2025-08-07 14:26:22,742 - INFO - Finished seed=2
2025-08-07 14:26:22,743 - INFO - Starting seed=3
2025-08-07 14:26:22,748 - INFO - A_teacher is 0.5803276300430298
2025-08-07 14:26:22,749 - INFO - dataset is tensor([[[ 0.1748],
         [ 0.0890],
         [-0.6137],
         [ 0.0462],
         [-1.3683]]])
2025-08-07 14:26:22,750 - INFO - Starting G&C
2025-08-07 14:28:09,165 - INFO - Finished G&C, time elapsed=106.41464757919312s
2025-08-07 14:28:09,167 - INFO - Finished seed=3
2025-08-07 14:28:09,168 - INFO - Starting seed=4
2025-08-07 14:28:09,192 - INFO - A_teacher is 0.33947238326072693
2025-08-07 14:28:09,195 - INFO - dataset is tensor([[[ 0.2325],
         [ 2.2399],
         [ 0.8473],
         [ 1.2006],
         [-0.4016]]])
2025-08-07 14:28:09,197 - INFO - Starting G&C
2025-08-07 14:29:46,834 - INFO - Finished G&C, time elapsed=97.63642764091492s
2025-08-07 14:29:46,836 - INFO - Finished seed=4
2025-08-07 14:29:46,837 - INFO - Starting seed=5
2025-08-07 14:29:46,852 - INFO - A_teacher is 0.45132192969322205
2025-08-07 14:29:46,854 - INFO - dataset is tensor([[[-0.6038],
         [-0.5581],
         [ 0.6675],
         [-0.1974],
         [ 1.9428]]])
2025-08-07 14:29:46,855 - INFO - Starting G&C
2025-08-07 14:31:24,601 - INFO - Finished G&C, time elapsed=97.74522948265076s
2025-08-07 14:31:24,601 - INFO - Finished seed=5
2025-08-07 14:31:24,601 - INFO - Starting seed=6
2025-08-07 14:31:24,606 - INFO - A_teacher is 0.31256014108657837
2025-08-07 14:31:24,607 - INFO - dataset is tensor([[[-0.9937],
         [ 0.7185],
         [-0.6985],
         [-1.4716],
         [ 0.1777]]])
2025-08-07 14:31:24,608 - INFO - Starting G&C
2025-08-07 14:33:03,573 - INFO - Finished G&C, time elapsed=98.96412920951843s
2025-08-07 14:33:03,573 - INFO - Finished seed=6
2025-08-07 14:33:03,574 - INFO - Starting seed=7
2025-08-07 14:33:03,578 - INFO - A_teacher is 0.48532047867774963
2025-08-07 14:33:03,579 - INFO - dataset is tensor([[[ 0.7861],
         [ 0.9468],
         [-1.1143],
         [ 1.6908],
         [-0.8948]]])
2025-08-07 14:33:03,580 - INFO - Starting G&C
2025-08-07 14:34:44,895 - INFO - Finished G&C, time elapsed=101.31469368934631s
2025-08-07 14:34:44,896 - INFO - Finished seed=7
2025-08-07 14:34:44,897 - INFO - Starting seed=8
2025-08-07 14:34:44,909 - INFO - A_teacher is 0.5271276235580444
2025-08-07 14:34:44,910 - INFO - dataset is tensor([[[-1.2729],
         [ 0.5027],
         [ 0.4181],
         [-0.6394],
         [-0.6608]]])
2025-08-07 14:34:44,911 - INFO - Starting G&C
2025-08-07 14:36:30,576 - INFO - Finished G&C, time elapsed=105.66419577598572s
2025-08-07 14:36:30,577 - INFO - Finished seed=8
2025-08-07 14:36:30,577 - INFO - Starting seed=9
2025-08-07 14:36:30,582 - INFO - A_teacher is 0.5044727325439453
2025-08-07 14:36:30,583 - INFO - dataset is tensor([[[ 1.9112],
         [-0.2310],
         [ 0.3459],
         [ 1.3180],
         [ 0.3696]]])
2025-08-07 14:36:30,584 - INFO - Starting G&C
2025-08-07 14:38:32,119 - INFO - Finished G&C, time elapsed=121.53437900543213s
2025-08-07 14:38:32,120 - INFO - Finished seed=9
2025-08-07 14:38:32,122 - INFO - ----------------------------------------------------------------------------------------------------------------------------------------------
2025-08-07 14:38:32,122 - INFO - ----------------------------------------------------------------------------------------------------------------------------------------------
2025-08-07 14:38:32,122 - INFO - Finished student_dim=18
2025-08-07 14:38:32,122 - INFO - G&C avg gen_loss = 1.1198187368233412
2025-08-07 14:38:32,123 - INFO - G&C avg theoretical_loss = 2.7312053799629212
2025-08-07 14:38:32,125 - INFO - G&C avg theoretical_asymptotic_loss = -385.920264261961
2025-08-07 14:38:32,126 - INFO - ----------------------------------------------------------------------------------------------------------------------------------------------
2025-08-07 14:38:32,127 - INFO - Starting student_dim=19
2025-08-07 14:38:32,128 - INFO - Starting seed=0
2025-08-07 14:38:32,145 - INFO - A_teacher is 0.6540995836257935
2025-08-07 14:38:32,147 - INFO - dataset is tensor([[[-0.2934],
         [-2.1788],
         [ 0.5684],
         [-1.0845],
         [-1.3986]]])
2025-08-07 14:38:32,148 - INFO - Starting G&C
2025-08-07 14:40:22,271 - INFO - Finished G&C, time elapsed=110.12214136123657s
2025-08-07 14:40:22,272 - INFO - Finished seed=0
2025-08-07 14:40:22,273 - INFO - Starting seed=1
2025-08-07 14:40:22,278 - INFO - A_teacher is 0.5661352276802063
2025-08-07 14:40:22,281 - INFO - dataset is tensor([[[ 0.2669],
         [ 0.0617],
         [ 0.6213],
         [-0.4519],
         [-0.1661]]])
2025-08-07 14:40:22,283 - INFO - Starting G&C
2025-08-07 14:42:19,506 - INFO - Finished G&C, time elapsed=117.22216153144836s
2025-08-07 14:42:19,507 - INFO - Finished seed=1
2025-08-07 14:42:19,508 - INFO - Starting seed=2
2025-08-07 14:42:19,513 - INFO - A_teacher is 0.539229691028595
2025-08-07 14:42:19,514 - INFO - dataset is tensor([[[-0.2236],
         [-0.3195],
         [-1.2050],
         [ 1.0445],
         [-0.6332]]])
2025-08-07 14:42:19,515 - INFO - Starting G&C
2025-08-07 14:44:23,380 - INFO - Finished G&C, time elapsed=123.86442446708679s
2025-08-07 14:44:23,381 - INFO - Finished seed=2
2025-08-07 14:44:23,382 - INFO - Starting seed=3
2025-08-07 14:44:23,387 - INFO - A_teacher is 0.5803276300430298
2025-08-07 14:44:23,390 - INFO - dataset is tensor([[[ 0.1748],
         [ 0.0890],
         [-0.6137],
         [ 0.0462],
         [-1.3683]]])
2025-08-07 14:44:23,391 - INFO - Starting G&C
2025-08-07 14:46:23,932 - INFO - Finished G&C, time elapsed=120.54075574874878s
2025-08-07 14:46:23,935 - INFO - Finished seed=3
2025-08-07 14:46:23,936 - INFO - Starting seed=4
2025-08-07 14:46:23,943 - INFO - A_teacher is 0.33947238326072693
2025-08-07 14:46:23,945 - INFO - dataset is tensor([[[ 0.2325],
         [ 2.2399],
         [ 0.8473],
         [ 1.2006],
         [-0.4016]]])
2025-08-07 14:46:23,947 - INFO - Starting G&C
2025-08-07 14:48:11,160 - INFO - Finished G&C, time elapsed=107.2125256061554s
2025-08-07 14:48:11,163 - INFO - Finished seed=4
2025-08-07 14:48:11,163 - INFO - Starting seed=5
2025-08-07 14:48:11,184 - INFO - A_teacher is 0.45132192969322205
2025-08-07 14:48:11,187 - INFO - dataset is tensor([[[-0.6038],
         [-0.5581],
         [ 0.6675],
         [-0.1974],
         [ 1.9428]]])
2025-08-07 14:48:11,189 - INFO - Starting G&C
2025-08-07 14:49:53,891 - INFO - Finished G&C, time elapsed=102.70231437683105s
2025-08-07 14:49:53,895 - INFO - Finished seed=5
2025-08-07 14:49:53,895 - INFO - Starting seed=6
2025-08-07 14:49:53,906 - INFO - A_teacher is 0.31256014108657837
2025-08-07 14:49:53,907 - INFO - dataset is tensor([[[-0.9937],
         [ 0.7185],
         [-0.6985],
         [-1.4716],
         [ 0.1777]]])
2025-08-07 14:49:53,909 - INFO - Starting G&C
2025-08-07 14:51:31,132 - INFO - Finished G&C, time elapsed=97.22300314903259s
2025-08-07 14:51:31,133 - INFO - Finished seed=6
2025-08-07 14:51:31,133 - INFO - Starting seed=7
2025-08-07 14:51:31,144 - INFO - A_teacher is 0.48532047867774963
2025-08-07 14:51:31,146 - INFO - dataset is tensor([[[ 0.7861],
         [ 0.9468],
         [-1.1143],
         [ 1.6908],
         [-0.8948]]])
2025-08-07 14:51:31,147 - INFO - Starting G&C
2025-08-07 14:53:16,786 - INFO - Finished G&C, time elapsed=105.63889789581299s
2025-08-07 14:53:16,787 - INFO - Finished seed=7
2025-08-07 14:53:16,787 - INFO - Starting seed=8
2025-08-07 14:53:16,792 - INFO - A_teacher is 0.5271276235580444
2025-08-07 14:53:16,794 - INFO - dataset is tensor([[[-1.2729],
         [ 0.5027],
         [ 0.4181],
         [-0.6394],
         [-0.6608]]])
2025-08-07 14:53:16,795 - INFO - Starting G&C
2025-08-07 14:55:05,570 - INFO - Finished G&C, time elapsed=108.77501034736633s
2025-08-07 14:55:05,571 - INFO - Finished seed=8
2025-08-07 14:55:05,571 - INFO - Starting seed=9
2025-08-07 14:55:05,576 - INFO - A_teacher is 0.5044727325439453
2025-08-07 14:55:05,577 - INFO - dataset is tensor([[[ 1.9112],
         [-0.2310],
         [ 0.3459],
         [ 1.3180],
         [ 0.3696]]])
2025-08-07 14:55:05,578 - INFO - Starting G&C
2025-08-07 14:56:53,800 - INFO - Finished G&C, time elapsed=108.22193479537964s
2025-08-07 14:56:53,802 - INFO - Finished seed=9
2025-08-07 14:56:53,802 - INFO - ----------------------------------------------------------------------------------------------------------------------------------------------
2025-08-07 14:56:53,802 - INFO - ----------------------------------------------------------------------------------------------------------------------------------------------
2025-08-07 14:56:53,803 - INFO - Finished student_dim=19
2025-08-07 14:56:53,803 - INFO - G&C avg gen_loss = 1.1283619746116407
2025-08-07 14:56:53,804 - INFO - G&C avg theoretical_loss = 0.07663694024085999
2025-08-07 14:56:53,804 - INFO - G&C avg theoretical_asymptotic_loss = -365.0234367609024
2025-08-07 14:56:53,804 - INFO - ----------------------------------------------------------------------------------------------------------------------------------------------
2025-08-07 14:56:53,804 - INFO - Starting student_dim=20
2025-08-07 14:56:53,805 - INFO - Starting seed=0
2025-08-07 14:56:53,810 - INFO - A_teacher is 0.6540995836257935
2025-08-07 14:56:53,811 - INFO - dataset is tensor([[[-0.2934],
         [-2.1788],
         [ 0.5684],
         [-1.0845],
         [-1.3986]]])
2025-08-07 14:56:53,812 - INFO - Starting G&C
2025-08-07 14:58:40,303 - INFO - Finished G&C, time elapsed=106.49001359939575s
2025-08-07 14:58:40,304 - INFO - Finished seed=0
2025-08-07 14:58:40,305 - INFO - Starting seed=1
2025-08-07 14:58:40,323 - INFO - A_teacher is 0.5661352276802063
2025-08-07 14:58:40,325 - INFO - dataset is tensor([[[ 0.2669],
         [ 0.0617],
         [ 0.6213],
         [-0.4519],
         [-0.1661]]])
2025-08-07 14:58:40,327 - INFO - Starting G&C
2025-08-07 15:00:30,275 - INFO - Finished G&C, time elapsed=109.94736242294312s
2025-08-07 15:00:30,277 - INFO - Finished seed=1
2025-08-07 15:00:30,277 - INFO - Starting seed=2
2025-08-07 15:00:30,298 - INFO - A_teacher is 0.539229691028595
2025-08-07 15:00:30,300 - INFO - dataset is tensor([[[-0.2236],
         [-0.3195],
         [-1.2050],
         [ 1.0445],
         [-0.6332]]])
2025-08-07 15:00:30,303 - INFO - Starting G&C
2025-08-07 15:02:17,133 - INFO - Finished G&C, time elapsed=106.82907223701477s
2025-08-07 15:02:17,133 - INFO - Finished seed=2
2025-08-07 15:02:17,134 - INFO - Starting seed=3
2025-08-07 15:02:17,139 - INFO - A_teacher is 0.5803276300430298
2025-08-07 15:02:17,140 - INFO - dataset is tensor([[[ 0.1748],
         [ 0.0890],
         [-0.6137],
         [ 0.0462],
         [-1.3683]]])
2025-08-07 15:02:17,141 - INFO - Starting G&C
2025-08-07 15:04:03,142 - INFO - Finished G&C, time elapsed=106.00105452537537s
2025-08-07 15:04:03,145 - INFO - Finished seed=3
2025-08-07 15:04:03,145 - INFO - Starting seed=4
2025-08-07 15:04:03,159 - INFO - A_teacher is 0.33947238326072693
2025-08-07 15:04:03,161 - INFO - dataset is tensor([[[ 0.2325],
         [ 2.2399],
         [ 0.8473],
         [ 1.2006],
         [-0.4016]]])
2025-08-07 15:04:03,163 - INFO - Starting G&C
2025-08-07 15:05:43,965 - INFO - Finished G&C, time elapsed=100.80205368995667s
2025-08-07 15:05:43,967 - INFO - Finished seed=4
2025-08-07 15:05:43,968 - INFO - Starting seed=5
2025-08-07 15:05:43,980 - INFO - A_teacher is 0.45132192969322205
2025-08-07 15:05:43,982 - INFO - dataset is tensor([[[-0.6038],
         [-0.5581],
         [ 0.6675],
         [-0.1974],
         [ 1.9428]]])
2025-08-07 15:05:43,983 - INFO - Starting G&C
2025-08-07 15:07:31,526 - INFO - Finished G&C, time elapsed=107.54256820678711s
2025-08-07 15:07:31,528 - INFO - Finished seed=5
2025-08-07 15:07:31,528 - INFO - Starting seed=6
2025-08-07 15:07:31,539 - INFO - A_teacher is 0.31256014108657837
2025-08-07 15:07:31,541 - INFO - dataset is tensor([[[-0.9937],
         [ 0.7185],
         [-0.6985],
         [-1.4716],
         [ 0.1777]]])
2025-08-07 15:07:31,542 - INFO - Starting G&C
2025-08-07 15:09:10,938 - INFO - Finished G&C, time elapsed=99.39637565612793s
2025-08-07 15:09:10,939 - INFO - Finished seed=6
2025-08-07 15:09:10,939 - INFO - Starting seed=7
2025-08-07 15:09:10,944 - INFO - A_teacher is 0.48532047867774963
2025-08-07 15:09:10,945 - INFO - dataset is tensor([[[ 0.7861],
         [ 0.9468],
         [-1.1143],
         [ 1.6908],
         [-0.8948]]])
2025-08-07 15:09:10,946 - INFO - Starting G&C
2025-08-07 15:10:48,151 - INFO - Finished G&C, time elapsed=97.20483374595642s
2025-08-07 15:10:48,153 - INFO - Finished seed=7
2025-08-07 15:10:48,153 - INFO - Starting seed=8
2025-08-07 15:10:48,171 - INFO - A_teacher is 0.5271276235580444
2025-08-07 15:10:48,173 - INFO - dataset is tensor([[[-1.2729],
         [ 0.5027],
         [ 0.4181],
         [-0.6394],
         [-0.6608]]])
2025-08-07 15:10:48,175 - INFO - Starting G&C
2025-08-07 15:12:25,906 - INFO - Finished G&C, time elapsed=97.73081564903259s
2025-08-07 15:12:25,907 - INFO - Finished seed=8
2025-08-07 15:12:25,908 - INFO - Starting seed=9
2025-08-07 15:12:25,928 - INFO - A_teacher is 0.5044727325439453
2025-08-07 15:12:25,930 - INFO - dataset is tensor([[[ 1.9112],
         [-0.2310],
         [ 0.3459],
         [ 1.3180],
         [ 0.3696]]])
2025-08-07 15:12:25,932 - INFO - Starting G&C
2025-08-07 15:14:02,729 - INFO - Finished G&C, time elapsed=96.79636311531067s
2025-08-07 15:14:02,730 - INFO - Finished seed=9
2025-08-07 15:14:02,731 - INFO - ----------------------------------------------------------------------------------------------------------------------------------------------
2025-08-07 15:14:02,731 - INFO - ----------------------------------------------------------------------------------------------------------------------------------------------
2025-08-07 15:14:02,731 - INFO - Finished student_dim=20
2025-08-07 15:14:02,731 - INFO - G&C avg gen_loss = 1.0713126155863508
2025-08-07 15:14:02,731 - INFO - G&C avg theoretical_loss = 0.9878665566444397
2025-08-07 15:14:02,731 - INFO - G&C avg theoretical_asymptotic_loss = -346.2163095116615
2025-08-07 15:14:02,731 - INFO - ----------------------------------------------------------------------------------------------------------------------------------------------
2025-08-07 15:14:02,732 - INFO - Starting student_dim=21
2025-08-07 15:14:02,733 - INFO - Starting seed=0
2025-08-07 15:14:02,747 - INFO - A_teacher is 0.6540995836257935
2025-08-07 15:14:02,748 - INFO - dataset is tensor([[[-0.2934],
         [-2.1788],
         [ 0.5684],
         [-1.0845],
         [-1.3986]]])
2025-08-07 15:14:02,749 - INFO - Starting G&C
2025-08-07 15:15:44,769 - INFO - Finished G&C, time elapsed=102.01841330528259s
2025-08-07 15:15:44,771 - INFO - Finished seed=0
2025-08-07 15:15:44,772 - INFO - Starting seed=1
2025-08-07 15:15:44,781 - INFO - A_teacher is 0.5661352276802063
2025-08-07 15:15:44,783 - INFO - dataset is tensor([[[ 0.2669],
         [ 0.0617],
         [ 0.6213],
         [-0.4519],
         [-0.1661]]])
2025-08-07 15:15:44,786 - INFO - Starting G&C
2025-08-07 15:17:37,111 - INFO - Finished G&C, time elapsed=112.32412576675415s
2025-08-07 15:17:37,112 - INFO - Finished seed=1
2025-08-07 15:17:37,112 - INFO - Starting seed=2
2025-08-07 15:17:37,124 - INFO - A_teacher is 0.539229691028595
2025-08-07 15:17:37,125 - INFO - dataset is tensor([[[-0.2236],
         [-0.3195],
         [-1.2050],
         [ 1.0445],
         [-0.6332]]])
2025-08-07 15:17:37,127 - INFO - Starting G&C
2025-08-07 15:19:17,804 - INFO - Finished G&C, time elapsed=100.6774890422821s
2025-08-07 15:19:17,805 - INFO - Finished seed=2
2025-08-07 15:19:17,805 - INFO - Starting seed=3
2025-08-07 15:19:17,810 - INFO - A_teacher is 0.5803276300430298
2025-08-07 15:19:17,811 - INFO - dataset is tensor([[[ 0.1748],
         [ 0.0890],
         [-0.6137],
         [ 0.0462],
         [-1.3683]]])
2025-08-07 15:19:17,812 - INFO - Starting G&C
2025-08-07 15:20:58,656 - INFO - Finished G&C, time elapsed=100.8433301448822s
2025-08-07 15:20:58,657 - INFO - Finished seed=3
2025-08-07 15:20:58,657 - INFO - Starting seed=4
2025-08-07 15:20:58,663 - INFO - A_teacher is 0.33947238326072693
2025-08-07 15:20:58,664 - INFO - dataset is tensor([[[ 0.2325],
         [ 2.2399],
         [ 0.8473],
         [ 1.2006],
         [-0.4016]]])
2025-08-07 15:20:58,665 - INFO - Starting G&C
2025-08-07 15:22:37,565 - INFO - Finished G&C, time elapsed=98.89964962005615s
2025-08-07 15:22:37,566 - INFO - Finished seed=4
2025-08-07 15:22:37,567 - INFO - Starting seed=5
2025-08-07 15:22:37,572 - INFO - A_teacher is 0.45132192969322205
2025-08-07 15:22:37,573 - INFO - dataset is tensor([[[-0.6038],
         [-0.5581],
         [ 0.6675],
         [-0.1974],
         [ 1.9428]]])
2025-08-07 15:22:37,574 - INFO - Starting G&C
2025-08-07 15:24:25,494 - INFO - Finished G&C, time elapsed=107.91908884048462s
2025-08-07 15:24:25,495 - INFO - Finished seed=5
2025-08-07 15:24:25,496 - INFO - Starting seed=6
2025-08-07 15:24:25,502 - INFO - A_teacher is 0.31256014108657837
2025-08-07 15:24:25,504 - INFO - dataset is tensor([[[-0.9937],
         [ 0.7185],
         [-0.6985],
         [-1.4716],
         [ 0.1777]]])
2025-08-07 15:24:25,506 - INFO - Starting G&C
2025-08-07 15:26:16,110 - INFO - Finished G&C, time elapsed=110.60350680351257s
2025-08-07 15:26:16,112 - INFO - Finished seed=6
2025-08-07 15:26:16,113 - INFO - Starting seed=7
2025-08-07 15:26:16,139 - INFO - A_teacher is 0.48532047867774963
2025-08-07 15:26:16,141 - INFO - dataset is tensor([[[ 0.7861],
         [ 0.9468],
         [-1.1143],
         [ 1.6908],
         [-0.8948]]])
2025-08-07 15:26:16,144 - INFO - Starting G&C
2025-08-07 15:28:02,533 - INFO - Finished G&C, time elapsed=106.38863134384155s
2025-08-07 15:28:02,534 - INFO - Finished seed=7
2025-08-07 15:28:02,535 - INFO - Starting seed=8
2025-08-07 15:28:02,550 - INFO - A_teacher is 0.5271276235580444
2025-08-07 15:28:02,551 - INFO - dataset is tensor([[[-1.2729],
         [ 0.5027],
         [ 0.4181],
         [-0.6394],
         [-0.6608]]])
2025-08-07 15:28:02,554 - INFO - Starting G&C
2025-08-07 15:29:52,084 - INFO - Finished G&C, time elapsed=109.5289957523346s
2025-08-07 15:29:52,087 - INFO - Finished seed=8
2025-08-07 15:29:52,087 - INFO - Starting seed=9
2025-08-07 15:29:52,107 - INFO - A_teacher is 0.5044727325439453
2025-08-07 15:29:52,108 - INFO - dataset is tensor([[[ 1.9112],
         [-0.2310],
         [ 0.3459],
         [ 1.3180],
         [ 0.3696]]])
2025-08-07 15:29:52,111 - INFO - Starting G&C
2025-08-07 15:31:40,016 - INFO - Finished G&C, time elapsed=107.90451908111572s
2025-08-07 15:31:40,018 - INFO - Finished seed=9
2025-08-07 15:31:40,019 - INFO - ----------------------------------------------------------------------------------------------------------------------------------------------
2025-08-07 15:31:40,019 - INFO - ----------------------------------------------------------------------------------------------------------------------------------------------
2025-08-07 15:31:40,019 - INFO - Finished student_dim=21
2025-08-07 15:31:40,019 - INFO - G&C avg gen_loss = 1.1280237307692753
2025-08-07 15:31:40,020 - INFO - G&C avg theoretical_loss = 1.0007897794246674
2025-08-07 15:31:40,021 - INFO - G&C avg theoretical_asymptotic_loss = -329.2003217875957
2025-08-07 15:31:40,021 - INFO - ----------------------------------------------------------------------------------------------------------------------------------------------
2025-08-07 15:31:40,022 - INFO - Starting student_dim=22
2025-08-07 15:31:40,023 - INFO - Starting seed=0
2025-08-07 15:31:40,043 - INFO - A_teacher is 0.6540995836257935
2025-08-07 15:31:40,044 - INFO - dataset is tensor([[[-0.2934],
         [-2.1788],
         [ 0.5684],
         [-1.0845],
         [-1.3986]]])
2025-08-07 15:31:40,046 - INFO - Starting G&C
2025-08-07 15:33:27,523 - INFO - Finished G&C, time elapsed=107.47687411308289s
2025-08-07 15:33:27,525 - INFO - Finished seed=0
2025-08-07 15:33:27,526 - INFO - Starting seed=1
2025-08-07 15:33:27,548 - INFO - A_teacher is 0.5661352276802063
2025-08-07 15:33:27,550 - INFO - dataset is tensor([[[ 0.2669],
         [ 0.0617],
         [ 0.6213],
         [-0.4519],
         [-0.1661]]])
2025-08-07 15:33:27,552 - INFO - Starting G&C
2025-08-07 15:35:18,077 - INFO - Finished G&C, time elapsed=110.52388978004456s
2025-08-07 15:35:18,078 - INFO - Finished seed=1
2025-08-07 15:35:18,079 - INFO - Starting seed=2
2025-08-07 15:35:18,089 - INFO - A_teacher is 0.539229691028595
2025-08-07 15:35:18,091 - INFO - dataset is tensor([[[-0.2236],
         [-0.3195],
         [-1.2050],
         [ 1.0445],
         [-0.6332]]])
2025-08-07 15:35:18,092 - INFO - Starting G&C
2025-08-07 15:37:08,658 - INFO - Finished G&C, time elapsed=110.5654649734497s
2025-08-07 15:37:08,660 - INFO - Finished seed=2
2025-08-07 15:37:08,660 - INFO - Starting seed=3
2025-08-07 15:37:08,679 - INFO - A_teacher is 0.5803276300430298
2025-08-07 15:37:08,681 - INFO - dataset is tensor([[[ 0.1748],
         [ 0.0890],
         [-0.6137],
         [ 0.0462],
         [-1.3683]]])
2025-08-07 15:37:08,683 - INFO - Starting G&C
2025-08-07 15:38:50,858 - INFO - Finished G&C, time elapsed=102.17413330078125s
2025-08-07 15:38:50,860 - INFO - Finished seed=3
2025-08-07 15:38:50,860 - INFO - Starting seed=4
2025-08-07 15:38:50,881 - INFO - A_teacher is 0.33947238326072693
2025-08-07 15:38:50,883 - INFO - dataset is tensor([[[ 0.2325],
         [ 2.2399],
         [ 0.8473],
         [ 1.2006],
         [-0.4016]]])
2025-08-07 15:38:50,884 - INFO - Starting G&C
2025-08-07 15:40:43,859 - INFO - Finished G&C, time elapsed=112.97324538230896s
2025-08-07 15:40:43,861 - INFO - Finished seed=4
2025-08-07 15:40:43,861 - INFO - Starting seed=5
2025-08-07 15:40:43,884 - INFO - A_teacher is 0.45132192969322205
2025-08-07 15:40:43,886 - INFO - dataset is tensor([[[-0.6038],
         [-0.5581],
         [ 0.6675],
         [-0.1974],
         [ 1.9428]]])
2025-08-07 15:40:43,888 - INFO - Starting G&C
2025-08-07 15:42:49,556 - INFO - Finished G&C, time elapsed=125.66763877868652s
2025-08-07 15:42:49,559 - INFO - Finished seed=5
2025-08-07 15:42:49,560 - INFO - Starting seed=6
2025-08-07 15:42:49,583 - INFO - A_teacher is 0.31256014108657837
2025-08-07 15:42:49,586 - INFO - dataset is tensor([[[-0.9937],
         [ 0.7185],
         [-0.6985],
         [-1.4716],
         [ 0.1777]]])
2025-08-07 15:42:49,589 - INFO - Starting G&C
2025-08-07 15:44:53,213 - INFO - Finished G&C, time elapsed=123.6236023902893s
2025-08-07 15:44:53,217 - INFO - Finished seed=6
2025-08-07 15:44:53,218 - INFO - Starting seed=7
2025-08-07 15:44:53,240 - INFO - A_teacher is 0.48532047867774963
2025-08-07 15:44:53,244 - INFO - dataset is tensor([[[ 0.7861],
         [ 0.9468],
         [-1.1143],
         [ 1.6908],
         [-0.8948]]])
2025-08-07 15:44:53,248 - INFO - Starting G&C
2025-08-07 15:47:00,823 - INFO - Finished G&C, time elapsed=127.57423520088196s
2025-08-07 15:47:00,825 - INFO - Finished seed=7
2025-08-07 15:47:00,826 - INFO - Starting seed=8
2025-08-07 15:47:00,842 - INFO - A_teacher is 0.5271276235580444
2025-08-07 15:47:00,844 - INFO - dataset is tensor([[[-1.2729],
         [ 0.5027],
         [ 0.4181],
         [-0.6394],
         [-0.6608]]])
2025-08-07 15:47:00,846 - INFO - Starting G&C
2025-08-07 15:48:53,666 - INFO - Finished G&C, time elapsed=112.81902408599854s
2025-08-07 15:48:53,669 - INFO - Finished seed=8
2025-08-07 15:48:53,669 - INFO - Starting seed=9
2025-08-07 15:48:53,695 - INFO - A_teacher is 0.5044727325439453
2025-08-07 15:48:53,697 - INFO - dataset is tensor([[[ 1.9112],
         [-0.2310],
         [ 0.3459],
         [ 1.3180],
         [ 0.3696]]])
2025-08-07 15:48:53,700 - INFO - Starting G&C
2025-08-07 15:50:41,581 - INFO - Finished G&C, time elapsed=107.88009834289551s
2025-08-07 15:50:41,584 - INFO - Finished seed=9
2025-08-07 15:50:41,585 - INFO - ----------------------------------------------------------------------------------------------------------------------------------------------
2025-08-07 15:50:41,586 - INFO - ----------------------------------------------------------------------------------------------------------------------------------------------
2025-08-07 15:50:41,586 - INFO - Finished student_dim=22
2025-08-07 15:50:41,586 - INFO - G&C avg gen_loss = 1.1275886567728093
2025-08-07 15:50:41,586 - INFO - G&C avg theoretical_loss = 1.0068873763084412
2025-08-07 15:50:41,586 - INFO - G&C avg theoretical_asymptotic_loss = -313.7312486052513
2025-08-07 15:50:41,586 - INFO - ----------------------------------------------------------------------------------------------------------------------------------------------
2025-08-07 15:50:41,587 - INFO - Starting student_dim=23
2025-08-07 15:50:41,587 - INFO - Starting seed=0
2025-08-07 15:50:41,617 - INFO - A_teacher is 0.6540995836257935
2025-08-07 15:50:41,621 - INFO - dataset is tensor([[[-0.2934],
         [-2.1788],
         [ 0.5684],
         [-1.0845],
         [-1.3986]]])
2025-08-07 15:50:41,623 - INFO - Starting G&C
2025-08-07 15:52:38,659 - INFO - Finished G&C, time elapsed=117.03602313995361s
2025-08-07 15:52:38,662 - INFO - Finished seed=0
2025-08-07 15:52:38,663 - INFO - Starting seed=1
2025-08-07 15:52:38,689 - INFO - A_teacher is 0.5661352276802063
2025-08-07 15:52:38,690 - INFO - dataset is tensor([[[ 0.2669],
         [ 0.0617],
         [ 0.6213],
         [-0.4519],
         [-0.1661]]])
2025-08-07 15:52:38,692 - INFO - Starting G&C
2025-08-07 15:54:30,176 - INFO - Finished G&C, time elapsed=111.48266410827637s
2025-08-07 15:54:30,177 - INFO - Finished seed=1
2025-08-07 15:54:30,177 - INFO - Starting seed=2
2025-08-07 15:54:30,186 - INFO - A_teacher is 0.539229691028595
2025-08-07 15:54:30,187 - INFO - dataset is tensor([[[-0.2236],
         [-0.3195],
         [-1.2050],
         [ 1.0445],
         [-0.6332]]])
2025-08-07 15:54:30,188 - INFO - Starting G&C
2025-08-07 15:56:30,752 - INFO - Finished G&C, time elapsed=120.56342244148254s
2025-08-07 15:56:30,754 - INFO - Finished seed=2
2025-08-07 15:56:30,755 - INFO - Starting seed=3
2025-08-07 15:56:30,776 - INFO - A_teacher is 0.5803276300430298
2025-08-07 15:56:30,778 - INFO - dataset is tensor([[[ 0.1748],
         [ 0.0890],
         [-0.6137],
         [ 0.0462],
         [-1.3683]]])
2025-08-07 15:56:30,782 - INFO - Starting G&C
2025-08-07 15:58:30,769 - INFO - Finished G&C, time elapsed=119.98689460754395s
2025-08-07 15:58:30,772 - INFO - Finished seed=3
2025-08-07 15:58:30,772 - INFO - Starting seed=4
2025-08-07 15:58:30,791 - INFO - A_teacher is 0.33947238326072693
2025-08-07 15:58:30,793 - INFO - dataset is tensor([[[ 0.2325],
         [ 2.2399],
         [ 0.8473],
         [ 1.2006],
         [-0.4016]]])
2025-08-07 15:58:30,795 - INFO - Starting G&C
2025-08-07 16:00:22,404 - INFO - Finished G&C, time elapsed=111.60937476158142s
2025-08-07 16:00:22,407 - INFO - Finished seed=4
2025-08-07 16:00:22,407 - INFO - Starting seed=5
2025-08-07 16:00:22,423 - INFO - A_teacher is 0.45132192969322205
2025-08-07 16:00:22,425 - INFO - dataset is tensor([[[-0.6038],
         [-0.5581],
         [ 0.6675],
         [-0.1974],
         [ 1.9428]]])
2025-08-07 16:00:22,426 - INFO - Starting G&C
2025-08-07 16:02:15,568 - INFO - Finished G&C, time elapsed=113.14232611656189s
2025-08-07 16:02:15,571 - INFO - Finished seed=5
2025-08-07 16:02:15,572 - INFO - Starting seed=6
2025-08-07 16:02:15,590 - INFO - A_teacher is 0.31256014108657837
2025-08-07 16:02:15,592 - INFO - dataset is tensor([[[-0.9937],
         [ 0.7185],
         [-0.6985],
         [-1.4716],
         [ 0.1777]]])
2025-08-07 16:02:15,593 - INFO - Starting G&C
2025-08-07 16:04:06,744 - INFO - Finished G&C, time elapsed=111.15081024169922s
2025-08-07 16:04:06,746 - INFO - Finished seed=6
2025-08-07 16:04:06,747 - INFO - Starting seed=7
2025-08-07 16:04:06,772 - INFO - A_teacher is 0.48532047867774963
2025-08-07 16:04:06,774 - INFO - dataset is tensor([[[ 0.7861],
         [ 0.9468],
         [-1.1143],
         [ 1.6908],
         [-0.8948]]])
2025-08-07 16:04:06,777 - INFO - Starting G&C
2025-08-07 16:05:56,596 - INFO - Finished G&C, time elapsed=109.81847023963928s
2025-08-07 16:05:56,599 - INFO - Finished seed=7
2025-08-07 16:05:56,599 - INFO - Starting seed=8
2025-08-07 16:05:56,628 - INFO - A_teacher is 0.5271276235580444
2025-08-07 16:05:56,630 - INFO - dataset is tensor([[[-1.2729],
         [ 0.5027],
         [ 0.4181],
         [-0.6394],
         [-0.6608]]])
2025-08-07 16:05:56,632 - INFO - Starting G&C
2025-08-07 16:07:51,238 - INFO - Finished G&C, time elapsed=114.60527110099792s
2025-08-07 16:07:51,240 - INFO - Finished seed=8
2025-08-07 16:07:51,241 - INFO - Starting seed=9
2025-08-07 16:07:51,260 - INFO - A_teacher is 0.5044727325439453
2025-08-07 16:07:51,262 - INFO - dataset is tensor([[[ 1.9112],
         [-0.2310],
         [ 0.3459],
         [ 1.3180],
         [ 0.3696]]])
2025-08-07 16:07:51,263 - INFO - Starting G&C
2025-08-07 16:09:42,368 - INFO - Finished G&C, time elapsed=111.1045618057251s
2025-08-07 16:09:42,370 - INFO - Finished seed=9
2025-08-07 16:09:42,371 - INFO - ----------------------------------------------------------------------------------------------------------------------------------------------
2025-08-07 16:09:42,371 - INFO - ----------------------------------------------------------------------------------------------------------------------------------------------
2025-08-07 16:09:42,371 - INFO - Finished student_dim=23
2025-08-07 16:09:42,372 - INFO - G&C avg gen_loss = 1.13615033079738
2025-08-07 16:09:42,373 - INFO - G&C avg theoretical_loss = -0.08789086937904358
2025-08-07 16:09:42,375 - INFO - G&C avg theoretical_asymptotic_loss = -299.60730145573615
2025-08-07 16:09:42,376 - INFO - ----------------------------------------------------------------------------------------------------------------------------------------------
2025-08-07 16:09:42,376 - INFO - Starting student_dim=24
2025-08-07 16:09:42,378 - INFO - Starting seed=0
2025-08-07 16:09:42,394 - INFO - A_teacher is 0.6540995836257935
2025-08-07 16:09:42,395 - INFO - dataset is tensor([[[-0.2934],
         [-2.1788],
         [ 0.5684],
         [-1.0845],
         [-1.3986]]])
2025-08-07 16:09:42,397 - INFO - Starting G&C
2025-08-07 16:11:25,744 - INFO - Finished G&C, time elapsed=103.34633946418762s
2025-08-07 16:11:25,746 - INFO - Finished seed=0
2025-08-07 16:11:25,746 - INFO - Starting seed=1
2025-08-07 16:11:25,768 - INFO - A_teacher is 0.5661352276802063
2025-08-07 16:11:25,770 - INFO - dataset is tensor([[[ 0.2669],
         [ 0.0617],
         [ 0.6213],
         [-0.4519],
         [-0.1661]]])
2025-08-07 16:11:25,772 - INFO - Starting G&C
2025-08-07 16:13:33,221 - INFO - Finished G&C, time elapsed=127.44784355163574s
2025-08-07 16:13:33,223 - INFO - Finished seed=1
2025-08-07 16:13:33,223 - INFO - Starting seed=2
2025-08-07 16:13:33,251 - INFO - A_teacher is 0.539229691028595
2025-08-07 16:13:33,254 - INFO - dataset is tensor([[[-0.2236],
         [-0.3195],
         [-1.2050],
         [ 1.0445],
         [-0.6332]]])
2025-08-07 16:13:33,257 - INFO - Starting G&C
2025-08-07 16:15:57,219 - INFO - Finished G&C, time elapsed=143.96108770370483s
2025-08-07 16:15:57,220 - INFO - Finished seed=2
2025-08-07 16:15:57,221 - INFO - Starting seed=3
2025-08-07 16:15:57,227 - INFO - A_teacher is 0.5803276300430298
2025-08-07 16:15:57,229 - INFO - dataset is tensor([[[ 0.1748],
         [ 0.0890],
         [-0.6137],
         [ 0.0462],
         [-1.3683]]])
2025-08-07 16:15:57,231 - INFO - Starting G&C
2025-08-07 16:17:53,273 - INFO - Finished G&C, time elapsed=116.04251885414124s
2025-08-07 16:17:53,276 - INFO - Finished seed=3
2025-08-07 16:17:53,277 - INFO - Starting seed=4
2025-08-07 16:17:53,302 - INFO - A_teacher is 0.33947238326072693
2025-08-07 16:17:53,304 - INFO - dataset is tensor([[[ 0.2325],
         [ 2.2399],
         [ 0.8473],
         [ 1.2006],
         [-0.4016]]])
2025-08-07 16:17:53,306 - INFO - Starting G&C
2025-08-07 16:19:50,172 - INFO - Finished G&C, time elapsed=116.8646547794342s
2025-08-07 16:19:50,174 - INFO - Finished seed=4
2025-08-07 16:19:50,175 - INFO - Starting seed=5
2025-08-07 16:19:50,203 - INFO - A_teacher is 0.45132192969322205
2025-08-07 16:19:50,206 - INFO - dataset is tensor([[[-0.6038],
         [-0.5581],
         [ 0.6675],
         [-0.1974],
         [ 1.9428]]])
2025-08-07 16:19:50,208 - INFO - Starting G&C
2025-08-07 16:21:45,021 - INFO - Finished G&C, time elapsed=114.8124692440033s
2025-08-07 16:21:45,024 - INFO - Finished seed=5
2025-08-07 16:21:45,024 - INFO - Starting seed=6
2025-08-07 16:21:45,049 - INFO - A_teacher is 0.31256014108657837
2025-08-07 16:21:45,051 - INFO - dataset is tensor([[[-0.9937],
         [ 0.7185],
         [-0.6985],
         [-1.4716],
         [ 0.1777]]])
2025-08-07 16:21:45,053 - INFO - Starting G&C
2025-08-07 16:23:37,016 - INFO - Finished G&C, time elapsed=111.96232628822327s
2025-08-07 16:23:37,018 - INFO - Finished seed=6
2025-08-07 16:23:37,018 - INFO - Starting seed=7
2025-08-07 16:23:37,041 - INFO - A_teacher is 0.48532047867774963
2025-08-07 16:23:37,043 - INFO - dataset is tensor([[[ 0.7861],
         [ 0.9468],
         [-1.1143],
         [ 1.6908],
         [-0.8948]]])
2025-08-07 16:23:37,045 - INFO - Starting G&C
2025-08-07 16:25:33,118 - INFO - Finished G&C, time elapsed=116.07181429862976s
2025-08-07 16:25:33,119 - INFO - Finished seed=7
2025-08-07 16:25:33,119 - INFO - Starting seed=8
2025-08-07 16:25:33,125 - INFO - A_teacher is 0.5271276235580444
2025-08-07 16:25:33,127 - INFO - dataset is tensor([[[-1.2729],
         [ 0.5027],
         [ 0.4181],
         [-0.6394],
         [-0.6608]]])
2025-08-07 16:25:33,128 - INFO - Starting G&C
2025-08-07 16:27:28,028 - INFO - Finished G&C, time elapsed=114.89936542510986s
2025-08-07 16:27:28,029 - INFO - Finished seed=8
2025-08-07 16:27:28,029 - INFO - Starting seed=9
2025-08-07 16:27:28,035 - INFO - A_teacher is 0.5044727325439453
2025-08-07 16:27:28,037 - INFO - dataset is tensor([[[ 1.9112],
         [-0.2310],
         [ 0.3459],
         [ 1.3180],
         [ 0.3696]]])
2025-08-07 16:27:28,039 - INFO - Starting G&C
2025-08-07 16:29:13,178 - INFO - Finished G&C, time elapsed=105.13831925392151s
2025-08-07 16:29:13,179 - INFO - Finished seed=9
2025-08-07 16:29:13,180 - INFO - ----------------------------------------------------------------------------------------------------------------------------------------------
2025-08-07 16:29:13,181 - INFO - ----------------------------------------------------------------------------------------------------------------------------------------------
2025-08-07 16:29:13,181 - INFO - Finished student_dim=24
2025-08-07 16:29:13,182 - INFO - G&C avg gen_loss = 1.124736462213416
2025-08-07 16:29:13,182 - INFO - G&C avg theoretical_loss = 1.018153077363968
2025-08-07 16:29:13,183 - INFO - G&C avg theoretical_asymptotic_loss = -286.6603644609451
2025-08-07 16:29:13,185 - INFO - ----------------------------------------------------------------------------------------------------------------------------------------------
2025-08-07 16:29:13,185 - INFO - Starting student_dim=25
2025-08-07 16:29:13,187 - INFO - Starting seed=0
2025-08-07 16:29:13,201 - INFO - A_teacher is 0.6540995836257935
2025-08-07 16:29:13,202 - INFO - dataset is tensor([[[-0.2934],
         [-2.1788],
         [ 0.5684],
         [-1.0845],
         [-1.3986]]])
2025-08-07 16:29:13,204 - INFO - Starting G&C
2025-08-07 16:31:06,305 - INFO - Finished G&C, time elapsed=113.10079312324524s
2025-08-07 16:31:06,308 - INFO - Finished seed=0
2025-08-07 16:31:06,309 - INFO - Starting seed=1
2025-08-07 16:31:06,336 - INFO - A_teacher is 0.5661352276802063
2025-08-07 16:31:06,339 - INFO - dataset is tensor([[[ 0.2669],
         [ 0.0617],
         [ 0.6213],
         [-0.4519],
         [-0.1661]]])
2025-08-07 16:31:06,341 - INFO - Starting G&C
2025-08-07 16:32:54,231 - INFO - Finished G&C, time elapsed=107.88950204849243s
2025-08-07 16:32:54,234 - INFO - Finished seed=1
2025-08-07 16:32:54,234 - INFO - Starting seed=2
2025-08-07 16:32:54,260 - INFO - A_teacher is 0.539229691028595
2025-08-07 16:32:54,262 - INFO - dataset is tensor([[[-0.2236],
         [-0.3195],
         [-1.2050],
         [ 1.0445],
         [-0.6332]]])
2025-08-07 16:32:54,265 - INFO - Starting G&C
2025-08-07 16:34:40,214 - INFO - Finished G&C, time elapsed=105.94817304611206s
2025-08-07 16:34:40,216 - INFO - Finished seed=2
2025-08-07 16:34:40,216 - INFO - Starting seed=3
2025-08-07 16:34:40,241 - INFO - A_teacher is 0.5803276300430298
2025-08-07 16:34:40,243 - INFO - dataset is tensor([[[ 0.1748],
         [ 0.0890],
         [-0.6137],
         [ 0.0462],
         [-1.3683]]])
2025-08-07 16:34:40,246 - INFO - Starting G&C
2025-08-07 16:36:25,929 - INFO - Finished G&C, time elapsed=105.68264961242676s
2025-08-07 16:36:25,930 - INFO - Finished seed=3
2025-08-07 16:36:25,931 - INFO - Starting seed=4
2025-08-07 16:36:25,947 - INFO - A_teacher is 0.33947238326072693
2025-08-07 16:36:25,948 - INFO - dataset is tensor([[[ 0.2325],
         [ 2.2399],
         [ 0.8473],
         [ 1.2006],
         [-0.4016]]])
2025-08-07 16:36:25,950 - INFO - Starting G&C
2025-08-07 16:38:10,035 - INFO - Finished G&C, time elapsed=104.08367204666138s
2025-08-07 16:38:10,036 - INFO - Finished seed=4
2025-08-07 16:38:10,037 - INFO - Starting seed=5
2025-08-07 16:38:10,062 - INFO - A_teacher is 0.45132192969322205
2025-08-07 16:38:10,065 - INFO - dataset is tensor([[[-0.6038],
         [-0.5581],
         [ 0.6675],
         [-0.1974],
         [ 1.9428]]])
2025-08-07 16:38:10,067 - INFO - Starting G&C
2025-08-07 16:39:54,066 - INFO - Finished G&C, time elapsed=103.99856090545654s
2025-08-07 16:39:54,070 - INFO - Finished seed=5
2025-08-07 16:39:54,070 - INFO - Starting seed=6
2025-08-07 16:39:54,092 - INFO - A_teacher is 0.31256014108657837
2025-08-07 16:39:54,094 - INFO - dataset is tensor([[[-0.9937],
         [ 0.7185],
         [-0.6985],
         [-1.4716],
         [ 0.1777]]])
2025-08-07 16:39:54,096 - INFO - Starting G&C
2025-08-07 16:41:43,367 - INFO - Finished G&C, time elapsed=109.27035641670227s
2025-08-07 16:41:43,370 - INFO - Finished seed=6
2025-08-07 16:41:43,371 - INFO - Starting seed=7
2025-08-07 16:41:43,394 - INFO - A_teacher is 0.48532047867774963
2025-08-07 16:41:43,397 - INFO - dataset is tensor([[[ 0.7861],
         [ 0.9468],
         [-1.1143],
         [ 1.6908],
         [-0.8948]]])
2025-08-07 16:41:43,399 - INFO - Starting G&C
2025-08-07 16:43:31,337 - INFO - Finished G&C, time elapsed=107.93737840652466s
2025-08-07 16:43:31,338 - INFO - Finished seed=7
2025-08-07 16:43:31,339 - INFO - Starting seed=8
2025-08-07 16:43:31,345 - INFO - A_teacher is 0.5271276235580444
2025-08-07 16:43:31,346 - INFO - dataset is tensor([[[-1.2729],
         [ 0.5027],
         [ 0.4181],
         [-0.6394],
         [-0.6608]]])
2025-08-07 16:43:31,348 - INFO - Starting G&C
2025-08-07 16:45:21,823 - INFO - Finished G&C, time elapsed=110.47557353973389s
2025-08-07 16:45:21,826 - INFO - Finished seed=8
2025-08-07 16:45:21,826 - INFO - Starting seed=9
2025-08-07 16:45:21,851 - INFO - A_teacher is 0.5044727325439453
2025-08-07 16:45:21,855 - INFO - dataset is tensor([[[ 1.9112],
         [-0.2310],
         [ 0.3459],
         [ 1.3180],
         [ 0.3696]]])
2025-08-07 16:45:21,858 - INFO - Starting G&C
2025-08-07 16:47:16,402 - INFO - Finished G&C, time elapsed=114.54397249221802s
2025-08-07 16:47:16,404 - INFO - Finished seed=9
2025-08-07 16:47:16,405 - INFO - ----------------------------------------------------------------------------------------------------------------------------------------------
2025-08-07 16:47:16,405 - INFO - ----------------------------------------------------------------------------------------------------------------------------------------------
2025-08-07 16:47:16,405 - INFO - Finished student_dim=25
2025-08-07 16:47:16,406 - INFO - G&C avg gen_loss = 1.142437457939275
2025-08-07 16:47:16,407 - INFO - G&C avg theoretical_loss = 0.5988839983940124
2025-08-07 16:47:16,409 - INFO - G&C avg theoretical_asymptotic_loss = -274.7491558969021
2025-08-07 16:47:16,409 - INFO - ----------------------------------------------------------------------------------------------------------------------------------------------
2025-08-07 16:47:16,410 - INFO - Starting student_dim=26
2025-08-07 16:47:16,412 - INFO - Starting seed=0
2025-08-07 16:47:16,443 - INFO - A_teacher is 0.6540995836257935
2025-08-07 16:47:16,447 - INFO - dataset is tensor([[[-0.2934],
         [-2.1788],
         [ 0.5684],
         [-1.0845],
         [-1.3986]]])
2025-08-07 16:47:16,451 - INFO - Starting G&C
2025-08-07 16:49:15,523 - INFO - Finished G&C, time elapsed=119.07182145118713s
2025-08-07 16:49:15,525 - INFO - Finished seed=0
2025-08-07 16:49:15,525 - INFO - Starting seed=1
2025-08-07 16:49:15,544 - INFO - A_teacher is 0.5661352276802063
2025-08-07 16:49:15,547 - INFO - dataset is tensor([[[ 0.2669],
         [ 0.0617],
         [ 0.6213],
         [-0.4519],
         [-0.1661]]])
2025-08-07 16:49:15,549 - INFO - Starting G&C
2025-08-07 16:51:07,344 - INFO - Finished G&C, time elapsed=111.79460859298706s
2025-08-07 16:51:07,347 - INFO - Finished seed=1
2025-08-07 16:51:07,347 - INFO - Starting seed=2
2025-08-07 16:51:07,370 - INFO - A_teacher is 0.539229691028595
2025-08-07 16:51:07,373 - INFO - dataset is tensor([[[-0.2236],
         [-0.3195],
         [-1.2050],
         [ 1.0445],
         [-0.6332]]])
2025-08-07 16:51:07,375 - INFO - Starting G&C
2025-08-07 16:52:59,099 - INFO - Finished G&C, time elapsed=111.72366380691528s
2025-08-07 16:52:59,101 - INFO - Finished seed=2
2025-08-07 16:52:59,102 - INFO - Starting seed=3
2025-08-07 16:52:59,127 - INFO - A_teacher is 0.5803276300430298
2025-08-07 16:52:59,130 - INFO - dataset is tensor([[[ 0.1748],
         [ 0.0890],
         [-0.6137],
         [ 0.0462],
         [-1.3683]]])
2025-08-07 16:52:59,133 - INFO - Starting G&C
2025-08-07 16:54:57,418 - INFO - Finished G&C, time elapsed=118.28491282463074s
2025-08-07 16:54:57,421 - INFO - Finished seed=3
2025-08-07 16:54:57,421 - INFO - Starting seed=4
2025-08-07 16:54:57,428 - INFO - A_teacher is 0.33947238326072693
2025-08-07 16:54:57,429 - INFO - dataset is tensor([[[ 0.2325],
         [ 2.2399],
         [ 0.8473],
         [ 1.2006],
         [-0.4016]]])
2025-08-07 16:54:57,431 - INFO - Starting G&C
2025-08-07 16:56:58,501 - INFO - Finished G&C, time elapsed=121.06992888450623s
2025-08-07 16:56:58,503 - INFO - Finished seed=4
2025-08-07 16:56:58,504 - INFO - Starting seed=5
2025-08-07 16:56:58,528 - INFO - A_teacher is 0.45132192969322205
2025-08-07 16:56:58,530 - INFO - dataset is tensor([[[-0.6038],
         [-0.5581],
         [ 0.6675],
         [-0.1974],
         [ 1.9428]]])
2025-08-07 16:56:58,532 - INFO - Starting G&C
2025-08-07 16:58:52,916 - INFO - Finished G&C, time elapsed=114.38278222084045s
2025-08-07 16:58:52,919 - INFO - Finished seed=5
2025-08-07 16:58:52,919 - INFO - Starting seed=6
2025-08-07 16:58:52,946 - INFO - A_teacher is 0.31256014108657837
2025-08-07 16:58:52,948 - INFO - dataset is tensor([[[-0.9937],
         [ 0.7185],
         [-0.6985],
         [-1.4716],
         [ 0.1777]]])
2025-08-07 16:58:52,951 - INFO - Starting G&C
2025-08-07 17:00:59,605 - INFO - Finished G&C, time elapsed=126.65267324447632s
2025-08-07 17:00:59,607 - INFO - Finished seed=6
2025-08-07 17:00:59,608 - INFO - Starting seed=7
2025-08-07 17:00:59,621 - INFO - A_teacher is 0.48532047867774963
2025-08-07 17:00:59,623 - INFO - dataset is tensor([[[ 0.7861],
         [ 0.9468],
         [-1.1143],
         [ 1.6908],
         [-0.8948]]])
2025-08-07 17:00:59,625 - INFO - Starting G&C
2025-08-07 17:02:59,422 - INFO - Finished G&C, time elapsed=119.7971453666687s
2025-08-07 17:02:59,424 - INFO - Finished seed=7
2025-08-07 17:02:59,424 - INFO - Starting seed=8
2025-08-07 17:02:59,437 - INFO - A_teacher is 0.5271276235580444
2025-08-07 17:02:59,438 - INFO - dataset is tensor([[[-1.2729],
         [ 0.5027],
         [ 0.4181],
         [-0.6394],
         [-0.6608]]])
2025-08-07 17:02:59,440 - INFO - Starting G&C
2025-08-07 17:04:44,890 - INFO - Finished G&C, time elapsed=105.45008111000061s
2025-08-07 17:04:44,893 - INFO - Finished seed=8
2025-08-07 17:04:44,894 - INFO - Starting seed=9
2025-08-07 17:04:44,916 - INFO - A_teacher is 0.5044727325439453
2025-08-07 17:04:44,919 - INFO - dataset is tensor([[[ 1.9112],
         [-0.2310],
         [ 0.3459],
         [ 1.3180],
         [ 0.3696]]])
2025-08-07 17:04:44,921 - INFO - Starting G&C
2025-08-07 17:06:30,489 - INFO - Finished G&C, time elapsed=105.56809091567993s
2025-08-07 17:06:30,492 - INFO - Finished seed=9
2025-08-07 17:06:30,493 - INFO - ----------------------------------------------------------------------------------------------------------------------------------------------
2025-08-07 17:06:30,493 - INFO - ----------------------------------------------------------------------------------------------------------------------------------------------
2025-08-07 17:06:30,493 - INFO - Finished student_dim=26
2025-08-07 17:06:30,493 - INFO - G&C avg gen_loss = 1.130890718685678
2025-08-07 17:06:30,494 - INFO - G&C avg theoretical_loss = 0.9323335021734238
2025-08-07 17:06:30,494 - INFO - G&C avg theoretical_asymptotic_loss = -263.7542168140411
2025-08-07 17:06:30,494 - INFO - ----------------------------------------------------------------------------------------------------------------------------------------------
2025-08-07 17:06:30,494 - INFO - Starting student_dim=27
2025-08-07 17:06:30,494 - INFO - Starting seed=0
2025-08-07 17:06:30,515 - INFO - A_teacher is 0.6540995836257935
2025-08-07 17:06:30,518 - INFO - dataset is tensor([[[-0.2934],
         [-2.1788],
         [ 0.5684],
         [-1.0845],
         [-1.3986]]])
2025-08-07 17:06:30,519 - INFO - Starting G&C
2025-08-07 17:08:24,440 - INFO - Finished G&C, time elapsed=113.92020916938782s
2025-08-07 17:08:24,441 - INFO - Finished seed=0
2025-08-07 17:08:24,441 - INFO - Starting seed=1
2025-08-07 17:08:24,458 - INFO - A_teacher is 0.5661352276802063
2025-08-07 17:08:24,461 - INFO - dataset is tensor([[[ 0.2669],
         [ 0.0617],
         [ 0.6213],
         [-0.4519],
         [-0.1661]]])
2025-08-07 17:08:24,463 - INFO - Starting G&C
2025-08-07 17:10:19,761 - INFO - Finished G&C, time elapsed=115.29759073257446s
2025-08-07 17:10:19,763 - INFO - Finished seed=1
2025-08-07 17:10:19,764 - INFO - Starting seed=2
2025-08-07 17:10:19,791 - INFO - A_teacher is 0.539229691028595
2025-08-07 17:10:19,793 - INFO - dataset is tensor([[[-0.2236],
         [-0.3195],
         [-1.2050],
         [ 1.0445],
         [-0.6332]]])
2025-08-07 17:10:19,796 - INFO - Starting G&C
2025-08-07 17:12:17,345 - INFO - Finished G&C, time elapsed=117.54831433296204s
2025-08-07 17:12:17,347 - INFO - Finished seed=2
2025-08-07 17:12:17,348 - INFO - Starting seed=3
2025-08-07 17:12:17,363 - INFO - A_teacher is 0.5803276300430298
2025-08-07 17:12:17,365 - INFO - dataset is tensor([[[ 0.1748],
         [ 0.0890],
         [-0.6137],
         [ 0.0462],
         [-1.3683]]])
2025-08-07 17:12:17,366 - INFO - Starting G&C
2025-08-07 17:14:14,029 - INFO - Finished G&C, time elapsed=116.6621150970459s
2025-08-07 17:14:14,030 - INFO - Finished seed=3
2025-08-07 17:14:14,031 - INFO - Starting seed=4
2025-08-07 17:14:14,035 - INFO - A_teacher is 0.33947238326072693
2025-08-07 17:14:14,037 - INFO - dataset is tensor([[[ 0.2325],
         [ 2.2399],
         [ 0.8473],
         [ 1.2006],
         [-0.4016]]])
2025-08-07 17:14:14,038 - INFO - Starting G&C
2025-08-07 17:16:09,230 - INFO - Finished G&C, time elapsed=115.1917724609375s
2025-08-07 17:16:09,231 - INFO - Finished seed=4
2025-08-07 17:16:09,231 - INFO - Starting seed=5
2025-08-07 17:16:09,236 - INFO - A_teacher is 0.45132192969322205
2025-08-07 17:16:09,237 - INFO - dataset is tensor([[[-0.6038],
         [-0.5581],
         [ 0.6675],
         [-0.1974],
         [ 1.9428]]])
2025-08-07 17:16:09,238 - INFO - Starting G&C
2025-08-07 17:18:04,345 - INFO - Finished G&C, time elapsed=115.10646200180054s
2025-08-07 17:18:04,347 - INFO - Finished seed=5
2025-08-07 17:18:04,348 - INFO - Starting seed=6
2025-08-07 17:18:04,372 - INFO - A_teacher is 0.31256014108657837
2025-08-07 17:18:04,375 - INFO - dataset is tensor([[[-0.9937],
         [ 0.7185],
         [-0.6985],
         [-1.4716],
         [ 0.1777]]])
2025-08-07 17:18:04,376 - INFO - Starting G&C
2025-08-07 17:20:00,141 - INFO - Finished G&C, time elapsed=115.76423668861389s
2025-08-07 17:20:00,142 - INFO - Finished seed=6
2025-08-07 17:20:00,142 - INFO - Starting seed=7
2025-08-07 17:20:00,147 - INFO - A_teacher is 0.48532047867774963
2025-08-07 17:20:00,149 - INFO - dataset is tensor([[[ 0.7861],
         [ 0.9468],
         [-1.1143],
         [ 1.6908],
         [-0.8948]]])
2025-08-07 17:20:00,150 - INFO - Starting G&C
2025-08-07 17:21:46,025 - INFO - Finished G&C, time elapsed=105.87526774406433s
2025-08-07 17:21:46,026 - INFO - Finished seed=7
2025-08-07 17:21:46,027 - INFO - Starting seed=8
2025-08-07 17:21:46,042 - INFO - A_teacher is 0.5271276235580444
2025-08-07 17:21:46,044 - INFO - dataset is tensor([[[-1.2729],
         [ 0.5027],
         [ 0.4181],
         [-0.6394],
         [-0.6608]]])
2025-08-07 17:21:46,046 - INFO - Starting G&C
2025-08-07 17:23:41,544 - INFO - Finished G&C, time elapsed=115.49690508842468s
2025-08-07 17:23:41,546 - INFO - Finished seed=8
2025-08-07 17:23:41,547 - INFO - Starting seed=9
2025-08-07 17:23:41,565 - INFO - A_teacher is 0.5044727325439453
2025-08-07 17:23:41,567 - INFO - dataset is tensor([[[ 1.9112],
         [-0.2310],
         [ 0.3459],
         [ 1.3180],
         [ 0.3696]]])
2025-08-07 17:23:41,568 - INFO - Starting G&C
2025-08-07 17:25:35,539 - INFO - Finished G&C, time elapsed=113.96969866752625s
2025-08-07 17:25:35,541 - INFO - Finished seed=9
2025-08-07 17:25:35,542 - INFO - ----------------------------------------------------------------------------------------------------------------------------------------------
2025-08-07 17:25:35,542 - INFO - ----------------------------------------------------------------------------------------------------------------------------------------------
2025-08-07 17:25:35,542 - INFO - Finished student_dim=27
2025-08-07 17:25:35,543 - INFO - G&C avg gen_loss = 1.138645838182676
2025-08-07 17:25:35,543 - INFO - G&C avg theoretical_loss = 0.6167452096939087
2025-08-07 17:25:35,543 - INFO - G&C avg theoretical_asymptotic_loss = -253.57371497154236
2025-08-07 17:25:35,543 - INFO - ----------------------------------------------------------------------------------------------------------------------------------------------
2025-08-07 17:25:35,543 - INFO - Starting student_dim=28
2025-08-07 17:25:35,544 - INFO - Starting seed=0
2025-08-07 17:25:35,567 - INFO - A_teacher is 0.6540995836257935
2025-08-07 17:25:35,569 - INFO - dataset is tensor([[[-0.2934],
         [-2.1788],
         [ 0.5684],
         [-1.0845],
         [-1.3986]]])
2025-08-07 17:25:35,572 - INFO - Starting G&C
2025-08-07 17:27:31,996 - INFO - Finished G&C, time elapsed=116.42385268211365s
2025-08-07 17:27:31,998 - INFO - Finished seed=0
2025-08-07 17:27:31,998 - INFO - Starting seed=1
2025-08-07 17:27:32,019 - INFO - A_teacher is 0.5661352276802063
2025-08-07 17:27:32,021 - INFO - dataset is tensor([[[ 0.2669],
         [ 0.0617],
         [ 0.6213],
         [-0.4519],
         [-0.1661]]])
2025-08-07 17:27:32,023 - INFO - Starting G&C
2025-08-07 17:29:19,060 - INFO - Finished G&C, time elapsed=107.03613042831421s
2025-08-07 17:29:19,062 - INFO - Finished seed=1
2025-08-07 17:29:19,062 - INFO - Starting seed=2
2025-08-07 17:29:19,083 - INFO - A_teacher is 0.539229691028595
2025-08-07 17:29:19,085 - INFO - dataset is tensor([[[-0.2236],
         [-0.3195],
         [-1.2050],
         [ 1.0445],
         [-0.6332]]])
2025-08-07 17:29:19,087 - INFO - Starting G&C
2025-08-07 17:31:06,246 - INFO - Finished G&C, time elapsed=107.15924859046936s
2025-08-07 17:31:06,248 - INFO - Finished seed=2
2025-08-07 17:31:06,249 - INFO - Starting seed=3
2025-08-07 17:31:06,271 - INFO - A_teacher is 0.5803276300430298
2025-08-07 17:31:06,275 - INFO - dataset is tensor([[[ 0.1748],
         [ 0.0890],
         [-0.6137],
         [ 0.0462],
         [-1.3683]]])
2025-08-07 17:31:06,278 - INFO - Starting G&C
2025-08-07 17:33:01,318 - INFO - Finished G&C, time elapsed=115.03984904289246s
2025-08-07 17:33:01,320 - INFO - Finished seed=3
2025-08-07 17:33:01,320 - INFO - Starting seed=4
2025-08-07 17:33:01,339 - INFO - A_teacher is 0.33947238326072693
2025-08-07 17:33:01,341 - INFO - dataset is tensor([[[ 0.2325],
         [ 2.2399],
         [ 0.8473],
         [ 1.2006],
         [-0.4016]]])
2025-08-07 17:33:01,343 - INFO - Starting G&C
2025-08-07 17:34:56,662 - INFO - Finished G&C, time elapsed=115.31867265701294s
2025-08-07 17:34:56,665 - INFO - Finished seed=4
2025-08-07 17:34:56,665 - INFO - Starting seed=5
2025-08-07 17:34:56,677 - INFO - A_teacher is 0.45132192969322205
2025-08-07 17:34:56,678 - INFO - dataset is tensor([[[-0.6038],
         [-0.5581],
         [ 0.6675],
         [-0.1974],
         [ 1.9428]]])
2025-08-07 17:34:56,680 - INFO - Starting G&C
2025-08-07 17:36:50,418 - INFO - Finished G&C, time elapsed=113.73753356933594s
2025-08-07 17:36:50,420 - INFO - Finished seed=5
2025-08-07 17:36:50,421 - INFO - Starting seed=6
2025-08-07 17:36:50,441 - INFO - A_teacher is 0.31256014108657837
2025-08-07 17:36:50,443 - INFO - dataset is tensor([[[-0.9937],
         [ 0.7185],
         [-0.6985],
         [-1.4716],
         [ 0.1777]]])
2025-08-07 17:36:50,445 - INFO - Starting G&C
2025-08-07 17:38:46,119 - INFO - Finished G&C, time elapsed=115.67343878746033s
2025-08-07 17:38:46,122 - INFO - Finished seed=6
2025-08-07 17:38:46,122 - INFO - Starting seed=7
2025-08-07 17:38:46,133 - INFO - A_teacher is 0.48532047867774963
2025-08-07 17:38:46,135 - INFO - dataset is tensor([[[ 0.7861],
         [ 0.9468],
         [-1.1143],
         [ 1.6908],
         [-0.8948]]])
2025-08-07 17:38:46,137 - INFO - Starting G&C
2025-08-07 17:40:33,788 - INFO - Finished G&C, time elapsed=107.65049195289612s
2025-08-07 17:40:33,790 - INFO - Finished seed=7
2025-08-07 17:40:33,791 - INFO - Starting seed=8
2025-08-07 17:40:33,809 - INFO - A_teacher is 0.5271276235580444
2025-08-07 17:40:33,811 - INFO - dataset is tensor([[[-1.2729],
         [ 0.5027],
         [ 0.4181],
         [-0.6394],
         [-0.6608]]])
2025-08-07 17:40:33,812 - INFO - Starting G&C
2025-08-07 17:42:28,642 - INFO - Finished G&C, time elapsed=114.82951617240906s
2025-08-07 17:42:28,644 - INFO - Finished seed=8
2025-08-07 17:42:28,645 - INFO - Starting seed=9
2025-08-07 17:42:28,661 - INFO - A_teacher is 0.5044727325439453
2025-08-07 17:42:28,663 - INFO - dataset is tensor([[[ 1.9112],
         [-0.2310],
         [ 0.3459],
         [ 1.3180],
         [ 0.3696]]])
2025-08-07 17:42:28,665 - INFO - Starting G&C
2025-08-07 17:44:14,127 - INFO - Finished G&C, time elapsed=105.4611291885376s
2025-08-07 17:44:14,128 - INFO - Finished seed=9
2025-08-07 17:44:14,129 - INFO - ----------------------------------------------------------------------------------------------------------------------------------------------
2025-08-07 17:44:14,129 - INFO - ----------------------------------------------------------------------------------------------------------------------------------------------
2025-08-07 17:44:14,129 - INFO - Finished student_dim=28
2025-08-07 17:44:14,129 - INFO - G&C avg gen_loss = 1.1400334385638995
2025-08-07 17:44:14,129 - INFO - G&C avg theoretical_loss = 0.9390249967575073
2025-08-07 17:44:14,130 - INFO - G&C avg theoretical_asymptotic_loss = -244.1203830897808
2025-08-07 17:44:14,130 - INFO - ----------------------------------------------------------------------------------------------------------------------------------------------
2025-08-07 17:44:14,130 - INFO - Starting student_dim=29
2025-08-07 17:44:14,130 - INFO - Starting seed=0
2025-08-07 17:44:14,143 - INFO - A_teacher is 0.6540995836257935
2025-08-07 17:44:14,144 - INFO - dataset is tensor([[[-0.2934],
         [-2.1788],
         [ 0.5684],
         [-1.0845],
         [-1.3986]]])
2025-08-07 17:44:14,146 - INFO - Starting G&C
2025-08-07 17:46:09,438 - INFO - Finished G&C, time elapsed=115.29163980484009s
2025-08-07 17:46:09,441 - INFO - Finished seed=0
2025-08-07 17:46:09,441 - INFO - Starting seed=1
2025-08-07 17:46:09,456 - INFO - A_teacher is 0.5661352276802063
2025-08-07 17:46:09,458 - INFO - dataset is tensor([[[ 0.2669],
         [ 0.0617],
         [ 0.6213],
         [-0.4519],
         [-0.1661]]])
2025-08-07 17:46:09,460 - INFO - Starting G&C
2025-08-07 17:48:04,611 - INFO - Finished G&C, time elapsed=115.15015244483948s
2025-08-07 17:48:04,612 - INFO - Finished seed=1
2025-08-07 17:48:04,613 - INFO - Starting seed=2
2025-08-07 17:48:04,625 - INFO - A_teacher is 0.539229691028595
2025-08-07 17:48:04,627 - INFO - dataset is tensor([[[-0.2236],
         [-0.3195],
         [-1.2050],
         [ 1.0445],
         [-0.6332]]])
2025-08-07 17:48:04,629 - INFO - Starting G&C
2025-08-07 17:50:04,325 - INFO - Finished G&C, time elapsed=119.69580793380737s
2025-08-07 17:50:04,327 - INFO - Finished seed=2
2025-08-07 17:50:04,328 - INFO - Starting seed=3
2025-08-07 17:50:04,352 - INFO - A_teacher is 0.5803276300430298
2025-08-07 17:50:04,355 - INFO - dataset is tensor([[[ 0.1748],
         [ 0.0890],
         [-0.6137],
         [ 0.0462],
         [-1.3683]]])
2025-08-07 17:50:04,358 - INFO - Starting G&C
2025-08-07 17:52:00,696 - INFO - Finished G&C, time elapsed=116.33785390853882s
2025-08-07 17:52:00,699 - INFO - Finished seed=3
2025-08-07 17:52:00,699 - INFO - Starting seed=4
2025-08-07 17:52:00,720 - INFO - A_teacher is 0.33947238326072693
2025-08-07 17:52:00,723 - INFO - dataset is tensor([[[ 0.2325],
         [ 2.2399],
         [ 0.8473],
         [ 1.2006],
         [-0.4016]]])
2025-08-07 17:52:00,725 - INFO - Starting G&C
