2025-07-25 17:54:51,135 - INFO - Using device mps.
2025-07-25 17:54:51,145 - INFO - Starting teacher_rank=1
2025-07-25 17:54:51,145 - INFO - Starting student_dim=3
2025-07-25 17:54:51,146 - INFO - Starting seed=0
2025-07-25 17:54:51,183 - INFO - Starting GD
2025-07-25 17:57:21,453 - INFO - Finished GD, time elapsed=150.27024388313293s
2025-07-25 17:57:21,453 - INFO - Finished seed=0
2025-07-25 17:57:21,454 - INFO - Starting seed=1
2025-07-25 17:57:21,454 - INFO - Starting GD
2025-07-25 17:59:54,705 - INFO - Finished GD, time elapsed=153.2506239414215s
2025-07-25 17:59:54,705 - INFO - Finished seed=1
2025-07-25 17:59:54,705 - INFO - Starting seed=2
2025-07-25 17:59:54,706 - INFO - Starting GD
2025-07-25 18:02:27,168 - INFO - Finished GD, time elapsed=152.4613859653473s
2025-07-25 18:02:27,168 - INFO - Finished seed=2
2025-07-25 18:02:27,168 - INFO - Starting seed=3
2025-07-25 18:02:27,169 - INFO - Starting GD
2025-07-25 18:05:00,799 - INFO - Finished GD, time elapsed=153.63000392913818s
2025-07-25 18:05:00,799 - INFO - Finished seed=3
2025-07-25 18:05:00,799 - INFO - Starting seed=4
2025-07-25 18:05:00,800 - INFO - Starting GD
2025-07-25 18:22:42,696 - INFO - Finished GD, time elapsed=1061.8963871002197s
2025-07-25 18:22:42,696 - INFO - Finished seed=4
2025-07-25 18:22:42,696 - INFO - Starting seed=5
2025-07-25 18:22:42,697 - INFO - Starting GD
2025-07-25 18:25:11,826 - INFO - Finished GD, time elapsed=149.12910103797913s
2025-07-25 18:25:11,826 - INFO - Finished seed=5
2025-07-25 18:25:11,827 - INFO - Starting seed=6
2025-07-25 18:25:11,827 - INFO - Starting GD
2025-07-25 18:27:41,888 - INFO - Finished GD, time elapsed=150.06064915657043s
2025-07-25 18:27:41,888 - INFO - Finished seed=6
2025-07-25 18:27:41,888 - INFO - Starting seed=7
2025-07-25 18:27:41,889 - INFO - Starting GD
2025-07-25 18:30:14,250 - INFO - Finished GD, time elapsed=152.36094999313354s
2025-07-25 18:30:14,250 - INFO - Finished seed=7
2025-07-25 18:30:14,250 - INFO - ----------------------------------------------------------------------------------------------------------------------------------------------
2025-07-25 18:30:14,250 - INFO - ----------------------------------------------------------------------------------------------------------------------------------------------
2025-07-25 18:30:14,250 - INFO - Finished student_dim=3 with G&C avg gen_loss = 0.0, GD avg gen_loss = 0.4765397969822516
2025-07-25 18:30:14,250 - INFO - ----------------------------------------------------------------------------------------------------------------------------------------------
2025-07-25 18:30:14,251 - INFO - Starting student_dim=4
2025-07-25 18:30:14,251 - INFO - Starting seed=0
2025-07-25 18:30:14,254 - INFO - Starting GD
2025-07-25 18:33:35,523 - INFO - Finished GD, time elapsed=201.26912903785706s
2025-07-25 18:33:35,523 - INFO - Finished seed=0
2025-07-25 18:33:35,524 - INFO - Starting seed=1
2025-07-25 18:33:35,527 - INFO - Starting GD
2025-07-25 18:36:29,553 - INFO - Finished GD, time elapsed=174.02578592300415s
2025-07-25 18:36:29,553 - INFO - Finished seed=1
2025-07-25 18:36:29,554 - INFO - Starting seed=2
2025-07-25 18:36:29,554 - INFO - Starting GD
2025-07-25 18:39:11,645 - INFO - Finished GD, time elapsed=162.09085512161255s
2025-07-25 18:39:11,645 - INFO - Finished seed=2
2025-07-25 18:39:11,645 - INFO - Starting seed=3
2025-07-25 18:39:11,646 - INFO - Starting GD
2025-07-25 18:41:52,305 - INFO - Finished GD, time elapsed=160.65822005271912s
2025-07-25 18:41:52,305 - INFO - Finished seed=3
2025-07-25 18:41:52,305 - INFO - Starting seed=4
2025-07-25 18:41:52,306 - INFO - Starting GD
2025-07-25 18:44:32,838 - INFO - Finished GD, time elapsed=160.53205919265747s
2025-07-25 18:44:32,838 - INFO - Finished seed=4
2025-07-25 18:44:32,838 - INFO - Starting seed=5
2025-07-25 18:44:32,839 - INFO - Starting GD
2025-07-25 18:47:13,409 - INFO - Finished GD, time elapsed=160.57008481025696s
2025-07-25 18:47:13,409 - INFO - Finished seed=5
2025-07-25 18:47:13,409 - INFO - Starting seed=6
2025-07-25 18:47:13,410 - INFO - Starting GD
2025-07-25 18:49:54,099 - INFO - Finished GD, time elapsed=160.68911385536194s
2025-07-25 18:49:54,099 - INFO - Finished seed=6
2025-07-25 18:49:54,099 - INFO - Starting seed=7
2025-07-25 18:49:54,100 - INFO - Starting GD
2025-07-25 18:52:35,922 - INFO - Finished GD, time elapsed=161.82152795791626s
2025-07-25 18:52:35,922 - INFO - Finished seed=7
2025-07-25 18:52:35,922 - INFO - ----------------------------------------------------------------------------------------------------------------------------------------------
2025-07-25 18:52:35,922 - INFO - ----------------------------------------------------------------------------------------------------------------------------------------------
2025-07-25 18:52:35,922 - INFO - Finished student_dim=4 with G&C avg gen_loss = 0.0, GD avg gen_loss = 1.027673448625137
2025-07-25 18:52:35,922 - INFO - ----------------------------------------------------------------------------------------------------------------------------------------------
2025-07-25 18:52:35,922 - INFO - Starting student_dim=5
2025-07-25 18:52:35,922 - INFO - Starting seed=0
2025-07-25 18:52:35,926 - INFO - Starting GD
2025-07-25 18:55:23,417 - INFO - Finished GD, time elapsed=167.49106097221375s
2025-07-25 18:55:23,417 - INFO - Finished seed=0
2025-07-25 18:55:23,417 - INFO - Starting seed=1
2025-07-25 18:55:23,418 - INFO - Starting GD
2025-07-25 18:58:13,558 - INFO - Finished GD, time elapsed=170.14012384414673s
2025-07-25 18:58:13,558 - INFO - Finished seed=1
2025-07-25 18:58:13,558 - INFO - Starting seed=2
2025-07-25 18:58:13,559 - INFO - Starting GD
2025-07-25 19:01:05,409 - INFO - Finished GD, time elapsed=171.84946036338806s
2025-07-25 19:01:05,409 - INFO - Finished seed=2
2025-07-25 19:01:05,409 - INFO - Starting seed=3
2025-07-25 19:01:05,410 - INFO - Starting GD
2025-07-25 19:03:57,618 - INFO - Finished GD, time elapsed=172.20827388763428s
2025-07-25 19:03:57,618 - INFO - Finished seed=3
2025-07-25 19:03:57,618 - INFO - Starting seed=4
2025-07-25 19:03:57,619 - INFO - Starting GD
2025-07-25 19:06:49,185 - INFO - Finished GD, time elapsed=171.56516671180725s
2025-07-25 19:06:49,185 - INFO - Finished seed=4
2025-07-25 19:06:49,185 - INFO - Starting seed=5
2025-07-25 19:06:49,186 - INFO - Starting GD
2025-07-25 19:09:39,693 - INFO - Finished GD, time elapsed=170.50728178024292s
2025-07-25 19:09:39,693 - INFO - Finished seed=5
2025-07-25 19:09:39,693 - INFO - Starting seed=6
2025-07-25 19:09:39,694 - INFO - Starting GD
2025-07-25 19:12:28,914 - INFO - Finished GD, time elapsed=169.21949911117554s
2025-07-25 19:12:28,914 - INFO - Finished seed=6
2025-07-25 19:12:28,914 - INFO - Starting seed=7
2025-07-25 19:12:28,915 - INFO - Starting GD
2025-07-25 19:15:23,060 - INFO - Finished GD, time elapsed=174.1452739238739s
2025-07-25 19:15:23,060 - INFO - Finished seed=7
2025-07-25 19:15:23,060 - INFO - ----------------------------------------------------------------------------------------------------------------------------------------------
2025-07-25 19:15:23,060 - INFO - ----------------------------------------------------------------------------------------------------------------------------------------------
2025-07-25 19:15:23,060 - INFO - Finished student_dim=5 with G&C avg gen_loss = 0.0, GD avg gen_loss = 1.9409356604155619
2025-07-25 19:15:23,060 - INFO - ----------------------------------------------------------------------------------------------------------------------------------------------
2025-07-25 19:15:23,061 - INFO - Starting student_dim=6
2025-07-25 19:15:23,061 - INFO - Starting seed=0
2025-07-25 19:15:23,064 - INFO - Starting GD
2025-07-25 19:18:12,224 - INFO - Finished GD, time elapsed=169.1601960659027s
2025-07-25 19:18:12,224 - INFO - Finished seed=0
2025-07-25 19:18:12,224 - INFO - Starting seed=1
2025-07-25 19:18:12,225 - INFO - Starting GD
2025-07-25 19:21:00,507 - INFO - Finished GD, time elapsed=168.28165888786316s
2025-07-25 19:21:00,507 - INFO - Finished seed=1
2025-07-25 19:21:00,507 - INFO - Starting seed=2
2025-07-25 19:21:00,508 - INFO - Starting GD
2025-07-25 19:33:51,377 - INFO - Finished GD, time elapsed=770.8691861629486s
2025-07-25 19:33:51,377 - INFO - Finished seed=2
2025-07-25 19:33:51,377 - INFO - Starting seed=3
2025-07-25 19:33:51,378 - INFO - Starting GD
2025-07-25 19:41:23,109 - INFO - Finished GD, time elapsed=451.73028206825256s
2025-07-25 19:41:23,109 - INFO - Finished seed=3
2025-07-25 19:41:23,109 - INFO - Starting seed=4
2025-07-25 19:41:23,110 - INFO - Starting GD
2025-07-25 19:49:00,330 - INFO - Finished GD, time elapsed=457.2205319404602s
2025-07-25 19:49:00,330 - INFO - Finished seed=4
2025-07-25 19:49:00,330 - INFO - Starting seed=5
2025-07-25 19:49:00,331 - INFO - Starting GD
2025-07-25 19:51:31,570 - INFO - Finished GD, time elapsed=151.2385573387146s
2025-07-25 19:51:31,570 - INFO - Finished seed=5
2025-07-25 19:51:31,570 - INFO - Starting seed=6
2025-07-25 19:51:31,571 - INFO - Starting GD
2025-07-25 19:54:04,294 - INFO - Finished GD, time elapsed=152.72328400611877s
2025-07-25 19:54:04,294 - INFO - Finished seed=6
2025-07-25 19:54:04,294 - INFO - Starting seed=7
2025-07-25 19:54:04,295 - INFO - Starting GD
2025-07-25 19:56:38,520 - INFO - Finished GD, time elapsed=154.22494101524353s
2025-07-25 19:56:38,520 - INFO - Finished seed=7
2025-07-25 19:56:38,520 - INFO - ----------------------------------------------------------------------------------------------------------------------------------------------
2025-07-25 19:56:38,520 - INFO - ----------------------------------------------------------------------------------------------------------------------------------------------
2025-07-25 19:56:38,521 - INFO - Finished student_dim=6 with G&C avg gen_loss = 0.0, GD avg gen_loss = 2.029898619861342
2025-07-25 19:56:38,521 - INFO - ----------------------------------------------------------------------------------------------------------------------------------------------
2025-07-25 19:56:38,521 - INFO - Starting student_dim=7
2025-07-25 19:56:38,521 - INFO - Starting seed=0
2025-07-25 19:56:38,524 - INFO - Starting GD
2025-07-25 19:59:35,881 - INFO - Finished GD, time elapsed=177.3570737838745s
2025-07-25 19:59:35,881 - INFO - Finished seed=0
2025-07-25 19:59:35,881 - INFO - Starting seed=1
2025-07-25 19:59:35,882 - INFO - Starting GD
2025-07-25 20:03:15,621 - INFO - Finished GD, time elapsed=219.73883199691772s
2025-07-25 20:03:15,621 - INFO - Finished seed=1
2025-07-25 20:03:15,621 - INFO - Starting seed=2
2025-07-25 20:03:15,622 - INFO - Starting GD
2025-07-25 20:05:56,382 - INFO - Finished GD, time elapsed=160.75953912734985s
2025-07-25 20:05:56,382 - INFO - Finished seed=2
2025-07-25 20:05:56,382 - INFO - Starting seed=3
2025-07-25 20:05:56,383 - INFO - Starting GD
2025-07-25 20:08:39,255 - INFO - Finished GD, time elapsed=162.87239289283752s
2025-07-25 20:08:39,255 - INFO - Finished seed=3
2025-07-25 20:08:39,255 - INFO - Starting seed=4
2025-07-25 20:08:39,256 - INFO - Starting GD
2025-07-25 20:11:24,783 - INFO - Finished GD, time elapsed=165.52646207809448s
2025-07-25 20:11:24,783 - INFO - Finished seed=4
2025-07-25 20:11:24,783 - INFO - Starting seed=5
2025-07-25 20:11:24,784 - INFO - Starting GD
2025-07-25 20:14:20,902 - INFO - Finished GD, time elapsed=176.11788392066956s
2025-07-25 20:14:20,903 - INFO - Finished seed=5
2025-07-25 20:14:20,903 - INFO - Starting seed=6
2025-07-25 20:14:20,904 - INFO - Starting GD
2025-07-25 20:17:14,122 - INFO - Finished GD, time elapsed=173.21759796142578s
2025-07-25 20:17:14,122 - INFO - Finished seed=6
2025-07-25 20:17:14,122 - INFO - Starting seed=7
2025-07-25 20:17:14,123 - INFO - Starting GD
2025-07-25 20:20:08,407 - INFO - Finished GD, time elapsed=174.28365302085876s
2025-07-25 20:20:08,407 - INFO - Finished seed=7
2025-07-25 20:20:08,407 - INFO - ----------------------------------------------------------------------------------------------------------------------------------------------
2025-07-25 20:20:08,407 - INFO - ----------------------------------------------------------------------------------------------------------------------------------------------
2025-07-25 20:20:08,407 - INFO - Finished student_dim=7 with G&C avg gen_loss = 0.0, GD avg gen_loss = 0.6147703970782459
2025-07-25 20:20:08,407 - INFO - ----------------------------------------------------------------------------------------------------------------------------------------------
2025-07-25 20:20:08,407 - INFO - Starting student_dim=8
2025-07-25 20:20:08,407 - INFO - Starting seed=0
2025-07-25 20:20:08,413 - INFO - Starting GD
2025-07-25 20:23:00,927 - INFO - Finished GD, time elapsed=172.51380610466003s
2025-07-25 20:23:00,927 - INFO - Finished seed=0
2025-07-25 20:23:00,928 - INFO - Starting seed=1
2025-07-25 20:23:00,929 - INFO - Starting GD
2025-07-25 20:25:53,286 - INFO - Finished GD, time elapsed=172.35701084136963s
2025-07-25 20:25:53,287 - INFO - Finished seed=1
2025-07-25 20:25:53,287 - INFO - Starting seed=2
2025-07-25 20:25:53,288 - INFO - Starting GD
2025-07-25 20:28:45,850 - INFO - Finished GD, time elapsed=172.561537027359s
2025-07-25 20:28:45,851 - INFO - Finished seed=2
2025-07-25 20:28:45,851 - INFO - Starting seed=3
2025-07-25 20:28:45,852 - INFO - Starting GD
2025-07-25 20:31:37,456 - INFO - Finished GD, time elapsed=171.60317063331604s
2025-07-25 20:31:37,456 - INFO - Finished seed=3
2025-07-25 20:31:37,456 - INFO - Starting seed=4
2025-07-25 20:31:37,457 - INFO - Starting GD
2025-07-25 20:34:28,223 - INFO - Finished GD, time elapsed=170.7665331363678s
2025-07-25 20:34:28,225 - INFO - Finished seed=4
2025-07-25 20:34:28,225 - INFO - Starting seed=5
2025-07-25 20:34:28,226 - INFO - Starting GD
2025-07-25 20:37:18,238 - INFO - Finished GD, time elapsed=170.01147389411926s
2025-07-25 20:37:18,238 - INFO - Finished seed=5
2025-07-25 20:37:18,238 - INFO - Starting seed=6
2025-07-25 20:37:18,239 - INFO - Starting GD
2025-07-25 20:40:07,322 - INFO - Finished GD, time elapsed=169.0830819606781s
2025-07-25 20:40:07,323 - INFO - Finished seed=6
2025-07-25 20:40:07,324 - INFO - Starting seed=7
2025-07-25 20:40:07,325 - INFO - Starting GD
2025-07-25 20:42:56,053 - INFO - Finished GD, time elapsed=168.72820782661438s
2025-07-25 20:42:56,055 - INFO - Finished seed=7
2025-07-25 20:42:56,055 - INFO - ----------------------------------------------------------------------------------------------------------------------------------------------
2025-07-25 20:42:56,055 - INFO - ----------------------------------------------------------------------------------------------------------------------------------------------
2025-07-25 20:42:56,055 - INFO - Finished student_dim=8 with G&C avg gen_loss = 0.0, GD avg gen_loss = 3.4576988560147583
2025-07-25 20:42:56,055 - INFO - ----------------------------------------------------------------------------------------------------------------------------------------------
2025-07-25 20:42:56,055 - INFO - Starting student_dim=9
2025-07-25 20:42:56,055 - INFO - Starting seed=0
2025-07-25 20:42:56,067 - INFO - Starting GD
2025-07-25 20:45:45,862 - INFO - Finished GD, time elapsed=169.79483270645142s
2025-07-25 20:45:45,862 - INFO - Finished seed=0
2025-07-25 20:45:45,862 - INFO - Starting seed=1
2025-07-25 20:45:45,863 - INFO - Starting GD
2025-07-25 20:48:35,957 - INFO - Finished GD, time elapsed=170.09407591819763s
2025-07-25 20:48:35,958 - INFO - Finished seed=1
2025-07-25 20:48:35,958 - INFO - Starting seed=2
2025-07-25 20:48:35,959 - INFO - Starting GD
2025-07-25 20:51:25,174 - INFO - Finished GD, time elapsed=169.2148678302765s
2025-07-25 20:51:25,175 - INFO - Finished seed=2
2025-07-25 20:51:25,175 - INFO - Starting seed=3
2025-07-25 20:51:25,177 - INFO - Starting GD
2025-07-25 20:54:14,614 - INFO - Finished GD, time elapsed=169.4373540878296s
2025-07-25 20:54:14,614 - INFO - Finished seed=3
2025-07-25 20:54:14,614 - INFO - Starting seed=4
2025-07-25 20:54:14,615 - INFO - Starting GD
2025-07-25 21:01:31,950 - INFO - Finished GD, time elapsed=437.3348798751831s
2025-07-25 21:01:31,952 - INFO - Finished seed=4
2025-07-25 21:01:31,952 - INFO - Starting seed=5
2025-07-25 21:01:31,953 - INFO - Starting GD
2025-07-25 21:04:08,167 - INFO - Finished GD, time elapsed=156.21450185775757s
2025-07-25 21:04:08,167 - INFO - Finished seed=5
2025-07-25 21:04:08,168 - INFO - Starting seed=6
2025-07-25 21:04:08,168 - INFO - Starting GD
2025-07-25 21:06:45,398 - INFO - Finished GD, time elapsed=157.22959899902344s
2025-07-25 21:06:45,400 - INFO - Finished seed=6
2025-07-25 21:06:45,400 - INFO - Starting seed=7
2025-07-25 21:06:45,401 - INFO - Starting GD
2025-07-25 21:10:39,349 - INFO - Finished GD, time elapsed=233.9477870464325s
2025-07-25 21:10:39,350 - INFO - Finished seed=7
2025-07-25 21:10:39,350 - INFO - ----------------------------------------------------------------------------------------------------------------------------------------------
2025-07-25 21:10:39,350 - INFO - ----------------------------------------------------------------------------------------------------------------------------------------------
2025-07-25 21:10:39,350 - INFO - Finished student_dim=9 with G&C avg gen_loss = 0.0, GD avg gen_loss = 1.3691407786682248
2025-07-25 21:10:39,350 - INFO - ----------------------------------------------------------------------------------------------------------------------------------------------
2025-07-25 21:10:39,350 - INFO - Starting student_dim=10
2025-07-25 21:10:39,350 - INFO - Starting seed=0
2025-07-25 21:10:39,358 - INFO - Starting GD
2025-07-25 21:14:18,189 - INFO - Finished GD, time elapsed=218.83079195022583s
2025-07-25 21:14:18,190 - INFO - Finished seed=0
2025-07-25 21:14:18,190 - INFO - Starting seed=1
2025-07-25 21:14:18,194 - INFO - Starting GD
2025-07-25 21:17:43,947 - INFO - Finished GD, time elapsed=205.75287008285522s
2025-07-25 21:17:43,947 - INFO - Finished seed=1
2025-07-25 21:17:43,947 - INFO - Starting seed=2
2025-07-25 21:17:43,948 - INFO - Starting GD
2025-07-25 21:21:10,684 - INFO - Finished GD, time elapsed=206.73582911491394s
2025-07-25 21:21:10,685 - INFO - Finished seed=2
2025-07-25 21:21:10,685 - INFO - Starting seed=3
2025-07-25 21:21:10,687 - INFO - Starting GD
2025-07-25 21:24:08,476 - INFO - Finished GD, time elapsed=177.78951382637024s
2025-07-25 21:24:08,477 - INFO - Finished seed=3
2025-07-25 21:24:08,477 - INFO - Starting seed=4
2025-07-25 21:24:08,478 - INFO - Starting GD
2025-07-25 21:27:05,874 - INFO - Finished GD, time elapsed=177.39520597457886s
2025-07-25 21:27:05,874 - INFO - Finished seed=4
2025-07-25 21:27:05,874 - INFO - Starting seed=5
2025-07-25 21:27:05,875 - INFO - Starting GD
2025-07-25 21:30:04,442 - INFO - Finished GD, time elapsed=178.5671033859253s
2025-07-25 21:30:04,443 - INFO - Finished seed=5
2025-07-25 21:30:04,444 - INFO - Starting seed=6
2025-07-25 21:30:04,445 - INFO - Starting GD
2025-07-25 21:33:06,457 - INFO - Finished GD, time elapsed=182.0124809741974s
2025-07-25 21:33:06,459 - INFO - Finished seed=6
2025-07-25 21:33:06,459 - INFO - Starting seed=7
2025-07-25 21:33:06,460 - INFO - Starting GD
2025-07-25 21:36:06,806 - INFO - Finished GD, time elapsed=180.34572792053223s
2025-07-25 21:36:06,806 - INFO - Finished seed=7
2025-07-25 21:36:06,806 - INFO - ----------------------------------------------------------------------------------------------------------------------------------------------
2025-07-25 21:36:06,806 - INFO - ----------------------------------------------------------------------------------------------------------------------------------------------
2025-07-25 21:36:06,806 - INFO - Finished student_dim=10 with G&C avg gen_loss = 0.0, GD avg gen_loss = 5.342645940268994
2025-07-25 21:36:06,806 - INFO - ----------------------------------------------------------------------------------------------------------------------------------------------
2025-07-25 21:36:06,806 - INFO - Starting student_dim=11
2025-07-25 21:36:06,806 - INFO - Starting seed=0
2025-07-25 21:36:06,812 - INFO - Starting GD
2025-07-25 21:39:07,305 - INFO - Finished GD, time elapsed=180.49303603172302s
2025-07-25 21:39:07,306 - INFO - Finished seed=0
2025-07-25 21:39:07,307 - INFO - Starting seed=1
2025-07-25 21:39:07,308 - INFO - Starting GD
2025-07-25 21:42:06,740 - INFO - Finished GD, time elapsed=179.43171191215515s
2025-07-25 21:42:06,741 - INFO - Finished seed=1
2025-07-25 21:42:06,741 - INFO - Starting seed=2
2025-07-25 21:42:06,742 - INFO - Starting GD
2025-07-25 21:45:22,509 - INFO - Finished GD, time elapsed=195.76631617546082s
2025-07-25 21:45:22,510 - INFO - Finished seed=2
2025-07-25 21:45:22,510 - INFO - Starting seed=3
2025-07-25 21:45:22,511 - INFO - Starting GD
2025-07-25 21:48:21,011 - INFO - Finished GD, time elapsed=178.49946808815002s
2025-07-25 21:48:21,012 - INFO - Finished seed=3
2025-07-25 21:48:21,012 - INFO - Starting seed=4
2025-07-25 21:48:21,014 - INFO - Starting GD
2025-07-25 21:51:19,602 - INFO - Finished GD, time elapsed=178.5886869430542s
2025-07-25 21:51:19,603 - INFO - Finished seed=4
2025-07-25 21:51:19,604 - INFO - Starting seed=5
2025-07-25 21:51:19,605 - INFO - Starting GD
2025-07-25 21:54:18,180 - INFO - Finished GD, time elapsed=178.57544493675232s
2025-07-25 21:54:18,181 - INFO - Finished seed=5
2025-07-25 21:54:18,181 - INFO - Starting seed=6
2025-07-25 21:54:18,183 - INFO - Starting GD
2025-07-25 21:57:12,810 - INFO - Finished GD, time elapsed=174.6269769668579s
2025-07-25 21:57:12,810 - INFO - Finished seed=6
2025-07-25 21:57:12,811 - INFO - Starting seed=7
2025-07-25 21:57:12,812 - INFO - Starting GD
2025-07-25 22:00:10,036 - INFO - Finished GD, time elapsed=177.22412300109863s
2025-07-25 22:00:10,037 - INFO - Finished seed=7
2025-07-25 22:00:10,037 - INFO - ----------------------------------------------------------------------------------------------------------------------------------------------
2025-07-25 22:00:10,037 - INFO - ----------------------------------------------------------------------------------------------------------------------------------------------
2025-07-25 22:00:10,037 - INFO - Finished student_dim=11 with G&C avg gen_loss = 0.0, GD avg gen_loss = 4.626665820580115
2025-07-25 22:00:10,037 - INFO - ----------------------------------------------------------------------------------------------------------------------------------------------
2025-07-25 22:00:10,037 - INFO - Starting student_dim=12
2025-07-25 22:00:10,038 - INFO - Starting seed=0
2025-07-25 22:00:10,043 - INFO - Starting GD
2025-07-25 22:07:53,536 - INFO - Finished GD, time elapsed=463.49250078201294s
2025-07-25 22:07:53,537 - INFO - Finished seed=0
2025-07-25 22:07:53,537 - INFO - Starting seed=1
2025-07-25 22:07:53,538 - INFO - Starting GD
2025-07-25 22:10:28,146 - INFO - Finished GD, time elapsed=154.60728096961975s
2025-07-25 22:10:28,146 - INFO - Finished seed=1
2025-07-25 22:10:28,146 - INFO - Starting seed=2
2025-07-25 22:10:28,147 - INFO - Starting GD
2025-07-25 22:13:04,552 - INFO - Finished GD, time elapsed=156.40544629096985s
2025-07-25 22:13:04,553 - INFO - Finished seed=2
2025-07-25 22:13:04,553 - INFO - Starting seed=3
2025-07-25 22:13:04,554 - INFO - Starting GD
2025-07-25 22:16:10,330 - INFO - Finished GD, time elapsed=185.77530884742737s
2025-07-25 22:16:10,331 - INFO - Finished seed=3
2025-07-25 22:16:10,332 - INFO - Starting seed=4
2025-07-25 22:16:10,333 - INFO - Starting GD
2025-07-25 22:19:32,716 - INFO - Finished GD, time elapsed=202.3831868171692s
2025-07-25 22:19:32,716 - INFO - Finished seed=4
2025-07-25 22:19:32,716 - INFO - Starting seed=5
2025-07-25 22:19:32,717 - INFO - Starting GD
2025-07-25 22:22:15,452 - INFO - Finished GD, time elapsed=162.73455095291138s
2025-07-25 22:22:15,452 - INFO - Finished seed=5
2025-07-25 22:22:15,453 - INFO - Starting seed=6
2025-07-25 22:22:15,454 - INFO - Starting GD
2025-07-25 22:25:25,024 - INFO - Warning: GD train loss 2.5595933038857765e-05 is above threshold 1e-06 for student_dim=12, seed=6
2025-07-25 22:25:25,025 - INFO - Finished GD, time elapsed=189.57125902175903s
2025-07-25 22:25:25,025 - INFO - Finished seed=6
2025-07-25 22:25:25,025 - INFO - Starting seed=7
2025-07-25 22:25:25,027 - INFO - Starting GD
2025-07-25 22:28:55,990 - INFO - Finished GD, time elapsed=210.96374201774597s
2025-07-25 22:28:55,990 - INFO - Finished seed=7
2025-07-25 22:28:55,991 - INFO - ----------------------------------------------------------------------------------------------------------------------------------------------
2025-07-25 22:28:55,991 - INFO - ----------------------------------------------------------------------------------------------------------------------------------------------
2025-07-25 22:28:55,991 - INFO - Finished student_dim=12 with G&C avg gen_loss = 0.0, GD avg gen_loss = 3.873888841498001
2025-07-25 22:28:55,991 - INFO - ----------------------------------------------------------------------------------------------------------------------------------------------
2025-07-25 22:28:55,991 - INFO - Starting student_dim=13
2025-07-25 22:28:55,991 - INFO - Starting seed=0
2025-07-25 22:28:55,996 - INFO - Starting GD
2025-07-25 22:32:05,895 - INFO - Finished GD, time elapsed=189.89898896217346s
2025-07-25 22:32:05,896 - INFO - Finished seed=0
2025-07-25 22:32:05,896 - INFO - Starting seed=1
2025-07-25 22:32:05,898 - INFO - Starting GD
2025-07-25 22:35:03,311 - INFO - Finished GD, time elapsed=177.41368198394775s
2025-07-25 22:35:03,313 - INFO - Finished seed=1
2025-07-25 22:35:03,313 - INFO - Starting seed=2
2025-07-25 22:35:03,314 - INFO - Starting GD
2025-07-25 22:38:00,109 - INFO - Finished GD, time elapsed=176.79480719566345s
2025-07-25 22:38:00,109 - INFO - Finished seed=2
2025-07-25 22:38:00,109 - INFO - Starting seed=3
2025-07-25 22:38:00,110 - INFO - Starting GD
2025-07-25 22:40:57,332 - INFO - Finished GD, time elapsed=177.22226881980896s
2025-07-25 22:40:57,334 - INFO - Finished seed=3
2025-07-25 22:40:57,334 - INFO - Starting seed=4
2025-07-25 22:40:57,335 - INFO - Starting GD
2025-07-25 22:43:54,640 - INFO - Finished GD, time elapsed=177.3051209449768s
2025-07-25 22:43:54,642 - INFO - Finished seed=4
2025-07-25 22:43:54,642 - INFO - Starting seed=5
2025-07-25 22:43:54,643 - INFO - Starting GD
2025-07-25 22:46:50,920 - INFO - Finished GD, time elapsed=176.27638006210327s
2025-07-25 22:46:50,921 - INFO - Finished seed=5
2025-07-25 22:46:50,921 - INFO - Starting seed=6
2025-07-25 22:46:50,922 - INFO - Starting GD
2025-07-25 22:49:32,538 - INFO - Finished GD, time elapsed=161.61530709266663s
2025-07-25 22:49:32,539 - INFO - Finished seed=6
2025-07-25 22:49:32,539 - INFO - Starting seed=7
2025-07-25 22:49:32,540 - INFO - Starting GD
2025-07-25 22:52:10,481 - INFO - Finished GD, time elapsed=157.94042992591858s
2025-07-25 22:52:10,483 - INFO - Finished seed=7
2025-07-25 22:52:10,483 - INFO - ----------------------------------------------------------------------------------------------------------------------------------------------
2025-07-25 22:52:10,483 - INFO - ----------------------------------------------------------------------------------------------------------------------------------------------
2025-07-25 22:52:10,483 - INFO - Finished student_dim=13 with G&C avg gen_loss = 0.0, GD avg gen_loss = 2.9315961124912064
2025-07-25 22:52:10,483 - INFO - ----------------------------------------------------------------------------------------------------------------------------------------------
2025-07-25 22:52:10,483 - INFO - Starting student_dim=14
2025-07-25 22:52:10,483 - INFO - Starting seed=0
2025-07-25 22:52:10,493 - INFO - Starting GD
2025-07-25 22:54:45,754 - INFO - Finished GD, time elapsed=155.2612919807434s
2025-07-25 22:54:45,755 - INFO - Finished seed=0
2025-07-25 22:54:45,755 - INFO - Starting seed=1
2025-07-25 22:54:45,757 - INFO - Starting GD
2025-07-25 22:57:17,443 - INFO - Finished GD, time elapsed=151.68653321266174s
2025-07-25 22:57:17,447 - INFO - Finished seed=1
2025-07-25 22:57:17,447 - INFO - Starting seed=2
2025-07-25 22:57:17,448 - INFO - Starting GD
2025-07-25 22:59:49,674 - INFO - Finished GD, time elapsed=152.2264940738678s
2025-07-25 22:59:49,674 - INFO - Finished seed=2
2025-07-25 22:59:49,675 - INFO - Starting seed=3
2025-07-25 22:59:49,675 - INFO - Starting GD
2025-07-25 23:02:23,957 - INFO - Finished GD, time elapsed=154.2819700241089s
2025-07-25 23:02:23,959 - INFO - Finished seed=3
2025-07-25 23:02:23,959 - INFO - Starting seed=4
2025-07-25 23:02:23,960 - INFO - Starting GD
2025-07-25 23:10:02,152 - INFO - Finished GD, time elapsed=458.19173407554626s
2025-07-25 23:10:02,153 - INFO - Finished seed=4
2025-07-25 23:10:02,153 - INFO - Starting seed=5
2025-07-25 23:10:02,155 - INFO - Starting GD
2025-07-25 23:22:41,855 - INFO - Finished GD, time elapsed=759.7005829811096s
2025-07-25 23:22:41,856 - INFO - Finished seed=5
2025-07-25 23:22:41,856 - INFO - Starting seed=6
2025-07-25 23:22:41,857 - INFO - Starting GD
2025-07-25 23:25:14,056 - INFO - Finished GD, time elapsed=152.19839596748352s
2025-07-25 23:25:14,057 - INFO - Finished seed=6
2025-07-25 23:25:14,057 - INFO - Starting seed=7
2025-07-25 23:25:14,058 - INFO - Starting GD
2025-07-25 23:27:46,893 - INFO - Finished GD, time elapsed=152.83470582962036s
2025-07-25 23:27:46,895 - INFO - Finished seed=7
2025-07-25 23:27:46,895 - INFO - ----------------------------------------------------------------------------------------------------------------------------------------------
2025-07-25 23:27:46,895 - INFO - ----------------------------------------------------------------------------------------------------------------------------------------------
2025-07-25 23:27:46,895 - INFO - Finished student_dim=14 with G&C avg gen_loss = 0.0, GD avg gen_loss = 0.768390260200249
2025-07-25 23:27:46,895 - INFO - ----------------------------------------------------------------------------------------------------------------------------------------------
2025-07-25 23:27:46,895 - INFO - Starting student_dim=15
2025-07-25 23:27:46,896 - INFO - Starting seed=0
2025-07-25 23:27:46,900 - INFO - Starting GD
2025-07-25 23:30:20,322 - INFO - Finished GD, time elapsed=153.42235016822815s
2025-07-25 23:30:20,323 - INFO - Finished seed=0
2025-07-25 23:30:20,323 - INFO - Starting seed=1
2025-07-25 23:30:20,324 - INFO - Starting GD
2025-07-25 23:32:54,268 - INFO - Finished GD, time elapsed=153.94374227523804s
2025-07-25 23:32:54,268 - INFO - Finished seed=1
2025-07-25 23:32:54,268 - INFO - Starting seed=2
2025-07-25 23:32:54,269 - INFO - Starting GD
2025-07-25 23:35:28,560 - INFO - Finished GD, time elapsed=154.29025101661682s
2025-07-25 23:35:28,560 - INFO - Finished seed=2
2025-07-25 23:35:28,561 - INFO - Starting seed=3
2025-07-25 23:35:28,562 - INFO - Starting GD
2025-07-25 23:38:03,645 - INFO - Finished GD, time elapsed=155.08290696144104s
2025-07-25 23:38:03,645 - INFO - Finished seed=3
2025-07-25 23:38:03,646 - INFO - Starting seed=4
2025-07-25 23:38:03,647 - INFO - Starting GD
2025-07-25 23:40:38,857 - INFO - Finished GD, time elapsed=155.21014595031738s
2025-07-25 23:40:38,858 - INFO - Finished seed=4
2025-07-25 23:40:38,859 - INFO - Starting seed=5
2025-07-25 23:40:38,860 - INFO - Starting GD
2025-07-25 23:43:14,136 - INFO - Finished GD, time elapsed=155.2756941318512s
2025-07-25 23:43:14,136 - INFO - Finished seed=5
2025-07-25 23:43:14,136 - INFO - Starting seed=6
2025-07-25 23:43:14,137 - INFO - Starting GD
2025-07-25 23:45:49,465 - INFO - Finished GD, time elapsed=155.3279538154602s
2025-07-25 23:45:49,466 - INFO - Finished seed=6
2025-07-25 23:45:49,466 - INFO - Starting seed=7
2025-07-25 23:45:49,467 - INFO - Starting GD
2025-07-25 23:48:24,852 - INFO - Finished GD, time elapsed=155.38461208343506s
2025-07-25 23:48:24,852 - INFO - Finished seed=7
2025-07-25 23:48:24,852 - INFO - ----------------------------------------------------------------------------------------------------------------------------------------------
2025-07-25 23:48:24,852 - INFO - ----------------------------------------------------------------------------------------------------------------------------------------------
2025-07-25 23:48:24,852 - INFO - Finished student_dim=15 with G&C avg gen_loss = 0.0, GD avg gen_loss = 12.32549464143949
2025-07-25 23:48:24,852 - INFO - ----------------------------------------------------------------------------------------------------------------------------------------------
2025-07-25 23:48:24,852 - INFO - Starting teacher_rank=2
2025-07-25 23:48:24,853 - INFO - Starting student_dim=3
2025-07-25 23:48:24,853 - INFO - Starting seed=0
2025-07-25 23:48:24,854 - INFO - Starting GD
2025-07-25 23:50:59,916 - INFO - Finished GD, time elapsed=155.06201791763306s
2025-07-25 23:50:59,917 - INFO - Finished seed=0
2025-07-25 23:50:59,917 - INFO - Starting seed=1
2025-07-25 23:50:59,918 - INFO - Starting GD
2025-07-25 23:53:34,824 - INFO - Finished GD, time elapsed=154.90577793121338s
2025-07-25 23:53:34,826 - INFO - Finished seed=1
2025-07-25 23:53:34,826 - INFO - Starting seed=2
2025-07-25 23:53:34,827 - INFO - Starting GD
2025-07-25 23:56:09,768 - INFO - Finished GD, time elapsed=154.94093894958496s
2025-07-25 23:56:09,768 - INFO - Finished seed=2
2025-07-25 23:56:09,768 - INFO - Starting seed=3
2025-07-25 23:56:09,769 - INFO - Starting GD
2025-07-25 23:58:44,523 - INFO - Finished GD, time elapsed=154.75366806983948s
2025-07-25 23:58:44,524 - INFO - Finished seed=3
2025-07-25 23:58:44,525 - INFO - Starting seed=4
2025-07-25 23:58:44,526 - INFO - Starting GD
2025-07-26 00:01:20,720 - INFO - Finished GD, time elapsed=156.1942961215973s
2025-07-26 00:01:20,721 - INFO - Finished seed=4
2025-07-26 00:01:20,721 - INFO - Starting seed=5
2025-07-26 00:01:20,722 - INFO - Starting GD
2025-07-26 00:03:55,540 - INFO - Finished GD, time elapsed=154.81861305236816s
2025-07-26 00:03:55,541 - INFO - Finished seed=5
2025-07-26 00:03:55,541 - INFO - Starting seed=6
2025-07-26 00:03:55,542 - INFO - Starting GD
2025-07-26 00:06:30,348 - INFO - Finished GD, time elapsed=154.80572700500488s
2025-07-26 00:06:30,348 - INFO - Finished seed=6
2025-07-26 00:06:30,348 - INFO - Starting seed=7
2025-07-26 00:06:30,349 - INFO - Starting GD
2025-07-26 00:09:05,362 - INFO - Finished GD, time elapsed=155.01311993598938s
2025-07-26 00:09:05,363 - INFO - Finished seed=7
2025-07-26 00:09:05,363 - INFO - ----------------------------------------------------------------------------------------------------------------------------------------------
2025-07-26 00:09:05,363 - INFO - ----------------------------------------------------------------------------------------------------------------------------------------------
2025-07-26 00:09:05,363 - INFO - Finished student_dim=3 with G&C avg gen_loss = 0.0, GD avg gen_loss = 2.12881167139858
2025-07-26 00:09:05,363 - INFO - ----------------------------------------------------------------------------------------------------------------------------------------------
2025-07-26 00:09:05,364 - INFO - Starting student_dim=4
2025-07-26 00:09:05,364 - INFO - Starting seed=0
2025-07-26 00:09:05,365 - INFO - Starting GD
2025-07-26 00:11:41,031 - INFO - Finished GD, time elapsed=155.6655731201172s
2025-07-26 00:11:41,032 - INFO - Finished seed=0
2025-07-26 00:11:41,033 - INFO - Starting seed=1
2025-07-26 00:11:41,034 - INFO - Starting GD
2025-07-26 00:14:16,918 - INFO - Finished GD, time elapsed=155.88435196876526s
2025-07-26 00:14:16,920 - INFO - Finished seed=1
2025-07-26 00:14:16,920 - INFO - Starting seed=2
2025-07-26 00:14:16,921 - INFO - Starting GD
2025-07-26 00:16:52,787 - INFO - Finished GD, time elapsed=155.8656997680664s
2025-07-26 00:16:52,788 - INFO - Finished seed=2
2025-07-26 00:16:52,788 - INFO - Starting seed=3
2025-07-26 00:16:52,789 - INFO - Starting GD
2025-07-26 00:19:28,552 - INFO - Finished GD, time elapsed=155.76337385177612s
2025-07-26 00:19:28,552 - INFO - Finished seed=3
2025-07-26 00:19:28,553 - INFO - Starting seed=4
2025-07-26 00:19:28,553 - INFO - Starting GD
2025-07-26 00:32:06,653 - INFO - Finished GD, time elapsed=758.0998458862305s
2025-07-26 00:32:06,654 - INFO - Finished seed=4
2025-07-26 00:32:06,654 - INFO - Starting seed=5
2025-07-26 00:32:06,656 - INFO - Starting GD
2025-07-26 00:39:46,671 - INFO - Finished GD, time elapsed=460.01466703414917s
2025-07-26 00:39:46,671 - INFO - Finished seed=5
2025-07-26 00:39:46,672 - INFO - Starting seed=6
2025-07-26 00:39:46,673 - INFO - Starting GD
2025-07-26 00:42:20,213 - INFO - Finished GD, time elapsed=153.54074001312256s
2025-07-26 00:42:20,214 - INFO - Finished seed=6
2025-07-26 00:42:20,214 - INFO - Starting seed=7
2025-07-26 00:42:20,214 - INFO - Starting GD
2025-07-26 00:44:53,648 - INFO - Finished GD, time elapsed=153.43383598327637s
2025-07-26 00:44:53,649 - INFO - Finished seed=7
2025-07-26 00:44:53,650 - INFO - ----------------------------------------------------------------------------------------------------------------------------------------------
2025-07-26 00:44:53,650 - INFO - ----------------------------------------------------------------------------------------------------------------------------------------------
2025-07-26 00:44:53,650 - INFO - Finished student_dim=4 with G&C avg gen_loss = 0.0, GD avg gen_loss = 9.07619324728148
2025-07-26 00:44:53,650 - INFO - ----------------------------------------------------------------------------------------------------------------------------------------------
2025-07-26 00:44:53,650 - INFO - Starting student_dim=5
2025-07-26 00:44:53,650 - INFO - Starting seed=0
2025-07-26 00:44:53,651 - INFO - Starting GD
2025-07-26 00:47:26,884 - INFO - Finished GD, time elapsed=153.2329180240631s
2025-07-26 00:47:26,885 - INFO - Finished seed=0
2025-07-26 00:47:26,885 - INFO - Starting seed=1
2025-07-26 00:47:26,888 - INFO - Starting GD
2025-07-26 00:50:00,597 - INFO - Finished GD, time elapsed=153.70893478393555s
2025-07-26 00:50:00,598 - INFO - Finished seed=1
2025-07-26 00:50:00,598 - INFO - Starting seed=2
2025-07-26 00:50:00,600 - INFO - Starting GD
2025-07-26 00:52:34,768 - INFO - Finished GD, time elapsed=154.1687729358673s
2025-07-26 00:52:34,769 - INFO - Finished seed=2
2025-07-26 00:52:34,769 - INFO - Starting seed=3
2025-07-26 00:52:34,771 - INFO - Starting GD
2025-07-26 00:55:09,415 - INFO - Finished GD, time elapsed=154.64401292800903s
2025-07-26 00:55:09,415 - INFO - Finished seed=3
2025-07-26 00:55:09,415 - INFO - Starting seed=4
2025-07-26 00:55:09,416 - INFO - Starting GD
2025-07-26 00:57:44,542 - INFO - Finished GD, time elapsed=155.12648010253906s
2025-07-26 00:57:44,543 - INFO - Finished seed=4
2025-07-26 00:57:44,543 - INFO - Starting seed=5
2025-07-26 00:57:44,544 - INFO - Starting GD
2025-07-26 01:00:19,442 - INFO - Finished GD, time elapsed=154.89720106124878s
2025-07-26 01:00:19,443 - INFO - Finished seed=5
2025-07-26 01:00:19,443 - INFO - Starting seed=6
2025-07-26 01:00:19,444 - INFO - Starting GD
2025-07-26 01:02:54,721 - INFO - Finished GD, time elapsed=155.27664303779602s
2025-07-26 01:02:54,721 - INFO - Finished seed=6
2025-07-26 01:02:54,722 - INFO - Starting seed=7
2025-07-26 01:02:54,723 - INFO - Starting GD
2025-07-26 01:05:29,995 - INFO - Finished GD, time elapsed=155.2721300125122s
2025-07-26 01:05:29,996 - INFO - Finished seed=7
2025-07-26 01:05:29,996 - INFO - ----------------------------------------------------------------------------------------------------------------------------------------------
2025-07-26 01:05:29,996 - INFO - ----------------------------------------------------------------------------------------------------------------------------------------------
2025-07-26 01:05:29,996 - INFO - Finished student_dim=5 with G&C avg gen_loss = 0.0, GD avg gen_loss = 22.35727258771658
2025-07-26 01:05:29,996 - INFO - ----------------------------------------------------------------------------------------------------------------------------------------------
2025-07-26 01:05:29,997 - INFO - Starting student_dim=6
2025-07-26 01:05:29,997 - INFO - Starting seed=0
2025-07-26 01:05:29,998 - INFO - Starting GD
2025-07-26 01:08:05,397 - INFO - Finished GD, time elapsed=155.39939713478088s
2025-07-26 01:08:05,398 - INFO - Finished seed=0
2025-07-26 01:08:05,399 - INFO - Starting seed=1
2025-07-26 01:08:05,400 - INFO - Starting GD
2025-07-26 01:10:40,809 - INFO - Finished GD, time elapsed=155.409166097641s
2025-07-26 01:10:40,810 - INFO - Finished seed=1
2025-07-26 01:10:40,811 - INFO - Starting seed=2
2025-07-26 01:10:40,812 - INFO - Starting GD
2025-07-26 01:13:16,748 - INFO - Finished GD, time elapsed=155.93661999702454s
2025-07-26 01:13:16,750 - INFO - Finished seed=2
2025-07-26 01:13:16,750 - INFO - Starting seed=3
2025-07-26 01:13:16,751 - INFO - Starting GD
2025-07-26 01:15:52,440 - INFO - Finished GD, time elapsed=155.68862891197205s
2025-07-26 01:15:52,441 - INFO - Finished seed=3
2025-07-26 01:15:52,441 - INFO - Starting seed=4
2025-07-26 01:15:52,442 - INFO - Starting GD
2025-07-26 01:18:28,016 - INFO - Finished GD, time elapsed=155.57449913024902s
2025-07-26 01:18:28,017 - INFO - Finished seed=4
2025-07-26 01:18:28,017 - INFO - Starting seed=5
2025-07-26 01:18:28,018 - INFO - Starting GD
2025-07-26 01:21:03,324 - INFO - Finished GD, time elapsed=155.30553221702576s
2025-07-26 01:21:03,325 - INFO - Finished seed=5
2025-07-26 01:21:03,325 - INFO - Starting seed=6
2025-07-26 01:21:03,326 - INFO - Starting GD
2025-07-26 01:23:38,450 - INFO - Finished GD, time elapsed=155.1238191127777s
2025-07-26 01:23:38,450 - INFO - Finished seed=6
2025-07-26 01:23:38,450 - INFO - Starting seed=7
2025-07-26 01:23:38,452 - INFO - Starting GD
2025-07-26 01:26:13,727 - INFO - Finished GD, time elapsed=155.2750599384308s
2025-07-26 01:26:13,727 - INFO - Finished seed=7
2025-07-26 01:26:13,727 - INFO - ----------------------------------------------------------------------------------------------------------------------------------------------
2025-07-26 01:26:13,727 - INFO - ----------------------------------------------------------------------------------------------------------------------------------------------
2025-07-26 01:26:13,727 - INFO - Finished student_dim=6 with G&C avg gen_loss = 0.0, GD avg gen_loss = 20.904843437846523
2025-07-26 01:26:13,727 - INFO - ----------------------------------------------------------------------------------------------------------------------------------------------
2025-07-26 01:26:13,727 - INFO - Starting student_dim=7
2025-07-26 01:26:13,727 - INFO - Starting seed=0
2025-07-26 01:26:13,728 - INFO - Starting GD
2025-07-26 01:28:48,804 - INFO - Finished GD, time elapsed=155.0754749774933s
2025-07-26 01:28:48,805 - INFO - Finished seed=0
2025-07-26 01:28:48,805 - INFO - Starting seed=1
2025-07-26 01:28:48,806 - INFO - Starting GD
2025-07-26 01:31:24,205 - INFO - Finished GD, time elapsed=155.3988218307495s
2025-07-26 01:31:24,205 - INFO - Finished seed=1
2025-07-26 01:31:24,205 - INFO - Starting seed=2
2025-07-26 01:31:24,206 - INFO - Starting GD
2025-07-26 01:33:59,856 - INFO - Finished GD, time elapsed=155.65058422088623s
2025-07-26 01:33:59,858 - INFO - Finished seed=2
2025-07-26 01:33:59,858 - INFO - Starting seed=3
2025-07-26 01:33:59,859 - INFO - Starting GD
2025-07-26 01:36:35,195 - INFO - Finished GD, time elapsed=155.33579277992249s
2025-07-26 01:36:35,196 - INFO - Finished seed=3
2025-07-26 01:36:35,196 - INFO - Starting seed=4
2025-07-26 01:36:35,197 - INFO - Starting GD
2025-07-26 01:39:10,561 - INFO - Finished GD, time elapsed=155.36423683166504s
2025-07-26 01:39:10,562 - INFO - Finished seed=4
2025-07-26 01:39:10,562 - INFO - Starting seed=5
2025-07-26 01:39:10,563 - INFO - Starting GD
2025-07-26 01:41:45,599 - INFO - Finished GD, time elapsed=155.03550791740417s
2025-07-26 01:41:45,600 - INFO - Finished seed=5
2025-07-26 01:41:45,600 - INFO - Starting seed=6
2025-07-26 01:41:45,601 - INFO - Starting GD
2025-07-26 01:44:21,906 - INFO - Finished GD, time elapsed=156.3050661087036s
2025-07-26 01:44:21,907 - INFO - Finished seed=6
2025-07-26 01:44:21,907 - INFO - Starting seed=7
2025-07-26 01:44:21,908 - INFO - Starting GD
2025-07-26 01:46:57,731 - INFO - Finished GD, time elapsed=155.82247710227966s
2025-07-26 01:46:57,731 - INFO - Finished seed=7
2025-07-26 01:46:57,732 - INFO - ----------------------------------------------------------------------------------------------------------------------------------------------
2025-07-26 01:46:57,732 - INFO - ----------------------------------------------------------------------------------------------------------------------------------------------
2025-07-26 01:46:57,732 - INFO - Finished student_dim=7 with G&C avg gen_loss = 0.0, GD avg gen_loss = 41.12088013325325
2025-07-26 01:46:57,732 - INFO - ----------------------------------------------------------------------------------------------------------------------------------------------
2025-07-26 01:46:57,732 - INFO - Starting student_dim=8
2025-07-26 01:46:57,732 - INFO - Starting seed=0
2025-07-26 01:46:57,734 - INFO - Starting GD
2025-07-26 01:49:33,280 - INFO - Finished GD, time elapsed=155.5465338230133s
2025-07-26 01:49:33,280 - INFO - Finished seed=0
2025-07-26 01:49:33,280 - INFO - Starting seed=1
2025-07-26 01:49:33,281 - INFO - Starting GD
2025-07-26 01:52:08,776 - INFO - Finished GD, time elapsed=155.4949870109558s
2025-07-26 01:52:08,777 - INFO - Finished seed=1
2025-07-26 01:52:08,777 - INFO - Starting seed=2
2025-07-26 01:52:08,779 - INFO - Starting GD
2025-07-26 01:54:44,161 - INFO - Finished GD, time elapsed=155.38198804855347s
2025-07-26 01:54:44,162 - INFO - Finished seed=2
2025-07-26 01:54:44,162 - INFO - Starting seed=3
2025-07-26 01:54:44,163 - INFO - Starting GD
2025-07-26 01:57:19,586 - INFO - Finished GD, time elapsed=155.422865152359s
2025-07-26 01:57:19,587 - INFO - Finished seed=3
2025-07-26 01:57:19,587 - INFO - Starting seed=4
2025-07-26 01:57:19,588 - INFO - Starting GD
2025-07-26 01:59:55,270 - INFO - Finished GD, time elapsed=155.6822600364685s
2025-07-26 01:59:55,271 - INFO - Finished seed=4
2025-07-26 01:59:55,271 - INFO - Starting seed=5
2025-07-26 01:59:55,273 - INFO - Starting GD
2025-07-26 02:02:30,715 - INFO - Finished GD, time elapsed=155.44213128089905s
2025-07-26 02:02:30,716 - INFO - Finished seed=5
2025-07-26 02:02:30,716 - INFO - Starting seed=6
2025-07-26 02:02:30,717 - INFO - Starting GD
2025-07-26 02:05:06,255 - INFO - Finished GD, time elapsed=155.53828024864197s
2025-07-26 02:05:06,256 - INFO - Finished seed=6
2025-07-26 02:05:06,256 - INFO - Starting seed=7
2025-07-26 02:05:06,258 - INFO - Starting GD
2025-07-26 02:07:41,811 - INFO - Finished GD, time elapsed=155.55332803726196s
2025-07-26 02:07:41,811 - INFO - Finished seed=7
2025-07-26 02:07:41,811 - INFO - ----------------------------------------------------------------------------------------------------------------------------------------------
2025-07-26 02:07:41,811 - INFO - ----------------------------------------------------------------------------------------------------------------------------------------------
2025-07-26 02:07:41,812 - INFO - Finished student_dim=8 with G&C avg gen_loss = 0.0, GD avg gen_loss = 39.648091010452845
2025-07-26 02:07:41,812 - INFO - ----------------------------------------------------------------------------------------------------------------------------------------------
2025-07-26 02:07:41,812 - INFO - Starting student_dim=9
2025-07-26 02:07:41,812 - INFO - Starting seed=0
2025-07-26 02:07:41,813 - INFO - Starting GD
2025-07-26 02:10:17,221 - INFO - Finished GD, time elapsed=155.40780019760132s
2025-07-26 02:10:17,222 - INFO - Finished seed=0
2025-07-26 02:10:17,222 - INFO - Starting seed=1
2025-07-26 02:10:17,223 - INFO - Starting GD
2025-07-26 02:12:53,337 - INFO - Finished GD, time elapsed=156.1140377521515s
2025-07-26 02:12:53,339 - INFO - Finished seed=1
2025-07-26 02:12:53,339 - INFO - Starting seed=2
2025-07-26 02:12:53,340 - INFO - Starting GD
2025-07-26 02:15:29,601 - INFO - Finished GD, time elapsed=156.26067399978638s
2025-07-26 02:15:29,602 - INFO - Finished seed=2
2025-07-26 02:15:29,602 - INFO - Starting seed=3
2025-07-26 02:15:29,603 - INFO - Starting GD
2025-07-26 02:18:05,848 - INFO - Finished GD, time elapsed=156.24477577209473s
2025-07-26 02:18:05,849 - INFO - Finished seed=3
2025-07-26 02:18:05,849 - INFO - Starting seed=4
2025-07-26 02:18:05,851 - INFO - Starting GD
2025-07-26 02:20:41,848 - INFO - Finished GD, time elapsed=155.99727702140808s
2025-07-26 02:20:41,849 - INFO - Finished seed=4
2025-07-26 02:20:41,849 - INFO - Starting seed=5
2025-07-26 02:20:41,850 - INFO - Starting GD
2025-07-26 02:23:18,053 - INFO - Finished GD, time elapsed=156.20238780975342s
2025-07-26 02:23:18,053 - INFO - Finished seed=5
2025-07-26 02:23:18,054 - INFO - Starting seed=6
2025-07-26 02:23:18,055 - INFO - Starting GD
2025-07-26 02:25:53,838 - INFO - Finished GD, time elapsed=155.78333377838135s
2025-07-26 02:25:53,838 - INFO - Finished seed=6
2025-07-26 02:25:53,838 - INFO - Starting seed=7
2025-07-26 02:25:53,839 - INFO - Starting GD
2025-07-26 02:28:29,398 - INFO - Finished GD, time elapsed=155.55877089500427s
2025-07-26 02:28:29,398 - INFO - Finished seed=7
2025-07-26 02:28:29,399 - INFO - ----------------------------------------------------------------------------------------------------------------------------------------------
2025-07-26 02:28:29,399 - INFO - ----------------------------------------------------------------------------------------------------------------------------------------------
2025-07-26 02:28:29,399 - INFO - Finished student_dim=9 with G&C avg gen_loss = 0.0, GD avg gen_loss = 161.97743822089978
2025-07-26 02:28:29,399 - INFO - ----------------------------------------------------------------------------------------------------------------------------------------------
2025-07-26 02:28:29,399 - INFO - Starting student_dim=10
2025-07-26 02:28:29,399 - INFO - Starting seed=0
2025-07-26 02:28:29,400 - INFO - Starting GD
2025-07-26 02:31:05,926 - INFO - Finished GD, time elapsed=156.52518796920776s
2025-07-26 02:31:05,926 - INFO - Finished seed=0
2025-07-26 02:31:05,926 - INFO - Starting seed=1
2025-07-26 02:31:05,927 - INFO - Starting GD
2025-07-26 02:33:42,007 - INFO - Finished GD, time elapsed=156.08004188537598s
2025-07-26 02:33:42,007 - INFO - Finished seed=1
2025-07-26 02:33:42,007 - INFO - Starting seed=2
2025-07-26 02:33:42,008 - INFO - Starting GD
2025-07-26 02:36:17,787 - INFO - Finished GD, time elapsed=155.77821707725525s
2025-07-26 02:36:17,787 - INFO - Finished seed=2
2025-07-26 02:36:17,788 - INFO - Starting seed=3
2025-07-26 02:36:17,789 - INFO - Starting GD
2025-07-26 02:38:53,507 - INFO - Finished GD, time elapsed=155.71809220314026s
2025-07-26 02:38:53,508 - INFO - Finished seed=3
2025-07-26 02:38:53,508 - INFO - Starting seed=4
2025-07-26 02:38:53,509 - INFO - Starting GD
2025-07-26 02:41:29,190 - INFO - Finished GD, time elapsed=155.68180918693542s
2025-07-26 02:41:29,191 - INFO - Finished seed=4
2025-07-26 02:41:29,191 - INFO - Starting seed=5
2025-07-26 02:41:29,192 - INFO - Starting GD
2025-07-26 02:54:09,956 - INFO - Finished GD, time elapsed=760.7632503509521s
2025-07-26 02:54:09,957 - INFO - Finished seed=5
2025-07-26 02:54:09,957 - INFO - Starting seed=6
2025-07-26 02:54:09,958 - INFO - Starting GD
2025-07-26 03:11:54,045 - INFO - Finished GD, time elapsed=1064.0868699550629s
2025-07-26 03:11:54,046 - INFO - Finished seed=6
2025-07-26 03:11:54,046 - INFO - Starting seed=7
2025-07-26 03:11:54,047 - INFO - Starting GD
2025-07-26 03:29:37,982 - INFO - Finished GD, time elapsed=1063.9346618652344s
2025-07-26 03:29:37,982 - INFO - Finished seed=7
2025-07-26 03:29:37,983 - INFO - ----------------------------------------------------------------------------------------------------------------------------------------------
2025-07-26 03:29:37,983 - INFO - ----------------------------------------------------------------------------------------------------------------------------------------------
2025-07-26 03:29:37,983 - INFO - Finished student_dim=10 with G&C avg gen_loss = 0.0, GD avg gen_loss = 193.6092969859019
2025-07-26 03:29:37,983 - INFO - ----------------------------------------------------------------------------------------------------------------------------------------------
2025-07-26 03:29:37,983 - INFO - Starting student_dim=11
2025-07-26 03:29:37,983 - INFO - Starting seed=0
2025-07-26 03:29:37,984 - INFO - Starting GD
2025-07-26 03:37:14,906 - INFO - Finished GD, time elapsed=456.92154812812805s
2025-07-26 03:37:14,906 - INFO - Finished seed=0
2025-07-26 03:37:14,907 - INFO - Starting seed=1
2025-07-26 03:37:14,908 - INFO - Starting GD
2025-07-26 03:44:51,639 - INFO - Finished GD, time elapsed=456.7313280105591s
2025-07-26 03:44:51,640 - INFO - Finished seed=1
2025-07-26 03:44:51,640 - INFO - Starting seed=2
2025-07-26 03:44:51,641 - INFO - Starting GD
2025-07-26 03:57:33,155 - INFO - Finished GD, time elapsed=761.5140769481659s
2025-07-26 03:57:33,156 - INFO - Finished seed=2
2025-07-26 03:57:33,157 - INFO - Starting seed=3
2025-07-26 03:57:33,158 - INFO - Starting GD
2025-07-26 04:00:05,014 - INFO - Finished GD, time elapsed=151.85672402381897s
2025-07-26 04:00:05,015 - INFO - Finished seed=3
2025-07-26 04:00:05,015 - INFO - Starting seed=4
2025-07-26 04:00:05,017 - INFO - Starting GD
2025-07-26 04:02:36,941 - INFO - Finished GD, time elapsed=151.9242901802063s
2025-07-26 04:02:36,942 - INFO - Finished seed=4
2025-07-26 04:02:36,942 - INFO - Starting seed=5
2025-07-26 04:02:36,943 - INFO - Starting GD
2025-07-26 04:05:09,613 - INFO - Finished GD, time elapsed=152.66967725753784s
2025-07-26 04:05:09,613 - INFO - Finished seed=5
2025-07-26 04:05:09,613 - INFO - Starting seed=6
2025-07-26 04:05:09,614 - INFO - Starting GD
2025-07-26 04:07:43,836 - INFO - Finished GD, time elapsed=154.2218897342682s
2025-07-26 04:07:43,837 - INFO - Finished seed=6
2025-07-26 04:07:43,837 - INFO - Starting seed=7
2025-07-26 04:07:43,838 - INFO - Starting GD
2025-07-26 04:10:18,325 - INFO - Finished GD, time elapsed=154.48616099357605s
2025-07-26 04:10:18,325 - INFO - Finished seed=7
2025-07-26 04:10:18,325 - INFO - ----------------------------------------------------------------------------------------------------------------------------------------------
2025-07-26 04:10:18,325 - INFO - ----------------------------------------------------------------------------------------------------------------------------------------------
2025-07-26 04:10:18,325 - INFO - Finished student_dim=11 with G&C avg gen_loss = 0.0, GD avg gen_loss = 99.99524354327878
2025-07-26 04:10:18,325 - INFO - ----------------------------------------------------------------------------------------------------------------------------------------------
2025-07-26 04:10:18,325 - INFO - Starting student_dim=12
2025-07-26 04:10:18,326 - INFO - Starting seed=0
2025-07-26 04:10:18,327 - INFO - Starting GD
2025-07-26 04:12:53,479 - INFO - Finished GD, time elapsed=155.15261888504028s
2025-07-26 04:12:53,480 - INFO - Finished seed=0
2025-07-26 04:12:53,480 - INFO - Starting seed=1
2025-07-26 04:12:53,482 - INFO - Starting GD
2025-07-26 04:15:29,473 - INFO - Finished GD, time elapsed=155.9914038181305s
2025-07-26 04:15:29,474 - INFO - Finished seed=1
2025-07-26 04:15:29,474 - INFO - Starting seed=2
2025-07-26 04:15:29,476 - INFO - Starting GD
2025-07-26 04:18:05,114 - INFO - Finished GD, time elapsed=155.63811612129211s
2025-07-26 04:18:05,114 - INFO - Finished seed=2
2025-07-26 04:18:05,114 - INFO - Starting seed=3
2025-07-26 04:18:05,115 - INFO - Starting GD
2025-07-26 04:20:40,637 - INFO - Finished GD, time elapsed=155.52235960960388s
2025-07-26 04:20:40,638 - INFO - Finished seed=3
2025-07-26 04:20:40,638 - INFO - Starting seed=4
2025-07-26 04:20:40,639 - INFO - Starting GD
2025-07-26 04:23:16,344 - INFO - Finished GD, time elapsed=155.70511102676392s
2025-07-26 04:23:16,344 - INFO - Finished seed=4
2025-07-26 04:23:16,344 - INFO - Starting seed=5
2025-07-26 04:23:16,345 - INFO - Starting GD
2025-07-26 04:25:51,979 - INFO - Finished GD, time elapsed=155.63373589515686s
2025-07-26 04:25:51,980 - INFO - Finished seed=5
2025-07-26 04:25:51,980 - INFO - Starting seed=6
2025-07-26 04:25:51,981 - INFO - Starting GD
2025-07-26 04:28:28,199 - INFO - Finished GD, time elapsed=156.21785187721252s
2025-07-26 04:28:28,199 - INFO - Finished seed=6
2025-07-26 04:28:28,199 - INFO - Starting seed=7
2025-07-26 04:28:28,200 - INFO - Starting GD
2025-07-26 04:31:04,051 - INFO - Finished GD, time elapsed=155.85116600990295s
2025-07-26 04:31:04,052 - INFO - Finished seed=7
2025-07-26 04:31:04,052 - INFO - ----------------------------------------------------------------------------------------------------------------------------------------------
2025-07-26 04:31:04,052 - INFO - ----------------------------------------------------------------------------------------------------------------------------------------------
2025-07-26 04:31:04,053 - INFO - Finished student_dim=12 with G&C avg gen_loss = 0.0, GD avg gen_loss = 115.36532936530112
2025-07-26 04:31:04,053 - INFO - ----------------------------------------------------------------------------------------------------------------------------------------------
2025-07-26 04:31:04,053 - INFO - Starting student_dim=13
2025-07-26 04:31:04,053 - INFO - Starting seed=0
2025-07-26 04:31:04,054 - INFO - Starting GD
2025-07-26 04:33:39,506 - INFO - Finished GD, time elapsed=155.45156598091125s
2025-07-26 04:33:39,507 - INFO - Finished seed=0
2025-07-26 04:33:39,507 - INFO - Starting seed=1
2025-07-26 04:33:39,510 - INFO - Starting GD
2025-07-26 04:36:15,097 - INFO - Finished GD, time elapsed=155.58703589439392s
2025-07-26 04:36:15,097 - INFO - Finished seed=1
2025-07-26 04:36:15,097 - INFO - Starting seed=2
2025-07-26 04:36:15,098 - INFO - Starting GD
2025-07-26 04:38:51,136 - INFO - Finished GD, time elapsed=156.03773307800293s
2025-07-26 04:38:51,137 - INFO - Finished seed=2
2025-07-26 04:38:51,137 - INFO - Starting seed=3
2025-07-26 04:38:51,138 - INFO - Starting GD
2025-07-26 04:41:26,843 - INFO - Finished GD, time elapsed=155.70429515838623s
2025-07-26 04:41:26,843 - INFO - Finished seed=3
2025-07-26 04:41:26,843 - INFO - Starting seed=4
2025-07-26 04:41:26,844 - INFO - Starting GD
2025-07-26 04:44:02,394 - INFO - Finished GD, time elapsed=155.55041217803955s
2025-07-26 04:44:02,395 - INFO - Finished seed=4
2025-07-26 04:44:02,395 - INFO - Starting seed=5
2025-07-26 04:44:02,396 - INFO - Starting GD
2025-07-26 04:46:38,450 - INFO - Finished GD, time elapsed=156.05397701263428s
2025-07-26 04:46:38,452 - INFO - Finished seed=5
2025-07-26 04:46:38,452 - INFO - Starting seed=6
2025-07-26 04:46:38,453 - INFO - Starting GD
2025-07-26 04:49:14,382 - INFO - Finished GD, time elapsed=155.92909121513367s
2025-07-26 04:49:14,383 - INFO - Finished seed=6
2025-07-26 04:49:14,383 - INFO - Starting seed=7
2025-07-26 04:49:14,385 - INFO - Starting GD
2025-07-26 04:51:50,284 - INFO - Finished GD, time elapsed=155.8996398448944s
2025-07-26 04:51:50,284 - INFO - Finished seed=7
2025-07-26 04:51:50,285 - INFO - ----------------------------------------------------------------------------------------------------------------------------------------------
2025-07-26 04:51:50,285 - INFO - ----------------------------------------------------------------------------------------------------------------------------------------------
2025-07-26 04:51:50,285 - INFO - Finished student_dim=13 with G&C avg gen_loss = 0.0, GD avg gen_loss = 11.16020149587166
2025-07-26 04:51:50,285 - INFO - ----------------------------------------------------------------------------------------------------------------------------------------------
2025-07-26 04:51:50,285 - INFO - Starting student_dim=14
2025-07-26 04:51:50,285 - INFO - Starting seed=0
2025-07-26 04:51:50,286 - INFO - Starting GD
2025-07-26 04:54:25,737 - INFO - Finished GD, time elapsed=155.45147895812988s
2025-07-26 04:54:25,738 - INFO - Finished seed=0
2025-07-26 04:54:25,738 - INFO - Starting seed=1
2025-07-26 04:54:25,738 - INFO - Starting GD
2025-07-26 04:57:00,915 - INFO - Finished GD, time elapsed=155.17694902420044s
2025-07-26 04:57:00,916 - INFO - Finished seed=1
2025-07-26 04:57:00,916 - INFO - Starting seed=2
2025-07-26 04:57:00,918 - INFO - Starting GD
2025-07-26 04:59:36,261 - INFO - Finished GD, time elapsed=155.34296488761902s
2025-07-26 04:59:36,261 - INFO - Finished seed=2
2025-07-26 04:59:36,261 - INFO - Starting seed=3
2025-07-26 04:59:36,262 - INFO - Starting GD
2025-07-26 05:02:12,248 - INFO - Finished GD, time elapsed=155.98629117012024s
2025-07-26 05:02:12,249 - INFO - Finished seed=3
2025-07-26 05:02:12,249 - INFO - Starting seed=4
2025-07-26 05:02:12,250 - INFO - Starting GD
2025-07-26 05:04:47,859 - INFO - Finished GD, time elapsed=155.60847091674805s
2025-07-26 05:04:47,860 - INFO - Finished seed=4
2025-07-26 05:04:47,860 - INFO - Starting seed=5
2025-07-26 05:04:47,861 - INFO - Starting GD
2025-07-26 05:07:23,542 - INFO - Finished GD, time elapsed=155.68096089363098s
2025-07-26 05:07:23,543 - INFO - Finished seed=5
2025-07-26 05:07:23,543 - INFO - Starting seed=6
2025-07-26 05:07:23,544 - INFO - Starting GD
2025-07-26 05:09:59,431 - INFO - Finished GD, time elapsed=155.8872766494751s
2025-07-26 05:09:59,432 - INFO - Finished seed=6
2025-07-26 05:09:59,432 - INFO - Starting seed=7
2025-07-26 05:09:59,433 - INFO - Starting GD
2025-07-26 05:12:37,177 - INFO - Finished GD, time elapsed=157.74358677864075s
2025-07-26 05:12:37,177 - INFO - Finished seed=7
2025-07-26 05:12:37,178 - INFO - ----------------------------------------------------------------------------------------------------------------------------------------------
2025-07-26 05:12:37,178 - INFO - ----------------------------------------------------------------------------------------------------------------------------------------------
2025-07-26 05:12:37,178 - INFO - Finished student_dim=14 with G&C avg gen_loss = 0.0, GD avg gen_loss = 603.511808962332
2025-07-26 05:12:37,178 - INFO - ----------------------------------------------------------------------------------------------------------------------------------------------
2025-07-26 05:12:37,178 - INFO - Starting student_dim=15
2025-07-26 05:12:37,178 - INFO - Starting seed=0
2025-07-26 05:12:37,180 - INFO - Starting GD
2025-07-26 05:15:14,064 - INFO - Finished GD, time elapsed=156.8847680091858s
2025-07-26 05:15:14,065 - INFO - Finished seed=0
2025-07-26 05:15:14,065 - INFO - Starting seed=1
2025-07-26 05:15:14,066 - INFO - Starting GD
2025-07-26 05:17:50,709 - INFO - Finished GD, time elapsed=156.64278101921082s
2025-07-26 05:17:50,709 - INFO - Finished seed=1
2025-07-26 05:17:50,710 - INFO - Starting seed=2
2025-07-26 05:17:50,711 - INFO - Starting GD
2025-07-26 05:20:26,656 - INFO - Finished GD, time elapsed=155.9456570148468s
2025-07-26 05:20:26,657 - INFO - Finished seed=2
2025-07-26 05:20:26,657 - INFO - Starting seed=3
2025-07-26 05:20:26,659 - INFO - Starting GD
2025-07-26 05:23:02,567 - INFO - Finished GD, time elapsed=155.90880179405212s
2025-07-26 05:23:02,569 - INFO - Finished seed=3
2025-07-26 05:23:02,569 - INFO - Starting seed=4
2025-07-26 05:23:02,570 - INFO - Starting GD
2025-07-26 05:25:38,886 - INFO - Finished GD, time elapsed=156.31519103050232s
2025-07-26 05:25:38,886 - INFO - Finished seed=4
2025-07-26 05:25:38,887 - INFO - Starting seed=5
2025-07-26 05:25:38,887 - INFO - Starting GD
2025-07-26 05:28:14,543 - INFO - Finished GD, time elapsed=155.65578293800354s
2025-07-26 05:28:14,545 - INFO - Finished seed=5
2025-07-26 05:28:14,545 - INFO - Starting seed=6
2025-07-26 05:28:14,546 - INFO - Starting GD
2025-07-26 05:30:50,509 - INFO - Finished GD, time elapsed=155.96323418617249s
2025-07-26 05:30:50,509 - INFO - Finished seed=6
2025-07-26 05:30:50,509 - INFO - Starting seed=7
2025-07-26 05:30:50,510 - INFO - Starting GD
2025-07-26 05:33:26,324 - INFO - Finished GD, time elapsed=155.81385231018066s
2025-07-26 05:33:26,325 - INFO - Finished seed=7
2025-07-26 05:33:26,326 - INFO - ----------------------------------------------------------------------------------------------------------------------------------------------
2025-07-26 05:33:26,326 - INFO - ----------------------------------------------------------------------------------------------------------------------------------------------
2025-07-26 05:33:26,326 - INFO - Finished student_dim=15 with G&C avg gen_loss = 0.0, GD avg gen_loss = 94.64012663746155
2025-07-26 05:33:26,326 - INFO - ----------------------------------------------------------------------------------------------------------------------------------------------
2025-07-26 05:33:26,326 - INFO - Starting teacher_rank=3
2025-07-26 05:33:26,326 - INFO - Starting student_dim=3
2025-07-26 05:33:26,326 - INFO - Starting seed=0
2025-07-26 05:33:26,332 - INFO - Starting GD
2025-07-26 05:36:01,396 - INFO - Finished GD, time elapsed=155.06416630744934s
2025-07-26 05:36:01,396 - INFO - Finished seed=0
2025-07-26 05:36:01,396 - INFO - Starting seed=1
2025-07-26 05:36:01,397 - INFO - Starting GD
2025-07-26 05:38:36,767 - INFO - Finished GD, time elapsed=155.3704092502594s
2025-07-26 05:38:36,768 - INFO - Finished seed=1
2025-07-26 05:38:36,768 - INFO - Starting seed=2
2025-07-26 05:38:36,769 - INFO - Starting GD
2025-07-26 05:41:11,805 - INFO - Finished GD, time elapsed=155.0364899635315s
2025-07-26 05:41:11,805 - INFO - Finished seed=2
2025-07-26 05:41:11,805 - INFO - Starting seed=3
2025-07-26 05:41:11,806 - INFO - Starting GD
2025-07-26 05:43:47,384 - INFO - Finished GD, time elapsed=155.5777542591095s
2025-07-26 05:43:47,385 - INFO - Finished seed=3
2025-07-26 05:43:47,385 - INFO - Starting seed=4
2025-07-26 05:43:47,386 - INFO - Starting GD
2025-07-26 05:46:23,480 - INFO - Finished GD, time elapsed=156.09409403800964s
2025-07-26 05:46:23,481 - INFO - Finished seed=4
2025-07-26 05:46:23,481 - INFO - Starting seed=5
2025-07-26 05:46:23,482 - INFO - Starting GD
2025-07-26 05:48:59,179 - INFO - Finished GD, time elapsed=155.6968231201172s
2025-07-26 05:48:59,179 - INFO - Finished seed=5
2025-07-26 05:48:59,179 - INFO - Starting seed=6
2025-07-26 05:48:59,180 - INFO - Starting GD
2025-07-26 05:51:34,440 - INFO - Finished GD, time elapsed=155.25962495803833s
2025-07-26 05:51:34,441 - INFO - Finished seed=6
2025-07-26 05:51:34,441 - INFO - Starting seed=7
2025-07-26 05:51:34,442 - INFO - Starting GD
2025-07-26 05:54:09,824 - INFO - Finished GD, time elapsed=155.38158917427063s
2025-07-26 05:54:09,824 - INFO - Finished seed=7
2025-07-26 05:54:09,824 - INFO - ----------------------------------------------------------------------------------------------------------------------------------------------
2025-07-26 05:54:09,824 - INFO - ----------------------------------------------------------------------------------------------------------------------------------------------
2025-07-26 05:54:09,824 - INFO - Finished student_dim=3 with G&C avg gen_loss = 0.0, GD avg gen_loss = 7.3548393324017525
2025-07-26 05:54:09,824 - INFO - ----------------------------------------------------------------------------------------------------------------------------------------------
2025-07-26 05:54:09,824 - INFO - Starting student_dim=4
2025-07-26 05:54:09,824 - INFO - Starting seed=0
2025-07-26 05:54:09,830 - INFO - Starting GD
2025-07-26 05:56:45,407 - INFO - Finished GD, time elapsed=155.57697796821594s
2025-07-26 05:56:45,408 - INFO - Finished seed=0
2025-07-26 05:56:45,408 - INFO - Starting seed=1
2025-07-26 05:56:45,409 - INFO - Starting GD
2025-07-26 05:59:21,317 - INFO - Finished GD, time elapsed=155.90798211097717s
2025-07-26 05:59:21,317 - INFO - Finished seed=1
2025-07-26 05:59:21,317 - INFO - Starting seed=2
2025-07-26 05:59:21,318 - INFO - Starting GD
2025-07-26 06:01:57,942 - INFO - Finished GD, time elapsed=156.62442302703857s
2025-07-26 06:01:57,943 - INFO - Finished seed=2
2025-07-26 06:01:57,943 - INFO - Starting seed=3
2025-07-26 06:01:57,945 - INFO - Starting GD
2025-07-26 06:04:33,852 - INFO - Finished GD, time elapsed=155.9074990749359s
2025-07-26 06:04:33,853 - INFO - Finished seed=3
2025-07-26 06:04:33,853 - INFO - Starting seed=4
2025-07-26 06:04:33,854 - INFO - Starting GD
2025-07-26 06:07:09,484 - INFO - Finished GD, time elapsed=155.62995290756226s
2025-07-26 06:07:09,485 - INFO - Finished seed=4
2025-07-26 06:07:09,485 - INFO - Starting seed=5
2025-07-26 06:07:09,485 - INFO - Starting GD
2025-07-26 06:09:45,253 - INFO - Finished GD, time elapsed=155.76712679862976s
2025-07-26 06:09:45,253 - INFO - Finished seed=5
2025-07-26 06:09:45,254 - INFO - Starting seed=6
2025-07-26 06:09:45,255 - INFO - Starting GD
2025-07-26 06:12:21,292 - INFO - Finished GD, time elapsed=156.03702521324158s
2025-07-26 06:12:21,292 - INFO - Finished seed=6
2025-07-26 06:12:21,292 - INFO - Starting seed=7
2025-07-26 06:12:21,293 - INFO - Starting GD
2025-07-26 06:14:58,053 - INFO - Finished GD, time elapsed=156.75919890403748s
2025-07-26 06:14:58,053 - INFO - Finished seed=7
2025-07-26 06:14:58,053 - INFO - ----------------------------------------------------------------------------------------------------------------------------------------------
2025-07-26 06:14:58,053 - INFO - ----------------------------------------------------------------------------------------------------------------------------------------------
2025-07-26 06:14:58,053 - INFO - Finished student_dim=4 with G&C avg gen_loss = 0.0, GD avg gen_loss = 17.389887169003487
2025-07-26 06:14:58,053 - INFO - ----------------------------------------------------------------------------------------------------------------------------------------------
2025-07-26 06:14:58,053 - INFO - Starting student_dim=5
2025-07-26 06:14:58,053 - INFO - Starting seed=0
2025-07-26 06:14:58,054 - INFO - Starting GD
2025-07-26 06:17:34,747 - INFO - Finished GD, time elapsed=156.6925721168518s
2025-07-26 06:17:34,748 - INFO - Finished seed=0
2025-07-26 06:17:34,748 - INFO - Starting seed=1
2025-07-26 06:17:34,749 - INFO - Starting GD
2025-07-26 06:20:10,858 - INFO - Finished GD, time elapsed=156.10924696922302s
2025-07-26 06:20:10,859 - INFO - Finished seed=1
2025-07-26 06:20:10,860 - INFO - Starting seed=2
2025-07-26 06:20:10,860 - INFO - Starting GD
2025-07-26 06:22:46,693 - INFO - Finished GD, time elapsed=155.83283185958862s
2025-07-26 06:22:46,694 - INFO - Finished seed=2
2025-07-26 06:22:46,694 - INFO - Starting seed=3
2025-07-26 06:22:46,695 - INFO - Starting GD
2025-07-26 06:25:22,330 - INFO - Finished GD, time elapsed=155.63486886024475s
2025-07-26 06:25:22,330 - INFO - Finished seed=3
2025-07-26 06:25:22,331 - INFO - Starting seed=4
2025-07-26 06:25:22,331 - INFO - Starting GD
2025-07-26 06:27:58,157 - INFO - Finished GD, time elapsed=155.82530117034912s
2025-07-26 06:27:58,157 - INFO - Finished seed=4
2025-07-26 06:27:58,157 - INFO - Starting seed=5
2025-07-26 06:27:58,158 - INFO - Starting GD
2025-07-26 06:30:34,475 - INFO - Finished GD, time elapsed=156.31736087799072s
2025-07-26 06:30:34,476 - INFO - Finished seed=5
2025-07-26 06:30:34,476 - INFO - Starting seed=6
2025-07-26 06:30:34,477 - INFO - Starting GD
2025-07-26 06:33:10,378 - INFO - Finished GD, time elapsed=155.90108799934387s
2025-07-26 06:33:10,379 - INFO - Finished seed=6
2025-07-26 06:33:10,379 - INFO - Starting seed=7
2025-07-26 06:33:10,380 - INFO - Starting GD
2025-07-26 06:35:46,512 - INFO - Finished GD, time elapsed=156.13277316093445s
2025-07-26 06:35:46,513 - INFO - Finished seed=7
2025-07-26 06:35:46,514 - INFO - ----------------------------------------------------------------------------------------------------------------------------------------------
2025-07-26 06:35:46,514 - INFO - ----------------------------------------------------------------------------------------------------------------------------------------------
2025-07-26 06:35:46,514 - INFO - Finished student_dim=5 with G&C avg gen_loss = 0.0, GD avg gen_loss = 27.38876347988844
2025-07-26 06:35:46,514 - INFO - ----------------------------------------------------------------------------------------------------------------------------------------------
2025-07-26 06:35:46,514 - INFO - Starting student_dim=6
2025-07-26 06:35:46,514 - INFO - Starting seed=0
2025-07-26 06:35:46,519 - INFO - Starting GD
2025-07-26 06:38:22,689 - INFO - Finished GD, time elapsed=156.16924214363098s
2025-07-26 06:38:22,689 - INFO - Finished seed=0
2025-07-26 06:38:22,690 - INFO - Starting seed=1
2025-07-26 06:38:22,691 - INFO - Starting GD
2025-07-26 06:40:58,911 - INFO - Finished GD, time elapsed=156.22000408172607s
2025-07-26 06:40:58,912 - INFO - Finished seed=1
2025-07-26 06:40:58,912 - INFO - Starting seed=2
2025-07-26 06:40:58,913 - INFO - Starting GD
2025-07-26 06:43:35,075 - INFO - Finished GD, time elapsed=156.16211366653442s
2025-07-26 06:43:35,076 - INFO - Finished seed=2
2025-07-26 06:43:35,076 - INFO - Starting seed=3
2025-07-26 06:43:35,077 - INFO - Starting GD
2025-07-26 06:46:10,962 - INFO - Finished GD, time elapsed=155.88447880744934s
2025-07-26 06:46:10,963 - INFO - Finished seed=3
2025-07-26 06:46:10,963 - INFO - Starting seed=4
2025-07-26 06:46:10,964 - INFO - Starting GD
2025-07-26 06:48:46,844 - INFO - Finished GD, time elapsed=155.88087821006775s
2025-07-26 06:48:46,846 - INFO - Finished seed=4
2025-07-26 06:48:46,846 - INFO - Starting seed=5
2025-07-26 06:48:46,847 - INFO - Starting GD
2025-07-26 06:51:23,473 - INFO - Finished GD, time elapsed=156.6254940032959s
2025-07-26 06:51:23,474 - INFO - Finished seed=5
2025-07-26 06:51:23,474 - INFO - Starting seed=6
2025-07-26 06:51:23,475 - INFO - Starting GD
2025-07-26 06:53:59,824 - INFO - Finished GD, time elapsed=156.34883999824524s
2025-07-26 06:53:59,824 - INFO - Finished seed=6
2025-07-26 06:53:59,824 - INFO - Starting seed=7
2025-07-26 06:53:59,825 - INFO - Starting GD
2025-07-26 06:56:35,776 - INFO - Finished GD, time elapsed=155.9510941505432s
2025-07-26 06:56:35,777 - INFO - Finished seed=7
2025-07-26 06:56:35,778 - INFO - ----------------------------------------------------------------------------------------------------------------------------------------------
2025-07-26 06:56:35,778 - INFO - ----------------------------------------------------------------------------------------------------------------------------------------------
2025-07-26 06:56:35,778 - INFO - Finished student_dim=6 with G&C avg gen_loss = 0.0, GD avg gen_loss = 19.898849919438362
2025-07-26 06:56:35,778 - INFO - ----------------------------------------------------------------------------------------------------------------------------------------------
2025-07-26 06:56:35,778 - INFO - Starting student_dim=7
2025-07-26 06:56:35,778 - INFO - Starting seed=0
2025-07-26 06:56:35,779 - INFO - Starting GD
2025-07-26 06:59:11,209 - INFO - Finished GD, time elapsed=155.42975401878357s
2025-07-26 06:59:11,210 - INFO - Finished seed=0
2025-07-26 06:59:11,210 - INFO - Starting seed=1
2025-07-26 06:59:11,211 - INFO - Starting GD
2025-07-26 07:01:46,784 - INFO - Finished GD, time elapsed=155.5730118751526s
2025-07-26 07:01:46,784 - INFO - Finished seed=1
2025-07-26 07:01:46,784 - INFO - Starting seed=2
2025-07-26 07:01:46,785 - INFO - Starting GD
2025-07-26 07:04:22,569 - INFO - Finished GD, time elapsed=155.78341031074524s
2025-07-26 07:04:22,570 - INFO - Finished seed=2
2025-07-26 07:04:22,570 - INFO - Starting seed=3
2025-07-26 07:04:22,571 - INFO - Starting GD
2025-07-26 07:06:58,673 - INFO - Finished GD, time elapsed=156.10223484039307s
2025-07-26 07:06:58,673 - INFO - Finished seed=3
2025-07-26 07:06:58,674 - INFO - Starting seed=4
2025-07-26 07:06:58,674 - INFO - Starting GD
2025-07-26 07:09:34,291 - INFO - Finished GD, time elapsed=155.6169719696045s
2025-07-26 07:09:34,292 - INFO - Finished seed=4
2025-07-26 07:09:34,293 - INFO - Starting seed=5
2025-07-26 07:09:34,294 - INFO - Starting GD
2025-07-26 07:12:10,223 - INFO - Finished GD, time elapsed=155.929044008255s
2025-07-26 07:12:10,223 - INFO - Finished seed=5
2025-07-26 07:12:10,223 - INFO - Starting seed=6
2025-07-26 07:12:10,224 - INFO - Starting GD
2025-07-26 07:14:46,929 - INFO - Finished GD, time elapsed=156.7055060863495s
2025-07-26 07:14:46,931 - INFO - Finished seed=6
2025-07-26 07:14:46,931 - INFO - Starting seed=7
2025-07-26 07:14:46,932 - INFO - Starting GD
2025-07-26 07:17:23,876 - INFO - Finished GD, time elapsed=156.9440062046051s
2025-07-26 07:17:23,877 - INFO - Finished seed=7
2025-07-26 07:17:23,877 - INFO - ----------------------------------------------------------------------------------------------------------------------------------------------
2025-07-26 07:17:23,877 - INFO - ----------------------------------------------------------------------------------------------------------------------------------------------
2025-07-26 07:17:23,877 - INFO - Finished student_dim=7 with G&C avg gen_loss = 0.0, GD avg gen_loss = 68.47854436561465
2025-07-26 07:17:23,877 - INFO - ----------------------------------------------------------------------------------------------------------------------------------------------
2025-07-26 07:17:23,878 - INFO - Starting student_dim=8
2025-07-26 07:17:23,878 - INFO - Starting seed=0
2025-07-26 07:17:23,883 - INFO - Starting GD
2025-07-26 07:19:59,863 - INFO - Finished GD, time elapsed=155.9796919822693s
2025-07-26 07:19:59,863 - INFO - Finished seed=0
2025-07-26 07:19:59,863 - INFO - Starting seed=1
2025-07-26 07:19:59,864 - INFO - Starting GD
2025-07-26 07:22:35,681 - INFO - Finished GD, time elapsed=155.81709837913513s
2025-07-26 07:22:35,682 - INFO - Finished seed=1
2025-07-26 07:22:35,682 - INFO - Starting seed=2
2025-07-26 07:22:35,684 - INFO - Starting GD
2025-07-26 07:25:11,555 - INFO - Finished GD, time elapsed=155.87176895141602s
2025-07-26 07:25:11,556 - INFO - Finished seed=2
2025-07-26 07:25:11,557 - INFO - Starting seed=3
2025-07-26 07:25:11,558 - INFO - Starting GD
2025-07-26 07:27:47,260 - INFO - Finished GD, time elapsed=155.70243096351624s
2025-07-26 07:27:47,261 - INFO - Finished seed=3
2025-07-26 07:27:47,261 - INFO - Starting seed=4
2025-07-26 07:27:47,263 - INFO - Starting GD
2025-07-26 07:30:22,998 - INFO - Finished GD, time elapsed=155.73565793037415s
2025-07-26 07:30:22,998 - INFO - Finished seed=4
2025-07-26 07:30:22,999 - INFO - Starting seed=5
2025-07-26 07:30:22,999 - INFO - Starting GD
2025-07-26 07:32:58,802 - INFO - Finished GD, time elapsed=155.80283904075623s
2025-07-26 07:32:58,803 - INFO - Finished seed=5
2025-07-26 07:32:58,803 - INFO - Starting seed=6
2025-07-26 07:32:58,805 - INFO - Starting GD
2025-07-26 07:35:34,466 - INFO - Finished GD, time elapsed=155.6617090702057s
2025-07-26 07:35:34,467 - INFO - Finished seed=6
2025-07-26 07:35:34,467 - INFO - Starting seed=7
2025-07-26 07:35:34,469 - INFO - Starting GD
2025-07-26 07:38:10,694 - INFO - Finished GD, time elapsed=156.22546315193176s
2025-07-26 07:38:10,696 - INFO - Finished seed=7
2025-07-26 07:38:10,696 - INFO - ----------------------------------------------------------------------------------------------------------------------------------------------
2025-07-26 07:38:10,696 - INFO - ----------------------------------------------------------------------------------------------------------------------------------------------
2025-07-26 07:38:10,696 - INFO - Finished student_dim=8 with G&C avg gen_loss = 0.0, GD avg gen_loss = 77.92628891847562
2025-07-26 07:38:10,696 - INFO - ----------------------------------------------------------------------------------------------------------------------------------------------
2025-07-26 07:38:10,696 - INFO - Starting student_dim=9
2025-07-26 07:38:10,696 - INFO - Starting seed=0
2025-07-26 07:38:10,698 - INFO - Starting GD
2025-07-26 07:40:46,937 - INFO - Finished GD, time elapsed=156.2395977973938s
2025-07-26 07:40:46,938 - INFO - Finished seed=0
2025-07-26 07:40:46,938 - INFO - Starting seed=1
2025-07-26 07:40:46,939 - INFO - Starting GD
2025-07-26 07:43:23,448 - INFO - Finished GD, time elapsed=156.50910782814026s
2025-07-26 07:43:23,448 - INFO - Finished seed=1
2025-07-26 07:43:23,449 - INFO - Starting seed=2
2025-07-26 07:43:23,449 - INFO - Starting GD
2025-07-26 07:46:00,368 - INFO - Finished GD, time elapsed=156.91863179206848s
2025-07-26 07:46:00,369 - INFO - Finished seed=2
2025-07-26 07:46:00,369 - INFO - Starting seed=3
2025-07-26 07:46:00,370 - INFO - Starting GD
2025-07-26 07:48:36,788 - INFO - Finished GD, time elapsed=156.41843104362488s
2025-07-26 07:48:36,788 - INFO - Finished seed=3
2025-07-26 07:48:36,789 - INFO - Starting seed=4
2025-07-26 07:48:36,789 - INFO - Starting GD
2025-07-26 07:51:12,486 - INFO - Finished GD, time elapsed=155.69661903381348s
2025-07-26 07:51:12,487 - INFO - Finished seed=4
2025-07-26 07:51:12,487 - INFO - Starting seed=5
2025-07-26 07:51:12,488 - INFO - Starting GD
2025-07-26 07:53:48,519 - INFO - Finished GD, time elapsed=156.03010892868042s
2025-07-26 07:53:48,519 - INFO - Finished seed=5
2025-07-26 07:53:48,520 - INFO - Starting seed=6
2025-07-26 07:53:48,521 - INFO - Starting GD
2025-07-26 07:56:25,092 - INFO - Finished GD, time elapsed=156.57143902778625s
2025-07-26 07:56:25,094 - INFO - Finished seed=6
2025-07-26 07:56:25,094 - INFO - Starting seed=7
2025-07-26 07:56:25,095 - INFO - Starting GD
2025-07-26 07:59:01,376 - INFO - Finished GD, time elapsed=156.28067088127136s
2025-07-26 07:59:01,377 - INFO - Finished seed=7
2025-07-26 07:59:01,377 - INFO - ----------------------------------------------------------------------------------------------------------------------------------------------
2025-07-26 07:59:01,377 - INFO - ----------------------------------------------------------------------------------------------------------------------------------------------
2025-07-26 07:59:01,377 - INFO - Finished student_dim=9 with G&C avg gen_loss = 0.0, GD avg gen_loss = 109.36354413628578
2025-07-26 07:59:01,377 - INFO - ----------------------------------------------------------------------------------------------------------------------------------------------
2025-07-26 07:59:01,377 - INFO - Starting student_dim=10
2025-07-26 07:59:01,378 - INFO - Starting seed=0
2025-07-26 07:59:01,383 - INFO - Starting GD
2025-07-26 08:01:38,076 - INFO - Finished GD, time elapsed=156.6926031112671s
2025-07-26 08:01:38,077 - INFO - Finished seed=0
2025-07-26 08:01:38,077 - INFO - Starting seed=1
2025-07-26 08:01:38,080 - INFO - Starting GD
2025-07-26 08:04:14,903 - INFO - Finished GD, time elapsed=156.82374811172485s
2025-07-26 08:04:14,904 - INFO - Finished seed=1
2025-07-26 08:04:14,904 - INFO - Starting seed=2
2025-07-26 08:04:14,905 - INFO - Starting GD
2025-07-26 08:06:51,051 - INFO - Finished GD, time elapsed=156.14535093307495s
2025-07-26 08:06:51,054 - INFO - Finished seed=2
2025-07-26 08:06:51,054 - INFO - Starting seed=3
2025-07-26 08:06:51,055 - INFO - Starting GD
2025-07-26 08:09:26,424 - INFO - Finished GD, time elapsed=155.3689568042755s
2025-07-26 08:09:26,425 - INFO - Finished seed=3
2025-07-26 08:09:26,425 - INFO - Starting seed=4
2025-07-26 08:09:26,426 - INFO - Starting GD
2025-07-26 08:12:02,341 - INFO - Finished GD, time elapsed=155.9154109954834s
2025-07-26 08:12:02,343 - INFO - Finished seed=4
2025-07-26 08:12:02,343 - INFO - Starting seed=5
2025-07-26 08:12:02,344 - INFO - Starting GD
2025-07-26 08:14:39,125 - INFO - Finished GD, time elapsed=156.7811200618744s
2025-07-26 08:14:39,126 - INFO - Finished seed=5
2025-07-26 08:14:39,126 - INFO - Starting seed=6
2025-07-26 08:14:39,127 - INFO - Starting GD
2025-07-26 08:17:15,985 - INFO - Finished GD, time elapsed=156.85782098770142s
2025-07-26 08:17:15,985 - INFO - Finished seed=6
2025-07-26 08:17:15,985 - INFO - Starting seed=7
2025-07-26 08:17:15,986 - INFO - Starting GD
2025-07-26 08:19:52,301 - INFO - Finished GD, time elapsed=156.31529426574707s
2025-07-26 08:19:52,302 - INFO - Finished seed=7
2025-07-26 08:19:52,302 - INFO - ----------------------------------------------------------------------------------------------------------------------------------------------
2025-07-26 08:19:52,302 - INFO - ----------------------------------------------------------------------------------------------------------------------------------------------
2025-07-26 08:19:52,302 - INFO - Finished student_dim=10 with G&C avg gen_loss = 0.0, GD avg gen_loss = 37.817058335989714
2025-07-26 08:19:52,302 - INFO - ----------------------------------------------------------------------------------------------------------------------------------------------
2025-07-26 08:19:52,303 - INFO - Starting student_dim=11
2025-07-26 08:19:52,303 - INFO - Starting seed=0
2025-07-26 08:19:52,304 - INFO - Starting GD
2025-07-26 08:22:28,887 - INFO - Finished GD, time elapsed=156.5834128856659s
2025-07-26 08:22:28,888 - INFO - Finished seed=0
2025-07-26 08:22:28,888 - INFO - Starting seed=1
2025-07-26 08:22:28,889 - INFO - Starting GD
2025-07-26 08:25:05,372 - INFO - Finished GD, time elapsed=156.48274683952332s
2025-07-26 08:25:05,372 - INFO - Finished seed=1
2025-07-26 08:25:05,372 - INFO - Starting seed=2
2025-07-26 08:25:05,373 - INFO - Starting GD
2025-07-26 08:27:42,018 - INFO - Finished GD, time elapsed=156.64469480514526s
2025-07-26 08:27:42,019 - INFO - Finished seed=2
2025-07-26 08:27:42,019 - INFO - Starting seed=3
2025-07-26 08:27:42,020 - INFO - Starting GD
2025-07-26 08:30:17,747 - INFO - Finished GD, time elapsed=155.7269959449768s
2025-07-26 08:30:17,747 - INFO - Finished seed=3
2025-07-26 08:30:17,748 - INFO - Starting seed=4
2025-07-26 08:30:17,749 - INFO - Starting GD
2025-07-26 08:32:54,348 - INFO - Finished GD, time elapsed=156.59908485412598s
2025-07-26 08:32:54,348 - INFO - Finished seed=4
2025-07-26 08:32:54,348 - INFO - Starting seed=5
2025-07-26 08:32:54,349 - INFO - Starting GD
2025-07-26 08:35:30,531 - INFO - Finished GD, time elapsed=156.18154907226562s
2025-07-26 08:35:30,531 - INFO - Finished seed=5
2025-07-26 08:35:30,532 - INFO - Starting seed=6
2025-07-26 08:35:30,533 - INFO - Starting GD
2025-07-26 08:38:07,446 - INFO - Finished GD, time elapsed=156.9134340286255s
2025-07-26 08:38:07,447 - INFO - Finished seed=6
2025-07-26 08:38:07,447 - INFO - Starting seed=7
2025-07-26 08:38:07,449 - INFO - Starting GD
2025-07-26 08:40:44,191 - INFO - Finished GD, time elapsed=156.74206399917603s
2025-07-26 08:40:44,192 - INFO - Finished seed=7
2025-07-26 08:40:44,192 - INFO - ----------------------------------------------------------------------------------------------------------------------------------------------
2025-07-26 08:40:44,192 - INFO - ----------------------------------------------------------------------------------------------------------------------------------------------
2025-07-26 08:40:44,192 - INFO - Finished student_dim=11 with G&C avg gen_loss = 0.0, GD avg gen_loss = 38.524342755139514
2025-07-26 08:40:44,192 - INFO - ----------------------------------------------------------------------------------------------------------------------------------------------
2025-07-26 08:40:44,192 - INFO - Starting student_dim=12
2025-07-26 08:40:44,192 - INFO - Starting seed=0
2025-07-26 08:40:44,199 - INFO - Starting GD
2025-07-26 08:43:20,760 - INFO - Finished GD, time elapsed=156.5611412525177s
2025-07-26 08:43:20,760 - INFO - Finished seed=0
2025-07-26 08:43:20,760 - INFO - Starting seed=1
2025-07-26 08:43:20,761 - INFO - Starting GD
2025-07-26 08:45:57,726 - INFO - Finished GD, time elapsed=156.96455597877502s
2025-07-26 08:45:57,727 - INFO - Finished seed=1
2025-07-26 08:45:57,727 - INFO - Starting seed=2
2025-07-26 08:45:57,728 - INFO - Starting GD
2025-07-26 08:48:34,236 - INFO - Finished GD, time elapsed=156.50795316696167s
2025-07-26 08:48:34,237 - INFO - Finished seed=2
2025-07-26 08:48:34,237 - INFO - Starting seed=3
2025-07-26 08:48:34,238 - INFO - Starting GD
2025-07-26 08:51:10,677 - INFO - Finished GD, time elapsed=156.43931889533997s
2025-07-26 08:51:10,678 - INFO - Finished seed=3
2025-07-26 08:51:10,678 - INFO - Starting seed=4
2025-07-26 08:51:10,680 - INFO - Starting GD
2025-07-26 08:53:47,131 - INFO - Finished GD, time elapsed=156.45145082473755s
2025-07-26 08:53:47,132 - INFO - Finished seed=4
2025-07-26 08:53:47,132 - INFO - Starting seed=5
2025-07-26 08:53:47,133 - INFO - Starting GD
2025-07-26 08:56:25,210 - INFO - Finished GD, time elapsed=158.0760099887848s
2025-07-26 08:56:25,211 - INFO - Finished seed=5
2025-07-26 08:56:25,211 - INFO - Starting seed=6
2025-07-26 08:56:25,212 - INFO - Starting GD
2025-07-26 08:59:05,035 - INFO - Finished GD, time elapsed=159.82308101654053s
2025-07-26 08:59:05,036 - INFO - Finished seed=6
2025-07-26 08:59:05,036 - INFO - Starting seed=7
2025-07-26 08:59:05,038 - INFO - Starting GD
2025-07-26 09:01:43,519 - INFO - Finished GD, time elapsed=158.48185992240906s
2025-07-26 09:01:43,520 - INFO - Finished seed=7
2025-07-26 09:01:43,521 - INFO - ----------------------------------------------------------------------------------------------------------------------------------------------
2025-07-26 09:01:43,521 - INFO - ----------------------------------------------------------------------------------------------------------------------------------------------
2025-07-26 09:01:43,521 - INFO - Finished student_dim=12 with G&C avg gen_loss = 0.0, GD avg gen_loss = 30.13384891982423
2025-07-26 09:01:43,521 - INFO - ----------------------------------------------------------------------------------------------------------------------------------------------
2025-07-26 09:01:43,521 - INFO - Starting student_dim=13
2025-07-26 09:01:43,521 - INFO - Starting seed=0
2025-07-26 09:01:43,524 - INFO - Starting GD
2025-07-26 09:04:20,056 - INFO - Finished GD, time elapsed=156.53262090682983s
2025-07-26 09:04:20,057 - INFO - Finished seed=0
2025-07-26 09:04:20,057 - INFO - Starting seed=1
2025-07-26 09:04:20,058 - INFO - Starting GD
2025-07-26 09:06:56,855 - INFO - Finished GD, time elapsed=156.79663825035095s
2025-07-26 09:06:56,855 - INFO - Finished seed=1
2025-07-26 09:06:56,856 - INFO - Starting seed=2
2025-07-26 09:06:56,856 - INFO - Starting GD
2025-07-26 09:19:38,421 - INFO - Finished GD, time elapsed=761.5646748542786s
2025-07-26 09:19:38,422 - INFO - Finished seed=2
2025-07-26 09:19:38,422 - INFO - Starting seed=3
2025-07-26 09:19:38,424 - INFO - Starting GD
2025-07-26 09:27:18,949 - INFO - Finished GD, time elapsed=460.52493119239807s
2025-07-26 09:27:18,949 - INFO - Finished seed=3
2025-07-26 09:27:18,950 - INFO - Starting seed=4
2025-07-26 09:27:18,951 - INFO - Starting GD
2025-07-26 09:29:52,002 - INFO - Finished GD, time elapsed=153.05077195167542s
2025-07-26 09:29:52,002 - INFO - Finished seed=4
2025-07-26 09:29:52,002 - INFO - Starting seed=5
2025-07-26 09:29:52,003 - INFO - Starting GD
2025-07-26 09:32:31,752 - INFO - Finished GD, time elapsed=159.74844813346863s
2025-07-26 09:32:31,752 - INFO - Finished seed=5
2025-07-26 09:32:31,753 - INFO - Starting seed=6
2025-07-26 09:32:31,754 - INFO - Starting GD
2025-07-26 09:35:12,107 - INFO - Finished GD, time elapsed=160.35245895385742s
2025-07-26 09:35:12,107 - INFO - Finished seed=6
2025-07-26 09:35:12,108 - INFO - Starting seed=7
2025-07-26 09:35:12,109 - INFO - Starting GD
2025-07-26 09:37:48,573 - INFO - Finished GD, time elapsed=156.4642632007599s
2025-07-26 09:37:48,573 - INFO - Finished seed=7
2025-07-26 09:37:48,574 - INFO - ----------------------------------------------------------------------------------------------------------------------------------------------
2025-07-26 09:37:48,574 - INFO - ----------------------------------------------------------------------------------------------------------------------------------------------
2025-07-26 09:37:48,574 - INFO - Finished student_dim=13 with G&C avg gen_loss = 0.0, GD avg gen_loss = 266.3471187502146
2025-07-26 09:37:48,574 - INFO - ----------------------------------------------------------------------------------------------------------------------------------------------
2025-07-26 09:37:48,574 - INFO - Starting student_dim=14
2025-07-26 09:37:48,574 - INFO - Starting seed=0
2025-07-26 09:37:48,579 - INFO - Starting GD
2025-07-26 09:40:24,812 - INFO - Finished GD, time elapsed=156.23253393173218s
2025-07-26 09:40:24,812 - INFO - Finished seed=0
2025-07-26 09:40:24,812 - INFO - Starting seed=1
2025-07-26 09:40:24,813 - INFO - Starting GD
2025-07-26 10:02:19,279 - INFO - Finished GD, time elapsed=1314.4655590057373s
2025-07-26 10:02:19,279 - INFO - Finished seed=1
2025-07-26 10:02:19,279 - INFO - Starting seed=2
2025-07-26 10:02:19,280 - INFO - Starting GD
2025-07-26 10:04:51,232 - INFO - Finished GD, time elapsed=151.95211601257324s
2025-07-26 10:04:51,232 - INFO - Finished seed=2
2025-07-26 10:04:51,233 - INFO - Starting seed=3
2025-07-26 10:04:51,233 - INFO - Starting GD
2025-07-26 10:07:23,391 - INFO - Finished GD, time elapsed=152.15787601470947s
2025-07-26 10:07:23,391 - INFO - Finished seed=3
2025-07-26 10:07:23,391 - INFO - Starting seed=4
2025-07-26 10:07:23,392 - INFO - Starting GD
2025-07-26 10:09:56,181 - INFO - Finished GD, time elapsed=152.78811597824097s
2025-07-26 10:09:56,181 - INFO - Finished seed=4
2025-07-26 10:09:56,181 - INFO - Starting seed=5
2025-07-26 10:09:56,182 - INFO - Starting GD
2025-07-26 10:12:31,209 - INFO - Finished GD, time elapsed=155.02738785743713s
2025-07-26 10:12:31,209 - INFO - Finished seed=5
2025-07-26 10:12:31,209 - INFO - Starting seed=6
2025-07-26 10:12:31,210 - INFO - Starting GD
2025-07-26 10:15:38,568 - INFO - Finished GD, time elapsed=187.3571639060974s
2025-07-26 10:15:38,568 - INFO - Finished seed=6
2025-07-26 10:15:38,568 - INFO - Starting seed=7
2025-07-26 10:15:38,569 - INFO - Starting GD
2025-07-26 10:18:54,360 - INFO - Finished GD, time elapsed=195.79150319099426s
2025-07-26 10:18:54,361 - INFO - Finished seed=7
2025-07-26 10:18:54,361 - INFO - ----------------------------------------------------------------------------------------------------------------------------------------------
2025-07-26 10:18:54,361 - INFO - ----------------------------------------------------------------------------------------------------------------------------------------------
2025-07-26 10:18:54,361 - INFO - Finished student_dim=14 with G&C avg gen_loss = 0.0, GD avg gen_loss = 37.98427950590849
2025-07-26 10:18:54,361 - INFO - ----------------------------------------------------------------------------------------------------------------------------------------------
2025-07-26 10:18:54,361 - INFO - Starting student_dim=15
2025-07-26 10:18:54,362 - INFO - Starting seed=0
2025-07-26 10:18:54,364 - INFO - Starting GD
2025-07-26 10:22:21,924 - INFO - Finished GD, time elapsed=207.55946707725525s
2025-07-26 10:22:21,925 - INFO - Finished seed=0
2025-07-26 10:22:21,925 - INFO - Starting seed=1
2025-07-26 10:22:21,926 - INFO - Starting GD
2025-07-26 10:25:14,563 - INFO - Finished GD, time elapsed=172.6366741657257s
2025-07-26 10:25:14,563 - INFO - Finished seed=1
2025-07-26 10:25:14,563 - INFO - Starting seed=2
2025-07-26 10:25:14,564 - INFO - Starting GD
2025-07-26 10:28:04,674 - INFO - Finished GD, time elapsed=170.10937404632568s
2025-07-26 10:28:04,674 - INFO - Finished seed=2
2025-07-26 10:28:04,674 - INFO - Starting seed=3
2025-07-26 10:28:04,675 - INFO - Starting GD
2025-07-26 10:30:53,835 - INFO - Finished GD, time elapsed=169.15982604026794s
2025-07-26 10:30:53,836 - INFO - Finished seed=3
2025-07-26 10:30:53,836 - INFO - Starting seed=4
2025-07-26 10:30:53,837 - INFO - Starting GD
2025-07-26 10:33:48,847 - INFO - Finished GD, time elapsed=175.00944304466248s
2025-07-26 10:33:48,847 - INFO - Finished seed=4
2025-07-26 10:33:48,847 - INFO - Starting seed=5
2025-07-26 10:33:48,848 - INFO - Starting GD
2025-07-26 10:36:48,504 - INFO - Finished GD, time elapsed=179.65581274032593s
2025-07-26 10:36:48,505 - INFO - Finished seed=5
2025-07-26 10:36:48,505 - INFO - Starting seed=6
2025-07-26 10:36:48,506 - INFO - Starting GD
2025-07-26 10:39:47,828 - INFO - Finished GD, time elapsed=179.3220989704132s
2025-07-26 10:39:47,829 - INFO - Finished seed=6
2025-07-26 10:39:47,830 - INFO - Starting seed=7
2025-07-26 10:39:47,831 - INFO - Starting GD
2025-07-26 10:42:47,537 - INFO - Finished GD, time elapsed=179.70614099502563s
2025-07-26 10:42:47,537 - INFO - Finished seed=7
2025-07-26 10:42:47,537 - INFO - ----------------------------------------------------------------------------------------------------------------------------------------------
2025-07-26 10:42:47,537 - INFO - ----------------------------------------------------------------------------------------------------------------------------------------------
2025-07-26 10:42:47,538 - INFO - Finished student_dim=15 with G&C avg gen_loss = 0.0, GD avg gen_loss = 106.20547413825989
2025-07-26 10:42:47,538 - INFO - ----------------------------------------------------------------------------------------------------------------------------------------------
2025-07-26 10:42:48,127 - INFO - Finished experiments, results saved to results, figures saved to figures
