2025-08-04 18:49:42,388 - INFO - Using device mps.
2025-08-04 18:49:42,388 - INFO - Args: Namespace(num_seeds=1, num_measurements=1, input_e1=True, sequence_length=5, teacher_ranks=[1], student_dims=[10, 11, 12, 13, 14, 15, 16, 17, 18, 19, 20, 21, 22, 23, 24, 25, 26, 27, 28, 29, 30, 31, 32, 33, 34], calc_loss_only_on_last_output=True, eps_train=1e-15, gnc=True, gnc_num_samples=100000000, gnc_batch_size=1000000, gd=False, gd_lr=0.001, gd_epochs=1000000, gd_init_scale=0.01, gd_optimizer='adam', config=None, results_dir=PosixPath('results'), figures_dir=PosixPath('figures'), log_dir=PosixPath('logs'))
2025-08-04 18:49:42,398 - INFO - Starting teacher_rank=1
2025-08-04 18:49:42,398 - INFO - Starting student_dim=10
2025-08-04 18:49:42,398 - INFO - Starting seed=0
2025-08-04 18:49:42,403 - INFO - A_teacher is 0.4496747553348541
2025-08-04 18:49:42,429 - INFO - Starting G&C
2025-08-04 18:49:46,694 - INFO - Finished G&C, time elapsed=4.2652506828308105s
2025-08-04 18:49:46,695 - INFO - Finished seed=0
2025-08-04 18:49:46,695 - INFO - ----------------------------------------------------------------------------------------------------------------------------------------------
2025-08-04 18:49:46,695 - INFO - ----------------------------------------------------------------------------------------------------------------------------------------------
2025-08-04 18:49:46,695 - INFO - Finished student_dim=10
2025-08-04 18:49:46,695 - INFO - G&C avg gen_loss = 0.40941398330032824
2025-08-04 18:49:46,695 - INFO - ----------------------------------------------------------------------------------------------------------------------------------------------
2025-08-04 18:49:46,695 - INFO - Starting student_dim=11
2025-08-04 18:49:46,695 - INFO - Starting seed=0
2025-08-04 18:49:46,696 - INFO - A_teacher is 0.6540995836257935
2025-08-04 18:49:46,700 - INFO - Starting G&C
2025-08-04 18:49:50,891 - INFO - Finished G&C, time elapsed=4.190875053405762s
2025-08-04 18:49:50,891 - INFO - Finished seed=0
2025-08-04 18:49:50,891 - INFO - ----------------------------------------------------------------------------------------------------------------------------------------------
2025-08-04 18:49:50,891 - INFO - ----------------------------------------------------------------------------------------------------------------------------------------------
2025-08-04 18:49:50,891 - INFO - Finished student_dim=11
2025-08-04 18:49:50,891 - INFO - G&C avg gen_loss = 3.122590661048889
2025-08-04 18:49:50,892 - INFO - ----------------------------------------------------------------------------------------------------------------------------------------------
2025-08-04 18:49:50,892 - INFO - Starting student_dim=12
2025-08-04 18:49:50,892 - INFO - Starting seed=0
2025-08-04 18:49:50,893 - INFO - A_teacher is 0.6540995836257935
2025-08-04 18:49:50,897 - INFO - Starting G&C
2025-08-04 18:49:55,146 - INFO - Finished G&C, time elapsed=4.2482850551605225s
2025-08-04 18:49:55,146 - INFO - Finished seed=0
2025-08-04 18:49:55,146 - INFO - ----------------------------------------------------------------------------------------------------------------------------------------------
2025-08-04 18:49:55,146 - INFO - ----------------------------------------------------------------------------------------------------------------------------------------------
2025-08-04 18:49:55,146 - INFO - Finished student_dim=12
2025-08-04 18:49:55,146 - INFO - G&C avg gen_loss = 2.3816393613815308
2025-08-04 18:49:55,146 - INFO - ----------------------------------------------------------------------------------------------------------------------------------------------
2025-08-04 18:49:55,146 - INFO - Starting student_dim=13
2025-08-04 18:49:55,146 - INFO - Starting seed=0
2025-08-04 18:49:55,147 - INFO - A_teacher is 0.6540995836257935
2025-08-04 18:49:55,151 - INFO - Starting G&C
2025-08-04 18:49:59,529 - INFO - Finished G&C, time elapsed=4.378086805343628s
2025-08-04 18:49:59,529 - INFO - Finished seed=0
2025-08-04 18:49:59,529 - INFO - ----------------------------------------------------------------------------------------------------------------------------------------------
2025-08-04 18:49:59,529 - INFO - ----------------------------------------------------------------------------------------------------------------------------------------------
2025-08-04 18:49:59,529 - INFO - Finished student_dim=13
2025-08-04 18:49:59,529 - INFO - G&C avg gen_loss = 0.31125790625810623
2025-08-04 18:49:59,529 - INFO - ----------------------------------------------------------------------------------------------------------------------------------------------
2025-08-04 18:49:59,529 - INFO - Starting student_dim=14
2025-08-04 18:49:59,529 - INFO - Starting seed=0
2025-08-04 18:49:59,530 - INFO - A_teacher is 0.6540995836257935
2025-08-04 18:49:59,534 - INFO - Starting G&C
2025-08-04 18:50:03,979 - INFO - Finished G&C, time elapsed=4.444661855697632s
2025-08-04 18:50:03,979 - INFO - Finished seed=0
2025-08-04 18:50:03,979 - INFO - ----------------------------------------------------------------------------------------------------------------------------------------------
2025-08-04 18:50:03,979 - INFO - ----------------------------------------------------------------------------------------------------------------------------------------------
2025-08-04 18:50:03,979 - INFO - Finished student_dim=14
2025-08-04 18:50:03,979 - INFO - G&C avg gen_loss = 2.1424126505851744
2025-08-04 18:50:03,979 - INFO - ----------------------------------------------------------------------------------------------------------------------------------------------
2025-08-04 18:50:03,979 - INFO - Starting student_dim=15
2025-08-04 18:50:03,979 - INFO - Starting seed=0
2025-08-04 18:50:03,980 - INFO - A_teacher is 0.6540995836257935
2025-08-04 18:50:03,983 - INFO - Starting G&C
2025-08-04 18:50:08,503 - INFO - Finished G&C, time elapsed=4.519942998886108s
2025-08-04 18:50:08,503 - INFO - Finished seed=0
2025-08-04 18:50:08,504 - INFO - ----------------------------------------------------------------------------------------------------------------------------------------------
2025-08-04 18:50:08,504 - INFO - ----------------------------------------------------------------------------------------------------------------------------------------------
2025-08-04 18:50:08,504 - INFO - Finished student_dim=15
2025-08-04 18:50:08,504 - INFO - G&C avg gen_loss = 1.972197949886322
2025-08-04 18:50:08,504 - INFO - ----------------------------------------------------------------------------------------------------------------------------------------------
2025-08-04 18:50:08,504 - INFO - Starting student_dim=16
2025-08-04 18:50:08,504 - INFO - Starting seed=0
2025-08-04 18:50:08,505 - INFO - A_teacher is 0.6540995836257935
2025-08-04 18:50:08,509 - INFO - Starting G&C
2025-08-04 18:50:13,233 - INFO - Finished G&C, time elapsed=4.723757982254028s
2025-08-04 18:50:13,233 - INFO - Finished seed=0
2025-08-04 18:50:13,233 - INFO - ----------------------------------------------------------------------------------------------------------------------------------------------
2025-08-04 18:50:13,233 - INFO - ----------------------------------------------------------------------------------------------------------------------------------------------
2025-08-04 18:50:13,233 - INFO - Finished student_dim=16
2025-08-04 18:50:13,233 - INFO - G&C avg gen_loss = 5.092476591467857
2025-08-04 18:50:13,233 - INFO - ----------------------------------------------------------------------------------------------------------------------------------------------
2025-08-04 18:50:13,233 - INFO - Starting student_dim=17
2025-08-04 18:50:13,233 - INFO - Starting seed=0
2025-08-04 18:50:13,234 - INFO - A_teacher is 0.6540995836257935
2025-08-04 18:50:13,238 - INFO - Starting G&C
2025-08-04 18:50:17,994 - INFO - Finished G&C, time elapsed=4.756360054016113s
2025-08-04 18:50:17,994 - INFO - Finished seed=0
2025-08-04 18:50:17,994 - INFO - ----------------------------------------------------------------------------------------------------------------------------------------------
2025-08-04 18:50:17,994 - INFO - ----------------------------------------------------------------------------------------------------------------------------------------------
2025-08-04 18:50:17,994 - INFO - Finished student_dim=17
2025-08-04 18:50:17,994 - INFO - G&C avg gen_loss = 5.2668385952711105
2025-08-04 18:50:17,994 - INFO - ----------------------------------------------------------------------------------------------------------------------------------------------
2025-08-04 18:50:17,994 - INFO - Starting student_dim=18
2025-08-04 18:50:17,995 - INFO - Starting seed=0
2025-08-04 18:50:17,996 - INFO - A_teacher is 0.6540995836257935
2025-08-04 18:50:18,000 - INFO - Starting G&C
2025-08-04 18:50:22,901 - INFO - Finished G&C, time elapsed=4.901154041290283s
2025-08-04 18:50:22,901 - INFO - Finished seed=0
2025-08-04 18:50:22,901 - INFO - ----------------------------------------------------------------------------------------------------------------------------------------------
2025-08-04 18:50:22,901 - INFO - ----------------------------------------------------------------------------------------------------------------------------------------------
2025-08-04 18:50:22,901 - INFO - Finished student_dim=18
2025-08-04 18:50:22,901 - INFO - G&C avg gen_loss = 2.5494563937187196
2025-08-04 18:50:22,901 - INFO - ----------------------------------------------------------------------------------------------------------------------------------------------
2025-08-04 18:50:22,901 - INFO - Starting student_dim=19
2025-08-04 18:50:22,901 - INFO - Starting seed=0
2025-08-04 18:50:22,902 - INFO - A_teacher is 0.6540995836257935
2025-08-04 18:50:22,907 - INFO - Starting G&C
2025-08-04 18:50:27,947 - INFO - Finished G&C, time elapsed=5.039564847946167s
2025-08-04 18:50:27,947 - INFO - Finished seed=0
2025-08-04 18:50:27,947 - INFO - ----------------------------------------------------------------------------------------------------------------------------------------------
2025-08-04 18:50:27,947 - INFO - ----------------------------------------------------------------------------------------------------------------------------------------------
2025-08-04 18:50:27,947 - INFO - Finished student_dim=19
2025-08-04 18:50:27,947 - INFO - G&C avg gen_loss = 1.860208123922348
2025-08-04 18:50:27,947 - INFO - ----------------------------------------------------------------------------------------------------------------------------------------------
2025-08-04 18:50:27,947 - INFO - Starting student_dim=20
2025-08-04 18:50:27,947 - INFO - Starting seed=0
2025-08-04 18:50:27,948 - INFO - A_teacher is 0.6540995836257935
2025-08-04 18:50:27,953 - INFO - Starting G&C
2025-08-04 18:50:32,957 - INFO - Finished G&C, time elapsed=5.0041022300720215s
2025-08-04 18:50:32,957 - INFO - Finished seed=0
2025-08-04 18:50:32,957 - INFO - ----------------------------------------------------------------------------------------------------------------------------------------------
2025-08-04 18:50:32,957 - INFO - ----------------------------------------------------------------------------------------------------------------------------------------------
2025-08-04 18:50:32,957 - INFO - Finished student_dim=20
2025-08-04 18:50:32,957 - INFO - G&C avg gen_loss = 1.3569000363349915
2025-08-04 18:50:32,957 - INFO - ----------------------------------------------------------------------------------------------------------------------------------------------
2025-08-04 18:50:32,957 - INFO - Starting student_dim=21
2025-08-04 18:50:32,957 - INFO - Starting seed=0
2025-08-04 18:50:32,958 - INFO - A_teacher is 0.6540995836257935
2025-08-04 18:50:32,962 - INFO - Starting G&C
2025-08-04 18:50:38,170 - INFO - Finished G&C, time elapsed=5.208258152008057s
2025-08-04 18:50:38,170 - INFO - Finished seed=0
2025-08-04 18:50:38,170 - INFO - ----------------------------------------------------------------------------------------------------------------------------------------------
2025-08-04 18:50:38,170 - INFO - ----------------------------------------------------------------------------------------------------------------------------------------------
2025-08-04 18:50:38,170 - INFO - Finished student_dim=21
2025-08-04 18:50:38,170 - INFO - G&C avg gen_loss = 5.881793260574341
2025-08-04 18:50:38,171 - INFO - ----------------------------------------------------------------------------------------------------------------------------------------------
2025-08-04 18:50:38,171 - INFO - Starting student_dim=22
2025-08-04 18:50:38,171 - INFO - Starting seed=0
2025-08-04 18:50:38,172 - INFO - A_teacher is 0.6540995836257935
2025-08-04 18:50:38,175 - INFO - Starting G&C
2025-08-04 18:50:43,454 - INFO - Finished G&C, time elapsed=5.278742074966431s
2025-08-04 18:50:43,454 - INFO - Finished seed=0
2025-08-04 18:50:43,454 - INFO - ----------------------------------------------------------------------------------------------------------------------------------------------
2025-08-04 18:50:43,454 - INFO - ----------------------------------------------------------------------------------------------------------------------------------------------
2025-08-04 18:50:43,454 - INFO - Finished student_dim=22
2025-08-04 18:50:43,454 - INFO - G&C avg gen_loss = 1.386203408241272
2025-08-04 18:50:43,454 - INFO - ----------------------------------------------------------------------------------------------------------------------------------------------
2025-08-04 18:50:43,454 - INFO - Starting student_dim=23
2025-08-04 18:50:43,454 - INFO - Starting seed=0
2025-08-04 18:50:43,455 - INFO - A_teacher is 0.6540995836257935
2025-08-04 18:50:43,460 - INFO - Starting G&C
2025-08-04 18:50:48,722 - INFO - Finished G&C, time elapsed=5.262400150299072s
2025-08-04 18:50:48,722 - INFO - Finished seed=0
2025-08-04 18:50:48,722 - INFO - ----------------------------------------------------------------------------------------------------------------------------------------------
2025-08-04 18:50:48,722 - INFO - ----------------------------------------------------------------------------------------------------------------------------------------------
2025-08-04 18:50:48,722 - INFO - Finished student_dim=23
2025-08-04 18:50:48,723 - INFO - G&C avg gen_loss = 0.9195793271064758
2025-08-04 18:50:48,723 - INFO - ----------------------------------------------------------------------------------------------------------------------------------------------
2025-08-04 18:50:48,723 - INFO - Starting student_dim=24
2025-08-04 18:50:48,723 - INFO - Starting seed=0
2025-08-04 18:50:48,724 - INFO - A_teacher is 0.6540995836257935
2025-08-04 18:50:48,727 - INFO - Starting G&C
2025-08-04 18:50:54,144 - INFO - Finished G&C, time elapsed=5.417062997817993s
2025-08-04 18:50:54,144 - INFO - Finished seed=0
2025-08-04 18:50:54,145 - INFO - ----------------------------------------------------------------------------------------------------------------------------------------------
2025-08-04 18:50:54,145 - INFO - ----------------------------------------------------------------------------------------------------------------------------------------------
2025-08-04 18:50:54,145 - INFO - Finished student_dim=24
2025-08-04 18:50:54,145 - INFO - G&C avg gen_loss = 2.622358560562134
2025-08-04 18:50:54,145 - INFO - ----------------------------------------------------------------------------------------------------------------------------------------------
2025-08-04 18:50:54,145 - INFO - Starting student_dim=25
2025-08-04 18:50:54,145 - INFO - Starting seed=0
2025-08-04 18:50:54,146 - INFO - A_teacher is 0.6540995836257935
2025-08-04 18:50:54,152 - INFO - Starting G&C
2025-08-04 18:50:59,688 - INFO - Finished G&C, time elapsed=5.536501884460449s
2025-08-04 18:50:59,689 - INFO - Finished seed=0
2025-08-04 18:50:59,689 - INFO - ----------------------------------------------------------------------------------------------------------------------------------------------
2025-08-04 18:50:59,689 - INFO - ----------------------------------------------------------------------------------------------------------------------------------------------
2025-08-04 18:50:59,689 - INFO - Finished student_dim=25
2025-08-04 18:50:59,689 - INFO - G&C avg gen_loss = 7.908889651298523
2025-08-04 18:50:59,689 - INFO - ----------------------------------------------------------------------------------------------------------------------------------------------
2025-08-04 18:50:59,689 - INFO - Starting student_dim=26
2025-08-04 18:50:59,690 - INFO - Starting seed=0
2025-08-04 18:50:59,690 - INFO - A_teacher is 0.6540995836257935
2025-08-04 18:50:59,694 - INFO - Starting G&C
2025-08-04 18:51:05,309 - INFO - Finished G&C, time elapsed=5.615581035614014s
2025-08-04 18:51:05,309 - INFO - Finished seed=0
2025-08-04 18:51:05,310 - INFO - ----------------------------------------------------------------------------------------------------------------------------------------------
2025-08-04 18:51:05,310 - INFO - ----------------------------------------------------------------------------------------------------------------------------------------------
2025-08-04 18:51:05,310 - INFO - Finished student_dim=26
2025-08-04 18:51:05,310 - INFO - G&C avg gen_loss = 4.383933345476787
2025-08-04 18:51:05,310 - INFO - ----------------------------------------------------------------------------------------------------------------------------------------------
2025-08-04 18:51:05,310 - INFO - Starting student_dim=27
2025-08-04 18:51:05,310 - INFO - Starting seed=0
2025-08-04 18:51:05,311 - INFO - A_teacher is 0.6540995836257935
2025-08-04 18:51:05,315 - INFO - Starting G&C
2025-08-04 18:51:10,960 - INFO - Finished G&C, time elapsed=5.6452248096466064s
2025-08-04 18:51:10,961 - INFO - Finished seed=0
2025-08-04 18:51:10,961 - INFO - ----------------------------------------------------------------------------------------------------------------------------------------------
2025-08-04 18:51:10,961 - INFO - ----------------------------------------------------------------------------------------------------------------------------------------------
2025-08-04 18:51:10,961 - INFO - Finished student_dim=27
2025-08-04 18:51:10,961 - INFO - G&C avg gen_loss = 0.7897304594516754
2025-08-04 18:51:10,961 - INFO - ----------------------------------------------------------------------------------------------------------------------------------------------
2025-08-04 18:51:10,961 - INFO - Starting student_dim=28
2025-08-04 18:51:10,961 - INFO - Starting seed=0
2025-08-04 18:51:10,962 - INFO - A_teacher is 0.6540995836257935
2025-08-04 18:51:10,966 - INFO - Starting G&C
2025-08-04 18:51:16,738 - INFO - Finished G&C, time elapsed=5.772326946258545s
2025-08-04 18:51:16,738 - INFO - Finished seed=0
2025-08-04 18:51:16,739 - INFO - ----------------------------------------------------------------------------------------------------------------------------------------------
2025-08-04 18:51:16,739 - INFO - ----------------------------------------------------------------------------------------------------------------------------------------------
2025-08-04 18:51:16,739 - INFO - Finished student_dim=28
2025-08-04 18:51:16,739 - INFO - G&C avg gen_loss = 1.6568107604980469
2025-08-04 18:51:16,739 - INFO - ----------------------------------------------------------------------------------------------------------------------------------------------
2025-08-04 18:51:16,739 - INFO - Starting student_dim=29
2025-08-04 18:51:16,739 - INFO - Starting seed=0
2025-08-04 18:51:16,740 - INFO - A_teacher is 0.6540995836257935
2025-08-04 18:51:16,744 - INFO - Starting G&C
2025-08-04 18:51:22,597 - INFO - Finished G&C, time elapsed=5.85335111618042s
2025-08-04 18:51:22,597 - INFO - Finished seed=0
2025-08-04 18:51:22,597 - INFO - ----------------------------------------------------------------------------------------------------------------------------------------------
2025-08-04 18:51:22,597 - INFO - ----------------------------------------------------------------------------------------------------------------------------------------------
2025-08-04 18:51:22,597 - INFO - Finished student_dim=29
2025-08-04 18:51:22,598 - INFO - G&C avg gen_loss = 0.9458168745040894
2025-08-04 18:51:22,598 - INFO - ----------------------------------------------------------------------------------------------------------------------------------------------
2025-08-04 18:51:22,598 - INFO - Starting student_dim=30
2025-08-04 18:51:22,598 - INFO - Starting seed=0
2025-08-04 18:51:22,599 - INFO - A_teacher is 0.6540995836257935
2025-08-04 18:51:22,602 - INFO - Starting G&C
2025-08-04 18:51:28,816 - INFO - Finished G&C, time elapsed=6.2138450145721436s
2025-08-04 18:51:28,817 - INFO - Finished seed=0
2025-08-04 18:51:28,818 - INFO - ----------------------------------------------------------------------------------------------------------------------------------------------
2025-08-04 18:51:28,818 - INFO - ----------------------------------------------------------------------------------------------------------------------------------------------
2025-08-04 18:51:28,818 - INFO - Finished student_dim=30
2025-08-04 18:51:28,818 - INFO - G&C avg gen_loss = 2.7655792236328125
2025-08-04 18:51:28,818 - INFO - ----------------------------------------------------------------------------------------------------------------------------------------------
2025-08-04 18:51:28,818 - INFO - Starting student_dim=31
2025-08-04 18:51:28,818 - INFO - Starting seed=0
2025-08-04 18:51:28,819 - INFO - A_teacher is 0.6540995836257935
2025-08-04 18:51:28,823 - INFO - Starting G&C
2025-08-04 18:51:34,378 - INFO - No GNC sensing losses
2025-08-04 18:51:34,774 - INFO - Finished G&C, time elapsed=5.951148986816406s
2025-08-04 18:51:34,774 - INFO - Finished seed=0
2025-08-04 18:51:34,775 - INFO - ----------------------------------------------------------------------------------------------------------------------------------------------
2025-08-04 18:51:34,775 - INFO - ----------------------------------------------------------------------------------------------------------------------------------------------
2025-08-04 18:51:34,775 - INFO - Finished student_dim=31
2025-08-04 18:51:34,775 - INFO - G&C avg gen_loss = nan
2025-08-04 18:51:34,775 - INFO - ----------------------------------------------------------------------------------------------------------------------------------------------
2025-08-04 18:51:34,775 - INFO - Starting student_dim=32
2025-08-04 18:51:34,775 - INFO - Starting seed=0
2025-08-04 18:51:34,776 - INFO - A_teacher is 0.6540995836257935
2025-08-04 18:51:34,780 - INFO - Starting G&C
2025-08-04 18:51:40,882 - INFO - No GNC sensing losses
2025-08-04 18:51:41,199 - INFO - Finished G&C, time elapsed=6.419818878173828s
2025-08-04 18:51:41,199 - INFO - Finished seed=0
2025-08-04 18:51:41,200 - INFO - ----------------------------------------------------------------------------------------------------------------------------------------------
2025-08-04 18:51:41,200 - INFO - ----------------------------------------------------------------------------------------------------------------------------------------------
2025-08-04 18:51:41,200 - INFO - Finished student_dim=32
2025-08-04 18:51:41,200 - INFO - G&C avg gen_loss = nan
2025-08-04 18:51:41,200 - INFO - ----------------------------------------------------------------------------------------------------------------------------------------------
2025-08-04 18:51:41,200 - INFO - Starting student_dim=33
2025-08-04 18:51:41,200 - INFO - Starting seed=0
2025-08-04 18:51:41,201 - INFO - A_teacher is 0.6540995836257935
2025-08-04 18:51:41,208 - INFO - Starting G&C
2025-08-04 18:51:47,483 - INFO - Finished G&C, time elapsed=6.27482795715332s
2025-08-04 18:51:47,483 - INFO - Finished seed=0
2025-08-04 18:51:47,483 - INFO - ----------------------------------------------------------------------------------------------------------------------------------------------
2025-08-04 18:51:47,483 - INFO - ----------------------------------------------------------------------------------------------------------------------------------------------
2025-08-04 18:51:47,483 - INFO - Finished student_dim=33
2025-08-04 18:51:47,483 - INFO - G&C avg gen_loss = 2.8775739669799805
2025-08-04 18:51:47,483 - INFO - ----------------------------------------------------------------------------------------------------------------------------------------------
2025-08-04 18:51:47,483 - INFO - Starting student_dim=34
2025-08-04 18:51:47,483 - INFO - Starting seed=0
2025-08-04 18:51:47,484 - INFO - A_teacher is 0.6540995836257935
2025-08-04 18:51:47,488 - INFO - Starting G&C
2025-08-04 18:51:54,477 - INFO - Finished G&C, time elapsed=6.988785028457642s
2025-08-04 18:51:54,477 - INFO - Finished seed=0
2025-08-04 18:51:54,477 - INFO - ----------------------------------------------------------------------------------------------------------------------------------------------
2025-08-04 18:51:54,477 - INFO - ----------------------------------------------------------------------------------------------------------------------------------------------
2025-08-04 18:51:54,477 - INFO - Finished student_dim=34
2025-08-04 18:51:54,477 - INFO - G&C avg gen_loss = 6.1097110112508135
2025-08-04 18:51:54,477 - INFO - ----------------------------------------------------------------------------------------------------------------------------------------------
2025-08-04 18:51:54,765 - INFO - Finished experiments, results saved to results_gnc_seq_len=5_num_measurements=1_input_e1=True_time=20250804-185154.csv, figures saved to plot_gnc_seq_len=5_num_measurements=1_input_e1=True_time=20250804-185154
