2025-08-04 12:21:02,113 - INFO - Using device mps.
2025-08-04 12:21:02,114 - INFO - Args: Namespace(num_seeds=1, num_measurements=1, input_e1=True, sequence_length=3, teacher_ranks=[1], student_dims=[10, 11, 12, 13, 14, 15, 16, 17, 18, 19, 20, 21, 22, 23, 24, 25, 26, 27, 28, 29, 30, 31, 32, 33, 34], calc_loss_only_on_last_output=True, eps_train=1e-12, gnc=False, gnc_num_samples=100000000, gnc_batch_size=1000000, gd=True, gd_lr=0.001, gd_epochs=1000000, gd_init_scale=0.01, gd_optimizer='adam', config=None, results_dir=PosixPath('results'), figures_dir=PosixPath('figures'), log_dir=PosixPath('logs'))
2025-08-04 12:21:02,123 - INFO - Starting teacher_rank=1
2025-08-04 12:21:02,123 - INFO - Starting student_dim=10
2025-08-04 12:21:02,123 - INFO - Starting seed=0
2025-08-04 12:21:02,129 - INFO - A_teacher is 0.7472137808799744
2025-08-04 12:21:02,152 - INFO - Starting GD
2025-08-04 12:21:02,688 - INFO - initial model: max A_j index: 0
2025-08-04 12:21:02,689 - INFO - initial model: A values are [0.01540996041148901, -0.0029342889320105314, -0.021787893027067184, 0.005684312433004379, -0.010845223441720009, -0.013985954225063324, 0.004033468198031187, 0.008380263112485409, -0.007192575838416815, -0.004033435136079788]
2025-08-04 13:00:18,523 - INFO - final model: max A_j index: 0
2025-08-04 13:00:18,523 - INFO - final model: A values are [0.23649898171424866, -0.23605474829673767, -0.23732063174247742, 0.23608121275901794, -0.23620127141475677, -0.23638223111629486, 0.23606634140014648, 0.2361227571964264, -0.23610001802444458, -0.23606634140014648]
2025-08-04 13:00:18,529 - INFO - final model: average A value: -0.04733559489250183
2025-08-04 13:00:18,534 - INFO - final model: variance of A values: 0.059546876698732376
2025-08-04 13:00:18,534 - INFO - train loss is 0.0
2025-08-04 13:00:18,534 - INFO - impulse response loss is 1.489790439605713
2025-08-04 13:00:18,539 - INFO - Finished GD, time elapsed=2356.3877210617065s
2025-08-04 13:00:18,540 - INFO - Finished seed=0
2025-08-04 13:00:18,540 - INFO - ----------------------------------------------------------------------------------------------------------------------------------------------
2025-08-04 13:00:18,540 - INFO - ----------------------------------------------------------------------------------------------------------------------------------------------
2025-08-04 13:00:18,540 - INFO - Finished student_dim=10
2025-08-04 13:00:18,540 - INFO - GD avg gen_loss = 1.489790439605713
2025-08-04 13:00:18,540 - INFO - ----------------------------------------------------------------------------------------------------------------------------------------------
2025-08-04 13:00:18,540 - INFO - Starting student_dim=11
2025-08-04 13:00:18,540 - INFO - Starting seed=0
2025-08-04 13:00:18,541 - INFO - A_teacher is 0.4403364658355713
2025-08-04 13:00:18,543 - INFO - Starting GD
2025-08-04 13:00:18,552 - INFO - initial model: max A_j index: 0
2025-08-04 13:00:18,552 - INFO - initial model: A values are [0.01540996041148901, -0.0029342889320105314, -0.021787893027067184, 0.005684312433004379, -0.010845223441720009, -0.013985954225063324, 0.004033468198031187, 0.008380263112485409, -0.007192575838416815, -0.004033435136079788, -0.005966353230178356]
2025-08-04 13:24:36,106 - INFO - final model: max A_j index: 0
2025-08-04 13:24:36,106 - INFO - final model: A values are [0.1347140073776245, -0.13085860013961792, -0.13751640915870667, 0.13159538805484772, -0.13309092819690704, -0.13417328894138336, 0.13115715980529785, 0.13234002888202667, -0.13200433552265167, -0.13115715980529785, -0.13167065382003784]
2025-08-04 13:24:36,111 - INFO - final model: average A value: -0.036424070596694946
2025-08-04 13:24:36,115 - INFO - final model: variance of A values: 0.01793023571372032
2025-08-04 13:24:36,115 - INFO - train loss is 0.0
2025-08-04 13:24:36,115 - INFO - impulse response loss is 0.7072831392288208
2025-08-04 13:24:36,121 - INFO - Finished GD, time elapsed=1457.5771489143372s
2025-08-04 13:24:36,121 - INFO - Finished seed=0
2025-08-04 13:24:36,121 - INFO - ----------------------------------------------------------------------------------------------------------------------------------------------
2025-08-04 13:24:36,121 - INFO - ----------------------------------------------------------------------------------------------------------------------------------------------
2025-08-04 13:24:36,121 - INFO - Finished student_dim=11
2025-08-04 13:24:36,121 - INFO - GD avg gen_loss = 0.7072831392288208
2025-08-04 13:24:36,121 - INFO - ----------------------------------------------------------------------------------------------------------------------------------------------
2025-08-04 13:24:36,121 - INFO - Starting student_dim=12
2025-08-04 13:24:36,121 - INFO - Starting seed=0
2025-08-04 13:24:36,122 - INFO - A_teacher is 0.5182036757469177
2025-08-04 13:24:36,125 - INFO - Starting GD
2025-08-04 13:24:36,128 - INFO - initial model: max A_j index: 0
2025-08-04 13:24:36,128 - INFO - initial model: A values are [0.01540996041148901, -0.0029342889320105314, -0.021787893027067184, 0.005684312433004379, -0.010845223441720009, -0.013985954225063324, 0.004033468198031187, 0.008380263112485409, -0.007192575838416815, -0.004033435136079788, -0.005966353230178356, 0.0018203648505732417]
2025-08-04 13:48:22,971 - INFO - final model: max A_j index: 0
2025-08-04 13:48:22,971 - INFO - final model: A values are [0.15129950642585754, -0.14821894466876984, -0.15367862582206726, 0.1487908810377121, -0.1499713659286499, -0.1508522629737854, 0.14845076203346252, 0.1493735909461975, -0.14910978078842163, -0.14845074713230133, -0.14884939789772034, 0.14796417951583862]
2025-08-04 13:48:22,976 - INFO - final model: average A value: -0.025271015241742134
2025-08-04 13:48:22,980 - INFO - final model: variance of A values: 0.02371559664607048
2025-08-04 13:48:22,980 - INFO - train loss is 0.0
2025-08-04 13:48:22,980 - INFO - impulse response loss is 0.6747896671295166
2025-08-04 13:48:22,986 - INFO - Finished GD, time elapsed=1426.8608210086823s
2025-08-04 13:48:22,986 - INFO - Finished seed=0
2025-08-04 13:48:22,986 - INFO - ----------------------------------------------------------------------------------------------------------------------------------------------
2025-08-04 13:48:22,986 - INFO - ----------------------------------------------------------------------------------------------------------------------------------------------
2025-08-04 13:48:22,986 - INFO - Finished student_dim=12
2025-08-04 13:48:22,986 - INFO - GD avg gen_loss = 0.6747896671295166
2025-08-04 13:48:22,986 - INFO - ----------------------------------------------------------------------------------------------------------------------------------------------
2025-08-04 13:48:22,986 - INFO - Starting student_dim=13
2025-08-04 13:48:22,986 - INFO - Starting seed=0
2025-08-04 13:48:22,987 - INFO - A_teacher is 0.4143325388431549
2025-08-04 13:48:22,990 - INFO - Starting GD
2025-08-04 13:48:22,994 - INFO - initial model: max A_j index: 0
2025-08-04 13:48:22,994 - INFO - initial model: A values are [0.01540996041148901, -0.0029342889320105314, -0.021787893027067184, 0.005684312433004379, -0.010845223441720009, -0.013985954225063324, 0.004033468198031187, 0.008380263112485409, -0.007192575838416815, -0.004033435136079788, -0.005966353230178356, 0.0018203648505732417, -0.008566745556890965]
2025-08-04 14:30:32,707 - INFO - final model: max A_j index: 0
2025-08-04 14:30:32,708 - INFO - final model: A values are [0.11761149764060974, -0.11274749785661697, -0.12092999368906021, 0.11370562016963959, -0.11561479419469833, -0.11695407330989838, 0.11313602328300476, 0.11466491967439651, -0.11423429846763611, -0.11313601583242416, -0.11380340903997421, 0.11232447624206543, -0.11473394185304642]
2025-08-04 14:30:32,713 - INFO - final model: average A value: -0.02697780542075634
2025-08-04 14:30:32,716 - INFO - final model: variance of A values: 0.013517502695322037
2025-08-04 14:30:32,716 - INFO - train loss is 0.0
2025-08-04 14:30:32,716 - INFO - impulse response loss is 0.585292398929596
2025-08-04 14:30:32,723 - INFO - Finished GD, time elapsed=2529.732605934143s
2025-08-04 14:30:32,723 - INFO - Finished seed=0
2025-08-04 14:30:32,723 - INFO - ----------------------------------------------------------------------------------------------------------------------------------------------
2025-08-04 14:30:32,723 - INFO - ----------------------------------------------------------------------------------------------------------------------------------------------
2025-08-04 14:30:32,723 - INFO - Finished student_dim=13
2025-08-04 14:30:32,723 - INFO - GD avg gen_loss = 0.585292398929596
2025-08-04 14:30:32,723 - INFO - ----------------------------------------------------------------------------------------------------------------------------------------------
2025-08-04 14:30:32,723 - INFO - Starting student_dim=14
2025-08-04 14:30:32,724 - INFO - Starting seed=0
2025-08-04 14:30:32,724 - INFO - A_teacher is 0.6100603938102722
2025-08-04 14:30:32,728 - INFO - Starting GD
2025-08-04 14:30:32,731 - INFO - initial model: max A_j index: 0
2025-08-04 14:30:32,731 - INFO - initial model: A values are [0.01540996041148901, -0.0029342889320105314, -0.021787893027067184, 0.005684312433004379, -0.010845223441720009, -0.013985954225063324, 0.004033468198031187, 0.008380263112485409, -0.007192575838416815, -0.004033435136079788, -0.005966353230178356, 0.0018203648505732417, -0.008566745556890965, 0.011006041429936886]
2025-08-04 15:13:16,130 - INFO - final model: max A_j index: 0
2025-08-04 15:13:16,131 - INFO - final model: A values are [0.16443687677383423, -0.1619093269109726, -0.16650661826133728, 0.16236421465873718, -0.16332069039344788, -0.1640567183494568, 0.1620939075946808, 0.16283190250396729, -0.16261926293373108, -0.1620938777923584, -0.16241095960140228, 0.16170595586299896, -0.16286659240722656, 0.16335523128509521]
2025-08-04 15:13:16,183 - INFO - final model: average A value: -0.023499712347984314
2025-08-04 15:13:16,235 - INFO - final model: variance of A values: 0.0280340276658535
2025-08-04 15:13:16,235 - INFO - train loss is 0.0
2025-08-04 15:13:16,235 - INFO - impulse response loss is 0.8818267583847046
2025-08-04 15:13:16,241 - INFO - Finished GD, time elapsed=2563.5130150318146s
2025-08-04 15:13:16,241 - INFO - Finished seed=0
2025-08-04 15:13:16,241 - INFO - ----------------------------------------------------------------------------------------------------------------------------------------------
2025-08-04 15:13:16,241 - INFO - ----------------------------------------------------------------------------------------------------------------------------------------------
2025-08-04 15:13:16,241 - INFO - Finished student_dim=14
2025-08-04 15:13:16,241 - INFO - GD avg gen_loss = 0.8818267583847046
2025-08-04 15:13:16,241 - INFO - ----------------------------------------------------------------------------------------------------------------------------------------------
2025-08-04 15:13:16,241 - INFO - Starting student_dim=15
2025-08-04 15:13:16,241 - INFO - Starting seed=0
2025-08-04 15:13:16,242 - INFO - A_teacher is 0.39288127422332764
2025-08-04 15:13:16,245 - INFO - Starting GD
2025-08-04 15:13:16,248 - INFO - initial model: max A_j index: 0
2025-08-04 15:13:16,249 - INFO - initial model: A values are [0.01540996041148901, -0.0029342889320105314, -0.021787893027067184, 0.005684312433004379, -0.010845223441720009, -0.013985954225063324, 0.004033468198031187, 0.008380263112485409, -0.007192575838416815, -0.004033435136079788, -0.005966353230178356, 0.0018203648505732417, -0.008566745556890965, 0.011006041429936886, -0.01071187388151884]
2025-08-04 15:57:45,517 - INFO - final model: max A_j index: 0
2025-08-04 15:57:45,517 - INFO - final model: A values are [0.1044958233833313, -0.0987551137804985, -0.10824370384216309, 0.09990938752889633, -0.10217949002981186, -0.10373915731906891, 0.09922344237565994, 0.10105666518211365, -0.10054318606853485, -0.09922344982624054, -0.10002677142620087, 0.09824594110250473, -0.10113882273435593, 0.10225573927164078, -0.10211662948131561]
2025-08-04 15:57:45,567 - INFO - final model: average A value: -0.02071862295269966
2025-08-04 15:57:45,618 - INFO - final model: variance of A values: 0.010565482079982758
2025-08-04 15:57:45,618 - INFO - train loss is 0.0
2025-08-04 15:57:45,618 - INFO - impulse response loss is 0.4951382875442505
2025-08-04 15:57:45,623 - INFO - Finished GD, time elapsed=2669.3771708011627s
2025-08-04 15:57:45,623 - INFO - Finished seed=0
2025-08-04 15:57:45,623 - INFO - ----------------------------------------------------------------------------------------------------------------------------------------------
2025-08-04 15:57:45,623 - INFO - ----------------------------------------------------------------------------------------------------------------------------------------------
2025-08-04 15:57:45,623 - INFO - Finished student_dim=15
2025-08-04 15:57:45,623 - INFO - GD avg gen_loss = 0.4951382875442505
2025-08-04 15:57:45,623 - INFO - ----------------------------------------------------------------------------------------------------------------------------------------------
2025-08-04 15:57:45,623 - INFO - Starting student_dim=16
2025-08-04 15:57:45,623 - INFO - Starting seed=0
2025-08-04 15:57:45,624 - INFO - A_teacher is 0.5122701525688171
2025-08-04 15:57:45,627 - INFO - Starting GD
2025-08-04 15:57:45,630 - INFO - initial model: max A_j index: 13
2025-08-04 15:57:45,630 - INFO - initial model: A values are [-0.011258398182690144, -0.011523601599037647, -0.002505785785615444, -0.0043387883342802525, 0.008487103506922722, 0.006920091807842255, -0.0031601276714354753, -0.02115219458937645, 0.003222749102860689, -0.01263334695249796, 0.003499831771478057, 0.003081338945776224, 0.0011984150623902678, 0.012376578524708748, 0.011167771182954311, -0.0024727764539420605]
2025-08-04 17:16:05,861 - INFO - final model: max A_j index: 13
2025-08-04 17:16:05,862 - INFO - final model: A values are [-0.12915830314159393, -0.12925158441066742, -0.12647074460983276, -0.12701523303985596, 0.12824198603630066, 0.12776468694210052, -0.12667037546634674, -0.1333610713481903, 0.12668907642364502, -0.12965330481529236, 0.12677113711833954, 0.12664681673049927, 0.126027449965477, 0.129558727145195, 0.12912672758102417, -0.12646043300628662]
2025-08-04 17:16:05,912 - INFO - final model: average A value: -0.0004509035497903824
2025-08-04 17:16:05,965 - INFO - final model: variance of A values: 0.017494497820734978
2025-08-04 17:16:05,965 - INFO - train loss is 0.0
2025-08-04 17:16:05,965 - INFO - impulse response loss is 0.2698643207550049
2025-08-04 17:16:05,972 - INFO - Finished GD, time elapsed=4700.344922780991s
2025-08-04 17:16:05,972 - INFO - Finished seed=0
2025-08-04 17:16:05,972 - INFO - ----------------------------------------------------------------------------------------------------------------------------------------------
2025-08-04 17:16:05,972 - INFO - ----------------------------------------------------------------------------------------------------------------------------------------------
2025-08-04 17:16:05,972 - INFO - Finished student_dim=16
2025-08-04 17:16:05,972 - INFO - GD avg gen_loss = 0.2698643207550049
2025-08-04 17:16:05,972 - INFO - ----------------------------------------------------------------------------------------------------------------------------------------------
2025-08-04 17:16:05,972 - INFO - Starting student_dim=17
2025-08-04 17:16:05,972 - INFO - Starting seed=0
2025-08-04 17:16:05,973 - INFO - A_teacher is 0.4280742406845093
2025-08-04 17:16:05,977 - INFO - Starting GD
2025-08-04 17:16:05,980 - INFO - initial model: max A_j index: 7
2025-08-04 17:16:05,980 - INFO - initial model: A values are [-0.011258398182690144, -0.016959313303232193, 0.005666505079716444, 0.007935083471238613, 0.005988394375890493, -0.015550950542092323, -0.0034136029426008463, 0.018530061468482018, 0.0046809641644358635, -0.005854971241205931, -0.0017339701298624277, 0.0018347791628912091, 0.013893661089241505, 0.015863342210650444, 0.009462983347475529, -0.008436768315732479, 0.009318266063928604]
2025-08-04 17:40:54,287 - INFO - final model: max A_j index: 7
2025-08-04 17:40:54,288 - INFO - final model: A values are [-0.1045670434832573, -0.10746949911117554, 0.10216958075761795, 0.10309872776269913, 0.10229916870594025, -0.10670634359121323, -0.1012614294886589, 0.10835493355989456, 0.10177453607320786, -0.10224532335996628, -0.10052930563688278, 0.1005767434835434, 0.1058468297123909, 0.10687308758497238, 0.10375501960515976, -0.10331093519926071, 0.10369157046079636]
2025-08-04 17:40:54,339 - INFO - final model: average A value: 0.018373548984527588
2025-08-04 17:40:54,391 - INFO - final model: variance of A values: 0.011094285175204277
2025-08-04 17:40:54,391 - INFO - train loss is 0.0
2025-08-04 17:40:54,391 - INFO - impulse response loss is 0.01339202281087637
2025-08-04 17:40:54,398 - INFO - Finished GD, time elapsed=1488.421040058136s
2025-08-04 17:40:54,398 - INFO - Finished seed=0
2025-08-04 17:40:54,398 - INFO - ----------------------------------------------------------------------------------------------------------------------------------------------
2025-08-04 17:40:54,398 - INFO - ----------------------------------------------------------------------------------------------------------------------------------------------
2025-08-04 17:40:54,398 - INFO - Finished student_dim=17
2025-08-04 17:40:54,398 - INFO - GD avg gen_loss = 0.01339202281087637
2025-08-04 17:40:54,398 - INFO - ----------------------------------------------------------------------------------------------------------------------------------------------
2025-08-04 17:40:54,398 - INFO - Starting student_dim=18
2025-08-04 17:40:54,398 - INFO - Starting seed=0
2025-08-04 17:40:54,399 - INFO - A_teacher is 0.5415359735488892
2025-08-04 17:40:54,404 - INFO - Starting GD
2025-08-04 17:40:54,408 - INFO - initial model: max A_j index: 7
2025-08-04 17:40:54,408 - INFO - initial model: A values are [-0.011258398182690144, -0.011523601599037647, 0.005666505079716444, 0.007935083471238613, 0.005988394375890493, -0.015550950542092323, -0.0034136029426008463, 0.018530061468482018, 0.0046809641644358635, -0.0015771244652569294, -0.0017339701298624277, 0.0018347791628912091, 0.013893661089241505, 0.015863342210650444, 0.009462983347475529, -0.008436768315732479, 0.009318266063928604, 0.012590091675519943]
