2025-08-05 21:43:25,660 - INFO - Using device mps.
2025-08-05 21:43:25,660 - INFO - Args: Namespace(num_seeds=1, num_measurements=1, input_e1=False, sequence_length=5, teacher_ranks=[1], student_dims=[10, 11, 12, 13, 14, 15, 16, 17, 18, 19, 20, 21, 22, 23, 24, 25, 26, 27, 28, 29, 30, 31, 32, 33, 34], calc_loss_only_on_last_output=True, eps_train=5e-16, gnc=True, gnc_num_samples=1000000000, gnc_batch_size=10000000, gd=False, gd_lr=0.001, gd_epochs=1000000, gd_init_scale=0.01, gd_optimizer='adam', config=None, results_dir=PosixPath('results'), figures_dir=PosixPath('figures'), log_dir=PosixPath('logs'))
2025-08-05 21:43:25,684 - INFO - Starting teacher_rank=1
2025-08-05 21:43:25,684 - INFO - Starting student_dim=10
2025-08-05 21:43:25,684 - INFO - Starting seed=0
2025-08-05 21:43:25,713 - INFO - A_teacher is 0.6540995836257935
2025-08-05 21:43:25,747 - INFO - dataset is tensor([[[-0.2934],
         [-2.1788],
         [ 0.5684],
         [-1.0845],
         [-1.3986]]])
2025-08-05 21:43:25,759 - INFO - Starting G&C
2025-08-05 21:45:46,524 - INFO - Finished G&C, time elapsed=140.76207208633423s
2025-08-05 21:45:46,527 - INFO - Finished seed=0
2025-08-05 21:45:46,530 - INFO - ----------------------------------------------------------------------------------------------------------------------------------------------
2025-08-05 21:45:46,530 - INFO - ----------------------------------------------------------------------------------------------------------------------------------------------
2025-08-05 21:45:46,530 - INFO - Finished student_dim=10
2025-08-05 21:45:46,536 - INFO - G&C avg gen_loss = 0.6616324620735314
2025-08-05 21:45:46,536 - INFO - ----------------------------------------------------------------------------------------------------------------------------------------------
2025-08-05 21:45:46,537 - INFO - Starting student_dim=11
2025-08-05 21:45:46,539 - INFO - Starting seed=0
2025-08-05 21:45:46,550 - INFO - A_teacher is 0.6540995836257935
2025-08-05 21:45:46,578 - INFO - dataset is tensor([[[-0.2934],
         [-2.1788],
         [ 0.5684],
         [-1.0845],
         [-1.3986]]])
2025-08-05 21:45:46,581 - INFO - Starting G&C
2025-08-05 21:48:15,593 - INFO - Finished G&C, time elapsed=149.01057887077332s
2025-08-05 21:48:15,594 - INFO - Finished seed=0
2025-08-05 21:48:15,596 - INFO - ----------------------------------------------------------------------------------------------------------------------------------------------
2025-08-05 21:48:15,596 - INFO - ----------------------------------------------------------------------------------------------------------------------------------------------
2025-08-05 21:48:15,596 - INFO - Finished student_dim=11
2025-08-05 21:48:15,599 - INFO - G&C avg gen_loss = 0.6214591831263929
2025-08-05 21:48:15,599 - INFO - ----------------------------------------------------------------------------------------------------------------------------------------------
2025-08-05 21:48:15,599 - INFO - Starting student_dim=12
2025-08-05 21:48:15,601 - INFO - Starting seed=0
2025-08-05 21:48:15,610 - INFO - A_teacher is 0.6540995836257935
2025-08-05 21:48:15,623 - INFO - dataset is tensor([[[-0.2934],
         [-2.1788],
         [ 0.5684],
         [-1.0845],
         [-1.3986]]])
2025-08-05 21:48:15,627 - INFO - Starting G&C
2025-08-05 21:50:46,633 - INFO - Finished G&C, time elapsed=151.00387978553772s
2025-08-05 21:50:46,637 - INFO - Finished seed=0
2025-08-05 21:50:46,640 - INFO - ----------------------------------------------------------------------------------------------------------------------------------------------
2025-08-05 21:50:46,640 - INFO - ----------------------------------------------------------------------------------------------------------------------------------------------
2025-08-05 21:50:46,640 - INFO - Finished student_dim=12
2025-08-05 21:50:46,642 - INFO - G&C avg gen_loss = 0.6143216363667885
2025-08-05 21:50:46,642 - INFO - ----------------------------------------------------------------------------------------------------------------------------------------------
2025-08-05 21:50:46,642 - INFO - Starting student_dim=13
2025-08-05 21:50:46,644 - INFO - Starting seed=0
2025-08-05 21:50:46,655 - INFO - A_teacher is 0.6540995836257935
2025-08-05 21:50:46,677 - INFO - dataset is tensor([[[-0.2934],
         [-2.1788],
         [ 0.5684],
         [-1.0845],
         [-1.3986]]])
2025-08-05 21:50:46,681 - INFO - Starting G&C
2025-08-05 21:53:17,479 - INFO - Finished G&C, time elapsed=150.7968020439148s
2025-08-05 21:53:17,482 - INFO - Finished seed=0
2025-08-05 21:53:17,489 - INFO - ----------------------------------------------------------------------------------------------------------------------------------------------
2025-08-05 21:53:17,489 - INFO - ----------------------------------------------------------------------------------------------------------------------------------------------
2025-08-05 21:53:17,489 - INFO - Finished student_dim=13
2025-08-05 21:53:17,492 - INFO - G&C avg gen_loss = 0.6074046976864338
2025-08-05 21:53:17,492 - INFO - ----------------------------------------------------------------------------------------------------------------------------------------------
2025-08-05 21:53:17,492 - INFO - Starting student_dim=14
2025-08-05 21:53:17,493 - INFO - Starting seed=0
2025-08-05 21:53:17,504 - INFO - A_teacher is 0.6540995836257935
2025-08-05 21:53:17,522 - INFO - dataset is tensor([[[-0.2934],
         [-2.1788],
         [ 0.5684],
         [-1.0845],
         [-1.3986]]])
2025-08-05 21:53:17,527 - INFO - Starting G&C
2025-08-05 21:55:47,889 - INFO - Finished G&C, time elapsed=150.3609700202942s
2025-08-05 21:55:47,891 - INFO - Finished seed=0
2025-08-05 21:55:47,894 - INFO - ----------------------------------------------------------------------------------------------------------------------------------------------
2025-08-05 21:55:47,894 - INFO - ----------------------------------------------------------------------------------------------------------------------------------------------
2025-08-05 21:55:47,894 - INFO - Finished student_dim=14
2025-08-05 21:55:47,897 - INFO - G&C avg gen_loss = 0.6350874971461336
2025-08-05 21:55:47,897 - INFO - ----------------------------------------------------------------------------------------------------------------------------------------------
2025-08-05 21:55:47,897 - INFO - Starting student_dim=15
2025-08-05 21:55:47,899 - INFO - Starting seed=0
2025-08-05 21:55:47,907 - INFO - A_teacher is 0.6540995836257935
2025-08-05 21:55:47,929 - INFO - dataset is tensor([[[-0.2934],
         [-2.1788],
         [ 0.5684],
         [-1.0845],
         [-1.3986]]])
2025-08-05 21:55:47,932 - INFO - Starting G&C
2025-08-05 21:58:47,531 - INFO - Finished G&C, time elapsed=179.595632314682s
2025-08-05 21:58:47,534 - INFO - Finished seed=0
2025-08-05 21:58:47,538 - INFO - ----------------------------------------------------------------------------------------------------------------------------------------------
2025-08-05 21:58:47,538 - INFO - ----------------------------------------------------------------------------------------------------------------------------------------------
2025-08-05 21:58:47,538 - INFO - Finished student_dim=15
2025-08-05 21:58:47,544 - INFO - G&C avg gen_loss = 0.6495744717893777
2025-08-05 21:58:47,546 - INFO - ----------------------------------------------------------------------------------------------------------------------------------------------
2025-08-05 21:58:47,546 - INFO - Starting student_dim=16
2025-08-05 21:58:47,550 - INFO - Starting seed=0
2025-08-05 21:58:47,564 - INFO - A_teacher is 0.6540995836257935
2025-08-05 21:58:47,615 - INFO - dataset is tensor([[[-0.2934],
         [-2.1788],
         [ 0.5684],
         [-1.0845],
         [-1.3986]]])
2025-08-05 21:58:47,619 - INFO - Starting G&C
2025-08-05 22:01:40,129 - INFO - Finished G&C, time elapsed=172.50862288475037s
2025-08-05 22:01:40,131 - INFO - Finished seed=0
2025-08-05 22:01:40,133 - INFO - ----------------------------------------------------------------------------------------------------------------------------------------------
2025-08-05 22:01:40,133 - INFO - ----------------------------------------------------------------------------------------------------------------------------------------------
2025-08-05 22:01:40,133 - INFO - Finished student_dim=16
2025-08-05 22:01:40,136 - INFO - G&C avg gen_loss = 0.6371733046909596
2025-08-05 22:01:40,136 - INFO - ----------------------------------------------------------------------------------------------------------------------------------------------
2025-08-05 22:01:40,137 - INFO - Starting student_dim=17
2025-08-05 22:01:40,138 - INFO - Starting seed=0
2025-08-05 22:01:40,148 - INFO - A_teacher is 0.6540995836257935
2025-08-05 22:01:40,166 - INFO - dataset is tensor([[[-0.2934],
         [-2.1788],
         [ 0.5684],
         [-1.0845],
         [-1.3986]]])
2025-08-05 22:01:40,170 - INFO - Starting G&C
2025-08-05 22:04:35,808 - INFO - Finished G&C, time elapsed=175.63664507865906s
2025-08-05 22:04:35,810 - INFO - Finished seed=0
2025-08-05 22:04:35,813 - INFO - ----------------------------------------------------------------------------------------------------------------------------------------------
2025-08-05 22:04:35,813 - INFO - ----------------------------------------------------------------------------------------------------------------------------------------------
2025-08-05 22:04:35,813 - INFO - Finished student_dim=17
2025-08-05 22:04:35,816 - INFO - G&C avg gen_loss = 0.6885496870971021
2025-08-05 22:04:35,816 - INFO - ----------------------------------------------------------------------------------------------------------------------------------------------
2025-08-05 22:04:35,816 - INFO - Starting student_dim=18
2025-08-05 22:04:35,817 - INFO - Starting seed=0
2025-08-05 22:04:35,830 - INFO - A_teacher is 0.6540995836257935
2025-08-05 22:04:35,875 - INFO - dataset is tensor([[[-0.2934],
         [-2.1788],
         [ 0.5684],
         [-1.0845],
         [-1.3986]]])
2025-08-05 22:04:35,879 - INFO - Starting G&C
2025-08-05 22:07:40,710 - INFO - Finished G&C, time elapsed=184.82452988624573s
2025-08-05 22:07:40,715 - INFO - Finished seed=0
2025-08-05 22:07:40,719 - INFO - ----------------------------------------------------------------------------------------------------------------------------------------------
2025-08-05 22:07:40,719 - INFO - ----------------------------------------------------------------------------------------------------------------------------------------------
2025-08-05 22:07:40,719 - INFO - Finished student_dim=18
2025-08-05 22:07:40,725 - INFO - G&C avg gen_loss = 0.6910130651491992
2025-08-05 22:07:40,726 - INFO - ----------------------------------------------------------------------------------------------------------------------------------------------
2025-08-05 22:07:40,726 - INFO - Starting student_dim=19
2025-08-05 22:07:40,729 - INFO - Starting seed=0
2025-08-05 22:07:40,744 - INFO - A_teacher is 0.6540995836257935
2025-08-05 22:07:40,794 - INFO - dataset is tensor([[[-0.2934],
         [-2.1788],
         [ 0.5684],
         [-1.0845],
         [-1.3986]]])
2025-08-05 22:07:40,799 - INFO - Starting G&C
2025-08-05 22:10:53,110 - INFO - Finished G&C, time elapsed=192.30727076530457s
2025-08-05 22:10:53,114 - INFO - Finished seed=0
2025-08-05 22:10:53,121 - INFO - ----------------------------------------------------------------------------------------------------------------------------------------------
2025-08-05 22:10:53,121 - INFO - ----------------------------------------------------------------------------------------------------------------------------------------------
2025-08-05 22:10:53,121 - INFO - Finished student_dim=19
2025-08-05 22:10:53,131 - INFO - G&C avg gen_loss = 0.7155141575332684
2025-08-05 22:10:53,131 - INFO - ----------------------------------------------------------------------------------------------------------------------------------------------
2025-08-05 22:10:53,132 - INFO - Starting student_dim=20
2025-08-05 22:10:53,135 - INFO - Starting seed=0
2025-08-05 22:10:53,153 - INFO - A_teacher is 0.6540995836257935
2025-08-05 22:10:53,223 - INFO - dataset is tensor([[[-0.2934],
         [-2.1788],
         [ 0.5684],
         [-1.0845],
         [-1.3986]]])
2025-08-05 22:10:53,231 - INFO - Starting G&C
2025-08-05 22:13:50,974 - INFO - Finished G&C, time elapsed=177.73953413963318s
2025-08-05 22:13:50,977 - INFO - Finished seed=0
2025-08-05 22:13:50,982 - INFO - ----------------------------------------------------------------------------------------------------------------------------------------------
2025-08-05 22:13:50,982 - INFO - ----------------------------------------------------------------------------------------------------------------------------------------------
2025-08-05 22:13:50,982 - INFO - Finished student_dim=20
2025-08-05 22:13:50,988 - INFO - G&C avg gen_loss = 0.7235882125190787
2025-08-05 22:13:50,989 - INFO - ----------------------------------------------------------------------------------------------------------------------------------------------
2025-08-05 22:13:50,989 - INFO - Starting student_dim=21
2025-08-05 22:13:50,991 - INFO - Starting seed=0
2025-08-05 22:13:51,003 - INFO - A_teacher is 0.6540995836257935
2025-08-05 22:13:51,059 - INFO - dataset is tensor([[[-0.2934],
         [-2.1788],
         [ 0.5684],
         [-1.0845],
         [-1.3986]]])
2025-08-05 22:13:51,065 - INFO - Starting G&C
2025-08-05 22:17:11,601 - INFO - Finished G&C, time elapsed=200.52710819244385s
2025-08-05 22:17:11,606 - INFO - Finished seed=0
2025-08-05 22:17:11,615 - INFO - ----------------------------------------------------------------------------------------------------------------------------------------------
2025-08-05 22:17:11,615 - INFO - ----------------------------------------------------------------------------------------------------------------------------------------------
2025-08-05 22:17:11,615 - INFO - Finished student_dim=21
2025-08-05 22:17:11,624 - INFO - G&C avg gen_loss = 0.6529114619201544
2025-08-05 22:17:11,624 - INFO - ----------------------------------------------------------------------------------------------------------------------------------------------
2025-08-05 22:17:11,624 - INFO - Starting student_dim=22
2025-08-05 22:17:11,631 - INFO - Starting seed=0
2025-08-05 22:17:11,657 - INFO - A_teacher is 0.6540995836257935
2025-08-05 22:17:11,732 - INFO - dataset is tensor([[[-0.2934],
         [-2.1788],
         [ 0.5684],
         [-1.0845],
         [-1.3986]]])
2025-08-05 22:17:11,740 - INFO - Starting G&C
2025-08-05 22:20:52,651 - INFO - Finished G&C, time elapsed=220.90693020820618s
2025-08-05 22:20:52,654 - INFO - Finished seed=0
2025-08-05 22:20:52,659 - INFO - ----------------------------------------------------------------------------------------------------------------------------------------------
2025-08-05 22:20:52,659 - INFO - ----------------------------------------------------------------------------------------------------------------------------------------------
2025-08-05 22:20:52,659 - INFO - Finished student_dim=22
2025-08-05 22:20:52,667 - INFO - G&C avg gen_loss = 0.7686040153411718
2025-08-05 22:20:52,667 - INFO - ----------------------------------------------------------------------------------------------------------------------------------------------
2025-08-05 22:20:52,667 - INFO - Starting student_dim=23
2025-08-05 22:20:52,670 - INFO - Starting seed=0
2025-08-05 22:20:52,685 - INFO - A_teacher is 0.6540995836257935
2025-08-05 22:20:52,738 - INFO - dataset is tensor([[[-0.2934],
         [-2.1788],
         [ 0.5684],
         [-1.0845],
         [-1.3986]]])
2025-08-05 22:20:52,743 - INFO - Starting G&C
2025-08-05 22:24:44,536 - INFO - Finished G&C, time elapsed=231.78883814811707s
2025-08-05 22:24:44,539 - INFO - Finished seed=0
2025-08-05 22:24:44,545 - INFO - ----------------------------------------------------------------------------------------------------------------------------------------------
2025-08-05 22:24:44,545 - INFO - ----------------------------------------------------------------------------------------------------------------------------------------------
2025-08-05 22:24:44,545 - INFO - Finished student_dim=23
2025-08-05 22:24:44,553 - INFO - G&C avg gen_loss = 0.7394618185816308
2025-08-05 22:24:44,553 - INFO - ----------------------------------------------------------------------------------------------------------------------------------------------
2025-08-05 22:24:44,553 - INFO - Starting student_dim=24
2025-08-05 22:24:44,556 - INFO - Starting seed=0
2025-08-05 22:24:44,572 - INFO - A_teacher is 0.6540995836257935
2025-08-05 22:24:44,621 - INFO - dataset is tensor([[[-0.2934],
         [-2.1788],
         [ 0.5684],
         [-1.0845],
         [-1.3986]]])
2025-08-05 22:24:44,626 - INFO - Starting G&C
2025-08-05 22:29:02,574 - INFO - Finished G&C, time elapsed=257.94266176223755s
2025-08-05 22:29:02,578 - INFO - Finished seed=0
2025-08-05 22:29:02,583 - INFO - ----------------------------------------------------------------------------------------------------------------------------------------------
2025-08-05 22:29:02,584 - INFO - ----------------------------------------------------------------------------------------------------------------------------------------------
2025-08-05 22:29:02,584 - INFO - Finished student_dim=24
2025-08-05 22:29:02,591 - INFO - G&C avg gen_loss = 0.7228295374437269
2025-08-05 22:29:02,591 - INFO - ----------------------------------------------------------------------------------------------------------------------------------------------
2025-08-05 22:29:02,591 - INFO - Starting student_dim=25
2025-08-05 22:29:02,594 - INFO - Starting seed=0
2025-08-05 22:29:02,610 - INFO - A_teacher is 0.6540995836257935
2025-08-05 22:29:02,657 - INFO - dataset is tensor([[[-0.2934],
         [-2.1788],
         [ 0.5684],
         [-1.0845],
         [-1.3986]]])
2025-08-05 22:29:02,665 - INFO - Starting G&C
2025-08-05 22:33:37,785 - INFO - Finished G&C, time elapsed=275.11476397514343s
2025-08-05 22:33:37,788 - INFO - Finished seed=0
2025-08-05 22:33:37,793 - INFO - ----------------------------------------------------------------------------------------------------------------------------------------------
2025-08-05 22:33:37,793 - INFO - ----------------------------------------------------------------------------------------------------------------------------------------------
2025-08-05 22:33:37,793 - INFO - Finished student_dim=25
2025-08-05 22:33:37,802 - INFO - G&C avg gen_loss = 0.7717366115317006
2025-08-05 22:33:37,802 - INFO - ----------------------------------------------------------------------------------------------------------------------------------------------
2025-08-05 22:33:37,802 - INFO - Starting student_dim=26
2025-08-05 22:33:37,806 - INFO - Starting seed=0
2025-08-05 22:33:37,824 - INFO - A_teacher is 0.6540995836257935
2025-08-05 22:33:37,873 - INFO - dataset is tensor([[[-0.2934],
         [-2.1788],
         [ 0.5684],
         [-1.0845],
         [-1.3986]]])
2025-08-05 22:33:37,879 - INFO - Starting G&C
2025-08-05 22:38:08,677 - INFO - Finished G&C, time elapsed=270.79531502723694s
2025-08-05 22:38:08,680 - INFO - Finished seed=0
2025-08-05 22:38:08,685 - INFO - ----------------------------------------------------------------------------------------------------------------------------------------------
2025-08-05 22:38:08,685 - INFO - ----------------------------------------------------------------------------------------------------------------------------------------------
2025-08-05 22:38:08,685 - INFO - Finished student_dim=26
2025-08-05 22:38:08,691 - INFO - G&C avg gen_loss = 0.7974380795632937
2025-08-05 22:38:08,691 - INFO - ----------------------------------------------------------------------------------------------------------------------------------------------
2025-08-05 22:38:08,691 - INFO - Starting student_dim=27
2025-08-05 22:38:08,693 - INFO - Starting seed=0
2025-08-05 22:38:08,707 - INFO - A_teacher is 0.6540995836257935
2025-08-05 22:38:08,755 - INFO - dataset is tensor([[[-0.2934],
         [-2.1788],
         [ 0.5684],
         [-1.0845],
         [-1.3986]]])
2025-08-05 22:38:08,759 - INFO - Starting G&C
2025-08-05 23:01:52,257 - INFO - Finished G&C, time elapsed=1423.4935371875763s
2025-08-05 23:01:52,261 - INFO - Finished seed=0
2025-08-05 23:01:52,267 - INFO - ----------------------------------------------------------------------------------------------------------------------------------------------
2025-08-05 23:01:52,267 - INFO - ----------------------------------------------------------------------------------------------------------------------------------------------
2025-08-05 23:01:52,267 - INFO - Finished student_dim=27
2025-08-05 23:01:52,273 - INFO - G&C avg gen_loss = 0.7665582843895616
2025-08-05 23:01:52,273 - INFO - ----------------------------------------------------------------------------------------------------------------------------------------------
2025-08-05 23:01:52,274 - INFO - Starting student_dim=28
2025-08-05 23:01:52,276 - INFO - Starting seed=0
2025-08-05 23:01:52,288 - INFO - A_teacher is 0.6540995836257935
2025-08-05 23:01:52,337 - INFO - dataset is tensor([[[-0.2934],
         [-2.1788],
         [ 0.5684],
         [-1.0845],
         [-1.3986]]])
2025-08-05 23:01:52,342 - INFO - Starting G&C
2025-08-05 23:07:09,376 - INFO - Finished G&C, time elapsed=317.0301938056946s
2025-08-05 23:07:09,379 - INFO - Finished seed=0
2025-08-05 23:07:09,384 - INFO - ----------------------------------------------------------------------------------------------------------------------------------------------
2025-08-05 23:07:09,384 - INFO - ----------------------------------------------------------------------------------------------------------------------------------------------
2025-08-05 23:07:09,384 - INFO - Finished student_dim=28
2025-08-05 23:07:09,390 - INFO - G&C avg gen_loss = 0.7904424934160141
2025-08-05 23:07:09,390 - INFO - ----------------------------------------------------------------------------------------------------------------------------------------------
2025-08-05 23:07:09,391 - INFO - Starting student_dim=29
2025-08-05 23:07:09,393 - INFO - Starting seed=0
2025-08-05 23:07:09,406 - INFO - A_teacher is 0.6540995836257935
2025-08-05 23:07:09,457 - INFO - dataset is tensor([[[-0.2934],
         [-2.1788],
         [ 0.5684],
         [-1.0845],
         [-1.3986]]])
2025-08-05 23:07:09,463 - INFO - Starting G&C
2025-08-05 23:16:51,098 - INFO - Finished G&C, time elapsed=581.6295580863953s
2025-08-05 23:16:51,101 - INFO - Finished seed=0
2025-08-05 23:16:51,107 - INFO - ----------------------------------------------------------------------------------------------------------------------------------------------
2025-08-05 23:16:51,107 - INFO - ----------------------------------------------------------------------------------------------------------------------------------------------
2025-08-05 23:16:51,107 - INFO - Finished student_dim=29
2025-08-05 23:16:51,115 - INFO - G&C avg gen_loss = 0.8123525908510936
2025-08-05 23:16:51,115 - INFO - ----------------------------------------------------------------------------------------------------------------------------------------------
2025-08-05 23:16:51,115 - INFO - Starting student_dim=30
2025-08-05 23:16:51,119 - INFO - Starting seed=0
2025-08-05 23:16:51,136 - INFO - A_teacher is 0.6540995836257935
2025-08-05 23:16:51,221 - INFO - dataset is tensor([[[-0.2934],
         [-2.1788],
         [ 0.5684],
         [-1.0845],
         [-1.3986]]])
2025-08-05 23:16:51,226 - INFO - Starting G&C
2025-08-05 23:24:44,676 - INFO - Finished G&C, time elapsed=473.44636487960815s
2025-08-05 23:24:44,679 - INFO - Finished seed=0
2025-08-05 23:24:44,684 - INFO - ----------------------------------------------------------------------------------------------------------------------------------------------
2025-08-05 23:24:44,684 - INFO - ----------------------------------------------------------------------------------------------------------------------------------------------
2025-08-05 23:24:44,684 - INFO - Finished student_dim=30
2025-08-05 23:24:44,691 - INFO - G&C avg gen_loss = 0.8113125730099713
2025-08-05 23:24:44,691 - INFO - ----------------------------------------------------------------------------------------------------------------------------------------------
2025-08-05 23:24:44,692 - INFO - Starting student_dim=31
2025-08-05 23:24:44,695 - INFO - Starting seed=0
2025-08-05 23:24:44,709 - INFO - A_teacher is 0.6540995836257935
2025-08-05 23:24:44,752 - INFO - dataset is tensor([[[-0.2934],
         [-2.1788],
         [ 0.5684],
         [-1.0845],
         [-1.3986]]])
2025-08-05 23:24:44,757 - INFO - Starting G&C
2025-08-05 23:34:44,224 - INFO - Finished G&C, time elapsed=599.4623889923096s
2025-08-05 23:34:44,227 - INFO - Finished seed=0
2025-08-05 23:34:44,232 - INFO - ----------------------------------------------------------------------------------------------------------------------------------------------
2025-08-05 23:34:44,232 - INFO - ----------------------------------------------------------------------------------------------------------------------------------------------
2025-08-05 23:34:44,232 - INFO - Finished student_dim=31
2025-08-05 23:34:44,240 - INFO - G&C avg gen_loss = 0.8181369787374676
2025-08-05 23:34:44,240 - INFO - ----------------------------------------------------------------------------------------------------------------------------------------------
2025-08-05 23:34:44,241 - INFO - Starting student_dim=32
2025-08-05 23:34:44,244 - INFO - Starting seed=0
2025-08-05 23:34:44,260 - INFO - A_teacher is 0.6540995836257935
2025-08-05 23:34:44,313 - INFO - dataset is tensor([[[-0.2934],
         [-2.1788],
         [ 0.5684],
         [-1.0845],
         [-1.3986]]])
2025-08-05 23:34:44,317 - INFO - Starting G&C
2025-08-05 23:46:58,619 - INFO - Finished G&C, time elapsed=734.2969260215759s
2025-08-05 23:46:58,622 - INFO - Finished seed=0
2025-08-05 23:46:58,629 - INFO - ----------------------------------------------------------------------------------------------------------------------------------------------
2025-08-05 23:46:58,629 - INFO - ----------------------------------------------------------------------------------------------------------------------------------------------
2025-08-05 23:46:58,629 - INFO - Finished student_dim=32
2025-08-05 23:46:58,636 - INFO - G&C avg gen_loss = 0.8721001611918396
2025-08-05 23:46:58,636 - INFO - ----------------------------------------------------------------------------------------------------------------------------------------------
2025-08-05 23:46:58,636 - INFO - Starting student_dim=33
2025-08-05 23:46:58,641 - INFO - Starting seed=0
2025-08-05 23:46:58,660 - INFO - A_teacher is 0.6540995836257935
2025-08-05 23:46:58,722 - INFO - dataset is tensor([[[-0.2934],
         [-2.1788],
         [ 0.5684],
         [-1.0845],
         [-1.3986]]])
2025-08-05 23:46:58,728 - INFO - Starting G&C
2025-08-06 00:00:48,533 - INFO - Finished G&C, time elapsed=829.8016581535339s
2025-08-06 00:00:48,537 - INFO - Finished seed=0
2025-08-06 00:00:48,544 - INFO - ----------------------------------------------------------------------------------------------------------------------------------------------
2025-08-06 00:00:48,544 - INFO - ----------------------------------------------------------------------------------------------------------------------------------------------
2025-08-06 00:00:48,544 - INFO - Finished student_dim=33
2025-08-06 00:00:48,549 - INFO - G&C avg gen_loss = 0.8388729283905992
2025-08-06 00:00:48,549 - INFO - ----------------------------------------------------------------------------------------------------------------------------------------------
2025-08-06 00:00:48,549 - INFO - Starting student_dim=34
2025-08-06 00:00:48,552 - INFO - Starting seed=0
2025-08-06 00:00:48,573 - INFO - A_teacher is 0.6540995836257935
2025-08-06 00:00:48,646 - INFO - dataset is tensor([[[-0.2934],
         [-2.1788],
         [ 0.5684],
         [-1.0845],
         [-1.3986]]])
2025-08-06 00:00:48,652 - INFO - Starting G&C
2025-08-06 00:18:53,011 - INFO - Finished G&C, time elapsed=1084.3523168563843s
2025-08-06 00:18:53,015 - INFO - Finished seed=0
2025-08-06 00:18:53,029 - INFO - ----------------------------------------------------------------------------------------------------------------------------------------------
2025-08-06 00:18:53,029 - INFO - ----------------------------------------------------------------------------------------------------------------------------------------------
2025-08-06 00:18:53,029 - INFO - Finished student_dim=34
2025-08-06 00:18:53,038 - INFO - G&C avg gen_loss = 0.8695918942143867
2025-08-06 00:18:53,038 - INFO - ----------------------------------------------------------------------------------------------------------------------------------------------
2025-08-06 00:18:53,955 - INFO - Finished experiments, results saved to results_gnc_seq_len=5_num_measurements=1_input_e1=False_time=20250806-001853.csv, figures saved to plot_gnc_seq_len=5_num_measurements=1_input_e1=False_time=20250806-001853
