2025-07-28 09:29:35,978 - INFO - Using device mps.
2025-07-28 09:29:35,987 - INFO - Starting teacher_rank=1
2025-07-28 09:29:35,987 - INFO - Starting student_dim=3
2025-07-28 09:29:35,988 - INFO - Starting seed=0
2025-07-28 09:29:36,020 - INFO - Starting GD
2025-07-28 09:29:36,539 - INFO - Max A_j index in initial model: 0
2025-07-28 09:29:36,539 - INFO - A values are [0.01540996041148901, -0.0029342889320105314, -0.021787893027067184]
2025-07-28 09:32:04,750 - INFO - Max A_j index in final model: 0
2025-07-28 09:32:04,751 - INFO - A values are [0.0947672426700592, 0.07829774916172028, 0.06137837469577789]
2025-07-28 09:32:04,751 - INFO - Finished GD, time elapsed=148.73060607910156s
2025-07-28 09:32:04,751 - INFO - Finished seed=0
2025-07-28 09:32:04,751 - INFO - Starting seed=1
2025-07-28 09:32:04,752 - INFO - Starting GD
2025-07-28 09:32:04,757 - INFO - Max A_j index in initial model: 0
2025-07-28 09:32:04,758 - INFO - A values are [0.006613521371036768, 0.0026692410465329885, 0.0006167725659906864]
2025-07-28 09:34:33,314 - INFO - Max A_j index in final model: 0
2025-07-28 09:34:33,314 - INFO - A values are [0.23055845499038696, 0.22525785863399506, 0.22250020503997803]
2025-07-28 09:34:33,314 - INFO - Finished GD, time elapsed=148.56243991851807s
2025-07-28 09:34:33,314 - INFO - Finished seed=1
2025-07-28 09:34:33,314 - INFO - Starting seed=2
2025-07-28 09:34:33,315 - INFO - Starting GD
2025-07-28 09:34:33,316 - INFO - Max A_j index in initial model: 0
2025-07-28 09:34:33,316 - INFO - A values are [0.0039229681715369225, -0.0022356400731951, -0.0031950026750564575]
2025-07-28 09:37:03,363 - INFO - Max A_j index in final model: 0
2025-07-28 09:37:03,364 - INFO - A values are [0.283065527677536, 0.2677329480648041, 0.26535072922706604]
2025-07-28 09:37:03,364 - INFO - Finished GD, time elapsed=150.04855394363403s
2025-07-28 09:37:03,364 - INFO - Finished seed=2
2025-07-28 09:37:03,364 - INFO - Starting seed=3
2025-07-28 09:37:03,365 - INFO - Starting GD
2025-07-28 09:37:03,366 - INFO - Max A_j index in initial model: 0
2025-07-28 09:37:03,366 - INFO - A values are [0.008032760582864285, 0.0017483338015154004, 0.0008897809311747551]
2025-07-28 09:39:33,720 - INFO - Max A_j index in final model: 0
2025-07-28 09:39:33,720 - INFO - A values are [0.05548964440822601, 0.050215933471918106, 0.04949546232819557]
2025-07-28 09:39:33,720 - INFO - Finished GD, time elapsed=150.35533809661865s
2025-07-28 09:39:33,720 - INFO - Finished seed=3
2025-07-28 09:39:33,720 - INFO - Starting seed=4
2025-07-28 09:39:33,721 - INFO - Starting GD
2025-07-28 09:39:33,722 - INFO - Max A_j index in initial model: 2
2025-07-28 09:39:33,722 - INFO - A values are [-0.016052763909101486, 0.002324857050552964, 0.022398700937628746]
2025-07-28 09:45:40,500 - INFO - Max A_j index in final model: 2
2025-07-28 09:45:40,500 - INFO - A values are [0.12599201500415802, 0.14419366419315338, 0.1640748530626297]
2025-07-28 09:45:40,501 - INFO - Finished GD, time elapsed=366.77956914901733s
2025-07-28 09:45:40,501 - INFO - Finished seed=4
2025-07-28 09:45:40,501 - INFO - Starting seed=5
2025-07-28 09:45:40,502 - INFO - Starting GD
2025-07-28 09:45:40,503 - INFO - Max A_j index in initial model: 0
2025-07-28 09:45:40,503 - INFO - A values are [-0.004867807496339083, -0.006038215477019548, -0.005580962169915438]
2025-07-28 09:48:09,216 - INFO - Max A_j index in final model: 0
2025-07-28 09:48:09,216 - INFO - A values are [-0.10878624767065048, -0.11066365242004395, -0.10993001610040665]
2025-07-28 09:48:09,217 - INFO - Finished GD, time elapsed=148.7148997783661s
2025-07-28 09:48:09,217 - INFO - Finished seed=5
2025-07-28 09:48:09,217 - INFO - Starting seed=6
2025-07-28 09:48:09,218 - INFO - Starting GD
2025-07-28 09:48:09,219 - INFO - Max A_j index in initial model: 2
2025-07-28 09:48:09,219 - INFO - A values are [-0.018743986263871193, -0.009936632588505745, 0.0071846721693873405]
2025-07-28 09:50:38,619 - INFO - Max A_j index in final model: 2
2025-07-28 09:50:38,619 - INFO - A values are [0.17025262117385864, 0.17872314155101776, 0.1951896995306015]
2025-07-28 09:50:38,620 - INFO - Finished GD, time elapsed=149.40212082862854s
2025-07-28 09:50:38,620 - INFO - Finished seed=6
2025-07-28 09:50:38,620 - INFO - Starting seed=7
2025-07-28 09:50:38,621 - INFO - Starting GD
2025-07-28 09:50:38,622 - INFO - Max A_j index in initial model: 2
2025-07-28 09:50:38,622 - INFO - A values are [-0.0014679508749395609, 0.00786141213029623, 0.009468216449022293]
2025-07-28 09:53:04,492 - INFO - Max A_j index in final model: 2
2025-07-28 09:53:04,492 - INFO - A values are [-0.18463462591171265, -0.14766883850097656, -0.14130264520645142]
2025-07-28 09:53:04,492 - INFO - Finished GD, time elapsed=145.8713300228119s
2025-07-28 09:53:04,492 - INFO - Finished seed=7
2025-07-28 09:53:04,492 - INFO - ----------------------------------------------------------------------------------------------------------------------------------------------
2025-07-28 09:53:04,492 - INFO - ----------------------------------------------------------------------------------------------------------------------------------------------
2025-07-28 09:53:04,492 - INFO - Finished student_dim=3 with G&C avg gen_loss = 0.0, GD avg gen_loss = 0.25119798246305436
2025-07-28 09:53:04,492 - INFO - ----------------------------------------------------------------------------------------------------------------------------------------------
2025-07-28 09:53:04,493 - INFO - Starting student_dim=4
2025-07-28 09:53:04,493 - INFO - Starting seed=0
2025-07-28 09:53:04,496 - INFO - Starting GD
2025-07-28 09:53:04,500 - INFO - Max A_j index in initial model: 0
2025-07-28 09:53:04,500 - INFO - A values are [0.01540996041148901, -0.0029342889320105314, -0.021787893027067184, 0.005684312433004379]
2025-07-28 09:57:24,324 - INFO - Max A_j index in final model: 0
2025-07-28 09:57:24,324 - INFO - A values are [0.042101044207811356, 0.02572488598525524, 0.008893276564776897, 0.03341720998287201]
2025-07-28 09:57:24,324 - INFO - Finished GD, time elapsed=259.8283369541168s
2025-07-28 09:57:24,324 - INFO - Finished seed=0
2025-07-28 09:57:24,325 - INFO - Starting seed=1
2025-07-28 09:57:24,325 - INFO - Starting GD
2025-07-28 09:57:24,326 - INFO - Max A_j index in initial model: 0
2025-07-28 09:57:24,327 - INFO - A values are [0.006613521371036768, 0.0026692410465329885, 0.0006167725659906864, 0.006213173270225525]
2025-07-28 10:02:27,046 - INFO - Max A_j index in final model: 0
2025-07-28 10:02:27,047 - INFO - A values are [-0.028288615867495537, -0.03322622552514076, -0.035799290984869, -0.028790531679987907]
2025-07-28 10:02:27,047 - INFO - Finished GD, time elapsed=302.7217106819153s
2025-07-28 10:02:27,047 - INFO - Finished seed=1
2025-07-28 10:02:27,047 - INFO - Starting seed=2
2025-07-28 10:02:27,048 - INFO - Starting GD
2025-07-28 10:02:27,049 - INFO - Max A_j index in initial model: 0
2025-07-28 10:02:27,049 - INFO - A values are [0.0039229681715369225, -0.0022356400731951, -0.0031950026750564575, -0.012050370685756207]
2025-07-28 10:04:58,348 - INFO - Max A_j index in final model: 0
2025-07-28 10:04:58,348 - INFO - A values are [0.1253289431333542, 0.11900851875543594, 0.11802387237548828, 0.10893413424491882]
2025-07-28 10:04:58,349 - INFO - Finished GD, time elapsed=151.30062794685364s
2025-07-28 10:04:58,349 - INFO - Finished seed=2
2025-07-28 10:04:58,349 - INFO - Starting seed=3
2025-07-28 10:04:58,350 - INFO - Starting GD
2025-07-28 10:04:58,351 - INFO - Max A_j index in initial model: 0
2025-07-28 10:04:58,351 - INFO - A values are [0.008032760582864285, 0.0017483338015154004, 0.0008897809311747551, -0.006137180142104626]
2025-07-28 10:07:30,178 - INFO - Max A_j index in final model: 0
2025-07-28 10:07:30,178 - INFO - A values are [0.05945068970322609, 0.05389309301972389, 0.05313382297754288, 0.046919938176870346]
2025-07-28 10:07:30,178 - INFO - Finished GD, time elapsed=151.82847905158997s
2025-07-28 10:07:30,178 - INFO - Finished seed=3
2025-07-28 10:07:30,178 - INFO - Starting seed=4
2025-07-28 10:07:30,179 - INFO - Starting GD
2025-07-28 10:07:30,180 - INFO - Max A_j index in initial model: 2
2025-07-28 10:07:30,180 - INFO - A values are [-0.016052763909101486, 0.002324857050552964, 0.022398700937628746, 0.00847293809056282]
2025-07-28 10:10:02,696 - INFO - Max A_j index in final model: 2
2025-07-28 10:10:02,696 - INFO - A values are [-0.13080216944217682, -0.0973057970404625, -0.06072457879781723, -0.08609440177679062]
2025-07-28 10:10:02,697 - INFO - Finished GD, time elapsed=152.51748609542847s
2025-07-28 10:10:02,697 - INFO - Finished seed=4
2025-07-28 10:10:02,697 - INFO - Starting seed=5
2025-07-28 10:10:02,698 - INFO - Starting GD
2025-07-28 10:10:02,699 - INFO - Max A_j index in initial model: 3
2025-07-28 10:10:02,699 - INFO - A values are [-0.004867807496339083, -0.006038215477019548, -0.005580962169915438, 0.006675242446362972]
