2025-08-06 14:05:17,693 - INFO - Using device cuda:0.
2025-08-06 14:05:17,693 - INFO - Args: Namespace(num_seeds=1, num_measurements=1, input_e1=False, sequence_length=5, teacher_ranks=[1], student_dims=[15, 16, 17, 18, 19, 20, 21, 22, 23, 24, 25, 26, 27, 28, 29, 30, 31, 32, 33, 34, 35, 36, 37, 38, 39], calc_loss_only_on_last_output=True, eps_train=1e-12, gnc=True, gnc_num_samples=100000000, gnc_batch_size=1000000, gd=False, gd_lr=0.001, gd_epochs=1000000, gd_init_scale=0.01, gd_optimizer='adam', config=None, results_dir=PosixPath('results'), figures_dir=PosixPath('figures'), log_dir=PosixPath('logs'))
2025-08-06 14:05:17,709 - INFO - Starting teacher_rank=1
2025-08-06 14:05:17,710 - INFO - Starting student_dim=15
2025-08-06 14:05:17,713 - INFO - Starting seed=0
2025-08-06 14:05:18,157 - INFO - A_teacher is 0.6540995836257935
2025-08-06 14:05:18,163 - INFO - dataset is tensor([[[-0.2934],
         [-2.1788],
         [ 0.5684],
         [-1.0845],
         [-1.3986]]])
2025-08-06 14:05:18,273 - INFO - Starting G&C
2025-08-06 14:05:27,844 - INFO - teacher=(tensor([0.6541, 0.0000], device='cuda:0'), tensor([[1.0000, 3.7417]], device='cuda:0'), tensor([[1.0000],
        [3.7417]], device='cuda:0')), dataset=tensor([[[-0.2934],
         [-2.1788],
         [ 0.5684],
         [-1.0845],
         [-1.3986]],

        [[ 1.0000],
         [ 0.0000],
         [ 0.0000],
         [ 0.0000],
         [ 0.0000]]], device='cuda:0'), student_dim=15
2025-08-06 14:05:27,871 - INFO - student_dim=15, prior_loss=2.0338118076324463, mean_shift_term1=-1.1161949634552002, mean_shift_term2=0.5866308212280273, variance_reduction=-0.8750000596046448, conditional_expectation=0.6292476058006287
2025-08-06 14:05:27,871 - INFO - Finished G&C, time elapsed=9.598496437072754s
2025-08-06 14:05:27,871 - INFO - Finished seed=0
2025-08-06 14:05:27,873 - INFO - ----------------------------------------------------------------------------------------------------------------------------------------------
2025-08-06 14:05:27,873 - INFO - ----------------------------------------------------------------------------------------------------------------------------------------------
2025-08-06 14:05:27,873 - INFO - Finished student_dim=15
2025-08-06 14:05:27,874 - INFO - G&C avg gen_loss = 0.6028558465838433
2025-08-06 14:05:27,874 - INFO - G&C avg theoretical_loss = 0.6292476058006287
2025-08-06 14:05:27,875 - INFO - ----------------------------------------------------------------------------------------------------------------------------------------------
2025-08-06 14:05:27,876 - INFO - Starting student_dim=16
2025-08-06 14:05:27,876 - INFO - Starting seed=0
2025-08-06 14:05:27,879 - INFO - A_teacher is 0.6540995836257935
2025-08-06 14:05:27,880 - INFO - dataset is tensor([[[-0.2934],
         [-2.1788],
         [ 0.5684],
         [-1.0845],
         [-1.3986]]])
2025-08-06 14:05:27,881 - INFO - Starting G&C
2025-08-06 14:05:36,754 - INFO - teacher=(tensor([0.6541, 0.0000], device='cuda:0'), tensor([[1.0000, 3.8730]], device='cuda:0'), tensor([[1.0000],
        [3.8730]], device='cuda:0')), dataset=tensor([[[-0.2934],
         [-2.1788],
         [ 0.5684],
         [-1.0845],
         [-1.3986]],

        [[ 1.0000],
         [ 0.0000],
         [ 0.0000],
         [ 0.0000],
         [ 0.0000]]], device='cuda:0'), student_dim=16
2025-08-06 14:05:36,758 - INFO - student_dim=16, prior_loss=2.0171380043029785, mean_shift_term1=-1.1227554082870483, mean_shift_term2=0.5959630012512207, variance_reduction=-0.8628600239753723, conditional_expectation=0.6274855732917786
2025-08-06 14:05:36,758 - INFO - Finished G&C, time elapsed=8.877642154693604s
2025-08-06 14:05:36,760 - INFO - Finished seed=0
2025-08-06 14:05:36,762 - INFO - ----------------------------------------------------------------------------------------------------------------------------------------------
2025-08-06 14:05:36,763 - INFO - ----------------------------------------------------------------------------------------------------------------------------------------------
2025-08-06 14:05:36,763 - INFO - Finished student_dim=16
2025-08-06 14:05:36,765 - INFO - G&C avg gen_loss = 0.5385183586793787
2025-08-06 14:05:36,767 - INFO - G&C avg theoretical_loss = 0.6274855732917786
2025-08-06 14:05:36,769 - INFO - ----------------------------------------------------------------------------------------------------------------------------------------------
2025-08-06 14:05:36,769 - INFO - Starting student_dim=17
2025-08-06 14:05:36,772 - INFO - Starting seed=0
2025-08-06 14:05:36,775 - INFO - A_teacher is 0.6540995836257935
2025-08-06 14:05:36,776 - INFO - dataset is tensor([[[-0.2934],
         [-2.1788],
         [ 0.5684],
         [-1.0845],
         [-1.3986]]])
2025-08-06 14:05:36,779 - INFO - Starting G&C
2025-08-06 14:05:45,662 - INFO - teacher=(tensor([0.6541, 0.0000], device='cuda:0'), tensor([[1., 4.]], device='cuda:0'), tensor([[1.],
        [4.]], device='cuda:0')), dataset=tensor([[[-0.2934],
         [-2.1788],
         [ 0.5684],
         [-1.0845],
         [-1.3986]],

        [[ 1.0000],
         [ 0.0000],
         [ 0.0000],
         [ 0.0000],
         [ 0.0000]]], device='cuda:0'), student_dim=17
2025-08-06 14:05:45,664 - INFO - student_dim=17, prior_loss=2.0031180381774902, mean_shift_term1=-1.1283568143844604, mean_shift_term2=0.6042581796646118, variance_reduction=-0.8522018194198608, conditional_expectation=0.6268175840377808
2025-08-06 14:05:45,665 - INFO - Finished G&C, time elapsed=8.885052680969238s
2025-08-06 14:05:45,665 - INFO - Finished seed=0
2025-08-06 14:05:45,667 - INFO - ----------------------------------------------------------------------------------------------------------------------------------------------
2025-08-06 14:05:45,667 - INFO - ----------------------------------------------------------------------------------------------------------------------------------------------
2025-08-06 14:05:45,667 - INFO - Finished student_dim=17
2025-08-06 14:05:45,667 - INFO - G&C avg gen_loss = 0.7509583491418097
2025-08-06 14:05:45,669 - INFO - G&C avg theoretical_loss = 0.6268175840377808
2025-08-06 14:05:45,670 - INFO - ----------------------------------------------------------------------------------------------------------------------------------------------
2025-08-06 14:05:45,670 - INFO - Starting student_dim=18
2025-08-06 14:05:45,672 - INFO - Starting seed=0
2025-08-06 14:05:45,678 - INFO - A_teacher is 0.6540995836257935
2025-08-06 14:05:45,681 - INFO - dataset is tensor([[[-0.2934],
         [-2.1788],
         [ 0.5684],
         [-1.0845],
         [-1.3986]]])
2025-08-06 14:05:45,684 - INFO - Starting G&C
2025-08-06 14:05:54,622 - INFO - teacher=(tensor([0.6541, 0.0000], device='cuda:0'), tensor([[1.0000, 4.1231]], device='cuda:0'), tensor([[1.0000],
        [4.1231]], device='cuda:0')), dataset=tensor([[[-0.2934],
         [-2.1788],
         [ 0.5684],
         [-1.0845],
         [-1.3986]],

        [[ 1.0000],
         [ 0.0000],
         [ 0.0000],
         [ 0.0000],
         [ 0.0000]]], device='cuda:0'), student_dim=18
2025-08-06 14:05:54,624 - INFO - student_dim=18, prior_loss=1.99120032787323, mean_shift_term1=-1.1331723928451538, mean_shift_term2=0.6116609573364258, variance_reduction=-0.842754602432251, conditional_expectation=0.626934289932251
2025-08-06 14:05:54,625 - INFO - Finished G&C, time elapsed=8.940605640411377s
2025-08-06 14:05:54,627 - INFO - Finished seed=0
2025-08-06 14:05:54,631 - INFO - ----------------------------------------------------------------------------------------------------------------------------------------------
2025-08-06 14:05:54,631 - INFO - ----------------------------------------------------------------------------------------------------------------------------------------------
2025-08-06 14:05:54,631 - INFO - Finished student_dim=18
2025-08-06 14:05:54,634 - INFO - G&C avg gen_loss = 0.8546817573634061
2025-08-06 14:05:54,636 - INFO - G&C avg theoretical_loss = 0.626934289932251
2025-08-06 14:05:54,638 - INFO - ----------------------------------------------------------------------------------------------------------------------------------------------
2025-08-06 14:05:54,641 - INFO - Starting student_dim=19
2025-08-06 14:05:54,644 - INFO - Starting seed=0
2025-08-06 14:05:54,646 - INFO - A_teacher is 0.6540995836257935
2025-08-06 14:05:54,649 - INFO - dataset is tensor([[[-0.2934],
         [-2.1788],
         [ 0.5684],
         [-1.0845],
         [-1.3986]]])
2025-08-06 14:05:54,652 - INFO - Starting G&C
2025-08-06 14:06:03,708 - INFO - teacher=(tensor([0.6541, 0.0000], device='cuda:0'), tensor([[1.0000, 4.2426]], device='cuda:0'), tensor([[1.0000],
        [4.2426]], device='cuda:0')), dataset=tensor([[[-0.2934],
         [-2.1788],
         [ 0.5684],
         [-1.0845],
         [-1.3986]],

        [[ 1.0000],
         [ 0.0000],
         [ 0.0000],
         [ 0.0000],
         [ 0.0000]]], device='cuda:0'), student_dim=19
2025-08-06 14:06:03,709 - INFO - student_dim=19, prior_loss=1.9809716939926147, mean_shift_term1=-1.1373382806777954, mean_shift_term2=0.6182939410209656, variance_reduction=-0.8343126177787781, conditional_expectation=0.6276147961616516
2025-08-06 14:06:03,710 - INFO - Finished G&C, time elapsed=9.056975603103638s
2025-08-06 14:06:03,710 - INFO - Finished seed=0
2025-08-06 14:06:03,712 - INFO - ----------------------------------------------------------------------------------------------------------------------------------------------
2025-08-06 14:06:03,712 - INFO - ----------------------------------------------------------------------------------------------------------------------------------------------
2025-08-06 14:06:03,712 - INFO - Finished student_dim=19
2025-08-06 14:06:03,713 - INFO - G&C avg gen_loss = 0.7669016998715517
2025-08-06 14:06:03,713 - INFO - G&C avg theoretical_loss = 0.6276147961616516
2025-08-06 14:06:03,714 - INFO - ----------------------------------------------------------------------------------------------------------------------------------------------
2025-08-06 14:06:03,715 - INFO - Starting student_dim=20
2025-08-06 14:06:03,715 - INFO - Starting seed=0
2025-08-06 14:06:03,716 - INFO - A_teacher is 0.6540995836257935
2025-08-06 14:06:03,717 - INFO - dataset is tensor([[[-0.2934],
         [-2.1788],
         [ 0.5684],
         [-1.0845],
         [-1.3986]]])
2025-08-06 14:06:03,718 - INFO - Starting G&C
2025-08-06 14:06:12,832 - INFO - teacher=(tensor([0.6541, 0.0000], device='cuda:0'), tensor([[1.0000, 4.3589]], device='cuda:0'), tensor([[1.0000],
        [4.3589]], device='cuda:0')), dataset=tensor([[[-0.2934],
         [-2.1788],
         [ 0.5684],
         [-1.0845],
         [-1.3986]],

        [[ 1.0000],
         [ 0.0000],
         [ 0.0000],
         [ 0.0000],
         [ 0.0000]]], device='cuda:0'), student_dim=20
2025-08-06 14:06:12,834 - INFO - student_dim=20, prior_loss=1.9721169471740723, mean_shift_term1=-1.1409627199172974, mean_shift_term2=0.6242595314979553, variance_reduction=-0.8267154693603516, conditional_expectation=0.6286983489990234
2025-08-06 14:06:12,991 - INFO - Finished G&C, time elapsed=9.272735357284546s
2025-08-06 14:06:13,039 - INFO - Finished seed=0
2025-08-06 14:06:13,043 - INFO - ----------------------------------------------------------------------------------------------------------------------------------------------
2025-08-06 14:06:13,044 - INFO - ----------------------------------------------------------------------------------------------------------------------------------------------
2025-08-06 14:06:13,046 - INFO - Finished student_dim=20
2025-08-06 14:06:13,050 - INFO - G&C avg gen_loss = 0.7067649251884884
2025-08-06 14:06:13,052 - INFO - G&C avg theoretical_loss = 0.6286983489990234
2025-08-06 14:06:13,054 - INFO - ----------------------------------------------------------------------------------------------------------------------------------------------
2025-08-06 14:06:13,057 - INFO - Starting student_dim=21
2025-08-06 14:06:13,060 - INFO - Starting seed=0
2025-08-06 14:06:13,079 - INFO - A_teacher is 0.6540995836257935
2025-08-06 14:06:13,080 - INFO - dataset is tensor([[[-0.2934],
         [-2.1788],
         [ 0.5684],
         [-1.0845],
         [-1.3986]]])
2025-08-06 14:06:13,084 - INFO - Starting G&C
2025-08-06 14:06:22,252 - INFO - teacher=(tensor([0.6541, 0.0000], device='cuda:0'), tensor([[1.0000, 4.4721]], device='cuda:0'), tensor([[1.0000],
        [4.4721]], device='cuda:0')), dataset=tensor([[[-0.2934],
         [-2.1788],
         [ 0.5684],
         [-1.0845],
         [-1.3986]],

        [[ 1.0000],
         [ 0.0000],
         [ 0.0000],
         [ 0.0000],
         [ 0.0000]]], device='cuda:0'), student_dim=21
2025-08-06 14:06:22,254 - INFO - student_dim=21, prior_loss=1.964391827583313, mean_shift_term1=-1.1441327333450317, mean_shift_term2=0.6296446323394775, variance_reduction=-0.8198362588882446, conditional_expectation=0.6300674676895142
2025-08-06 14:06:22,254 - INFO - Finished G&C, time elapsed=9.169862508773804s
2025-08-06 14:06:22,255 - INFO - Finished seed=0
2025-08-06 14:06:22,257 - INFO - ----------------------------------------------------------------------------------------------------------------------------------------------
2025-08-06 14:06:22,257 - INFO - ----------------------------------------------------------------------------------------------------------------------------------------------
2025-08-06 14:06:22,257 - INFO - Finished student_dim=21
2025-08-06 14:06:22,258 - INFO - G&C avg gen_loss = 0.6918496986230215
2025-08-06 14:06:22,258 - INFO - G&C avg theoretical_loss = 0.6300674676895142
2025-08-06 14:06:22,259 - INFO - ----------------------------------------------------------------------------------------------------------------------------------------------
2025-08-06 14:06:22,259 - INFO - Starting student_dim=22
2025-08-06 14:06:22,259 - INFO - Starting seed=0
2025-08-06 14:06:22,263 - INFO - A_teacher is 0.6540995836257935
2025-08-06 14:06:22,264 - INFO - dataset is tensor([[[-0.2934],
         [-2.1788],
         [ 0.5684],
         [-1.0845],
         [-1.3986]]])
2025-08-06 14:06:22,265 - INFO - Starting G&C
2025-08-06 14:06:31,485 - INFO - teacher=(tensor([0.6541, 0.0000], device='cuda:0'), tensor([[1.0000, 4.5826]], device='cuda:0'), tensor([[1.0000],
        [4.5826]], device='cuda:0')), dataset=tensor([[[-0.2934],
         [-2.1788],
         [ 0.5684],
         [-1.0845],
         [-1.3986]],

        [[ 1.0000],
         [ 0.0000],
         [ 0.0000],
         [ 0.0000],
         [ 0.0000]]], device='cuda:0'), student_dim=22
2025-08-06 14:06:31,486 - INFO - student_dim=22, prior_loss=1.957605242729187, mean_shift_term1=-1.1469193696975708, mean_shift_term2=0.6345227360725403, variance_reduction=-0.8135733604431152, conditional_expectation=0.6316351890563965
2025-08-06 14:06:31,487 - INFO - Finished G&C, time elapsed=9.222315788269043s
2025-08-06 14:06:31,488 - INFO - Finished seed=0
2025-08-06 14:06:31,490 - INFO - ----------------------------------------------------------------------------------------------------------------------------------------------
2025-08-06 14:06:31,490 - INFO - ----------------------------------------------------------------------------------------------------------------------------------------------
2025-08-06 14:06:31,490 - INFO - Finished student_dim=22
2025-08-06 14:06:31,490 - INFO - G&C avg gen_loss = 0.6405785771256144
2025-08-06 14:06:31,491 - INFO - G&C avg theoretical_loss = 0.6316351890563965
2025-08-06 14:06:31,492 - INFO - ----------------------------------------------------------------------------------------------------------------------------------------------
2025-08-06 14:06:31,492 - INFO - Starting student_dim=23
2025-08-06 14:06:31,492 - INFO - Starting seed=0
2025-08-06 14:06:31,494 - INFO - A_teacher is 0.6540995836257935
2025-08-06 14:06:31,495 - INFO - dataset is tensor([[[-0.2934],
         [-2.1788],
         [ 0.5684],
         [-1.0845],
         [-1.3986]]])
2025-08-06 14:06:31,496 - INFO - Starting G&C
2025-08-06 14:06:40,945 - INFO - teacher=(tensor([0.6541, 0.0000], device='cuda:0'), tensor([[1.0000, 4.6904]], device='cuda:0'), tensor([[1.0000],
        [4.6904]], device='cuda:0')), dataset=tensor([[[-0.2934],
         [-2.1788],
         [ 0.5684],
         [-1.0845],
         [-1.3986]],

        [[ 1.0000],
         [ 0.0000],
         [ 0.0000],
         [ 0.0000],
         [ 0.0000]]], device='cuda:0'), student_dim=23
2025-08-06 14:06:40,947 - INFO - student_dim=23, prior_loss=1.951604962348938, mean_shift_term1=-1.1493799686431885, mean_shift_term2=0.6389563083648682, variance_reduction=-0.8078439831733704, conditional_expectation=0.6333373188972473
2025-08-06 14:06:40,949 - INFO - Finished G&C, time elapsed=9.453119993209839s
2025-08-06 14:06:40,951 - INFO - Finished seed=0
2025-08-06 14:06:40,951 - INFO - ----------------------------------------------------------------------------------------------------------------------------------------------
2025-08-06 14:06:40,953 - INFO - ----------------------------------------------------------------------------------------------------------------------------------------------
2025-08-06 14:06:40,953 - INFO - Finished student_dim=23
2025-08-06 14:06:40,956 - INFO - G&C avg gen_loss = 0.855868881711593
2025-08-06 14:06:40,958 - INFO - G&C avg theoretical_loss = 0.6333373188972473
2025-08-06 14:06:40,960 - INFO - ----------------------------------------------------------------------------------------------------------------------------------------------
2025-08-06 14:06:40,963 - INFO - Starting student_dim=24
2025-08-06 14:06:40,965 - INFO - Starting seed=0
2025-08-06 14:06:40,969 - INFO - A_teacher is 0.6540995836257935
2025-08-06 14:06:40,971 - INFO - dataset is tensor([[[-0.2934],
         [-2.1788],
         [ 0.5684],
         [-1.0845],
         [-1.3986]]])
2025-08-06 14:06:40,974 - INFO - Starting G&C
2025-08-06 14:06:50,338 - INFO - teacher=(tensor([0.6541, 0.0000], device='cuda:0'), tensor([[1.0000, 4.7958]], device='cuda:0'), tensor([[1.0000],
        [4.7958]], device='cuda:0')), dataset=tensor([[[-0.2934],
         [-2.1788],
         [ 0.5684],
         [-1.0845],
         [-1.3986]],

        [[ 1.0000],
         [ 0.0000],
         [ 0.0000],
         [ 0.0000],
         [ 0.0000]]], device='cuda:0'), student_dim=24
2025-08-06 14:06:50,339 - INFO - student_dim=24, prior_loss=1.9462695121765137, mean_shift_term1=-1.1515616178512573, mean_shift_term2=0.642998456954956, variance_reduction=-0.8025801777839661, conditional_expectation=0.6351261734962463
2025-08-06 14:06:50,340 - INFO - Finished G&C, time elapsed=9.364509582519531s
2025-08-06 14:06:50,340 - INFO - Finished seed=0
2025-08-06 14:06:50,341 - INFO - ----------------------------------------------------------------------------------------------------------------------------------------------
2025-08-06 14:06:50,341 - INFO - ----------------------------------------------------------------------------------------------------------------------------------------------
2025-08-06 14:06:50,341 - INFO - Finished student_dim=24
2025-08-06 14:06:50,341 - INFO - G&C avg gen_loss = 0.7380336705181334
2025-08-06 14:06:50,342 - INFO - G&C avg theoretical_loss = 0.6351261734962463
2025-08-06 14:06:50,342 - INFO - ----------------------------------------------------------------------------------------------------------------------------------------------
2025-08-06 14:06:50,343 - INFO - Starting student_dim=25
2025-08-06 14:06:50,343 - INFO - Starting seed=0
2025-08-06 14:06:50,344 - INFO - A_teacher is 0.6540995836257935
2025-08-06 14:06:50,345 - INFO - dataset is tensor([[[-0.2934],
         [-2.1788],
         [ 0.5684],
         [-1.0845],
         [-1.3986]]])
2025-08-06 14:06:50,346 - INFO - Starting G&C
2025-08-06 14:07:00,184 - INFO - teacher=(tensor([0.6541, 0.0000], device='cuda:0'), tensor([[1.0000, 4.8990]], device='cuda:0'), tensor([[1.0000],
        [4.8990]], device='cuda:0')), dataset=tensor([[[-0.2934],
         [-2.1788],
         [ 0.5684],
         [-1.0845],
         [-1.3986]],

        [[ 1.0000],
         [ 0.0000],
         [ 0.0000],
         [ 0.0000],
         [ 0.0000]]], device='cuda:0'), student_dim=25
2025-08-06 14:07:00,185 - INFO - student_dim=25, prior_loss=1.941500186920166, mean_shift_term1=-1.1535040140151978, mean_shift_term2=0.6466949582099915, variance_reduction=-0.7977253794670105, conditional_expectation=0.636965811252594
2025-08-06 14:07:00,187 - INFO - Finished G&C, time elapsed=9.840388298034668s
2025-08-06 14:07:00,189 - INFO - Finished seed=0
2025-08-06 14:07:00,192 - INFO - ----------------------------------------------------------------------------------------------------------------------------------------------
2025-08-06 14:07:00,193 - INFO - ----------------------------------------------------------------------------------------------------------------------------------------------
2025-08-06 14:07:00,195 - INFO - Finished student_dim=25
2025-08-06 14:07:00,198 - INFO - G&C avg gen_loss = 0.63513285229946
2025-08-06 14:07:00,200 - INFO - G&C avg theoretical_loss = 0.636965811252594
2025-08-06 14:07:00,202 - INFO - ----------------------------------------------------------------------------------------------------------------------------------------------
2025-08-06 14:07:00,204 - INFO - Starting student_dim=26
2025-08-06 14:07:00,207 - INFO - Starting seed=0
2025-08-06 14:07:00,210 - INFO - A_teacher is 0.6540995836257935
2025-08-06 14:07:00,212 - INFO - dataset is tensor([[[-0.2934],
         [-2.1788],
         [ 0.5684],
         [-1.0845],
         [-1.3986]]])
2025-08-06 14:07:00,215 - INFO - Starting G&C
2025-08-06 14:07:09,821 - INFO - teacher=(tensor([0.6541, 0.0000], device='cuda:0'), tensor([[1., 5.]], device='cuda:0'), tensor([[1.],
        [5.]], device='cuda:0')), dataset=tensor([[[-0.2934],
         [-2.1788],
         [ 0.5684],
         [-1.0845],
         [-1.3986]],

        [[ 1.0000],
         [ 0.0000],
         [ 0.0000],
         [ 0.0000],
         [ 0.0000]]], device='cuda:0'), student_dim=26
2025-08-06 14:07:09,822 - INFO - student_dim=26, prior_loss=1.9372159242630005, mean_shift_term1=-1.1552395820617676, mean_shift_term2=0.6500853896141052, variance_reduction=-0.793232262134552, conditional_expectation=0.6388294100761414
2025-08-06 14:07:09,823 - INFO - Finished G&C, time elapsed=9.606574296951294s
2025-08-06 14:07:09,823 - INFO - Finished seed=0
2025-08-06 14:07:09,824 - INFO - ----------------------------------------------------------------------------------------------------------------------------------------------
2025-08-06 14:07:09,824 - INFO - ----------------------------------------------------------------------------------------------------------------------------------------------
2025-08-06 14:07:09,824 - INFO - Finished student_dim=26
2025-08-06 14:07:09,825 - INFO - G&C avg gen_loss = 0.903718673520618
2025-08-06 14:07:09,825 - INFO - G&C avg theoretical_loss = 0.6388294100761414
2025-08-06 14:07:09,826 - INFO - ----------------------------------------------------------------------------------------------------------------------------------------------
2025-08-06 14:07:09,827 - INFO - Starting student_dim=27
2025-08-06 14:07:09,827 - INFO - Starting seed=0
2025-08-06 14:07:09,828 - INFO - A_teacher is 0.6540995836257935
2025-08-06 14:07:09,829 - INFO - dataset is tensor([[[-0.2934],
         [-2.1788],
         [ 0.5684],
         [-1.0845],
         [-1.3986]]])
2025-08-06 14:07:09,830 - INFO - Starting G&C
2025-08-06 14:07:19,467 - INFO - teacher=(tensor([0.6541, 0.0000], device='cuda:0'), tensor([[1.0000, 5.0990]], device='cuda:0'), tensor([[1.0000],
        [5.0990]], device='cuda:0')), dataset=tensor([[[-0.2934],
         [-2.1788],
         [ 0.5684],
         [-1.0845],
         [-1.3986]],

        [[ 1.0000],
         [ 0.0000],
         [ 0.0000],
         [ 0.0000],
         [ 0.0000]]], device='cuda:0'), student_dim=27
2025-08-06 14:07:19,469 - INFO - student_dim=27, prior_loss=1.9333500862121582, mean_shift_term1=-1.156795620918274, mean_shift_term2=0.6532027125358582, variance_reduction=-0.789060115814209, conditional_expectation=0.6406970024108887
2025-08-06 14:07:19,469 - INFO - Finished G&C, time elapsed=9.638944864273071s
2025-08-06 14:07:19,469 - INFO - Finished seed=0
2025-08-06 14:07:19,470 - INFO - ----------------------------------------------------------------------------------------------------------------------------------------------
2025-08-06 14:07:19,470 - INFO - ----------------------------------------------------------------------------------------------------------------------------------------------
2025-08-06 14:07:19,470 - INFO - Finished student_dim=27
2025-08-06 14:07:19,471 - INFO - G&C avg gen_loss = 0.8475167208643102
2025-08-06 14:07:19,471 - INFO - G&C avg theoretical_loss = 0.6406970024108887
2025-08-06 14:07:19,472 - INFO - ----------------------------------------------------------------------------------------------------------------------------------------------
2025-08-06 14:07:19,472 - INFO - Starting student_dim=28
2025-08-06 14:07:19,473 - INFO - Starting seed=0
2025-08-06 14:07:19,477 - INFO - A_teacher is 0.6540995836257935
2025-08-06 14:07:19,478 - INFO - dataset is tensor([[[-0.2934],
         [-2.1788],
         [ 0.5684],
         [-1.0845],
         [-1.3986]]])
2025-08-06 14:07:19,479 - INFO - Starting G&C
2025-08-06 14:07:29,075 - INFO - teacher=(tensor([0.6541, 0.0000], device='cuda:0'), tensor([[1.0000, 5.1962]], device='cuda:0'), tensor([[1.0000],
        [5.1962]], device='cuda:0')), dataset=tensor([[[-0.2934],
         [-2.1788],
         [ 0.5684],
         [-1.0845],
         [-1.3986]],

        [[ 1.0000],
         [ 0.0000],
         [ 0.0000],
         [ 0.0000],
         [ 0.0000]]], device='cuda:0'), student_dim=28
2025-08-06 14:07:29,077 - INFO - student_dim=28, prior_loss=1.9298479557037354, mean_shift_term1=-1.1581951379776, mean_shift_term2=0.656076967716217, variance_reduction=-0.7851752042770386, conditional_expectation=0.6425546407699585
2025-08-06 14:07:29,111 - INFO - Finished G&C, time elapsed=9.632041215896606s
2025-08-06 14:07:29,113 - INFO - Finished seed=0
2025-08-06 14:07:29,123 - INFO - ----------------------------------------------------------------------------------------------------------------------------------------------
2025-08-06 14:07:29,123 - INFO - ----------------------------------------------------------------------------------------------------------------------------------------------
2025-08-06 14:07:29,124 - INFO - Finished student_dim=28
2025-08-06 14:07:29,126 - INFO - G&C avg gen_loss = 0.7163388287198955
2025-08-06 14:07:29,128 - INFO - G&C avg theoretical_loss = 0.6425546407699585
2025-08-06 14:07:29,130 - INFO - ----------------------------------------------------------------------------------------------------------------------------------------------
2025-08-06 14:07:29,131 - INFO - Starting student_dim=29
2025-08-06 14:07:29,133 - INFO - Starting seed=0
2025-08-06 14:07:29,145 - INFO - A_teacher is 0.6540995836257935
2025-08-06 14:07:29,146 - INFO - dataset is tensor([[[-0.2934],
         [-2.1788],
         [ 0.5684],
         [-1.0845],
         [-1.3986]]])
2025-08-06 14:07:29,150 - INFO - Starting G&C
2025-08-06 14:07:38,789 - INFO - teacher=(tensor([0.6541, 0.0000], device='cuda:0'), tensor([[1.0000, 5.2915]], device='cuda:0'), tensor([[1.0000],
        [5.2915]], device='cuda:0')), dataset=tensor([[[-0.2934],
         [-2.1788],
         [ 0.5684],
         [-1.0845],
         [-1.3986]],

        [[ 1.0000],
         [ 0.0000],
         [ 0.0000],
         [ 0.0000],
         [ 0.0000]]], device='cuda:0'), student_dim=29
2025-08-06 14:07:38,790 - INFO - student_dim=29, prior_loss=1.9266626834869385, mean_shift_term1=-1.1594576835632324, mean_shift_term2=0.6587333083152771, variance_reduction=-0.7815477252006531, conditional_expectation=0.6443906426429749
2025-08-06 14:07:38,792 - INFO - Finished G&C, time elapsed=9.641878604888916s
2025-08-06 14:07:38,794 - INFO - Finished seed=0
2025-08-06 14:07:38,795 - INFO - ----------------------------------------------------------------------------------------------------------------------------------------------
2025-08-06 14:07:38,797 - INFO - ----------------------------------------------------------------------------------------------------------------------------------------------
2025-08-06 14:07:38,797 - INFO - Finished student_dim=29
2025-08-06 14:07:38,799 - INFO - G&C avg gen_loss = 0.7111164884907859
2025-08-06 14:07:38,802 - INFO - G&C avg theoretical_loss = 0.6443906426429749
2025-08-06 14:07:38,804 - INFO - ----------------------------------------------------------------------------------------------------------------------------------------------
2025-08-06 14:07:38,805 - INFO - Starting student_dim=30
2025-08-06 14:07:38,807 - INFO - Starting seed=0
2025-08-06 14:07:38,810 - INFO - A_teacher is 0.6540995836257935
2025-08-06 14:07:38,813 - INFO - dataset is tensor([[[-0.2934],
         [-2.1788],
         [ 0.5684],
         [-1.0845],
         [-1.3986]]])
2025-08-06 14:07:38,817 - INFO - Starting G&C
2025-08-06 14:07:48,587 - INFO - teacher=(tensor([0.6541, 0.0000], device='cuda:0'), tensor([[1.0000, 5.3852]], device='cuda:0'), tensor([[1.0000],
        [5.3852]], device='cuda:0')), dataset=tensor([[[-0.2934],
         [-2.1788],
         [ 0.5684],
         [-1.0845],
         [-1.3986]],

        [[ 1.0000],
         [ 0.0000],
         [ 0.0000],
         [ 0.0000],
         [ 0.0000]]], device='cuda:0'), student_dim=30
2025-08-06 14:07:48,588 - INFO - student_dim=30, prior_loss=1.9237555265426636, mean_shift_term1=-1.1606000661849976, mean_shift_term2=0.66119384765625, variance_reduction=-0.7781524658203125, conditional_expectation=0.6461968421936035
2025-08-06 14:07:48,588 - INFO - Finished G&C, time elapsed=9.771149396896362s
2025-08-06 14:07:48,588 - INFO - Finished seed=0
2025-08-06 14:07:48,589 - INFO - ----------------------------------------------------------------------------------------------------------------------------------------------
2025-08-06 14:07:48,590 - INFO - ----------------------------------------------------------------------------------------------------------------------------------------------
2025-08-06 14:07:48,590 - INFO - Finished student_dim=30
2025-08-06 14:07:48,591 - INFO - G&C avg gen_loss = 0.8472022165854772
2025-08-06 14:07:48,591 - INFO - G&C avg theoretical_loss = 0.6461968421936035
2025-08-06 14:07:48,591 - INFO - ----------------------------------------------------------------------------------------------------------------------------------------------
2025-08-06 14:07:48,592 - INFO - Starting student_dim=31
2025-08-06 14:07:48,593 - INFO - Starting seed=0
2025-08-06 14:07:48,593 - INFO - A_teacher is 0.6540995836257935
2025-08-06 14:07:48,594 - INFO - dataset is tensor([[[-0.2934],
         [-2.1788],
         [ 0.5684],
         [-1.0845],
         [-1.3986]]])
2025-08-06 14:07:48,595 - INFO - Starting G&C
2025-08-06 14:07:58,416 - INFO - teacher=(tensor([0.6541, 0.0000], device='cuda:0'), tensor([[1.0000, 5.4772]], device='cuda:0'), tensor([[1.0000],
        [5.4772]], device='cuda:0')), dataset=tensor([[[-0.2934],
         [-2.1788],
         [ 0.5684],
         [-1.0845],
         [-1.3986]],

        [[ 1.0000],
         [ 0.0000],
         [ 0.0000],
         [ 0.0000],
         [ 0.0000]]], device='cuda:0'), student_dim=31
2025-08-06 14:07:58,417 - INFO - student_dim=31, prior_loss=1.921093225479126, mean_shift_term1=-1.1616367101669312, mean_shift_term2=0.663478672504425, variance_reduction=-0.7749674320220947, conditional_expectation=0.6479678153991699
2025-08-06 14:07:58,418 - INFO - Finished G&C, time elapsed=9.822418928146362s
2025-08-06 14:07:58,418 - INFO - Finished seed=0
2025-08-06 14:07:58,420 - INFO - ----------------------------------------------------------------------------------------------------------------------------------------------
2025-08-06 14:07:58,420 - INFO - ----------------------------------------------------------------------------------------------------------------------------------------------
2025-08-06 14:07:58,420 - INFO - Finished student_dim=31
2025-08-06 14:07:58,421 - INFO - G&C avg gen_loss = 0.7372454435660921
2025-08-06 14:07:58,422 - INFO - G&C avg theoretical_loss = 0.6479678153991699
2025-08-06 14:07:58,422 - INFO - ----------------------------------------------------------------------------------------------------------------------------------------------
2025-08-06 14:07:58,423 - INFO - Starting student_dim=32
2025-08-06 14:07:58,423 - INFO - Starting seed=0
2025-08-06 14:07:58,424 - INFO - A_teacher is 0.6540995836257935
2025-08-06 14:07:58,425 - INFO - dataset is tensor([[[-0.2934],
         [-2.1788],
         [ 0.5684],
         [-1.0845],
         [-1.3986]]])
2025-08-06 14:07:58,426 - INFO - Starting G&C
2025-08-06 14:08:08,089 - INFO - teacher=(tensor([0.6541, 0.0000], device='cuda:0'), tensor([[1.0000, 5.5678]], device='cuda:0'), tensor([[1.0000],
        [5.5678]], device='cuda:0')), dataset=tensor([[[-0.2934],
         [-2.1788],
         [ 0.5684],
         [-1.0845],
         [-1.3986]],

        [[ 1.0000],
         [ 0.0000],
         [ 0.0000],
         [ 0.0000],
         [ 0.0000]]], device='cuda:0'), student_dim=32
2025-08-06 14:08:08,091 - INFO - student_dim=32, prior_loss=1.9186477661132812, mean_shift_term1=-1.1625791788101196, mean_shift_term2=0.6656040549278259, variance_reduction=-0.7719730138778687, conditional_expectation=0.6496995687484741
2025-08-06 14:08:08,092 - INFO - Finished G&C, time elapsed=9.665977239608765s
2025-08-06 14:08:08,093 - INFO - Finished seed=0
2025-08-06 14:08:08,094 - INFO - ----------------------------------------------------------------------------------------------------------------------------------------------
2025-08-06 14:08:08,095 - INFO - ----------------------------------------------------------------------------------------------------------------------------------------------
2025-08-06 14:08:08,095 - INFO - Finished student_dim=32
2025-08-06 14:08:08,095 - INFO - G&C avg gen_loss = 0.882029981485435
2025-08-06 14:08:08,096 - INFO - G&C avg theoretical_loss = 0.6496995687484741
2025-08-06 14:08:08,098 - INFO - ----------------------------------------------------------------------------------------------------------------------------------------------
2025-08-06 14:08:08,099 - INFO - Starting student_dim=33
2025-08-06 14:08:08,100 - INFO - Starting seed=0
2025-08-06 14:08:08,102 - INFO - A_teacher is 0.6540995836257935
2025-08-06 14:08:08,104 - INFO - dataset is tensor([[[-0.2934],
         [-2.1788],
         [ 0.5684],
         [-1.0845],
         [-1.3986]]])
2025-08-06 14:08:08,106 - INFO - Starting G&C
2025-08-06 14:08:18,098 - INFO - teacher=(tensor([0.6541, 0.0000], device='cuda:0'), tensor([[1.0000, 5.6569]], device='cuda:0'), tensor([[1.0000],
        [5.6569]], device='cuda:0')), dataset=tensor([[[-0.2934],
         [-2.1788],
         [ 0.5684],
         [-1.0845],
         [-1.3986]],

        [[ 1.0000],
         [ 0.0000],
         [ 0.0000],
         [ 0.0000],
         [ 0.0000]]], device='cuda:0'), student_dim=33
2025-08-06 14:08:18,099 - INFO - student_dim=33, prior_loss=1.9163949489593506, mean_shift_term1=-1.163438320159912, mean_shift_term2=0.6675852537155151, variance_reduction=-0.7691523432731628, conditional_expectation=0.6513895392417908
2025-08-06 14:08:18,099 - INFO - Finished G&C, time elapsed=9.992827892303467s
2025-08-06 14:08:18,099 - INFO - Finished seed=0
2025-08-06 14:08:18,100 - INFO - ----------------------------------------------------------------------------------------------------------------------------------------------
2025-08-06 14:08:18,100 - INFO - ----------------------------------------------------------------------------------------------------------------------------------------------
2025-08-06 14:08:18,100 - INFO - Finished student_dim=33
2025-08-06 14:08:18,100 - INFO - G&C avg gen_loss = 0.8274947752555212
2025-08-06 14:08:18,101 - INFO - G&C avg theoretical_loss = 0.6513895392417908
2025-08-06 14:08:18,101 - INFO - ----------------------------------------------------------------------------------------------------------------------------------------------
2025-08-06 14:08:18,102 - INFO - Starting student_dim=34
2025-08-06 14:08:18,103 - INFO - Starting seed=0
2025-08-06 14:08:18,104 - INFO - A_teacher is 0.6540995836257935
2025-08-06 14:08:18,104 - INFO - dataset is tensor([[[-0.2934],
         [-2.1788],
         [ 0.5684],
         [-1.0845],
         [-1.3986]]])
2025-08-06 14:08:18,105 - INFO - Starting G&C
2025-08-06 14:08:28,011 - INFO - teacher=(tensor([0.6541, 0.0000], device='cuda:0'), tensor([[1.0000, 5.7446]], device='cuda:0'), tensor([[1.0000],
        [5.7446]], device='cuda:0')), dataset=tensor([[[-0.2934],
         [-2.1788],
         [ 0.5684],
         [-1.0845],
         [-1.3986]],

        [[ 1.0000],
         [ 0.0000],
         [ 0.0000],
         [ 0.0000],
         [ 0.0000]]], device='cuda:0'), student_dim=34
2025-08-06 14:08:28,013 - INFO - student_dim=34, prior_loss=1.9143141508102417, mean_shift_term1=-1.164223551750183, mean_shift_term2=0.6694357395172119, variance_reduction=-0.7664903998374939, conditional_expectation=0.6530359387397766
2025-08-06 14:08:28,013 - INFO - Finished G&C, time elapsed=9.907347202301025s
2025-08-06 14:08:28,013 - INFO - Finished seed=0
2025-08-06 14:08:28,014 - INFO - ----------------------------------------------------------------------------------------------------------------------------------------------
2025-08-06 14:08:28,015 - INFO - ----------------------------------------------------------------------------------------------------------------------------------------------
2025-08-06 14:08:28,015 - INFO - Finished student_dim=34
2025-08-06 14:08:28,016 - INFO - G&C avg gen_loss = 0.9278473166688797
2025-08-06 14:08:28,016 - INFO - G&C avg theoretical_loss = 0.6530359387397766
2025-08-06 14:08:28,016 - INFO - ----------------------------------------------------------------------------------------------------------------------------------------------
2025-08-06 14:08:28,018 - INFO - Starting student_dim=35
2025-08-06 14:08:28,018 - INFO - Starting seed=0
2025-08-06 14:08:28,025 - INFO - A_teacher is 0.6540995836257935
2025-08-06 14:08:28,026 - INFO - dataset is tensor([[[-0.2934],
         [-2.1788],
         [ 0.5684],
         [-1.0845],
         [-1.3986]]])
2025-08-06 14:08:28,028 - INFO - Starting G&C
2025-08-06 14:08:37,966 - INFO - teacher=(tensor([0.6541, 0.0000], device='cuda:0'), tensor([[1.0000, 5.8310]], device='cuda:0'), tensor([[1.0000],
        [5.8310]], device='cuda:0')), dataset=tensor([[[-0.2934],
         [-2.1788],
         [ 0.5684],
         [-1.0845],
         [-1.3986]],

        [[ 1.0000],
         [ 0.0000],
         [ 0.0000],
         [ 0.0000],
         [ 0.0000]]], device='cuda:0'), student_dim=35
2025-08-06 14:08:37,968 - INFO - student_dim=35, prior_loss=1.9123868942260742, mean_shift_term1=-1.164942741394043, mean_shift_term2=0.6711676120758057, variance_reduction=-0.763974130153656, conditional_expectation=0.6546376347541809
2025-08-06 14:08:37,968 - INFO - Finished G&C, time elapsed=9.940162420272827s
2025-08-06 14:08:37,968 - INFO - Finished seed=0
2025-08-06 14:08:37,970 - INFO - ----------------------------------------------------------------------------------------------------------------------------------------------
2025-08-06 14:08:37,970 - INFO - ----------------------------------------------------------------------------------------------------------------------------------------------
2025-08-06 14:08:37,970 - INFO - Finished student_dim=35
2025-08-06 14:08:37,971 - INFO - G&C avg gen_loss = 0.8000038464864095
2025-08-06 14:08:37,972 - INFO - G&C avg theoretical_loss = 0.6546376347541809
2025-08-06 14:08:37,972 - INFO - ----------------------------------------------------------------------------------------------------------------------------------------------
2025-08-06 14:08:37,974 - INFO - Starting student_dim=36
2025-08-06 14:08:37,974 - INFO - Starting seed=0
2025-08-06 14:08:37,976 - INFO - A_teacher is 0.6540995836257935
2025-08-06 14:08:37,977 - INFO - dataset is tensor([[[-0.2934],
         [-2.1788],
         [ 0.5684],
         [-1.0845],
         [-1.3986]]])
2025-08-06 14:08:37,978 - INFO - Starting G&C
2025-08-06 14:08:47,993 - INFO - teacher=(tensor([0.6541, 0.0000], device='cuda:0'), tensor([[1.0000, 5.9161]], device='cuda:0'), tensor([[1.0000],
        [5.9161]], device='cuda:0')), dataset=tensor([[[-0.2934],
         [-2.1788],
         [ 0.5684],
         [-1.0845],
         [-1.3986]],

        [[ 1.0000],
         [ 0.0000],
         [ 0.0000],
         [ 0.0000],
         [ 0.0000]]], device='cuda:0'), student_dim=36
2025-08-06 14:08:47,994 - INFO - student_dim=36, prior_loss=1.9105980396270752, mean_shift_term1=-1.1656020879745483, mean_shift_term2=0.67279052734375, variance_reduction=-0.7615914940834045, conditional_expectation=0.6561949849128723
2025-08-06 14:08:47,994 - INFO - Finished G&C, time elapsed=10.016342401504517s
2025-08-06 14:08:47,995 - INFO - Finished seed=0
2025-08-06 14:08:47,996 - INFO - ----------------------------------------------------------------------------------------------------------------------------------------------
2025-08-06 14:08:47,996 - INFO - ----------------------------------------------------------------------------------------------------------------------------------------------
2025-08-06 14:08:47,996 - INFO - Finished student_dim=36
2025-08-06 14:08:47,997 - INFO - G&C avg gen_loss = 0.9216571819614356
2025-08-06 14:08:47,998 - INFO - G&C avg theoretical_loss = 0.6561949849128723
2025-08-06 14:08:47,998 - INFO - ----------------------------------------------------------------------------------------------------------------------------------------------
2025-08-06 14:08:47,999 - INFO - Starting student_dim=37
2025-08-06 14:08:48,000 - INFO - Starting seed=0
2025-08-06 14:08:48,000 - INFO - A_teacher is 0.6540995836257935
2025-08-06 14:08:48,001 - INFO - dataset is tensor([[[-0.2934],
         [-2.1788],
         [ 0.5684],
         [-1.0845],
         [-1.3986]]])
2025-08-06 14:08:48,002 - INFO - Starting G&C
2025-08-06 14:08:58,150 - INFO - teacher=(tensor([0.6541, 0.0000], device='cuda:0'), tensor([[1., 6.]], device='cuda:0'), tensor([[1.],
        [6.]], device='cuda:0')), dataset=tensor([[[-0.2934],
         [-2.1788],
         [ 0.5684],
         [-1.0845],
         [-1.3986]],

        [[ 1.0000],
         [ 0.0000],
         [ 0.0000],
         [ 0.0000],
         [ 0.0000]]], device='cuda:0'), student_dim=37
2025-08-06 14:08:58,151 - INFO - student_dim=37, prior_loss=1.9089335203170776, mean_shift_term1=-1.1662083864212036, mean_shift_term2=0.6743140816688538, variance_reduction=-0.7593318223953247, conditional_expectation=0.6577073335647583
2025-08-06 14:08:58,152 - INFO - Finished G&C, time elapsed=10.149466753005981s
2025-08-06 14:08:58,152 - INFO - Finished seed=0
2025-08-06 14:08:58,153 - INFO - ----------------------------------------------------------------------------------------------------------------------------------------------
2025-08-06 14:08:58,153 - INFO - ----------------------------------------------------------------------------------------------------------------------------------------------
2025-08-06 14:08:58,154 - INFO - Finished student_dim=37
2025-08-06 14:08:58,155 - INFO - G&C avg gen_loss = 0.8535072356462479
2025-08-06 14:08:58,155 - INFO - G&C avg theoretical_loss = 0.6577073335647583
2025-08-06 14:08:58,156 - INFO - ----------------------------------------------------------------------------------------------------------------------------------------------
2025-08-06 14:08:58,157 - INFO - Starting student_dim=38
2025-08-06 14:08:58,157 - INFO - Starting seed=0
2025-08-06 14:08:58,158 - INFO - A_teacher is 0.6540995836257935
2025-08-06 14:08:58,160 - INFO - dataset is tensor([[[-0.2934],
         [-2.1788],
         [ 0.5684],
         [-1.0845],
         [-1.3986]]])
2025-08-06 14:08:58,161 - INFO - Starting G&C
2025-08-06 14:09:08,387 - INFO - teacher=(tensor([0.6541, 0.0000], device='cuda:0'), tensor([[1.0000, 6.0828]], device='cuda:0'), tensor([[1.0000],
        [6.0828]], device='cuda:0')), dataset=tensor([[[-0.2934],
         [-2.1788],
         [ 0.5684],
         [-1.0845],
         [-1.3986]],

        [[ 1.0000],
         [ 0.0000],
         [ 0.0000],
         [ 0.0000],
         [ 0.0000]]], device='cuda:0'), student_dim=38
2025-08-06 14:09:08,388 - INFO - student_dim=38, prior_loss=1.9073817729949951, mean_shift_term1=-1.166766881942749, mean_shift_term2=0.6757469773292542, variance_reduction=-0.7571860551834106, conditional_expectation=0.6591757535934448
2025-08-06 14:09:08,388 - INFO - Finished G&C, time elapsed=10.227150678634644s
2025-08-06 14:09:08,389 - INFO - Finished seed=0
2025-08-06 14:09:08,389 - INFO - ----------------------------------------------------------------------------------------------------------------------------------------------
2025-08-06 14:09:08,389 - INFO - ----------------------------------------------------------------------------------------------------------------------------------------------
2025-08-06 14:09:08,390 - INFO - Finished student_dim=38
2025-08-06 14:09:08,390 - INFO - G&C avg gen_loss = 0.8365271126940137
2025-08-06 14:09:08,391 - INFO - G&C avg theoretical_loss = 0.6591757535934448
2025-08-06 14:09:08,391 - INFO - ----------------------------------------------------------------------------------------------------------------------------------------------
2025-08-06 14:09:08,392 - INFO - Starting student_dim=39
2025-08-06 14:09:08,392 - INFO - Starting seed=0
2025-08-06 14:09:08,393 - INFO - A_teacher is 0.6540995836257935
2025-08-06 14:09:08,394 - INFO - dataset is tensor([[[-0.2934],
         [-2.1788],
         [ 0.5684],
         [-1.0845],
         [-1.3986]]])
2025-08-06 14:09:08,395 - INFO - Starting G&C
2025-08-06 14:09:18,674 - INFO - teacher=(tensor([0.6541, 0.0000], device='cuda:0'), tensor([[1.0000, 6.1644]], device='cuda:0'), tensor([[1.0000],
        [6.1644]], device='cuda:0')), dataset=tensor([[[-0.2934],
         [-2.1788],
         [ 0.5684],
         [-1.0845],
         [-1.3986]],

        [[ 1.0000],
         [ 0.0000],
         [ 0.0000],
         [ 0.0000],
         [ 0.0000]]], device='cuda:0'), student_dim=39
2025-08-06 14:09:18,675 - INFO - student_dim=39, prior_loss=1.9059319496154785, mean_shift_term1=-1.1672817468643188, mean_shift_term2=0.6770960092544556, variance_reduction=-0.7551453113555908, conditional_expectation=0.6606009006500244
2025-08-06 14:09:18,675 - INFO - Finished G&C, time elapsed=10.279959678649902s
2025-08-06 14:09:18,675 - INFO - Finished seed=0
2025-08-06 14:09:18,677 - INFO - ----------------------------------------------------------------------------------------------------------------------------------------------
2025-08-06 14:09:18,677 - INFO - ----------------------------------------------------------------------------------------------------------------------------------------------
2025-08-06 14:09:18,677 - INFO - Finished student_dim=39
2025-08-06 14:09:18,678 - INFO - G&C avg gen_loss = 0.8862756499472786
2025-08-06 14:09:18,679 - INFO - G&C avg theoretical_loss = 0.6606009006500244
2025-08-06 14:09:18,679 - INFO - ----------------------------------------------------------------------------------------------------------------------------------------------
2025-08-06 14:09:19,594 - INFO - Finished experiments, results saved to results_gnc_seq_len=5_num_measurements=1_input_e1=False_time=20250806-140918.csv, figures saved to plot_gnc_seq_len=5_num_measurements=1_input_e1=False_time=20250806-140918
