2025-08-03 20:10:23,630 - INFO - Using device mps.
2025-08-03 20:10:23,631 - INFO - Args: Namespace(num_seeds=1, num_measurements=1, input_e1=True, sequence_length=5, teacher_ranks=[1], student_dims=[3, 4, 5, 6, 7, 8, 9, 10, 11, 12, 13, 14, 15, 16, 17, 18, 19], calc_loss_only_on_last_output=True, eps_train=1e-06, gnc=True, gnc_num_samples=100000000, gnc_batch_size=10000000, gd=False, gd_lr=0.01, gd_epochs=100000, gd_init_scale=0.01, gd_optimizer='adam', config=None, results_dir=PosixPath('results'), figures_dir=PosixPath('figures'), log_dir=PosixPath('logs'))
2025-08-03 20:10:23,640 - INFO - Starting teacher_rank=1
2025-08-03 20:10:23,640 - INFO - Starting student_dim=3
2025-08-03 20:10:23,640 - INFO - Starting seed=0
2025-08-03 20:10:23,646 - INFO - A_teacher is 0.515135645866394
2025-08-03 20:10:23,670 - INFO - Starting G&C
2025-08-03 20:10:27,304 - INFO - Finished G&C, time elapsed=3.633267879486084s
2025-08-03 20:10:27,304 - INFO - Finished seed=0
2025-08-03 20:10:27,304 - INFO - ----------------------------------------------------------------------------------------------------------------------------------------------
2025-08-03 20:10:27,304 - INFO - ----------------------------------------------------------------------------------------------------------------------------------------------
2025-08-03 20:10:27,304 - INFO - Finished student_dim=3
2025-08-03 20:10:27,304 - INFO - G&C avg gen_loss = 0.6719218134419398
2025-08-03 20:10:27,304 - INFO - ----------------------------------------------------------------------------------------------------------------------------------------------
2025-08-03 20:10:27,304 - INFO - Starting student_dim=4
2025-08-03 20:10:27,305 - INFO - Starting seed=0
2025-08-03 20:10:27,306 - INFO - A_teacher is 0.6540995836257935
2025-08-03 20:10:27,309 - INFO - Starting G&C
2025-08-03 20:10:30,927 - INFO - Finished G&C, time elapsed=3.6181890964508057s
2025-08-03 20:10:30,927 - INFO - Finished seed=0
2025-08-03 20:10:30,928 - INFO - ----------------------------------------------------------------------------------------------------------------------------------------------
2025-08-03 20:10:30,928 - INFO - ----------------------------------------------------------------------------------------------------------------------------------------------
2025-08-03 20:10:30,928 - INFO - Finished student_dim=4
2025-08-03 20:10:30,928 - INFO - G&C avg gen_loss = 1.2567582502988661
2025-08-03 20:10:30,928 - INFO - ----------------------------------------------------------------------------------------------------------------------------------------------
2025-08-03 20:10:30,928 - INFO - Starting student_dim=5
2025-08-03 20:10:30,928 - INFO - Starting seed=0
2025-08-03 20:10:30,929 - INFO - A_teacher is 0.6540995836257935
2025-08-03 20:10:30,933 - INFO - Starting G&C
2025-08-03 20:10:34,650 - INFO - Finished G&C, time elapsed=3.7170228958129883s
2025-08-03 20:10:34,651 - INFO - Finished seed=0
2025-08-03 20:10:34,651 - INFO - ----------------------------------------------------------------------------------------------------------------------------------------------
2025-08-03 20:10:34,651 - INFO - ----------------------------------------------------------------------------------------------------------------------------------------------
2025-08-03 20:10:34,651 - INFO - Finished student_dim=5
2025-08-03 20:10:34,651 - INFO - G&C avg gen_loss = 1.333143635640806
2025-08-03 20:10:34,651 - INFO - ----------------------------------------------------------------------------------------------------------------------------------------------
2025-08-03 20:10:34,651 - INFO - Starting student_dim=6
2025-08-03 20:10:34,651 - INFO - Starting seed=0
2025-08-03 20:10:34,652 - INFO - A_teacher is 0.6540995836257935
2025-08-03 20:10:34,656 - INFO - Starting G&C
2025-08-03 20:10:38,535 - INFO - Finished G&C, time elapsed=3.8792102336883545s
2025-08-03 20:10:38,535 - INFO - Finished seed=0
2025-08-03 20:10:38,535 - INFO - ----------------------------------------------------------------------------------------------------------------------------------------------
2025-08-03 20:10:38,535 - INFO - ----------------------------------------------------------------------------------------------------------------------------------------------
2025-08-03 20:10:38,535 - INFO - Finished student_dim=6
2025-08-03 20:10:38,535 - INFO - G&C avg gen_loss = 1.4010601351603273
2025-08-03 20:10:38,535 - INFO - ----------------------------------------------------------------------------------------------------------------------------------------------
2025-08-03 20:10:38,535 - INFO - Starting student_dim=7
2025-08-03 20:10:38,536 - INFO - Starting seed=0
2025-08-03 20:10:38,537 - INFO - A_teacher is 0.6540995836257935
2025-08-03 20:10:38,540 - INFO - Starting G&C
2025-08-03 20:10:42,562 - INFO - Finished G&C, time elapsed=4.022242069244385s
2025-08-03 20:10:42,563 - INFO - Finished seed=0
2025-08-03 20:10:42,563 - INFO - ----------------------------------------------------------------------------------------------------------------------------------------------
2025-08-03 20:10:42,563 - INFO - ----------------------------------------------------------------------------------------------------------------------------------------------
2025-08-03 20:10:42,563 - INFO - Finished student_dim=7
2025-08-03 20:10:42,563 - INFO - G&C avg gen_loss = 1.4795108603579907
2025-08-03 20:10:42,563 - INFO - ----------------------------------------------------------------------------------------------------------------------------------------------
2025-08-03 20:10:42,563 - INFO - Starting student_dim=8
2025-08-03 20:10:42,563 - INFO - Starting seed=0
2025-08-03 20:10:42,564 - INFO - A_teacher is 0.6540995836257935
2025-08-03 20:10:42,568 - INFO - Starting G&C
2025-08-03 20:10:47,051 - INFO - Finished G&C, time elapsed=4.482849836349487s
2025-08-03 20:10:47,051 - INFO - Finished seed=0
2025-08-03 20:10:47,051 - INFO - ----------------------------------------------------------------------------------------------------------------------------------------------
2025-08-03 20:10:47,051 - INFO - ----------------------------------------------------------------------------------------------------------------------------------------------
2025-08-03 20:10:47,051 - INFO - Finished student_dim=8
2025-08-03 20:10:47,051 - INFO - G&C avg gen_loss = 1.5490135008069494
2025-08-03 20:10:47,051 - INFO - ----------------------------------------------------------------------------------------------------------------------------------------------
2025-08-03 20:10:47,051 - INFO - Starting student_dim=9
2025-08-03 20:10:47,052 - INFO - Starting seed=0
2025-08-03 20:10:47,053 - INFO - A_teacher is 0.6540995836257935
2025-08-03 20:10:47,056 - INFO - Starting G&C
2025-08-03 20:10:51,541 - INFO - Finished G&C, time elapsed=4.484242916107178s
2025-08-03 20:10:51,542 - INFO - Finished seed=0
2025-08-03 20:10:51,542 - INFO - ----------------------------------------------------------------------------------------------------------------------------------------------
2025-08-03 20:10:51,542 - INFO - ----------------------------------------------------------------------------------------------------------------------------------------------
2025-08-03 20:10:51,542 - INFO - Finished student_dim=9
2025-08-03 20:10:51,542 - INFO - G&C avg gen_loss = 1.6200351945874807
2025-08-03 20:10:51,542 - INFO - ----------------------------------------------------------------------------------------------------------------------------------------------
2025-08-03 20:10:51,542 - INFO - Starting student_dim=10
2025-08-03 20:10:51,542 - INFO - Starting seed=0
2025-08-03 20:10:51,543 - INFO - A_teacher is 0.6540995836257935
2025-08-03 20:10:51,547 - INFO - Starting G&C
2025-08-03 20:10:56,098 - INFO - Finished G&C, time elapsed=4.551292896270752s
2025-08-03 20:10:56,098 - INFO - Finished seed=0
2025-08-03 20:10:56,099 - INFO - ----------------------------------------------------------------------------------------------------------------------------------------------
2025-08-03 20:10:56,099 - INFO - ----------------------------------------------------------------------------------------------------------------------------------------------
2025-08-03 20:10:56,099 - INFO - Finished student_dim=10
2025-08-03 20:10:56,099 - INFO - G&C avg gen_loss = 1.6808071283023853
2025-08-03 20:10:56,099 - INFO - ----------------------------------------------------------------------------------------------------------------------------------------------
2025-08-03 20:10:56,099 - INFO - Starting student_dim=11
2025-08-03 20:10:56,099 - INFO - Starting seed=0
2025-08-03 20:10:56,100 - INFO - A_teacher is 0.6540995836257935
2025-08-03 20:10:56,104 - INFO - Starting G&C
2025-08-03 20:11:01,115 - INFO - Finished G&C, time elapsed=5.010619163513184s
2025-08-03 20:11:01,116 - INFO - Finished seed=0
2025-08-03 20:11:01,117 - INFO - ----------------------------------------------------------------------------------------------------------------------------------------------
2025-08-03 20:11:01,117 - INFO - ----------------------------------------------------------------------------------------------------------------------------------------------
2025-08-03 20:11:01,117 - INFO - Finished student_dim=11
2025-08-03 20:11:01,118 - INFO - G&C avg gen_loss = 1.74939872248144
2025-08-03 20:11:01,118 - INFO - ----------------------------------------------------------------------------------------------------------------------------------------------
2025-08-03 20:11:01,118 - INFO - Starting student_dim=12
2025-08-03 20:11:01,118 - INFO - Starting seed=0
2025-08-03 20:11:01,121 - INFO - A_teacher is 0.6540995836257935
2025-08-03 20:11:01,129 - INFO - Starting G&C
2025-08-03 20:11:05,955 - INFO - Finished G&C, time elapsed=4.826606035232544s
2025-08-03 20:11:05,956 - INFO - Finished seed=0
2025-08-03 20:11:05,956 - INFO - ----------------------------------------------------------------------------------------------------------------------------------------------
2025-08-03 20:11:05,956 - INFO - ----------------------------------------------------------------------------------------------------------------------------------------------
2025-08-03 20:11:05,956 - INFO - Finished student_dim=12
2025-08-03 20:11:05,956 - INFO - G&C avg gen_loss = 1.8132345097159304
2025-08-03 20:11:05,956 - INFO - ----------------------------------------------------------------------------------------------------------------------------------------------
2025-08-03 20:11:05,956 - INFO - Starting student_dim=13
2025-08-03 20:11:05,956 - INFO - Starting seed=0
2025-08-03 20:11:05,958 - INFO - A_teacher is 0.6540995836257935
2025-08-03 20:11:05,962 - INFO - Starting G&C
2025-08-03 20:11:12,120 - INFO - Finished G&C, time elapsed=6.157661199569702s
2025-08-03 20:11:12,120 - INFO - Finished seed=0
2025-08-03 20:11:12,121 - INFO - ----------------------------------------------------------------------------------------------------------------------------------------------
2025-08-03 20:11:12,121 - INFO - ----------------------------------------------------------------------------------------------------------------------------------------------
2025-08-03 20:11:12,121 - INFO - Finished student_dim=13
2025-08-03 20:11:12,121 - INFO - G&C avg gen_loss = 1.8744416866383506
2025-08-03 20:11:12,121 - INFO - ----------------------------------------------------------------------------------------------------------------------------------------------
2025-08-03 20:11:12,121 - INFO - Starting student_dim=14
2025-08-03 20:11:12,122 - INFO - Starting seed=0
2025-08-03 20:11:12,123 - INFO - A_teacher is 0.6540995836257935
2025-08-03 20:11:12,130 - INFO - Starting G&C
2025-08-03 20:11:18,725 - INFO - Finished G&C, time elapsed=6.595062971115112s
2025-08-03 20:11:18,726 - INFO - Finished seed=0
2025-08-03 20:11:18,726 - INFO - ----------------------------------------------------------------------------------------------------------------------------------------------
2025-08-03 20:11:18,726 - INFO - ----------------------------------------------------------------------------------------------------------------------------------------------
2025-08-03 20:11:18,726 - INFO - Finished student_dim=14
2025-08-03 20:11:18,727 - INFO - G&C avg gen_loss = 1.9345486638913147
2025-08-03 20:11:18,727 - INFO - ----------------------------------------------------------------------------------------------------------------------------------------------
2025-08-03 20:11:18,727 - INFO - Starting student_dim=15
2025-08-03 20:11:18,727 - INFO - Starting seed=0
2025-08-03 20:11:18,729 - INFO - A_teacher is 0.6540995836257935
2025-08-03 20:11:18,736 - INFO - Starting G&C
2025-08-03 20:11:25,064 - INFO - Finished G&C, time elapsed=6.328382968902588s
2025-08-03 20:11:25,065 - INFO - Finished seed=0
2025-08-03 20:11:25,065 - INFO - ----------------------------------------------------------------------------------------------------------------------------------------------
2025-08-03 20:11:25,065 - INFO - ----------------------------------------------------------------------------------------------------------------------------------------------
2025-08-03 20:11:25,065 - INFO - Finished student_dim=15
2025-08-03 20:11:25,066 - INFO - G&C avg gen_loss = 1.997705292264737
2025-08-03 20:11:25,066 - INFO - ----------------------------------------------------------------------------------------------------------------------------------------------
2025-08-03 20:11:25,066 - INFO - Starting student_dim=16
2025-08-03 20:11:25,066 - INFO - Starting seed=0
2025-08-03 20:11:25,068 - INFO - A_teacher is 0.6540995836257935
2025-08-03 20:11:25,074 - INFO - Starting G&C
2025-08-03 20:11:30,735 - INFO - Finished G&C, time elapsed=5.661039113998413s
2025-08-03 20:11:30,735 - INFO - Finished seed=0
2025-08-03 20:11:30,736 - INFO - ----------------------------------------------------------------------------------------------------------------------------------------------
2025-08-03 20:11:30,736 - INFO - ----------------------------------------------------------------------------------------------------------------------------------------------
2025-08-03 20:11:30,736 - INFO - Finished student_dim=16
2025-08-03 20:11:30,736 - INFO - G&C avg gen_loss = 2.053352548722662
2025-08-03 20:11:30,736 - INFO - ----------------------------------------------------------------------------------------------------------------------------------------------
2025-08-03 20:11:30,737 - INFO - Starting student_dim=17
2025-08-03 20:11:30,737 - INFO - Starting seed=0
2025-08-03 20:11:30,738 - INFO - A_teacher is 0.6540995836257935
2025-08-03 20:11:30,745 - INFO - Starting G&C
2025-08-03 20:11:36,129 - INFO - Finished G&C, time elapsed=5.384175062179565s
2025-08-03 20:11:36,130 - INFO - Finished seed=0
2025-08-03 20:11:36,130 - INFO - ----------------------------------------------------------------------------------------------------------------------------------------------
2025-08-03 20:11:36,130 - INFO - ----------------------------------------------------------------------------------------------------------------------------------------------
2025-08-03 20:11:36,130 - INFO - Finished student_dim=17
2025-08-03 20:11:36,130 - INFO - G&C avg gen_loss = 2.1186714133139093
2025-08-03 20:11:36,130 - INFO - ----------------------------------------------------------------------------------------------------------------------------------------------
2025-08-03 20:11:36,130 - INFO - Starting student_dim=18
2025-08-03 20:11:36,130 - INFO - Starting seed=0
2025-08-03 20:11:36,132 - INFO - A_teacher is 0.6540995836257935
2025-08-03 20:11:36,138 - INFO - Starting G&C
2025-08-03 20:11:41,469 - INFO - Finished G&C, time elapsed=5.331437826156616s
2025-08-03 20:11:41,469 - INFO - Finished seed=0
2025-08-03 20:11:41,470 - INFO - ----------------------------------------------------------------------------------------------------------------------------------------------
2025-08-03 20:11:41,470 - INFO - ----------------------------------------------------------------------------------------------------------------------------------------------
2025-08-03 20:11:41,470 - INFO - Finished student_dim=18
2025-08-03 20:11:41,470 - INFO - G&C avg gen_loss = 2.1641407426293826
2025-08-03 20:11:41,470 - INFO - ----------------------------------------------------------------------------------------------------------------------------------------------
2025-08-03 20:11:41,470 - INFO - Starting student_dim=19
2025-08-03 20:11:41,470 - INFO - Starting seed=0
2025-08-03 20:11:41,512 - INFO - A_teacher is 0.6540995836257935
2025-08-03 20:11:41,517 - INFO - Starting G&C
2025-08-03 20:11:46,995 - INFO - Finished G&C, time elapsed=5.477551221847534s
2025-08-03 20:11:46,995 - INFO - Finished seed=0
2025-08-03 20:11:46,996 - INFO - ----------------------------------------------------------------------------------------------------------------------------------------------
2025-08-03 20:11:46,996 - INFO - ----------------------------------------------------------------------------------------------------------------------------------------------
2025-08-03 20:11:46,996 - INFO - Finished student_dim=19
2025-08-03 20:11:46,996 - INFO - G&C avg gen_loss = 2.221113911751937
2025-08-03 20:11:46,996 - INFO - ----------------------------------------------------------------------------------------------------------------------------------------------
2025-08-03 20:11:47,449 - INFO - Finished experiments, results saved to results, figures saved to figures
