2025-08-04 18:08:47,364 - INFO - Using device mps.
2025-08-04 18:08:47,365 - INFO - Args: Namespace(num_seeds=1, num_measurements=1, input_e1=True, sequence_length=5, teacher_ranks=[1], student_dims=[10, 11, 12, 13, 14, 15, 16, 17, 18, 19, 20, 21, 22, 23, 24, 25, 26, 27, 28, 29, 30, 31, 32, 33, 34], calc_loss_only_on_last_output=True, eps_train=1e-14, gnc=True, gnc_num_samples=100000000, gnc_batch_size=1000000, gd=False, gd_lr=0.001, gd_epochs=1000000, gd_init_scale=0.01, gd_optimizer='adam', config=None, results_dir=PosixPath('results'), figures_dir=PosixPath('figures'), log_dir=PosixPath('logs'))
2025-08-04 18:08:47,374 - INFO - Starting teacher_rank=1
2025-08-04 18:08:47,374 - INFO - Starting student_dim=10
2025-08-04 18:08:47,375 - INFO - Starting seed=0
2025-08-04 18:08:47,380 - INFO - A_teacher is 0.5401329398155212
2025-08-04 18:08:47,404 - INFO - Starting G&C
2025-08-04 18:08:51,632 - INFO - Finished G&C, time elapsed=4.227550983428955s
2025-08-04 18:08:51,632 - INFO - Finished seed=0
2025-08-04 18:08:51,632 - INFO - ----------------------------------------------------------------------------------------------------------------------------------------------
2025-08-04 18:08:51,632 - INFO - ----------------------------------------------------------------------------------------------------------------------------------------------
2025-08-04 18:08:51,632 - INFO - Finished student_dim=10
2025-08-04 18:08:51,633 - INFO - G&C avg gen_loss = 0.9818190214810548
2025-08-04 18:08:51,633 - INFO - ----------------------------------------------------------------------------------------------------------------------------------------------
2025-08-04 18:08:51,633 - INFO - Starting student_dim=11
2025-08-04 18:08:51,633 - INFO - Starting seed=0
2025-08-04 18:08:51,634 - INFO - A_teacher is 0.6540995836257935
2025-08-04 18:08:51,637 - INFO - Starting G&C
2025-08-04 18:08:55,859 - INFO - Finished G&C, time elapsed=4.221647024154663s
2025-08-04 18:08:55,859 - INFO - Finished seed=0
2025-08-04 18:08:55,859 - INFO - ----------------------------------------------------------------------------------------------------------------------------------------------
2025-08-04 18:08:55,859 - INFO - ----------------------------------------------------------------------------------------------------------------------------------------------
2025-08-04 18:08:55,859 - INFO - Finished student_dim=11
2025-08-04 18:08:55,859 - INFO - G&C avg gen_loss = 2.057927729686101
2025-08-04 18:08:55,859 - INFO - ----------------------------------------------------------------------------------------------------------------------------------------------
2025-08-04 18:08:55,859 - INFO - Starting student_dim=12
2025-08-04 18:08:55,859 - INFO - Starting seed=0
2025-08-04 18:08:55,860 - INFO - A_teacher is 0.6540995836257935
2025-08-04 18:08:55,864 - INFO - Starting G&C
2025-08-04 18:09:00,148 - INFO - Finished G&C, time elapsed=4.284628868103027s
2025-08-04 18:09:00,149 - INFO - Finished seed=0
2025-08-04 18:09:00,149 - INFO - ----------------------------------------------------------------------------------------------------------------------------------------------
2025-08-04 18:09:00,149 - INFO - ----------------------------------------------------------------------------------------------------------------------------------------------
2025-08-04 18:09:00,149 - INFO - Finished student_dim=12
2025-08-04 18:09:00,149 - INFO - G&C avg gen_loss = 1.7376383552948633
2025-08-04 18:09:00,149 - INFO - ----------------------------------------------------------------------------------------------------------------------------------------------
2025-08-04 18:09:00,149 - INFO - Starting student_dim=13
2025-08-04 18:09:00,149 - INFO - Starting seed=0
2025-08-04 18:09:00,150 - INFO - A_teacher is 0.6540995836257935
2025-08-04 18:09:00,154 - INFO - Starting G&C
2025-08-04 18:09:04,602 - INFO - Finished G&C, time elapsed=4.448267936706543s
2025-08-04 18:09:04,602 - INFO - Finished seed=0
2025-08-04 18:09:04,602 - INFO - ----------------------------------------------------------------------------------------------------------------------------------------------
2025-08-04 18:09:04,602 - INFO - ----------------------------------------------------------------------------------------------------------------------------------------------
2025-08-04 18:09:04,602 - INFO - Finished student_dim=13
2025-08-04 18:09:04,602 - INFO - G&C avg gen_loss = 2.058310505363249
2025-08-04 18:09:04,602 - INFO - ----------------------------------------------------------------------------------------------------------------------------------------------
2025-08-04 18:09:04,602 - INFO - Starting student_dim=14
2025-08-04 18:09:04,602 - INFO - Starting seed=0
2025-08-04 18:09:04,604 - INFO - A_teacher is 0.6540995836257935
2025-08-04 18:09:04,608 - INFO - Starting G&C
2025-08-04 18:09:09,161 - INFO - Finished G&C, time elapsed=4.552773952484131s
2025-08-04 18:09:09,161 - INFO - Finished seed=0
2025-08-04 18:09:09,161 - INFO - ----------------------------------------------------------------------------------------------------------------------------------------------
2025-08-04 18:09:09,161 - INFO - ----------------------------------------------------------------------------------------------------------------------------------------------
2025-08-04 18:09:09,161 - INFO - Finished student_dim=14
2025-08-04 18:09:09,161 - INFO - G&C avg gen_loss = 2.1325865429023216
2025-08-04 18:09:09,161 - INFO - ----------------------------------------------------------------------------------------------------------------------------------------------
2025-08-04 18:09:09,162 - INFO - Starting student_dim=15
2025-08-04 18:09:09,162 - INFO - Starting seed=0
2025-08-04 18:09:09,163 - INFO - A_teacher is 0.6540995836257935
2025-08-04 18:09:09,166 - INFO - Starting G&C
2025-08-04 18:09:13,722 - INFO - Finished G&C, time elapsed=4.555994749069214s
2025-08-04 18:09:13,722 - INFO - Finished seed=0
2025-08-04 18:09:13,723 - INFO - ----------------------------------------------------------------------------------------------------------------------------------------------
2025-08-04 18:09:13,723 - INFO - ----------------------------------------------------------------------------------------------------------------------------------------------
2025-08-04 18:09:13,723 - INFO - Finished student_dim=15
2025-08-04 18:09:13,723 - INFO - G&C avg gen_loss = 1.490511697881362
2025-08-04 18:09:13,723 - INFO - ----------------------------------------------------------------------------------------------------------------------------------------------
2025-08-04 18:09:13,723 - INFO - Starting student_dim=16
2025-08-04 18:09:13,723 - INFO - Starting seed=0
2025-08-04 18:09:13,724 - INFO - A_teacher is 0.6540995836257935
2025-08-04 18:09:13,727 - INFO - Starting G&C
2025-08-04 18:09:18,420 - INFO - Finished G&C, time elapsed=4.692238807678223s
2025-08-04 18:09:18,420 - INFO - Finished seed=0
2025-08-04 18:09:18,420 - INFO - ----------------------------------------------------------------------------------------------------------------------------------------------
2025-08-04 18:09:18,420 - INFO - ----------------------------------------------------------------------------------------------------------------------------------------------
2025-08-04 18:09:18,420 - INFO - Finished student_dim=16
2025-08-04 18:09:18,420 - INFO - G&C avg gen_loss = 2.492399008185775
2025-08-04 18:09:18,420 - INFO - ----------------------------------------------------------------------------------------------------------------------------------------------
2025-08-04 18:09:18,420 - INFO - Starting student_dim=17
2025-08-04 18:09:18,420 - INFO - Starting seed=0
2025-08-04 18:09:18,421 - INFO - A_teacher is 0.6540995836257935
2025-08-04 18:09:18,426 - INFO - Starting G&C
2025-08-04 18:09:23,237 - INFO - Finished G&C, time elapsed=4.811158895492554s
2025-08-04 18:09:23,237 - INFO - Finished seed=0
2025-08-04 18:09:23,237 - INFO - ----------------------------------------------------------------------------------------------------------------------------------------------
2025-08-04 18:09:23,237 - INFO - ----------------------------------------------------------------------------------------------------------------------------------------------
2025-08-04 18:09:23,237 - INFO - Finished student_dim=17
2025-08-04 18:09:23,237 - INFO - G&C avg gen_loss = 2.413417543683733
2025-08-04 18:09:23,237 - INFO - ----------------------------------------------------------------------------------------------------------------------------------------------
2025-08-04 18:09:23,237 - INFO - Starting student_dim=18
2025-08-04 18:09:23,237 - INFO - Starting seed=0
2025-08-04 18:09:23,239 - INFO - A_teacher is 0.6540995836257935
2025-08-04 18:09:23,243 - INFO - Starting G&C
2025-08-04 18:09:28,095 - INFO - Finished G&C, time elapsed=4.852220773696899s
2025-08-04 18:09:28,095 - INFO - Finished seed=0
2025-08-04 18:09:28,096 - INFO - ----------------------------------------------------------------------------------------------------------------------------------------------
2025-08-04 18:09:28,096 - INFO - ----------------------------------------------------------------------------------------------------------------------------------------------
2025-08-04 18:09:28,096 - INFO - Finished student_dim=18
2025-08-04 18:09:28,096 - INFO - G&C avg gen_loss = 3.0094217443838716
2025-08-04 18:09:28,096 - INFO - ----------------------------------------------------------------------------------------------------------------------------------------------
2025-08-04 18:09:28,096 - INFO - Starting student_dim=19
2025-08-04 18:09:28,096 - INFO - Starting seed=0
2025-08-04 18:09:28,097 - INFO - A_teacher is 0.6540995836257935
2025-08-04 18:09:28,100 - INFO - Starting G&C
2025-08-04 18:09:33,122 - INFO - Finished G&C, time elapsed=5.0216240882873535s
2025-08-04 18:09:33,122 - INFO - Finished seed=0
2025-08-04 18:09:33,122 - INFO - ----------------------------------------------------------------------------------------------------------------------------------------------
2025-08-04 18:09:33,122 - INFO - ----------------------------------------------------------------------------------------------------------------------------------------------
2025-08-04 18:09:33,122 - INFO - Finished student_dim=19
2025-08-04 18:09:33,122 - INFO - G&C avg gen_loss = 1.8246512634413583
2025-08-04 18:09:33,122 - INFO - ----------------------------------------------------------------------------------------------------------------------------------------------
2025-08-04 18:09:33,123 - INFO - Starting student_dim=20
2025-08-04 18:09:33,123 - INFO - Starting seed=0
2025-08-04 18:09:33,124 - INFO - A_teacher is 0.6540995836257935
2025-08-04 18:09:33,127 - INFO - Starting G&C
2025-08-04 18:09:38,138 - INFO - Finished G&C, time elapsed=5.010191202163696s
2025-08-04 18:09:38,138 - INFO - Finished seed=0
2025-08-04 18:09:38,138 - INFO - ----------------------------------------------------------------------------------------------------------------------------------------------
2025-08-04 18:09:38,138 - INFO - ----------------------------------------------------------------------------------------------------------------------------------------------
2025-08-04 18:09:38,138 - INFO - Finished student_dim=20
2025-08-04 18:09:38,138 - INFO - G&C avg gen_loss = 2.4569207391431256
2025-08-04 18:09:38,138 - INFO - ----------------------------------------------------------------------------------------------------------------------------------------------
2025-08-04 18:09:38,138 - INFO - Starting student_dim=21
2025-08-04 18:09:38,138 - INFO - Starting seed=0
2025-08-04 18:09:38,139 - INFO - A_teacher is 0.6540995836257935
2025-08-04 18:09:38,143 - INFO - Starting G&C
2025-08-04 18:09:43,326 - INFO - Finished G&C, time elapsed=5.183361053466797s
2025-08-04 18:09:43,326 - INFO - Finished seed=0
2025-08-04 18:09:43,327 - INFO - ----------------------------------------------------------------------------------------------------------------------------------------------
2025-08-04 18:09:43,327 - INFO - ----------------------------------------------------------------------------------------------------------------------------------------------
2025-08-04 18:09:43,327 - INFO - Finished student_dim=21
2025-08-04 18:09:43,327 - INFO - G&C avg gen_loss = 3.5051389108685886
2025-08-04 18:09:43,327 - INFO - ----------------------------------------------------------------------------------------------------------------------------------------------
2025-08-04 18:09:43,327 - INFO - Starting student_dim=22
2025-08-04 18:09:43,327 - INFO - Starting seed=0
2025-08-04 18:09:43,328 - INFO - A_teacher is 0.6540995836257935
2025-08-04 18:09:43,331 - INFO - Starting G&C
2025-08-04 18:09:48,607 - INFO - Finished G&C, time elapsed=5.275291204452515s
2025-08-04 18:09:48,607 - INFO - Finished seed=0
2025-08-04 18:09:48,607 - INFO - ----------------------------------------------------------------------------------------------------------------------------------------------
2025-08-04 18:09:48,607 - INFO - ----------------------------------------------------------------------------------------------------------------------------------------------
2025-08-04 18:09:48,607 - INFO - Finished student_dim=22
2025-08-04 18:09:48,607 - INFO - G&C avg gen_loss = 2.0015035370985665
2025-08-04 18:09:48,607 - INFO - ----------------------------------------------------------------------------------------------------------------------------------------------
2025-08-04 18:09:48,607 - INFO - Starting student_dim=23
2025-08-04 18:09:48,607 - INFO - Starting seed=0
2025-08-04 18:09:48,609 - INFO - A_teacher is 0.6540995836257935
2025-08-04 18:09:48,612 - INFO - Starting G&C
2025-08-04 18:09:53,871 - INFO - Finished G&C, time elapsed=5.25913667678833s
2025-08-04 18:09:53,871 - INFO - Finished seed=0
2025-08-04 18:09:53,872 - INFO - ----------------------------------------------------------------------------------------------------------------------------------------------
2025-08-04 18:09:53,872 - INFO - ----------------------------------------------------------------------------------------------------------------------------------------------
2025-08-04 18:09:53,872 - INFO - Finished student_dim=23
2025-08-04 18:09:53,872 - INFO - G&C avg gen_loss = 2.229963852600618
2025-08-04 18:09:53,872 - INFO - ----------------------------------------------------------------------------------------------------------------------------------------------
2025-08-04 18:09:53,872 - INFO - Starting student_dim=24
2025-08-04 18:09:53,872 - INFO - Starting seed=0
2025-08-04 18:09:53,873 - INFO - A_teacher is 0.6540995836257935
2025-08-04 18:09:53,877 - INFO - Starting G&C
2025-08-04 18:09:59,307 - INFO - Finished G&C, time elapsed=5.429900169372559s
2025-08-04 18:09:59,307 - INFO - Finished seed=0
2025-08-04 18:09:59,308 - INFO - ----------------------------------------------------------------------------------------------------------------------------------------------
2025-08-04 18:09:59,308 - INFO - ----------------------------------------------------------------------------------------------------------------------------------------------
2025-08-04 18:09:59,308 - INFO - Finished student_dim=24
2025-08-04 18:09:59,308 - INFO - G&C avg gen_loss = 2.631810968830472
2025-08-04 18:09:59,308 - INFO - ----------------------------------------------------------------------------------------------------------------------------------------------
2025-08-04 18:09:59,308 - INFO - Starting student_dim=25
2025-08-04 18:09:59,308 - INFO - Starting seed=0
2025-08-04 18:09:59,309 - INFO - A_teacher is 0.6540995836257935
2025-08-04 18:09:59,313 - INFO - Starting G&C
2025-08-04 18:10:04,712 - INFO - Finished G&C, time elapsed=5.398946046829224s
2025-08-04 18:10:04,712 - INFO - Finished seed=0
2025-08-04 18:10:04,713 - INFO - ----------------------------------------------------------------------------------------------------------------------------------------------
2025-08-04 18:10:04,713 - INFO - ----------------------------------------------------------------------------------------------------------------------------------------------
2025-08-04 18:10:04,713 - INFO - Finished student_dim=25
2025-08-04 18:10:04,713 - INFO - G&C avg gen_loss = 2.7356075094296384
2025-08-04 18:10:04,713 - INFO - ----------------------------------------------------------------------------------------------------------------------------------------------
2025-08-04 18:10:04,713 - INFO - Starting student_dim=26
2025-08-04 18:10:04,713 - INFO - Starting seed=0
2025-08-04 18:10:04,714 - INFO - A_teacher is 0.6540995836257935
2025-08-04 18:10:04,717 - INFO - Starting G&C
2025-08-04 18:10:10,336 - INFO - Finished G&C, time elapsed=5.61894679069519s
2025-08-04 18:10:10,337 - INFO - Finished seed=0
2025-08-04 18:10:10,337 - INFO - ----------------------------------------------------------------------------------------------------------------------------------------------
2025-08-04 18:10:10,337 - INFO - ----------------------------------------------------------------------------------------------------------------------------------------------
2025-08-04 18:10:10,337 - INFO - Finished student_dim=26
2025-08-04 18:10:10,337 - INFO - G&C avg gen_loss = 2.569908246397972
2025-08-04 18:10:10,337 - INFO - ----------------------------------------------------------------------------------------------------------------------------------------------
2025-08-04 18:10:10,337 - INFO - Starting student_dim=27
2025-08-04 18:10:10,337 - INFO - Starting seed=0
2025-08-04 18:10:10,338 - INFO - A_teacher is 0.6540995836257935
2025-08-04 18:10:10,342 - INFO - Starting G&C
2025-08-04 18:10:16,017 - INFO - Finished G&C, time elapsed=5.674925804138184s
2025-08-04 18:10:16,017 - INFO - Finished seed=0
2025-08-04 18:10:16,017 - INFO - ----------------------------------------------------------------------------------------------------------------------------------------------
2025-08-04 18:10:16,017 - INFO - ----------------------------------------------------------------------------------------------------------------------------------------------
2025-08-04 18:10:16,017 - INFO - Finished student_dim=27
2025-08-04 18:10:16,017 - INFO - G&C avg gen_loss = 1.8908423998139121
2025-08-04 18:10:16,017 - INFO - ----------------------------------------------------------------------------------------------------------------------------------------------
2025-08-04 18:10:16,017 - INFO - Starting student_dim=28
2025-08-04 18:10:16,018 - INFO - Starting seed=0
2025-08-04 18:10:16,019 - INFO - A_teacher is 0.6540995836257935
2025-08-04 18:10:16,022 - INFO - Starting G&C
2025-08-04 18:10:21,805 - INFO - Finished G&C, time elapsed=5.783026933670044s
2025-08-04 18:10:21,806 - INFO - Finished seed=0
2025-08-04 18:10:21,806 - INFO - ----------------------------------------------------------------------------------------------------------------------------------------------
2025-08-04 18:10:21,806 - INFO - ----------------------------------------------------------------------------------------------------------------------------------------------
2025-08-04 18:10:21,806 - INFO - Finished student_dim=28
2025-08-04 18:10:21,806 - INFO - G&C avg gen_loss = 2.5703673084576923
2025-08-04 18:10:21,806 - INFO - ----------------------------------------------------------------------------------------------------------------------------------------------
2025-08-04 18:10:21,806 - INFO - Starting student_dim=29
2025-08-04 18:10:21,806 - INFO - Starting seed=0
2025-08-04 18:10:21,807 - INFO - A_teacher is 0.6540995836257935
2025-08-04 18:10:21,811 - INFO - Starting G&C
2025-08-04 18:10:27,915 - INFO - Finished G&C, time elapsed=6.103207111358643s
2025-08-04 18:10:27,915 - INFO - Finished seed=0
2025-08-04 18:10:27,915 - INFO - ----------------------------------------------------------------------------------------------------------------------------------------------
2025-08-04 18:10:27,915 - INFO - ----------------------------------------------------------------------------------------------------------------------------------------------
2025-08-04 18:10:27,915 - INFO - Finished student_dim=29
2025-08-04 18:10:27,915 - INFO - G&C avg gen_loss = 2.659730315208435
2025-08-04 18:10:27,915 - INFO - ----------------------------------------------------------------------------------------------------------------------------------------------
2025-08-04 18:10:27,915 - INFO - Starting student_dim=30
2025-08-04 18:10:27,915 - INFO - Starting seed=0
2025-08-04 18:10:27,917 - INFO - A_teacher is 0.6540995836257935
2025-08-04 18:10:27,921 - INFO - Starting G&C
2025-08-04 18:10:33,822 - INFO - Finished G&C, time elapsed=5.900845766067505s
2025-08-04 18:10:33,822 - INFO - Finished seed=0
2025-08-04 18:10:33,822 - INFO - ----------------------------------------------------------------------------------------------------------------------------------------------
2025-08-04 18:10:33,822 - INFO - ----------------------------------------------------------------------------------------------------------------------------------------------
2025-08-04 18:10:33,822 - INFO - Finished student_dim=30
2025-08-04 18:10:33,823 - INFO - G&C avg gen_loss = 2.4011088609695435
2025-08-04 18:10:33,823 - INFO - ----------------------------------------------------------------------------------------------------------------------------------------------
2025-08-04 18:10:33,823 - INFO - Starting student_dim=31
2025-08-04 18:10:33,823 - INFO - Starting seed=0
2025-08-04 18:10:33,824 - INFO - A_teacher is 0.6540995836257935
2025-08-04 18:10:33,828 - INFO - Starting G&C
2025-08-04 18:10:40,199 - INFO - Finished G&C, time elapsed=6.3709259033203125s
2025-08-04 18:10:40,199 - INFO - Finished seed=0
2025-08-04 18:10:40,199 - INFO - ----------------------------------------------------------------------------------------------------------------------------------------------
2025-08-04 18:10:40,199 - INFO - ----------------------------------------------------------------------------------------------------------------------------------------------
2025-08-04 18:10:40,199 - INFO - Finished student_dim=31
2025-08-04 18:10:40,199 - INFO - G&C avg gen_loss = 2.9767116563660756
2025-08-04 18:10:40,199 - INFO - ----------------------------------------------------------------------------------------------------------------------------------------------
2025-08-04 18:10:40,200 - INFO - Starting student_dim=32
2025-08-04 18:10:40,200 - INFO - Starting seed=0
2025-08-04 18:10:40,201 - INFO - A_teacher is 0.6540995836257935
2025-08-04 18:10:40,204 - INFO - Starting G&C
2025-08-04 18:10:46,550 - INFO - Finished G&C, time elapsed=6.345571041107178s
2025-08-04 18:10:46,550 - INFO - Finished seed=0
2025-08-04 18:10:46,550 - INFO - ----------------------------------------------------------------------------------------------------------------------------------------------
2025-08-04 18:10:46,550 - INFO - ----------------------------------------------------------------------------------------------------------------------------------------------
2025-08-04 18:10:46,550 - INFO - Finished student_dim=32
2025-08-04 18:10:46,551 - INFO - G&C avg gen_loss = 2.1481020748615265
2025-08-04 18:10:46,551 - INFO - ----------------------------------------------------------------------------------------------------------------------------------------------
2025-08-04 18:10:46,551 - INFO - Starting student_dim=33
2025-08-04 18:10:46,551 - INFO - Starting seed=0
2025-08-04 18:10:46,552 - INFO - A_teacher is 0.6540995836257935
2025-08-04 18:10:46,555 - INFO - Starting G&C
2025-08-04 18:10:53,261 - INFO - Finished G&C, time elapsed=6.705878973007202s
2025-08-04 18:10:53,262 - INFO - Finished seed=0
2025-08-04 18:10:53,262 - INFO - ----------------------------------------------------------------------------------------------------------------------------------------------
2025-08-04 18:10:53,262 - INFO - ----------------------------------------------------------------------------------------------------------------------------------------------
2025-08-04 18:10:53,262 - INFO - Finished student_dim=33
2025-08-04 18:10:53,262 - INFO - G&C avg gen_loss = 1.563172195638929
2025-08-04 18:10:53,262 - INFO - ----------------------------------------------------------------------------------------------------------------------------------------------
2025-08-04 18:10:53,262 - INFO - Starting student_dim=34
2025-08-04 18:10:53,262 - INFO - Starting seed=0
2025-08-04 18:10:53,263 - INFO - A_teacher is 0.6540995836257935
2025-08-04 18:10:53,267 - INFO - Starting G&C
2025-08-04 18:11:00,104 - INFO - Finished G&C, time elapsed=6.837275981903076s
2025-08-04 18:11:00,105 - INFO - Finished seed=0
2025-08-04 18:11:00,106 - INFO - ----------------------------------------------------------------------------------------------------------------------------------------------
2025-08-04 18:11:00,106 - INFO - ----------------------------------------------------------------------------------------------------------------------------------------------
2025-08-04 18:11:00,106 - INFO - Finished student_dim=34
2025-08-04 18:11:00,106 - INFO - G&C avg gen_loss = 4.528340528408687
2025-08-04 18:11:00,106 - INFO - ----------------------------------------------------------------------------------------------------------------------------------------------
2025-08-04 18:11:00,376 - INFO - Finished experiments, results saved to results_gnc_seq_len=5_num_measurements=1_input_e1=True_time=20250804-181100.csv, figures saved to plot_gnc_seq_len=5_num_measurements=1_input_e1=True_time=20250804-181100
