2025-08-03 20:12:20,993 - INFO - Using device mps.
2025-08-03 20:12:20,993 - INFO - Args: Namespace(num_seeds=1, num_measurements=1, input_e1=True, sequence_length=5, teacher_ranks=[1], student_dims=[3, 4, 5, 6, 7, 8, 9, 10, 11, 12, 13, 14, 15, 16, 17, 18, 19], calc_loss_only_on_last_output=True, eps_train=1e-07, gnc=True, gnc_num_samples=100000000, gnc_batch_size=10000000, gd=False, gd_lr=0.01, gd_epochs=100000, gd_init_scale=0.01, gd_optimizer='adam', config=None, results_dir=PosixPath('results'), figures_dir=PosixPath('figures'), log_dir=PosixPath('logs'))
2025-08-03 20:12:21,002 - INFO - Starting teacher_rank=1
2025-08-03 20:12:21,002 - INFO - Starting student_dim=3
2025-08-03 20:12:21,002 - INFO - Starting seed=0
2025-08-03 20:12:21,009 - INFO - A_teacher is 0.5635274648666382
2025-08-03 20:12:21,033 - INFO - Starting G&C
2025-08-03 20:12:24,690 - INFO - Finished G&C, time elapsed=3.6569478511810303s
2025-08-03 20:12:24,690 - INFO - Finished seed=0
2025-08-03 20:12:24,691 - INFO - ----------------------------------------------------------------------------------------------------------------------------------------------
2025-08-03 20:12:24,691 - INFO - ----------------------------------------------------------------------------------------------------------------------------------------------
2025-08-03 20:12:24,691 - INFO - Finished student_dim=3
2025-08-03 20:12:24,691 - INFO - G&C avg gen_loss = 0.8225636755242296
2025-08-03 20:12:24,691 - INFO - ----------------------------------------------------------------------------------------------------------------------------------------------
2025-08-03 20:12:24,691 - INFO - Starting student_dim=4
2025-08-03 20:12:24,691 - INFO - Starting seed=0
2025-08-03 20:12:24,692 - INFO - A_teacher is 0.6540995836257935
2025-08-03 20:12:24,696 - INFO - Starting G&C
2025-08-03 20:12:28,364 - INFO - Finished G&C, time elapsed=3.6687400341033936s
2025-08-03 20:12:28,364 - INFO - Finished seed=0
2025-08-03 20:12:28,365 - INFO - ----------------------------------------------------------------------------------------------------------------------------------------------
2025-08-03 20:12:28,365 - INFO - ----------------------------------------------------------------------------------------------------------------------------------------------
2025-08-03 20:12:28,365 - INFO - Finished student_dim=4
2025-08-03 20:12:28,365 - INFO - G&C avg gen_loss = 1.252568709589922
2025-08-03 20:12:28,365 - INFO - ----------------------------------------------------------------------------------------------------------------------------------------------
2025-08-03 20:12:28,365 - INFO - Starting student_dim=5
2025-08-03 20:12:28,365 - INFO - Starting seed=0
2025-08-03 20:12:28,366 - INFO - A_teacher is 0.6540995836257935
2025-08-03 20:12:28,369 - INFO - Starting G&C
2025-08-03 20:12:32,128 - INFO - Finished G&C, time elapsed=3.7580373287200928s
2025-08-03 20:12:32,128 - INFO - Finished seed=0
2025-08-03 20:12:32,128 - INFO - ----------------------------------------------------------------------------------------------------------------------------------------------
2025-08-03 20:12:32,128 - INFO - ----------------------------------------------------------------------------------------------------------------------------------------------
2025-08-03 20:12:32,128 - INFO - Finished student_dim=5
2025-08-03 20:12:32,128 - INFO - G&C avg gen_loss = 1.3345053119318322
2025-08-03 20:12:32,128 - INFO - ----------------------------------------------------------------------------------------------------------------------------------------------
2025-08-03 20:12:32,128 - INFO - Starting student_dim=6
2025-08-03 20:12:32,128 - INFO - Starting seed=0
2025-08-03 20:12:32,129 - INFO - A_teacher is 0.6540995836257935
2025-08-03 20:12:32,133 - INFO - Starting G&C
2025-08-03 20:12:35,983 - INFO - Finished G&C, time elapsed=3.8505709171295166s
2025-08-03 20:12:35,983 - INFO - Finished seed=0
2025-08-03 20:12:35,984 - INFO - ----------------------------------------------------------------------------------------------------------------------------------------------
2025-08-03 20:12:35,984 - INFO - ----------------------------------------------------------------------------------------------------------------------------------------------
2025-08-03 20:12:35,984 - INFO - Finished student_dim=6
2025-08-03 20:12:35,984 - INFO - G&C avg gen_loss = 1.3986446285700789
2025-08-03 20:12:35,984 - INFO - ----------------------------------------------------------------------------------------------------------------------------------------------
2025-08-03 20:12:35,984 - INFO - Starting student_dim=7
2025-08-03 20:12:35,984 - INFO - Starting seed=0
2025-08-03 20:12:35,985 - INFO - A_teacher is 0.6540995836257935
2025-08-03 20:12:35,988 - INFO - Starting G&C
2025-08-03 20:12:39,955 - INFO - Finished G&C, time elapsed=3.966341257095337s
2025-08-03 20:12:39,955 - INFO - Finished seed=0
2025-08-03 20:12:39,955 - INFO - ----------------------------------------------------------------------------------------------------------------------------------------------
2025-08-03 20:12:39,955 - INFO - ----------------------------------------------------------------------------------------------------------------------------------------------
2025-08-03 20:12:39,955 - INFO - Finished student_dim=7
2025-08-03 20:12:39,955 - INFO - G&C avg gen_loss = 1.476654226049167
2025-08-03 20:12:39,955 - INFO - ----------------------------------------------------------------------------------------------------------------------------------------------
2025-08-03 20:12:39,955 - INFO - Starting student_dim=8
2025-08-03 20:12:39,955 - INFO - Starting seed=0
2025-08-03 20:12:39,957 - INFO - A_teacher is 0.6540995836257935
2025-08-03 20:12:39,960 - INFO - Starting G&C
2025-08-03 20:12:44,148 - INFO - Finished G&C, time elapsed=4.188004016876221s
2025-08-03 20:12:44,148 - INFO - Finished seed=0
2025-08-03 20:12:44,148 - INFO - ----------------------------------------------------------------------------------------------------------------------------------------------
2025-08-03 20:12:44,148 - INFO - ----------------------------------------------------------------------------------------------------------------------------------------------
2025-08-03 20:12:44,148 - INFO - Finished student_dim=8
2025-08-03 20:12:44,148 - INFO - G&C avg gen_loss = 1.5461074870465084
2025-08-03 20:12:44,148 - INFO - ----------------------------------------------------------------------------------------------------------------------------------------------
2025-08-03 20:12:44,148 - INFO - Starting student_dim=9
2025-08-03 20:12:44,149 - INFO - Starting seed=0
2025-08-03 20:12:44,149 - INFO - A_teacher is 0.6540995836257935
2025-08-03 20:12:44,153 - INFO - Starting G&C
2025-08-03 20:12:48,492 - INFO - Finished G&C, time elapsed=4.339607000350952s
2025-08-03 20:12:48,493 - INFO - Finished seed=0
2025-08-03 20:12:48,493 - INFO - ----------------------------------------------------------------------------------------------------------------------------------------------
2025-08-03 20:12:48,494 - INFO - ----------------------------------------------------------------------------------------------------------------------------------------------
2025-08-03 20:12:48,494 - INFO - Finished student_dim=9
2025-08-03 20:12:48,494 - INFO - G&C avg gen_loss = 1.6134455742402134
2025-08-03 20:12:48,494 - INFO - ----------------------------------------------------------------------------------------------------------------------------------------------
2025-08-03 20:12:48,494 - INFO - Starting student_dim=10
2025-08-03 20:12:48,494 - INFO - Starting seed=0
2025-08-03 20:12:48,495 - INFO - A_teacher is 0.6540995836257935
2025-08-03 20:12:48,498 - INFO - Starting G&C
2025-08-03 20:12:53,042 - INFO - Finished G&C, time elapsed=4.543655872344971s
2025-08-03 20:12:53,042 - INFO - Finished seed=0
2025-08-03 20:12:53,042 - INFO - ----------------------------------------------------------------------------------------------------------------------------------------------
2025-08-03 20:12:53,042 - INFO - ----------------------------------------------------------------------------------------------------------------------------------------------
2025-08-03 20:12:53,043 - INFO - Finished student_dim=10
2025-08-03 20:12:53,043 - INFO - G&C avg gen_loss = 1.6791794094907049
2025-08-03 20:12:53,043 - INFO - ----------------------------------------------------------------------------------------------------------------------------------------------
2025-08-03 20:12:53,043 - INFO - Starting student_dim=11
2025-08-03 20:12:53,043 - INFO - Starting seed=0
2025-08-03 20:12:53,044 - INFO - A_teacher is 0.6540995836257935
2025-08-03 20:12:53,047 - INFO - Starting G&C
2025-08-03 20:12:57,937 - INFO - Finished G&C, time elapsed=4.889653205871582s
2025-08-03 20:12:57,938 - INFO - Finished seed=0
2025-08-03 20:12:57,938 - INFO - ----------------------------------------------------------------------------------------------------------------------------------------------
2025-08-03 20:12:57,938 - INFO - ----------------------------------------------------------------------------------------------------------------------------------------------
2025-08-03 20:12:57,938 - INFO - Finished student_dim=11
2025-08-03 20:12:57,938 - INFO - G&C avg gen_loss = 1.7573845454827934
2025-08-03 20:12:57,938 - INFO - ----------------------------------------------------------------------------------------------------------------------------------------------
2025-08-03 20:12:57,939 - INFO - Starting student_dim=12
2025-08-03 20:12:57,939 - INFO - Starting seed=0
2025-08-03 20:12:57,940 - INFO - A_teacher is 0.6540995836257935
2025-08-03 20:12:57,944 - INFO - Starting G&C
2025-08-03 20:13:02,857 - INFO - Finished G&C, time elapsed=4.913190126419067s
2025-08-03 20:13:02,857 - INFO - Finished seed=0
2025-08-03 20:13:02,858 - INFO - ----------------------------------------------------------------------------------------------------------------------------------------------
2025-08-03 20:13:02,858 - INFO - ----------------------------------------------------------------------------------------------------------------------------------------------
2025-08-03 20:13:02,858 - INFO - Finished student_dim=12
2025-08-03 20:13:02,858 - INFO - G&C avg gen_loss = 1.8122705890036426
2025-08-03 20:13:02,858 - INFO - ----------------------------------------------------------------------------------------------------------------------------------------------
2025-08-03 20:13:02,858 - INFO - Starting student_dim=13
2025-08-03 20:13:02,858 - INFO - Starting seed=0
2025-08-03 20:13:02,859 - INFO - A_teacher is 0.6540995836257935
2025-08-03 20:13:02,864 - INFO - Starting G&C
2025-08-03 20:13:08,082 - INFO - Finished G&C, time elapsed=5.218039035797119s
2025-08-03 20:13:08,082 - INFO - Finished seed=0
2025-08-03 20:13:08,083 - INFO - ----------------------------------------------------------------------------------------------------------------------------------------------
2025-08-03 20:13:08,083 - INFO - ----------------------------------------------------------------------------------------------------------------------------------------------
2025-08-03 20:13:08,083 - INFO - Finished student_dim=13
2025-08-03 20:13:08,083 - INFO - G&C avg gen_loss = 1.8676441458356174
2025-08-03 20:13:08,083 - INFO - ----------------------------------------------------------------------------------------------------------------------------------------------
2025-08-03 20:13:08,083 - INFO - Starting student_dim=14
2025-08-03 20:13:08,083 - INFO - Starting seed=0
2025-08-03 20:13:08,095 - INFO - A_teacher is 0.6540995836257935
2025-08-03 20:13:08,100 - INFO - Starting G&C
2025-08-03 20:13:14,574 - INFO - Finished G&C, time elapsed=6.473428010940552s
2025-08-03 20:13:14,575 - INFO - Finished seed=0
2025-08-03 20:13:14,575 - INFO - ----------------------------------------------------------------------------------------------------------------------------------------------
2025-08-03 20:13:14,575 - INFO - ----------------------------------------------------------------------------------------------------------------------------------------------
2025-08-03 20:13:14,575 - INFO - Finished student_dim=14
2025-08-03 20:13:14,576 - INFO - G&C avg gen_loss = 1.9406138031926878
2025-08-03 20:13:14,576 - INFO - ----------------------------------------------------------------------------------------------------------------------------------------------
2025-08-03 20:13:14,576 - INFO - Starting student_dim=15
2025-08-03 20:13:14,576 - INFO - Starting seed=0
2025-08-03 20:13:14,577 - INFO - A_teacher is 0.6540995836257935
2025-08-03 20:13:14,584 - INFO - Starting G&C
2025-08-03 20:13:21,916 - INFO - Finished G&C, time elapsed=7.3314528465271s
2025-08-03 20:13:21,917 - INFO - Finished seed=0
2025-08-03 20:13:21,917 - INFO - ----------------------------------------------------------------------------------------------------------------------------------------------
2025-08-03 20:13:21,917 - INFO - ----------------------------------------------------------------------------------------------------------------------------------------------
2025-08-03 20:13:21,917 - INFO - Finished student_dim=15
2025-08-03 20:13:21,918 - INFO - G&C avg gen_loss = 2.000913220622696
2025-08-03 20:13:21,918 - INFO - ----------------------------------------------------------------------------------------------------------------------------------------------
2025-08-03 20:13:21,918 - INFO - Starting student_dim=16
2025-08-03 20:13:21,918 - INFO - Starting seed=0
2025-08-03 20:13:21,920 - INFO - A_teacher is 0.6540995836257935
2025-08-03 20:13:21,927 - INFO - Starting G&C
2025-08-03 20:13:27,583 - INFO - Finished G&C, time elapsed=5.655181646347046s
2025-08-03 20:13:27,583 - INFO - Finished seed=0
2025-08-03 20:13:27,584 - INFO - ----------------------------------------------------------------------------------------------------------------------------------------------
2025-08-03 20:13:27,584 - INFO - ----------------------------------------------------------------------------------------------------------------------------------------------
2025-08-03 20:13:27,584 - INFO - Finished student_dim=16
2025-08-03 20:13:27,584 - INFO - G&C avg gen_loss = 2.0506094041506366
2025-08-03 20:13:27,584 - INFO - ----------------------------------------------------------------------------------------------------------------------------------------------
2025-08-03 20:13:27,584 - INFO - Starting student_dim=17
2025-08-03 20:13:27,584 - INFO - Starting seed=0
2025-08-03 20:13:27,585 - INFO - A_teacher is 0.6540995836257935
2025-08-03 20:13:27,590 - INFO - Starting G&C
2025-08-03 20:13:33,002 - INFO - Finished G&C, time elapsed=5.41169810295105s
2025-08-03 20:13:33,003 - INFO - Finished seed=0
2025-08-03 20:13:33,003 - INFO - ----------------------------------------------------------------------------------------------------------------------------------------------
2025-08-03 20:13:33,003 - INFO - ----------------------------------------------------------------------------------------------------------------------------------------------
2025-08-03 20:13:33,003 - INFO - Finished student_dim=17
2025-08-03 20:13:33,003 - INFO - G&C avg gen_loss = 2.11402817080692
2025-08-03 20:13:33,003 - INFO - ----------------------------------------------------------------------------------------------------------------------------------------------
2025-08-03 20:13:33,003 - INFO - Starting student_dim=18
2025-08-03 20:13:33,003 - INFO - Starting seed=0
2025-08-03 20:13:33,005 - INFO - A_teacher is 0.6540995836257935
2025-08-03 20:13:33,012 - INFO - Starting G&C
2025-08-03 20:13:38,358 - INFO - Finished G&C, time elapsed=5.346235036849976s
2025-08-03 20:13:38,358 - INFO - Finished seed=0
2025-08-03 20:13:38,358 - INFO - ----------------------------------------------------------------------------------------------------------------------------------------------
2025-08-03 20:13:38,358 - INFO - ----------------------------------------------------------------------------------------------------------------------------------------------
2025-08-03 20:13:38,358 - INFO - Finished student_dim=18
2025-08-03 20:13:38,358 - INFO - G&C avg gen_loss = 2.1630086332478506
2025-08-03 20:13:38,358 - INFO - ----------------------------------------------------------------------------------------------------------------------------------------------
2025-08-03 20:13:38,358 - INFO - Starting student_dim=19
2025-08-03 20:13:38,359 - INFO - Starting seed=0
2025-08-03 20:13:38,360 - INFO - A_teacher is 0.6540995836257935
2025-08-03 20:13:38,364 - INFO - Starting G&C
2025-08-03 20:13:43,649 - INFO - Finished G&C, time elapsed=5.284708023071289s
2025-08-03 20:13:43,649 - INFO - Finished seed=0
2025-08-03 20:13:43,650 - INFO - ----------------------------------------------------------------------------------------------------------------------------------------------
2025-08-03 20:13:43,650 - INFO - ----------------------------------------------------------------------------------------------------------------------------------------------
2025-08-03 20:13:43,650 - INFO - Finished student_dim=19
2025-08-03 20:13:43,650 - INFO - G&C avg gen_loss = 2.2188229864978677
2025-08-03 20:13:43,650 - INFO - ----------------------------------------------------------------------------------------------------------------------------------------------
2025-08-03 20:13:43,906 - INFO - Finished experiments, results saved to results, figures saved to figures
