2025-08-02 08:42:22,346 - INFO - Using device mps.
2025-08-02 08:42:22,346 - INFO - Args: Namespace(num_seeds=4, num_measurements=1, sequence_length=4, teacher_ranks=[1], student_dims=[3, 4, 5, 6, 7, 8, 9, 10, 11, 12, 13, 14, 15, 16, 17, 18, 19], calc_loss_only_on_last_output=True, eps_train=1e-05, gnc=False, gnc_num_samples=100000000, gnc_batch_size=10000000, gd=True, gd_lr=0.0001, gd_epochs=1000000, gd_init_scale=0.01, gd_optimizer='gd', config=None, results_dir=PosixPath('results'), figures_dir=PosixPath('figures'), log_dir=PosixPath('logs'))
2025-08-02 08:42:22,356 - INFO - Starting teacher_rank=1
2025-08-02 08:42:22,356 - INFO - Starting student_dim=3
2025-08-02 08:42:22,356 - INFO - Starting seed=0
2025-08-02 08:42:22,363 - INFO - A_teacher is 0.42398136854171753
2025-08-02 08:42:22,394 - INFO - Starting GD
2025-08-02 08:42:22,932 - INFO - initial model: max A_j index: 0
2025-08-02 08:42:22,933 - INFO - initial model: A values are [0.01540996041148901, -0.0029342889320105314, -0.021787893027067184]
2025-08-02 11:34:24,416 - INFO - final model: max A_j index: 0
2025-08-02 11:34:24,416 - INFO - final model: A values are [0.14008381962776184, 0.12720352411270142, 0.11452260613441467]
2025-08-02 11:34:24,421 - INFO - final model: average A value: 0.12726998329162598
2025-08-02 11:34:24,424 - INFO - final model: variance of A values: 0.00016334722749888897
2025-08-02 11:34:24,424 - INFO - train loss is 1.6816558146004468e-09
2025-08-02 11:34:24,424 - INFO - impulse response loss is 0.02378450334072113
2025-08-02 11:34:24,430 - INFO - Finished GD, time elapsed=10322.03622674942s
2025-08-02 11:34:24,430 - INFO - Finished seed=0
2025-08-02 11:34:24,430 - INFO - Starting seed=1
2025-08-02 11:34:24,431 - INFO - A_teacher is 0.556843101978302
2025-08-02 11:34:24,432 - INFO - Starting GD
2025-08-02 11:34:24,437 - INFO - initial model: max A_j index: 0
2025-08-02 11:34:24,437 - INFO - initial model: A values are [0.006613521371036768, 0.0026692410465329885, 0.0006167725659906864]
2025-08-02 12:01:17,039 - INFO - final model: max A_j index: 0
2025-08-02 12:01:17,039 - INFO - final model: A values are [-0.1978638619184494, -0.20631062984466553, -0.21066071093082428]
2025-08-02 12:01:17,040 - INFO - final model: average A value: -0.20494507253170013
2025-08-02 12:01:17,040 - INFO - final model: variance of A values: 4.2338408093200997e-05
2025-08-02 12:01:17,040 - INFO - train loss is 1.924490788951516e-09
2025-08-02 12:01:17,040 - INFO - impulse response loss is 1.4460973739624023
2025-08-02 12:01:17,045 - INFO - Finished GD, time elapsed=1612.61336684227s
2025-08-02 12:01:17,046 - INFO - Finished seed=1
2025-08-02 12:01:17,046 - INFO - Starting seed=2
2025-08-02 12:01:17,047 - INFO - A_teacher is 0.5621317625045776
2025-08-02 12:01:17,047 - INFO - Starting GD
2025-08-02 12:01:17,048 - INFO - initial model: max A_j index: 0
2025-08-02 12:01:17,048 - INFO - initial model: A values are [0.0039229681715369225, -0.0022356400731951, -0.0031950026750564575]
2025-08-02 13:04:43,961 - INFO - final model: max A_j index: 0
2025-08-02 13:04:43,961 - INFO - final model: A values are [0.213762104511261, 0.2070791870355606, 0.20603933930397034]
2025-08-02 13:04:43,962 - INFO - final model: average A value: 0.20896022021770477
2025-08-02 13:04:43,962 - INFO - final model: variance of A values: 1.7563963410793804e-05
2025-08-02 13:04:43,962 - INFO - train loss is 5.049436979653876e-10
2025-08-02 13:04:43,962 - INFO - impulse response loss is 0.06097453832626343
2025-08-02 13:04:43,971 - INFO - Finished GD, time elapsed=3806.9231972694397s
2025-08-02 13:04:43,971 - INFO - Finished seed=2
2025-08-02 13:04:43,971 - INFO - Starting seed=3
2025-08-02 13:04:43,971 - INFO - A_teacher is 0.3794962763786316
2025-08-02 13:04:43,972 - INFO - Starting GD
2025-08-02 13:04:43,973 - INFO - initial model: max A_j index: 0
2025-08-02 13:04:43,974 - INFO - initial model: A values are [0.008032760582864285, 0.0017483338015154004, 0.0008897809311747551]
2025-08-02 13:39:36,572 - INFO - final model: max A_j index: 0
2025-08-02 13:39:36,572 - INFO - final model: A values are [0.12294073402881622, 0.11777477711439133, 0.1170724630355835]
2025-08-02 13:39:36,573 - INFO - final model: average A value: 0.11926265805959702
2025-08-02 13:39:36,573 - INFO - final model: variance of A values: 1.0269493941450492e-05
2025-08-02 13:39:36,573 - INFO - train loss is 1.5853061086090747e-09
2025-08-02 13:39:36,573 - INFO - impulse response loss is 0.01319420151412487
2025-08-02 13:39:36,581 - INFO - Finished GD, time elapsed=2092.608444929123s
2025-08-02 13:39:36,581 - INFO - Finished seed=3
2025-08-02 13:39:36,581 - INFO - ----------------------------------------------------------------------------------------------------------------------------------------------
2025-08-02 13:39:36,581 - INFO - ----------------------------------------------------------------------------------------------------------------------------------------------
2025-08-02 13:39:36,581 - INFO - Finished student_dim=3 with G&C avg gen_loss = 0.0, GD avg gen_loss = 0.38601265428587794
2025-08-02 13:39:36,581 - INFO - ----------------------------------------------------------------------------------------------------------------------------------------------
2025-08-02 13:39:36,581 - INFO - Starting student_dim=4
2025-08-02 13:39:36,582 - INFO - Starting seed=0
2025-08-02 13:39:36,582 - INFO - A_teacher is 0.4386281967163086
2025-08-02 13:39:36,587 - INFO - Starting GD
2025-08-02 13:39:36,591 - INFO - initial model: max A_j index: 0
2025-08-02 13:39:36,591 - INFO - initial model: A values are [0.01540996041148901, -0.0029342889320105314, -0.021787893027067184, 0.005684312433004379]
2025-08-02 14:22:23,926 - INFO - final model: max A_j index: 0
2025-08-02 14:22:23,927 - INFO - final model: A values are [-0.039410170167684555, -0.06708461791276932, -0.09556613117456436, -0.05408719927072525]
2025-08-02 14:22:23,932 - INFO - final model: average A value: -0.064037024974823
2025-08-02 14:22:23,936 - INFO - final model: variance of A values: 0.0005696178413927555
2025-08-02 14:22:23,936 - INFO - train loss is 3.637978807091713e-10
2025-08-02 14:22:23,936 - INFO - impulse response loss is 0.5204474925994873
2025-08-02 14:22:23,943 - INFO - Finished GD, time elapsed=2567.356411933899s
2025-08-02 14:22:23,943 - INFO - Finished seed=0
2025-08-02 14:22:23,943 - INFO - Starting seed=1
2025-08-02 14:22:23,944 - INFO - A_teacher is 0.3915477693080902
2025-08-02 14:22:23,945 - INFO - Starting GD
2025-08-02 14:22:23,946 - INFO - initial model: max A_j index: 0
2025-08-02 14:22:23,947 - INFO - initial model: A values are [0.006613521371036768, 0.0026692410465329885, 0.0006167725659906864, 0.006213173270225525]
2025-08-02 15:04:46,313 - INFO - final model: max A_j index: 0
2025-08-02 15:04:46,313 - INFO - final model: A values are [0.09135543555021286, 0.08724775165319443, 0.08510461449623108, 0.09093914926052094]
2025-08-02 15:04:46,314 - INFO - final model: average A value: 0.08866173774003983
2025-08-02 15:04:46,314 - INFO - final model: variance of A values: 9.031698027683888e-06
2025-08-02 15:04:46,314 - INFO - train loss is 4.502567485520359e-10
2025-08-02 15:04:46,314 - INFO - impulse response loss is 0.019482016563415527
2025-08-02 15:04:46,323 - INFO - Finished GD, time elapsed=2542.37730717659s
2025-08-02 15:04:46,323 - INFO - Finished seed=1
2025-08-02 15:04:46,323 - INFO - Starting seed=2
2025-08-02 15:04:46,324 - INFO - A_teacher is 0.45480939745903015
2025-08-02 15:04:46,325 - INFO - Starting GD
2025-08-02 15:04:46,326 - INFO - initial model: max A_j index: 0
2025-08-02 15:04:46,326 - INFO - initial model: A values are [0.0039229681715369225, -0.0022356400731951, -0.0031950026750564575, -0.012050370685756207]
2025-08-02 15:48:34,625 - INFO - final model: max A_j index: 0
2025-08-02 15:48:34,625 - INFO - final model: A values are [-0.06676489114761353, -0.07646704465150833, -0.07797740399837494, -0.09190791100263596]
2025-08-02 15:48:34,625 - INFO - final model: average A value: -0.07827931642532349
2025-08-02 15:48:34,625 - INFO - final model: variance of A values: 0.00010723201557993889
2025-08-02 15:48:34,625 - INFO - train loss is 7.914877642178908e-10
2025-08-02 15:48:34,625 - INFO - impulse response loss is 0.632072389125824
2025-08-02 15:48:34,638 - INFO - Finished GD, time elapsed=2628.313771009445s
2025-08-02 15:48:34,638 - INFO - Finished seed=2
2025-08-02 15:48:34,639 - INFO - Starting seed=3
2025-08-02 15:48:34,640 - INFO - A_teacher is 0.6044463515281677
2025-08-02 15:48:34,641 - INFO - Starting GD
2025-08-02 15:48:34,643 - INFO - initial model: max A_j index: 0
2025-08-02 15:48:34,643 - INFO - initial model: A values are [0.008032760582864285, 0.0017483338015154004, 0.0008897809311747551, -0.006137180142104626]
2025-08-02 16:15:49,464 - INFO - final model: max A_j index: 0
2025-08-02 16:15:49,466 - INFO - final model: A values are [0.16929243505001068, 0.161489337682724, 0.1604182869195938, 0.1516202688217163]
2025-08-02 16:15:49,466 - INFO - final model: average A value: 0.1607050895690918
2025-08-02 16:15:49,467 - INFO - final model: variance of A values: 5.2324590797070414e-05
2025-08-02 16:15:49,467 - INFO - train loss is 2.9939570822534733e-09
2025-08-02 16:15:49,467 - INFO - impulse response loss is 0.11174255609512329
2025-08-02 16:15:49,476 - INFO - Finished GD, time elapsed=1634.834853887558s
2025-08-02 16:15:49,476 - INFO - Finished seed=3
2025-08-02 16:15:49,476 - INFO - ----------------------------------------------------------------------------------------------------------------------------------------------
2025-08-02 16:15:49,476 - INFO - ----------------------------------------------------------------------------------------------------------------------------------------------
2025-08-02 16:15:49,476 - INFO - Finished student_dim=4 with G&C avg gen_loss = 0.0, GD avg gen_loss = 0.3209361135959625
2025-08-02 16:15:49,476 - INFO - ----------------------------------------------------------------------------------------------------------------------------------------------
2025-08-02 16:15:49,476 - INFO - Starting student_dim=5
2025-08-02 16:15:49,476 - INFO - Starting seed=0
2025-08-02 16:15:49,477 - INFO - A_teacher is 0.504618227481842
2025-08-02 16:15:49,481 - INFO - Starting GD
2025-08-02 16:15:49,485 - INFO - initial model: max A_j index: 0
2025-08-02 16:15:49,485 - INFO - initial model: A values are [0.01540996041148901, -0.0029342889320105314, -0.021787893027067184, 0.005684312433004379, -0.010845223441720009]
2025-08-02 16:57:57,554 - INFO - final model: max A_j index: 0
2025-08-02 16:57:57,554 - INFO - final model: A values are [0.10043840855360031, 0.08167107403278351, 0.06214253604412079, 0.09051808714866638, 0.07350451499223709]
2025-08-02 16:57:57,562 - INFO - final model: average A value: 0.08165492117404938
2025-08-02 16:57:57,567 - INFO - final model: variance of A values: 0.00021963439940009266
2025-08-02 16:57:57,567 - INFO - train loss is 7.366907084360719e-11
2025-08-02 16:57:57,568 - INFO - impulse response loss is 0.07363364100456238
2025-08-02 16:57:57,584 - INFO - Finished GD, time elapsed=2528.103069782257s
2025-08-02 16:57:57,584 - INFO - Finished seed=0
2025-08-02 16:57:57,585 - INFO - Starting seed=1
2025-08-02 16:57:57,586 - INFO - A_teacher is 0.36014047265052795
2025-08-02 16:57:57,587 - INFO - Starting GD
2025-08-02 16:57:57,589 - INFO - initial model: max A_j index: 0
2025-08-02 16:57:57,589 - INFO - initial model: A values are [0.006613521371036768, 0.0026692410465329885, 0.0006167725659906864, 0.006213173270225525, -0.0045190597884356976]
2025-08-02 17:26:18,141 - INFO - final model: max A_j index: 0
2025-08-02 17:26:18,142 - INFO - final model: A values are [0.04224303364753723, 0.03864237666130066, 0.03676783666014671, 0.04187760129570961, 0.03207583352923393]
2025-08-02 17:26:18,143 - INFO - final model: average A value: 0.03832133859395981
2025-08-02 17:26:18,143 - INFO - final model: variance of A values: 1.738736500556115e-05
2025-08-02 17:26:18,143 - INFO - train loss is 1.9122126104775816e-10
2025-08-02 17:26:18,143 - INFO - impulse response loss is 0.04551318287849426
2025-08-02 17:26:18,153 - INFO - Finished GD, time elapsed=1700.565498828888s
2025-08-02 17:26:18,153 - INFO - Finished seed=1
2025-08-02 17:26:18,153 - INFO - Starting seed=2
2025-08-02 17:26:18,154 - INFO - A_teacher is 0.48338696360588074
2025-08-02 17:26:18,155 - INFO - Starting GD
2025-08-02 17:26:18,157 - INFO - initial model: max A_j index: 4
2025-08-02 17:26:18,157 - INFO - initial model: A values are [0.0039229681715369225, -0.0022356400731951, -0.0031950026750564575, -0.012050370685756207, 0.010444634594023228]
2025-08-02 18:15:09,012 - INFO - final model: max A_j index: 4
2025-08-02 18:15:09,013 - INFO - final model: A values are [0.11985917389392853, 0.1138579249382019, 0.11292628198862076, 0.10437168180942535, 0.12625427544116974]
2025-08-02 18:15:09,014 - INFO - final model: average A value: 0.11545386165380478
2025-08-02 18:15:09,014 - INFO - final model: variance of A values: 6.695152842439711e-05
2025-08-02 18:15:09,014 - INFO - train loss is 3.370246304257307e-10
2025-08-02 18:15:09,014 - INFO - impulse response loss is 0.047677598893642426
2025-08-02 18:15:09,025 - INFO - Finished GD, time elapsed=2930.869969844818s
2025-08-02 18:15:09,025 - INFO - Finished seed=2
2025-08-02 18:15:09,025 - INFO - Starting seed=3
2025-08-02 18:15:09,026 - INFO - A_teacher is 0.4366772174835205
2025-08-02 18:15:09,027 - INFO - Starting GD
2025-08-02 18:15:09,029 - INFO - initial model: max A_j index: 0
2025-08-02 18:15:09,029 - INFO - initial model: A values are [0.008032760582864285, 0.0017483338015154004, 0.0008897809311747551, -0.006137180142104626, 0.0004618245002347976]
2025-08-02 18:45:39,500 - INFO - final model: max A_j index: 0
2025-08-02 18:45:39,502 - INFO - final model: A values are [0.017361100763082504, 0.011249788105487823, 0.010414454154670238, 0.00358536746352911, 0.00999791081994772]
2025-08-02 18:45:39,502 - INFO - final model: average A value: 0.010521724820137024
2025-08-02 18:45:39,502 - INFO - final model: variance of A values: 2.392651731497608e-05
2025-08-02 18:45:39,502 - INFO - train loss is 9.094947017729282e-13
2025-08-02 18:45:39,502 - INFO - impulse response loss is 0.19055525958538055
2025-08-02 18:45:39,512 - INFO - Finished GD, time elapsed=1830.4850120544434s
2025-08-02 18:45:39,513 - INFO - Finished seed=3
2025-08-02 18:45:39,513 - INFO - ----------------------------------------------------------------------------------------------------------------------------------------------
2025-08-02 18:45:39,513 - INFO - ----------------------------------------------------------------------------------------------------------------------------------------------
2025-08-02 18:45:39,513 - INFO - Finished student_dim=5 with G&C avg gen_loss = 0.0, GD avg gen_loss = 0.0893449205905199
2025-08-02 18:45:39,513 - INFO - ----------------------------------------------------------------------------------------------------------------------------------------------
2025-08-02 18:45:39,513 - INFO - Starting student_dim=6
2025-08-02 18:45:39,514 - INFO - Starting seed=0
2025-08-02 18:45:39,514 - INFO - A_teacher is 0.36317408084869385
2025-08-02 18:45:39,520 - INFO - Starting GD
2025-08-02 18:45:39,524 - INFO - initial model: max A_j index: 0
2025-08-02 18:45:39,525 - INFO - initial model: A values are [0.01540996041148901, -0.0029342889320105314, -0.021787893027067184, 0.005684312433004379, -0.010845223441720009, -0.013985954225063324]
2025-08-02 19:19:29,223 - INFO - final model: max A_j index: 0
2025-08-02 19:19:29,225 - INFO - final model: A values are [0.06341271847486496, 0.04637674242258072, 0.02884698659181595, 0.054383594542741776, 0.03902297839522362, 0.03610236942768097]
2025-08-02 19:19:29,230 - INFO - final model: average A value: 0.044690895825624466
2025-08-02 19:19:29,234 - INFO - final model: variance of A values: 0.00016084294475149363
2025-08-02 19:19:29,234 - INFO - train loss is 1.1141310096718371e-11
2025-08-02 19:19:29,234 - INFO - impulse response loss is 0.02545008808374405
2025-08-02 19:19:29,244 - INFO - Finished GD, time elapsed=2029.723603963852s
2025-08-02 19:19:29,244 - INFO - Finished seed=0
2025-08-02 19:19:29,244 - INFO - Starting seed=1
2025-08-02 19:19:29,245 - INFO - A_teacher is 0.5403347015380859
2025-08-02 19:19:29,246 - INFO - Starting GD
2025-08-02 19:19:29,248 - INFO - initial model: max A_j index: 0
2025-08-02 19:19:29,248 - INFO - initial model: A values are [0.006613521371036768, 0.0026692410465329885, 0.0006167725659906864, 0.006213173270225525, -0.0045190597884356976, -0.001661302288994193]
2025-08-02 21:21:49,784 - INFO - final model: max A_j index: 0
2025-08-02 21:21:49,785 - INFO - final model: A values are [0.1113520935177803, 0.10625133663415909, 0.10358736664056778, 0.110835500061512, 0.09689048677682877, 0.10062262415885925]
2025-08-02 21:21:49,786 - INFO - final model: average A value: 0.10492322593927383
2025-08-02 21:21:49,786 - INFO - final model: variance of A values: 3.2570762414252385e-05
2025-08-02 21:21:49,786 - INFO - train loss is 1.2116743164369836e-09
2025-08-02 21:21:49,786 - INFO - impulse response loss is 0.08165167272090912
2025-08-02 21:21:49,795 - INFO - Finished GD, time elapsed=7340.548955917358s
2025-08-02 21:21:49,795 - INFO - Finished seed=1
2025-08-02 21:21:49,795 - INFO - Starting seed=2
2025-08-02 21:21:49,796 - INFO - A_teacher is 0.3477231562137604
2025-08-02 21:21:49,797 - INFO - Starting GD
2025-08-02 21:21:49,799 - INFO - initial model: max A_j index: 4
2025-08-02 21:21:49,799 - INFO - initial model: A values are [0.0039229681715369225, -0.0022356400731951, -0.0031950026750564575, -0.012050370685756207, 0.010444634594023228, -0.006332276854664087]
2025-08-02 21:49:10,161 - INFO - final model: max A_j index: 4
2025-08-02 21:49:10,163 - INFO - final model: A values are [0.08588039129972458, 0.07798805832862854, 0.07675719261169434, 0.06537747383117676, 0.09422137588262558, 0.0727292075753212]
2025-08-02 21:49:10,163 - INFO - final model: average A value: 0.07882561534643173
2025-08-02 21:49:10,163 - INFO - final model: variance of A values: 0.00010195958020631224
2025-08-02 21:49:10,163 - INFO - train loss is 6.148184183984995e-10
2025-08-02 21:49:10,163 - INFO - impulse response loss is 0.02411143109202385
2025-08-02 21:49:10,174 - INFO - Finished GD, time elapsed=1640.37624502182s
2025-08-02 21:49:10,174 - INFO - Finished seed=2
2025-08-02 21:49:10,174 - INFO - Starting seed=3
2025-08-02 21:49:10,175 - INFO - A_teacher is 0.5573107004165649
2025-08-02 21:49:10,176 - INFO - Starting GD
2025-08-02 21:49:10,177 - INFO - initial model: max A_j index: 0
2025-08-02 21:49:10,177 - INFO - initial model: A values are [0.008032760582864285, 0.0017483338015154004, 0.0008897809311747551, -0.006137180142104626, 0.0004618245002347976, -0.0136825917288661]
2025-08-02 23:45:51,413 - INFO - final model: max A_j index: 0
2025-08-02 23:45:51,414 - INFO - final model: A values are [0.10447076708078384, 0.09783251583576202, 0.09692484140396118, 0.08948557078838348, 0.09647223353385925, 0.0814802497625351]
2025-08-02 23:45:51,414 - INFO - final model: average A value: 0.09444436430931091
2025-08-02 23:45:51,414 - INFO - final model: variance of A values: 6.298624793998897e-05
2025-08-02 23:45:51,414 - INFO - train loss is 2.7853275241795927e-10
2025-08-02 23:45:51,414 - INFO - impulse response loss is 0.09422323852777481
2025-08-02 23:45:51,425 - INFO - Finished GD, time elapsed=7001.248877048492s
2025-08-02 23:45:51,425 - INFO - Finished seed=3
2025-08-02 23:45:51,425 - INFO - ----------------------------------------------------------------------------------------------------------------------------------------------
2025-08-02 23:45:51,425 - INFO - ----------------------------------------------------------------------------------------------------------------------------------------------
2025-08-02 23:45:51,425 - INFO - Finished student_dim=6 with G&C avg gen_loss = 0.0, GD avg gen_loss = 0.05635910760611296
2025-08-02 23:45:51,426 - INFO - ----------------------------------------------------------------------------------------------------------------------------------------------
2025-08-02 23:45:51,426 - INFO - Starting student_dim=7
2025-08-02 23:45:51,426 - INFO - Starting seed=0
2025-08-02 23:45:51,427 - INFO - A_teacher is 0.533749520778656
2025-08-02 23:45:51,433 - INFO - Starting GD
2025-08-02 23:45:51,437 - INFO - initial model: max A_j index: 0
2025-08-02 23:45:51,437 - INFO - initial model: A values are [0.01540996041148901, -0.0029342889320105314, -0.021787893027067184, 0.005684312433004379, -0.010845223441720009, -0.013985954225063324, 0.004033468198031187]
2025-08-03 00:15:21,767 - INFO - final model: max A_j index: 0
2025-08-03 00:15:21,768 - INFO - final model: A values are [0.05812104418873787, 0.04203867167234421, 0.025600533932447433, 0.04958449676632881, 0.035128600895404816, 0.03238923102617264, 0.048137713223695755]
2025-08-03 00:15:21,775 - INFO - final model: average A value: 0.041571471840143204
2025-08-03 00:15:21,778 - INFO - final model: variance of A values: 0.00012705428525805473
2025-08-03 00:15:21,778 - INFO - train loss is 2.5067947717616335e-11
2025-08-03 00:15:21,778 - INFO - impulse response loss is 0.15586735308170319
2025-08-03 00:15:21,794 - INFO - Finished GD, time elapsed=1770.3609721660614s
2025-08-03 00:15:21,794 - INFO - Finished seed=0
2025-08-03 00:15:21,794 - INFO - Starting seed=1
2025-08-03 00:15:21,795 - INFO - A_teacher is 0.5838026404380798
2025-08-03 00:15:21,797 - INFO - Starting GD
2025-08-03 00:15:21,799 - INFO - initial model: max A_j index: 0
2025-08-03 00:15:21,799 - INFO - initial model: A values are [0.006613521371036768, 0.0026692410465329885, 0.0006167725659906864, 0.006213173270225525, -0.0045190597884356976, -0.001661302288994193, -0.015227684751152992]
2025-08-03 00:46:04,356 - INFO - final model: max A_j index: 0
2025-08-03 00:46:04,357 - INFO - final model: A values are [0.14437387883663177, 0.13941752910614014, 0.13684578239917755, 0.143870010972023, 0.1304335743188858, 0.13399755954742432, 0.11719858646392822]
2025-08-03 00:46:04,357 - INFO - final model: average A value: 0.13516241312026978
2025-08-03 00:46:04,358 - INFO - final model: variance of A values: 8.800515934126452e-05
2025-08-03 00:46:04,358 - INFO - train loss is 6.660947904357784e-10
2025-08-03 00:46:04,358 - INFO - impulse response loss is 0.20934148132801056
2025-08-03 00:46:04,367 - INFO - Finished GD, time elapsed=1842.57040309906s
2025-08-03 00:46:04,367 - INFO - Finished seed=1
2025-08-03 00:46:04,367 - INFO - Starting seed=2
2025-08-03 00:46:04,368 - INFO - A_teacher is 0.5381683707237244
2025-08-03 00:46:04,369 - INFO - Starting GD
2025-08-03 00:46:04,372 - INFO - initial model: max A_j index: 4
2025-08-03 00:46:04,372 - INFO - initial model: A values are [0.0039229681715369225, -0.0022356400731951, -0.0031950026750564575, -0.012050370685756207, 0.010444634594023228, -0.006332276854664087, 0.0057310676202178]
2025-08-03 01:15:44,173 - INFO - final model: max A_j index: 4
2025-08-03 01:15:44,174 - INFO - final model: A values are [0.12321560084819794, 0.11583177745342255, 0.11468496918678284, 0.10414167493581772, 0.13107289373874664, 0.11094110459089279, 0.12538820505142212]
2025-08-03 01:15:44,175 - INFO - final model: average A value: 0.11789660900831223
2025-08-03 01:15:44,175 - INFO - final model: variance of A values: 8.50309370434843e-05
2025-08-03 01:15:44,175 - INFO - train loss is 2.9467628337442875e-10
2025-08-03 01:15:44,175 - INFO - impulse response loss is 0.1400231420993805
2025-08-03 01:15:44,185 - INFO - Finished GD, time elapsed=1779.8157920837402s
2025-08-03 01:15:44,185 - INFO - Finished seed=2
2025-08-03 01:15:44,186 - INFO - Starting seed=3
2025-08-03 01:15:44,186 - INFO - A_teacher is 0.5540947318077087
2025-08-03 01:15:44,188 - INFO - Starting GD
2025-08-03 01:15:44,189 - INFO - initial model: max A_j index: 0
2025-08-03 01:15:44,189 - INFO - initial model: A values are [0.008032760582864285, 0.0017483338015154004, 0.0008897809311747551, -0.006137180142104626, 0.0004618245002347976, -0.0136825917288661, 0.0033749507274478674]
2025-08-03 01:45:27,200 - INFO - final model: max A_j index: 0
2025-08-03 01:45:27,201 - INFO - final model: A values are [0.04670296609401703, 0.0408187098801136, 0.040014564990997314, 0.033431608229875565, 0.03961379453539848, 0.026361890137195587, 0.042342133820056915]
2025-08-03 01:45:27,201 - INFO - final model: average A value: 0.038469381630420685
2025-08-03 01:45:27,202 - INFO - final model: variance of A values: 4.399620593176223e-05
2025-08-03 01:45:27,202 - INFO - train loss is 1.1141310096718371e-11
2025-08-03 01:45:27,202 - INFO - impulse response loss is 0.1977628767490387
2025-08-03 01:45:27,212 - INFO - Finished GD, time elapsed=1783.0242981910706s
2025-08-03 01:45:27,212 - INFO - Finished seed=3
2025-08-03 01:45:27,212 - INFO - ----------------------------------------------------------------------------------------------------------------------------------------------
2025-08-03 01:45:27,212 - INFO - ----------------------------------------------------------------------------------------------------------------------------------------------
2025-08-03 01:45:27,213 - INFO - Finished student_dim=7 with G&C avg gen_loss = 0.0, GD avg gen_loss = 0.17574871331453323
2025-08-03 01:45:27,213 - INFO - ----------------------------------------------------------------------------------------------------------------------------------------------
2025-08-03 01:45:27,213 - INFO - Starting student_dim=8
2025-08-03 01:45:27,213 - INFO - Starting seed=0
2025-08-03 01:45:27,214 - INFO - A_teacher is 0.6011115908622742
2025-08-03 01:45:27,219 - INFO - Starting GD
2025-08-03 01:45:27,224 - INFO - initial model: max A_j index: 0
2025-08-03 01:45:27,224 - INFO - initial model: A values are [0.01540996041148901, -0.0029342889320105314, -0.021787893027067184, 0.005684312433004379, -0.010845223441720009, -0.013985954225063324, 0.004033468198031187, 0.008380263112485409]
2025-08-03 02:14:25,232 - INFO - final model: max A_j index: 0
2025-08-03 02:14:25,232 - INFO - final model: A values are [0.09688734263181686, 0.07428912818431854, 0.0505095012485981, 0.08497277647256851, 0.0643777996301651, 0.06042538210749626, 0.08293524384498596, 0.08829041570425034]
2025-08-03 02:14:25,238 - INFO - final model: average A value: 0.07533594965934753
2025-08-03 02:14:25,243 - INFO - final model: variance of A values: 0.0002489647304173559
2025-08-03 02:14:25,243 - INFO - train loss is 2.0463630789890885e-10
2025-08-03 02:14:25,243 - INFO - impulse response loss is 0.14425413310527802
2025-08-03 02:14:25,257 - INFO - Finished GD, time elapsed=1738.0385727882385s
2025-08-03 02:14:25,258 - INFO - Finished seed=0
2025-08-03 02:14:25,258 - INFO - Starting seed=1
2025-08-03 02:14:25,259 - INFO - A_teacher is 0.4280742406845093
2025-08-03 02:14:25,260 - INFO - Starting GD
2025-08-03 02:14:25,262 - INFO - initial model: max A_j index: 0
2025-08-03 02:14:25,262 - INFO - initial model: A values are [0.006613521371036768, 0.0026692410465329885, 0.0006167725659906864, 0.006213173270225525, -0.0045190597884356976, -0.001661302288994193, -0.015227684751152992, 0.003816839074715972]
2025-08-03 02:43:21,461 - INFO - final model: max A_j index: 0
2025-08-03 02:43:21,463 - INFO - final model: A values are [-0.0299657192081213, -0.0348326601088047, -0.03738014027476311, -0.030464287847280502, -0.04374502971768379, -0.040205832570791245, -0.056966762989759445, -0.03340659663081169]
2025-08-03 02:43:21,464 - INFO - final model: average A value: -0.038370877504348755
2025-08-03 02:43:21,464 - INFO - final model: variance of A values: 7.848014502087608e-05
2025-08-03 02:43:21,464 - INFO - train loss is 4.4019543565809727e-10
2025-08-03 02:43:21,464 - INFO - impulse response loss is 0.5757344365119934
2025-08-03 02:43:21,474 - INFO - Finished GD, time elapsed=1736.2140669822693s
2025-08-03 02:43:21,474 - INFO - Finished seed=1
2025-08-03 02:43:21,474 - INFO - Starting seed=2
2025-08-03 02:43:21,475 - INFO - A_teacher is 0.39723914861679077
2025-08-03 02:43:21,476 - INFO - Starting GD
2025-08-03 02:43:21,478 - INFO - initial model: max A_j index: 4
2025-08-03 02:43:21,478 - INFO - initial model: A values are [0.0039229681715369225, -0.0022356400731951, -0.0031950026750564575, -0.012050370685756207, 0.010444634594023228, -0.006332276854664087, 0.0057310676202178, 0.0054094744846224785]
2025-08-03 03:12:28,654 - INFO - final model: max A_j index: 4
2025-08-03 03:12:28,657 - INFO - final model: A values are [0.14756743609905243, 0.11454971879720688, 0.10952448844909668, 0.06478651612997055, 0.18427355587482452, 0.09334506839513779, 0.15756139159202576, 0.1557731181383133]
2025-08-03 03:12:28,657 - INFO - final model: average A value: 0.12842266261577606
2025-08-03 03:12:28,658 - INFO - final model: variance of A values: 0.00155893643386662
2025-08-03 03:12:28,658 - INFO - train loss is 4.2675765143940225e-09
2025-08-03 03:12:28,658 - INFO - impulse response loss is 0.3990347683429718
2025-08-03 03:12:28,668 - INFO - Finished GD, time elapsed=1747.1918697357178s
2025-08-03 03:12:28,668 - INFO - Finished seed=2
2025-08-03 03:12:28,669 - INFO - Starting seed=3
2025-08-03 03:12:28,669 - INFO - A_teacher is 0.4608094096183777
2025-08-03 03:12:28,671 - INFO - Starting GD
2025-08-03 03:12:28,672 - INFO - initial model: max A_j index: 7
2025-08-03 03:12:28,672 - INFO - initial model: A values are [0.008032760582864285, 0.0017483338015154004, 0.0008897809311747551, -0.006137180142104626, 0.0004618245002347976, -0.0136825917288661, 0.0033749507274478674, 0.010111158713698387]
2025-08-03 03:41:23,020 - INFO - final model: max A_j index: 7
2025-08-03 03:41:23,021 - INFO - final model: A values are [0.08659065514802933, 0.07878641784191132, 0.07771803438663483, 0.06894965469837189, 0.07718506455421448, 0.059500500559806824, 0.08080939203500748, 0.08916448056697845]
2025-08-03 03:41:23,021 - INFO - final model: average A value: 0.07733802497386932
2025-08-03 03:41:23,022 - INFO - final model: variance of A values: 8.976204844657332e-05
2025-08-03 03:41:23,022 - INFO - train loss is 9.094947017729282e-11
2025-08-03 03:41:23,022 - INFO - impulse response loss is 0.06062089651823044
2025-08-03 03:41:23,032 - INFO - Finished GD, time elapsed=1734.3613228797913s
2025-08-03 03:41:23,032 - INFO - Finished seed=3
2025-08-03 03:41:23,032 - INFO - ----------------------------------------------------------------------------------------------------------------------------------------------
2025-08-03 03:41:23,032 - INFO - ----------------------------------------------------------------------------------------------------------------------------------------------
2025-08-03 03:41:23,033 - INFO - Finished student_dim=8 with G&C avg gen_loss = 0.0, GD avg gen_loss = 0.2949110586196184
2025-08-03 03:41:23,033 - INFO - ----------------------------------------------------------------------------------------------------------------------------------------------
2025-08-03 03:41:23,033 - INFO - Starting student_dim=9
2025-08-03 03:41:23,033 - INFO - Starting seed=0
2025-08-03 03:41:23,034 - INFO - A_teacher is 0.35648205876350403
2025-08-03 03:41:23,039 - INFO - Starting GD
2025-08-03 03:41:23,047 - INFO - initial model: max A_j index: 0
2025-08-03 03:41:23,047 - INFO - initial model: A values are [0.01540996041148901, -0.0029342889320105314, -0.021787893027067184, 0.005684312433004379, -0.010845223441720009, -0.013985954225063324, 0.004033468198031187, 0.008380263112485409, -0.007192575838416815]
2025-08-03 04:11:25,290 - INFO - final model: max A_j index: 0
2025-08-03 04:11:25,291 - INFO - final model: A values are [0.06727685034275055, 0.04800032824277878, 0.028279637917876244, 0.0570465512573719, 0.03971358761191368, 0.036428023129701614, 0.05531230941414833, 0.05988004803657532, 0.04353778809309006]
2025-08-03 04:11:25,298 - INFO - final model: average A value: 0.04838612303137779
2025-08-03 04:11:25,304 - INFO - final model: variance of A values: 0.00015725998673588037
2025-08-03 04:11:25,304 - INFO - train loss is 1.1141310096718371e-11
2025-08-03 04:11:25,304 - INFO - impulse response loss is 0.01915743015706539
2025-08-03 04:11:25,319 - INFO - Finished GD, time elapsed=1802.2791979312897s
2025-08-03 04:11:25,319 - INFO - Finished seed=0
2025-08-03 04:11:25,319 - INFO - Starting seed=1
2025-08-03 04:11:25,320 - INFO - A_teacher is 0.4596656560897827
2025-08-03 04:11:25,321 - INFO - Starting GD
2025-08-03 04:11:25,323 - INFO - initial model: max A_j index: 0
2025-08-03 04:11:25,324 - INFO - initial model: A values are [0.006613521371036768, 0.0026692410465329885, 0.0006167725659906864, 0.006213173270225525, -0.0045190597884356976, -0.001661302288994193, -0.015227684751152992, 0.003816839074715972, -0.010276085697114468]
2025-08-03 04:42:03,250 - INFO - final model: max A_j index: 0
2025-08-03 04:42:03,251 - INFO - final model: A values are [0.061899542808532715, 0.05801874026656151, 0.05600068345665932, 0.06150555610656738, 0.05095510929822922, 0.053761862218379974, 0.040454089641571045, 0.059147488325834274, 0.04530637338757515]
2025-08-03 04:42:03,251 - INFO - final model: average A value: 0.05411660298705101
2025-08-03 04:42:03,252 - INFO - final model: variance of A values: 5.4207794164540246e-05
2025-08-03 04:42:03,252 - INFO - train loss is 1.1004885891452432e-10
2025-08-03 04:42:03,252 - INFO - impulse response loss is 0.04393560439348221
2025-08-03 04:42:03,264 - INFO - Finished GD, time elapsed=1837.9422090053558s
2025-08-03 04:42:03,264 - INFO - Finished seed=1
2025-08-03 04:42:03,264 - INFO - Starting seed=2
2025-08-03 04:42:03,265 - INFO - A_teacher is 0.44369471073150635
2025-08-03 04:42:03,266 - INFO - Starting GD
2025-08-03 04:42:03,268 - INFO - initial model: max A_j index: 4
2025-08-03 04:42:03,268 - INFO - initial model: A values are [0.0039229681715369225, -0.0022356400731951, -0.0031950026750564575, -0.012050370685756207, 0.010444634594023228, -0.006332276854664087, 0.0057310676202178, 0.0054094744846224785, -0.003919058479368687]
2025-08-03 05:12:31,268 - INFO - final model: max A_j index: 4
2025-08-03 05:12:31,270 - INFO - final model: A values are [0.0984760969877243, 0.09121346473693848, 0.09009278565645218, 0.07987591624259949, 0.10629618912935257, 0.08644656836986542, 0.10062980651855469, 0.1002458855509758, 0.08924886584281921]
2025-08-03 05:12:31,270 - INFO - final model: average A value: 0.09361395239830017
2025-08-03 05:12:31,271 - INFO - final model: variance of A values: 6.937554280739278e-05
2025-08-03 05:12:31,271 - INFO - train loss is 6.1154423747211695e-09
2025-08-03 05:12:31,271 - INFO - impulse response loss is 0.17922718822956085
2025-08-03 05:12:31,284 - INFO - Finished GD, time elapsed=1828.017501115799s
2025-08-03 05:12:31,284 - INFO - Finished seed=2
2025-08-03 05:12:31,284 - INFO - Starting seed=3
2025-08-03 05:12:31,285 - INFO - A_teacher is 0.3957321047782898
2025-08-03 05:12:31,286 - INFO - Starting GD
2025-08-03 05:12:31,288 - INFO - initial model: max A_j index: 7
2025-08-03 05:12:31,288 - INFO - initial model: A values are [0.008032760582864285, 0.0017483338015154004, 0.0008897809311747551, -0.006137180142104626, 0.0004618245002347976, -0.0136825917288661, 0.0033749507274478674, 0.010111158713698387, -0.014351793564856052]
2025-08-03 05:42:33,566 - INFO - final model: max A_j index: 7
2025-08-03 05:42:33,568 - INFO - final model: A values are [0.03659112751483917, 0.030532173812389374, 0.029703831300139427, 0.022919725626707077, 0.02929086424410343, 0.015625925734639168, 0.03210077062249184, 0.03859371691942215, 0.014979883097112179]
2025-08-03 05:42:33,569 - INFO - final model: average A value: 0.027815334498882294
2025-08-03 05:42:33,569 - INFO - final model: variance of A values: 7.0246918767225e-05
2025-08-03 05:42:33,569 - INFO - train loss is 9.094947017729282e-13
2025-08-03 05:42:33,569 - INFO - impulse response loss is 0.04717506468296051
2025-08-03 05:42:33,580 - INFO - Finished GD, time elapsed=1802.2937898635864s
2025-08-03 05:42:33,580 - INFO - Finished seed=3
2025-08-03 05:42:33,580 - INFO - ----------------------------------------------------------------------------------------------------------------------------------------------
2025-08-03 05:42:33,580 - INFO - ----------------------------------------------------------------------------------------------------------------------------------------------
2025-08-03 05:42:33,581 - INFO - Finished student_dim=9 with G&C avg gen_loss = 0.0, GD avg gen_loss = 0.07237382186576724
2025-08-03 05:42:33,581 - INFO - ----------------------------------------------------------------------------------------------------------------------------------------------
2025-08-03 05:42:33,581 - INFO - Starting student_dim=10
2025-08-03 05:42:33,581 - INFO - Starting seed=0
2025-08-03 05:42:33,582 - INFO - A_teacher is 0.5977431535720825
2025-08-03 05:42:33,588 - INFO - Starting GD
2025-08-03 05:42:33,593 - INFO - initial model: max A_j index: 0
2025-08-03 05:42:33,593 - INFO - initial model: A values are [0.01540996041148901, -0.0029342889320105314, -0.021787893027067184, 0.005684312433004379, -0.010845223441720009, -0.013985954225063324, 0.004033468198031187, 0.008380263112485409, -0.007192575838416815, -0.004033435136079788]
2025-08-03 06:12:48,207 - INFO - final model: max A_j index: 0
2025-08-03 06:12:48,209 - INFO - final model: A values are [0.014120392501354218, -0.004295469727367163, -0.023220354691147804, 0.004356487188488245, -0.01223653182387352, -0.015389179810881615, 0.0026981341652572155, 0.007062927819788456, -0.008569829165935516, -0.005398840643465519]
2025-08-03 06:12:48,215 - INFO - final model: average A value: -0.004087225999683142
2025-08-03 06:12:48,219 - INFO - final model: variance of A values: 0.00012836222595069557
2025-08-03 06:12:48,220 - INFO - train loss is 5.684341886080802e-14
2025-08-03 06:12:48,220 - INFO - impulse response loss is 0.5801671147346497
2025-08-03 06:12:48,230 - INFO - Finished GD, time elapsed=1814.6422259807587s
2025-08-03 06:12:48,230 - INFO - Finished seed=0
2025-08-03 06:12:48,231 - INFO - Starting seed=1
2025-08-03 06:12:48,231 - INFO - A_teacher is 0.4403364658355713
2025-08-03 06:12:48,236 - INFO - Starting GD
2025-08-03 06:12:48,238 - INFO - initial model: max A_j index: 0
2025-08-03 06:12:48,238 - INFO - initial model: A values are [0.006613521371036768, 0.0026692410465329885, 0.0006167725659906864, 0.006213173270225525, -0.0045190597884356976, -0.001661302288994193, -0.015227684751152992, 0.003816839074715972, -0.010276085697114468, -0.005630527622997761]
2025-08-03 06:42:59,062 - INFO - final model: max A_j index: 0
2025-08-03 06:42:59,063 - INFO - final model: A values are [0.03906460478901863, 0.03531907871365547, 0.033370159566402435, 0.03868457302451134, 0.028494328260421753, 0.031207561492919922, 0.018329830840229988, 0.03640881925821304, 0.02302936278283596, 0.0274391770362854]
2025-08-03 06:42:59,063 - INFO - final model: average A value: 0.031134748831391335
2025-08-03 06:42:59,063 - INFO - final model: variance of A values: 4.672239447245374e-05
2025-08-03 06:42:59,063 - INFO - train loss is 1.4551915228366852e-11
2025-08-03 06:42:59,063 - INFO - impulse response loss is 0.057645782828330994
2025-08-03 06:42:59,075 - INFO - Finished GD, time elapsed=1810.8392961025238s
2025-08-03 06:42:59,075 - INFO - Finished seed=1
2025-08-03 06:42:59,075 - INFO - Starting seed=2
2025-08-03 06:42:59,076 - INFO - A_teacher is 0.4107709527015686
2025-08-03 06:42:59,078 - INFO - Starting GD
2025-08-03 06:42:59,080 - INFO - initial model: max A_j index: 4
2025-08-03 06:42:59,080 - INFO - initial model: A values are [0.0039229681715369225, -0.0022356400731951, -0.0031950026750564575, -0.012050370685756207, 0.010444634594023228, -0.006332276854664087, 0.0057310676202178, 0.0054094744846224785, -0.003919058479368687, -0.010426787659525871]
2025-08-03 07:13:13,527 - INFO - final model: max A_j index: 4
2025-08-03 07:13:13,528 - INFO - final model: A values are [0.04977940022945404, 0.043504271656274796, 0.04252675175666809, 0.033505041152238846, 0.056425344198942184, 0.03933035954833031, 0.051621902734041214, 0.05129428580403328, 0.04178905859589577, 0.035158950835466385]
2025-08-03 07:13:13,529 - INFO - final model: average A value: 0.04449353739619255
2025-08-03 07:13:13,529 - INFO - final model: variance of A values: 5.71192467759829e-05
2025-08-03 07:13:13,529 - INFO - train loss is 8.208189683500677e-11
2025-08-03 07:13:13,529 - INFO - impulse response loss is 0.027869490906596184
2025-08-03 07:13:13,540 - INFO - Finished GD, time elapsed=1814.462350845337s
2025-08-03 07:13:13,540 - INFO - Finished seed=2
2025-08-03 07:13:13,540 - INFO - Starting seed=3
2025-08-03 07:13:13,541 - INFO - A_teacher is 0.6318617463111877
2025-08-03 07:13:13,542 - INFO - Starting GD
2025-08-03 07:13:13,544 - INFO - initial model: max A_j index: 7
2025-08-03 07:13:13,545 - INFO - initial model: A values are [0.008032760582864285, 0.0017483338015154004, 0.0008897809311747551, -0.006137180142104626, 0.0004618245002347976, -0.0136825917288661, 0.0033749507274478674, 0.010111158713698387, -0.014351793564856052, 0.009774317964911461]
2025-08-03 07:43:36,988 - INFO - final model: max A_j index: 7
2025-08-03 07:43:36,989 - INFO - final model: A values are [0.09281133860349655, 0.08549582213163376, 0.08449508994817734, 0.07629653066396713, 0.08399646729230881, 0.06747397035360336, 0.08739063143730164, 0.09522763639688492, 0.06669013947248459, 0.0948362872004509]
2025-08-03 07:43:36,989 - INFO - final model: average A value: 0.0834713950753212
2025-08-03 07:43:36,990 - INFO - final model: variance of A values: 0.00010715486132539809
2025-08-03 07:43:36,990 - INFO - train loss is 1.5967317745779752e-10
2025-08-03 07:43:36,990 - INFO - impulse response loss is 0.2097570300102234
2025-08-03 07:43:37,000 - INFO - Finished GD, time elapsed=1823.4579348564148s
2025-08-03 07:43:37,000 - INFO - Finished seed=3
2025-08-03 07:43:37,001 - INFO - ----------------------------------------------------------------------------------------------------------------------------------------------
2025-08-03 07:43:37,001 - INFO - ----------------------------------------------------------------------------------------------------------------------------------------------
2025-08-03 07:43:37,001 - INFO - Finished student_dim=10 with G&C avg gen_loss = 0.0, GD avg gen_loss = 0.21885985461995006
2025-08-03 07:43:37,001 - INFO - ----------------------------------------------------------------------------------------------------------------------------------------------
2025-08-03 07:43:37,001 - INFO - Starting student_dim=11
2025-08-03 07:43:37,001 - INFO - Starting seed=0
2025-08-03 07:43:37,002 - INFO - A_teacher is 0.552204966545105
2025-08-03 07:43:37,008 - INFO - Starting GD
2025-08-03 07:43:37,012 - INFO - initial model: max A_j index: 0
2025-08-03 07:43:37,012 - INFO - initial model: A values are [0.01540996041148901, -0.0029342889320105314, -0.021787893027067184, 0.005684312433004379, -0.010845223441720009, -0.013985954225063324, 0.004033468198031187, 0.008380263112485409, -0.007192575838416815, -0.004033435136079788, -0.005966353230178356]
2025-08-03 08:13:57,848 - INFO - final model: max A_j index: 0
2025-08-03 08:13:57,850 - INFO - final model: A values are [0.05199175328016281, 0.037413910031318665, 0.0227274838835001, 0.04422943294048309, 0.031230852007865906, 0.028781119734048843, 0.0429193377494812, 0.0463734045624733, 0.03406849130988121, 0.036548785865306854, 0.03502963110804558]
2025-08-03 08:13:57,858 - INFO - final model: average A value: 0.03739219903945923
2025-08-03 08:13:57,863 - INFO - final model: variance of A values: 7.156134233810008e-05
2025-08-03 08:13:57,863 - INFO - train loss is 3.112745894373603e-10
2025-08-03 08:13:57,863 - INFO - impulse response loss is 0.13140857219696045
2025-08-03 08:13:57,876 - INFO - Finished GD, time elapsed=1820.8681252002716s
2025-08-03 08:13:57,876 - INFO - Finished seed=0
2025-08-03 08:13:57,876 - INFO - Starting seed=1
2025-08-03 08:13:57,877 - INFO - A_teacher is 0.5182036757469177
2025-08-03 08:13:57,879 - INFO - Starting GD
2025-08-03 08:13:57,881 - INFO - initial model: max A_j index: 0
2025-08-03 08:13:57,881 - INFO - initial model: A values are [0.006613521371036768, 0.0026692410465329885, 0.0006167725659906864, 0.006213173270225525, -0.0045190597884356976, -0.001661302288994193, -0.015227684751152992, 0.003816839074715972, -0.010276085697114468, -0.005630527622997761, -0.00892290472984314]
2025-08-03 08:44:26,830 - INFO - final model: max A_j index: 0
2025-08-03 08:44:26,832 - INFO - final model: A values are [0.041665252298116684, 0.03799394890666008, 0.03608449548482895, 0.041292496025562286, 0.03130955621600151, 0.03396598994731903, 0.021367721259593964, 0.03906184807419777, 0.025962993502616882, 0.0302776787430048, 0.027219366282224655]
2025-08-03 08:44:26,832 - INFO - final model: average A value: 0.033291034400463104
2025-08-03 08:44:26,832 - INFO - final model: variance of A values: 4.4356689613778144e-05
2025-08-03 08:44:26,832 - INFO - train loss is 2.0520474208751693e-11
2025-08-03 08:44:26,832 - INFO - impulse response loss is 0.10782918334007263
2025-08-03 08:44:26,843 - INFO - Finished GD, time elapsed=1828.964912891388s
2025-08-03 08:44:26,844 - INFO - Finished seed=1
2025-08-03 08:44:26,844 - INFO - Starting seed=2
2025-08-03 08:44:26,845 - INFO - A_teacher is 0.494174987077713
2025-08-03 08:44:26,846 - INFO - Starting GD
2025-08-03 08:44:26,848 - INFO - initial model: max A_j index: 10
2025-08-03 08:44:26,848 - INFO - initial model: A values are [0.0039229681715369225, -0.0022356400731951, -0.0031950026750564575, -0.012050370685756207, 0.010444634594023228, -0.006332276854664087, 0.0057310676202178, 0.0054094744846224785, -0.003919058479368687, -0.010426787659525871, 0.013186173513531685]
2025-08-03 09:15:04,715 - INFO - final model: max A_j index: 10
2025-08-03 09:15:04,716 - INFO - final model: A values are [-0.006437327712774277, -0.012891314923763275, -0.013896682299673557, -0.023174457252025604, 0.0003951316757593304, -0.017183104529976845, -0.004542049486190081, -0.0048791575245559216, -0.014655462466180325, -0.021473340690135956, 0.003272042842581868]
2025-08-03 09:15:04,716 - INFO - final model: average A value: -0.010496883653104305
2025-08-03 09:15:04,717 - INFO - final model: variance of A values: 7.522129453718662e-05
2025-08-03 09:15:04,717 - INFO - train loss is 5.684341886080802e-14
2025-08-03 09:15:04,717 - INFO - impulse response loss is 0.44491708278656006
2025-08-03 09:15:04,727 - INFO - Finished GD, time elapsed=1837.8812100887299s
2025-08-03 09:15:04,727 - INFO - Finished seed=2
2025-08-03 09:15:04,728 - INFO - Starting seed=3
2025-08-03 09:15:04,728 - INFO - A_teacher is 0.5747638940811157
2025-08-03 09:15:04,730 - INFO - Starting GD
2025-08-03 09:15:04,731 - INFO - initial model: max A_j index: 7
2025-08-03 09:15:04,731 - INFO - initial model: A values are [0.008032760582864285, 0.0017483338015154004, 0.0008897809311747551, -0.006137180142104626, 0.0004618245002347976, -0.0136825917288661, 0.0033749507274478674, 0.010111158713698387, -0.014351793564856052, 0.009774317964911461, 0.005220499355345964]
2025-08-03 09:46:04,734 - INFO - final model: max A_j index: 7
2025-08-03 09:46:04,735 - INFO - final model: A values are [0.21789689362049103, 0.1770949810743332, 0.17177872359752655, 0.130391925573349, 0.16915051639080048, 0.08978394418954849, 0.18733182549476624, 0.2321687638759613, 0.08635679632425308, 0.22982554137706757, 0.1992156207561493]
2025-08-03 09:46:04,736 - INFO - final model: average A value: 0.1719086766242981
2025-08-03 09:46:04,736 - INFO - final model: variance of A values: 0.0025905859656631947
2025-08-03 09:46:04,736 - INFO - train loss is 1.6043486539274454e-09
2025-08-03 09:46:04,736 - INFO - impulse response loss is 1.7476167678833008
2025-08-03 09:46:04,747 - INFO - Finished GD, time elapsed=1860.0169432163239s
2025-08-03 09:46:04,747 - INFO - Finished seed=3
2025-08-03 09:46:04,747 - INFO - ----------------------------------------------------------------------------------------------------------------------------------------------
2025-08-03 09:46:04,747 - INFO - ----------------------------------------------------------------------------------------------------------------------------------------------
2025-08-03 09:46:04,747 - INFO - Finished student_dim=11 with G&C avg gen_loss = 0.0, GD avg gen_loss = 0.6079429015517235
2025-08-03 09:46:04,747 - INFO - ----------------------------------------------------------------------------------------------------------------------------------------------
2025-08-03 09:46:04,748 - INFO - Starting student_dim=12
2025-08-03 09:46:04,748 - INFO - Starting seed=0
2025-08-03 09:46:04,749 - INFO - A_teacher is 0.6237916946411133
2025-08-03 09:46:04,756 - INFO - Starting GD
2025-08-03 09:46:04,761 - INFO - initial model: max A_j index: 0
2025-08-03 09:46:04,761 - INFO - initial model: A values are [0.01540996041148901, -0.0029342889320105314, -0.021787893027067184, 0.005684312433004379, -0.010845223441720009, -0.013985954225063324, 0.004033468198031187, 0.008380263112485409, -0.007192575838416815, -0.004033435136079788, -0.005966353230178356, 0.0018203648505732417]
2025-08-03 10:54:34,335 - INFO - final model: max A_j index: 0
2025-08-03 10:54:34,336 - INFO - final model: A values are [0.051410168409347534, 0.032334089279174805, 0.012582375667989254, 0.04131562262773514, 0.024063413962721825, 0.020770544186234474, 0.03959784656763077, 0.044118087738752365, 0.027887212112545967, 0.031189605593681335, 0.029169630259275436, 0.03729302063584328]
2025-08-03 10:54:34,540 - INFO - final model: average A value: 0.032644301652908325
2025-08-03 10:54:34,589 - INFO - final model: variance of A values: 0.00011663399345707148
2025-08-03 10:54:34,589 - INFO - train loss is 2.942002197414695e-11
2025-08-03 10:54:34,589 - INFO - impulse response loss is 0.25316476821899414
2025-08-03 10:54:34,598 - INFO - Finished GD, time elapsed=4109.842880010605s
2025-08-03 10:54:34,599 - INFO - Finished seed=0
2025-08-03 10:54:34,599 - INFO - Starting seed=1
2025-08-03 10:54:34,600 - INFO - A_teacher is 0.4143325388431549
2025-08-03 10:54:34,601 - INFO - Starting GD
2025-08-03 10:54:34,603 - INFO - initial model: max A_j index: 0
2025-08-03 10:54:34,603 - INFO - initial model: A values are [0.006613521371036768, 0.0026692410465329885, 0.0006167725659906864, 0.006213173270225525, -0.0045190597884356976, -0.001661302288994193, -0.015227684751152992, 0.003816839074715972, -0.010276085697114468, -0.005630527622997761, -0.00892290472984314, -0.000582501757889986]
2025-08-03 11:23:53,115 - INFO - final model: max A_j index: 0
2025-08-03 11:23:53,116 - INFO - final model: A values are [-0.015871018171310425, -0.021604329347610474, -0.024600926786661148, -0.016451366245746613, -0.032121691852808, -0.027941130101680756, -0.04800191521644592, -0.019933033734560013, -0.04062921181321144, -0.03375871106982231, -0.03862360864877701, -0.026356540620326996]
2025-08-03 11:23:53,116 - INFO - final model: average A value: -0.028824457898736
2025-08-03 11:23:53,117 - INFO - final model: variance of A values: 0.00010137735080206767
2025-08-03 11:23:53,117 - INFO - train loss is 5.913989298278466e-10
2025-08-03 11:23:53,117 - INFO - impulse response loss is 0.6088462471961975
2025-08-03 11:23:53,127 - INFO - Finished GD, time elapsed=1758.5262651443481s
2025-08-03 11:23:53,127 - INFO - Finished seed=1
2025-08-03 11:23:53,128 - INFO - Starting seed=2
2025-08-03 11:23:53,128 - INFO - A_teacher is 0.48044905066490173
2025-08-03 11:23:53,130 - INFO - Starting GD
2025-08-03 11:23:53,132 - INFO - initial model: max A_j index: 10
2025-08-03 11:23:53,132 - INFO - initial model: A values are [0.0039229681715369225, -0.0022356400731951, -0.0031950026750564575, -0.012050370685756207, 0.010444634594023228, -0.006332276854664087, 0.0057310676202178, 0.0054094744846224785, -0.003919058479368687, -0.010426787659525871, 0.013186173513531685, 0.00747638987377286]
2025-08-03 11:54:14,870 - INFO - final model: max A_j index: 10
2025-08-03 11:54:14,873 - INFO - final model: A values are [0.038742516189813614, 0.031997088342905045, 0.03095279261469841, 0.021190864965319633, 0.04585253447294235, 0.027501961216330528, 0.04071745276451111, 0.040366481989622116, 0.030157044529914856, 0.022985300049185753, 0.04883100837469101, 0.042620886117219925]
2025-08-03 11:54:14,873 - INFO - final model: average A value: 0.03515965864062309
2025-08-03 11:54:14,873 - INFO - final model: variance of A values: 8.022350812098011e-05
2025-08-03 11:54:14,873 - INFO - train loss is 2.476099325576797e-10
2025-08-03 11:54:14,873 - INFO - impulse response loss is 0.06186393275856972
2025-08-03 11:54:14,888 - INFO - Finished GD, time elapsed=1821.757996082306s
2025-08-03 11:54:14,888 - INFO - Finished seed=2
2025-08-03 11:54:14,888 - INFO - Starting seed=3
2025-08-03 11:54:14,889 - INFO - A_teacher is 0.3673519194126129
2025-08-03 11:54:14,890 - INFO - Starting GD
2025-08-03 11:54:14,892 - INFO - initial model: max A_j index: 11
2025-08-03 11:54:14,892 - INFO - initial model: A values are [0.008032760582864285, 0.0017483338015154004, 0.0008897809311747551, -0.006137180142104626, 0.0004618245002347976, -0.0136825917288661, 0.0033749507274478674, 0.010111158713698387, -0.014351793564856052, 0.009774317964911461, 0.005220499355345964, 0.012379166670143604]
2025-08-03 12:22:56,607 - INFO - final model: max A_j index: 11
2025-08-03 12:22:56,609 - INFO - final model: A values are [0.04362480342388153, 0.037252362817525864, 0.03638269007205963, 0.02927376702427864, 0.03594917431473732, 0.021654212847352028, 0.03890068829059601, 0.04573467746376991, 0.020979169756174088, 0.04539261385798454, 0.0407717190682888, 0.04803850129246712]
2025-08-03 12:22:56,609 - INFO - final model: average A value: 0.03699619695544243
2025-08-03 12:22:56,609 - INFO - final model: variance of A values: 8.033720951061696e-05
2025-08-03 12:22:56,609 - INFO - train loss is 2.2737367544323206e-11
2025-08-03 12:22:56,610 - INFO - impulse response loss is 0.022095436230301857
2025-08-03 12:22:56,619 - INFO - Finished GD, time elapsed=1721.7281138896942s
2025-08-03 12:22:56,619 - INFO - Finished seed=3
2025-08-03 12:22:56,619 - INFO - ----------------------------------------------------------------------------------------------------------------------------------------------
2025-08-03 12:22:56,619 - INFO - ----------------------------------------------------------------------------------------------------------------------------------------------
2025-08-03 12:22:56,619 - INFO - Finished student_dim=12 with G&C avg gen_loss = 0.0, GD avg gen_loss = 0.2364925961010158
2025-08-03 12:22:56,619 - INFO - ----------------------------------------------------------------------------------------------------------------------------------------------
2025-08-03 12:22:56,619 - INFO - Starting student_dim=13
2025-08-03 12:22:56,620 - INFO - Starting seed=0
2025-08-03 12:22:56,620 - INFO - A_teacher is 0.4135364294052124
2025-08-03 12:22:56,627 - INFO - Starting GD
2025-08-03 12:22:56,631 - INFO - initial model: max A_j index: 0
2025-08-03 12:22:56,631 - INFO - initial model: A values are [0.01540996041148901, -0.0029342889320105314, -0.021787893027067184, 0.005684312433004379, -0.010845223441720009, -0.013985954225063324, 0.004033468198031187, 0.008380263112485409, -0.007192575838416815, -0.004033435136079788, -0.005966353230178356, 0.0018203648505732417, -0.008566745556890965]
2025-08-03 12:55:39,601 - INFO - final model: max A_j index: 0
2025-08-03 12:55:39,602 - INFO - final model: A values are [-0.019766895100474358, -0.045805856585502625, -0.07221408933401108, -0.0335695780813694, -0.05695873126387596, -0.061369046568870544, -0.03592143952846527, -0.029880931600928307, -0.051818281412124634, -0.04735826328396797, -0.05008845031261444, -0.03906787559390068, -0.053752440959215164]
2025-08-03 12:55:39,679 - INFO - final model: average A value: -0.045967064797878265
2025-08-03 12:55:39,732 - INFO - final model: variance of A values: 0.00020068029698450118
2025-08-03 12:55:39,732 - INFO - train loss is 1.8417268821124821e-09
2025-08-03 12:55:39,732 - INFO - impulse response loss is 1.0474883317947388
2025-08-03 12:55:39,742 - INFO - Finished GD, time elapsed=1963.1154561042786s
2025-08-03 12:55:39,742 - INFO - Finished seed=0
2025-08-03 12:55:39,743 - INFO - Starting seed=1
2025-08-03 12:55:39,744 - INFO - A_teacher is 0.6100603938102722
2025-08-03 12:55:39,745 - INFO - Starting GD
2025-08-03 12:55:39,747 - INFO - initial model: max A_j index: 0
2025-08-03 12:55:39,748 - INFO - initial model: A values are [0.006613521371036768, 0.0026692410465329885, 0.0006167725659906864, 0.006213173270225525, -0.0045190597884356976, -0.001661302288994193, -0.015227684751152992, 0.003816839074715972, -0.010276085697114468, -0.005630527622997761, -0.00892290472984314, -0.000582501757889986, -0.0019550956785678864]
