2025-07-26 20:20:40,700 - INFO - Using device mps.
2025-07-26 20:20:40,709 - INFO - Starting teacher_rank=1
2025-07-26 20:20:40,710 - INFO - Starting student_dim=3
2025-07-26 20:20:40,710 - INFO - Starting seed=0
2025-07-26 20:20:40,741 - INFO - Starting G&C
2025-07-26 20:22:29,397 - INFO - Finished G&C, time elapsed=108.65256786346436s
2025-07-26 20:22:29,401 - INFO - Finished seed=0
2025-07-26 20:22:29,405 - INFO - Starting seed=1
2025-07-26 20:22:29,427 - INFO - Starting G&C
2025-07-26 20:24:14,133 - INFO - Finished G&C, time elapsed=104.70334482192993s
2025-07-26 20:24:14,135 - INFO - Finished seed=1
2025-07-26 20:24:14,148 - INFO - Starting seed=2
2025-07-26 20:24:14,166 - INFO - Starting G&C
2025-07-26 20:26:08,010 - INFO - Finished G&C, time elapsed=113.84196400642395s
2025-07-26 20:26:08,012 - INFO - Finished seed=2
2025-07-26 20:26:08,016 - INFO - Starting seed=3
2025-07-26 20:26:08,029 - INFO - Starting G&C
2025-07-26 20:27:56,944 - INFO - Finished G&C, time elapsed=108.91270804405212s
2025-07-26 20:27:56,947 - INFO - Finished seed=3
2025-07-26 20:27:56,953 - INFO - ----------------------------------------------------------------------------------------------------------------------------------------------
2025-07-26 20:27:56,953 - INFO - ----------------------------------------------------------------------------------------------------------------------------------------------
2025-07-26 20:27:56,973 - INFO - Finished student_dim=3 with G&C avg gen_loss = 4.530869913070816, GD avg gen_loss = 0.0
2025-07-26 20:27:56,973 - INFO - ----------------------------------------------------------------------------------------------------------------------------------------------
2025-07-26 20:27:56,975 - INFO - Starting student_dim=4
2025-07-26 20:27:56,979 - INFO - Starting seed=0
2025-07-26 20:27:57,017 - INFO - Starting G&C
2025-07-26 20:29:53,101 - INFO - Finished G&C, time elapsed=116.08299899101257s
2025-07-26 20:29:53,104 - INFO - Finished seed=0
2025-07-26 20:29:53,106 - INFO - Starting seed=1
2025-07-26 20:29:53,130 - INFO - Starting G&C
2025-07-26 20:47:06,341 - INFO - Finished G&C, time elapsed=1033.2092390060425s
2025-07-26 20:47:06,342 - INFO - Finished seed=1
2025-07-26 20:47:06,344 - INFO - Starting seed=2
2025-07-26 20:47:06,365 - INFO - Starting G&C
2025-07-26 21:19:48,845 - INFO - Finished G&C, time elapsed=1962.479159116745s
2025-07-26 21:19:48,847 - INFO - Finished seed=2
2025-07-26 21:19:48,850 - INFO - Starting seed=3
2025-07-26 21:19:48,880 - INFO - Starting G&C
2025-07-26 21:53:28,998 - INFO - Finished G&C, time elapsed=2020.1178770065308s
2025-07-26 21:53:29,001 - INFO - Finished seed=3
2025-07-26 21:53:29,009 - INFO - ----------------------------------------------------------------------------------------------------------------------------------------------
2025-07-26 21:53:29,009 - INFO - ----------------------------------------------------------------------------------------------------------------------------------------------
2025-07-26 21:53:29,026 - INFO - Finished student_dim=4 with G&C avg gen_loss = 6.738283995607676, GD avg gen_loss = 0.0
2025-07-26 21:53:29,026 - INFO - ----------------------------------------------------------------------------------------------------------------------------------------------
2025-07-26 21:53:29,026 - INFO - Starting student_dim=5
2025-07-26 21:53:29,032 - INFO - Starting seed=0
2025-07-26 21:53:29,086 - INFO - Starting G&C
2025-07-26 22:43:31,979 - INFO - Finished G&C, time elapsed=3002.8919088840485s
2025-07-26 22:43:31,982 - INFO - Finished seed=0
2025-07-26 22:43:31,985 - INFO - Starting seed=1
2025-07-26 22:43:32,011 - INFO - Starting G&C
2025-07-26 22:45:25,962 - INFO - Finished G&C, time elapsed=113.95016288757324s
2025-07-26 22:45:25,963 - INFO - Finished seed=1
2025-07-26 22:45:25,965 - INFO - Starting seed=2
2025-07-26 22:45:25,985 - INFO - Starting G&C
2025-07-26 22:47:24,126 - INFO - Finished G&C, time elapsed=118.13928508758545s
2025-07-26 22:47:24,129 - INFO - Finished seed=2
2025-07-26 22:47:24,132 - INFO - Starting seed=3
2025-07-26 22:47:24,161 - INFO - Starting G&C
2025-07-26 22:49:21,686 - INFO - Finished G&C, time elapsed=117.52311301231384s
2025-07-26 22:49:21,690 - INFO - Finished seed=3
2025-07-26 22:49:21,693 - INFO - ----------------------------------------------------------------------------------------------------------------------------------------------
2025-07-26 22:49:21,693 - INFO - ----------------------------------------------------------------------------------------------------------------------------------------------
2025-07-26 22:49:21,704 - INFO - Finished student_dim=5 with G&C avg gen_loss = 9.702766626422115, GD avg gen_loss = 0.0
2025-07-26 22:49:21,704 - INFO - ----------------------------------------------------------------------------------------------------------------------------------------------
2025-07-26 22:49:21,705 - INFO - Starting student_dim=6
2025-07-26 22:49:21,711 - INFO - Starting seed=0
2025-07-26 22:49:21,751 - INFO - Starting G&C
2025-07-26 22:51:13,696 - INFO - Finished G&C, time elapsed=111.94377088546753s
2025-07-26 22:51:13,698 - INFO - Finished seed=0
2025-07-26 22:51:13,700 - INFO - Starting seed=1
2025-07-26 22:51:13,722 - INFO - Starting G&C
2025-07-26 22:53:04,597 - INFO - Finished G&C, time elapsed=110.87369108200073s
2025-07-26 22:53:04,599 - INFO - Finished seed=1
2025-07-26 22:53:04,603 - INFO - Starting seed=2
2025-07-26 22:53:04,624 - INFO - Starting G&C
2025-07-26 22:54:58,634 - INFO - Finished G&C, time elapsed=114.00887203216553s
2025-07-26 22:54:58,637 - INFO - Finished seed=2
2025-07-26 22:54:58,639 - INFO - Starting seed=3
2025-07-26 22:54:58,660 - INFO - Starting G&C
2025-07-26 22:56:54,733 - INFO - Finished G&C, time elapsed=116.07212519645691s
2025-07-26 22:56:54,734 - INFO - Finished seed=3
2025-07-26 22:56:54,737 - INFO - ----------------------------------------------------------------------------------------------------------------------------------------------
2025-07-26 22:56:54,737 - INFO - ----------------------------------------------------------------------------------------------------------------------------------------------
2025-07-26 22:56:54,742 - INFO - Finished student_dim=6 with G&C avg gen_loss = 13.457142386499015, GD avg gen_loss = 0.0
2025-07-26 22:56:54,742 - INFO - ----------------------------------------------------------------------------------------------------------------------------------------------
2025-07-26 22:56:54,743 - INFO - Starting student_dim=7
2025-07-26 22:56:54,745 - INFO - Starting seed=0
2025-07-26 22:56:54,775 - INFO - Starting G&C
2025-07-26 22:58:58,205 - INFO - Finished G&C, time elapsed=123.4269950389862s
2025-07-26 22:58:58,206 - INFO - Finished seed=0
2025-07-26 22:58:58,210 - INFO - Starting seed=1
2025-07-26 22:58:58,236 - INFO - Starting G&C
2025-07-26 23:00:56,269 - INFO - Finished G&C, time elapsed=118.0322937965393s
2025-07-26 23:00:56,271 - INFO - Finished seed=1
2025-07-26 23:00:56,274 - INFO - Starting seed=2
2025-07-26 23:00:56,295 - INFO - Starting G&C
2025-07-26 23:02:56,895 - INFO - Finished G&C, time elapsed=120.59879493713379s
2025-07-26 23:02:56,897 - INFO - Finished seed=2
2025-07-26 23:02:56,899 - INFO - Starting seed=3
2025-07-26 23:02:56,919 - INFO - Starting G&C
2025-07-26 23:04:58,985 - INFO - Finished G&C, time elapsed=122.06454396247864s
2025-07-26 23:04:58,986 - INFO - Finished seed=3
2025-07-26 23:04:58,990 - INFO - ----------------------------------------------------------------------------------------------------------------------------------------------
2025-07-26 23:04:58,990 - INFO - ----------------------------------------------------------------------------------------------------------------------------------------------
2025-07-26 23:04:58,993 - INFO - Finished student_dim=7 with G&C avg gen_loss = 17.963533336939577, GD avg gen_loss = 0.0
2025-07-26 23:04:58,994 - INFO - ----------------------------------------------------------------------------------------------------------------------------------------------
2025-07-26 23:04:58,994 - INFO - Starting student_dim=8
2025-07-26 23:04:58,997 - INFO - Starting seed=0
2025-07-26 23:04:59,024 - INFO - Starting G&C
2025-07-26 23:07:07,578 - INFO - Finished G&C, time elapsed=128.55272698402405s
2025-07-26 23:07:07,581 - INFO - Finished seed=0
2025-07-26 23:07:07,582 - INFO - Starting seed=1
2025-07-26 23:07:07,604 - INFO - Starting G&C
2025-07-26 23:09:12,826 - INFO - Finished G&C, time elapsed=125.22122025489807s
2025-07-26 23:09:12,829 - INFO - Finished seed=1
2025-07-26 23:09:12,832 - INFO - Starting seed=2
2025-07-26 23:09:12,852 - INFO - Starting G&C
2025-07-26 23:11:18,954 - INFO - Finished G&C, time elapsed=126.10160303115845s
2025-07-26 23:11:18,956 - INFO - Finished seed=2
2025-07-26 23:11:18,958 - INFO - Starting seed=3
2025-07-26 23:11:18,977 - INFO - Starting G&C
2025-07-26 23:13:31,901 - INFO - Finished G&C, time elapsed=132.92233109474182s
2025-07-26 23:13:31,902 - INFO - Finished seed=3
2025-07-26 23:13:31,905 - INFO - ----------------------------------------------------------------------------------------------------------------------------------------------
2025-07-26 23:13:31,906 - INFO - ----------------------------------------------------------------------------------------------------------------------------------------------
2025-07-26 23:13:31,909 - INFO - Finished student_dim=8 with G&C avg gen_loss = 23.24812046066303, GD avg gen_loss = 0.0
2025-07-26 23:13:31,909 - INFO - ----------------------------------------------------------------------------------------------------------------------------------------------
2025-07-26 23:13:31,911 - INFO - Starting student_dim=9
2025-07-26 23:13:31,914 - INFO - Starting seed=0
2025-07-26 23:13:31,954 - INFO - Starting G&C
2025-07-26 23:15:51,757 - INFO - Finished G&C, time elapsed=139.80201387405396s
2025-07-26 23:15:51,760 - INFO - Finished seed=0
2025-07-26 23:15:51,762 - INFO - Starting seed=1
2025-07-26 23:15:51,782 - INFO - Starting G&C
2025-07-26 23:18:03,194 - INFO - Finished G&C, time elapsed=131.4105260372162s
2025-07-26 23:18:03,196 - INFO - Finished seed=1
2025-07-26 23:18:03,198 - INFO - Starting seed=2
2025-07-26 23:18:03,219 - INFO - Starting G&C
2025-07-26 23:20:33,495 - INFO - Finished G&C, time elapsed=150.27515983581543s
2025-07-26 23:20:33,498 - INFO - Finished seed=2
2025-07-26 23:20:33,501 - INFO - Starting seed=3
2025-07-26 23:20:33,521 - INFO - Starting G&C
2025-07-26 23:22:55,743 - INFO - Finished G&C, time elapsed=142.2203299999237s
2025-07-26 23:22:55,745 - INFO - Finished seed=3
2025-07-26 23:22:55,748 - INFO - ----------------------------------------------------------------------------------------------------------------------------------------------
2025-07-26 23:22:55,748 - INFO - ----------------------------------------------------------------------------------------------------------------------------------------------
2025-07-26 23:22:55,752 - INFO - Finished student_dim=9 with G&C avg gen_loss = 29.195405776306014, GD avg gen_loss = 0.0
2025-07-26 23:22:55,752 - INFO - ----------------------------------------------------------------------------------------------------------------------------------------------
2025-07-26 23:22:55,752 - INFO - Starting student_dim=10
2025-07-26 23:22:55,754 - INFO - Starting seed=0
2025-07-26 23:22:55,782 - INFO - Starting G&C
2025-07-26 23:25:36,611 - INFO - Finished G&C, time elapsed=160.82753205299377s
2025-07-26 23:25:36,614 - INFO - Finished seed=0
2025-07-26 23:25:36,616 - INFO - Starting seed=1
2025-07-26 23:25:36,643 - INFO - Starting G&C
2025-07-26 23:27:58,411 - INFO - Finished G&C, time elapsed=141.76706218719482s
2025-07-26 23:27:58,414 - INFO - Finished seed=1
2025-07-26 23:27:58,416 - INFO - Starting seed=2
2025-07-26 23:27:58,439 - INFO - Starting G&C
2025-07-26 23:30:31,603 - INFO - Finished G&C, time elapsed=153.16254901885986s
2025-07-26 23:30:31,607 - INFO - Finished seed=2
2025-07-26 23:30:31,609 - INFO - Starting seed=3
2025-07-26 23:30:31,631 - INFO - Starting G&C
2025-07-26 23:33:05,466 - INFO - Finished G&C, time elapsed=153.83410787582397s
2025-07-26 23:33:05,468 - INFO - Finished seed=3
2025-07-26 23:33:05,471 - INFO - ----------------------------------------------------------------------------------------------------------------------------------------------
2025-07-26 23:33:05,471 - INFO - ----------------------------------------------------------------------------------------------------------------------------------------------
2025-07-26 23:33:05,474 - INFO - Finished student_dim=10 with G&C avg gen_loss = 36.00798120878772, GD avg gen_loss = 0.0
2025-07-26 23:33:05,475 - INFO - ----------------------------------------------------------------------------------------------------------------------------------------------
2025-07-26 23:33:05,475 - INFO - Starting student_dim=11
2025-07-26 23:33:05,477 - INFO - Starting seed=0
2025-07-26 23:33:05,514 - INFO - Starting G&C
2025-07-26 23:35:47,407 - INFO - Finished G&C, time elapsed=161.89148497581482s
2025-07-26 23:35:47,409 - INFO - Finished seed=0
2025-07-26 23:35:47,411 - INFO - Starting seed=1
2025-07-26 23:35:47,435 - INFO - Starting G&C
2025-07-26 23:38:18,526 - INFO - Finished G&C, time elapsed=151.08956599235535s
2025-07-26 23:38:18,529 - INFO - Finished seed=1
2025-07-26 23:38:18,531 - INFO - Starting seed=2
2025-07-26 23:38:18,554 - INFO - Starting G&C
2025-07-26 23:41:00,642 - INFO - Finished G&C, time elapsed=162.08658599853516s
2025-07-26 23:41:00,644 - INFO - Finished seed=2
2025-07-26 23:41:00,647 - INFO - Starting seed=3
2025-07-26 23:41:00,672 - INFO - Starting G&C
2025-07-26 23:43:44,645 - INFO - Finished G&C, time elapsed=163.97067093849182s
2025-07-26 23:43:44,648 - INFO - Finished seed=3
2025-07-26 23:43:44,651 - INFO - ----------------------------------------------------------------------------------------------------------------------------------------------
2025-07-26 23:43:44,651 - INFO - ----------------------------------------------------------------------------------------------------------------------------------------------
2025-07-26 23:43:44,655 - INFO - Finished student_dim=11 with G&C avg gen_loss = 43.672901473819536, GD avg gen_loss = 0.0
2025-07-26 23:43:44,655 - INFO - ----------------------------------------------------------------------------------------------------------------------------------------------
2025-07-26 23:43:44,655 - INFO - Starting student_dim=12
2025-07-26 23:43:44,659 - INFO - Starting seed=0
2025-07-26 23:43:44,691 - INFO - Starting G&C
2025-07-27 00:19:07,836 - INFO - Finished G&C, time elapsed=2123.142664909363s
2025-07-27 00:19:07,838 - INFO - Finished seed=0
2025-07-27 00:19:07,847 - INFO - Starting seed=1
2025-07-27 00:19:07,872 - INFO - Starting G&C
2025-07-27 00:21:28,872 - INFO - Finished G&C, time elapsed=140.99479603767395s
2025-07-27 00:21:28,876 - INFO - Finished seed=1
2025-07-27 00:21:28,885 - INFO - Starting seed=2
2025-07-27 00:21:28,908 - INFO - Starting G&C
2025-07-27 00:23:46,601 - INFO - Finished G&C, time elapsed=137.6903111934662s
2025-07-27 00:23:46,605 - INFO - Finished seed=2
2025-07-27 00:23:46,607 - INFO - Starting seed=3
2025-07-27 00:23:46,637 - INFO - Starting G&C
2025-07-27 00:25:59,752 - INFO - Finished G&C, time elapsed=133.1140239238739s
2025-07-27 00:25:59,755 - INFO - Finished seed=3
2025-07-27 00:25:59,763 - INFO - ----------------------------------------------------------------------------------------------------------------------------------------------
2025-07-27 00:25:59,763 - INFO - ----------------------------------------------------------------------------------------------------------------------------------------------
2025-07-27 00:25:59,767 - INFO - Finished student_dim=12 with G&C avg gen_loss = 51.898057577033725, GD avg gen_loss = 0.0
2025-07-27 00:25:59,767 - INFO - ----------------------------------------------------------------------------------------------------------------------------------------------
2025-07-27 00:25:59,767 - INFO - Starting student_dim=13
2025-07-27 00:25:59,770 - INFO - Starting seed=0
2025-07-27 00:25:59,811 - INFO - Starting G&C
2025-07-27 00:28:19,163 - INFO - Finished G&C, time elapsed=139.35086607933044s
2025-07-27 00:28:19,166 - INFO - Finished seed=0
2025-07-27 00:28:19,167 - INFO - Starting seed=1
2025-07-27 00:28:19,191 - INFO - Starting G&C
2025-07-27 00:30:38,358 - INFO - Finished G&C, time elapsed=139.1645529270172s
2025-07-27 00:30:38,360 - INFO - Finished seed=1
2025-07-27 00:30:38,371 - INFO - Starting seed=2
2025-07-27 00:30:38,393 - INFO - Starting G&C
2025-07-27 00:32:55,660 - INFO - Finished G&C, time elapsed=137.26454710960388s
2025-07-27 00:32:55,663 - INFO - Finished seed=2
2025-07-27 00:32:55,664 - INFO - Starting seed=3
2025-07-27 00:32:55,681 - INFO - Starting G&C
2025-07-27 00:35:19,947 - INFO - Finished G&C, time elapsed=144.2653467655182s
2025-07-27 00:35:19,949 - INFO - Finished seed=3
2025-07-27 00:35:19,956 - INFO - ----------------------------------------------------------------------------------------------------------------------------------------------
2025-07-27 00:35:19,956 - INFO - ----------------------------------------------------------------------------------------------------------------------------------------------
2025-07-27 00:35:19,961 - INFO - Finished student_dim=13 with G&C avg gen_loss = 61.06526369730655, GD avg gen_loss = 0.0
2025-07-27 00:35:19,961 - INFO - ----------------------------------------------------------------------------------------------------------------------------------------------
2025-07-27 00:35:19,961 - INFO - Starting student_dim=14
2025-07-27 00:35:19,964 - INFO - Starting seed=0
2025-07-27 00:35:20,003 - INFO - Starting G&C
2025-07-27 00:37:57,303 - INFO - Finished G&C, time elapsed=157.2982840538025s
2025-07-27 00:37:57,305 - INFO - Finished seed=0
2025-07-27 00:37:57,307 - INFO - Starting seed=1
2025-07-27 00:37:57,325 - INFO - Starting G&C
2025-07-27 00:40:30,772 - INFO - Finished G&C, time elapsed=153.4456911087036s
2025-07-27 00:40:30,775 - INFO - Finished seed=1
2025-07-27 00:40:30,777 - INFO - Starting seed=2
2025-07-27 00:40:30,797 - INFO - Starting G&C
2025-07-27 00:43:03,536 - INFO - Finished G&C, time elapsed=152.7376058101654s
2025-07-27 00:43:03,539 - INFO - Finished seed=2
2025-07-27 00:43:03,545 - INFO - Starting seed=3
2025-07-27 00:43:03,566 - INFO - Starting G&C
2025-07-27 00:45:48,313 - INFO - Finished G&C, time elapsed=164.7454400062561s
2025-07-27 00:45:48,315 - INFO - Finished seed=3
2025-07-27 00:45:48,323 - INFO - ----------------------------------------------------------------------------------------------------------------------------------------------
2025-07-27 00:45:48,323 - INFO - ----------------------------------------------------------------------------------------------------------------------------------------------
2025-07-27 00:45:48,332 - INFO - Finished student_dim=14 with G&C avg gen_loss = 70.8507018609601, GD avg gen_loss = 0.0
2025-07-27 00:45:48,332 - INFO - ----------------------------------------------------------------------------------------------------------------------------------------------
2025-07-27 00:45:48,333 - INFO - Starting student_dim=15
2025-07-27 00:45:48,336 - INFO - Starting seed=0
2025-07-27 00:45:48,381 - INFO - Starting G&C
2025-07-27 00:48:32,468 - INFO - Finished G&C, time elapsed=164.0841257572174s
2025-07-27 00:48:32,471 - INFO - Finished seed=0
2025-07-27 00:48:32,473 - INFO - Starting seed=1
2025-07-27 00:48:32,505 - INFO - Starting G&C
2025-07-27 00:51:20,688 - INFO - Finished G&C, time elapsed=168.18104910850525s
2025-07-27 00:51:20,691 - INFO - Finished seed=1
2025-07-27 00:51:20,693 - INFO - Starting seed=2
2025-07-27 00:51:20,715 - INFO - Starting G&C
2025-07-27 00:54:04,006 - INFO - Finished G&C, time elapsed=163.29014492034912s
2025-07-27 00:54:04,009 - INFO - Finished seed=2
2025-07-27 00:54:04,011 - INFO - Starting seed=3
2025-07-27 00:54:04,034 - INFO - Starting G&C
2025-07-27 00:57:07,758 - INFO - Finished G&C, time elapsed=183.72241878509521s
2025-07-27 00:57:07,761 - INFO - Finished seed=3
2025-07-27 00:57:07,770 - INFO - ----------------------------------------------------------------------------------------------------------------------------------------------
2025-07-27 00:57:07,771 - INFO - ----------------------------------------------------------------------------------------------------------------------------------------------
2025-07-27 00:57:07,775 - INFO - Finished student_dim=15 with G&C avg gen_loss = 81.52815189908372, GD avg gen_loss = 0.0
2025-07-27 00:57:07,775 - INFO - ----------------------------------------------------------------------------------------------------------------------------------------------
2025-07-27 00:57:07,775 - INFO - Starting student_dim=16
2025-07-27 00:57:07,778 - INFO - Starting seed=0
2025-07-27 00:57:07,813 - INFO - Starting G&C
2025-07-27 00:59:58,134 - INFO - Finished G&C, time elapsed=170.31883788108826s
2025-07-27 00:59:58,138 - INFO - Finished seed=0
2025-07-27 00:59:58,140 - INFO - Starting seed=1
2025-07-27 00:59:58,162 - INFO - Starting G&C
2025-07-27 01:03:01,624 - INFO - Finished G&C, time elapsed=183.46003603935242s
2025-07-27 01:03:01,626 - INFO - Finished seed=1
2025-07-27 01:03:01,629 - INFO - Starting seed=2
2025-07-27 01:03:01,649 - INFO - Starting G&C
2025-07-27 01:06:00,404 - INFO - Finished G&C, time elapsed=178.75353908538818s
2025-07-27 01:06:00,407 - INFO - Finished seed=2
2025-07-27 01:06:00,410 - INFO - Starting seed=3
2025-07-27 01:06:00,432 - INFO - Starting G&C
2025-07-27 01:09:08,292 - INFO - Finished G&C, time elapsed=187.85789895057678s
2025-07-27 01:09:08,296 - INFO - Finished seed=3
2025-07-27 01:09:08,299 - INFO - ----------------------------------------------------------------------------------------------------------------------------------------------
2025-07-27 01:09:08,300 - INFO - ----------------------------------------------------------------------------------------------------------------------------------------------
2025-07-27 01:09:08,304 - INFO - Finished student_dim=16 with G&C avg gen_loss = 93.0689356922899, GD avg gen_loss = 0.0
2025-07-27 01:09:08,304 - INFO - ----------------------------------------------------------------------------------------------------------------------------------------------
2025-07-27 01:09:08,304 - INFO - Starting student_dim=17
2025-07-27 01:09:08,307 - INFO - Starting seed=0
2025-07-27 01:09:08,341 - INFO - Starting G&C
2025-07-27 01:12:29,951 - INFO - Finished G&C, time elapsed=201.6077482700348s
2025-07-27 01:12:29,954 - INFO - Finished seed=0
2025-07-27 01:12:29,957 - INFO - Starting seed=1
2025-07-27 01:12:29,982 - INFO - Starting G&C
2025-07-27 01:16:00,589 - INFO - Finished G&C, time elapsed=210.60521602630615s
2025-07-27 01:16:00,593 - INFO - Finished seed=1
2025-07-27 01:16:00,597 - INFO - Starting seed=2
2025-07-27 01:16:00,622 - INFO - Starting G&C
2025-07-27 01:19:09,968 - INFO - No GNC sensing losses
2025-07-27 01:19:21,298 - INFO - Finished G&C, time elapsed=200.6763780117035s
2025-07-27 01:19:21,299 - INFO - Finished seed=2
2025-07-27 01:19:21,302 - INFO - Starting seed=3
2025-07-27 01:19:21,325 - INFO - Starting G&C
2025-07-27 01:44:19,293 - INFO - Finished G&C, time elapsed=1497.9663829803467s
2025-07-27 01:44:19,296 - INFO - Finished seed=3
2025-07-27 01:44:19,299 - INFO - ----------------------------------------------------------------------------------------------------------------------------------------------
2025-07-27 01:44:19,299 - INFO - ----------------------------------------------------------------------------------------------------------------------------------------------
2025-07-27 01:44:19,309 - INFO - Finished student_dim=17 with G&C avg gen_loss = 138.22516619851763, GD avg gen_loss = 0.0
2025-07-27 01:44:19,309 - INFO - ----------------------------------------------------------------------------------------------------------------------------------------------
2025-07-27 01:44:19,309 - INFO - Starting student_dim=18
2025-07-27 01:44:19,314 - INFO - Starting seed=0
2025-07-27 01:44:19,356 - INFO - Starting G&C
2025-07-27 02:36:50,571 - INFO - Finished G&C, time elapsed=3151.20912194252s
2025-07-27 02:36:50,576 - INFO - Finished seed=0
2025-07-27 02:36:50,580 - INFO - Starting seed=1
2025-07-27 02:36:50,613 - INFO - Starting G&C
2025-07-27 02:39:20,977 - INFO - Finished G&C, time elapsed=150.35687494277954s
2025-07-27 02:39:20,982 - INFO - Finished seed=1
2025-07-27 02:39:20,988 - INFO - Starting seed=2
2025-07-27 02:39:21,025 - INFO - Starting G&C
2025-07-27 02:41:46,062 - INFO - No GNC sensing losses
2025-07-27 02:41:57,947 - INFO - Finished G&C, time elapsed=156.92213582992554s
2025-07-27 02:41:57,947 - INFO - Finished seed=2
2025-07-27 02:41:57,951 - INFO - Starting seed=3
2025-07-27 02:41:57,976 - INFO - Starting G&C
2025-07-27 02:44:28,334 - INFO - Finished G&C, time elapsed=150.35635924339294s
2025-07-27 02:44:28,338 - INFO - Finished seed=3
2025-07-27 02:44:28,344 - INFO - ----------------------------------------------------------------------------------------------------------------------------------------------
2025-07-27 02:44:28,345 - INFO - ----------------------------------------------------------------------------------------------------------------------------------------------
2025-07-27 02:44:28,361 - INFO - Finished student_dim=18 with G&C avg gen_loss = 156.6243967496193, GD avg gen_loss = 0.0
2025-07-27 02:44:28,361 - INFO - ----------------------------------------------------------------------------------------------------------------------------------------------
2025-07-27 02:44:28,361 - INFO - Starting student_dim=19
2025-07-27 02:44:28,368 - INFO - Starting seed=0
2025-07-27 02:44:28,443 - INFO - Starting G&C
2025-07-27 02:47:07,695 - INFO - Finished G&C, time elapsed=159.2475938796997s
2025-07-27 02:47:07,698 - INFO - Finished seed=0
2025-07-27 02:47:07,702 - INFO - Starting seed=1
2025-07-27 02:47:07,731 - INFO - Starting G&C
2025-07-27 02:49:47,946 - INFO - Finished G&C, time elapsed=160.21143078804016s
2025-07-27 02:49:47,949 - INFO - Finished seed=1
2025-07-27 02:49:47,953 - INFO - Starting seed=2
2025-07-27 02:49:47,981 - INFO - Starting G&C
2025-07-27 02:52:19,597 - INFO - No GNC sensing losses
2025-07-27 02:52:31,574 - INFO - Finished G&C, time elapsed=163.5930049419403s
2025-07-27 02:52:31,575 - INFO - Finished seed=2
2025-07-27 02:52:31,579 - INFO - Starting seed=3
2025-07-27 02:52:31,613 - INFO - Starting G&C
2025-07-27 02:55:20,407 - INFO - Finished G&C, time elapsed=168.7908158302307s
2025-07-27 02:55:20,410 - INFO - Finished seed=3
2025-07-27 02:55:20,416 - INFO - ----------------------------------------------------------------------------------------------------------------------------------------------
2025-07-27 02:55:20,418 - INFO - ----------------------------------------------------------------------------------------------------------------------------------------------
2025-07-27 02:55:20,429 - INFO - Finished student_dim=19 with G&C avg gen_loss = 174.6493735509204, GD avg gen_loss = 0.0
2025-07-27 02:55:20,429 - INFO - ----------------------------------------------------------------------------------------------------------------------------------------------
2025-07-27 02:55:21,028 - INFO - Finished experiments, results saved to results, figures saved to figures
