2025-08-03 14:40:41,434 - INFO - Using device mps.
2025-08-03 14:40:41,435 - INFO - Args: Namespace(num_seeds=1, num_measurements=1, input_e1=True, sequence_length=3, teacher_ranks=[1], student_dims=[3, 4, 5, 6, 7, 8, 9, 10, 11, 12, 13, 14, 15, 16, 17, 18, 19], calc_loss_only_on_last_output=True, eps_train=1e-06, gnc=True, gnc_num_samples=1000000000, gnc_batch_size=50000000, gd=False, gd_lr=0.01, gd_epochs=100000, gd_init_scale=0.01, gd_optimizer='adam', config=None, results_dir=PosixPath('results'), figures_dir=PosixPath('figures'), log_dir=PosixPath('logs'))
2025-08-03 14:40:41,444 - INFO - Starting teacher_rank=1
2025-08-03 14:40:41,444 - INFO - Starting student_dim=3
2025-08-03 14:40:41,445 - INFO - Starting seed=0
2025-08-03 14:40:41,451 - INFO - A_teacher is 0.5299691557884216
2025-08-03 14:40:41,473 - INFO - Starting G&C
2025-08-03 14:42:43,124 - INFO - Finished G&C, time elapsed=121.64583396911621s
2025-08-03 14:42:43,128 - INFO - Finished seed=0
2025-08-03 14:42:43,132 - INFO - ----------------------------------------------------------------------------------------------------------------------------------------------
2025-08-03 14:42:43,132 - INFO - ----------------------------------------------------------------------------------------------------------------------------------------------
2025-08-03 14:42:43,132 - INFO - Finished student_dim=3
2025-08-03 14:42:43,140 - INFO - G&C avg gen_loss = 0.6155240506878298
2025-08-03 14:42:43,140 - INFO - ----------------------------------------------------------------------------------------------------------------------------------------------
2025-08-03 14:42:43,140 - INFO - Starting student_dim=4
2025-08-03 14:42:43,142 - INFO - Starting seed=0
2025-08-03 14:42:43,150 - INFO - A_teacher is 0.6540995836257935
2025-08-03 14:42:43,175 - INFO - Starting G&C
2025-08-03 14:44:49,665 - INFO - Finished G&C, time elapsed=126.48887395858765s
2025-08-03 14:44:49,668 - INFO - Finished seed=0
2025-08-03 14:44:49,671 - INFO - ----------------------------------------------------------------------------------------------------------------------------------------------
2025-08-03 14:44:49,671 - INFO - ----------------------------------------------------------------------------------------------------------------------------------------------
2025-08-03 14:44:49,671 - INFO - Finished student_dim=4
2025-08-03 14:44:49,674 - INFO - G&C avg gen_loss = 0.8087813517523431
2025-08-03 14:44:49,674 - INFO - ----------------------------------------------------------------------------------------------------------------------------------------------
2025-08-03 14:44:49,674 - INFO - Starting student_dim=5
2025-08-03 14:44:49,675 - INFO - Starting seed=0
2025-08-03 14:44:49,681 - INFO - A_teacher is 0.6540995836257935
2025-08-03 14:44:49,707 - INFO - Starting G&C
2025-08-03 14:47:05,910 - INFO - Finished G&C, time elapsed=136.20103287696838s
2025-08-03 14:47:05,911 - INFO - Finished seed=0
2025-08-03 14:47:05,913 - INFO - ----------------------------------------------------------------------------------------------------------------------------------------------
2025-08-03 14:47:05,913 - INFO - ----------------------------------------------------------------------------------------------------------------------------------------------
2025-08-03 14:47:05,913 - INFO - Finished student_dim=5
2025-08-03 14:47:05,916 - INFO - G&C avg gen_loss = 0.7898706649184706
2025-08-03 14:47:05,916 - INFO - ----------------------------------------------------------------------------------------------------------------------------------------------
2025-08-03 14:47:05,916 - INFO - Starting student_dim=6
2025-08-03 14:47:05,917 - INFO - Starting seed=0
2025-08-03 14:47:05,924 - INFO - A_teacher is 0.6540995836257935
2025-08-03 14:47:05,951 - INFO - Starting G&C
2025-08-03 14:49:26,057 - INFO - Finished G&C, time elapsed=140.1045958995819s
2025-08-03 14:49:26,059 - INFO - Finished seed=0
2025-08-03 14:49:26,070 - INFO - ----------------------------------------------------------------------------------------------------------------------------------------------
2025-08-03 14:49:26,070 - INFO - ----------------------------------------------------------------------------------------------------------------------------------------------
2025-08-03 14:49:26,070 - INFO - Finished student_dim=6
2025-08-03 14:49:26,074 - INFO - G&C avg gen_loss = 0.7780314443025301
2025-08-03 14:49:26,074 - INFO - ----------------------------------------------------------------------------------------------------------------------------------------------
2025-08-03 14:49:26,074 - INFO - Starting student_dim=7
2025-08-03 14:49:26,075 - INFO - Starting seed=0
2025-08-03 14:49:26,082 - INFO - A_teacher is 0.6540995836257935
2025-08-03 14:49:26,111 - INFO - Starting G&C
2025-08-03 15:16:36,902 - INFO - Finished G&C, time elapsed=1630.787761926651s
2025-08-03 15:16:36,906 - INFO - Finished seed=0
2025-08-03 15:16:36,911 - INFO - ----------------------------------------------------------------------------------------------------------------------------------------------
2025-08-03 15:16:36,912 - INFO - ----------------------------------------------------------------------------------------------------------------------------------------------
2025-08-03 15:16:36,912 - INFO - Finished student_dim=7
2025-08-03 15:16:36,917 - INFO - G&C avg gen_loss = 0.7712671366735191
2025-08-03 15:16:36,917 - INFO - ----------------------------------------------------------------------------------------------------------------------------------------------
2025-08-03 15:16:36,917 - INFO - Starting student_dim=8
2025-08-03 15:16:36,920 - INFO - Starting seed=0
2025-08-03 15:16:36,931 - INFO - A_teacher is 0.6540995836257935
2025-08-03 15:16:36,976 - INFO - Starting G&C
2025-08-03 15:19:15,471 - INFO - Finished G&C, time elapsed=158.49256300926208s
2025-08-03 15:19:15,473 - INFO - Finished seed=0
2025-08-03 15:19:15,476 - INFO - ----------------------------------------------------------------------------------------------------------------------------------------------
2025-08-03 15:19:15,476 - INFO - ----------------------------------------------------------------------------------------------------------------------------------------------
2025-08-03 15:19:15,476 - INFO - Finished student_dim=8
2025-08-03 15:19:15,480 - INFO - G&C avg gen_loss = 0.7630577626823544
2025-08-03 15:19:15,480 - INFO - ----------------------------------------------------------------------------------------------------------------------------------------------
2025-08-03 15:19:15,480 - INFO - Starting student_dim=9
2025-08-03 15:19:15,481 - INFO - Starting seed=0
2025-08-03 15:19:15,488 - INFO - A_teacher is 0.6540995836257935
2025-08-03 15:19:15,520 - INFO - Starting G&C
2025-08-03 15:22:14,364 - INFO - Finished G&C, time elapsed=178.8394751548767s
2025-08-03 15:22:14,368 - INFO - Finished seed=0
2025-08-03 15:22:14,371 - INFO - ----------------------------------------------------------------------------------------------------------------------------------------------
2025-08-03 15:22:14,371 - INFO - ----------------------------------------------------------------------------------------------------------------------------------------------
2025-08-03 15:22:14,371 - INFO - Finished student_dim=9
2025-08-03 15:22:14,378 - INFO - G&C avg gen_loss = 0.7901664988380006
2025-08-03 15:22:14,378 - INFO - ----------------------------------------------------------------------------------------------------------------------------------------------
2025-08-03 15:22:14,378 - INFO - Starting student_dim=10
2025-08-03 15:22:14,380 - INFO - Starting seed=0
2025-08-03 15:22:14,391 - INFO - A_teacher is 0.6540995836257935
2025-08-03 15:22:14,450 - INFO - Starting G&C
2025-08-03 15:24:55,845 - INFO - Finished G&C, time elapsed=161.38979506492615s
2025-08-03 15:24:55,849 - INFO - Finished seed=0
2025-08-03 15:24:55,854 - INFO - ----------------------------------------------------------------------------------------------------------------------------------------------
2025-08-03 15:24:55,854 - INFO - ----------------------------------------------------------------------------------------------------------------------------------------------
2025-08-03 15:24:55,854 - INFO - Finished student_dim=10
2025-08-03 15:24:55,862 - INFO - G&C avg gen_loss = 0.7319091063960382
2025-08-03 15:24:55,862 - INFO - ----------------------------------------------------------------------------------------------------------------------------------------------
2025-08-03 15:24:55,862 - INFO - Starting student_dim=11
2025-08-03 15:24:55,864 - INFO - Starting seed=0
2025-08-03 15:24:55,875 - INFO - A_teacher is 0.6540995836257935
2025-08-03 15:24:55,923 - INFO - Starting G&C
2025-08-03 15:42:57,873 - INFO - Finished G&C, time elapsed=1081.9424901008606s
2025-08-03 15:42:57,881 - INFO - Finished seed=0
2025-08-03 15:42:57,890 - INFO - ----------------------------------------------------------------------------------------------------------------------------------------------
2025-08-03 15:42:57,890 - INFO - ----------------------------------------------------------------------------------------------------------------------------------------------
2025-08-03 15:42:57,890 - INFO - Finished student_dim=11
2025-08-03 15:42:57,902 - INFO - G&C avg gen_loss = 0.6375768480684201
2025-08-03 15:42:57,902 - INFO - ----------------------------------------------------------------------------------------------------------------------------------------------
2025-08-03 15:42:57,903 - INFO - Starting student_dim=12
2025-08-03 15:42:57,906 - INFO - Starting seed=0
2025-08-03 15:42:57,920 - INFO - A_teacher is 0.6540995836257935
2025-08-03 15:42:57,986 - INFO - Starting G&C
2025-08-03 15:46:26,370 - INFO - No GNC sensing losses
2025-08-03 15:46:38,871 - INFO - Finished G&C, time elapsed=220.88376307487488s
2025-08-03 15:46:38,872 - INFO - Finished seed=0
2025-08-03 15:46:38,882 - INFO - ----------------------------------------------------------------------------------------------------------------------------------------------
2025-08-03 15:46:38,882 - INFO - ----------------------------------------------------------------------------------------------------------------------------------------------
2025-08-03 15:46:38,882 - INFO - Finished student_dim=12
2025-08-03 15:46:38,894 - INFO - G&C avg gen_loss = nan
2025-08-03 15:46:38,894 - INFO - ----------------------------------------------------------------------------------------------------------------------------------------------
2025-08-03 15:46:38,895 - INFO - Starting student_dim=13
2025-08-03 15:46:38,897 - INFO - Starting seed=0
2025-08-03 15:46:38,908 - INFO - A_teacher is 0.6540995836257935
2025-08-03 15:46:38,949 - INFO - Starting G&C
2025-08-03 16:26:36,967 - INFO - No GNC sensing losses
2025-08-03 16:26:49,885 - INFO - Finished G&C, time elapsed=2410.9353442192078s
2025-08-03 16:26:49,885 - INFO - Finished seed=0
2025-08-03 16:26:49,896 - INFO - ----------------------------------------------------------------------------------------------------------------------------------------------
2025-08-03 16:26:49,896 - INFO - ----------------------------------------------------------------------------------------------------------------------------------------------
2025-08-03 16:26:49,896 - INFO - Finished student_dim=13
2025-08-03 16:26:49,908 - INFO - G&C avg gen_loss = nan
2025-08-03 16:26:49,908 - INFO - ----------------------------------------------------------------------------------------------------------------------------------------------
2025-08-03 16:26:49,909 - INFO - Starting student_dim=14
2025-08-03 16:26:49,917 - INFO - Starting seed=0
2025-08-03 16:26:49,932 - INFO - A_teacher is 0.6540995836257935
2025-08-03 16:26:50,059 - INFO - Starting G&C
2025-08-03 16:30:43,636 - INFO - No GNC sensing losses
2025-08-03 16:30:59,456 - INFO - Finished G&C, time elapsed=249.39562892913818s
2025-08-03 16:30:59,456 - INFO - Finished seed=0
2025-08-03 16:30:59,465 - INFO - ----------------------------------------------------------------------------------------------------------------------------------------------
2025-08-03 16:30:59,465 - INFO - ----------------------------------------------------------------------------------------------------------------------------------------------
2025-08-03 16:30:59,465 - INFO - Finished student_dim=14
2025-08-03 16:30:59,476 - INFO - G&C avg gen_loss = nan
2025-08-03 16:30:59,477 - INFO - ----------------------------------------------------------------------------------------------------------------------------------------------
2025-08-03 16:30:59,479 - INFO - Starting student_dim=15
2025-08-03 16:30:59,480 - INFO - Starting seed=0
2025-08-03 16:30:59,499 - INFO - A_teacher is 0.6540995836257935
2025-08-03 16:30:59,585 - INFO - Starting G&C
2025-08-03 16:36:24,130 - INFO - No GNC sensing losses
2025-08-03 16:36:37,224 - INFO - Finished G&C, time elapsed=337.6390030384064s
2025-08-03 16:36:37,225 - INFO - Finished seed=0
2025-08-03 16:36:37,238 - INFO - ----------------------------------------------------------------------------------------------------------------------------------------------
2025-08-03 16:36:37,238 - INFO - ----------------------------------------------------------------------------------------------------------------------------------------------
2025-08-03 16:36:37,238 - INFO - Finished student_dim=15
2025-08-03 16:36:37,246 - INFO - G&C avg gen_loss = nan
2025-08-03 16:36:37,246 - INFO - ----------------------------------------------------------------------------------------------------------------------------------------------
2025-08-03 16:36:37,247 - INFO - Starting student_dim=16
2025-08-03 16:36:37,249 - INFO - Starting seed=0
2025-08-03 16:36:37,261 - INFO - A_teacher is 0.6540995836257935
2025-08-03 16:36:37,342 - INFO - Starting G&C
2025-08-03 16:43:07,084 - INFO - No GNC sensing losses
2025-08-03 16:43:18,708 - INFO - Finished G&C, time elapsed=401.36511492729187s
2025-08-03 16:43:18,708 - INFO - Finished seed=0
2025-08-03 16:43:18,715 - INFO - ----------------------------------------------------------------------------------------------------------------------------------------------
2025-08-03 16:43:18,715 - INFO - ----------------------------------------------------------------------------------------------------------------------------------------------
2025-08-03 16:43:18,715 - INFO - Finished student_dim=16
2025-08-03 16:43:18,725 - INFO - G&C avg gen_loss = nan
2025-08-03 16:43:18,725 - INFO - ----------------------------------------------------------------------------------------------------------------------------------------------
2025-08-03 16:43:18,726 - INFO - Starting student_dim=17
2025-08-03 16:43:18,729 - INFO - Starting seed=0
2025-08-03 16:43:18,741 - INFO - A_teacher is 0.6540995836257935
2025-08-03 16:43:18,817 - INFO - Starting G&C
2025-08-03 17:18:49,680 - INFO - No GNC sensing losses
2025-08-03 17:19:01,877 - INFO - Finished G&C, time elapsed=2143.059623003006s
2025-08-03 17:19:01,878 - INFO - Finished seed=0
2025-08-03 17:19:01,885 - INFO - ----------------------------------------------------------------------------------------------------------------------------------------------
2025-08-03 17:19:01,885 - INFO - ----------------------------------------------------------------------------------------------------------------------------------------------
2025-08-03 17:19:01,885 - INFO - Finished student_dim=17
2025-08-03 17:19:01,895 - INFO - G&C avg gen_loss = nan
2025-08-03 17:19:01,895 - INFO - ----------------------------------------------------------------------------------------------------------------------------------------------
2025-08-03 17:19:01,896 - INFO - Starting student_dim=18
2025-08-03 17:19:01,900 - INFO - Starting seed=0
2025-08-03 17:19:01,917 - INFO - A_teacher is 0.6540995836257935
2025-08-03 17:19:02,003 - INFO - Starting G&C
