2025-08-03 21:05:46,512 - INFO - Using device mps.
2025-08-03 21:05:46,512 - INFO - Args: Namespace(num_seeds=1, num_measurements=1, input_e1=True, sequence_length=5, teacher_ranks=[1], student_dims=[5, 6, 7, 8, 9, 10, 11, 12, 13, 14, 15, 16, 17, 18, 19, 20, 21, 22, 23, 24], calc_loss_only_on_last_output=True, eps_train=1e-09, gnc=True, gnc_num_samples=100000000, gnc_batch_size=10000000, gd=False, gd_lr=0.01, gd_epochs=100000, gd_init_scale=0.01, gd_optimizer='adam', config=None, results_dir=PosixPath('results'), figures_dir=PosixPath('figures'), log_dir=PosixPath('logs'))
2025-08-03 21:05:46,521 - INFO - Starting teacher_rank=1
2025-08-03 21:05:46,521 - INFO - Starting student_dim=5
2025-08-03 21:05:46,521 - INFO - Starting seed=0
2025-08-03 21:05:46,527 - INFO - A_teacher is 0.4119665026664734
2025-08-03 21:05:46,551 - INFO - Starting G&C
2025-08-03 21:05:50,368 - INFO - Finished G&C, time elapsed=3.8167099952697754s
2025-08-03 21:05:50,368 - INFO - Finished seed=0
2025-08-03 21:05:50,368 - INFO - ----------------------------------------------------------------------------------------------------------------------------------------------
2025-08-03 21:05:50,368 - INFO - ----------------------------------------------------------------------------------------------------------------------------------------------
2025-08-03 21:05:50,369 - INFO - Finished student_dim=5
2025-08-03 21:05:50,369 - INFO - G&C avg gen_loss = 0.4693078186765766
2025-08-03 21:05:50,369 - INFO - ----------------------------------------------------------------------------------------------------------------------------------------------
2025-08-03 21:05:50,369 - INFO - Starting student_dim=6
2025-08-03 21:05:50,369 - INFO - Starting seed=0
2025-08-03 21:05:50,370 - INFO - A_teacher is 0.6540995836257935
2025-08-03 21:05:50,374 - INFO - Starting G&C
2025-08-03 21:05:54,214 - INFO - Finished G&C, time elapsed=3.839456081390381s
2025-08-03 21:05:54,214 - INFO - Finished seed=0
2025-08-03 21:05:54,214 - INFO - ----------------------------------------------------------------------------------------------------------------------------------------------
2025-08-03 21:05:54,214 - INFO - ----------------------------------------------------------------------------------------------------------------------------------------------
2025-08-03 21:05:54,214 - INFO - Finished student_dim=6
2025-08-03 21:05:54,214 - INFO - G&C avg gen_loss = 1.3958270970213154
2025-08-03 21:05:54,214 - INFO - ----------------------------------------------------------------------------------------------------------------------------------------------
2025-08-03 21:05:54,214 - INFO - Starting student_dim=7
2025-08-03 21:05:54,214 - INFO - Starting seed=0
2025-08-03 21:05:54,215 - INFO - A_teacher is 0.6540995836257935
2025-08-03 21:05:54,218 - INFO - Starting G&C
2025-08-03 21:05:58,163 - INFO - Finished G&C, time elapsed=3.9448800086975098s
2025-08-03 21:05:58,163 - INFO - Finished seed=0
2025-08-03 21:05:58,164 - INFO - ----------------------------------------------------------------------------------------------------------------------------------------------
2025-08-03 21:05:58,164 - INFO - ----------------------------------------------------------------------------------------------------------------------------------------------
2025-08-03 21:05:58,164 - INFO - Finished student_dim=7
2025-08-03 21:05:58,164 - INFO - G&C avg gen_loss = 1.4716727378534578
2025-08-03 21:05:58,164 - INFO - ----------------------------------------------------------------------------------------------------------------------------------------------
2025-08-03 21:05:58,164 - INFO - Starting student_dim=8
2025-08-03 21:05:58,164 - INFO - Starting seed=0
2025-08-03 21:05:58,165 - INFO - A_teacher is 0.6540995836257935
2025-08-03 21:05:58,168 - INFO - Starting G&C
2025-08-03 21:06:02,291 - INFO - Finished G&C, time elapsed=4.12298583984375s
2025-08-03 21:06:02,291 - INFO - Finished seed=0
2025-08-03 21:06:02,292 - INFO - ----------------------------------------------------------------------------------------------------------------------------------------------
2025-08-03 21:06:02,292 - INFO - ----------------------------------------------------------------------------------------------------------------------------------------------
2025-08-03 21:06:02,292 - INFO - Finished student_dim=8
2025-08-03 21:06:02,292 - INFO - G&C avg gen_loss = 1.566690261022114
2025-08-03 21:06:02,292 - INFO - ----------------------------------------------------------------------------------------------------------------------------------------------
2025-08-03 21:06:02,292 - INFO - Starting student_dim=9
2025-08-03 21:06:02,292 - INFO - Starting seed=0
2025-08-03 21:06:02,293 - INFO - A_teacher is 0.6540995836257935
2025-08-03 21:06:02,296 - INFO - Starting G&C
2025-08-03 21:06:06,592 - INFO - Finished G&C, time elapsed=4.295398950576782s
2025-08-03 21:06:06,592 - INFO - Finished seed=0
2025-08-03 21:06:06,592 - INFO - ----------------------------------------------------------------------------------------------------------------------------------------------
2025-08-03 21:06:06,592 - INFO - ----------------------------------------------------------------------------------------------------------------------------------------------
2025-08-03 21:06:06,592 - INFO - Finished student_dim=9
2025-08-03 21:06:06,592 - INFO - G&C avg gen_loss = 1.6093257076463552
2025-08-03 21:06:06,592 - INFO - ----------------------------------------------------------------------------------------------------------------------------------------------
2025-08-03 21:06:06,592 - INFO - Starting student_dim=10
2025-08-03 21:06:06,592 - INFO - Starting seed=0
2025-08-03 21:06:06,593 - INFO - A_teacher is 0.6540995836257935
2025-08-03 21:06:06,597 - INFO - Starting G&C
2025-08-03 21:06:11,155 - INFO - Finished G&C, time elapsed=4.558850049972534s
2025-08-03 21:06:11,155 - INFO - Finished seed=0
2025-08-03 21:06:11,156 - INFO - ----------------------------------------------------------------------------------------------------------------------------------------------
2025-08-03 21:06:11,156 - INFO - ----------------------------------------------------------------------------------------------------------------------------------------------
2025-08-03 21:06:11,156 - INFO - Finished student_dim=10
2025-08-03 21:06:11,156 - INFO - G&C avg gen_loss = 1.6545840710242758
2025-08-03 21:06:11,156 - INFO - ----------------------------------------------------------------------------------------------------------------------------------------------
2025-08-03 21:06:11,156 - INFO - Starting student_dim=11
2025-08-03 21:06:11,156 - INFO - Starting seed=0
2025-08-03 21:06:11,157 - INFO - A_teacher is 0.6540995836257935
2025-08-03 21:06:11,161 - INFO - Starting G&C
2025-08-03 21:06:15,907 - INFO - Finished G&C, time elapsed=4.746355056762695s
2025-08-03 21:06:15,907 - INFO - Finished seed=0
2025-08-03 21:06:15,908 - INFO - ----------------------------------------------------------------------------------------------------------------------------------------------
2025-08-03 21:06:15,908 - INFO - ----------------------------------------------------------------------------------------------------------------------------------------------
2025-08-03 21:06:15,908 - INFO - Finished student_dim=11
2025-08-03 21:06:15,908 - INFO - G&C avg gen_loss = 1.7716678687349388
2025-08-03 21:06:15,908 - INFO - ----------------------------------------------------------------------------------------------------------------------------------------------
2025-08-03 21:06:15,908 - INFO - Starting student_dim=12
2025-08-03 21:06:15,908 - INFO - Starting seed=0
2025-08-03 21:06:15,909 - INFO - A_teacher is 0.6540995836257935
2025-08-03 21:06:15,913 - INFO - Starting G&C
2025-08-03 21:06:20,886 - INFO - Finished G&C, time elapsed=4.972376823425293s
2025-08-03 21:06:20,886 - INFO - Finished seed=0
2025-08-03 21:06:20,886 - INFO - ----------------------------------------------------------------------------------------------------------------------------------------------
2025-08-03 21:06:20,886 - INFO - ----------------------------------------------------------------------------------------------------------------------------------------------
2025-08-03 21:06:20,886 - INFO - Finished student_dim=12
2025-08-03 21:06:20,886 - INFO - G&C avg gen_loss = 1.8008356337949458
2025-08-03 21:06:20,886 - INFO - ----------------------------------------------------------------------------------------------------------------------------------------------
2025-08-03 21:06:20,886 - INFO - Starting student_dim=13
2025-08-03 21:06:20,887 - INFO - Starting seed=0
2025-08-03 21:06:20,888 - INFO - A_teacher is 0.6540995836257935
2025-08-03 21:06:20,892 - INFO - Starting G&C
2025-08-03 21:06:26,064 - INFO - Finished G&C, time elapsed=5.171590089797974s
2025-08-03 21:06:26,064 - INFO - Finished seed=0
2025-08-03 21:06:26,064 - INFO - ----------------------------------------------------------------------------------------------------------------------------------------------
2025-08-03 21:06:26,064 - INFO - ----------------------------------------------------------------------------------------------------------------------------------------------
2025-08-03 21:06:26,064 - INFO - Finished student_dim=13
2025-08-03 21:06:26,064 - INFO - G&C avg gen_loss = 1.8725527927789605
2025-08-03 21:06:26,064 - INFO - ----------------------------------------------------------------------------------------------------------------------------------------------
2025-08-03 21:06:26,065 - INFO - Starting student_dim=14
2025-08-03 21:06:26,065 - INFO - Starting seed=0
2025-08-03 21:06:26,066 - INFO - A_teacher is 0.6540995836257935
2025-08-03 21:06:26,070 - INFO - Starting G&C
2025-08-03 21:06:32,547 - INFO - Finished G&C, time elapsed=6.476833820343018s
2025-08-03 21:06:32,547 - INFO - Finished seed=0
2025-08-03 21:06:32,548 - INFO - ----------------------------------------------------------------------------------------------------------------------------------------------
2025-08-03 21:06:32,548 - INFO - ----------------------------------------------------------------------------------------------------------------------------------------------
2025-08-03 21:06:32,548 - INFO - Finished student_dim=14
2025-08-03 21:06:32,548 - INFO - G&C avg gen_loss = 1.9518427935564113
2025-08-03 21:06:32,548 - INFO - ----------------------------------------------------------------------------------------------------------------------------------------------
2025-08-03 21:06:32,548 - INFO - Starting student_dim=15
2025-08-03 21:06:32,548 - INFO - Starting seed=0
2025-08-03 21:06:32,550 - INFO - A_teacher is 0.6540995836257935
2025-08-03 21:06:32,557 - INFO - Starting G&C
2025-08-03 21:06:37,862 - INFO - Finished G&C, time elapsed=5.305494070053101s
2025-08-03 21:06:37,863 - INFO - Finished seed=0
2025-08-03 21:06:37,863 - INFO - ----------------------------------------------------------------------------------------------------------------------------------------------
2025-08-03 21:06:37,863 - INFO - ----------------------------------------------------------------------------------------------------------------------------------------------
2025-08-03 21:06:37,863 - INFO - Finished student_dim=15
2025-08-03 21:06:37,863 - INFO - G&C avg gen_loss = 2.0120791988243347
2025-08-03 21:06:37,863 - INFO - ----------------------------------------------------------------------------------------------------------------------------------------------
2025-08-03 21:06:37,863 - INFO - Starting student_dim=16
2025-08-03 21:06:37,863 - INFO - Starting seed=0
2025-08-03 21:06:37,865 - INFO - A_teacher is 0.6540995836257935
2025-08-03 21:06:37,869 - INFO - Starting G&C
2025-08-03 21:06:42,954 - INFO - Finished G&C, time elapsed=5.084717035293579s
2025-08-03 21:06:42,954 - INFO - Finished seed=0
2025-08-03 21:06:42,954 - INFO - ----------------------------------------------------------------------------------------------------------------------------------------------
2025-08-03 21:06:42,954 - INFO - ----------------------------------------------------------------------------------------------------------------------------------------------
2025-08-03 21:06:42,954 - INFO - Finished student_dim=16
2025-08-03 21:06:42,954 - INFO - G&C avg gen_loss = 2.0748822254537105
2025-08-03 21:06:42,954 - INFO - ----------------------------------------------------------------------------------------------------------------------------------------------
2025-08-03 21:06:42,954 - INFO - Starting student_dim=17
2025-08-03 21:06:42,954 - INFO - Starting seed=0
2025-08-03 21:06:42,955 - INFO - A_teacher is 0.6540995836257935
2025-08-03 21:06:42,959 - INFO - Starting G&C
2025-08-03 21:06:47,899 - INFO - Finished G&C, time elapsed=4.939673662185669s
2025-08-03 21:06:47,899 - INFO - Finished seed=0
2025-08-03 21:06:47,899 - INFO - ----------------------------------------------------------------------------------------------------------------------------------------------
2025-08-03 21:06:47,899 - INFO - ----------------------------------------------------------------------------------------------------------------------------------------------
2025-08-03 21:06:47,899 - INFO - Finished student_dim=17
2025-08-03 21:06:47,899 - INFO - G&C avg gen_loss = 2.0897494560498644
2025-08-03 21:06:47,899 - INFO - ----------------------------------------------------------------------------------------------------------------------------------------------
2025-08-03 21:06:47,899 - INFO - Starting student_dim=18
2025-08-03 21:06:47,900 - INFO - Starting seed=0
2025-08-03 21:06:47,901 - INFO - A_teacher is 0.6540995836257935
2025-08-03 21:06:47,904 - INFO - Starting G&C
2025-08-03 21:06:52,717 - INFO - Finished G&C, time elapsed=4.812665939331055s
2025-08-03 21:06:52,717 - INFO - Finished seed=0
2025-08-03 21:06:52,717 - INFO - ----------------------------------------------------------------------------------------------------------------------------------------------
2025-08-03 21:06:52,717 - INFO - ----------------------------------------------------------------------------------------------------------------------------------------------
2025-08-03 21:06:52,717 - INFO - Finished student_dim=18
2025-08-03 21:06:52,717 - INFO - G&C avg gen_loss = 2.1505543647481717
2025-08-03 21:06:52,717 - INFO - ----------------------------------------------------------------------------------------------------------------------------------------------
2025-08-03 21:06:52,717 - INFO - Starting student_dim=19
2025-08-03 21:06:52,717 - INFO - Starting seed=0
2025-08-03 21:06:52,718 - INFO - A_teacher is 0.6540995836257935
2025-08-03 21:06:52,722 - INFO - Starting G&C
2025-08-03 21:06:58,050 - INFO - Finished G&C, time elapsed=5.3275840282440186s
2025-08-03 21:06:58,050 - INFO - Finished seed=0
2025-08-03 21:06:58,050 - INFO - ----------------------------------------------------------------------------------------------------------------------------------------------
2025-08-03 21:06:58,050 - INFO - ----------------------------------------------------------------------------------------------------------------------------------------------
2025-08-03 21:06:58,050 - INFO - Finished student_dim=19
2025-08-03 21:06:58,050 - INFO - G&C avg gen_loss = 2.2280422098207713
2025-08-03 21:06:58,050 - INFO - ----------------------------------------------------------------------------------------------------------------------------------------------
2025-08-03 21:06:58,050 - INFO - Starting student_dim=20
2025-08-03 21:06:58,050 - INFO - Starting seed=0
2025-08-03 21:06:58,052 - INFO - A_teacher is 0.6540995836257935
2025-08-03 21:06:58,058 - INFO - Starting G&C
2025-08-03 21:07:03,406 - INFO - Finished G&C, time elapsed=5.348196983337402s
2025-08-03 21:07:03,406 - INFO - Finished seed=0
2025-08-03 21:07:03,407 - INFO - ----------------------------------------------------------------------------------------------------------------------------------------------
2025-08-03 21:07:03,407 - INFO - ----------------------------------------------------------------------------------------------------------------------------------------------
2025-08-03 21:07:03,407 - INFO - Finished student_dim=20
2025-08-03 21:07:03,407 - INFO - G&C avg gen_loss = 2.269347409851385
2025-08-03 21:07:03,407 - INFO - ----------------------------------------------------------------------------------------------------------------------------------------------
2025-08-03 21:07:03,407 - INFO - Starting student_dim=21
2025-08-03 21:07:03,407 - INFO - Starting seed=0
2025-08-03 21:07:03,408 - INFO - A_teacher is 0.6540995836257935
2025-08-03 21:07:03,412 - INFO - Starting G&C
2025-08-03 21:07:08,652 - INFO - Finished G&C, time elapsed=5.240095853805542s
2025-08-03 21:07:08,652 - INFO - Finished seed=0
2025-08-03 21:07:08,652 - INFO - ----------------------------------------------------------------------------------------------------------------------------------------------
2025-08-03 21:07:08,652 - INFO - ----------------------------------------------------------------------------------------------------------------------------------------------
2025-08-03 21:07:08,652 - INFO - Finished student_dim=21
2025-08-03 21:07:08,653 - INFO - G&C avg gen_loss = 2.311780337653595
2025-08-03 21:07:08,653 - INFO - ----------------------------------------------------------------------------------------------------------------------------------------------
2025-08-03 21:07:08,653 - INFO - Starting student_dim=22
2025-08-03 21:07:08,653 - INFO - Starting seed=0
2025-08-03 21:07:08,654 - INFO - A_teacher is 0.6540995836257935
2025-08-03 21:07:08,664 - INFO - Starting G&C
2025-08-03 21:07:14,417 - INFO - Finished G&C, time elapsed=5.752837896347046s
2025-08-03 21:07:14,417 - INFO - Finished seed=0
2025-08-03 21:07:14,418 - INFO - ----------------------------------------------------------------------------------------------------------------------------------------------
2025-08-03 21:07:14,418 - INFO - ----------------------------------------------------------------------------------------------------------------------------------------------
2025-08-03 21:07:14,418 - INFO - Finished student_dim=22
2025-08-03 21:07:14,418 - INFO - G&C avg gen_loss = 2.3892953797545773
2025-08-03 21:07:14,418 - INFO - ----------------------------------------------------------------------------------------------------------------------------------------------
2025-08-03 21:07:14,418 - INFO - Starting student_dim=23
2025-08-03 21:07:14,418 - INFO - Starting seed=0
2025-08-03 21:07:14,419 - INFO - A_teacher is 0.6540995836257935
2025-08-03 21:07:14,423 - INFO - Starting G&C
2025-08-03 21:07:20,081 - INFO - Finished G&C, time elapsed=5.657841205596924s
2025-08-03 21:07:20,081 - INFO - Finished seed=0
2025-08-03 21:07:20,082 - INFO - ----------------------------------------------------------------------------------------------------------------------------------------------
2025-08-03 21:07:20,082 - INFO - ----------------------------------------------------------------------------------------------------------------------------------------------
2025-08-03 21:07:20,082 - INFO - Finished student_dim=23
2025-08-03 21:07:20,082 - INFO - G&C avg gen_loss = 2.465185149727894
2025-08-03 21:07:20,082 - INFO - ----------------------------------------------------------------------------------------------------------------------------------------------
2025-08-03 21:07:20,082 - INFO - Starting student_dim=24
2025-08-03 21:07:20,082 - INFO - Starting seed=0
2025-08-03 21:07:20,083 - INFO - A_teacher is 0.6540995836257935
2025-08-03 21:07:20,088 - INFO - Starting G&C
2025-08-03 21:07:25,717 - INFO - Finished G&C, time elapsed=5.628437042236328s
2025-08-03 21:07:25,717 - INFO - Finished seed=0
2025-08-03 21:07:25,717 - INFO - ----------------------------------------------------------------------------------------------------------------------------------------------
2025-08-03 21:07:25,717 - INFO - ----------------------------------------------------------------------------------------------------------------------------------------------
2025-08-03 21:07:25,717 - INFO - Finished student_dim=24
2025-08-03 21:07:25,717 - INFO - G&C avg gen_loss = 2.4843226352005203
2025-08-03 21:07:25,717 - INFO - ----------------------------------------------------------------------------------------------------------------------------------------------
2025-08-03 21:07:25,993 - INFO - Finished experiments, results saved to results_gnc_seq_len=5_num_measurements=1_input_e1=True_time=20250803-210725.csv, figures saved to plot_gnc_seq_len=5_num_measurements=1_input_e1=True_time=20250803-210725
