2025-07-27 18:25:52,623 - INFO - Using device mps.
2025-07-27 18:25:52,633 - INFO - Starting teacher_rank=1
2025-07-27 18:25:52,633 - INFO - Starting student_dim=3
2025-07-27 18:25:52,633 - INFO - Starting seed=0
2025-07-27 18:25:52,664 - INFO - Starting GD
2025-07-27 18:25:53,087 - INFO - Max A_j index in initial model: 0
2025-07-27 18:25:53,545 - INFO - A values are Parameter containing:
tensor([ 0.0154, -0.0029, -0.0218], device='mps:0', requires_grad=True)
2025-07-27 18:28:28,213 - INFO - Max A_j index in final model: 0
2025-07-27 18:28:28,214 - INFO - Finished GD, time elapsed=155.549174785614s
2025-07-27 18:28:28,214 - INFO - Finished seed=0
2025-07-27 18:28:28,214 - INFO - Starting seed=1
2025-07-27 18:28:28,215 - INFO - Starting GD
2025-07-27 18:28:28,220 - INFO - Max A_j index in initial model: 0
2025-07-27 18:28:28,223 - INFO - A values are Parameter containing:
tensor([0.0066, 0.0027, 0.0006], device='mps:0', requires_grad=True)
2025-07-27 18:31:01,406 - INFO - Max A_j index in final model: 0
2025-07-27 18:31:01,407 - INFO - Finished GD, time elapsed=153.19218111038208s
2025-07-27 18:31:01,407 - INFO - Finished seed=1
2025-07-27 18:31:01,407 - INFO - Starting seed=2
2025-07-27 18:31:01,408 - INFO - Starting GD
2025-07-27 18:31:01,409 - INFO - Max A_j index in initial model: 0
2025-07-27 18:31:01,411 - INFO - A values are Parameter containing:
tensor([ 0.0039, -0.0022, -0.0032], device='mps:0', requires_grad=True)
2025-07-27 18:33:39,227 - INFO - Max A_j index in final model: 0
2025-07-27 18:33:39,228 - INFO - Finished GD, time elapsed=157.8197968006134s
2025-07-27 18:33:39,228 - INFO - Finished seed=2
2025-07-27 18:33:39,228 - INFO - Starting seed=3
2025-07-27 18:33:39,229 - INFO - Starting GD
2025-07-27 18:33:39,232 - INFO - Max A_j index in initial model: 0
2025-07-27 18:33:39,234 - INFO - A values are Parameter containing:
tensor([0.0080, 0.0017, 0.0009], device='mps:0', requires_grad=True)
2025-07-27 18:36:17,256 - INFO - Max A_j index in final model: 0
2025-07-27 18:36:17,256 - INFO - Finished GD, time elapsed=158.02729201316833s
2025-07-27 18:36:17,256 - INFO - Finished seed=3
2025-07-27 18:36:17,256 - INFO - ----------------------------------------------------------------------------------------------------------------------------------------------
2025-07-27 18:36:17,256 - INFO - ----------------------------------------------------------------------------------------------------------------------------------------------
2025-07-27 18:36:17,256 - INFO - Finished student_dim=3 with G&C avg gen_loss = 0.0, GD avg gen_loss = 0.036022278713062406
2025-07-27 18:36:17,256 - INFO - ----------------------------------------------------------------------------------------------------------------------------------------------
2025-07-27 18:36:17,257 - INFO - Starting student_dim=4
2025-07-27 18:36:17,257 - INFO - Starting seed=0
2025-07-27 18:36:17,260 - INFO - Starting GD
2025-07-27 18:36:17,263 - INFO - Max A_j index in initial model: 0
2025-07-27 18:36:17,283 - INFO - A values are Parameter containing:
tensor([ 0.0154, -0.0029, -0.0218,  0.0057], device='mps:0',
       requires_grad=True)
