2025-08-06 12:59:37,923 - INFO - Using device cuda:0.
2025-08-06 12:59:37,923 - INFO - Args: Namespace(num_seeds=1, num_measurements=1, input_e1=False, sequence_length=5, teacher_ranks=[1], student_dims=[20, 21, 22, 23, 24, 25, 26, 27, 28, 29, 30, 31, 32, 33, 34, 35, 36, 37, 38, 39], calc_loss_only_on_last_output=True, eps_train=1e-12, gnc=True, gnc_num_samples=100000000, gnc_batch_size=1000000, gd=False, gd_lr=0.001, gd_epochs=1000000, gd_init_scale=0.01, gd_optimizer='adam', config=None, results_dir=PosixPath('results'), figures_dir=PosixPath('figures'), log_dir=PosixPath('logs'))
2025-08-06 12:59:37,939 - INFO - Starting teacher_rank=1
2025-08-06 12:59:37,940 - INFO - Starting student_dim=20
2025-08-06 12:59:37,943 - INFO - Starting seed=0
2025-08-06 12:59:38,408 - INFO - A_teacher is 0.6540995836257935
2025-08-06 12:59:38,411 - INFO - dataset is tensor([[[-0.2934],
         [-2.1788],
         [ 0.5684],
         [-1.0845],
         [-1.3986]]])
2025-08-06 12:59:38,502 - INFO - Starting G&C
2025-08-06 12:59:48,631 - INFO - Finished G&C, time elapsed=10.128462076187134s
2025-08-06 12:59:48,632 - INFO - Finished seed=0
2025-08-06 12:59:48,632 - INFO - ----------------------------------------------------------------------------------------------------------------------------------------------
2025-08-06 12:59:48,633 - INFO - ----------------------------------------------------------------------------------------------------------------------------------------------
2025-08-06 12:59:48,633 - INFO - Finished student_dim=20
2025-08-06 12:59:48,634 - INFO - G&C avg gen_loss = 0.7067649251884884
2025-08-06 12:59:48,634 - INFO - G&C avg theoretical_loss = 0.655117392539978
2025-08-06 12:59:48,635 - INFO - ----------------------------------------------------------------------------------------------------------------------------------------------
2025-08-06 12:59:48,635 - INFO - Starting student_dim=21
2025-08-06 12:59:48,636 - INFO - Starting seed=0
2025-08-06 12:59:48,639 - INFO - A_teacher is 0.6540995836257935
2025-08-06 12:59:48,640 - INFO - dataset is tensor([[[-0.2934],
         [-2.1788],
         [ 0.5684],
         [-1.0845],
         [-1.3986]]])
2025-08-06 12:59:48,641 - INFO - Starting G&C
2025-08-06 12:59:58,331 - INFO - Finished G&C, time elapsed=9.689831495285034s
2025-08-06 12:59:58,333 - INFO - Finished seed=0
2025-08-06 12:59:58,333 - INFO - ----------------------------------------------------------------------------------------------------------------------------------------------
2025-08-06 12:59:58,334 - INFO - ----------------------------------------------------------------------------------------------------------------------------------------------
2025-08-06 12:59:58,334 - INFO - Finished student_dim=21
2025-08-06 12:59:58,334 - INFO - G&C avg gen_loss = 0.6918496986230215
2025-08-06 12:59:58,334 - INFO - G&C avg theoretical_loss = -2.332930088043213
2025-08-06 12:59:58,334 - INFO - ----------------------------------------------------------------------------------------------------------------------------------------------
2025-08-06 12:59:58,335 - INFO - Starting student_dim=22
2025-08-06 12:59:58,336 - INFO - Starting seed=0
2025-08-06 12:59:58,337 - INFO - A_teacher is 0.6540995836257935
2025-08-06 12:59:58,338 - INFO - dataset is tensor([[[-0.2934],
         [-2.1788],
         [ 0.5684],
         [-1.0845],
         [-1.3986]]])
2025-08-06 12:59:58,340 - INFO - Starting G&C
2025-08-06 13:00:08,044 - INFO - Finished G&C, time elapsed=9.703671932220459s
2025-08-06 13:00:08,044 - INFO - Finished seed=0
2025-08-06 13:00:08,045 - INFO - ----------------------------------------------------------------------------------------------------------------------------------------------
2025-08-06 13:00:08,045 - INFO - ----------------------------------------------------------------------------------------------------------------------------------------------
2025-08-06 13:00:08,045 - INFO - Finished student_dim=22
2025-08-06 13:00:08,045 - INFO - G&C avg gen_loss = 0.6405785771256144
2025-08-06 13:00:08,046 - INFO - G&C avg theoretical_loss = 0.6770055294036865
2025-08-06 13:00:08,046 - INFO - ----------------------------------------------------------------------------------------------------------------------------------------------
2025-08-06 13:00:08,046 - INFO - Starting student_dim=23
2025-08-06 13:00:08,046 - INFO - Starting seed=0
2025-08-06 13:00:08,047 - INFO - A_teacher is 0.6540995836257935
2025-08-06 13:00:08,048 - INFO - dataset is tensor([[[-0.2934],
         [-2.1788],
         [ 0.5684],
         [-1.0845],
         [-1.3986]]])
2025-08-06 13:00:08,049 - INFO - Starting G&C
2025-08-06 13:00:18,061 - INFO - Finished G&C, time elapsed=10.011120319366455s
2025-08-06 13:00:18,061 - INFO - Finished seed=0
2025-08-06 13:00:18,062 - INFO - ----------------------------------------------------------------------------------------------------------------------------------------------
2025-08-06 13:00:18,063 - INFO - ----------------------------------------------------------------------------------------------------------------------------------------------
2025-08-06 13:00:18,063 - INFO - Finished student_dim=23
2025-08-06 13:00:18,064 - INFO - G&C avg gen_loss = 0.855868881711593
2025-08-06 13:00:18,064 - INFO - G&C avg theoretical_loss = -2.1440176963806152
2025-08-06 13:00:18,064 - INFO - ----------------------------------------------------------------------------------------------------------------------------------------------
2025-08-06 13:00:18,065 - INFO - Starting student_dim=24
2025-08-06 13:00:18,066 - INFO - Starting seed=0
2025-08-06 13:00:18,068 - INFO - A_teacher is 0.6540995836257935
2025-08-06 13:00:18,069 - INFO - dataset is tensor([[[-0.2934],
         [-2.1788],
         [ 0.5684],
         [-1.0845],
         [-1.3986]]])
2025-08-06 13:00:18,070 - INFO - Starting G&C
2025-08-06 13:00:27,949 - INFO - Finished G&C, time elapsed=9.87823486328125s
2025-08-06 13:00:27,949 - INFO - Finished seed=0
2025-08-06 13:00:27,949 - INFO - ----------------------------------------------------------------------------------------------------------------------------------------------
2025-08-06 13:00:27,950 - INFO - ----------------------------------------------------------------------------------------------------------------------------------------------
2025-08-06 13:00:27,950 - INFO - Finished student_dim=24
2025-08-06 13:00:27,950 - INFO - G&C avg gen_loss = 0.7380336705181334
2025-08-06 13:00:27,951 - INFO - G&C avg theoretical_loss = 0.6990443468093872
2025-08-06 13:00:27,951 - INFO - ----------------------------------------------------------------------------------------------------------------------------------------------
2025-08-06 13:00:27,952 - INFO - Starting student_dim=25
2025-08-06 13:00:27,952 - INFO - Starting seed=0
2025-08-06 13:00:27,953 - INFO - A_teacher is 0.6540995836257935
2025-08-06 13:00:27,954 - INFO - dataset is tensor([[[-0.2934],
         [-2.1788],
         [ 0.5684],
         [-1.0845],
         [-1.3986]]])
2025-08-06 13:00:27,955 - INFO - Starting G&C
2025-08-06 13:00:37,852 - INFO - Finished G&C, time elapsed=9.896373510360718s
2025-08-06 13:00:37,852 - INFO - Finished seed=0
2025-08-06 13:00:37,853 - INFO - ----------------------------------------------------------------------------------------------------------------------------------------------
2025-08-06 13:00:37,854 - INFO - ----------------------------------------------------------------------------------------------------------------------------------------------
2025-08-06 13:00:37,854 - INFO - Finished student_dim=25
2025-08-06 13:00:37,857 - INFO - G&C avg gen_loss = 0.63513285229946
2025-08-06 13:00:37,858 - INFO - G&C avg theoretical_loss = 0.850568413734436
2025-08-06 13:00:37,858 - INFO - ----------------------------------------------------------------------------------------------------------------------------------------------
2025-08-06 13:00:37,860 - INFO - Starting student_dim=26
2025-08-06 13:00:37,862 - INFO - Starting seed=0
2025-08-06 13:00:37,877 - INFO - A_teacher is 0.6540995836257935
2025-08-06 13:00:37,878 - INFO - dataset is tensor([[[-0.2934],
         [-2.1788],
         [ 0.5684],
         [-1.0845],
         [-1.3986]]])
2025-08-06 13:00:37,881 - INFO - Starting G&C
2025-08-06 13:00:47,529 - INFO - Finished G&C, time elapsed=9.647839784622192s
2025-08-06 13:00:47,529 - INFO - Finished seed=0
2025-08-06 13:00:47,530 - INFO - ----------------------------------------------------------------------------------------------------------------------------------------------
2025-08-06 13:00:47,531 - INFO - ----------------------------------------------------------------------------------------------------------------------------------------------
2025-08-06 13:00:47,531 - INFO - Finished student_dim=26
2025-08-06 13:00:47,532 - INFO - G&C avg gen_loss = 0.903718673520618
2025-08-06 13:00:47,533 - INFO - G&C avg theoretical_loss = 0.7206215858459473
2025-08-06 13:00:47,533 - INFO - ----------------------------------------------------------------------------------------------------------------------------------------------
2025-08-06 13:00:47,534 - INFO - Starting student_dim=27
2025-08-06 13:00:47,534 - INFO - Starting seed=0
2025-08-06 13:00:47,536 - INFO - A_teacher is 0.6540995836257935
2025-08-06 13:00:47,537 - INFO - dataset is tensor([[[-0.2934],
         [-2.1788],
         [ 0.5684],
         [-1.0845],
         [-1.3986]]])
2025-08-06 13:00:47,538 - INFO - Starting G&C
2025-08-06 13:00:57,175 - INFO - Finished G&C, time elapsed=9.636598587036133s
2025-08-06 13:00:57,175 - INFO - Finished seed=0
2025-08-06 13:00:57,176 - INFO - ----------------------------------------------------------------------------------------------------------------------------------------------
2025-08-06 13:00:57,178 - INFO - ----------------------------------------------------------------------------------------------------------------------------------------------
2025-08-06 13:00:57,178 - INFO - Finished student_dim=27
2025-08-06 13:00:57,180 - INFO - G&C avg gen_loss = 0.8475167208643102
2025-08-06 13:00:57,182 - INFO - G&C avg theoretical_loss = 0.8803044557571411
2025-08-06 13:00:57,182 - INFO - ----------------------------------------------------------------------------------------------------------------------------------------------
2025-08-06 13:00:57,183 - INFO - Starting student_dim=28
2025-08-06 13:00:57,185 - INFO - Starting seed=0
2025-08-06 13:00:57,192 - INFO - A_teacher is 0.6540995836257935
2025-08-06 13:00:57,193 - INFO - dataset is tensor([[[-0.2934],
         [-2.1788],
         [ 0.5684],
         [-1.0845],
         [-1.3986]]])
2025-08-06 13:00:57,198 - INFO - Starting G&C
2025-08-06 13:01:06,813 - INFO - Finished G&C, time elapsed=9.614749193191528s
2025-08-06 13:01:06,813 - INFO - Finished seed=0
2025-08-06 13:01:06,813 - INFO - ----------------------------------------------------------------------------------------------------------------------------------------------
2025-08-06 13:01:06,815 - INFO - ----------------------------------------------------------------------------------------------------------------------------------------------
2025-08-06 13:01:06,815 - INFO - Finished student_dim=28
2025-08-06 13:01:06,817 - INFO - G&C avg gen_loss = 0.7163388287198955
2025-08-06 13:01:06,819 - INFO - G&C avg theoretical_loss = 0.7414069175720215
2025-08-06 13:01:06,820 - INFO - ----------------------------------------------------------------------------------------------------------------------------------------------
2025-08-06 13:01:06,823 - INFO - Starting student_dim=29
2025-08-06 13:01:06,826 - INFO - Starting seed=0
2025-08-06 13:01:06,828 - INFO - A_teacher is 0.6540995836257935
2025-08-06 13:01:06,830 - INFO - dataset is tensor([[[-0.2934],
         [-2.1788],
         [ 0.5684],
         [-1.0845],
         [-1.3986]]])
2025-08-06 13:01:06,833 - INFO - Starting G&C
2025-08-06 13:01:16,548 - INFO - Finished G&C, time elapsed=9.714927434921265s
2025-08-06 13:01:16,549 - INFO - Finished seed=0
2025-08-06 13:01:16,549 - INFO - ----------------------------------------------------------------------------------------------------------------------------------------------
2025-08-06 13:01:16,550 - INFO - ----------------------------------------------------------------------------------------------------------------------------------------------
2025-08-06 13:01:16,550 - INFO - Finished student_dim=29
2025-08-06 13:01:16,550 - INFO - G&C avg gen_loss = 0.7111164884907859
2025-08-06 13:01:16,551 - INFO - G&C avg theoretical_loss = 0.9085620641708374
2025-08-06 13:01:16,552 - INFO - ----------------------------------------------------------------------------------------------------------------------------------------------
2025-08-06 13:01:16,553 - INFO - Starting student_dim=30
2025-08-06 13:01:16,554 - INFO - Starting seed=0
2025-08-06 13:01:16,555 - INFO - A_teacher is 0.6540995836257935
2025-08-06 13:01:16,557 - INFO - dataset is tensor([[[-0.2934],
         [-2.1788],
         [ 0.5684],
         [-1.0845],
         [-1.3986]]])
2025-08-06 13:01:16,558 - INFO - Starting G&C
2025-08-06 13:01:26,323 - INFO - Finished G&C, time elapsed=9.76506495475769s
2025-08-06 13:01:26,324 - INFO - Finished seed=0
2025-08-06 13:01:26,324 - INFO - ----------------------------------------------------------------------------------------------------------------------------------------------
2025-08-06 13:01:26,325 - INFO - ----------------------------------------------------------------------------------------------------------------------------------------------
2025-08-06 13:01:26,325 - INFO - Finished student_dim=30
2025-08-06 13:01:26,325 - INFO - G&C avg gen_loss = 0.8472022165854772
2025-08-06 13:01:26,326 - INFO - G&C avg theoretical_loss = 0.7612337470054626
2025-08-06 13:01:26,326 - INFO - ----------------------------------------------------------------------------------------------------------------------------------------------
2025-08-06 13:01:26,326 - INFO - Starting student_dim=31
2025-08-06 13:01:26,328 - INFO - Starting seed=0
2025-08-06 13:01:26,329 - INFO - A_teacher is 0.6540995836257935
2025-08-06 13:01:26,330 - INFO - dataset is tensor([[[-0.2934],
         [-2.1788],
         [ 0.5684],
         [-1.0845],
         [-1.3986]]])
2025-08-06 13:01:26,331 - INFO - Starting G&C
2025-08-06 13:01:36,175 - INFO - Finished G&C, time elapsed=9.84420371055603s
2025-08-06 13:01:36,175 - INFO - Finished seed=0
2025-08-06 13:01:36,176 - INFO - ----------------------------------------------------------------------------------------------------------------------------------------------
2025-08-06 13:01:36,177 - INFO - ----------------------------------------------------------------------------------------------------------------------------------------------
2025-08-06 13:01:36,177 - INFO - Finished student_dim=31
2025-08-06 13:01:36,178 - INFO - G&C avg gen_loss = 0.7372454435660921
2025-08-06 13:01:36,179 - INFO - G&C avg theoretical_loss = 0.9352767467498779
2025-08-06 13:01:36,180 - INFO - ----------------------------------------------------------------------------------------------------------------------------------------------
2025-08-06 13:01:36,180 - INFO - Starting student_dim=32
2025-08-06 13:01:36,181 - INFO - Starting seed=0
2025-08-06 13:01:36,182 - INFO - A_teacher is 0.6540995836257935
2025-08-06 13:01:36,183 - INFO - dataset is tensor([[[-0.2934],
         [-2.1788],
         [ 0.5684],
         [-1.0845],
         [-1.3986]]])
2025-08-06 13:01:36,184 - INFO - Starting G&C
2025-08-06 13:01:46,035 - INFO - Finished G&C, time elapsed=9.85051965713501s
2025-08-06 13:01:46,035 - INFO - Finished seed=0
2025-08-06 13:01:46,035 - INFO - ----------------------------------------------------------------------------------------------------------------------------------------------
2025-08-06 13:01:46,036 - INFO - ----------------------------------------------------------------------------------------------------------------------------------------------
2025-08-06 13:01:46,036 - INFO - Finished student_dim=32
2025-08-06 13:01:46,036 - INFO - G&C avg gen_loss = 0.882029981485435
2025-08-06 13:01:46,037 - INFO - G&C avg theoretical_loss = 0.7800351977348328
2025-08-06 13:01:46,037 - INFO - ----------------------------------------------------------------------------------------------------------------------------------------------
2025-08-06 13:01:46,037 - INFO - Starting student_dim=33
2025-08-06 13:01:46,038 - INFO - Starting seed=0
2025-08-06 13:01:46,042 - INFO - A_teacher is 0.6540995836257935
2025-08-06 13:01:46,043 - INFO - dataset is tensor([[[-0.2934],
         [-2.1788],
         [ 0.5684],
         [-1.0845],
         [-1.3986]]])
2025-08-06 13:01:46,044 - INFO - Starting G&C
2025-08-06 13:01:55,979 - INFO - Finished G&C, time elapsed=9.934903621673584s
2025-08-06 13:01:55,979 - INFO - Finished seed=0
2025-08-06 13:01:55,979 - INFO - ----------------------------------------------------------------------------------------------------------------------------------------------
2025-08-06 13:01:55,981 - INFO - ----------------------------------------------------------------------------------------------------------------------------------------------
2025-08-06 13:01:55,981 - INFO - Finished student_dim=33
2025-08-06 13:01:55,981 - INFO - G&C avg gen_loss = 0.8274947752555212
2025-08-06 13:01:55,982 - INFO - G&C avg theoretical_loss = 0.9604587554931641
2025-08-06 13:01:55,982 - INFO - ----------------------------------------------------------------------------------------------------------------------------------------------
2025-08-06 13:01:55,982 - INFO - Starting student_dim=34
2025-08-06 13:01:55,983 - INFO - Starting seed=0
2025-08-06 13:01:55,985 - INFO - A_teacher is 0.6540995836257935
2025-08-06 13:01:55,986 - INFO - dataset is tensor([[[-0.2934],
         [-2.1788],
         [ 0.5684],
         [-1.0845],
         [-1.3986]]])
2025-08-06 13:01:55,987 - INFO - Starting G&C
2025-08-06 13:02:06,126 - INFO - Finished G&C, time elapsed=10.138334274291992s
2025-08-06 13:02:06,126 - INFO - Finished seed=0
2025-08-06 13:02:06,126 - INFO - ----------------------------------------------------------------------------------------------------------------------------------------------
2025-08-06 13:02:06,127 - INFO - ----------------------------------------------------------------------------------------------------------------------------------------------
2025-08-06 13:02:06,127 - INFO - Finished student_dim=34
2025-08-06 13:02:06,128 - INFO - G&C avg gen_loss = 0.9278473166688797
2025-08-06 13:02:06,129 - INFO - G&C avg theoretical_loss = 0.7978008985519409
2025-08-06 13:02:06,129 - INFO - ----------------------------------------------------------------------------------------------------------------------------------------------
2025-08-06 13:02:06,129 - INFO - Starting student_dim=35
2025-08-06 13:02:06,130 - INFO - Starting seed=0
2025-08-06 13:02:06,132 - INFO - A_teacher is 0.6540995836257935
2025-08-06 13:02:06,133 - INFO - dataset is tensor([[[-0.2934],
         [-2.1788],
         [ 0.5684],
         [-1.0845],
         [-1.3986]]])
2025-08-06 13:02:06,134 - INFO - Starting G&C
2025-08-06 13:02:16,093 - INFO - Finished G&C, time elapsed=9.959170579910278s
2025-08-06 13:02:16,093 - INFO - Finished seed=0
2025-08-06 13:02:16,093 - INFO - ----------------------------------------------------------------------------------------------------------------------------------------------
2025-08-06 13:02:16,096 - INFO - ----------------------------------------------------------------------------------------------------------------------------------------------
2025-08-06 13:02:16,098 - INFO - Finished student_dim=35
2025-08-06 13:02:16,098 - INFO - G&C avg gen_loss = 0.8000038464864095
2025-08-06 13:02:16,100 - INFO - G&C avg theoretical_loss = 0.9841585159301758
2025-08-06 13:02:16,102 - INFO - ----------------------------------------------------------------------------------------------------------------------------------------------
2025-08-06 13:02:16,105 - INFO - Starting student_dim=36
2025-08-06 13:02:16,106 - INFO - Starting seed=0
2025-08-06 13:02:16,109 - INFO - A_teacher is 0.6540995836257935
2025-08-06 13:02:16,112 - INFO - dataset is tensor([[[-0.2934],
         [-2.1788],
         [ 0.5684],
         [-1.0845],
         [-1.3986]]])
2025-08-06 13:02:16,115 - INFO - Starting G&C
2025-08-06 13:02:26,214 - INFO - Finished G&C, time elapsed=10.097215175628662s
2025-08-06 13:02:26,214 - INFO - Finished seed=0
2025-08-06 13:02:26,214 - INFO - ----------------------------------------------------------------------------------------------------------------------------------------------
2025-08-06 13:02:26,216 - INFO - ----------------------------------------------------------------------------------------------------------------------------------------------
2025-08-06 13:02:26,216 - INFO - Finished student_dim=36
2025-08-06 13:02:26,216 - INFO - G&C avg gen_loss = 0.9216571819614356
2025-08-06 13:02:26,219 - INFO - G&C avg theoretical_loss = 0.8145546317100525
2025-08-06 13:02:26,221 - INFO - ----------------------------------------------------------------------------------------------------------------------------------------------
2025-08-06 13:02:26,222 - INFO - Starting student_dim=37
2025-08-06 13:02:26,224 - INFO - Starting seed=0
2025-08-06 13:02:26,227 - INFO - A_teacher is 0.6540995836257935
2025-08-06 13:02:26,230 - INFO - dataset is tensor([[[-0.2934],
         [-2.1788],
         [ 0.5684],
         [-1.0845],
         [-1.3986]]])
2025-08-06 13:02:26,233 - INFO - Starting G&C
2025-08-06 13:02:36,780 - INFO - Finished G&C, time elapsed=10.546097755432129s
2025-08-06 13:02:36,780 - INFO - Finished seed=0
2025-08-06 13:02:36,780 - INFO - ----------------------------------------------------------------------------------------------------------------------------------------------
2025-08-06 13:02:36,782 - INFO - ----------------------------------------------------------------------------------------------------------------------------------------------
2025-08-06 13:02:36,782 - INFO - Finished student_dim=37
2025-08-06 13:02:36,783 - INFO - G&C avg gen_loss = 0.8535072356462479
2025-08-06 13:02:36,784 - INFO - G&C avg theoretical_loss = 1.0064482688903809
2025-08-06 13:02:36,784 - INFO - ----------------------------------------------------------------------------------------------------------------------------------------------
2025-08-06 13:02:36,784 - INFO - Starting student_dim=38
2025-08-06 13:02:36,785 - INFO - Starting seed=0
2025-08-06 13:02:36,786 - INFO - A_teacher is 0.6540995836257935
2025-08-06 13:02:36,787 - INFO - dataset is tensor([[[-0.2934],
         [-2.1788],
         [ 0.5684],
         [-1.0845],
         [-1.3986]]])
2025-08-06 13:02:36,788 - INFO - Starting G&C
2025-08-06 13:02:47,024 - INFO - Finished G&C, time elapsed=10.235368967056274s
2025-08-06 13:02:47,024 - INFO - Finished seed=0
2025-08-06 13:02:47,024 - INFO - ----------------------------------------------------------------------------------------------------------------------------------------------
2025-08-06 13:02:47,025 - INFO - ----------------------------------------------------------------------------------------------------------------------------------------------
2025-08-06 13:02:47,025 - INFO - Finished student_dim=38
2025-08-06 13:02:47,025 - INFO - G&C avg gen_loss = 0.8365271126940137
2025-08-06 13:02:47,026 - INFO - G&C avg theoretical_loss = 0.8303378224372864
2025-08-06 13:02:47,026 - INFO - ----------------------------------------------------------------------------------------------------------------------------------------------
2025-08-06 13:02:47,027 - INFO - Starting student_dim=39
2025-08-06 13:02:47,027 - INFO - Starting seed=0
2025-08-06 13:02:47,032 - INFO - A_teacher is 0.6540995836257935
2025-08-06 13:02:47,033 - INFO - dataset is tensor([[[-0.2934],
         [-2.1788],
         [ 0.5684],
         [-1.0845],
         [-1.3986]]])
2025-08-06 13:02:47,034 - INFO - Starting G&C
2025-08-06 13:02:57,393 - INFO - Finished G&C, time elapsed=10.359002828598022s
2025-08-06 13:02:57,393 - INFO - Finished seed=0
2025-08-06 13:02:57,394 - INFO - ----------------------------------------------------------------------------------------------------------------------------------------------
2025-08-06 13:02:57,395 - INFO - ----------------------------------------------------------------------------------------------------------------------------------------------
2025-08-06 13:02:57,395 - INFO - Finished student_dim=39
2025-08-06 13:02:57,396 - INFO - G&C avg gen_loss = 0.8862756499472786
2025-08-06 13:02:57,396 - INFO - G&C avg theoretical_loss = 1.0274122953414917
2025-08-06 13:02:57,397 - INFO - ----------------------------------------------------------------------------------------------------------------------------------------------
2025-08-06 13:02:58,458 - INFO - Finished experiments, results saved to results_gnc_seq_len=5_num_measurements=1_input_e1=False_time=20250806-130257.csv, figures saved to plot_gnc_seq_len=5_num_measurements=1_input_e1=False_time=20250806-130257
