2025-08-03 17:25:58,294 - INFO - Using device mps.
2025-08-03 17:25:58,294 - INFO - Args: Namespace(num_seeds=1, num_measurements=1, input_e1=True, sequence_length=3, teacher_ranks=[1], student_dims=[3, 4, 5, 6, 7, 8, 9, 10, 11, 12, 13, 14, 15, 16, 17, 18, 19], calc_loss_only_on_last_output=True, eps_train=1e-06, gnc=True, gnc_num_samples=100000000, gnc_batch_size=10000000, gd=False, gd_lr=0.01, gd_epochs=100000, gd_init_scale=0.01, gd_optimizer='adam', config=None, results_dir=PosixPath('results'), figures_dir=PosixPath('figures'), log_dir=PosixPath('logs'))
2025-08-03 17:25:58,302 - INFO - Starting teacher_rank=1
2025-08-03 17:25:58,302 - INFO - Starting student_dim=3
2025-08-03 17:25:58,302 - INFO - Starting seed=0
2025-08-03 17:25:58,307 - INFO - A_teacher is 0.609376072883606
2025-08-03 17:25:58,329 - INFO - Starting G&C
2025-08-03 17:26:01,233 - INFO - Finished G&C, time elapsed=2.9037342071533203s
2025-08-03 17:26:01,233 - INFO - Finished seed=0
2025-08-03 17:26:01,233 - INFO - ----------------------------------------------------------------------------------------------------------------------------------------------
2025-08-03 17:26:01,233 - INFO - ----------------------------------------------------------------------------------------------------------------------------------------------
2025-08-03 17:26:01,233 - INFO - Finished student_dim=3
2025-08-03 17:26:01,235 - INFO - G&C avg gen_loss = 0.742791418546389
2025-08-03 17:26:01,235 - INFO - ----------------------------------------------------------------------------------------------------------------------------------------------
2025-08-03 17:26:01,235 - INFO - Starting student_dim=4
2025-08-03 17:26:01,235 - INFO - Starting seed=0
2025-08-03 17:26:01,236 - INFO - A_teacher is 0.6540995836257935
2025-08-03 17:26:01,239 - INFO - Starting G&C
2025-08-03 17:26:04,151 - INFO - Finished G&C, time elapsed=2.911896228790283s
2025-08-03 17:26:04,151 - INFO - Finished seed=0
2025-08-03 17:26:04,152 - INFO - ----------------------------------------------------------------------------------------------------------------------------------------------
2025-08-03 17:26:04,152 - INFO - ----------------------------------------------------------------------------------------------------------------------------------------------
2025-08-03 17:26:04,152 - INFO - Finished student_dim=4
2025-08-03 17:26:04,152 - INFO - G&C avg gen_loss = 0.8553334320508491
2025-08-03 17:26:04,152 - INFO - ----------------------------------------------------------------------------------------------------------------------------------------------
2025-08-03 17:26:04,152 - INFO - Starting student_dim=5
2025-08-03 17:26:04,152 - INFO - Starting seed=0
2025-08-03 17:26:04,153 - INFO - A_teacher is 0.6540995836257935
2025-08-03 17:26:04,156 - INFO - Starting G&C
2025-08-03 17:26:07,125 - INFO - Finished G&C, time elapsed=2.9684629440307617s
2025-08-03 17:26:07,125 - INFO - Finished seed=0
2025-08-03 17:26:07,125 - INFO - ----------------------------------------------------------------------------------------------------------------------------------------------
2025-08-03 17:26:07,125 - INFO - ----------------------------------------------------------------------------------------------------------------------------------------------
2025-08-03 17:26:07,125 - INFO - Finished student_dim=5
2025-08-03 17:26:07,125 - INFO - G&C avg gen_loss = 0.8574080938046056
2025-08-03 17:26:07,125 - INFO - ----------------------------------------------------------------------------------------------------------------------------------------------
2025-08-03 17:26:07,125 - INFO - Starting student_dim=6
2025-08-03 17:26:07,125 - INFO - Starting seed=0
2025-08-03 17:26:07,126 - INFO - A_teacher is 0.6540995836257935
2025-08-03 17:26:07,130 - INFO - Starting G&C
2025-08-03 17:26:10,252 - INFO - Finished G&C, time elapsed=3.1217801570892334s
2025-08-03 17:26:10,252 - INFO - Finished seed=0
2025-08-03 17:26:10,252 - INFO - ----------------------------------------------------------------------------------------------------------------------------------------------
2025-08-03 17:26:10,252 - INFO - ----------------------------------------------------------------------------------------------------------------------------------------------
2025-08-03 17:26:10,252 - INFO - Finished student_dim=6
2025-08-03 17:26:10,252 - INFO - G&C avg gen_loss = 0.8556937320551896
2025-08-03 17:26:10,252 - INFO - ----------------------------------------------------------------------------------------------------------------------------------------------
2025-08-03 17:26:10,252 - INFO - Starting student_dim=7
2025-08-03 17:26:10,252 - INFO - Starting seed=0
2025-08-03 17:26:10,253 - INFO - A_teacher is 0.6540995836257935
2025-08-03 17:26:10,256 - INFO - Starting G&C
2025-08-03 17:26:13,452 - INFO - Finished G&C, time elapsed=3.195322275161743s
2025-08-03 17:26:13,452 - INFO - Finished seed=0
2025-08-03 17:26:13,452 - INFO - ----------------------------------------------------------------------------------------------------------------------------------------------
2025-08-03 17:26:13,452 - INFO - ----------------------------------------------------------------------------------------------------------------------------------------------
2025-08-03 17:26:13,452 - INFO - Finished student_dim=7
2025-08-03 17:26:13,452 - INFO - G&C avg gen_loss = 0.8564554449097141
2025-08-03 17:26:13,452 - INFO - ----------------------------------------------------------------------------------------------------------------------------------------------
2025-08-03 17:26:13,452 - INFO - Starting student_dim=8
2025-08-03 17:26:13,452 - INFO - Starting seed=0
2025-08-03 17:26:13,454 - INFO - A_teacher is 0.6540995836257935
2025-08-03 17:26:13,457 - INFO - Starting G&C
2025-08-03 17:26:16,730 - INFO - Finished G&C, time elapsed=3.273494005203247s
2025-08-03 17:26:16,731 - INFO - Finished seed=0
2025-08-03 17:26:16,731 - INFO - ----------------------------------------------------------------------------------------------------------------------------------------------
2025-08-03 17:26:16,731 - INFO - ----------------------------------------------------------------------------------------------------------------------------------------------
2025-08-03 17:26:16,731 - INFO - Finished student_dim=8
2025-08-03 17:26:16,731 - INFO - G&C avg gen_loss = 0.8529276828387071
2025-08-03 17:26:16,731 - INFO - ----------------------------------------------------------------------------------------------------------------------------------------------
2025-08-03 17:26:16,731 - INFO - Starting student_dim=9
2025-08-03 17:26:16,731 - INFO - Starting seed=0
2025-08-03 17:26:16,732 - INFO - A_teacher is 0.6540995836257935
2025-08-03 17:26:16,735 - INFO - Starting G&C
2025-08-03 17:26:20,283 - INFO - Finished G&C, time elapsed=3.5475621223449707s
2025-08-03 17:26:20,283 - INFO - Finished seed=0
2025-08-03 17:26:20,284 - INFO - ----------------------------------------------------------------------------------------------------------------------------------------------
2025-08-03 17:26:20,284 - INFO - ----------------------------------------------------------------------------------------------------------------------------------------------
2025-08-03 17:26:20,284 - INFO - Finished student_dim=9
2025-08-03 17:26:20,284 - INFO - G&C avg gen_loss = 0.8530170756200115
2025-08-03 17:26:20,284 - INFO - ----------------------------------------------------------------------------------------------------------------------------------------------
2025-08-03 17:26:20,284 - INFO - Starting student_dim=10
2025-08-03 17:26:20,284 - INFO - Starting seed=0
2025-08-03 17:26:20,285 - INFO - A_teacher is 0.6540995836257935
2025-08-03 17:26:20,288 - INFO - Starting G&C
2025-08-03 17:26:23,882 - INFO - Finished G&C, time elapsed=3.5941810607910156s
2025-08-03 17:26:23,882 - INFO - Finished seed=0
2025-08-03 17:26:23,882 - INFO - ----------------------------------------------------------------------------------------------------------------------------------------------
2025-08-03 17:26:23,883 - INFO - ----------------------------------------------------------------------------------------------------------------------------------------------
2025-08-03 17:26:23,883 - INFO - Finished student_dim=10
2025-08-03 17:26:23,883 - INFO - G&C avg gen_loss = 0.8539982750596786
2025-08-03 17:26:23,883 - INFO - ----------------------------------------------------------------------------------------------------------------------------------------------
2025-08-03 17:26:23,883 - INFO - Starting student_dim=11
2025-08-03 17:26:23,883 - INFO - Starting seed=0
2025-08-03 17:26:23,884 - INFO - A_teacher is 0.6540995836257935
2025-08-03 17:26:23,887 - INFO - Starting G&C
2025-08-03 17:26:27,853 - INFO - Finished G&C, time elapsed=3.9651520252227783s
2025-08-03 17:26:27,853 - INFO - Finished seed=0
2025-08-03 17:26:27,853 - INFO - ----------------------------------------------------------------------------------------------------------------------------------------------
2025-08-03 17:26:27,853 - INFO - ----------------------------------------------------------------------------------------------------------------------------------------------
2025-08-03 17:26:27,853 - INFO - Finished student_dim=11
2025-08-03 17:26:27,853 - INFO - G&C avg gen_loss = 0.8550440993219104
2025-08-03 17:26:27,853 - INFO - ----------------------------------------------------------------------------------------------------------------------------------------------
2025-08-03 17:26:27,853 - INFO - Starting student_dim=12
2025-08-03 17:26:27,854 - INFO - Starting seed=0
2025-08-03 17:26:27,855 - INFO - A_teacher is 0.6540995836257935
2025-08-03 17:26:27,859 - INFO - Starting G&C
2025-08-03 17:26:31,634 - INFO - Finished G&C, time elapsed=3.7749459743499756s
2025-08-03 17:26:31,634 - INFO - Finished seed=0
2025-08-03 17:26:31,635 - INFO - ----------------------------------------------------------------------------------------------------------------------------------------------
2025-08-03 17:26:31,635 - INFO - ----------------------------------------------------------------------------------------------------------------------------------------------
2025-08-03 17:26:31,635 - INFO - Finished student_dim=12
2025-08-03 17:26:31,635 - INFO - G&C avg gen_loss = 0.8567536733688067
2025-08-03 17:26:31,635 - INFO - ----------------------------------------------------------------------------------------------------------------------------------------------
2025-08-03 17:26:31,635 - INFO - Starting student_dim=13
2025-08-03 17:26:31,635 - INFO - Starting seed=0
2025-08-03 17:26:31,636 - INFO - A_teacher is 0.6540995836257935
2025-08-03 17:26:31,640 - INFO - Starting G&C
2025-08-03 17:26:35,906 - INFO - Finished G&C, time elapsed=4.266481876373291s
2025-08-03 17:26:35,907 - INFO - Finished seed=0
2025-08-03 17:26:35,907 - INFO - ----------------------------------------------------------------------------------------------------------------------------------------------
2025-08-03 17:26:35,907 - INFO - ----------------------------------------------------------------------------------------------------------------------------------------------
2025-08-03 17:26:35,907 - INFO - Finished student_dim=13
2025-08-03 17:26:35,907 - INFO - G&C avg gen_loss = 0.859544586380995
2025-08-03 17:26:35,907 - INFO - ----------------------------------------------------------------------------------------------------------------------------------------------
2025-08-03 17:26:35,907 - INFO - Starting student_dim=14
2025-08-03 17:26:35,907 - INFO - Starting seed=0
2025-08-03 17:26:35,909 - INFO - A_teacher is 0.6540995836257935
2025-08-03 17:26:35,912 - INFO - Starting G&C
2025-08-03 17:26:40,576 - INFO - Finished G&C, time elapsed=4.6635050773620605s
2025-08-03 17:26:40,576 - INFO - Finished seed=0
2025-08-03 17:26:40,577 - INFO - ----------------------------------------------------------------------------------------------------------------------------------------------
2025-08-03 17:26:40,577 - INFO - ----------------------------------------------------------------------------------------------------------------------------------------------
2025-08-03 17:26:40,577 - INFO - Finished student_dim=14
2025-08-03 17:26:40,577 - INFO - G&C avg gen_loss = 0.8632818088218442
2025-08-03 17:26:40,577 - INFO - ----------------------------------------------------------------------------------------------------------------------------------------------
2025-08-03 17:26:40,577 - INFO - Starting student_dim=15
2025-08-03 17:26:40,578 - INFO - Starting seed=0
2025-08-03 17:26:40,605 - INFO - A_teacher is 0.6540995836257935
2025-08-03 17:26:40,611 - INFO - Starting G&C
2025-08-03 17:26:46,030 - INFO - Finished G&C, time elapsed=5.418961763381958s
2025-08-03 17:26:46,030 - INFO - Finished seed=0
2025-08-03 17:26:46,030 - INFO - ----------------------------------------------------------------------------------------------------------------------------------------------
2025-08-03 17:26:46,030 - INFO - ----------------------------------------------------------------------------------------------------------------------------------------------
2025-08-03 17:26:46,030 - INFO - Finished student_dim=15
2025-08-03 17:26:46,031 - INFO - G&C avg gen_loss = 0.8533890700217761
2025-08-03 17:26:46,031 - INFO - ----------------------------------------------------------------------------------------------------------------------------------------------
2025-08-03 17:26:46,031 - INFO - Starting student_dim=16
2025-08-03 17:26:46,031 - INFO - Starting seed=0
2025-08-03 17:26:46,032 - INFO - A_teacher is 0.6540995836257935
2025-08-03 17:26:46,036 - INFO - Starting G&C
2025-08-03 17:26:50,331 - INFO - Finished G&C, time elapsed=4.295102119445801s
2025-08-03 17:26:50,331 - INFO - Finished seed=0
2025-08-03 17:26:50,331 - INFO - ----------------------------------------------------------------------------------------------------------------------------------------------
2025-08-03 17:26:50,332 - INFO - ----------------------------------------------------------------------------------------------------------------------------------------------
2025-08-03 17:26:50,332 - INFO - Finished student_dim=16
2025-08-03 17:26:50,332 - INFO - G&C avg gen_loss = 0.8526410264262367
2025-08-03 17:26:50,332 - INFO - ----------------------------------------------------------------------------------------------------------------------------------------------
2025-08-03 17:26:50,332 - INFO - Starting student_dim=17
2025-08-03 17:26:50,332 - INFO - Starting seed=0
2025-08-03 17:26:50,333 - INFO - A_teacher is 0.6540995836257935
2025-08-03 17:26:50,336 - INFO - Starting G&C
2025-08-03 17:26:54,111 - INFO - Finished G&C, time elapsed=3.774379014968872s
2025-08-03 17:26:54,111 - INFO - Finished seed=0
2025-08-03 17:26:54,111 - INFO - ----------------------------------------------------------------------------------------------------------------------------------------------
2025-08-03 17:26:54,111 - INFO - ----------------------------------------------------------------------------------------------------------------------------------------------
2025-08-03 17:26:54,111 - INFO - Finished student_dim=17
2025-08-03 17:26:54,111 - INFO - G&C avg gen_loss = 0.8565463081058927
2025-08-03 17:26:54,111 - INFO - ----------------------------------------------------------------------------------------------------------------------------------------------
2025-08-03 17:26:54,111 - INFO - Starting student_dim=18
2025-08-03 17:26:54,111 - INFO - Starting seed=0
2025-08-03 17:26:54,112 - INFO - A_teacher is 0.6540995836257935
2025-08-03 17:26:54,117 - INFO - Starting G&C
2025-08-03 17:26:57,899 - INFO - Finished G&C, time elapsed=3.782352924346924s
2025-08-03 17:26:57,899 - INFO - Finished seed=0
2025-08-03 17:26:57,899 - INFO - ----------------------------------------------------------------------------------------------------------------------------------------------
2025-08-03 17:26:57,899 - INFO - ----------------------------------------------------------------------------------------------------------------------------------------------
2025-08-03 17:26:57,899 - INFO - Finished student_dim=18
2025-08-03 17:26:57,900 - INFO - G&C avg gen_loss = 0.8543736243648994
2025-08-03 17:26:57,900 - INFO - ----------------------------------------------------------------------------------------------------------------------------------------------
2025-08-03 17:26:57,900 - INFO - Starting student_dim=19
2025-08-03 17:26:57,900 - INFO - Starting seed=0
2025-08-03 17:26:57,901 - INFO - A_teacher is 0.6540995836257935
2025-08-03 17:26:57,904 - INFO - Starting G&C
2025-08-03 17:27:01,741 - INFO - Finished G&C, time elapsed=3.836211919784546s
2025-08-03 17:27:01,741 - INFO - Finished seed=0
2025-08-03 17:27:01,741 - INFO - ----------------------------------------------------------------------------------------------------------------------------------------------
2025-08-03 17:27:01,741 - INFO - ----------------------------------------------------------------------------------------------------------------------------------------------
2025-08-03 17:27:01,741 - INFO - Finished student_dim=19
2025-08-03 17:27:01,741 - INFO - G&C avg gen_loss = 0.8539907451147668
2025-08-03 17:27:01,741 - INFO - ----------------------------------------------------------------------------------------------------------------------------------------------
2025-08-03 17:27:02,128 - INFO - Finished experiments, results saved to results, figures saved to figures
