2025-08-07 13:17:45,272 - INFO - Using device cuda:0.
2025-08-07 13:17:45,273 - INFO - Args: Namespace(num_seeds=10, num_measurements=1, input_e1=False, sequence_length=5, teacher_ranks=[1], student_dims=[15, 16, 17, 18, 19, 20, 21, 22, 23, 24, 25, 26, 27, 28, 29, 30, 31, 32, 33, 34, 35, 36, 37, 38, 39], calc_loss_only_on_last_output=True, eps_train=1e-12, gnc=True, gnc_num_samples=1000000000, gnc_batch_size=1000000, gd=False, gd_lr=0.001, gd_epochs=1000000, gd_init_scale=0.01, gd_optimizer='adam', config=None, results_dir=PosixPath('results'), figures_dir=PosixPath('figures'), log_dir=PosixPath('logs'))
2025-08-07 13:17:45,286 - INFO - Starting teacher_rank=1
2025-08-07 13:17:45,287 - INFO - Starting student_dim=15
2025-08-07 13:17:45,289 - INFO - Starting seed=0
2025-08-07 13:17:45,576 - INFO - A_teacher is 0.6540995836257935
2025-08-07 13:17:45,580 - INFO - dataset is tensor([[[-0.2934],
         [-2.1788],
         [ 0.5684],
         [-1.0845],
         [-1.3986]]])
2025-08-07 13:17:45,686 - INFO - Starting G&C
2025-08-07 13:19:35,764 - INFO - Finished G&C, time elapsed=110.0779538154602s
2025-08-07 13:19:35,765 - INFO - Finished seed=0
2025-08-07 13:19:35,766 - INFO - Starting seed=1
2025-08-07 13:19:35,772 - INFO - A_teacher is 0.5661352276802063
2025-08-07 13:19:35,773 - INFO - dataset is tensor([[[ 0.2669],
         [ 0.0617],
         [ 0.6213],
         [-0.4519],
         [-0.1661]]])
2025-08-07 13:19:35,775 - INFO - Starting G&C
2025-08-07 13:21:21,450 - INFO - Finished G&C, time elapsed=105.67475128173828s
2025-08-07 13:21:21,451 - INFO - Finished seed=1
2025-08-07 13:21:21,451 - INFO - Starting seed=2
2025-08-07 13:21:21,459 - INFO - A_teacher is 0.539229691028595
2025-08-07 13:21:21,461 - INFO - dataset is tensor([[[-0.2236],
         [-0.3195],
         [-1.2050],
         [ 1.0445],
         [-0.6332]]])
2025-08-07 13:21:21,462 - INFO - Starting G&C
2025-08-07 13:23:11,415 - INFO - Finished G&C, time elapsed=109.95238709449768s
2025-08-07 13:23:11,415 - INFO - Finished seed=2
2025-08-07 13:23:11,415 - INFO - Starting seed=3
2025-08-07 13:23:11,427 - INFO - A_teacher is 0.5803276300430298
2025-08-07 13:23:11,428 - INFO - dataset is tensor([[[ 0.1748],
         [ 0.0890],
         [-0.6137],
         [ 0.0462],
         [-1.3683]]])
2025-08-07 13:23:11,430 - INFO - Starting G&C
2025-08-07 13:24:53,944 - INFO - Finished G&C, time elapsed=102.5129382610321s
2025-08-07 13:24:53,945 - INFO - Finished seed=3
2025-08-07 13:24:53,948 - INFO - Starting seed=4
2025-08-07 13:24:53,961 - INFO - A_teacher is 0.33947238326072693
2025-08-07 13:24:53,965 - INFO - dataset is tensor([[[ 0.2325],
         [ 2.2399],
         [ 0.8473],
         [ 1.2006],
         [-0.4016]]])
2025-08-07 13:24:53,968 - INFO - Starting G&C
2025-08-07 13:26:31,677 - INFO - Finished G&C, time elapsed=97.70873045921326s
2025-08-07 13:26:31,680 - INFO - Finished seed=4
2025-08-07 13:26:31,680 - INFO - Starting seed=5
2025-08-07 13:26:31,706 - INFO - A_teacher is 0.45132192969322205
2025-08-07 13:26:31,709 - INFO - dataset is tensor([[[-0.6038],
         [-0.5581],
         [ 0.6675],
         [-0.1974],
         [ 1.9428]]])
2025-08-07 13:26:31,712 - INFO - Starting G&C
