2025-08-06 14:49:51,875 - INFO - Using device cuda:0.
2025-08-06 14:49:51,876 - INFO - Args: Namespace(num_seeds=8, num_measurements=1, input_e1=False, sequence_length=5, teacher_ranks=[1], student_dims=[15, 16, 17, 18, 19, 20, 21, 22, 23, 24, 25, 26, 27, 28, 29, 30, 31, 32, 33, 34, 35, 36, 37, 38, 39], calc_loss_only_on_last_output=True, eps_train=1e-12, gnc=True, gnc_num_samples=100000000, gnc_batch_size=1000000, gd=False, gd_lr=0.001, gd_epochs=1000000, gd_init_scale=0.01, gd_optimizer='adam', config=None, results_dir=PosixPath('results'), figures_dir=PosixPath('figures'), log_dir=PosixPath('logs'))
2025-08-06 14:49:51,890 - INFO - Starting teacher_rank=1
2025-08-06 14:49:51,890 - INFO - Starting student_dim=15
2025-08-06 14:49:51,894 - INFO - Starting seed=0
2025-08-06 14:49:52,176 - INFO - A_teacher is 0.6540995836257935
2025-08-06 14:49:52,181 - INFO - dataset is tensor([[[-0.2934],
         [-2.1788],
         [ 0.5684],
         [-1.0845],
         [-1.3986]]])
2025-08-06 14:49:52,292 - INFO - Starting G&C
2025-08-06 14:50:02,529 - INFO - Finished G&C, time elapsed=10.236721754074097s
2025-08-06 14:50:02,531 - INFO - Finished seed=0
2025-08-06 14:50:02,531 - INFO - Starting seed=1
2025-08-06 14:50:02,537 - INFO - A_teacher is 0.5661352276802063
2025-08-06 14:50:02,538 - INFO - dataset is tensor([[[ 0.2669],
         [ 0.0617],
         [ 0.6213],
         [-0.4519],
         [-0.1661]]])
2025-08-06 14:50:02,539 - INFO - Starting G&C
