2025-08-04 18:06:16,638 - INFO - Using device mps.
2025-08-04 18:06:16,638 - INFO - Args: Namespace(num_seeds=1, num_measurements=1, input_e1=True, sequence_length=5, teacher_ranks=[1], student_dims=[10, 11, 12, 13, 14, 15, 16, 17, 18, 19, 20, 21, 22, 23, 24, 25, 26, 27, 28, 29, 30, 31, 32, 33, 34], calc_loss_only_on_last_output=True, eps_train=1e-12, gnc=True, gnc_num_samples=100000000, gnc_batch_size=1000000, gd=False, gd_lr=0.001, gd_epochs=1000000, gd_init_scale=0.01, gd_optimizer='adam', config=None, results_dir=PosixPath('results'), figures_dir=PosixPath('figures'), log_dir=PosixPath('logs'))
2025-08-04 18:06:16,647 - INFO - Starting teacher_rank=1
2025-08-04 18:06:16,647 - INFO - Starting student_dim=10
2025-08-04 18:06:16,647 - INFO - Starting seed=0
2025-08-04 18:06:16,653 - INFO - A_teacher is 0.46826639771461487
2025-08-04 18:06:16,676 - INFO - Starting G&C
2025-08-04 18:06:20,855 - INFO - Finished G&C, time elapsed=4.178436994552612s
2025-08-04 18:06:20,855 - INFO - Finished seed=0
2025-08-04 18:06:20,855 - INFO - ----------------------------------------------------------------------------------------------------------------------------------------------
2025-08-04 18:06:20,855 - INFO - ----------------------------------------------------------------------------------------------------------------------------------------------
2025-08-04 18:06:20,855 - INFO - Finished student_dim=10
2025-08-04 18:06:20,855 - INFO - G&C avg gen_loss = 0.8129542688657712
2025-08-04 18:06:20,855 - INFO - ----------------------------------------------------------------------------------------------------------------------------------------------
2025-08-04 18:06:20,855 - INFO - Starting student_dim=11
2025-08-04 18:06:20,855 - INFO - Starting seed=0
2025-08-04 18:06:20,856 - INFO - A_teacher is 0.6540995836257935
2025-08-04 18:06:20,860 - INFO - Starting G&C
2025-08-04 18:06:25,028 - INFO - Finished G&C, time elapsed=4.168726682662964s
2025-08-04 18:06:25,029 - INFO - Finished seed=0
2025-08-04 18:06:25,029 - INFO - ----------------------------------------------------------------------------------------------------------------------------------------------
2025-08-04 18:06:25,029 - INFO - ----------------------------------------------------------------------------------------------------------------------------------------------
2025-08-04 18:06:25,029 - INFO - Finished student_dim=11
2025-08-04 18:06:25,029 - INFO - G&C avg gen_loss = 1.6983450717175868
2025-08-04 18:06:25,029 - INFO - ----------------------------------------------------------------------------------------------------------------------------------------------
2025-08-04 18:06:25,029 - INFO - Starting student_dim=12
2025-08-04 18:06:25,029 - INFO - Starting seed=0
2025-08-04 18:06:25,030 - INFO - A_teacher is 0.6540995836257935
2025-08-04 18:06:25,034 - INFO - Starting G&C
2025-08-04 18:06:29,268 - INFO - Finished G&C, time elapsed=4.23404598236084s
2025-08-04 18:06:29,268 - INFO - Finished seed=0
2025-08-04 18:06:29,268 - INFO - ----------------------------------------------------------------------------------------------------------------------------------------------
2025-08-04 18:06:29,268 - INFO - ----------------------------------------------------------------------------------------------------------------------------------------------
2025-08-04 18:06:29,268 - INFO - Finished student_dim=12
2025-08-04 18:06:29,268 - INFO - G&C avg gen_loss = 1.7104506871048009
2025-08-04 18:06:29,268 - INFO - ----------------------------------------------------------------------------------------------------------------------------------------------
2025-08-04 18:06:29,268 - INFO - Starting student_dim=13
2025-08-04 18:06:29,268 - INFO - Starting seed=0
2025-08-04 18:06:29,269 - INFO - A_teacher is 0.6540995836257935
2025-08-04 18:06:29,272 - INFO - Starting G&C
2025-08-04 18:06:33,680 - INFO - Finished G&C, time elapsed=4.4079859256744385s
2025-08-04 18:06:33,680 - INFO - Finished seed=0
2025-08-04 18:06:33,681 - INFO - ----------------------------------------------------------------------------------------------------------------------------------------------
2025-08-04 18:06:33,681 - INFO - ----------------------------------------------------------------------------------------------------------------------------------------------
2025-08-04 18:06:33,681 - INFO - Finished student_dim=13
2025-08-04 18:06:33,681 - INFO - G&C avg gen_loss = 1.9885600934020515
2025-08-04 18:06:33,681 - INFO - ----------------------------------------------------------------------------------------------------------------------------------------------
2025-08-04 18:06:33,681 - INFO - Starting student_dim=14
2025-08-04 18:06:33,681 - INFO - Starting seed=0
2025-08-04 18:06:33,682 - INFO - A_teacher is 0.6540995836257935
2025-08-04 18:06:33,685 - INFO - Starting G&C
2025-08-04 18:06:38,121 - INFO - Finished G&C, time elapsed=4.435327053070068s
2025-08-04 18:06:38,121 - INFO - Finished seed=0
2025-08-04 18:06:38,121 - INFO - ----------------------------------------------------------------------------------------------------------------------------------------------
2025-08-04 18:06:38,121 - INFO - ----------------------------------------------------------------------------------------------------------------------------------------------
2025-08-04 18:06:38,121 - INFO - Finished student_dim=14
2025-08-04 18:06:38,121 - INFO - G&C avg gen_loss = 2.1586171630281634
2025-08-04 18:06:38,121 - INFO - ----------------------------------------------------------------------------------------------------------------------------------------------
2025-08-04 18:06:38,121 - INFO - Starting student_dim=15
2025-08-04 18:06:38,121 - INFO - Starting seed=0
2025-08-04 18:06:38,122 - INFO - A_teacher is 0.6540995836257935
2025-08-04 18:06:38,125 - INFO - Starting G&C
2025-08-04 18:06:42,644 - INFO - Finished G&C, time elapsed=4.517972946166992s
2025-08-04 18:06:42,644 - INFO - Finished seed=0
2025-08-04 18:06:42,644 - INFO - ----------------------------------------------------------------------------------------------------------------------------------------------
2025-08-04 18:06:42,644 - INFO - ----------------------------------------------------------------------------------------------------------------------------------------------
2025-08-04 18:06:42,644 - INFO - Finished student_dim=15
2025-08-04 18:06:42,644 - INFO - G&C avg gen_loss = 1.8746399408653645
2025-08-04 18:06:42,644 - INFO - ----------------------------------------------------------------------------------------------------------------------------------------------
2025-08-04 18:06:42,644 - INFO - Starting student_dim=16
2025-08-04 18:06:42,644 - INFO - Starting seed=0
2025-08-04 18:06:42,645 - INFO - A_teacher is 0.6540995836257935
2025-08-04 18:06:42,648 - INFO - Starting G&C
2025-08-04 18:06:47,296 - INFO - Finished G&C, time elapsed=4.64789891242981s
2025-08-04 18:06:47,296 - INFO - Finished seed=0
2025-08-04 18:06:47,297 - INFO - ----------------------------------------------------------------------------------------------------------------------------------------------
2025-08-04 18:06:47,297 - INFO - ----------------------------------------------------------------------------------------------------------------------------------------------
2025-08-04 18:06:47,297 - INFO - Finished student_dim=16
2025-08-04 18:06:47,297 - INFO - G&C avg gen_loss = 1.9990583028669324
2025-08-04 18:06:47,297 - INFO - ----------------------------------------------------------------------------------------------------------------------------------------------
2025-08-04 18:06:47,297 - INFO - Starting student_dim=17
2025-08-04 18:06:47,297 - INFO - Starting seed=0
2025-08-04 18:06:47,298 - INFO - A_teacher is 0.6540995836257935
2025-08-04 18:06:47,301 - INFO - Starting G&C
2025-08-04 18:06:52,002 - INFO - Finished G&C, time elapsed=4.700749158859253s
2025-08-04 18:06:52,002 - INFO - Finished seed=0
2025-08-04 18:06:52,002 - INFO - ----------------------------------------------------------------------------------------------------------------------------------------------
2025-08-04 18:06:52,002 - INFO - ----------------------------------------------------------------------------------------------------------------------------------------------
2025-08-04 18:06:52,002 - INFO - Finished student_dim=17
2025-08-04 18:06:52,002 - INFO - G&C avg gen_loss = 2.0491544030291933
2025-08-04 18:06:52,003 - INFO - ----------------------------------------------------------------------------------------------------------------------------------------------
2025-08-04 18:06:52,003 - INFO - Starting student_dim=18
2025-08-04 18:06:52,003 - INFO - Starting seed=0
2025-08-04 18:06:52,004 - INFO - A_teacher is 0.6540995836257935
2025-08-04 18:06:52,007 - INFO - Starting G&C
2025-08-04 18:06:56,822 - INFO - Finished G&C, time elapsed=4.814772844314575s
2025-08-04 18:06:56,822 - INFO - Finished seed=0
2025-08-04 18:06:56,822 - INFO - ----------------------------------------------------------------------------------------------------------------------------------------------
2025-08-04 18:06:56,822 - INFO - ----------------------------------------------------------------------------------------------------------------------------------------------
2025-08-04 18:06:56,822 - INFO - Finished student_dim=18
2025-08-04 18:06:56,822 - INFO - G&C avg gen_loss = 2.1443064655790955
2025-08-04 18:06:56,822 - INFO - ----------------------------------------------------------------------------------------------------------------------------------------------
2025-08-04 18:06:56,822 - INFO - Starting student_dim=19
2025-08-04 18:06:56,822 - INFO - Starting seed=0
2025-08-04 18:06:56,823 - INFO - A_teacher is 0.6540995836257935
2025-08-04 18:06:56,827 - INFO - Starting G&C
2025-08-04 18:07:01,722 - INFO - Finished G&C, time elapsed=4.895601749420166s
2025-08-04 18:07:01,722 - INFO - Finished seed=0
2025-08-04 18:07:01,723 - INFO - ----------------------------------------------------------------------------------------------------------------------------------------------
2025-08-04 18:07:01,723 - INFO - ----------------------------------------------------------------------------------------------------------------------------------------------
2025-08-04 18:07:01,723 - INFO - Finished student_dim=19
2025-08-04 18:07:01,723 - INFO - G&C avg gen_loss = 1.9151520947766394
2025-08-04 18:07:01,723 - INFO - ----------------------------------------------------------------------------------------------------------------------------------------------
2025-08-04 18:07:01,723 - INFO - Starting student_dim=20
2025-08-04 18:07:01,723 - INFO - Starting seed=0
2025-08-04 18:07:01,724 - INFO - A_teacher is 0.6540995836257935
2025-08-04 18:07:01,727 - INFO - Starting G&C
2025-08-04 18:07:06,699 - INFO - Finished G&C, time elapsed=4.972009897232056s
2025-08-04 18:07:06,699 - INFO - Finished seed=0
2025-08-04 18:07:06,699 - INFO - ----------------------------------------------------------------------------------------------------------------------------------------------
2025-08-04 18:07:06,699 - INFO - ----------------------------------------------------------------------------------------------------------------------------------------------
2025-08-04 18:07:06,699 - INFO - Finished student_dim=20
2025-08-04 18:07:06,699 - INFO - G&C avg gen_loss = 2.209404930189082
2025-08-04 18:07:06,700 - INFO - ----------------------------------------------------------------------------------------------------------------------------------------------
2025-08-04 18:07:06,700 - INFO - Starting student_dim=21
2025-08-04 18:07:06,700 - INFO - Starting seed=0
2025-08-04 18:07:06,701 - INFO - A_teacher is 0.6540995836257935
2025-08-04 18:07:06,704 - INFO - Starting G&C
2025-08-04 18:07:11,808 - INFO - Finished G&C, time elapsed=5.103709936141968s
2025-08-04 18:07:11,808 - INFO - Finished seed=0
2025-08-04 18:07:11,808 - INFO - ----------------------------------------------------------------------------------------------------------------------------------------------
2025-08-04 18:07:11,808 - INFO - ----------------------------------------------------------------------------------------------------------------------------------------------
2025-08-04 18:07:11,808 - INFO - Finished student_dim=21
2025-08-04 18:07:11,808 - INFO - G&C avg gen_loss = 2.3456855958821823
2025-08-04 18:07:11,808 - INFO - ----------------------------------------------------------------------------------------------------------------------------------------------
2025-08-04 18:07:11,808 - INFO - Starting student_dim=22
2025-08-04 18:07:11,808 - INFO - Starting seed=0
2025-08-04 18:07:11,809 - INFO - A_teacher is 0.6540995836257935
2025-08-04 18:07:11,813 - INFO - Starting G&C
2025-08-04 18:07:16,974 - INFO - Finished G&C, time elapsed=5.160813093185425s
2025-08-04 18:07:16,974 - INFO - Finished seed=0
2025-08-04 18:07:16,974 - INFO - ----------------------------------------------------------------------------------------------------------------------------------------------
2025-08-04 18:07:16,974 - INFO - ----------------------------------------------------------------------------------------------------------------------------------------------
2025-08-04 18:07:16,974 - INFO - Finished student_dim=22
2025-08-04 18:07:16,974 - INFO - G&C avg gen_loss = 2.4441011153599796
2025-08-04 18:07:16,974 - INFO - ----------------------------------------------------------------------------------------------------------------------------------------------
2025-08-04 18:07:16,974 - INFO - Starting student_dim=23
2025-08-04 18:07:16,974 - INFO - Starting seed=0
2025-08-04 18:07:16,975 - INFO - A_teacher is 0.6540995836257935
2025-08-04 18:07:16,978 - INFO - Starting G&C
2025-08-04 18:07:22,205 - INFO - Finished G&C, time elapsed=5.226284027099609s
2025-08-04 18:07:22,205 - INFO - Finished seed=0
2025-08-04 18:07:22,205 - INFO - ----------------------------------------------------------------------------------------------------------------------------------------------
2025-08-04 18:07:22,205 - INFO - ----------------------------------------------------------------------------------------------------------------------------------------------
2025-08-04 18:07:22,205 - INFO - Finished student_dim=23
2025-08-04 18:07:22,205 - INFO - G&C avg gen_loss = 2.581119852900505
2025-08-04 18:07:22,205 - INFO - ----------------------------------------------------------------------------------------------------------------------------------------------
2025-08-04 18:07:22,205 - INFO - Starting student_dim=24
2025-08-04 18:07:22,205 - INFO - Starting seed=0
2025-08-04 18:07:22,206 - INFO - A_teacher is 0.6540995836257935
2025-08-04 18:07:22,210 - INFO - Starting G&C
2025-08-04 18:07:27,545 - INFO - Finished G&C, time elapsed=5.334891080856323s
2025-08-04 18:07:27,545 - INFO - Finished seed=0
2025-08-04 18:07:27,545 - INFO - ----------------------------------------------------------------------------------------------------------------------------------------------
2025-08-04 18:07:27,545 - INFO - ----------------------------------------------------------------------------------------------------------------------------------------------
2025-08-04 18:07:27,545 - INFO - Finished student_dim=24
2025-08-04 18:07:27,545 - INFO - G&C avg gen_loss = 2.3490832771195307
2025-08-04 18:07:27,545 - INFO - ----------------------------------------------------------------------------------------------------------------------------------------------
2025-08-04 18:07:27,545 - INFO - Starting student_dim=25
2025-08-04 18:07:27,545 - INFO - Starting seed=0
2025-08-04 18:07:27,546 - INFO - A_teacher is 0.6540995836257935
2025-08-04 18:07:27,551 - INFO - Starting G&C
2025-08-04 18:07:33,050 - INFO - Finished G&C, time elapsed=5.499249219894409s
2025-08-04 18:07:33,050 - INFO - Finished seed=0
2025-08-04 18:07:33,050 - INFO - ----------------------------------------------------------------------------------------------------------------------------------------------
2025-08-04 18:07:33,050 - INFO - ----------------------------------------------------------------------------------------------------------------------------------------------
2025-08-04 18:07:33,050 - INFO - Finished student_dim=25
2025-08-04 18:07:33,050 - INFO - G&C avg gen_loss = 2.4736078353347004
2025-08-04 18:07:33,050 - INFO - ----------------------------------------------------------------------------------------------------------------------------------------------
2025-08-04 18:07:33,051 - INFO - Starting student_dim=26
2025-08-04 18:07:33,051 - INFO - Starting seed=0
2025-08-04 18:07:33,052 - INFO - A_teacher is 0.6540995836257935
2025-08-04 18:07:33,055 - INFO - Starting G&C
2025-08-04 18:07:38,717 - INFO - Finished G&C, time elapsed=5.6621479988098145s
2025-08-04 18:07:38,717 - INFO - Finished seed=0
2025-08-04 18:07:38,718 - INFO - ----------------------------------------------------------------------------------------------------------------------------------------------
2025-08-04 18:07:38,718 - INFO - ----------------------------------------------------------------------------------------------------------------------------------------------
2025-08-04 18:07:38,718 - INFO - Finished student_dim=26
2025-08-04 18:07:38,718 - INFO - G&C avg gen_loss = 2.8887265307694365
2025-08-04 18:07:38,718 - INFO - ----------------------------------------------------------------------------------------------------------------------------------------------
2025-08-04 18:07:38,718 - INFO - Starting student_dim=27
2025-08-04 18:07:38,718 - INFO - Starting seed=0
2025-08-04 18:07:38,719 - INFO - A_teacher is 0.6540995836257935
2025-08-04 18:07:38,722 - INFO - Starting G&C
2025-08-04 18:07:44,378 - INFO - Finished G&C, time elapsed=5.6558637619018555s
2025-08-04 18:07:44,378 - INFO - Finished seed=0
2025-08-04 18:07:44,379 - INFO - ----------------------------------------------------------------------------------------------------------------------------------------------
2025-08-04 18:07:44,379 - INFO - ----------------------------------------------------------------------------------------------------------------------------------------------
2025-08-04 18:07:44,379 - INFO - Finished student_dim=27
2025-08-04 18:07:44,379 - INFO - G&C avg gen_loss = 2.180001385995875
2025-08-04 18:07:44,379 - INFO - ----------------------------------------------------------------------------------------------------------------------------------------------
2025-08-04 18:07:44,379 - INFO - Starting student_dim=28
2025-08-04 18:07:44,379 - INFO - Starting seed=0
2025-08-04 18:07:44,380 - INFO - A_teacher is 0.6540995836257935
2025-08-04 18:07:44,383 - INFO - Starting G&C
2025-08-04 18:07:50,230 - INFO - Finished G&C, time elapsed=5.846197128295898s
2025-08-04 18:07:50,230 - INFO - Finished seed=0
2025-08-04 18:07:50,230 - INFO - ----------------------------------------------------------------------------------------------------------------------------------------------
2025-08-04 18:07:50,230 - INFO - ----------------------------------------------------------------------------------------------------------------------------------------------
2025-08-04 18:07:50,230 - INFO - Finished student_dim=28
2025-08-04 18:07:50,230 - INFO - G&C avg gen_loss = 2.3896783046334624
2025-08-04 18:07:50,230 - INFO - ----------------------------------------------------------------------------------------------------------------------------------------------
2025-08-04 18:07:50,230 - INFO - Starting student_dim=29
2025-08-04 18:07:50,230 - INFO - Starting seed=0
2025-08-04 18:07:50,231 - INFO - A_teacher is 0.6540995836257935
2025-08-04 18:07:50,235 - INFO - Starting G&C
2025-08-04 18:07:56,332 - INFO - Finished G&C, time elapsed=6.097758054733276s
2025-08-04 18:07:56,333 - INFO - Finished seed=0
2025-08-04 18:07:56,333 - INFO - ----------------------------------------------------------------------------------------------------------------------------------------------
2025-08-04 18:07:56,333 - INFO - ----------------------------------------------------------------------------------------------------------------------------------------------
2025-08-04 18:07:56,333 - INFO - Finished student_dim=29
2025-08-04 18:07:56,333 - INFO - G&C avg gen_loss = 2.802104656932918
2025-08-04 18:07:56,333 - INFO - ----------------------------------------------------------------------------------------------------------------------------------------------
2025-08-04 18:07:56,333 - INFO - Starting student_dim=30
2025-08-04 18:07:56,333 - INFO - Starting seed=0
2025-08-04 18:07:56,334 - INFO - A_teacher is 0.6540995836257935
2025-08-04 18:07:56,339 - INFO - Starting G&C
2025-08-04 18:08:02,412 - INFO - Finished G&C, time elapsed=6.073712110519409s
2025-08-04 18:08:02,412 - INFO - Finished seed=0
2025-08-04 18:08:02,413 - INFO - ----------------------------------------------------------------------------------------------------------------------------------------------
2025-08-04 18:08:02,413 - INFO - ----------------------------------------------------------------------------------------------------------------------------------------------
2025-08-04 18:08:02,413 - INFO - Finished student_dim=30
2025-08-04 18:08:02,413 - INFO - G&C avg gen_loss = 2.3681206722108143
2025-08-04 18:08:02,413 - INFO - ----------------------------------------------------------------------------------------------------------------------------------------------
2025-08-04 18:08:02,413 - INFO - Starting student_dim=31
2025-08-04 18:08:02,413 - INFO - Starting seed=0
2025-08-04 18:08:02,414 - INFO - A_teacher is 0.6540995836257935
2025-08-04 18:08:02,418 - INFO - Starting G&C
2025-08-04 18:08:08,810 - INFO - Finished G&C, time elapsed=6.391489028930664s
2025-08-04 18:08:08,810 - INFO - Finished seed=0
2025-08-04 18:08:08,810 - INFO - ----------------------------------------------------------------------------------------------------------------------------------------------
2025-08-04 18:08:08,810 - INFO - ----------------------------------------------------------------------------------------------------------------------------------------------
2025-08-04 18:08:08,810 - INFO - Finished student_dim=31
2025-08-04 18:08:08,810 - INFO - G&C avg gen_loss = 2.6574383788383926
2025-08-04 18:08:08,810 - INFO - ----------------------------------------------------------------------------------------------------------------------------------------------
2025-08-04 18:08:08,810 - INFO - Starting student_dim=32
2025-08-04 18:08:08,810 - INFO - Starting seed=0
2025-08-04 18:08:08,811 - INFO - A_teacher is 0.6540995836257935
2025-08-04 18:08:08,815 - INFO - Starting G&C
2025-08-04 18:08:15,186 - INFO - Finished G&C, time elapsed=6.370496034622192s
2025-08-04 18:08:15,186 - INFO - Finished seed=0
2025-08-04 18:08:15,186 - INFO - ----------------------------------------------------------------------------------------------------------------------------------------------
2025-08-04 18:08:15,186 - INFO - ----------------------------------------------------------------------------------------------------------------------------------------------
2025-08-04 18:08:15,186 - INFO - Finished student_dim=32
2025-08-04 18:08:15,186 - INFO - G&C avg gen_loss = 2.9021106522107862
2025-08-04 18:08:15,186 - INFO - ----------------------------------------------------------------------------------------------------------------------------------------------
2025-08-04 18:08:15,186 - INFO - Starting student_dim=33
2025-08-04 18:08:15,186 - INFO - Starting seed=0
2025-08-04 18:08:15,187 - INFO - A_teacher is 0.6540995836257935
2025-08-04 18:08:15,191 - INFO - Starting G&C
2025-08-04 18:08:21,839 - INFO - Finished G&C, time elapsed=6.648064136505127s
2025-08-04 18:08:21,839 - INFO - Finished seed=0
2025-08-04 18:08:21,839 - INFO - ----------------------------------------------------------------------------------------------------------------------------------------------
2025-08-04 18:08:21,839 - INFO - ----------------------------------------------------------------------------------------------------------------------------------------------
2025-08-04 18:08:21,839 - INFO - Finished student_dim=33
2025-08-04 18:08:21,839 - INFO - G&C avg gen_loss = 2.6538906100549196
2025-08-04 18:08:21,839 - INFO - ----------------------------------------------------------------------------------------------------------------------------------------------
2025-08-04 18:08:21,840 - INFO - Starting student_dim=34
2025-08-04 18:08:21,840 - INFO - Starting seed=0
2025-08-04 18:08:21,841 - INFO - A_teacher is 0.6540995836257935
2025-08-04 18:08:21,845 - INFO - Starting G&C
2025-08-04 18:08:28,678 - INFO - Finished G&C, time elapsed=6.83262300491333s
2025-08-04 18:08:28,678 - INFO - Finished seed=0
2025-08-04 18:08:28,678 - INFO - ----------------------------------------------------------------------------------------------------------------------------------------------
2025-08-04 18:08:28,678 - INFO - ----------------------------------------------------------------------------------------------------------------------------------------------
2025-08-04 18:08:28,678 - INFO - Finished student_dim=34
2025-08-04 18:08:28,678 - INFO - G&C avg gen_loss = 2.989102943435959
2025-08-04 18:08:28,679 - INFO - ----------------------------------------------------------------------------------------------------------------------------------------------
2025-08-04 18:08:28,958 - INFO - Finished experiments, results saved to results_gnc_seq_len=5_num_measurements=1_input_e1=True_time=20250804-180828.csv, figures saved to plot_gnc_seq_len=5_num_measurements=1_input_e1=True_time=20250804-180828
