2025-08-03 14:08:04,112 - INFO - Using device mps.
2025-08-03 14:08:04,112 - INFO - Args: Namespace(num_seeds=1, num_measurements=1, input_e1=True, sequence_length=3, teacher_ranks=[1], student_dims=[3, 4, 5, 6, 7, 8, 9, 10, 11, 12, 13, 14, 15], calc_loss_only_on_last_output=True, eps_train=1e-06, gnc=True, gnc_num_samples=100000000, gnc_batch_size=10000000, gd=False, gd_lr=0.01, gd_epochs=100000, gd_init_scale=0.01, gd_optimizer='adam', config=None, results_dir=PosixPath('results'), figures_dir=PosixPath('figures'), log_dir=PosixPath('logs'))
2025-08-03 14:08:04,122 - INFO - Starting teacher_rank=1
2025-08-03 14:08:04,122 - INFO - Starting student_dim=3
2025-08-03 14:08:04,122 - INFO - Starting seed=0
2025-08-03 14:08:04,127 - INFO - A_teacher is 0.48910874128341675
2025-08-03 14:08:04,149 - INFO - Starting G&C
2025-08-03 14:08:06,928 - INFO - Finished G&C, time elapsed=2.779021978378296s
2025-08-03 14:08:06,928 - INFO - Finished seed=0
2025-08-03 14:08:06,929 - INFO - ----------------------------------------------------------------------------------------------------------------------------------------------
2025-08-03 14:08:06,929 - INFO - ----------------------------------------------------------------------------------------------------------------------------------------------
2025-08-03 14:08:06,929 - INFO - Finished student_dim=3
2025-08-03 14:08:06,929 - INFO - G&C avg gen_loss = 0.4811282534090319
2025-08-03 14:08:06,929 - INFO - ----------------------------------------------------------------------------------------------------------------------------------------------
2025-08-03 14:08:06,929 - INFO - Starting student_dim=4
2025-08-03 14:08:06,929 - INFO - Starting seed=0
2025-08-03 14:08:06,931 - INFO - A_teacher is 0.6540995836257935
2025-08-03 14:08:06,934 - INFO - Starting G&C
2025-08-03 14:08:09,782 - INFO - Finished G&C, time elapsed=2.8474349975585938s
2025-08-03 14:08:09,782 - INFO - Finished seed=0
2025-08-03 14:08:09,782 - INFO - ----------------------------------------------------------------------------------------------------------------------------------------------
2025-08-03 14:08:09,782 - INFO - ----------------------------------------------------------------------------------------------------------------------------------------------
2025-08-03 14:08:09,782 - INFO - Finished student_dim=4
2025-08-03 14:08:09,782 - INFO - G&C avg gen_loss = 0.8988150966005277
2025-08-03 14:08:09,782 - INFO - ----------------------------------------------------------------------------------------------------------------------------------------------
2025-08-03 14:08:09,782 - INFO - Starting student_dim=5
2025-08-03 14:08:09,782 - INFO - Starting seed=0
2025-08-03 14:08:09,784 - INFO - A_teacher is 0.6540995836257935
2025-08-03 14:08:09,787 - INFO - Starting G&C
2025-08-03 14:08:12,709 - INFO - Finished G&C, time elapsed=2.9223270416259766s
2025-08-03 14:08:12,709 - INFO - Finished seed=0
2025-08-03 14:08:12,709 - INFO - ----------------------------------------------------------------------------------------------------------------------------------------------
2025-08-03 14:08:12,709 - INFO - ----------------------------------------------------------------------------------------------------------------------------------------------
2025-08-03 14:08:12,709 - INFO - Finished student_dim=5
2025-08-03 14:08:12,710 - INFO - G&C avg gen_loss = 0.5380503556807525
2025-08-03 14:08:12,710 - INFO - ----------------------------------------------------------------------------------------------------------------------------------------------
2025-08-03 14:08:12,710 - INFO - Starting student_dim=6
2025-08-03 14:08:12,710 - INFO - Starting seed=0
2025-08-03 14:08:12,711 - INFO - A_teacher is 0.6540995836257935
2025-08-03 14:08:12,714 - INFO - Starting G&C
2025-08-03 14:08:15,427 - INFO - No GNC sensing losses
2025-08-03 14:08:15,908 - INFO - Finished G&C, time elapsed=3.1936452388763428s
2025-08-03 14:08:15,908 - INFO - Finished seed=0
2025-08-03 14:08:15,908 - INFO - ----------------------------------------------------------------------------------------------------------------------------------------------
2025-08-03 14:08:15,908 - INFO - ----------------------------------------------------------------------------------------------------------------------------------------------
2025-08-03 14:08:15,908 - INFO - Finished student_dim=6
2025-08-03 14:08:15,908 - INFO - G&C avg gen_loss = nan
2025-08-03 14:08:15,908 - INFO - ----------------------------------------------------------------------------------------------------------------------------------------------
2025-08-03 14:08:15,908 - INFO - Starting student_dim=7
2025-08-03 14:08:15,908 - INFO - Starting seed=0
2025-08-03 14:08:15,909 - INFO - A_teacher is 0.6540995836257935
2025-08-03 14:08:15,913 - INFO - Starting G&C
2025-08-03 14:08:18,604 - INFO - No GNC sensing losses
2025-08-03 14:08:19,154 - INFO - Finished G&C, time elapsed=3.2412381172180176s
2025-08-03 14:08:19,154 - INFO - Finished seed=0
2025-08-03 14:08:19,154 - INFO - ----------------------------------------------------------------------------------------------------------------------------------------------
2025-08-03 14:08:19,154 - INFO - ----------------------------------------------------------------------------------------------------------------------------------------------
2025-08-03 14:08:19,154 - INFO - Finished student_dim=7
2025-08-03 14:08:19,154 - INFO - G&C avg gen_loss = nan
2025-08-03 14:08:19,154 - INFO - ----------------------------------------------------------------------------------------------------------------------------------------------
2025-08-03 14:08:19,154 - INFO - Starting student_dim=8
2025-08-03 14:08:19,155 - INFO - Starting seed=0
2025-08-03 14:08:19,156 - INFO - A_teacher is 0.6540995836257935
2025-08-03 14:08:19,160 - INFO - Starting G&C
2025-08-03 14:08:22,040 - INFO - No GNC sensing losses
2025-08-03 14:08:22,501 - INFO - Finished G&C, time elapsed=3.341191053390503s
2025-08-03 14:08:22,501 - INFO - Finished seed=0
2025-08-03 14:08:22,501 - INFO - ----------------------------------------------------------------------------------------------------------------------------------------------
2025-08-03 14:08:22,501 - INFO - ----------------------------------------------------------------------------------------------------------------------------------------------
2025-08-03 14:08:22,501 - INFO - Finished student_dim=8
2025-08-03 14:08:22,501 - INFO - G&C avg gen_loss = nan
2025-08-03 14:08:22,501 - INFO - ----------------------------------------------------------------------------------------------------------------------------------------------
2025-08-03 14:08:22,502 - INFO - Starting student_dim=9
2025-08-03 14:08:22,502 - INFO - Starting seed=0
2025-08-03 14:08:22,502 - INFO - A_teacher is 0.6540995836257935
2025-08-03 14:08:22,506 - INFO - Starting G&C
2025-08-03 14:08:25,675 - INFO - No GNC sensing losses
2025-08-03 14:08:25,998 - INFO - Finished G&C, time elapsed=3.492011070251465s
2025-08-03 14:08:25,998 - INFO - Finished seed=0
2025-08-03 14:08:25,998 - INFO - ----------------------------------------------------------------------------------------------------------------------------------------------
2025-08-03 14:08:25,998 - INFO - ----------------------------------------------------------------------------------------------------------------------------------------------
2025-08-03 14:08:25,998 - INFO - Finished student_dim=9
2025-08-03 14:08:25,998 - INFO - G&C avg gen_loss = nan
2025-08-03 14:08:25,998 - INFO - ----------------------------------------------------------------------------------------------------------------------------------------------
2025-08-03 14:08:25,998 - INFO - Starting student_dim=10
2025-08-03 14:08:25,998 - INFO - Starting seed=0
2025-08-03 14:08:25,999 - INFO - A_teacher is 0.6540995836257935
2025-08-03 14:08:26,003 - INFO - Starting G&C
2025-08-03 14:08:29,292 - INFO - No GNC sensing losses
2025-08-03 14:08:29,608 - INFO - Finished G&C, time elapsed=3.6054108142852783s
2025-08-03 14:08:29,608 - INFO - Finished seed=0
2025-08-03 14:08:29,609 - INFO - ----------------------------------------------------------------------------------------------------------------------------------------------
2025-08-03 14:08:29,609 - INFO - ----------------------------------------------------------------------------------------------------------------------------------------------
2025-08-03 14:08:29,609 - INFO - Finished student_dim=10
2025-08-03 14:08:29,609 - INFO - G&C avg gen_loss = nan
2025-08-03 14:08:29,609 - INFO - ----------------------------------------------------------------------------------------------------------------------------------------------
2025-08-03 14:08:29,609 - INFO - Starting student_dim=11
2025-08-03 14:08:29,609 - INFO - Starting seed=0
2025-08-03 14:08:29,610 - INFO - A_teacher is 0.6540995836257935
2025-08-03 14:08:29,615 - INFO - Starting G&C
2025-08-03 14:08:33,099 - INFO - No GNC sensing losses
2025-08-03 14:08:33,413 - INFO - Finished G&C, time elapsed=3.7983920574188232s
2025-08-03 14:08:33,413 - INFO - Finished seed=0
2025-08-03 14:08:33,414 - INFO - ----------------------------------------------------------------------------------------------------------------------------------------------
2025-08-03 14:08:33,414 - INFO - ----------------------------------------------------------------------------------------------------------------------------------------------
2025-08-03 14:08:33,414 - INFO - Finished student_dim=11
2025-08-03 14:08:33,414 - INFO - G&C avg gen_loss = nan
2025-08-03 14:08:33,414 - INFO - ----------------------------------------------------------------------------------------------------------------------------------------------
2025-08-03 14:08:33,414 - INFO - Starting student_dim=12
2025-08-03 14:08:33,414 - INFO - Starting seed=0
2025-08-03 14:08:33,416 - INFO - A_teacher is 0.6540995836257935
2025-08-03 14:08:33,419 - INFO - Starting G&C
2025-08-03 14:08:36,992 - INFO - No GNC sensing losses
2025-08-03 14:08:37,323 - INFO - Finished G&C, time elapsed=3.903895854949951s
2025-08-03 14:08:37,323 - INFO - Finished seed=0
2025-08-03 14:08:37,323 - INFO - ----------------------------------------------------------------------------------------------------------------------------------------------
2025-08-03 14:08:37,323 - INFO - ----------------------------------------------------------------------------------------------------------------------------------------------
2025-08-03 14:08:37,323 - INFO - Finished student_dim=12
2025-08-03 14:08:37,323 - INFO - G&C avg gen_loss = nan
2025-08-03 14:08:37,323 - INFO - ----------------------------------------------------------------------------------------------------------------------------------------------
2025-08-03 14:08:37,323 - INFO - Starting student_dim=13
2025-08-03 14:08:37,324 - INFO - Starting seed=0
2025-08-03 14:08:37,325 - INFO - A_teacher is 0.6540995836257935
2025-08-03 14:08:37,329 - INFO - Starting G&C
2025-08-03 14:08:41,013 - INFO - No GNC sensing losses
2025-08-03 14:08:41,353 - INFO - Finished G&C, time elapsed=4.024348258972168s
2025-08-03 14:08:41,354 - INFO - Finished seed=0
2025-08-03 14:08:41,354 - INFO - ----------------------------------------------------------------------------------------------------------------------------------------------
2025-08-03 14:08:41,354 - INFO - ----------------------------------------------------------------------------------------------------------------------------------------------
2025-08-03 14:08:41,354 - INFO - Finished student_dim=13
2025-08-03 14:08:41,354 - INFO - G&C avg gen_loss = nan
2025-08-03 14:08:41,354 - INFO - ----------------------------------------------------------------------------------------------------------------------------------------------
2025-08-03 14:08:41,354 - INFO - Starting student_dim=14
2025-08-03 14:08:41,354 - INFO - Starting seed=0
2025-08-03 14:08:41,356 - INFO - A_teacher is 0.6540995836257935
2025-08-03 14:08:41,359 - INFO - Starting G&C
2025-08-03 14:08:46,340 - INFO - No GNC sensing losses
2025-08-03 14:08:46,750 - INFO - Finished G&C, time elapsed=5.3910322189331055s
2025-08-03 14:08:46,751 - INFO - Finished seed=0
2025-08-03 14:08:46,751 - INFO - ----------------------------------------------------------------------------------------------------------------------------------------------
2025-08-03 14:08:46,751 - INFO - ----------------------------------------------------------------------------------------------------------------------------------------------
2025-08-03 14:08:46,751 - INFO - Finished student_dim=14
2025-08-03 14:08:46,751 - INFO - G&C avg gen_loss = nan
2025-08-03 14:08:46,751 - INFO - ----------------------------------------------------------------------------------------------------------------------------------------------
2025-08-03 14:08:46,752 - INFO - Starting student_dim=15
2025-08-03 14:08:46,752 - INFO - Starting seed=0
2025-08-03 14:08:46,754 - INFO - A_teacher is 0.6540995836257935
2025-08-03 14:08:46,760 - INFO - Starting G&C
2025-08-03 14:08:52,310 - INFO - No GNC sensing losses
2025-08-03 14:08:52,691 - INFO - Finished G&C, time elapsed=5.931585073471069s
2025-08-03 14:08:52,691 - INFO - Finished seed=0
2025-08-03 14:08:52,692 - INFO - ----------------------------------------------------------------------------------------------------------------------------------------------
2025-08-03 14:08:52,692 - INFO - ----------------------------------------------------------------------------------------------------------------------------------------------
2025-08-03 14:08:52,692 - INFO - Finished student_dim=15
2025-08-03 14:08:52,692 - INFO - G&C avg gen_loss = nan
2025-08-03 14:08:52,692 - INFO - ----------------------------------------------------------------------------------------------------------------------------------------------
2025-08-03 14:08:53,107 - INFO - Finished experiments, results saved to results, figures saved to figures
