2025-08-03 21:14:41,202 - INFO - Using device mps.
2025-08-03 21:14:41,203 - INFO - Args: Namespace(num_seeds=1, num_measurements=1, input_e1=True, sequence_length=7, teacher_ranks=[1], student_dims=[5, 6, 7, 8, 9, 10, 11, 12, 13, 14, 15, 16, 17, 18, 19, 20, 21, 22, 23, 24], calc_loss_only_on_last_output=True, eps_train=1e-11, gnc=True, gnc_num_samples=100000000, gnc_batch_size=10000000, gd=False, gd_lr=0.01, gd_epochs=100000, gd_init_scale=0.01, gd_optimizer='adam', config=None, results_dir=PosixPath('results'), figures_dir=PosixPath('figures'), log_dir=PosixPath('logs'))
2025-08-03 21:14:41,211 - INFO - Starting teacher_rank=1
2025-08-03 21:14:41,212 - INFO - Starting student_dim=5
2025-08-03 21:14:41,212 - INFO - Starting seed=0
2025-08-03 21:14:41,217 - INFO - A_teacher is 0.3902967572212219
2025-08-03 21:14:41,240 - INFO - Starting G&C
2025-08-03 21:14:45,895 - INFO - Finished G&C, time elapsed=4.654403924942017s
2025-08-03 21:14:45,895 - INFO - Finished seed=0
2025-08-03 21:14:45,895 - INFO - ----------------------------------------------------------------------------------------------------------------------------------------------
2025-08-03 21:14:45,895 - INFO - ----------------------------------------------------------------------------------------------------------------------------------------------
2025-08-03 21:14:45,895 - INFO - Finished student_dim=5
2025-08-03 21:14:45,895 - INFO - G&C avg gen_loss = 0.4758269331352329
2025-08-03 21:14:45,895 - INFO - ----------------------------------------------------------------------------------------------------------------------------------------------
2025-08-03 21:14:45,895 - INFO - Starting student_dim=6
2025-08-03 21:14:45,895 - INFO - Starting seed=0
2025-08-03 21:14:45,896 - INFO - A_teacher is 0.6540995836257935
2025-08-03 21:14:45,900 - INFO - Starting G&C
2025-08-03 21:14:50,662 - INFO - Finished G&C, time elapsed=4.7613160610198975s
2025-08-03 21:14:50,662 - INFO - Finished seed=0
2025-08-03 21:14:50,662 - INFO - ----------------------------------------------------------------------------------------------------------------------------------------------
2025-08-03 21:14:50,662 - INFO - ----------------------------------------------------------------------------------------------------------------------------------------------
2025-08-03 21:14:50,662 - INFO - Finished student_dim=6
2025-08-03 21:14:50,662 - INFO - G&C avg gen_loss = 1.6666798733476877
2025-08-03 21:14:50,662 - INFO - ----------------------------------------------------------------------------------------------------------------------------------------------
2025-08-03 21:14:50,662 - INFO - Starting student_dim=7
2025-08-03 21:14:50,662 - INFO - Starting seed=0
2025-08-03 21:14:50,663 - INFO - A_teacher is 0.6540995836257935
2025-08-03 21:14:50,667 - INFO - Starting G&C
2025-08-03 21:14:55,530 - INFO - Finished G&C, time elapsed=4.86216402053833s
2025-08-03 21:14:55,530 - INFO - Finished seed=0
2025-08-03 21:14:55,530 - INFO - ----------------------------------------------------------------------------------------------------------------------------------------------
2025-08-03 21:14:55,530 - INFO - ----------------------------------------------------------------------------------------------------------------------------------------------
2025-08-03 21:14:55,530 - INFO - Finished student_dim=7
2025-08-03 21:14:55,530 - INFO - G&C avg gen_loss = 1.675932931215265
2025-08-03 21:14:55,530 - INFO - ----------------------------------------------------------------------------------------------------------------------------------------------
2025-08-03 21:14:55,530 - INFO - Starting student_dim=8
2025-08-03 21:14:55,530 - INFO - Starting seed=0
2025-08-03 21:14:55,531 - INFO - A_teacher is 0.6540995836257935
2025-08-03 21:14:55,536 - INFO - Starting G&C
2025-08-03 21:15:00,580 - INFO - Finished G&C, time elapsed=5.044644117355347s
2025-08-03 21:15:00,581 - INFO - Finished seed=0
2025-08-03 21:15:00,581 - INFO - ----------------------------------------------------------------------------------------------------------------------------------------------
2025-08-03 21:15:00,581 - INFO - ----------------------------------------------------------------------------------------------------------------------------------------------
2025-08-03 21:15:00,581 - INFO - Finished student_dim=8
2025-08-03 21:15:00,581 - INFO - G&C avg gen_loss = 1.8898150708170642
2025-08-03 21:15:00,581 - INFO - ----------------------------------------------------------------------------------------------------------------------------------------------
2025-08-03 21:15:00,581 - INFO - Starting student_dim=9
2025-08-03 21:15:00,581 - INFO - Starting seed=0
2025-08-03 21:15:00,582 - INFO - A_teacher is 0.6540995836257935
2025-08-03 21:15:00,586 - INFO - Starting G&C
2025-08-03 21:15:05,879 - INFO - Finished G&C, time elapsed=5.293666839599609s
2025-08-03 21:15:05,879 - INFO - Finished seed=0
2025-08-03 21:15:05,880 - INFO - ----------------------------------------------------------------------------------------------------------------------------------------------
2025-08-03 21:15:05,880 - INFO - ----------------------------------------------------------------------------------------------------------------------------------------------
2025-08-03 21:15:05,880 - INFO - Finished student_dim=9
2025-08-03 21:15:05,880 - INFO - G&C avg gen_loss = 1.924446360089817
2025-08-03 21:15:05,880 - INFO - ----------------------------------------------------------------------------------------------------------------------------------------------
2025-08-03 21:15:05,880 - INFO - Starting student_dim=10
2025-08-03 21:15:05,880 - INFO - Starting seed=0
2025-08-03 21:15:05,881 - INFO - A_teacher is 0.6540995836257935
2025-08-03 21:15:05,884 - INFO - Starting G&C
2025-08-03 21:15:11,461 - INFO - Finished G&C, time elapsed=5.576642990112305s
2025-08-03 21:15:11,461 - INFO - Finished seed=0
2025-08-03 21:15:11,462 - INFO - ----------------------------------------------------------------------------------------------------------------------------------------------
2025-08-03 21:15:11,462 - INFO - ----------------------------------------------------------------------------------------------------------------------------------------------
2025-08-03 21:15:11,462 - INFO - Finished student_dim=10
2025-08-03 21:15:11,462 - INFO - G&C avg gen_loss = 2.012580508385376
2025-08-03 21:15:11,462 - INFO - ----------------------------------------------------------------------------------------------------------------------------------------------
2025-08-03 21:15:11,462 - INFO - Starting student_dim=11
2025-08-03 21:15:11,462 - INFO - Starting seed=0
2025-08-03 21:15:11,463 - INFO - A_teacher is 0.6540995836257935
2025-08-03 21:15:11,467 - INFO - Starting G&C
2025-08-03 21:15:17,385 - INFO - Finished G&C, time elapsed=5.918068885803223s
2025-08-03 21:15:17,385 - INFO - Finished seed=0
2025-08-03 21:15:17,386 - INFO - ----------------------------------------------------------------------------------------------------------------------------------------------
2025-08-03 21:15:17,386 - INFO - ----------------------------------------------------------------------------------------------------------------------------------------------
2025-08-03 21:15:17,386 - INFO - Finished student_dim=11
2025-08-03 21:15:17,386 - INFO - G&C avg gen_loss = 2.1670351569319135
2025-08-03 21:15:17,386 - INFO - ----------------------------------------------------------------------------------------------------------------------------------------------
2025-08-03 21:15:17,386 - INFO - Starting student_dim=12
2025-08-03 21:15:17,386 - INFO - Starting seed=0
2025-08-03 21:15:17,387 - INFO - A_teacher is 0.6540995836257935
2025-08-03 21:15:17,391 - INFO - Starting G&C
2025-08-03 21:15:24,058 - INFO - Finished G&C, time elapsed=6.666707992553711s
2025-08-03 21:15:24,059 - INFO - Finished seed=0
2025-08-03 21:15:24,059 - INFO - ----------------------------------------------------------------------------------------------------------------------------------------------
2025-08-03 21:15:24,059 - INFO - ----------------------------------------------------------------------------------------------------------------------------------------------
2025-08-03 21:15:24,059 - INFO - Finished student_dim=12
2025-08-03 21:15:24,060 - INFO - G&C avg gen_loss = 2.318581941225956
2025-08-03 21:15:24,060 - INFO - ----------------------------------------------------------------------------------------------------------------------------------------------
2025-08-03 21:15:24,060 - INFO - Starting student_dim=13
2025-08-03 21:15:24,060 - INFO - Starting seed=0
2025-08-03 21:15:24,062 - INFO - A_teacher is 0.6540995836257935
2025-08-03 21:15:24,068 - INFO - Starting G&C
2025-08-03 21:15:30,092 - INFO - Finished G&C, time elapsed=6.02326512336731s
2025-08-03 21:15:30,092 - INFO - Finished seed=0
2025-08-03 21:15:30,092 - INFO - ----------------------------------------------------------------------------------------------------------------------------------------------
2025-08-03 21:15:30,092 - INFO - ----------------------------------------------------------------------------------------------------------------------------------------------
2025-08-03 21:15:30,092 - INFO - Finished student_dim=13
2025-08-03 21:15:30,093 - INFO - G&C avg gen_loss = 2.3535070498139126
2025-08-03 21:15:30,093 - INFO - ----------------------------------------------------------------------------------------------------------------------------------------------
2025-08-03 21:15:30,093 - INFO - Starting student_dim=14
2025-08-03 21:15:30,093 - INFO - Starting seed=0
2025-08-03 21:15:30,094 - INFO - A_teacher is 0.6540995836257935
2025-08-03 21:15:30,099 - INFO - Starting G&C
2025-08-03 21:15:37,824 - INFO - Finished G&C, time elapsed=7.725574731826782s
2025-08-03 21:15:37,825 - INFO - Finished seed=0
2025-08-03 21:15:37,825 - INFO - ----------------------------------------------------------------------------------------------------------------------------------------------
2025-08-03 21:15:37,825 - INFO - ----------------------------------------------------------------------------------------------------------------------------------------------
2025-08-03 21:15:37,825 - INFO - Finished student_dim=14
2025-08-03 21:15:37,826 - INFO - G&C avg gen_loss = 2.4762298263366684
2025-08-03 21:15:37,826 - INFO - ----------------------------------------------------------------------------------------------------------------------------------------------
2025-08-03 21:15:37,826 - INFO - Starting student_dim=15
2025-08-03 21:15:37,826 - INFO - Starting seed=0
2025-08-03 21:15:37,828 - INFO - A_teacher is 0.6540995836257935
2025-08-03 21:15:37,834 - INFO - Starting G&C
2025-08-03 21:15:46,717 - INFO - Finished G&C, time elapsed=8.882632970809937s
2025-08-03 21:15:46,717 - INFO - Finished seed=0
2025-08-03 21:15:46,718 - INFO - ----------------------------------------------------------------------------------------------------------------------------------------------
2025-08-03 21:15:46,718 - INFO - ----------------------------------------------------------------------------------------------------------------------------------------------
2025-08-03 21:15:46,718 - INFO - Finished student_dim=15
2025-08-03 21:15:46,718 - INFO - G&C avg gen_loss = 2.592554221666721
2025-08-03 21:15:46,718 - INFO - ----------------------------------------------------------------------------------------------------------------------------------------------
2025-08-03 21:15:46,718 - INFO - Starting student_dim=16
2025-08-03 21:15:46,718 - INFO - Starting seed=0
2025-08-03 21:15:46,720 - INFO - A_teacher is 0.6540995836257935
2025-08-03 21:15:46,727 - INFO - Starting G&C
2025-08-03 21:15:53,311 - INFO - Finished G&C, time elapsed=6.584036827087402s
2025-08-03 21:15:53,311 - INFO - Finished seed=0
2025-08-03 21:15:53,312 - INFO - ----------------------------------------------------------------------------------------------------------------------------------------------
2025-08-03 21:15:53,312 - INFO - ----------------------------------------------------------------------------------------------------------------------------------------------
2025-08-03 21:15:53,312 - INFO - Finished student_dim=16
2025-08-03 21:15:53,312 - INFO - G&C avg gen_loss = 2.5477156608914115
2025-08-03 21:15:53,312 - INFO - ----------------------------------------------------------------------------------------------------------------------------------------------
2025-08-03 21:15:53,312 - INFO - Starting student_dim=17
2025-08-03 21:15:53,312 - INFO - Starting seed=0
2025-08-03 21:15:53,313 - INFO - A_teacher is 0.6540995836257935
2025-08-03 21:15:53,324 - INFO - Starting G&C
2025-08-03 21:16:00,066 - INFO - Finished G&C, time elapsed=6.742187023162842s
2025-08-03 21:16:00,067 - INFO - Finished seed=0
2025-08-03 21:16:00,067 - INFO - ----------------------------------------------------------------------------------------------------------------------------------------------
2025-08-03 21:16:00,067 - INFO - ----------------------------------------------------------------------------------------------------------------------------------------------
2025-08-03 21:16:00,067 - INFO - Finished student_dim=17
2025-08-03 21:16:00,068 - INFO - G&C avg gen_loss = 2.6594521334663863
2025-08-03 21:16:00,068 - INFO - ----------------------------------------------------------------------------------------------------------------------------------------------
2025-08-03 21:16:00,068 - INFO - Starting student_dim=18
2025-08-03 21:16:00,068 - INFO - Starting seed=0
2025-08-03 21:16:00,069 - INFO - A_teacher is 0.6540995836257935
2025-08-03 21:16:00,077 - INFO - Starting G&C
2025-08-03 21:16:06,970 - INFO - Finished G&C, time elapsed=6.893121004104614s
2025-08-03 21:16:06,970 - INFO - Finished seed=0
2025-08-03 21:16:06,971 - INFO - ----------------------------------------------------------------------------------------------------------------------------------------------
2025-08-03 21:16:06,971 - INFO - ----------------------------------------------------------------------------------------------------------------------------------------------
2025-08-03 21:16:06,971 - INFO - Finished student_dim=18
2025-08-03 21:16:06,971 - INFO - G&C avg gen_loss = 2.7094923301893115
2025-08-03 21:16:06,971 - INFO - ----------------------------------------------------------------------------------------------------------------------------------------------
2025-08-03 21:16:06,972 - INFO - Starting student_dim=19
2025-08-03 21:16:06,972 - INFO - Starting seed=0
2025-08-03 21:16:06,973 - INFO - A_teacher is 0.6540995836257935
2025-08-03 21:16:06,981 - INFO - Starting G&C
2025-08-03 21:16:13,599 - INFO - Finished G&C, time elapsed=6.618186950683594s
2025-08-03 21:16:13,600 - INFO - Finished seed=0
2025-08-03 21:16:13,600 - INFO - ----------------------------------------------------------------------------------------------------------------------------------------------
2025-08-03 21:16:13,600 - INFO - ----------------------------------------------------------------------------------------------------------------------------------------------
2025-08-03 21:16:13,600 - INFO - Finished student_dim=19
2025-08-03 21:16:13,600 - INFO - G&C avg gen_loss = 2.8073492812797367
2025-08-03 21:16:13,600 - INFO - ----------------------------------------------------------------------------------------------------------------------------------------------
2025-08-03 21:16:13,601 - INFO - Starting student_dim=20
2025-08-03 21:16:13,601 - INFO - Starting seed=0
2025-08-03 21:16:13,602 - INFO - A_teacher is 0.6540995836257935
2025-08-03 21:16:13,608 - INFO - Starting G&C
2025-08-03 21:16:20,475 - INFO - Finished G&C, time elapsed=6.866883993148804s
2025-08-03 21:16:20,476 - INFO - Finished seed=0
2025-08-03 21:16:20,476 - INFO - ----------------------------------------------------------------------------------------------------------------------------------------------
2025-08-03 21:16:20,476 - INFO - ----------------------------------------------------------------------------------------------------------------------------------------------
2025-08-03 21:16:20,476 - INFO - Finished student_dim=20
2025-08-03 21:16:20,476 - INFO - G&C avg gen_loss = 2.7126667706098138
2025-08-03 21:16:20,477 - INFO - ----------------------------------------------------------------------------------------------------------------------------------------------
2025-08-03 21:16:20,477 - INFO - Starting student_dim=21
2025-08-03 21:16:20,477 - INFO - Starting seed=0
2025-08-03 21:16:20,478 - INFO - A_teacher is 0.6540995836257935
2025-08-03 21:16:20,482 - INFO - Starting G&C
2025-08-03 21:16:27,108 - INFO - Finished G&C, time elapsed=6.626292943954468s
2025-08-03 21:16:27,108 - INFO - Finished seed=0
2025-08-03 21:16:27,108 - INFO - ----------------------------------------------------------------------------------------------------------------------------------------------
2025-08-03 21:16:27,109 - INFO - ----------------------------------------------------------------------------------------------------------------------------------------------
2025-08-03 21:16:27,109 - INFO - Finished student_dim=21
2025-08-03 21:16:27,109 - INFO - G&C avg gen_loss = 2.90075434987545
2025-08-03 21:16:27,109 - INFO - ----------------------------------------------------------------------------------------------------------------------------------------------
2025-08-03 21:16:27,109 - INFO - Starting student_dim=22
2025-08-03 21:16:27,109 - INFO - Starting seed=0
2025-08-03 21:16:27,110 - INFO - A_teacher is 0.6540995836257935
2025-08-03 21:16:27,114 - INFO - Starting G&C
2025-08-03 21:16:33,759 - INFO - Finished G&C, time elapsed=6.64500880241394s
2025-08-03 21:16:33,759 - INFO - Finished seed=0
2025-08-03 21:16:33,759 - INFO - ----------------------------------------------------------------------------------------------------------------------------------------------
2025-08-03 21:16:33,759 - INFO - ----------------------------------------------------------------------------------------------------------------------------------------------
2025-08-03 21:16:33,759 - INFO - Finished student_dim=22
2025-08-03 21:16:33,759 - INFO - G&C avg gen_loss = 2.9678364424503036
2025-08-03 21:16:33,759 - INFO - ----------------------------------------------------------------------------------------------------------------------------------------------
2025-08-03 21:16:33,759 - INFO - Starting student_dim=23
2025-08-03 21:16:33,760 - INFO - Starting seed=0
2025-08-03 21:16:33,761 - INFO - A_teacher is 0.6540995836257935
2025-08-03 21:16:33,764 - INFO - Starting G&C
2025-08-03 21:16:40,535 - INFO - Finished G&C, time elapsed=6.77026891708374s
2025-08-03 21:16:40,536 - INFO - Finished seed=0
2025-08-03 21:16:40,536 - INFO - ----------------------------------------------------------------------------------------------------------------------------------------------
2025-08-03 21:16:40,536 - INFO - ----------------------------------------------------------------------------------------------------------------------------------------------
2025-08-03 21:16:40,536 - INFO - Finished student_dim=23
2025-08-03 21:16:40,536 - INFO - G&C avg gen_loss = 3.1006431328338517
2025-08-03 21:16:40,536 - INFO - ----------------------------------------------------------------------------------------------------------------------------------------------
2025-08-03 21:16:40,536 - INFO - Starting student_dim=24
2025-08-03 21:16:40,536 - INFO - Starting seed=0
2025-08-03 21:16:40,537 - INFO - A_teacher is 0.6540995836257935
2025-08-03 21:16:40,541 - INFO - Starting G&C
2025-08-03 21:16:47,482 - INFO - Finished G&C, time elapsed=6.940965890884399s
2025-08-03 21:16:47,483 - INFO - Finished seed=0
2025-08-03 21:16:47,484 - INFO - ----------------------------------------------------------------------------------------------------------------------------------------------
2025-08-03 21:16:47,484 - INFO - ----------------------------------------------------------------------------------------------------------------------------------------------
2025-08-03 21:16:47,484 - INFO - Finished student_dim=24
2025-08-03 21:16:47,484 - INFO - G&C avg gen_loss = 2.944874418200925
2025-08-03 21:16:47,484 - INFO - ----------------------------------------------------------------------------------------------------------------------------------------------
2025-08-03 21:16:47,915 - INFO - Finished experiments, results saved to results_gnc_seq_len=7_num_measurements=1_input_e1=True_time=20250803-211647.csv, figures saved to plot_gnc_seq_len=7_num_measurements=1_input_e1=True_time=20250803-211647
