2025-09-11 13:26:26,993 - INFO - Args: Namespace(student_dim=100, alpha_teacher=0.5, sequence_length=5, num_sequences=1, eps_train=0.01, num_samples=10000000, batch_size=100000, use_prediction=True, seeds=[0, 1, 2, 3, 4, 5, 6, 7], device='auto', figures_dir='./figures', log_dir='./logs')
2025-09-11 13:26:27,008 - INFO - Using device: mps
2025-09-11 13:26:27,023 - INFO - Random seeds set to: 0
2025-09-11 13:26:27,023 - INFO - Generating 1 w sequences of length 5
2025-09-11 13:26:27,069 - INFO - Running G&C training with 10000000 samples...
2025-09-11 13:26:27,069 - INFO - Parameters: student_dim=100, eps_train=0.01, alpha_teacher=0.5
2025-09-11 13:26:35,118 - INFO - GNC Prediction stats - Total: 10000000, Predicted above epsilon: 0 (0.0%), Skipped calculations: 0 (0.0%)
2025-09-11 13:26:35,119 - INFO - G&C training completed in 8.05 seconds
2025-09-11 13:26:35,119 - INFO - Results: mean_prior=1.849882, mean_gnc=7.664508
2025-09-11 13:26:35,119 - INFO - Collected 10000000 training loss values
2025-09-11 13:26:35,119 - INFO - Random seeds set to: 1
2025-09-11 13:26:35,119 - INFO - Generating 1 w sequences of length 5
2025-09-11 13:26:35,119 - INFO - Running G&C training with 10000000 samples...
2025-09-11 13:26:35,119 - INFO - Parameters: student_dim=100, eps_train=0.01, alpha_teacher=0.5
2025-09-11 13:26:43,301 - INFO - GNC Prediction stats - Total: 10000000, Predicted above epsilon: 0 (0.0%), Skipped calculations: 0 (0.0%)
2025-09-11 13:26:43,301 - INFO - G&C training completed in 8.18 seconds
2025-09-11 13:26:43,301 - INFO - Results: mean_prior=1.850577, mean_gnc=0.904546
2025-09-11 13:26:43,301 - INFO - Collected 10000000 training loss values
2025-09-11 13:26:43,302 - INFO - Random seeds set to: 2
2025-09-11 13:26:43,302 - INFO - Generating 1 w sequences of length 5
2025-09-11 13:26:43,302 - INFO - Running G&C training with 10000000 samples...
2025-09-11 13:26:43,302 - INFO - Parameters: student_dim=100, eps_train=0.01, alpha_teacher=0.5
2025-09-11 13:26:51,398 - INFO - GNC Prediction stats - Total: 10000000, Predicted above epsilon: 0 (0.0%), Skipped calculations: 0 (0.0%)
2025-09-11 13:26:51,399 - INFO - G&C training completed in 8.10 seconds
2025-09-11 13:26:51,399 - INFO - Results: mean_prior=1.851028, mean_gnc=0.909274
2025-09-11 13:26:51,399 - INFO - Collected 10000000 training loss values
2025-09-11 13:26:51,399 - INFO - Random seeds set to: 3
2025-09-11 13:26:51,399 - INFO - Generating 1 w sequences of length 5
2025-09-11 13:26:51,400 - INFO - Running G&C training with 10000000 samples...
2025-09-11 13:26:51,400 - INFO - Parameters: student_dim=100, eps_train=0.01, alpha_teacher=0.5
2025-09-11 13:26:59,321 - INFO - GNC Prediction stats - Total: 10000000, Predicted above epsilon: 0 (0.0%), Skipped calculations: 0 (0.0%)
2025-09-11 13:26:59,321 - INFO - G&C training completed in 7.92 seconds
2025-09-11 13:26:59,321 - INFO - Results: mean_prior=1.851975, mean_gnc=5.620842
2025-09-11 13:26:59,321 - INFO - Collected 10000000 training loss values
2025-09-11 13:26:59,322 - INFO - Random seeds set to: 4
2025-09-11 13:26:59,322 - INFO - Generating 1 w sequences of length 5
2025-09-11 13:26:59,322 - INFO - Running G&C training with 10000000 samples...
2025-09-11 13:26:59,322 - INFO - Parameters: student_dim=100, eps_train=0.01, alpha_teacher=0.5
2025-09-11 13:27:07,683 - INFO - GNC Prediction stats - Total: 10000000, Predicted above epsilon: 0 (0.0%), Skipped calculations: 0 (0.0%)
2025-09-11 13:27:07,683 - INFO - G&C training completed in 8.36 seconds
2025-09-11 13:27:07,683 - INFO - Results: mean_prior=1.851415, mean_gnc=0.601443
2025-09-11 13:27:07,683 - INFO - Collected 10000000 training loss values
2025-09-11 13:27:07,683 - INFO - Random seeds set to: 5
2025-09-11 13:27:07,683 - INFO - Generating 1 w sequences of length 5
2025-09-11 13:27:07,684 - INFO - Running G&C training with 10000000 samples...
2025-09-11 13:27:07,684 - INFO - Parameters: student_dim=100, eps_train=0.01, alpha_teacher=0.5
2025-09-11 13:27:15,648 - INFO - GNC Prediction stats - Total: 10000000, Predicted above epsilon: 0 (0.0%), Skipped calculations: 0 (0.0%)
2025-09-11 13:27:15,648 - INFO - G&C training completed in 7.96 seconds
2025-09-11 13:27:15,648 - INFO - Results: mean_prior=1.851875, mean_gnc=6.174760
2025-09-11 13:27:15,648 - INFO - Collected 10000000 training loss values
2025-09-11 13:27:15,649 - INFO - Random seeds set to: 6
2025-09-11 13:27:15,649 - INFO - Generating 1 w sequences of length 5
2025-09-11 13:27:15,649 - INFO - Running G&C training with 10000000 samples...
2025-09-11 13:27:15,649 - INFO - Parameters: student_dim=100, eps_train=0.01, alpha_teacher=0.5
2025-09-11 13:27:23,713 - INFO - GNC Prediction stats - Total: 10000000, Predicted above epsilon: 0 (0.0%), Skipped calculations: 0 (0.0%)
2025-09-11 13:27:23,714 - INFO - G&C training completed in 8.07 seconds
2025-09-11 13:27:23,714 - INFO - Results: mean_prior=1.851169, mean_gnc=6.086329
2025-09-11 13:27:23,715 - INFO - Collected 10000000 training loss values
2025-09-11 13:27:23,715 - INFO - Random seeds set to: 7
2025-09-11 13:27:23,715 - INFO - Generating 1 w sequences of length 5
2025-09-11 13:27:23,715 - INFO - Running G&C training with 10000000 samples...
2025-09-11 13:27:23,715 - INFO - Parameters: student_dim=100, eps_train=0.01, alpha_teacher=0.5
2025-09-11 13:27:31,696 - INFO - GNC Prediction stats - Total: 10000000, Predicted above epsilon: 0 (0.0%), Skipped calculations: 0 (0.0%)
2025-09-11 13:27:31,696 - INFO - G&C training completed in 7.98 seconds
2025-09-11 13:27:31,696 - INFO - Results: mean_prior=1.850905, mean_gnc=0.858069
2025-09-11 13:27:31,696 - INFO - Collected 10000000 training loss values
2025-09-11 13:27:31,696 - INFO - Generating training loss histogram...
2025-09-11 13:30:35,575 - INFO - Histogram saved to ./figures/gnc_training_loss_histogram_dim=100_seq_len=5_eps=0.01_samples=10000000_seeds=0-1-2-3-4-5-6-7_time=20250911_132626.png
