2025-08-04 10:06:16,711 - INFO - Using device mps.
2025-08-04 10:06:16,711 - INFO - Args: Namespace(num_seeds=1, num_measurements=1, input_e1=True, sequence_length=4, teacher_ranks=[1], student_dims=[5, 6, 7, 8, 9, 10, 11, 12, 13, 14, 15, 16, 17, 18, 19, 20, 21, 22, 23, 24, 25, 26, 27, 28, 29, 30, 31, 32, 33, 34], calc_loss_only_on_last_output=True, eps_train=1e-12, gnc=True, gnc_num_samples=100000000, gnc_batch_size=10000000, gd=False, gd_lr=0.01, gd_epochs=100000, gd_init_scale=0.01, gd_optimizer='adam', config=None, results_dir=PosixPath('results'), figures_dir=PosixPath('figures'), log_dir=PosixPath('logs'))
2025-08-04 10:06:16,720 - INFO - Starting teacher_rank=1
2025-08-04 10:06:16,721 - INFO - Starting student_dim=5
2025-08-04 10:06:16,721 - INFO - Starting seed=0
2025-08-04 10:06:16,726 - INFO - A_teacher is 0.6048404574394226
2025-08-04 10:06:16,750 - INFO - Starting G&C
2025-08-04 10:06:20,187 - INFO - Finished G&C, time elapsed=3.436488151550293s
2025-08-04 10:06:20,187 - INFO - Finished seed=0
2025-08-04 10:06:20,187 - INFO - ----------------------------------------------------------------------------------------------------------------------------------------------
2025-08-04 10:06:20,187 - INFO - ----------------------------------------------------------------------------------------------------------------------------------------------
2025-08-04 10:06:20,187 - INFO - Finished student_dim=5
2025-08-04 10:06:20,187 - INFO - G&C avg gen_loss = 0.5562509407409651
2025-08-04 10:06:20,187 - INFO - ----------------------------------------------------------------------------------------------------------------------------------------------
2025-08-04 10:06:20,187 - INFO - Starting student_dim=6
2025-08-04 10:06:20,188 - INFO - Starting seed=0
2025-08-04 10:06:20,189 - INFO - A_teacher is 0.6540995836257935
2025-08-04 10:06:20,192 - INFO - Starting G&C
2025-08-04 10:06:23,686 - INFO - Finished G&C, time elapsed=3.4946820735931396s
2025-08-04 10:06:23,687 - INFO - Finished seed=0
2025-08-04 10:06:23,687 - INFO - ----------------------------------------------------------------------------------------------------------------------------------------------
2025-08-04 10:06:23,687 - INFO - ----------------------------------------------------------------------------------------------------------------------------------------------
2025-08-04 10:06:23,687 - INFO - Finished student_dim=6
2025-08-04 10:06:23,687 - INFO - G&C avg gen_loss = 0.6072675498799072
2025-08-04 10:06:23,687 - INFO - ----------------------------------------------------------------------------------------------------------------------------------------------
2025-08-04 10:06:23,687 - INFO - Starting student_dim=7
2025-08-04 10:06:23,687 - INFO - Starting seed=0
2025-08-04 10:06:23,688 - INFO - A_teacher is 0.6540995836257935
2025-08-04 10:06:23,691 - INFO - Starting G&C
2025-08-04 10:06:27,335 - INFO - Finished G&C, time elapsed=3.6435768604278564s
2025-08-04 10:06:27,335 - INFO - Finished seed=0
2025-08-04 10:06:27,335 - INFO - ----------------------------------------------------------------------------------------------------------------------------------------------
2025-08-04 10:06:27,335 - INFO - ----------------------------------------------------------------------------------------------------------------------------------------------
2025-08-04 10:06:27,335 - INFO - Finished student_dim=7
2025-08-04 10:06:27,335 - INFO - G&C avg gen_loss = 0.7354063527358664
2025-08-04 10:06:27,335 - INFO - ----------------------------------------------------------------------------------------------------------------------------------------------
2025-08-04 10:06:27,335 - INFO - Starting student_dim=8
2025-08-04 10:06:27,335 - INFO - Starting seed=0
2025-08-04 10:06:27,337 - INFO - A_teacher is 0.6540995836257935
2025-08-04 10:06:27,340 - INFO - Starting G&C
2025-08-04 10:06:31,169 - INFO - Finished G&C, time elapsed=3.82909893989563s
2025-08-04 10:06:31,169 - INFO - Finished seed=0
2025-08-04 10:06:31,169 - INFO - ----------------------------------------------------------------------------------------------------------------------------------------------
2025-08-04 10:06:31,169 - INFO - ----------------------------------------------------------------------------------------------------------------------------------------------
2025-08-04 10:06:31,169 - INFO - Finished student_dim=8
2025-08-04 10:06:31,169 - INFO - G&C avg gen_loss = 0.791587270525915
2025-08-04 10:06:31,169 - INFO - ----------------------------------------------------------------------------------------------------------------------------------------------
2025-08-04 10:06:31,169 - INFO - Starting student_dim=9
2025-08-04 10:06:31,170 - INFO - Starting seed=0
2025-08-04 10:06:31,171 - INFO - A_teacher is 0.6540995836257935
2025-08-04 10:06:31,174 - INFO - Starting G&C
2025-08-04 10:06:35,076 - INFO - Finished G&C, time elapsed=3.90238618850708s
2025-08-04 10:06:35,076 - INFO - Finished seed=0
2025-08-04 10:06:35,077 - INFO - ----------------------------------------------------------------------------------------------------------------------------------------------
2025-08-04 10:06:35,077 - INFO - ----------------------------------------------------------------------------------------------------------------------------------------------
2025-08-04 10:06:35,077 - INFO - Finished student_dim=9
2025-08-04 10:06:35,077 - INFO - G&C avg gen_loss = 0.7757834155243217
2025-08-04 10:06:35,077 - INFO - ----------------------------------------------------------------------------------------------------------------------------------------------
2025-08-04 10:06:35,077 - INFO - Starting student_dim=10
2025-08-04 10:06:35,077 - INFO - Starting seed=0
2025-08-04 10:06:35,078 - INFO - A_teacher is 0.6540995836257935
2025-08-04 10:06:35,088 - INFO - Starting G&C
2025-08-04 10:06:39,167 - INFO - Finished G&C, time elapsed=4.0789899826049805s
2025-08-04 10:06:39,167 - INFO - Finished seed=0
2025-08-04 10:06:39,167 - INFO - ----------------------------------------------------------------------------------------------------------------------------------------------
2025-08-04 10:06:39,167 - INFO - ----------------------------------------------------------------------------------------------------------------------------------------------
2025-08-04 10:06:39,167 - INFO - Finished student_dim=10
2025-08-04 10:06:39,167 - INFO - G&C avg gen_loss = 0.89763320915825
2025-08-04 10:06:39,167 - INFO - ----------------------------------------------------------------------------------------------------------------------------------------------
2025-08-04 10:06:39,167 - INFO - Starting student_dim=11
2025-08-04 10:06:39,167 - INFO - Starting seed=0
2025-08-04 10:06:39,168 - INFO - A_teacher is 0.6540995836257935
2025-08-04 10:06:39,172 - INFO - Starting G&C
2025-08-04 10:06:43,607 - INFO - Finished G&C, time elapsed=4.435190916061401s
2025-08-04 10:06:43,607 - INFO - Finished seed=0
2025-08-04 10:06:43,607 - INFO - ----------------------------------------------------------------------------------------------------------------------------------------------
2025-08-04 10:06:43,607 - INFO - ----------------------------------------------------------------------------------------------------------------------------------------------
2025-08-04 10:06:43,607 - INFO - Finished student_dim=11
2025-08-04 10:06:43,607 - INFO - G&C avg gen_loss = 0.9012896566409764
2025-08-04 10:06:43,607 - INFO - ----------------------------------------------------------------------------------------------------------------------------------------------
2025-08-04 10:06:43,607 - INFO - Starting student_dim=12
2025-08-04 10:06:43,608 - INFO - Starting seed=0
2025-08-04 10:06:43,609 - INFO - A_teacher is 0.6540995836257935
2025-08-04 10:06:43,612 - INFO - Starting G&C
2025-08-04 10:06:47,942 - INFO - Finished G&C, time elapsed=4.330006122589111s
2025-08-04 10:06:47,942 - INFO - Finished seed=0
2025-08-04 10:06:47,943 - INFO - ----------------------------------------------------------------------------------------------------------------------------------------------
2025-08-04 10:06:47,943 - INFO - ----------------------------------------------------------------------------------------------------------------------------------------------
2025-08-04 10:06:47,943 - INFO - Finished student_dim=12
2025-08-04 10:06:47,943 - INFO - G&C avg gen_loss = 1.024724501143418
2025-08-04 10:06:47,943 - INFO - ----------------------------------------------------------------------------------------------------------------------------------------------
2025-08-04 10:06:47,943 - INFO - Starting student_dim=13
2025-08-04 10:06:47,943 - INFO - Starting seed=0
2025-08-04 10:06:47,944 - INFO - A_teacher is 0.6540995836257935
2025-08-04 10:06:47,948 - INFO - Starting G&C
2025-08-04 10:06:52,575 - INFO - Finished G&C, time elapsed=4.627238750457764s
2025-08-04 10:06:52,576 - INFO - Finished seed=0
2025-08-04 10:06:52,576 - INFO - ----------------------------------------------------------------------------------------------------------------------------------------------
2025-08-04 10:06:52,576 - INFO - ----------------------------------------------------------------------------------------------------------------------------------------------
2025-08-04 10:06:52,576 - INFO - Finished student_dim=13
2025-08-04 10:06:52,576 - INFO - G&C avg gen_loss = 0.9389061722904444
2025-08-04 10:06:52,576 - INFO - ----------------------------------------------------------------------------------------------------------------------------------------------
2025-08-04 10:06:52,576 - INFO - Starting student_dim=14
2025-08-04 10:06:52,576 - INFO - Starting seed=0
2025-08-04 10:06:52,577 - INFO - A_teacher is 0.6540995836257935
2025-08-04 10:06:52,582 - INFO - Starting G&C
2025-08-04 10:06:58,229 - INFO - Finished G&C, time elapsed=5.64707088470459s
2025-08-04 10:06:58,229 - INFO - Finished seed=0
2025-08-04 10:06:58,230 - INFO - ----------------------------------------------------------------------------------------------------------------------------------------------
2025-08-04 10:06:58,230 - INFO - ----------------------------------------------------------------------------------------------------------------------------------------------
2025-08-04 10:06:58,230 - INFO - Finished student_dim=14
2025-08-04 10:06:58,230 - INFO - G&C avg gen_loss = 0.828381388116691
2025-08-04 10:06:58,230 - INFO - ----------------------------------------------------------------------------------------------------------------------------------------------
2025-08-04 10:06:58,230 - INFO - Starting student_dim=15
2025-08-04 10:06:58,230 - INFO - Starting seed=0
2025-08-04 10:06:58,231 - INFO - A_teacher is 0.6540995836257935
2025-08-04 10:06:58,237 - INFO - Starting G&C
2025-08-04 10:07:05,171 - INFO - Finished G&C, time elapsed=6.933469772338867s
2025-08-04 10:07:05,171 - INFO - Finished seed=0
2025-08-04 10:07:05,172 - INFO - ----------------------------------------------------------------------------------------------------------------------------------------------
2025-08-04 10:07:05,172 - INFO - ----------------------------------------------------------------------------------------------------------------------------------------------
2025-08-04 10:07:05,172 - INFO - Finished student_dim=15
2025-08-04 10:07:05,172 - INFO - G&C avg gen_loss = 1.158261201110016
2025-08-04 10:07:05,172 - INFO - ----------------------------------------------------------------------------------------------------------------------------------------------
2025-08-04 10:07:05,172 - INFO - Starting student_dim=16
2025-08-04 10:07:05,173 - INFO - Starting seed=0
2025-08-04 10:07:05,174 - INFO - A_teacher is 0.6540995836257935
2025-08-04 10:07:05,179 - INFO - Starting G&C
2025-08-04 10:07:10,275 - INFO - Finished G&C, time elapsed=5.096140146255493s
2025-08-04 10:07:10,275 - INFO - Finished seed=0
2025-08-04 10:07:10,276 - INFO - ----------------------------------------------------------------------------------------------------------------------------------------------
2025-08-04 10:07:10,276 - INFO - ----------------------------------------------------------------------------------------------------------------------------------------------
2025-08-04 10:07:10,276 - INFO - Finished student_dim=16
2025-08-04 10:07:10,277 - INFO - G&C avg gen_loss = 1.2100173860542045
2025-08-04 10:07:10,277 - INFO - ----------------------------------------------------------------------------------------------------------------------------------------------
2025-08-04 10:07:10,277 - INFO - Starting student_dim=17
2025-08-04 10:07:10,277 - INFO - Starting seed=0
2025-08-04 10:07:10,278 - INFO - A_teacher is 0.6540995836257935
2025-08-04 10:07:10,283 - INFO - Starting G&C
2025-08-04 10:07:15,265 - INFO - Finished G&C, time elapsed=4.982195854187012s
2025-08-04 10:07:15,265 - INFO - Finished seed=0
2025-08-04 10:07:15,265 - INFO - ----------------------------------------------------------------------------------------------------------------------------------------------
2025-08-04 10:07:15,265 - INFO - ----------------------------------------------------------------------------------------------------------------------------------------------
2025-08-04 10:07:15,265 - INFO - Finished student_dim=17
2025-08-04 10:07:15,266 - INFO - G&C avg gen_loss = 1.137404848062075
2025-08-04 10:07:15,266 - INFO - ----------------------------------------------------------------------------------------------------------------------------------------------
2025-08-04 10:07:15,266 - INFO - Starting student_dim=18
2025-08-04 10:07:15,266 - INFO - Starting seed=0
2025-08-04 10:07:15,267 - INFO - A_teacher is 0.6540995836257935
2025-08-04 10:07:15,272 - INFO - Starting G&C
2025-08-04 10:07:20,422 - INFO - Finished G&C, time elapsed=5.1503520011901855s
2025-08-04 10:07:20,422 - INFO - Finished seed=0
2025-08-04 10:07:20,423 - INFO - ----------------------------------------------------------------------------------------------------------------------------------------------
2025-08-04 10:07:20,423 - INFO - ----------------------------------------------------------------------------------------------------------------------------------------------
2025-08-04 10:07:20,423 - INFO - Finished student_dim=18
2025-08-04 10:07:20,423 - INFO - G&C avg gen_loss = 1.529935607000401
2025-08-04 10:07:20,423 - INFO - ----------------------------------------------------------------------------------------------------------------------------------------------
2025-08-04 10:07:20,423 - INFO - Starting student_dim=19
2025-08-04 10:07:20,423 - INFO - Starting seed=0
2025-08-04 10:07:20,424 - INFO - A_teacher is 0.6540995836257935
2025-08-04 10:07:20,430 - INFO - Starting G&C
2025-08-04 10:07:25,365 - INFO - Finished G&C, time elapsed=4.934231758117676s
2025-08-04 10:07:25,365 - INFO - Finished seed=0
2025-08-04 10:07:25,365 - INFO - ----------------------------------------------------------------------------------------------------------------------------------------------
2025-08-04 10:07:25,365 - INFO - ----------------------------------------------------------------------------------------------------------------------------------------------
2025-08-04 10:07:25,365 - INFO - Finished student_dim=19
2025-08-04 10:07:25,365 - INFO - G&C avg gen_loss = 1.250621533478206
2025-08-04 10:07:25,365 - INFO - ----------------------------------------------------------------------------------------------------------------------------------------------
2025-08-04 10:07:25,365 - INFO - Starting student_dim=20
2025-08-04 10:07:25,365 - INFO - Starting seed=0
2025-08-04 10:07:25,367 - INFO - A_teacher is 0.6540995836257935
2025-08-04 10:07:25,373 - INFO - Starting G&C
2025-08-04 10:07:30,256 - INFO - Finished G&C, time elapsed=4.883169889450073s
2025-08-04 10:07:30,257 - INFO - Finished seed=0
2025-08-04 10:07:30,257 - INFO - ----------------------------------------------------------------------------------------------------------------------------------------------
2025-08-04 10:07:30,257 - INFO - ----------------------------------------------------------------------------------------------------------------------------------------------
2025-08-04 10:07:30,257 - INFO - Finished student_dim=20
2025-08-04 10:07:30,257 - INFO - G&C avg gen_loss = 1.4672988636791706
2025-08-04 10:07:30,257 - INFO - ----------------------------------------------------------------------------------------------------------------------------------------------
2025-08-04 10:07:30,257 - INFO - Starting student_dim=21
2025-08-04 10:07:30,257 - INFO - Starting seed=0
2025-08-04 10:07:30,278 - INFO - A_teacher is 0.6540995836257935
2025-08-04 10:07:30,283 - INFO - Starting G&C
2025-08-04 10:07:34,794 - INFO - Finished G&C, time elapsed=4.510908842086792s
2025-08-04 10:07:34,794 - INFO - Finished seed=0
2025-08-04 10:07:34,794 - INFO - ----------------------------------------------------------------------------------------------------------------------------------------------
2025-08-04 10:07:34,794 - INFO - ----------------------------------------------------------------------------------------------------------------------------------------------
2025-08-04 10:07:34,794 - INFO - Finished student_dim=21
2025-08-04 10:07:34,794 - INFO - G&C avg gen_loss = 1.4461364817181859
2025-08-04 10:07:34,794 - INFO - ----------------------------------------------------------------------------------------------------------------------------------------------
2025-08-04 10:07:34,795 - INFO - Starting student_dim=22
2025-08-04 10:07:34,795 - INFO - Starting seed=0
2025-08-04 10:07:34,796 - INFO - A_teacher is 0.6540995836257935
2025-08-04 10:07:34,799 - INFO - Starting G&C
2025-08-04 10:07:39,784 - INFO - Finished G&C, time elapsed=4.985193967819214s
2025-08-04 10:07:39,785 - INFO - Finished seed=0
2025-08-04 10:07:39,785 - INFO - ----------------------------------------------------------------------------------------------------------------------------------------------
2025-08-04 10:07:39,785 - INFO - ----------------------------------------------------------------------------------------------------------------------------------------------
2025-08-04 10:07:39,785 - INFO - Finished student_dim=22
2025-08-04 10:07:39,785 - INFO - G&C avg gen_loss = 1.4142868951806482
2025-08-04 10:07:39,786 - INFO - ----------------------------------------------------------------------------------------------------------------------------------------------
2025-08-04 10:07:39,786 - INFO - Starting student_dim=23
2025-08-04 10:07:39,786 - INFO - Starting seed=0
2025-08-04 10:07:39,787 - INFO - A_teacher is 0.6540995836257935
2025-08-04 10:07:39,793 - INFO - Starting G&C
2025-08-04 10:07:45,161 - INFO - Finished G&C, time elapsed=5.367635011672974s
2025-08-04 10:07:45,161 - INFO - Finished seed=0
2025-08-04 10:07:45,162 - INFO - ----------------------------------------------------------------------------------------------------------------------------------------------
2025-08-04 10:07:45,162 - INFO - ----------------------------------------------------------------------------------------------------------------------------------------------
2025-08-04 10:07:45,162 - INFO - Finished student_dim=23
2025-08-04 10:07:45,162 - INFO - G&C avg gen_loss = 1.6088793496559333
2025-08-04 10:07:45,162 - INFO - ----------------------------------------------------------------------------------------------------------------------------------------------
2025-08-04 10:07:45,162 - INFO - Starting student_dim=24
2025-08-04 10:07:45,162 - INFO - Starting seed=0
2025-08-04 10:07:45,163 - INFO - A_teacher is 0.6540995836257935
2025-08-04 10:07:45,169 - INFO - Starting G&C
2025-08-04 10:07:50,410 - INFO - Finished G&C, time elapsed=5.240866184234619s
2025-08-04 10:07:50,411 - INFO - Finished seed=0
2025-08-04 10:07:50,411 - INFO - ----------------------------------------------------------------------------------------------------------------------------------------------
2025-08-04 10:07:50,411 - INFO - ----------------------------------------------------------------------------------------------------------------------------------------------
2025-08-04 10:07:50,411 - INFO - Finished student_dim=24
2025-08-04 10:07:50,411 - INFO - G&C avg gen_loss = 1.8835507728159429
2025-08-04 10:07:50,411 - INFO - ----------------------------------------------------------------------------------------------------------------------------------------------
2025-08-04 10:07:50,411 - INFO - Starting student_dim=25
2025-08-04 10:07:50,411 - INFO - Starting seed=0
2025-08-04 10:07:50,412 - INFO - A_teacher is 0.6540995836257935
2025-08-04 10:07:50,417 - INFO - Starting G&C
2025-08-04 10:07:55,695 - INFO - Finished G&C, time elapsed=5.2777369022369385s
2025-08-04 10:07:55,695 - INFO - Finished seed=0
2025-08-04 10:07:55,695 - INFO - ----------------------------------------------------------------------------------------------------------------------------------------------
2025-08-04 10:07:55,695 - INFO - ----------------------------------------------------------------------------------------------------------------------------------------------
2025-08-04 10:07:55,695 - INFO - Finished student_dim=25
2025-08-04 10:07:55,696 - INFO - G&C avg gen_loss = 1.724811608393987
2025-08-04 10:07:55,696 - INFO - ----------------------------------------------------------------------------------------------------------------------------------------------
2025-08-04 10:07:55,696 - INFO - Starting student_dim=26
2025-08-04 10:07:55,696 - INFO - Starting seed=0
2025-08-04 10:07:55,697 - INFO - A_teacher is 0.6540995836257935
2025-08-04 10:07:55,701 - INFO - Starting G&C
2025-08-04 10:08:01,122 - INFO - Finished G&C, time elapsed=5.420592308044434s
2025-08-04 10:08:01,122 - INFO - Finished seed=0
2025-08-04 10:08:01,123 - INFO - ----------------------------------------------------------------------------------------------------------------------------------------------
2025-08-04 10:08:01,123 - INFO - ----------------------------------------------------------------------------------------------------------------------------------------------
2025-08-04 10:08:01,123 - INFO - Finished student_dim=26
2025-08-04 10:08:01,123 - INFO - G&C avg gen_loss = 1.866409420585021
2025-08-04 10:08:01,123 - INFO - ----------------------------------------------------------------------------------------------------------------------------------------------
2025-08-04 10:08:01,123 - INFO - Starting student_dim=27
2025-08-04 10:08:01,123 - INFO - Starting seed=0
2025-08-04 10:08:01,124 - INFO - A_teacher is 0.6540995836257935
2025-08-04 10:08:01,129 - INFO - Starting G&C
