2025-08-05 09:37:17,914 - INFO - Using device mps.
2025-08-05 09:37:17,914 - INFO - Args: Namespace(num_seeds=1, num_measurements=1, input_e1=True, sequence_length=5, teacher_ranks=[1], student_dims=[10, 11, 12, 13, 14, 15, 16, 17, 18, 19, 20, 21, 22, 23, 24, 25, 26, 27, 28, 29, 30, 31, 32, 33, 34, 35, 36, 37, 38, 39], calc_loss_only_on_last_output=True, eps_train=5e-16, gnc=True, gnc_num_samples=1000000000, gnc_batch_size=10000000, gd=False, gd_lr=0.001, gd_epochs=1000000, gd_init_scale=0.01, gd_optimizer='adam', config=None, results_dir=PosixPath('results'), figures_dir=PosixPath('figures'), log_dir=PosixPath('logs'))
2025-08-05 09:37:17,925 - INFO - Starting teacher_rank=1
2025-08-05 09:37:17,925 - INFO - Starting student_dim=10
2025-08-05 09:37:17,925 - INFO - Starting seed=0
2025-08-05 09:37:17,932 - INFO - A_teacher is 0.4040272831916809
2025-08-05 09:37:17,966 - INFO - Starting G&C
2025-08-05 09:39:30,925 - INFO - Finished G&C, time elapsed=132.95642113685608s
2025-08-05 09:39:30,930 - INFO - Finished seed=0
2025-08-05 09:39:30,934 - INFO - ----------------------------------------------------------------------------------------------------------------------------------------------
2025-08-05 09:39:30,934 - INFO - ----------------------------------------------------------------------------------------------------------------------------------------------
2025-08-05 09:39:30,934 - INFO - Finished student_dim=10
2025-08-05 09:39:30,941 - INFO - G&C avg gen_loss = 0.7488567569646342
2025-08-05 09:39:30,941 - INFO - ----------------------------------------------------------------------------------------------------------------------------------------------
2025-08-05 09:39:30,942 - INFO - Starting student_dim=11
2025-08-05 09:39:30,944 - INFO - Starting seed=0
2025-08-05 09:39:30,949 - INFO - A_teacher is 0.6540995836257935
2025-08-05 09:39:30,969 - INFO - Starting G&C
2025-08-05 09:41:49,462 - INFO - Finished G&C, time elapsed=138.4911298751831s
2025-08-05 09:41:49,463 - INFO - Finished seed=0
2025-08-05 09:41:49,465 - INFO - ----------------------------------------------------------------------------------------------------------------------------------------------
2025-08-05 09:41:49,465 - INFO - ----------------------------------------------------------------------------------------------------------------------------------------------
2025-08-05 09:41:49,465 - INFO - Finished student_dim=11
2025-08-05 09:41:49,468 - INFO - G&C avg gen_loss = 1.4394111910627947
2025-08-05 09:41:49,468 - INFO - ----------------------------------------------------------------------------------------------------------------------------------------------
2025-08-05 09:41:49,469 - INFO - Starting student_dim=12
2025-08-05 09:41:49,470 - INFO - Starting seed=0
2025-08-05 09:41:49,477 - INFO - A_teacher is 0.6540995836257935
2025-08-05 09:41:49,487 - INFO - Starting G&C
2025-08-05 09:44:20,520 - INFO - Finished G&C, time elapsed=151.0308859348297s
2025-08-05 09:44:20,523 - INFO - Finished seed=0
2025-08-05 09:44:20,526 - INFO - ----------------------------------------------------------------------------------------------------------------------------------------------
2025-08-05 09:44:20,526 - INFO - ----------------------------------------------------------------------------------------------------------------------------------------------
2025-08-05 09:44:20,526 - INFO - Finished student_dim=12
2025-08-05 09:44:20,532 - INFO - G&C avg gen_loss = 1.8522527952763168
2025-08-05 09:44:20,533 - INFO - ----------------------------------------------------------------------------------------------------------------------------------------------
2025-08-05 09:44:20,533 - INFO - Starting student_dim=13
2025-08-05 09:44:20,534 - INFO - Starting seed=0
2025-08-05 09:44:20,542 - INFO - A_teacher is 0.6540995836257935
2025-08-05 09:44:20,562 - INFO - Starting G&C
2025-08-05 09:46:46,658 - INFO - Finished G&C, time elapsed=146.09323287010193s
2025-08-05 09:46:46,662 - INFO - Finished seed=0
2025-08-05 09:46:46,666 - INFO - ----------------------------------------------------------------------------------------------------------------------------------------------
2025-08-05 09:46:46,666 - INFO - ----------------------------------------------------------------------------------------------------------------------------------------------
2025-08-05 09:46:46,666 - INFO - Finished student_dim=13
2025-08-05 09:46:46,669 - INFO - G&C avg gen_loss = 2.153823766708374
2025-08-05 09:46:46,669 - INFO - ----------------------------------------------------------------------------------------------------------------------------------------------
2025-08-05 09:46:46,670 - INFO - Starting student_dim=14
2025-08-05 09:46:46,672 - INFO - Starting seed=0
2025-08-05 09:46:46,681 - INFO - A_teacher is 0.6540995836257935
2025-08-05 09:46:46,704 - INFO - Starting G&C
2025-08-05 09:49:08,760 - INFO - Finished G&C, time elapsed=142.05485606193542s
2025-08-05 09:49:08,762 - INFO - Finished seed=0
2025-08-05 09:49:08,764 - INFO - ----------------------------------------------------------------------------------------------------------------------------------------------
2025-08-05 09:49:08,765 - INFO - ----------------------------------------------------------------------------------------------------------------------------------------------
2025-08-05 09:49:08,765 - INFO - Finished student_dim=14
2025-08-05 09:49:08,767 - INFO - G&C avg gen_loss = 1.565383144115147
2025-08-05 09:49:08,767 - INFO - ----------------------------------------------------------------------------------------------------------------------------------------------
2025-08-05 09:49:08,768 - INFO - Starting student_dim=15
2025-08-05 09:49:08,769 - INFO - Starting seed=0
2025-08-05 09:49:08,775 - INFO - A_teacher is 0.6540995836257935
2025-08-05 09:49:08,793 - INFO - Starting G&C
2025-08-05 09:51:30,259 - INFO - Finished G&C, time elapsed=141.46372985839844s
2025-08-05 09:51:30,260 - INFO - Finished seed=0
2025-08-05 09:51:30,263 - INFO - ----------------------------------------------------------------------------------------------------------------------------------------------
2025-08-05 09:51:30,263 - INFO - ----------------------------------------------------------------------------------------------------------------------------------------------
2025-08-05 09:51:30,263 - INFO - Finished student_dim=15
2025-08-05 09:51:30,266 - INFO - G&C avg gen_loss = 2.263796128075698
2025-08-05 09:51:30,266 - INFO - ----------------------------------------------------------------------------------------------------------------------------------------------
2025-08-05 09:51:30,266 - INFO - Starting student_dim=16
2025-08-05 09:51:30,268 - INFO - Starting seed=0
2025-08-05 09:51:30,274 - INFO - A_teacher is 0.6540995836257935
2025-08-05 09:51:30,297 - INFO - Starting G&C
2025-08-05 09:53:53,592 - INFO - Finished G&C, time elapsed=143.29405212402344s
2025-08-05 09:53:53,594 - INFO - Finished seed=0
2025-08-05 09:53:53,602 - INFO - ----------------------------------------------------------------------------------------------------------------------------------------------
2025-08-05 09:53:53,602 - INFO - ----------------------------------------------------------------------------------------------------------------------------------------------
2025-08-05 09:53:53,602 - INFO - Finished student_dim=16
2025-08-05 09:53:53,605 - INFO - G&C avg gen_loss = 2.0005039498209953
2025-08-05 09:53:53,605 - INFO - ----------------------------------------------------------------------------------------------------------------------------------------------
2025-08-05 09:53:53,605 - INFO - Starting student_dim=17
2025-08-05 09:53:53,606 - INFO - Starting seed=0
2025-08-05 09:53:53,613 - INFO - A_teacher is 0.6540995836257935
2025-08-05 09:53:53,637 - INFO - Starting G&C
2025-08-05 09:56:28,657 - INFO - Finished G&C, time elapsed=155.01849508285522s
2025-08-05 09:56:28,660 - INFO - Finished seed=0
2025-08-05 09:56:28,662 - INFO - ----------------------------------------------------------------------------------------------------------------------------------------------
2025-08-05 09:56:28,663 - INFO - ----------------------------------------------------------------------------------------------------------------------------------------------
2025-08-05 09:56:28,663 - INFO - Finished student_dim=17
2025-08-05 09:56:28,665 - INFO - G&C avg gen_loss = 2.641704314825486
2025-08-05 09:56:28,665 - INFO - ----------------------------------------------------------------------------------------------------------------------------------------------
2025-08-05 09:56:28,665 - INFO - Starting student_dim=18
2025-08-05 09:56:28,666 - INFO - Starting seed=0
2025-08-05 09:56:28,672 - INFO - A_teacher is 0.6540995836257935
2025-08-05 09:56:28,691 - INFO - Starting G&C
2025-08-05 09:59:04,080 - INFO - Finished G&C, time elapsed=155.38808417320251s
2025-08-05 09:59:04,083 - INFO - Finished seed=0
2025-08-05 09:59:04,085 - INFO - ----------------------------------------------------------------------------------------------------------------------------------------------
2025-08-05 09:59:04,085 - INFO - ----------------------------------------------------------------------------------------------------------------------------------------------
2025-08-05 09:59:04,085 - INFO - Finished student_dim=18
2025-08-05 09:59:04,088 - INFO - G&C avg gen_loss = 2.877501283751594
2025-08-05 09:59:04,088 - INFO - ----------------------------------------------------------------------------------------------------------------------------------------------
2025-08-05 09:59:04,088 - INFO - Starting student_dim=19
2025-08-05 09:59:04,089 - INFO - Starting seed=0
2025-08-05 09:59:04,096 - INFO - A_teacher is 0.6540995836257935
2025-08-05 09:59:04,117 - INFO - Starting G&C
2025-08-05 10:01:33,065 - INFO - Finished G&C, time elapsed=148.94666028022766s
2025-08-05 10:01:33,067 - INFO - Finished seed=0
2025-08-05 10:01:33,069 - INFO - ----------------------------------------------------------------------------------------------------------------------------------------------
2025-08-05 10:01:33,069 - INFO - ----------------------------------------------------------------------------------------------------------------------------------------------
2025-08-05 10:01:33,069 - INFO - Finished student_dim=19
2025-08-05 10:01:33,071 - INFO - G&C avg gen_loss = 1.9225954090555508
2025-08-05 10:01:33,071 - INFO - ----------------------------------------------------------------------------------------------------------------------------------------------
2025-08-05 10:01:33,071 - INFO - Starting student_dim=20
2025-08-05 10:01:33,072 - INFO - Starting seed=0
2025-08-05 10:01:33,080 - INFO - A_teacher is 0.6540995836257935
2025-08-05 10:01:33,103 - INFO - Starting G&C
2025-08-05 10:04:06,161 - INFO - Finished G&C, time elapsed=153.05711007118225s
2025-08-05 10:04:06,164 - INFO - Finished seed=0
2025-08-05 10:04:06,166 - INFO - ----------------------------------------------------------------------------------------------------------------------------------------------
2025-08-05 10:04:06,166 - INFO - ----------------------------------------------------------------------------------------------------------------------------------------------
2025-08-05 10:04:06,166 - INFO - Finished student_dim=20
2025-08-05 10:04:06,168 - INFO - G&C avg gen_loss = 1.7051457374725703
2025-08-05 10:04:06,168 - INFO - ----------------------------------------------------------------------------------------------------------------------------------------------
2025-08-05 10:04:06,169 - INFO - Starting student_dim=21
2025-08-05 10:04:06,170 - INFO - Starting seed=0
2025-08-05 10:04:06,177 - INFO - A_teacher is 0.6540995836257935
2025-08-05 10:04:06,195 - INFO - Starting G&C
2025-08-05 10:06:40,242 - INFO - Finished G&C, time elapsed=154.0439920425415s
2025-08-05 10:06:40,245 - INFO - Finished seed=0
2025-08-05 10:06:40,248 - INFO - ----------------------------------------------------------------------------------------------------------------------------------------------
2025-08-05 10:06:40,248 - INFO - ----------------------------------------------------------------------------------------------------------------------------------------------
2025-08-05 10:06:40,248 - INFO - Finished student_dim=21
2025-08-05 10:06:40,252 - INFO - G&C avg gen_loss = 2.7715981006622314
2025-08-05 10:06:40,252 - INFO - ----------------------------------------------------------------------------------------------------------------------------------------------
2025-08-05 10:06:40,253 - INFO - Starting student_dim=22
2025-08-05 10:06:40,254 - INFO - Starting seed=0
2025-08-05 10:06:40,260 - INFO - A_teacher is 0.6540995836257935
2025-08-05 10:06:40,282 - INFO - Starting G&C
2025-08-05 10:09:10,769 - INFO - Finished G&C, time elapsed=150.48528504371643s
2025-08-05 10:09:10,771 - INFO - Finished seed=0
2025-08-05 10:09:10,778 - INFO - ----------------------------------------------------------------------------------------------------------------------------------------------
2025-08-05 10:09:10,779 - INFO - ----------------------------------------------------------------------------------------------------------------------------------------------
2025-08-05 10:09:10,779 - INFO - Finished student_dim=22
2025-08-05 10:09:10,782 - INFO - G&C avg gen_loss = 1.8995819636961309
2025-08-05 10:09:10,782 - INFO - ----------------------------------------------------------------------------------------------------------------------------------------------
2025-08-05 10:09:10,782 - INFO - Starting student_dim=23
2025-08-05 10:09:10,783 - INFO - Starting seed=0
2025-08-05 10:09:10,788 - INFO - A_teacher is 0.6540995836257935
2025-08-05 10:09:10,806 - INFO - Starting G&C
2025-08-05 10:17:11,036 - INFO - Finished G&C, time elapsed=480.2288599014282s
2025-08-05 10:17:11,039 - INFO - Finished seed=0
2025-08-05 10:17:11,041 - INFO - ----------------------------------------------------------------------------------------------------------------------------------------------
2025-08-05 10:17:11,041 - INFO - ----------------------------------------------------------------------------------------------------------------------------------------------
2025-08-05 10:17:11,041 - INFO - Finished student_dim=23
2025-08-05 10:17:11,044 - INFO - G&C avg gen_loss = 3.1711330439363206
2025-08-05 10:17:11,044 - INFO - ----------------------------------------------------------------------------------------------------------------------------------------------
2025-08-05 10:17:11,044 - INFO - Starting student_dim=24
2025-08-05 10:17:11,045 - INFO - Starting seed=0
2025-08-05 10:17:11,052 - INFO - A_teacher is 0.6540995836257935
2025-08-05 10:17:11,077 - INFO - Starting G&C
2025-08-05 10:20:05,513 - INFO - Finished G&C, time elapsed=174.43457221984863s
2025-08-05 10:20:05,516 - INFO - Finished seed=0
2025-08-05 10:20:05,518 - INFO - ----------------------------------------------------------------------------------------------------------------------------------------------
2025-08-05 10:20:05,519 - INFO - ----------------------------------------------------------------------------------------------------------------------------------------------
2025-08-05 10:20:05,519 - INFO - Finished student_dim=24
2025-08-05 10:20:05,528 - INFO - G&C avg gen_loss = 2.5864281562658458
2025-08-05 10:20:05,529 - INFO - ----------------------------------------------------------------------------------------------------------------------------------------------
2025-08-05 10:20:05,531 - INFO - Starting student_dim=25
2025-08-05 10:20:05,534 - INFO - Starting seed=0
2025-08-05 10:20:05,541 - INFO - A_teacher is 0.6540995836257935
2025-08-05 10:20:05,577 - INFO - Starting G&C
2025-08-05 10:22:40,514 - INFO - Finished G&C, time elapsed=154.93505311012268s
2025-08-05 10:22:40,515 - INFO - Finished seed=0
2025-08-05 10:22:40,518 - INFO - ----------------------------------------------------------------------------------------------------------------------------------------------
2025-08-05 10:22:40,518 - INFO - ----------------------------------------------------------------------------------------------------------------------------------------------
2025-08-05 10:22:40,518 - INFO - Finished student_dim=25
2025-08-05 10:22:40,522 - INFO - G&C avg gen_loss = 2.541038438677788
2025-08-05 10:22:40,522 - INFO - ----------------------------------------------------------------------------------------------------------------------------------------------
2025-08-05 10:22:40,523 - INFO - Starting student_dim=26
2025-08-05 10:22:40,525 - INFO - Starting seed=0
2025-08-05 10:22:40,532 - INFO - A_teacher is 0.6540995836257935
2025-08-05 10:22:40,560 - INFO - Starting G&C
2025-08-05 10:25:20,499 - INFO - Finished G&C, time elapsed=159.93502473831177s
2025-08-05 10:25:20,501 - INFO - Finished seed=0
2025-08-05 10:25:20,503 - INFO - ----------------------------------------------------------------------------------------------------------------------------------------------
2025-08-05 10:25:20,503 - INFO - ----------------------------------------------------------------------------------------------------------------------------------------------
2025-08-05 10:25:20,503 - INFO - Finished student_dim=26
2025-08-05 10:25:20,507 - INFO - G&C avg gen_loss = 2.9719801438160434
2025-08-05 10:25:20,507 - INFO - ----------------------------------------------------------------------------------------------------------------------------------------------
2025-08-05 10:25:20,507 - INFO - Starting student_dim=27
2025-08-05 10:25:20,508 - INFO - Starting seed=0
2025-08-05 10:25:20,517 - INFO - A_teacher is 0.6540995836257935
2025-08-05 10:25:20,547 - INFO - Starting G&C
2025-08-05 10:27:52,290 - INFO - Finished G&C, time elapsed=151.74147605895996s
2025-08-05 10:27:52,291 - INFO - Finished seed=0
2025-08-05 10:27:52,294 - INFO - ----------------------------------------------------------------------------------------------------------------------------------------------
2025-08-05 10:27:52,294 - INFO - ----------------------------------------------------------------------------------------------------------------------------------------------
2025-08-05 10:27:52,294 - INFO - Finished student_dim=27
2025-08-05 10:27:52,297 - INFO - G&C avg gen_loss = 3.3253529362189465
2025-08-05 10:27:52,297 - INFO - ----------------------------------------------------------------------------------------------------------------------------------------------
2025-08-05 10:27:52,298 - INFO - Starting student_dim=28
2025-08-05 10:27:52,299 - INFO - Starting seed=0
2025-08-05 10:27:52,306 - INFO - A_teacher is 0.6540995836257935
2025-08-05 10:27:52,340 - INFO - Starting G&C
2025-08-05 10:51:49,120 - INFO - Finished G&C, time elapsed=1436.7786481380463s
2025-08-05 10:51:49,124 - INFO - Finished seed=0
2025-08-05 10:51:49,126 - INFO - ----------------------------------------------------------------------------------------------------------------------------------------------
2025-08-05 10:51:49,126 - INFO - ----------------------------------------------------------------------------------------------------------------------------------------------
2025-08-05 10:51:49,126 - INFO - Finished student_dim=28
2025-08-05 10:51:49,131 - INFO - G&C avg gen_loss = 2.166669764395418
2025-08-05 10:51:49,131 - INFO - ----------------------------------------------------------------------------------------------------------------------------------------------
2025-08-05 10:51:49,132 - INFO - Starting student_dim=29
2025-08-05 10:51:49,134 - INFO - Starting seed=0
2025-08-05 10:51:49,142 - INFO - A_teacher is 0.6540995836257935
2025-08-05 10:51:49,200 - INFO - Starting G&C
2025-08-05 10:54:20,708 - INFO - Finished G&C, time elapsed=151.507239818573s
2025-08-05 10:54:20,711 - INFO - Finished seed=0
2025-08-05 10:54:20,714 - INFO - ----------------------------------------------------------------------------------------------------------------------------------------------
2025-08-05 10:54:20,714 - INFO - ----------------------------------------------------------------------------------------------------------------------------------------------
2025-08-05 10:54:20,714 - INFO - Finished student_dim=29
2025-08-05 10:54:20,717 - INFO - G&C avg gen_loss = 2.100728142720002
2025-08-05 10:54:20,717 - INFO - ----------------------------------------------------------------------------------------------------------------------------------------------
2025-08-05 10:54:20,718 - INFO - Starting student_dim=30
2025-08-05 10:54:20,719 - INFO - Starting seed=0
2025-08-05 10:54:20,725 - INFO - A_teacher is 0.6540995836257935
2025-08-05 10:54:20,752 - INFO - Starting G&C
2025-08-05 10:56:52,473 - INFO - Finished G&C, time elapsed=151.71904301643372s
2025-08-05 10:56:52,475 - INFO - Finished seed=0
2025-08-05 10:56:52,479 - INFO - ----------------------------------------------------------------------------------------------------------------------------------------------
2025-08-05 10:56:52,479 - INFO - ----------------------------------------------------------------------------------------------------------------------------------------------
2025-08-05 10:56:52,479 - INFO - Finished student_dim=30
2025-08-05 10:56:52,483 - INFO - G&C avg gen_loss = 2.2322589779893556
2025-08-05 10:56:52,483 - INFO - ----------------------------------------------------------------------------------------------------------------------------------------------
2025-08-05 10:56:52,484 - INFO - Starting student_dim=31
2025-08-05 10:56:52,487 - INFO - Starting seed=0
2025-08-05 10:56:52,495 - INFO - A_teacher is 0.6540995836257935
2025-08-05 10:56:52,532 - INFO - Starting G&C
2025-08-05 10:59:24,082 - INFO - Finished G&C, time elapsed=151.54789423942566s
2025-08-05 10:59:24,085 - INFO - Finished seed=0
2025-08-05 10:59:24,088 - INFO - ----------------------------------------------------------------------------------------------------------------------------------------------
2025-08-05 10:59:24,088 - INFO - ----------------------------------------------------------------------------------------------------------------------------------------------
2025-08-05 10:59:24,088 - INFO - Finished student_dim=31
2025-08-05 10:59:24,091 - INFO - G&C avg gen_loss = 2.732823650042216
2025-08-05 10:59:24,091 - INFO - ----------------------------------------------------------------------------------------------------------------------------------------------
2025-08-05 10:59:24,091 - INFO - Starting student_dim=32
2025-08-05 10:59:24,093 - INFO - Starting seed=0
2025-08-05 10:59:24,101 - INFO - A_teacher is 0.6540995836257935
2025-08-05 10:59:24,140 - INFO - Starting G&C
2025-08-05 11:01:50,884 - INFO - Finished G&C, time elapsed=146.74281072616577s
2025-08-05 11:01:50,886 - INFO - Finished seed=0
2025-08-05 11:01:50,890 - INFO - ----------------------------------------------------------------------------------------------------------------------------------------------
2025-08-05 11:01:50,890 - INFO - ----------------------------------------------------------------------------------------------------------------------------------------------
2025-08-05 11:01:50,890 - INFO - Finished student_dim=32
2025-08-05 11:01:50,893 - INFO - G&C avg gen_loss = 3.32078236579895
2025-08-05 11:01:50,894 - INFO - ----------------------------------------------------------------------------------------------------------------------------------------------
2025-08-05 11:01:50,894 - INFO - Starting student_dim=33
2025-08-05 11:01:50,895 - INFO - Starting seed=0
2025-08-05 11:01:50,902 - INFO - A_teacher is 0.6540995836257935
2025-08-05 11:01:50,933 - INFO - Starting G&C
2025-08-05 11:05:02,795 - INFO - Finished G&C, time elapsed=191.8600778579712s
2025-08-05 11:05:02,799 - INFO - Finished seed=0
2025-08-05 11:05:02,807 - INFO - ----------------------------------------------------------------------------------------------------------------------------------------------
2025-08-05 11:05:02,807 - INFO - ----------------------------------------------------------------------------------------------------------------------------------------------
2025-08-05 11:05:02,807 - INFO - Finished student_dim=33
2025-08-05 11:05:02,809 - INFO - G&C avg gen_loss = 2.9726360931115994
2025-08-05 11:05:02,809 - INFO - ----------------------------------------------------------------------------------------------------------------------------------------------
2025-08-05 11:05:02,809 - INFO - Starting student_dim=34
2025-08-05 11:05:02,810 - INFO - Starting seed=0
2025-08-05 11:05:02,817 - INFO - A_teacher is 0.6540995836257935
2025-08-05 11:05:02,854 - INFO - Starting G&C
2025-08-05 11:07:35,120 - INFO - Finished G&C, time elapsed=152.2631459236145s
2025-08-05 11:07:35,123 - INFO - Finished seed=0
2025-08-05 11:07:35,125 - INFO - ----------------------------------------------------------------------------------------------------------------------------------------------
2025-08-05 11:07:35,125 - INFO - ----------------------------------------------------------------------------------------------------------------------------------------------
2025-08-05 11:07:35,125 - INFO - Finished student_dim=34
2025-08-05 11:07:35,128 - INFO - G&C avg gen_loss = 4.781967401504517
2025-08-05 11:07:35,128 - INFO - ----------------------------------------------------------------------------------------------------------------------------------------------
2025-08-05 11:07:35,128 - INFO - Starting student_dim=35
2025-08-05 11:07:35,130 - INFO - Starting seed=0
2025-08-05 11:07:35,137 - INFO - A_teacher is 0.6540995836257935
2025-08-05 11:07:35,173 - INFO - Starting G&C
2025-08-05 11:10:08,472 - INFO - Finished G&C, time elapsed=153.29681181907654s
2025-08-05 11:10:08,474 - INFO - Finished seed=0
2025-08-05 11:10:08,475 - INFO - ----------------------------------------------------------------------------------------------------------------------------------------------
2025-08-05 11:10:08,475 - INFO - ----------------------------------------------------------------------------------------------------------------------------------------------
2025-08-05 11:10:08,475 - INFO - Finished student_dim=35
2025-08-05 11:10:08,479 - INFO - G&C avg gen_loss = 3.075969026369207
2025-08-05 11:10:08,479 - INFO - ----------------------------------------------------------------------------------------------------------------------------------------------
2025-08-05 11:10:08,479 - INFO - Starting student_dim=36
2025-08-05 11:10:08,480 - INFO - Starting seed=0
2025-08-05 11:10:08,486 - INFO - A_teacher is 0.6540995836257935
2025-08-05 11:10:08,514 - INFO - Starting G&C
2025-08-05 11:12:40,103 - INFO - Finished G&C, time elapsed=151.5864908695221s
2025-08-05 11:12:40,104 - INFO - Finished seed=0
2025-08-05 11:12:40,107 - INFO - ----------------------------------------------------------------------------------------------------------------------------------------------
2025-08-05 11:12:40,107 - INFO - ----------------------------------------------------------------------------------------------------------------------------------------------
2025-08-05 11:12:40,107 - INFO - Finished student_dim=36
2025-08-05 11:12:40,111 - INFO - G&C avg gen_loss = 3.618242859840393
2025-08-05 11:12:40,111 - INFO - ----------------------------------------------------------------------------------------------------------------------------------------------
2025-08-05 11:12:40,111 - INFO - Starting student_dim=37
2025-08-05 11:12:40,112 - INFO - Starting seed=0
2025-08-05 11:12:40,119 - INFO - A_teacher is 0.6540995836257935
2025-08-05 11:12:40,161 - INFO - Starting G&C
2025-08-05 11:15:14,743 - INFO - Finished G&C, time elapsed=154.57954716682434s
2025-08-05 11:15:14,745 - INFO - Finished seed=0
2025-08-05 11:15:14,747 - INFO - ----------------------------------------------------------------------------------------------------------------------------------------------
2025-08-05 11:15:14,747 - INFO - ----------------------------------------------------------------------------------------------------------------------------------------------
2025-08-05 11:15:14,747 - INFO - Finished student_dim=37
2025-08-05 11:15:14,751 - INFO - G&C avg gen_loss = 2.9561017751693726
2025-08-05 11:15:14,751 - INFO - ----------------------------------------------------------------------------------------------------------------------------------------------
2025-08-05 11:15:14,752 - INFO - Starting student_dim=38
2025-08-05 11:15:14,753 - INFO - Starting seed=0
2025-08-05 11:15:14,760 - INFO - A_teacher is 0.6540995836257935
2025-08-05 11:15:14,783 - INFO - Starting G&C
2025-08-05 11:17:53,394 - INFO - Finished G&C, time elapsed=158.6096110343933s
2025-08-05 11:17:53,396 - INFO - Finished seed=0
2025-08-05 11:17:53,398 - INFO - ----------------------------------------------------------------------------------------------------------------------------------------------
2025-08-05 11:17:53,398 - INFO - ----------------------------------------------------------------------------------------------------------------------------------------------
2025-08-05 11:17:53,398 - INFO - Finished student_dim=38
2025-08-05 11:17:53,402 - INFO - G&C avg gen_loss = 3.060453601181507
2025-08-05 11:17:53,402 - INFO - ----------------------------------------------------------------------------------------------------------------------------------------------
2025-08-05 11:17:53,403 - INFO - Starting student_dim=39
2025-08-05 11:17:53,404 - INFO - Starting seed=0
2025-08-05 11:17:53,411 - INFO - A_teacher is 0.6540995836257935
2025-08-05 11:17:53,452 - INFO - Starting G&C
2025-08-05 11:20:39,504 - INFO - Finished G&C, time elapsed=166.04996705055237s
2025-08-05 11:20:39,505 - INFO - Finished seed=0
2025-08-05 11:20:39,508 - INFO - ----------------------------------------------------------------------------------------------------------------------------------------------
2025-08-05 11:20:39,508 - INFO - ----------------------------------------------------------------------------------------------------------------------------------------------
2025-08-05 11:20:39,508 - INFO - Finished student_dim=39
2025-08-05 11:20:39,512 - INFO - G&C avg gen_loss = 2.0598734319210052
2025-08-05 11:20:39,512 - INFO - ----------------------------------------------------------------------------------------------------------------------------------------------
2025-08-05 11:20:40,041 - INFO - Finished experiments, results saved to results_gnc_seq_len=5_num_measurements=1_input_e1=True_time=20250805-112039.csv, figures saved to plot_gnc_seq_len=5_num_measurements=1_input_e1=True_time=20250805-112039
