2025-08-04 10:38:47,520 - INFO - Using device mps.
2025-08-04 10:38:47,520 - INFO - Args: Namespace(num_seeds=1, num_measurements=1, input_e1=True, sequence_length=6, teacher_ranks=[1], student_dims=[5, 6, 7, 8, 9, 10, 11, 12, 13, 14, 15, 16, 17, 18, 19, 20, 21, 22, 23, 24, 25, 26, 27, 28, 29], calc_loss_only_on_last_output=True, eps_train=1e-12, gnc=True, gnc_num_samples=100000000, gnc_batch_size=1000000, gd=False, gd_lr=0.01, gd_epochs=100000, gd_init_scale=0.01, gd_optimizer='adam', config=None, results_dir=PosixPath('results'), figures_dir=PosixPath('figures'), log_dir=PosixPath('logs'))
2025-08-04 10:38:47,529 - INFO - Starting teacher_rank=1
2025-08-04 10:38:47,529 - INFO - Starting student_dim=5
2025-08-04 10:38:47,529 - INFO - Starting seed=0
2025-08-04 10:38:47,534 - INFO - A_teacher is 0.4750654101371765
2025-08-04 10:38:47,556 - INFO - Starting G&C
2025-08-04 10:38:51,836 - INFO - Finished G&C, time elapsed=4.280452013015747s
2025-08-04 10:38:51,837 - INFO - Finished seed=0
2025-08-04 10:38:51,837 - INFO - ----------------------------------------------------------------------------------------------------------------------------------------------
2025-08-04 10:38:51,837 - INFO - ----------------------------------------------------------------------------------------------------------------------------------------------
2025-08-04 10:38:51,837 - INFO - Finished student_dim=5
2025-08-04 10:38:51,837 - INFO - G&C avg gen_loss = 0.409029998857519
2025-08-04 10:38:51,837 - INFO - ----------------------------------------------------------------------------------------------------------------------------------------------
2025-08-04 10:38:51,837 - INFO - Starting student_dim=6
2025-08-04 10:38:51,837 - INFO - Starting seed=0
2025-08-04 10:38:51,838 - INFO - A_teacher is 0.6540995836257935
2025-08-04 10:38:51,841 - INFO - Starting G&C
2025-08-04 10:38:56,163 - INFO - Finished G&C, time elapsed=4.321525812149048s
2025-08-04 10:38:56,163 - INFO - Finished seed=0
2025-08-04 10:38:56,163 - INFO - ----------------------------------------------------------------------------------------------------------------------------------------------
2025-08-04 10:38:56,163 - INFO - ----------------------------------------------------------------------------------------------------------------------------------------------
2025-08-04 10:38:56,163 - INFO - Finished student_dim=6
2025-08-04 10:38:56,163 - INFO - G&C avg gen_loss = 0.7755222206738726
2025-08-04 10:38:56,163 - INFO - ----------------------------------------------------------------------------------------------------------------------------------------------
2025-08-04 10:38:56,163 - INFO - Starting student_dim=7
2025-08-04 10:38:56,163 - INFO - Starting seed=0
2025-08-04 10:38:56,164 - INFO - A_teacher is 0.6540995836257935
2025-08-04 10:38:56,168 - INFO - Starting G&C
2025-08-04 10:39:00,453 - INFO - Finished G&C, time elapsed=4.284959316253662s
2025-08-04 10:39:00,453 - INFO - Finished seed=0
2025-08-04 10:39:00,453 - INFO - ----------------------------------------------------------------------------------------------------------------------------------------------
2025-08-04 10:39:00,453 - INFO - ----------------------------------------------------------------------------------------------------------------------------------------------
2025-08-04 10:39:00,453 - INFO - Finished student_dim=7
2025-08-04 10:39:00,453 - INFO - G&C avg gen_loss = 0.959945213292604
2025-08-04 10:39:00,453 - INFO - ----------------------------------------------------------------------------------------------------------------------------------------------
2025-08-04 10:39:00,453 - INFO - Starting student_dim=8
2025-08-04 10:39:00,453 - INFO - Starting seed=0
2025-08-04 10:39:00,454 - INFO - A_teacher is 0.6540995836257935
2025-08-04 10:39:00,458 - INFO - Starting G&C
2025-08-04 10:39:04,877 - INFO - Finished G&C, time elapsed=4.418224096298218s
2025-08-04 10:39:04,877 - INFO - Finished seed=0
2025-08-04 10:39:04,877 - INFO - ----------------------------------------------------------------------------------------------------------------------------------------------
2025-08-04 10:39:04,877 - INFO - ----------------------------------------------------------------------------------------------------------------------------------------------
2025-08-04 10:39:04,877 - INFO - Finished student_dim=8
2025-08-04 10:39:04,877 - INFO - G&C avg gen_loss = 1.0402800125698444
2025-08-04 10:39:04,877 - INFO - ----------------------------------------------------------------------------------------------------------------------------------------------
2025-08-04 10:39:04,877 - INFO - Starting student_dim=9
2025-08-04 10:39:04,877 - INFO - Starting seed=0
2025-08-04 10:39:04,878 - INFO - A_teacher is 0.6540995836257935
2025-08-04 10:39:04,881 - INFO - Starting G&C
2025-08-04 10:39:09,406 - INFO - Finished G&C, time elapsed=4.524677038192749s
2025-08-04 10:39:09,406 - INFO - Finished seed=0
2025-08-04 10:39:09,406 - INFO - ----------------------------------------------------------------------------------------------------------------------------------------------
2025-08-04 10:39:09,406 - INFO - ----------------------------------------------------------------------------------------------------------------------------------------------
2025-08-04 10:39:09,406 - INFO - Finished student_dim=9
2025-08-04 10:39:09,407 - INFO - G&C avg gen_loss = 1.041234956888279
2025-08-04 10:39:09,407 - INFO - ----------------------------------------------------------------------------------------------------------------------------------------------
2025-08-04 10:39:09,407 - INFO - Starting student_dim=10
2025-08-04 10:39:09,407 - INFO - Starting seed=0
2025-08-04 10:39:09,408 - INFO - A_teacher is 0.6540995836257935
2025-08-04 10:39:09,411 - INFO - Starting G&C
2025-08-04 10:39:14,120 - INFO - Finished G&C, time elapsed=4.7088329792022705s
2025-08-04 10:39:14,120 - INFO - Finished seed=0
2025-08-04 10:39:14,120 - INFO - ----------------------------------------------------------------------------------------------------------------------------------------------
2025-08-04 10:39:14,120 - INFO - ----------------------------------------------------------------------------------------------------------------------------------------------
2025-08-04 10:39:14,120 - INFO - Finished student_dim=10
2025-08-04 10:39:14,120 - INFO - G&C avg gen_loss = 1.1433716260783728
2025-08-04 10:39:14,120 - INFO - ----------------------------------------------------------------------------------------------------------------------------------------------
2025-08-04 10:39:14,120 - INFO - Starting student_dim=11
2025-08-04 10:39:14,120 - INFO - Starting seed=0
2025-08-04 10:39:14,122 - INFO - A_teacher is 0.6540995836257935
2025-08-04 10:39:14,125 - INFO - Starting G&C
2025-08-04 10:39:18,975 - INFO - Finished G&C, time elapsed=4.850401878356934s
2025-08-04 10:39:18,975 - INFO - Finished seed=0
2025-08-04 10:39:18,976 - INFO - ----------------------------------------------------------------------------------------------------------------------------------------------
2025-08-04 10:39:18,976 - INFO - ----------------------------------------------------------------------------------------------------------------------------------------------
2025-08-04 10:39:18,976 - INFO - Finished student_dim=11
2025-08-04 10:39:18,976 - INFO - G&C avg gen_loss = 1.1851691302921001
2025-08-04 10:39:18,976 - INFO - ----------------------------------------------------------------------------------------------------------------------------------------------
2025-08-04 10:39:18,976 - INFO - Starting student_dim=12
2025-08-04 10:39:18,976 - INFO - Starting seed=0
2025-08-04 10:39:18,977 - INFO - A_teacher is 0.6540995836257935
2025-08-04 10:39:18,980 - INFO - Starting G&C
2025-08-04 10:39:23,921 - INFO - Finished G&C, time elapsed=4.940363168716431s
2025-08-04 10:39:23,921 - INFO - Finished seed=0
2025-08-04 10:39:23,921 - INFO - ----------------------------------------------------------------------------------------------------------------------------------------------
2025-08-04 10:39:23,921 - INFO - ----------------------------------------------------------------------------------------------------------------------------------------------
2025-08-04 10:39:23,921 - INFO - Finished student_dim=12
2025-08-04 10:39:23,921 - INFO - G&C avg gen_loss = 1.1963463303902762
2025-08-04 10:39:23,921 - INFO - ----------------------------------------------------------------------------------------------------------------------------------------------
2025-08-04 10:39:23,921 - INFO - Starting student_dim=13
2025-08-04 10:39:23,921 - INFO - Starting seed=0
2025-08-04 10:39:23,923 - INFO - A_teacher is 0.6540995836257935
2025-08-04 10:39:23,926 - INFO - Starting G&C
2025-08-04 10:39:28,951 - INFO - Finished G&C, time elapsed=5.025162935256958s
2025-08-04 10:39:28,951 - INFO - Finished seed=0
2025-08-04 10:39:28,951 - INFO - ----------------------------------------------------------------------------------------------------------------------------------------------
2025-08-04 10:39:28,951 - INFO - ----------------------------------------------------------------------------------------------------------------------------------------------
2025-08-04 10:39:28,951 - INFO - Finished student_dim=13
2025-08-04 10:39:28,952 - INFO - G&C avg gen_loss = 1.4252701560985677
2025-08-04 10:39:28,952 - INFO - ----------------------------------------------------------------------------------------------------------------------------------------------
2025-08-04 10:39:28,952 - INFO - Starting student_dim=14
2025-08-04 10:39:28,952 - INFO - Starting seed=0
2025-08-04 10:39:28,953 - INFO - A_teacher is 0.6540995836257935
2025-08-04 10:39:28,956 - INFO - Starting G&C
2025-08-04 10:39:34,082 - INFO - Finished G&C, time elapsed=5.125483989715576s
2025-08-04 10:39:34,082 - INFO - Finished seed=0
2025-08-04 10:39:34,082 - INFO - ----------------------------------------------------------------------------------------------------------------------------------------------
2025-08-04 10:39:34,082 - INFO - ----------------------------------------------------------------------------------------------------------------------------------------------
2025-08-04 10:39:34,082 - INFO - Finished student_dim=14
2025-08-04 10:39:34,082 - INFO - G&C avg gen_loss = 1.4803286014778139
2025-08-04 10:39:34,082 - INFO - ----------------------------------------------------------------------------------------------------------------------------------------------
2025-08-04 10:39:34,082 - INFO - Starting student_dim=15
2025-08-04 10:39:34,082 - INFO - Starting seed=0
2025-08-04 10:39:34,083 - INFO - A_teacher is 0.6540995836257935
2025-08-04 10:39:34,087 - INFO - Starting G&C
2025-08-04 10:39:39,261 - INFO - Finished G&C, time elapsed=5.174689054489136s
2025-08-04 10:39:39,261 - INFO - Finished seed=0
2025-08-04 10:39:39,262 - INFO - ----------------------------------------------------------------------------------------------------------------------------------------------
2025-08-04 10:39:39,262 - INFO - ----------------------------------------------------------------------------------------------------------------------------------------------
2025-08-04 10:39:39,262 - INFO - Finished student_dim=15
2025-08-04 10:39:39,262 - INFO - G&C avg gen_loss = 1.5191863755017152
2025-08-04 10:39:39,262 - INFO - ----------------------------------------------------------------------------------------------------------------------------------------------
2025-08-04 10:39:39,262 - INFO - Starting student_dim=16
2025-08-04 10:39:39,262 - INFO - Starting seed=0
2025-08-04 10:39:39,263 - INFO - A_teacher is 0.6540995836257935
2025-08-04 10:39:39,267 - INFO - Starting G&C
2025-08-04 10:39:44,545 - INFO - Finished G&C, time elapsed=5.277925968170166s
2025-08-04 10:39:44,545 - INFO - Finished seed=0
2025-08-04 10:39:44,545 - INFO - ----------------------------------------------------------------------------------------------------------------------------------------------
2025-08-04 10:39:44,545 - INFO - ----------------------------------------------------------------------------------------------------------------------------------------------
2025-08-04 10:39:44,545 - INFO - Finished student_dim=16
2025-08-04 10:39:44,546 - INFO - G&C avg gen_loss = 1.4638795596457297
2025-08-04 10:39:44,546 - INFO - ----------------------------------------------------------------------------------------------------------------------------------------------
2025-08-04 10:39:44,546 - INFO - Starting student_dim=17
2025-08-04 10:39:44,546 - INFO - Starting seed=0
2025-08-04 10:39:44,547 - INFO - A_teacher is 0.6540995836257935
2025-08-04 10:39:44,550 - INFO - Starting G&C
2025-08-04 10:39:49,837 - INFO - Finished G&C, time elapsed=5.286854982376099s
2025-08-04 10:39:49,837 - INFO - Finished seed=0
2025-08-04 10:39:49,837 - INFO - ----------------------------------------------------------------------------------------------------------------------------------------------
2025-08-04 10:39:49,837 - INFO - ----------------------------------------------------------------------------------------------------------------------------------------------
2025-08-04 10:39:49,837 - INFO - Finished student_dim=17
2025-08-04 10:39:49,837 - INFO - G&C avg gen_loss = 1.764538326671907
2025-08-04 10:39:49,837 - INFO - ----------------------------------------------------------------------------------------------------------------------------------------------
2025-08-04 10:39:49,837 - INFO - Starting student_dim=18
2025-08-04 10:39:49,838 - INFO - Starting seed=0
2025-08-04 10:39:49,839 - INFO - A_teacher is 0.6540995836257935
2025-08-04 10:39:49,842 - INFO - Starting G&C
2025-08-04 10:39:55,237 - INFO - Finished G&C, time elapsed=5.39494514465332s
2025-08-04 10:39:55,237 - INFO - Finished seed=0
2025-08-04 10:39:55,237 - INFO - ----------------------------------------------------------------------------------------------------------------------------------------------
2025-08-04 10:39:55,237 - INFO - ----------------------------------------------------------------------------------------------------------------------------------------------
2025-08-04 10:39:55,237 - INFO - Finished student_dim=18
2025-08-04 10:39:55,237 - INFO - G&C avg gen_loss = 1.924211543181847
2025-08-04 10:39:55,237 - INFO - ----------------------------------------------------------------------------------------------------------------------------------------------
2025-08-04 10:39:55,237 - INFO - Starting student_dim=19
2025-08-04 10:39:55,238 - INFO - Starting seed=0
2025-08-04 10:39:55,238 - INFO - A_teacher is 0.6540995836257935
2025-08-04 10:39:55,242 - INFO - Starting G&C
2025-08-04 10:40:00,730 - INFO - Finished G&C, time elapsed=5.488609075546265s
2025-08-04 10:40:00,731 - INFO - Finished seed=0
2025-08-04 10:40:00,731 - INFO - ----------------------------------------------------------------------------------------------------------------------------------------------
2025-08-04 10:40:00,731 - INFO - ----------------------------------------------------------------------------------------------------------------------------------------------
2025-08-04 10:40:00,731 - INFO - Finished student_dim=19
2025-08-04 10:40:00,731 - INFO - G&C avg gen_loss = 1.8181505744338882
2025-08-04 10:40:00,731 - INFO - ----------------------------------------------------------------------------------------------------------------------------------------------
2025-08-04 10:40:00,731 - INFO - Starting student_dim=20
2025-08-04 10:40:00,731 - INFO - Starting seed=0
2025-08-04 10:40:00,732 - INFO - A_teacher is 0.6540995836257935
2025-08-04 10:40:00,736 - INFO - Starting G&C
2025-08-04 10:40:06,299 - INFO - Finished G&C, time elapsed=5.563001871109009s
2025-08-04 10:40:06,300 - INFO - Finished seed=0
2025-08-04 10:40:06,300 - INFO - ----------------------------------------------------------------------------------------------------------------------------------------------
2025-08-04 10:40:06,300 - INFO - ----------------------------------------------------------------------------------------------------------------------------------------------
2025-08-04 10:40:06,300 - INFO - Finished student_dim=20
2025-08-04 10:40:06,300 - INFO - G&C avg gen_loss = 1.8148327936919837
2025-08-04 10:40:06,300 - INFO - ----------------------------------------------------------------------------------------------------------------------------------------------
2025-08-04 10:40:06,300 - INFO - Starting student_dim=21
2025-08-04 10:40:06,300 - INFO - Starting seed=0
2025-08-04 10:40:06,301 - INFO - A_teacher is 0.6540995836257935
2025-08-04 10:40:06,304 - INFO - Starting G&C
2025-08-04 10:40:12,005 - INFO - Finished G&C, time elapsed=5.700139045715332s
2025-08-04 10:40:12,005 - INFO - Finished seed=0
2025-08-04 10:40:12,005 - INFO - ----------------------------------------------------------------------------------------------------------------------------------------------
2025-08-04 10:40:12,005 - INFO - ----------------------------------------------------------------------------------------------------------------------------------------------
2025-08-04 10:40:12,005 - INFO - Finished student_dim=21
2025-08-04 10:40:12,005 - INFO - G&C avg gen_loss = 1.7934508298834164
2025-08-04 10:40:12,005 - INFO - ----------------------------------------------------------------------------------------------------------------------------------------------
2025-08-04 10:40:12,005 - INFO - Starting student_dim=22
2025-08-04 10:40:12,005 - INFO - Starting seed=0
2025-08-04 10:40:12,006 - INFO - A_teacher is 0.6540995836257935
2025-08-04 10:40:12,010 - INFO - Starting G&C
2025-08-04 10:40:17,796 - INFO - Finished G&C, time elapsed=5.786076307296753s
2025-08-04 10:40:17,796 - INFO - Finished seed=0
2025-08-04 10:40:17,796 - INFO - ----------------------------------------------------------------------------------------------------------------------------------------------
2025-08-04 10:40:17,796 - INFO - ----------------------------------------------------------------------------------------------------------------------------------------------
2025-08-04 10:40:17,796 - INFO - Finished student_dim=22
2025-08-04 10:40:17,796 - INFO - G&C avg gen_loss = 1.9934485973131777
2025-08-04 10:40:17,796 - INFO - ----------------------------------------------------------------------------------------------------------------------------------------------
2025-08-04 10:40:17,796 - INFO - Starting student_dim=23
2025-08-04 10:40:17,796 - INFO - Starting seed=0
2025-08-04 10:40:17,797 - INFO - A_teacher is 0.6540995836257935
2025-08-04 10:40:17,800 - INFO - Starting G&C
2025-08-04 10:40:23,669 - INFO - Finished G&C, time elapsed=5.868738889694214s
2025-08-04 10:40:23,669 - INFO - Finished seed=0
2025-08-04 10:40:23,670 - INFO - ----------------------------------------------------------------------------------------------------------------------------------------------
2025-08-04 10:40:23,670 - INFO - ----------------------------------------------------------------------------------------------------------------------------------------------
2025-08-04 10:40:23,670 - INFO - Finished student_dim=23
2025-08-04 10:40:23,670 - INFO - G&C avg gen_loss = 1.8366748501147543
2025-08-04 10:40:23,670 - INFO - ----------------------------------------------------------------------------------------------------------------------------------------------
2025-08-04 10:40:23,670 - INFO - Starting student_dim=24
2025-08-04 10:40:23,670 - INFO - Starting seed=0
2025-08-04 10:40:23,671 - INFO - A_teacher is 0.6540995836257935
2025-08-04 10:40:23,674 - INFO - Starting G&C
2025-08-04 10:40:29,613 - INFO - Finished G&C, time elapsed=5.93874192237854s
2025-08-04 10:40:29,613 - INFO - Finished seed=0
2025-08-04 10:40:29,613 - INFO - ----------------------------------------------------------------------------------------------------------------------------------------------
2025-08-04 10:40:29,613 - INFO - ----------------------------------------------------------------------------------------------------------------------------------------------
2025-08-04 10:40:29,613 - INFO - Finished student_dim=24
2025-08-04 10:40:29,614 - INFO - G&C avg gen_loss = 1.8798283886383562
2025-08-04 10:40:29,614 - INFO - ----------------------------------------------------------------------------------------------------------------------------------------------
2025-08-04 10:40:29,614 - INFO - Starting student_dim=25
2025-08-04 10:40:29,614 - INFO - Starting seed=0
2025-08-04 10:40:29,615 - INFO - A_teacher is 0.6540995836257935
2025-08-04 10:40:29,618 - INFO - Starting G&C
2025-08-04 10:40:35,794 - INFO - Finished G&C, time elapsed=6.176223039627075s
2025-08-04 10:40:35,795 - INFO - Finished seed=0
2025-08-04 10:40:35,796 - INFO - ----------------------------------------------------------------------------------------------------------------------------------------------
2025-08-04 10:40:35,796 - INFO - ----------------------------------------------------------------------------------------------------------------------------------------------
2025-08-04 10:40:35,796 - INFO - Finished student_dim=25
2025-08-04 10:40:35,796 - INFO - G&C avg gen_loss = 2.1999940815426053
2025-08-04 10:40:35,796 - INFO - ----------------------------------------------------------------------------------------------------------------------------------------------
2025-08-04 10:40:35,796 - INFO - Starting student_dim=26
2025-08-04 10:40:35,796 - INFO - Starting seed=0
2025-08-04 10:40:35,797 - INFO - A_teacher is 0.6540995836257935
2025-08-04 10:40:35,800 - INFO - Starting G&C
2025-08-04 10:40:42,108 - INFO - Finished G&C, time elapsed=6.307909965515137s
2025-08-04 10:40:42,109 - INFO - Finished seed=0
2025-08-04 10:40:42,109 - INFO - ----------------------------------------------------------------------------------------------------------------------------------------------
2025-08-04 10:40:42,109 - INFO - ----------------------------------------------------------------------------------------------------------------------------------------------
2025-08-04 10:40:42,109 - INFO - Finished student_dim=26
2025-08-04 10:40:42,109 - INFO - G&C avg gen_loss = 1.707064759518419
2025-08-04 10:40:42,109 - INFO - ----------------------------------------------------------------------------------------------------------------------------------------------
2025-08-04 10:40:42,109 - INFO - Starting student_dim=27
2025-08-04 10:40:42,109 - INFO - Starting seed=0
2025-08-04 10:40:42,110 - INFO - A_teacher is 0.6540995836257935
2025-08-04 10:40:42,114 - INFO - Starting G&C
2025-08-04 10:40:48,411 - INFO - Finished G&C, time elapsed=6.297083139419556s
2025-08-04 10:40:48,411 - INFO - Finished seed=0
2025-08-04 10:40:48,411 - INFO - ----------------------------------------------------------------------------------------------------------------------------------------------
2025-08-04 10:40:48,411 - INFO - ----------------------------------------------------------------------------------------------------------------------------------------------
2025-08-04 10:40:48,411 - INFO - Finished student_dim=27
2025-08-04 10:40:48,411 - INFO - G&C avg gen_loss = 2.547181109829647
2025-08-04 10:40:48,411 - INFO - ----------------------------------------------------------------------------------------------------------------------------------------------
2025-08-04 10:40:48,411 - INFO - Starting student_dim=28
2025-08-04 10:40:48,412 - INFO - Starting seed=0
2025-08-04 10:40:48,413 - INFO - A_teacher is 0.6540995836257935
2025-08-04 10:40:48,416 - INFO - Starting G&C
2025-08-04 10:40:54,947 - INFO - Finished G&C, time elapsed=6.530663013458252s
2025-08-04 10:40:54,948 - INFO - Finished seed=0
2025-08-04 10:40:54,948 - INFO - ----------------------------------------------------------------------------------------------------------------------------------------------
2025-08-04 10:40:54,948 - INFO - ----------------------------------------------------------------------------------------------------------------------------------------------
2025-08-04 10:40:54,948 - INFO - Finished student_dim=28
2025-08-04 10:40:54,948 - INFO - G&C avg gen_loss = 2.017050246859706
2025-08-04 10:40:54,948 - INFO - ----------------------------------------------------------------------------------------------------------------------------------------------
2025-08-04 10:40:54,948 - INFO - Starting student_dim=29
2025-08-04 10:40:54,948 - INFO - Starting seed=0
2025-08-04 10:40:54,949 - INFO - A_teacher is 0.6540995836257935
2025-08-04 10:40:54,953 - INFO - Starting G&C
2025-08-04 10:41:01,538 - INFO - Finished G&C, time elapsed=6.585050821304321s
2025-08-04 10:41:01,538 - INFO - Finished seed=0
2025-08-04 10:41:01,538 - INFO - ----------------------------------------------------------------------------------------------------------------------------------------------
2025-08-04 10:41:01,538 - INFO - ----------------------------------------------------------------------------------------------------------------------------------------------
2025-08-04 10:41:01,538 - INFO - Finished student_dim=29
2025-08-04 10:41:01,538 - INFO - G&C avg gen_loss = 1.9595071714785364
2025-08-04 10:41:01,538 - INFO - ----------------------------------------------------------------------------------------------------------------------------------------------
2025-08-04 10:41:01,786 - INFO - Finished experiments, results saved to results_gnc_seq_len=6_num_measurements=1_input_e1=True_time=20250804-104101.csv, figures saved to plot_gnc_seq_len=6_num_measurements=1_input_e1=True_time=20250804-104101
