2025-08-03 20:16:45,377 - INFO - Using device mps.
2025-08-03 20:16:45,378 - INFO - Args: Namespace(num_seeds=8, num_measurements=1, input_e1=False, sequence_length=3, teacher_ranks=[1], student_dims=[3, 4, 5, 6, 7, 8, 9, 10, 11, 12, 13, 14, 15, 16, 17, 18, 19], calc_loss_only_on_last_output=True, eps_train=1e-08, gnc=True, gnc_num_samples=100000000, gnc_batch_size=10000000, gd=False, gd_lr=0.01, gd_epochs=100000, gd_init_scale=0.01, gd_optimizer='adam', config=None, results_dir=PosixPath('results'), figures_dir=PosixPath('figures'), log_dir=PosixPath('logs'))
2025-08-03 20:16:45,387 - INFO - Starting teacher_rank=1
2025-08-03 20:16:45,388 - INFO - Starting student_dim=3
2025-08-03 20:16:45,388 - INFO - Starting seed=0
2025-08-03 20:16:45,393 - INFO - A_teacher is 0.39504751563072205
2025-08-03 20:16:45,420 - INFO - Starting G&C
2025-08-03 20:16:48,499 - INFO - Finished G&C, time elapsed=3.0794811248779297s
2025-08-03 20:16:48,499 - INFO - Finished seed=0
2025-08-03 20:16:48,500 - INFO - Starting seed=1
2025-08-03 20:16:48,501 - INFO - A_teacher is 0.6540995836257935
2025-08-03 20:16:48,502 - INFO - Starting G&C
2025-08-03 20:16:51,465 - INFO - Finished G&C, time elapsed=2.963444948196411s
2025-08-03 20:16:51,465 - INFO - Finished seed=1
2025-08-03 20:16:51,465 - INFO - Starting seed=2
2025-08-03 20:16:51,466 - INFO - A_teacher is 0.5661352276802063
2025-08-03 20:16:51,467 - INFO - Starting G&C
2025-08-03 20:16:54,428 - INFO - Finished G&C, time elapsed=2.96046781539917s
2025-08-03 20:16:54,428 - INFO - Finished seed=2
2025-08-03 20:16:54,428 - INFO - Starting seed=3
2025-08-03 20:16:54,429 - INFO - A_teacher is 0.539229691028595
2025-08-03 20:16:54,430 - INFO - Starting G&C
2025-08-03 20:16:57,395 - INFO - Finished G&C, time elapsed=2.9650380611419678s
2025-08-03 20:16:57,395 - INFO - Finished seed=3
2025-08-03 20:16:57,395 - INFO - Starting seed=4
2025-08-03 20:16:57,397 - INFO - A_teacher is 0.5803276300430298
2025-08-03 20:16:57,397 - INFO - Starting G&C
2025-08-03 20:17:00,360 - INFO - Finished G&C, time elapsed=2.9628119468688965s
2025-08-03 20:17:00,360 - INFO - Finished seed=4
2025-08-03 20:17:00,361 - INFO - Starting seed=5
2025-08-03 20:17:00,362 - INFO - A_teacher is 0.33947238326072693
2025-08-03 20:17:00,363 - INFO - Starting G&C
2025-08-03 20:17:03,324 - INFO - Finished G&C, time elapsed=2.961513042449951s
2025-08-03 20:17:03,324 - INFO - Finished seed=5
2025-08-03 20:17:03,324 - INFO - Starting seed=6
2025-08-03 20:17:03,326 - INFO - A_teacher is 0.45132192969322205
2025-08-03 20:17:03,326 - INFO - Starting G&C
2025-08-03 20:17:06,317 - INFO - Finished G&C, time elapsed=2.9900238513946533s
2025-08-03 20:17:06,317 - INFO - Finished seed=6
2025-08-03 20:17:06,317 - INFO - Starting seed=7
2025-08-03 20:17:06,318 - INFO - A_teacher is 0.31256014108657837
2025-08-03 20:17:06,319 - INFO - Starting G&C
2025-08-03 20:17:09,319 - INFO - Finished G&C, time elapsed=3.000365734100342s
2025-08-03 20:17:09,319 - INFO - Finished seed=7
2025-08-03 20:17:09,320 - INFO - ----------------------------------------------------------------------------------------------------------------------------------------------
2025-08-03 20:17:09,320 - INFO - ----------------------------------------------------------------------------------------------------------------------------------------------
2025-08-03 20:17:09,320 - INFO - Finished student_dim=3
2025-08-03 20:17:09,320 - INFO - G&C avg gen_loss = 0.936923433828955
2025-08-03 20:17:09,320 - INFO - ----------------------------------------------------------------------------------------------------------------------------------------------
2025-08-03 20:17:09,320 - INFO - Starting student_dim=4
2025-08-03 20:17:09,320 - INFO - Starting seed=0
2025-08-03 20:17:09,321 - INFO - A_teacher is 0.48532047867774963
2025-08-03 20:17:09,324 - INFO - Starting G&C
2025-08-03 20:17:12,452 - INFO - Finished G&C, time elapsed=3.127581834793091s
2025-08-03 20:17:12,452 - INFO - Finished seed=0
2025-08-03 20:17:12,452 - INFO - Starting seed=1
2025-08-03 20:17:12,453 - INFO - A_teacher is 0.6540995836257935
2025-08-03 20:17:12,454 - INFO - Starting G&C
2025-08-03 20:17:15,510 - INFO - Finished G&C, time elapsed=3.0554721355438232s
2025-08-03 20:17:15,510 - INFO - Finished seed=1
2025-08-03 20:17:15,510 - INFO - Starting seed=2
2025-08-03 20:17:15,511 - INFO - A_teacher is 0.5661352276802063
2025-08-03 20:17:15,512 - INFO - Starting G&C
2025-08-03 20:17:18,588 - INFO - Finished G&C, time elapsed=3.07586407661438s
2025-08-03 20:17:18,588 - INFO - Finished seed=2
2025-08-03 20:17:18,588 - INFO - Starting seed=3
2025-08-03 20:17:18,590 - INFO - A_teacher is 0.539229691028595
2025-08-03 20:17:18,591 - INFO - Starting G&C
2025-08-03 20:17:21,678 - INFO - Finished G&C, time elapsed=3.0876810550689697s
2025-08-03 20:17:21,678 - INFO - Finished seed=3
2025-08-03 20:17:21,679 - INFO - Starting seed=4
2025-08-03 20:17:21,680 - INFO - A_teacher is 0.5803276300430298
2025-08-03 20:17:21,681 - INFO - Starting G&C
2025-08-03 20:17:24,767 - INFO - Finished G&C, time elapsed=3.0861411094665527s
2025-08-03 20:17:24,767 - INFO - Finished seed=4
2025-08-03 20:17:24,767 - INFO - Starting seed=5
2025-08-03 20:17:24,768 - INFO - A_teacher is 0.33947238326072693
2025-08-03 20:17:24,769 - INFO - Starting G&C
2025-08-03 20:17:27,851 - INFO - Finished G&C, time elapsed=3.0816121101379395s
2025-08-03 20:17:27,851 - INFO - Finished seed=5
2025-08-03 20:17:27,851 - INFO - Starting seed=6
2025-08-03 20:17:27,852 - INFO - A_teacher is 0.45132192969322205
2025-08-03 20:17:27,853 - INFO - Starting G&C
2025-08-03 20:17:31,061 - INFO - Finished G&C, time elapsed=3.2081568241119385s
2025-08-03 20:17:31,061 - INFO - Finished seed=6
2025-08-03 20:17:31,062 - INFO - Starting seed=7
2025-08-03 20:17:31,063 - INFO - A_teacher is 0.31256014108657837
2025-08-03 20:17:31,064 - INFO - Starting G&C
2025-08-03 20:17:34,212 - INFO - Finished G&C, time elapsed=3.1485719680786133s
2025-08-03 20:17:34,213 - INFO - Finished seed=7
2025-08-03 20:17:34,213 - INFO - ----------------------------------------------------------------------------------------------------------------------------------------------
2025-08-03 20:17:34,213 - INFO - ----------------------------------------------------------------------------------------------------------------------------------------------
2025-08-03 20:17:34,213 - INFO - Finished student_dim=4
2025-08-03 20:17:34,213 - INFO - G&C avg gen_loss = 1.0814583561754523
2025-08-03 20:17:34,213 - INFO - ----------------------------------------------------------------------------------------------------------------------------------------------
2025-08-03 20:17:34,213 - INFO - Starting student_dim=5
2025-08-03 20:17:34,213 - INFO - Starting seed=0
2025-08-03 20:17:34,215 - INFO - A_teacher is 0.48532047867774963
2025-08-03 20:17:34,218 - INFO - Starting G&C
2025-08-03 20:17:37,494 - INFO - Finished G&C, time elapsed=3.2754759788513184s
2025-08-03 20:17:37,494 - INFO - Finished seed=0
2025-08-03 20:17:37,494 - INFO - Starting seed=1
2025-08-03 20:17:37,495 - INFO - A_teacher is 0.6540995836257935
2025-08-03 20:17:37,496 - INFO - Starting G&C
2025-08-03 20:17:40,674 - INFO - Finished G&C, time elapsed=3.178098201751709s
2025-08-03 20:17:40,674 - INFO - Finished seed=1
2025-08-03 20:17:40,675 - INFO - Starting seed=2
2025-08-03 20:17:40,676 - INFO - A_teacher is 0.5661352276802063
2025-08-03 20:17:40,677 - INFO - Starting G&C
2025-08-03 20:17:43,954 - INFO - Finished G&C, time elapsed=3.277904748916626s
2025-08-03 20:17:43,955 - INFO - Finished seed=2
2025-08-03 20:17:43,955 - INFO - Starting seed=3
2025-08-03 20:17:43,956 - INFO - A_teacher is 0.539229691028595
2025-08-03 20:17:43,957 - INFO - Starting G&C
2025-08-03 20:17:47,239 - INFO - Finished G&C, time elapsed=3.2824230194091797s
2025-08-03 20:17:47,239 - INFO - Finished seed=3
2025-08-03 20:17:47,240 - INFO - Starting seed=4
2025-08-03 20:17:47,241 - INFO - A_teacher is 0.5803276300430298
2025-08-03 20:17:47,242 - INFO - Starting G&C
2025-08-03 20:17:50,465 - INFO - Finished G&C, time elapsed=3.2235381603240967s
2025-08-03 20:17:50,465 - INFO - Finished seed=4
2025-08-03 20:17:50,466 - INFO - Starting seed=5
2025-08-03 20:17:50,467 - INFO - A_teacher is 0.33947238326072693
2025-08-03 20:17:50,468 - INFO - Starting G&C
2025-08-03 20:17:53,749 - INFO - Finished G&C, time elapsed=3.281656265258789s
2025-08-03 20:17:53,749 - INFO - Finished seed=5
2025-08-03 20:17:53,750 - INFO - Starting seed=6
2025-08-03 20:17:53,750 - INFO - A_teacher is 0.45132192969322205
2025-08-03 20:17:53,752 - INFO - Starting G&C
2025-08-03 20:17:56,978 - INFO - Finished G&C, time elapsed=3.2259209156036377s
2025-08-03 20:17:56,978 - INFO - Finished seed=6
2025-08-03 20:17:56,978 - INFO - Starting seed=7
2025-08-03 20:17:56,980 - INFO - A_teacher is 0.31256014108657837
2025-08-03 20:17:56,980 - INFO - Starting G&C
2025-08-03 20:18:00,237 - INFO - Finished G&C, time elapsed=3.2566611766815186s
2025-08-03 20:18:00,237 - INFO - Finished seed=7
2025-08-03 20:18:00,237 - INFO - ----------------------------------------------------------------------------------------------------------------------------------------------
2025-08-03 20:18:00,238 - INFO - ----------------------------------------------------------------------------------------------------------------------------------------------
2025-08-03 20:18:00,238 - INFO - Finished student_dim=5
2025-08-03 20:18:00,238 - INFO - G&C avg gen_loss = 1.0996625641010878
2025-08-03 20:18:00,238 - INFO - ----------------------------------------------------------------------------------------------------------------------------------------------
2025-08-03 20:18:00,238 - INFO - Starting student_dim=6
2025-08-03 20:18:00,238 - INFO - Starting seed=0
2025-08-03 20:18:00,239 - INFO - A_teacher is 0.48532047867774963
2025-08-03 20:18:00,242 - INFO - Starting G&C
2025-08-03 20:18:03,765 - INFO - Finished G&C, time elapsed=3.5223429203033447s
2025-08-03 20:18:03,765 - INFO - Finished seed=0
2025-08-03 20:18:03,765 - INFO - Starting seed=1
2025-08-03 20:18:03,766 - INFO - A_teacher is 0.6540995836257935
2025-08-03 20:18:03,767 - INFO - Starting G&C
2025-08-03 20:18:07,138 - INFO - Finished G&C, time elapsed=3.37115478515625s
2025-08-03 20:18:07,138 - INFO - Finished seed=1
2025-08-03 20:18:07,138 - INFO - Starting seed=2
2025-08-03 20:18:07,139 - INFO - A_teacher is 0.5661352276802063
2025-08-03 20:18:07,140 - INFO - Starting G&C
2025-08-03 20:18:10,467 - INFO - Finished G&C, time elapsed=3.3271191120147705s
2025-08-03 20:18:10,467 - INFO - Finished seed=2
2025-08-03 20:18:10,467 - INFO - Starting seed=3
2025-08-03 20:18:10,469 - INFO - A_teacher is 0.539229691028595
2025-08-03 20:18:10,470 - INFO - Starting G&C
2025-08-03 20:18:13,763 - INFO - Finished G&C, time elapsed=3.293678045272827s
2025-08-03 20:18:13,763 - INFO - Finished seed=3
2025-08-03 20:18:13,764 - INFO - Starting seed=4
2025-08-03 20:18:13,765 - INFO - A_teacher is 0.5803276300430298
2025-08-03 20:18:13,767 - INFO - Starting G&C
2025-08-03 20:18:17,062 - INFO - Finished G&C, time elapsed=3.2958319187164307s
2025-08-03 20:18:17,063 - INFO - Finished seed=4
2025-08-03 20:18:17,063 - INFO - Starting seed=5
2025-08-03 20:18:17,064 - INFO - A_teacher is 0.33947238326072693
2025-08-03 20:18:17,065 - INFO - Starting G&C
2025-08-03 20:18:20,375 - INFO - Finished G&C, time elapsed=3.3097307682037354s
2025-08-03 20:18:20,375 - INFO - Finished seed=5
2025-08-03 20:18:20,375 - INFO - Starting seed=6
2025-08-03 20:18:20,376 - INFO - A_teacher is 0.45132192969322205
2025-08-03 20:18:20,377 - INFO - Starting G&C
2025-08-03 20:18:23,659 - INFO - Finished G&C, time elapsed=3.2817559242248535s
2025-08-03 20:18:23,659 - INFO - Finished seed=6
2025-08-03 20:18:23,659 - INFO - Starting seed=7
2025-08-03 20:18:23,660 - INFO - A_teacher is 0.31256014108657837
2025-08-03 20:18:23,661 - INFO - Starting G&C
2025-08-03 20:18:26,943 - INFO - Finished G&C, time elapsed=3.281592845916748s
2025-08-03 20:18:26,943 - INFO - Finished seed=7
2025-08-03 20:18:26,943 - INFO - ----------------------------------------------------------------------------------------------------------------------------------------------
2025-08-03 20:18:26,943 - INFO - ----------------------------------------------------------------------------------------------------------------------------------------------
2025-08-03 20:18:26,943 - INFO - Finished student_dim=6
2025-08-03 20:18:26,943 - INFO - G&C avg gen_loss = 1.130796638224694
2025-08-03 20:18:26,943 - INFO - ----------------------------------------------------------------------------------------------------------------------------------------------
2025-08-03 20:18:26,943 - INFO - Starting student_dim=7
2025-08-03 20:18:26,943 - INFO - Starting seed=0
2025-08-03 20:18:26,944 - INFO - A_teacher is 0.48532047867774963
2025-08-03 20:18:26,948 - INFO - Starting G&C
2025-08-03 20:18:30,522 - INFO - Finished G&C, time elapsed=3.5740442276000977s
2025-08-03 20:18:30,522 - INFO - Finished seed=0
2025-08-03 20:18:30,522 - INFO - Starting seed=1
2025-08-03 20:18:30,523 - INFO - A_teacher is 0.6540995836257935
2025-08-03 20:18:30,524 - INFO - Starting G&C
2025-08-03 20:18:33,914 - INFO - Finished G&C, time elapsed=3.3899881839752197s
2025-08-03 20:18:33,914 - INFO - Finished seed=1
2025-08-03 20:18:33,914 - INFO - Starting seed=2
2025-08-03 20:18:33,916 - INFO - A_teacher is 0.5661352276802063
2025-08-03 20:18:33,917 - INFO - Starting G&C
2025-08-03 20:18:37,307 - INFO - Finished G&C, time elapsed=3.3900558948516846s
2025-08-03 20:18:37,307 - INFO - Finished seed=2
2025-08-03 20:18:37,307 - INFO - Starting seed=3
2025-08-03 20:18:37,308 - INFO - A_teacher is 0.539229691028595
2025-08-03 20:18:37,309 - INFO - Starting G&C
2025-08-03 20:18:40,715 - INFO - Finished G&C, time elapsed=3.4059340953826904s
2025-08-03 20:18:40,715 - INFO - Finished seed=3
2025-08-03 20:18:40,715 - INFO - Starting seed=4
2025-08-03 20:18:40,716 - INFO - A_teacher is 0.5803276300430298
2025-08-03 20:18:40,717 - INFO - Starting G&C
2025-08-03 20:18:44,077 - INFO - Finished G&C, time elapsed=3.3599438667297363s
2025-08-03 20:18:44,077 - INFO - Finished seed=4
2025-08-03 20:18:44,077 - INFO - Starting seed=5
2025-08-03 20:18:44,079 - INFO - A_teacher is 0.33947238326072693
2025-08-03 20:18:44,080 - INFO - Starting G&C
2025-08-03 20:18:47,469 - INFO - Finished G&C, time elapsed=3.3896336555480957s
2025-08-03 20:18:47,469 - INFO - Finished seed=5
2025-08-03 20:18:47,469 - INFO - Starting seed=6
2025-08-03 20:18:47,471 - INFO - A_teacher is 0.45132192969322205
2025-08-03 20:18:47,472 - INFO - Starting G&C
2025-08-03 20:18:50,865 - INFO - Finished G&C, time elapsed=3.393671989440918s
2025-08-03 20:18:50,865 - INFO - Finished seed=6
2025-08-03 20:18:50,866 - INFO - Starting seed=7
2025-08-03 20:18:50,867 - INFO - A_teacher is 0.31256014108657837
2025-08-03 20:18:50,868 - INFO - Starting G&C
2025-08-03 20:18:54,255 - INFO - Finished G&C, time elapsed=3.386983871459961s
2025-08-03 20:18:54,255 - INFO - Finished seed=7
2025-08-03 20:18:54,255 - INFO - ----------------------------------------------------------------------------------------------------------------------------------------------
2025-08-03 20:18:54,255 - INFO - ----------------------------------------------------------------------------------------------------------------------------------------------
2025-08-03 20:18:54,255 - INFO - Finished student_dim=7
2025-08-03 20:18:54,255 - INFO - G&C avg gen_loss = 1.1458437809404913
2025-08-03 20:18:54,255 - INFO - ----------------------------------------------------------------------------------------------------------------------------------------------
2025-08-03 20:18:54,255 - INFO - Starting student_dim=8
2025-08-03 20:18:54,255 - INFO - Starting seed=0
2025-08-03 20:18:54,256 - INFO - A_teacher is 0.48532047867774963
2025-08-03 20:18:54,260 - INFO - Starting G&C
2025-08-03 20:18:58,363 - INFO - Finished G&C, time elapsed=4.103271007537842s
2025-08-03 20:18:58,363 - INFO - Finished seed=0
2025-08-03 20:18:58,363 - INFO - Starting seed=1
2025-08-03 20:18:58,364 - INFO - A_teacher is 0.6540995836257935
2025-08-03 20:18:58,365 - INFO - Starting G&C
2025-08-03 20:19:01,937 - INFO - Finished G&C, time elapsed=3.5720348358154297s
2025-08-03 20:19:01,937 - INFO - Finished seed=1
2025-08-03 20:19:01,937 - INFO - Starting seed=2
2025-08-03 20:19:01,938 - INFO - A_teacher is 0.5661352276802063
2025-08-03 20:19:01,939 - INFO - Starting G&C
2025-08-03 20:19:05,435 - INFO - Finished G&C, time elapsed=3.4958012104034424s
2025-08-03 20:19:05,435 - INFO - Finished seed=2
2025-08-03 20:19:05,435 - INFO - Starting seed=3
2025-08-03 20:19:05,437 - INFO - A_teacher is 0.539229691028595
2025-08-03 20:19:05,438 - INFO - Starting G&C
2025-08-03 20:19:09,013 - INFO - Finished G&C, time elapsed=3.575857162475586s
2025-08-03 20:19:09,014 - INFO - Finished seed=3
2025-08-03 20:19:09,014 - INFO - Starting seed=4
2025-08-03 20:19:09,015 - INFO - A_teacher is 0.5803276300430298
2025-08-03 20:19:09,016 - INFO - Starting G&C
2025-08-03 20:19:12,565 - INFO - Finished G&C, time elapsed=3.548888683319092s
2025-08-03 20:19:12,565 - INFO - Finished seed=4
2025-08-03 20:19:12,566 - INFO - Starting seed=5
2025-08-03 20:19:12,567 - INFO - A_teacher is 0.33947238326072693
2025-08-03 20:19:12,567 - INFO - Starting G&C
2025-08-03 20:19:16,092 - INFO - Finished G&C, time elapsed=3.5243382453918457s
2025-08-03 20:19:16,092 - INFO - Finished seed=5
2025-08-03 20:19:16,092 - INFO - Starting seed=6
2025-08-03 20:19:16,093 - INFO - A_teacher is 0.45132192969322205
2025-08-03 20:19:16,094 - INFO - Starting G&C
2025-08-03 20:19:19,596 - INFO - Finished G&C, time elapsed=3.5014500617980957s
2025-08-03 20:19:19,596 - INFO - Finished seed=6
2025-08-03 20:19:19,596 - INFO - Starting seed=7
2025-08-03 20:19:19,597 - INFO - A_teacher is 0.31256014108657837
2025-08-03 20:19:19,598 - INFO - Starting G&C
2025-08-03 20:19:23,120 - INFO - Finished G&C, time elapsed=3.521850109100342s
2025-08-03 20:19:23,120 - INFO - Finished seed=7
2025-08-03 20:19:23,120 - INFO - ----------------------------------------------------------------------------------------------------------------------------------------------
2025-08-03 20:19:23,120 - INFO - ----------------------------------------------------------------------------------------------------------------------------------------------
2025-08-03 20:19:23,120 - INFO - Finished student_dim=8
2025-08-03 20:19:23,120 - INFO - G&C avg gen_loss = 1.1620198038234149
2025-08-03 20:19:23,120 - INFO - ----------------------------------------------------------------------------------------------------------------------------------------------
2025-08-03 20:19:23,121 - INFO - Starting student_dim=9
2025-08-03 20:19:23,121 - INFO - Starting seed=0
2025-08-03 20:19:23,122 - INFO - A_teacher is 0.48532047867774963
2025-08-03 20:19:23,126 - INFO - Starting G&C
2025-08-03 20:19:27,251 - INFO - Finished G&C, time elapsed=4.124217987060547s
2025-08-03 20:19:27,251 - INFO - Finished seed=0
2025-08-03 20:19:27,251 - INFO - Starting seed=1
2025-08-03 20:19:27,252 - INFO - A_teacher is 0.6540995836257935
2025-08-03 20:19:27,253 - INFO - Starting G&C
2025-08-03 20:19:30,849 - INFO - Finished G&C, time elapsed=3.596421003341675s
2025-08-03 20:19:30,849 - INFO - Finished seed=1
2025-08-03 20:19:30,850 - INFO - Starting seed=2
2025-08-03 20:19:30,851 - INFO - A_teacher is 0.5661352276802063
2025-08-03 20:19:30,852 - INFO - Starting G&C
2025-08-03 20:19:34,499 - INFO - Finished G&C, time elapsed=3.646606206893921s
2025-08-03 20:19:34,499 - INFO - Finished seed=2
2025-08-03 20:19:34,499 - INFO - Starting seed=3
2025-08-03 20:19:34,500 - INFO - A_teacher is 0.539229691028595
2025-08-03 20:19:34,501 - INFO - Starting G&C
2025-08-03 20:19:38,054 - INFO - Finished G&C, time elapsed=3.5528016090393066s
2025-08-03 20:19:38,054 - INFO - Finished seed=3
2025-08-03 20:19:38,054 - INFO - Starting seed=4
2025-08-03 20:19:38,055 - INFO - A_teacher is 0.5803276300430298
2025-08-03 20:19:38,056 - INFO - Starting G&C
2025-08-03 20:19:41,676 - INFO - Finished G&C, time elapsed=3.6195037364959717s
2025-08-03 20:19:41,676 - INFO - Finished seed=4
2025-08-03 20:19:41,676 - INFO - Starting seed=5
2025-08-03 20:19:41,677 - INFO - A_teacher is 0.33947238326072693
2025-08-03 20:19:41,678 - INFO - Starting G&C
2025-08-03 20:19:45,352 - INFO - Finished G&C, time elapsed=3.6741440296173096s
2025-08-03 20:19:45,352 - INFO - Finished seed=5
2025-08-03 20:19:45,352 - INFO - Starting seed=6
2025-08-03 20:19:45,353 - INFO - A_teacher is 0.45132192969322205
2025-08-03 20:19:45,354 - INFO - Starting G&C
2025-08-03 20:19:48,965 - INFO - Finished G&C, time elapsed=3.6108148097991943s
2025-08-03 20:19:48,965 - INFO - Finished seed=6
2025-08-03 20:19:48,965 - INFO - Starting seed=7
2025-08-03 20:19:48,967 - INFO - A_teacher is 0.31256014108657837
2025-08-03 20:19:48,968 - INFO - Starting G&C
2025-08-03 20:19:52,593 - INFO - Finished G&C, time elapsed=3.6249420642852783s
2025-08-03 20:19:52,593 - INFO - Finished seed=7
2025-08-03 20:19:52,593 - INFO - ----------------------------------------------------------------------------------------------------------------------------------------------
2025-08-03 20:19:52,593 - INFO - ----------------------------------------------------------------------------------------------------------------------------------------------
2025-08-03 20:19:52,593 - INFO - Finished student_dim=9
2025-08-03 20:19:52,593 - INFO - G&C avg gen_loss = 1.1759627592316706
2025-08-03 20:19:52,593 - INFO - ----------------------------------------------------------------------------------------------------------------------------------------------
2025-08-03 20:19:52,593 - INFO - Starting student_dim=10
2025-08-03 20:19:52,594 - INFO - Starting seed=0
2025-08-03 20:19:52,599 - INFO - A_teacher is 0.48532047867774963
2025-08-03 20:19:52,610 - INFO - Starting G&C
2025-08-03 20:19:57,113 - INFO - Finished G&C, time elapsed=4.502962827682495s
2025-08-03 20:19:57,114 - INFO - Finished seed=0
2025-08-03 20:19:57,114 - INFO - Starting seed=1
2025-08-03 20:19:57,115 - INFO - A_teacher is 0.6540995836257935
2025-08-03 20:19:57,116 - INFO - Starting G&C
2025-08-03 20:20:01,425 - INFO - Finished G&C, time elapsed=4.30842399597168s
2025-08-03 20:20:01,425 - INFO - Finished seed=1
2025-08-03 20:20:01,426 - INFO - Starting seed=2
2025-08-03 20:20:01,427 - INFO - A_teacher is 0.5661352276802063
2025-08-03 20:20:01,464 - INFO - Starting G&C
2025-08-03 20:20:05,670 - INFO - Finished G&C, time elapsed=4.205507278442383s
2025-08-03 20:20:05,670 - INFO - Finished seed=2
2025-08-03 20:20:05,671 - INFO - Starting seed=3
2025-08-03 20:20:05,672 - INFO - A_teacher is 0.539229691028595
2025-08-03 20:20:05,673 - INFO - Starting G&C
2025-08-03 20:20:09,892 - INFO - Finished G&C, time elapsed=4.218790769577026s
2025-08-03 20:20:09,892 - INFO - Finished seed=3
2025-08-03 20:20:09,892 - INFO - Starting seed=4
2025-08-03 20:20:09,893 - INFO - A_teacher is 0.5803276300430298
2025-08-03 20:20:09,894 - INFO - Starting G&C
2025-08-03 20:20:14,317 - INFO - Finished G&C, time elapsed=4.422842741012573s
2025-08-03 20:20:14,318 - INFO - Finished seed=4
2025-08-03 20:20:14,319 - INFO - Starting seed=5
2025-08-03 20:20:14,346 - INFO - A_teacher is 0.33947238326072693
2025-08-03 20:20:14,348 - INFO - Starting G&C
2025-08-03 20:20:19,007 - INFO - Finished G&C, time elapsed=4.6585798263549805s
2025-08-03 20:20:19,007 - INFO - Finished seed=5
2025-08-03 20:20:19,008 - INFO - Starting seed=6
2025-08-03 20:20:19,012 - INFO - A_teacher is 0.45132192969322205
2025-08-03 20:20:19,014 - INFO - Starting G&C
2025-08-03 20:20:23,411 - INFO - Finished G&C, time elapsed=4.396848917007446s
2025-08-03 20:20:23,412 - INFO - Finished seed=6
2025-08-03 20:20:23,412 - INFO - Starting seed=7
2025-08-03 20:20:23,432 - INFO - A_teacher is 0.31256014108657837
2025-08-03 20:20:23,435 - INFO - Starting G&C
2025-08-03 20:20:27,762 - INFO - Finished G&C, time elapsed=4.3271050453186035s
2025-08-03 20:20:27,762 - INFO - Finished seed=7
2025-08-03 20:20:27,763 - INFO - ----------------------------------------------------------------------------------------------------------------------------------------------
2025-08-03 20:20:27,763 - INFO - ----------------------------------------------------------------------------------------------------------------------------------------------
2025-08-03 20:20:27,763 - INFO - Finished student_dim=10
2025-08-03 20:20:27,763 - INFO - G&C avg gen_loss = 1.1995366718235623
2025-08-03 20:20:27,763 - INFO - ----------------------------------------------------------------------------------------------------------------------------------------------
2025-08-03 20:20:27,763 - INFO - Starting student_dim=11
2025-08-03 20:20:27,763 - INFO - Starting seed=0
2025-08-03 20:20:27,766 - INFO - A_teacher is 0.48532047867774963
2025-08-03 20:20:27,772 - INFO - Starting G&C
2025-08-03 20:20:33,161 - INFO - Finished G&C, time elapsed=5.388406991958618s
2025-08-03 20:20:33,161 - INFO - Finished seed=0
2025-08-03 20:20:33,161 - INFO - Starting seed=1
2025-08-03 20:20:33,164 - INFO - A_teacher is 0.6540995836257935
2025-08-03 20:20:33,167 - INFO - Starting G&C
2025-08-03 20:20:38,179 - INFO - Finished G&C, time elapsed=5.012591123580933s
2025-08-03 20:20:38,180 - INFO - Finished seed=1
2025-08-03 20:20:38,180 - INFO - Starting seed=2
2025-08-03 20:20:38,183 - INFO - A_teacher is 0.5661352276802063
2025-08-03 20:20:38,186 - INFO - Starting G&C
2025-08-03 20:20:43,281 - INFO - Finished G&C, time elapsed=5.0946149826049805s
2025-08-03 20:20:43,281 - INFO - Finished seed=2
2025-08-03 20:20:43,281 - INFO - Starting seed=3
2025-08-03 20:20:43,284 - INFO - A_teacher is 0.539229691028595
2025-08-03 20:20:43,287 - INFO - Starting G&C
2025-08-03 20:20:48,412 - INFO - Finished G&C, time elapsed=5.125236988067627s
2025-08-03 20:20:48,412 - INFO - Finished seed=3
2025-08-03 20:20:48,413 - INFO - Starting seed=4
2025-08-03 20:20:48,416 - INFO - A_teacher is 0.5803276300430298
2025-08-03 20:20:48,419 - INFO - Starting G&C
2025-08-03 20:20:53,494 - INFO - Finished G&C, time elapsed=5.0753209590911865s
2025-08-03 20:20:53,495 - INFO - Finished seed=4
2025-08-03 20:20:53,495 - INFO - Starting seed=5
2025-08-03 20:20:53,498 - INFO - A_teacher is 0.33947238326072693
2025-08-03 20:20:53,501 - INFO - Starting G&C
2025-08-03 20:20:58,184 - INFO - Finished G&C, time elapsed=4.683535099029541s
2025-08-03 20:20:58,185 - INFO - Finished seed=5
2025-08-03 20:20:58,185 - INFO - Starting seed=6
2025-08-03 20:20:58,188 - INFO - A_teacher is 0.45132192969322205
2025-08-03 20:20:58,190 - INFO - Starting G&C
2025-08-03 20:21:02,562 - INFO - Finished G&C, time elapsed=4.371840000152588s
2025-08-03 20:21:02,563 - INFO - Finished seed=6
2025-08-03 20:21:02,563 - INFO - Starting seed=7
2025-08-03 20:21:02,565 - INFO - A_teacher is 0.31256014108657837
2025-08-03 20:21:02,567 - INFO - Starting G&C
2025-08-03 20:21:07,357 - INFO - Finished G&C, time elapsed=4.789829969406128s
2025-08-03 20:21:07,357 - INFO - Finished seed=7
2025-08-03 20:21:07,357 - INFO - ----------------------------------------------------------------------------------------------------------------------------------------------
2025-08-03 20:21:07,357 - INFO - ----------------------------------------------------------------------------------------------------------------------------------------------
2025-08-03 20:21:07,357 - INFO - Finished student_dim=11
2025-08-03 20:21:07,358 - INFO - G&C avg gen_loss = 1.217793243557384
2025-08-03 20:21:07,358 - INFO - ----------------------------------------------------------------------------------------------------------------------------------------------
2025-08-03 20:21:07,358 - INFO - Starting student_dim=12
2025-08-03 20:21:07,358 - INFO - Starting seed=0
2025-08-03 20:21:07,361 - INFO - A_teacher is 0.48532047867774963
2025-08-03 20:21:07,367 - INFO - Starting G&C
2025-08-03 20:21:16,749 - INFO - Finished G&C, time elapsed=9.381819009780884s
2025-08-03 20:21:16,750 - INFO - Finished seed=0
2025-08-03 20:21:16,751 - INFO - Starting seed=1
2025-08-03 20:21:16,754 - INFO - A_teacher is 0.6540995836257935
2025-08-03 20:21:16,756 - INFO - Starting G&C
2025-08-03 20:21:21,393 - INFO - Finished G&C, time elapsed=4.636516094207764s
2025-08-03 20:21:21,393 - INFO - Finished seed=1
2025-08-03 20:21:21,394 - INFO - Starting seed=2
2025-08-03 20:21:21,395 - INFO - A_teacher is 0.5661352276802063
2025-08-03 20:21:21,397 - INFO - Starting G&C
2025-08-03 20:21:25,994 - INFO - Finished G&C, time elapsed=4.596059083938599s
2025-08-03 20:21:25,994 - INFO - Finished seed=2
2025-08-03 20:21:25,995 - INFO - Starting seed=3
2025-08-03 20:21:25,996 - INFO - A_teacher is 0.539229691028595
2025-08-03 20:21:25,998 - INFO - Starting G&C
2025-08-03 20:21:30,612 - INFO - Finished G&C, time elapsed=4.6130969524383545s
2025-08-03 20:21:30,612 - INFO - Finished seed=3
2025-08-03 20:21:30,613 - INFO - Starting seed=4
2025-08-03 20:21:30,625 - INFO - A_teacher is 0.5803276300430298
2025-08-03 20:21:30,628 - INFO - Starting G&C
2025-08-03 20:21:34,980 - INFO - Finished G&C, time elapsed=4.351440906524658s
2025-08-03 20:21:34,980 - INFO - Finished seed=4
2025-08-03 20:21:34,980 - INFO - Starting seed=5
2025-08-03 20:21:34,981 - INFO - A_teacher is 0.33947238326072693
2025-08-03 20:21:34,983 - INFO - Starting G&C
2025-08-03 20:21:39,174 - INFO - Finished G&C, time elapsed=4.191520929336548s
2025-08-03 20:21:39,175 - INFO - Finished seed=5
2025-08-03 20:21:39,175 - INFO - Starting seed=6
2025-08-03 20:21:39,176 - INFO - A_teacher is 0.45132192969322205
2025-08-03 20:21:39,177 - INFO - Starting G&C
2025-08-03 20:21:43,513 - INFO - Finished G&C, time elapsed=4.335809946060181s
2025-08-03 20:21:43,514 - INFO - Finished seed=6
2025-08-03 20:21:43,514 - INFO - Starting seed=7
2025-08-03 20:21:43,547 - INFO - A_teacher is 0.31256014108657837
2025-08-03 20:21:43,560 - INFO - Starting G&C
2025-08-03 20:21:48,099 - INFO - Finished G&C, time elapsed=4.538727045059204s
2025-08-03 20:21:48,099 - INFO - Finished seed=7
2025-08-03 20:21:48,099 - INFO - ----------------------------------------------------------------------------------------------------------------------------------------------
2025-08-03 20:21:48,099 - INFO - ----------------------------------------------------------------------------------------------------------------------------------------------
2025-08-03 20:21:48,099 - INFO - Finished student_dim=12
2025-08-03 20:21:48,100 - INFO - G&C avg gen_loss = 1.2314670685074722
2025-08-03 20:21:48,100 - INFO - ----------------------------------------------------------------------------------------------------------------------------------------------
2025-08-03 20:21:48,100 - INFO - Starting student_dim=13
2025-08-03 20:21:48,100 - INFO - Starting seed=0
2025-08-03 20:21:48,103 - INFO - A_teacher is 0.48532047867774963
2025-08-03 20:21:48,109 - INFO - Starting G&C
2025-08-03 20:21:54,469 - INFO - Finished G&C, time elapsed=6.359784364700317s
2025-08-03 20:21:54,469 - INFO - Finished seed=0
2025-08-03 20:21:54,470 - INFO - Starting seed=1
2025-08-03 20:21:54,473 - INFO - A_teacher is 0.6540995836257935
2025-08-03 20:21:54,475 - INFO - Starting G&C
2025-08-03 20:21:59,912 - INFO - Finished G&C, time elapsed=5.436956882476807s
2025-08-03 20:21:59,913 - INFO - Finished seed=1
2025-08-03 20:21:59,913 - INFO - Starting seed=2
2025-08-03 20:21:59,917 - INFO - A_teacher is 0.5661352276802063
2025-08-03 20:21:59,919 - INFO - Starting G&C
2025-08-03 20:22:04,739 - INFO - Finished G&C, time elapsed=4.819216251373291s
2025-08-03 20:22:04,739 - INFO - Finished seed=2
2025-08-03 20:22:04,739 - INFO - Starting seed=3
2025-08-03 20:22:04,741 - INFO - A_teacher is 0.539229691028595
2025-08-03 20:22:04,743 - INFO - Starting G&C
2025-08-03 20:22:09,393 - INFO - Finished G&C, time elapsed=4.649807691574097s
2025-08-03 20:22:09,394 - INFO - Finished seed=3
2025-08-03 20:22:09,394 - INFO - Starting seed=4
2025-08-03 20:22:09,431 - INFO - A_teacher is 0.5803276300430298
2025-08-03 20:22:09,439 - INFO - Starting G&C
2025-08-03 20:22:14,421 - INFO - Finished G&C, time elapsed=4.9819769859313965s
2025-08-03 20:22:14,421 - INFO - Finished seed=4
2025-08-03 20:22:14,422 - INFO - Starting seed=5
2025-08-03 20:22:14,425 - INFO - A_teacher is 0.33947238326072693
2025-08-03 20:22:14,428 - INFO - Starting G&C
2025-08-03 20:22:19,408 - INFO - Finished G&C, time elapsed=4.979546785354614s
2025-08-03 20:22:19,409 - INFO - Finished seed=5
2025-08-03 20:22:19,409 - INFO - Starting seed=6
2025-08-03 20:22:19,413 - INFO - A_teacher is 0.45132192969322205
2025-08-03 20:22:19,415 - INFO - Starting G&C
2025-08-03 20:22:24,657 - INFO - Finished G&C, time elapsed=5.240882873535156s
2025-08-03 20:22:24,657 - INFO - Finished seed=6
2025-08-03 20:22:24,657 - INFO - Starting seed=7
2025-08-03 20:22:24,660 - INFO - A_teacher is 0.31256014108657837
2025-08-03 20:22:24,663 - INFO - Starting G&C
2025-08-03 20:22:29,906 - INFO - Finished G&C, time elapsed=5.242871046066284s
2025-08-03 20:22:29,906 - INFO - Finished seed=7
2025-08-03 20:22:29,908 - INFO - ----------------------------------------------------------------------------------------------------------------------------------------------
2025-08-03 20:22:29,908 - INFO - ----------------------------------------------------------------------------------------------------------------------------------------------
2025-08-03 20:22:29,908 - INFO - Finished student_dim=13
2025-08-03 20:22:29,908 - INFO - G&C avg gen_loss = 1.2457563933977711
2025-08-03 20:22:29,908 - INFO - ----------------------------------------------------------------------------------------------------------------------------------------------
2025-08-03 20:22:29,909 - INFO - Starting student_dim=14
2025-08-03 20:22:29,909 - INFO - Starting seed=0
2025-08-03 20:22:29,912 - INFO - A_teacher is 0.48532047867774963
2025-08-03 20:22:29,922 - INFO - Starting G&C
2025-08-03 20:22:36,760 - INFO - Finished G&C, time elapsed=6.8380560874938965s
2025-08-03 20:22:36,761 - INFO - Finished seed=0
2025-08-03 20:22:36,761 - INFO - Starting seed=1
2025-08-03 20:22:36,765 - INFO - A_teacher is 0.6540995836257935
2025-08-03 20:22:36,768 - INFO - Starting G&C
2025-08-03 20:22:42,108 - INFO - Finished G&C, time elapsed=5.340406179428101s
2025-08-03 20:22:42,109 - INFO - Finished seed=1
2025-08-03 20:22:42,109 - INFO - Starting seed=2
2025-08-03 20:22:42,112 - INFO - A_teacher is 0.5661352276802063
2025-08-03 20:22:42,115 - INFO - Starting G&C
2025-08-03 20:22:47,435 - INFO - Finished G&C, time elapsed=5.3205931186676025s
2025-08-03 20:22:47,436 - INFO - Finished seed=2
2025-08-03 20:22:47,437 - INFO - Starting seed=3
2025-08-03 20:22:47,440 - INFO - A_teacher is 0.539229691028595
2025-08-03 20:22:47,443 - INFO - Starting G&C
2025-08-03 20:22:52,755 - INFO - Finished G&C, time elapsed=5.312205791473389s
2025-08-03 20:22:52,756 - INFO - Finished seed=3
2025-08-03 20:22:52,756 - INFO - Starting seed=4
2025-08-03 20:22:52,759 - INFO - A_teacher is 0.5803276300430298
2025-08-03 20:22:52,762 - INFO - Starting G&C
2025-08-03 20:22:58,137 - INFO - Finished G&C, time elapsed=5.374890089035034s
2025-08-03 20:22:58,138 - INFO - Finished seed=4
2025-08-03 20:22:58,138 - INFO - Starting seed=5
2025-08-03 20:22:58,141 - INFO - A_teacher is 0.33947238326072693
2025-08-03 20:22:58,144 - INFO - Starting G&C
2025-08-03 20:23:03,473 - INFO - Finished G&C, time elapsed=5.328607082366943s
2025-08-03 20:23:03,473 - INFO - Finished seed=5
2025-08-03 20:23:03,473 - INFO - Starting seed=6
2025-08-03 20:23:03,476 - INFO - A_teacher is 0.45132192969322205
2025-08-03 20:23:03,479 - INFO - Starting G&C
2025-08-03 20:23:09,112 - INFO - Finished G&C, time elapsed=5.633044958114624s
2025-08-03 20:23:09,113 - INFO - Finished seed=6
2025-08-03 20:23:09,113 - INFO - Starting seed=7
2025-08-03 20:23:09,116 - INFO - A_teacher is 0.31256014108657837
2025-08-03 20:23:09,119 - INFO - Starting G&C
2025-08-03 20:23:14,523 - INFO - Finished G&C, time elapsed=5.403332948684692s
2025-08-03 20:23:14,523 - INFO - Finished seed=7
2025-08-03 20:23:14,524 - INFO - ----------------------------------------------------------------------------------------------------------------------------------------------
2025-08-03 20:23:14,524 - INFO - ----------------------------------------------------------------------------------------------------------------------------------------------
2025-08-03 20:23:14,524 - INFO - Finished student_dim=14
2025-08-03 20:23:14,524 - INFO - G&C avg gen_loss = 1.2580483378136607
2025-08-03 20:23:14,524 - INFO - ----------------------------------------------------------------------------------------------------------------------------------------------
2025-08-03 20:23:14,524 - INFO - Starting student_dim=15
2025-08-03 20:23:14,524 - INFO - Starting seed=0
2025-08-03 20:23:14,527 - INFO - A_teacher is 0.48532047867774963
2025-08-03 20:23:14,534 - INFO - Starting G&C
2025-08-03 20:23:21,682 - INFO - Finished G&C, time elapsed=7.147536277770996s
2025-08-03 20:23:21,682 - INFO - Finished seed=0
2025-08-03 20:23:21,683 - INFO - Starting seed=1
2025-08-03 20:23:21,686 - INFO - A_teacher is 0.6540995836257935
2025-08-03 20:23:21,688 - INFO - Starting G&C
2025-08-03 20:23:27,253 - INFO - Finished G&C, time elapsed=5.564600944519043s
2025-08-03 20:23:27,253 - INFO - Finished seed=1
2025-08-03 20:23:27,254 - INFO - Starting seed=2
2025-08-03 20:23:27,257 - INFO - A_teacher is 0.5661352276802063
2025-08-03 20:23:27,259 - INFO - Starting G&C
2025-08-03 20:23:33,013 - INFO - Finished G&C, time elapsed=5.753330945968628s
2025-08-03 20:23:33,013 - INFO - Finished seed=2
2025-08-03 20:23:33,013 - INFO - Starting seed=3
2025-08-03 20:23:33,016 - INFO - A_teacher is 0.539229691028595
2025-08-03 20:23:33,020 - INFO - Starting G&C
2025-08-03 20:23:38,648 - INFO - Finished G&C, time elapsed=5.628135919570923s
2025-08-03 20:23:38,648 - INFO - Finished seed=3
2025-08-03 20:23:38,649 - INFO - Starting seed=4
2025-08-03 20:23:38,652 - INFO - A_teacher is 0.5803276300430298
2025-08-03 20:23:38,655 - INFO - Starting G&C
2025-08-03 20:23:43,605 - INFO - Finished G&C, time elapsed=4.9499077796936035s
2025-08-03 20:23:43,605 - INFO - Finished seed=4
2025-08-03 20:23:43,606 - INFO - Starting seed=5
2025-08-03 20:23:43,608 - INFO - A_teacher is 0.33947238326072693
2025-08-03 20:23:43,610 - INFO - Starting G&C
2025-08-03 20:23:48,438 - INFO - Finished G&C, time elapsed=4.827486991882324s
2025-08-03 20:23:48,438 - INFO - Finished seed=5
2025-08-03 20:23:48,438 - INFO - Starting seed=6
2025-08-03 20:23:48,440 - INFO - A_teacher is 0.45132192969322205
2025-08-03 20:23:48,442 - INFO - Starting G&C
2025-08-03 20:23:54,028 - INFO - Finished G&C, time elapsed=5.585286855697632s
2025-08-03 20:23:54,028 - INFO - Finished seed=6
2025-08-03 20:23:54,029 - INFO - Starting seed=7
2025-08-03 20:23:54,033 - INFO - A_teacher is 0.31256014108657837
2025-08-03 20:23:54,037 - INFO - Starting G&C
2025-08-03 20:23:59,718 - INFO - Finished G&C, time elapsed=5.681408166885376s
2025-08-03 20:23:59,719 - INFO - Finished seed=7
2025-08-03 20:23:59,720 - INFO - ----------------------------------------------------------------------------------------------------------------------------------------------
2025-08-03 20:23:59,720 - INFO - ----------------------------------------------------------------------------------------------------------------------------------------------
2025-08-03 20:23:59,720 - INFO - Finished student_dim=15
2025-08-03 20:23:59,720 - INFO - G&C avg gen_loss = 1.27624382985106
2025-08-03 20:23:59,720 - INFO - ----------------------------------------------------------------------------------------------------------------------------------------------
2025-08-03 20:23:59,720 - INFO - Starting student_dim=16
2025-08-03 20:23:59,722 - INFO - Starting seed=0
2025-08-03 20:23:59,725 - INFO - A_teacher is 0.48532047867774963
2025-08-03 20:23:59,734 - INFO - Starting G&C
2025-08-03 20:24:12,090 - INFO - Finished G&C, time elapsed=12.356281042098999s
2025-08-03 20:24:12,091 - INFO - Finished seed=0
2025-08-03 20:24:12,091 - INFO - Starting seed=1
2025-08-03 20:24:12,093 - INFO - A_teacher is 0.6540995836257935
2025-08-03 20:24:12,096 - INFO - Starting G&C
2025-08-03 20:24:17,938 - INFO - Finished G&C, time elapsed=5.8418309688568115s
2025-08-03 20:24:17,939 - INFO - Finished seed=1
2025-08-03 20:24:17,939 - INFO - Starting seed=2
2025-08-03 20:24:17,942 - INFO - A_teacher is 0.5661352276802063
2025-08-03 20:24:17,944 - INFO - Starting G&C
2025-08-03 20:24:23,505 - INFO - Finished G&C, time elapsed=5.560781717300415s
2025-08-03 20:24:23,505 - INFO - Finished seed=2
2025-08-03 20:24:23,505 - INFO - Starting seed=3
2025-08-03 20:24:23,507 - INFO - A_teacher is 0.539229691028595
2025-08-03 20:24:23,509 - INFO - Starting G&C
2025-08-03 20:24:29,071 - INFO - Finished G&C, time elapsed=5.562330007553101s
2025-08-03 20:24:29,072 - INFO - Finished seed=3
2025-08-03 20:24:29,073 - INFO - Starting seed=4
2025-08-03 20:24:29,075 - INFO - A_teacher is 0.5803276300430298
2025-08-03 20:24:29,077 - INFO - Starting G&C
2025-08-03 20:24:34,579 - INFO - Finished G&C, time elapsed=5.50220799446106s
2025-08-03 20:24:34,579 - INFO - Finished seed=4
2025-08-03 20:24:34,580 - INFO - Starting seed=5
2025-08-03 20:24:34,582 - INFO - A_teacher is 0.33947238326072693
2025-08-03 20:24:34,583 - INFO - Starting G&C
2025-08-03 20:24:40,071 - INFO - Finished G&C, time elapsed=5.487880229949951s
2025-08-03 20:24:40,072 - INFO - Finished seed=5
2025-08-03 20:24:40,072 - INFO - Starting seed=6
2025-08-03 20:24:40,075 - INFO - A_teacher is 0.45132192969322205
2025-08-03 20:24:40,077 - INFO - Starting G&C
2025-08-03 20:24:45,662 - INFO - Finished G&C, time elapsed=5.5849668979644775s
2025-08-03 20:24:45,662 - INFO - Finished seed=6
2025-08-03 20:24:45,663 - INFO - Starting seed=7
2025-08-03 20:24:45,665 - INFO - A_teacher is 0.31256014108657837
2025-08-03 20:24:45,667 - INFO - Starting G&C
2025-08-03 20:24:51,290 - INFO - Finished G&C, time elapsed=5.6230738162994385s
2025-08-03 20:24:51,291 - INFO - Finished seed=7
2025-08-03 20:24:51,292 - INFO - ----------------------------------------------------------------------------------------------------------------------------------------------
2025-08-03 20:24:51,292 - INFO - ----------------------------------------------------------------------------------------------------------------------------------------------
2025-08-03 20:24:51,292 - INFO - Finished student_dim=16
2025-08-03 20:24:51,292 - INFO - G&C avg gen_loss = 1.293539504338844
2025-08-03 20:24:51,292 - INFO - ----------------------------------------------------------------------------------------------------------------------------------------------
2025-08-03 20:24:51,292 - INFO - Starting student_dim=17
2025-08-03 20:24:51,292 - INFO - Starting seed=0
2025-08-03 20:24:51,294 - INFO - A_teacher is 0.48532047867774963
2025-08-03 20:24:51,301 - INFO - Starting G&C
2025-08-03 20:25:05,324 - INFO - Finished G&C, time elapsed=14.022323846817017s
2025-08-03 20:25:05,325 - INFO - Finished seed=0
2025-08-03 20:25:05,325 - INFO - Starting seed=1
2025-08-03 20:25:05,329 - INFO - A_teacher is 0.6540995836257935
2025-08-03 20:25:05,336 - INFO - Starting G&C
2025-08-03 20:25:10,968 - INFO - Finished G&C, time elapsed=5.63237190246582s
2025-08-03 20:25:10,969 - INFO - Finished seed=1
2025-08-03 20:25:10,969 - INFO - Starting seed=2
2025-08-03 20:25:10,970 - INFO - A_teacher is 0.5661352276802063
2025-08-03 20:25:10,972 - INFO - Starting G&C
2025-08-03 20:25:16,511 - INFO - Finished G&C, time elapsed=5.538038730621338s
2025-08-03 20:25:16,511 - INFO - Finished seed=2
2025-08-03 20:25:16,511 - INFO - Starting seed=3
2025-08-03 20:25:16,513 - INFO - A_teacher is 0.539229691028595
2025-08-03 20:25:16,515 - INFO - Starting G&C
2025-08-03 20:25:22,091 - INFO - Finished G&C, time elapsed=5.575515985488892s
2025-08-03 20:25:22,091 - INFO - Finished seed=3
2025-08-03 20:25:22,091 - INFO - Starting seed=4
2025-08-03 20:25:22,093 - INFO - A_teacher is 0.5803276300430298
2025-08-03 20:25:22,096 - INFO - Starting G&C
2025-08-03 20:25:27,903 - INFO - Finished G&C, time elapsed=5.807202100753784s
2025-08-03 20:25:27,903 - INFO - Finished seed=4
2025-08-03 20:25:27,904 - INFO - Starting seed=5
2025-08-03 20:25:27,906 - INFO - A_teacher is 0.33947238326072693
2025-08-03 20:25:27,908 - INFO - Starting G&C
2025-08-03 20:25:33,422 - INFO - Finished G&C, time elapsed=5.51435399055481s
2025-08-03 20:25:33,423 - INFO - Finished seed=5
2025-08-03 20:25:33,423 - INFO - Starting seed=6
2025-08-03 20:25:33,424 - INFO - A_teacher is 0.45132192969322205
2025-08-03 20:25:33,427 - INFO - Starting G&C
2025-08-03 20:25:38,913 - INFO - Finished G&C, time elapsed=5.486315011978149s
2025-08-03 20:25:38,915 - INFO - Finished seed=6
2025-08-03 20:25:38,915 - INFO - Starting seed=7
2025-08-03 20:25:38,916 - INFO - A_teacher is 0.31256014108657837
2025-08-03 20:25:38,919 - INFO - Starting G&C
2025-08-03 20:25:44,409 - INFO - Finished G&C, time elapsed=5.489625692367554s
2025-08-03 20:25:44,409 - INFO - Finished seed=7
2025-08-03 20:25:44,410 - INFO - ----------------------------------------------------------------------------------------------------------------------------------------------
2025-08-03 20:25:44,410 - INFO - ----------------------------------------------------------------------------------------------------------------------------------------------
2025-08-03 20:25:44,410 - INFO - Finished student_dim=17
2025-08-03 20:25:44,412 - INFO - G&C avg gen_loss = 1.3104473219146135
2025-08-03 20:25:44,412 - INFO - ----------------------------------------------------------------------------------------------------------------------------------------------
2025-08-03 20:25:44,412 - INFO - Starting student_dim=18
2025-08-03 20:25:44,412 - INFO - Starting seed=0
2025-08-03 20:25:44,414 - INFO - A_teacher is 0.48532047867774963
2025-08-03 20:25:44,423 - INFO - Starting G&C
2025-08-03 20:25:54,735 - INFO - Finished G&C, time elapsed=10.311791896820068s
2025-08-03 20:25:54,737 - INFO - Finished seed=0
2025-08-03 20:25:54,737 - INFO - Starting seed=1
2025-08-03 20:25:54,739 - INFO - A_teacher is 0.6540995836257935
2025-08-03 20:25:54,741 - INFO - Starting G&C
2025-08-03 20:26:00,545 - INFO - Finished G&C, time elapsed=5.803380012512207s
2025-08-03 20:26:00,545 - INFO - Finished seed=1
2025-08-03 20:26:00,546 - INFO - Starting seed=2
2025-08-03 20:26:00,547 - INFO - A_teacher is 0.5661352276802063
2025-08-03 20:26:00,550 - INFO - Starting G&C
2025-08-03 20:26:06,276 - INFO - Finished G&C, time elapsed=5.72617506980896s
2025-08-03 20:26:06,276 - INFO - Finished seed=2
2025-08-03 20:26:06,277 - INFO - Starting seed=3
2025-08-03 20:26:06,279 - INFO - A_teacher is 0.539229691028595
2025-08-03 20:26:06,280 - INFO - Starting G&C
2025-08-03 20:26:11,907 - INFO - Finished G&C, time elapsed=5.626571893692017s
2025-08-03 20:26:11,907 - INFO - Finished seed=3
2025-08-03 20:26:11,908 - INFO - Starting seed=4
2025-08-03 20:26:11,909 - INFO - A_teacher is 0.5803276300430298
2025-08-03 20:26:11,911 - INFO - Starting G&C
2025-08-03 20:26:17,608 - INFO - Finished G&C, time elapsed=5.69673228263855s
2025-08-03 20:26:17,609 - INFO - Finished seed=4
2025-08-03 20:26:17,609 - INFO - Starting seed=5
2025-08-03 20:26:17,611 - INFO - A_teacher is 0.33947238326072693
2025-08-03 20:26:17,613 - INFO - Starting G&C
2025-08-03 20:26:23,436 - INFO - Finished G&C, time elapsed=5.821975946426392s
2025-08-03 20:26:23,436 - INFO - Finished seed=5
2025-08-03 20:26:23,437 - INFO - Starting seed=6
2025-08-03 20:26:23,438 - INFO - A_teacher is 0.45132192969322205
2025-08-03 20:26:23,441 - INFO - Starting G&C
2025-08-03 20:26:29,223 - INFO - Finished G&C, time elapsed=5.782443046569824s
2025-08-03 20:26:29,224 - INFO - Finished seed=6
2025-08-03 20:26:29,224 - INFO - Starting seed=7
2025-08-03 20:26:29,227 - INFO - A_teacher is 0.31256014108657837
2025-08-03 20:26:29,229 - INFO - Starting G&C
2025-08-03 20:26:34,950 - INFO - Finished G&C, time elapsed=5.721158266067505s
2025-08-03 20:26:34,950 - INFO - Finished seed=7
2025-08-03 20:26:34,951 - INFO - ----------------------------------------------------------------------------------------------------------------------------------------------
2025-08-03 20:26:34,951 - INFO - ----------------------------------------------------------------------------------------------------------------------------------------------
2025-08-03 20:26:34,951 - INFO - Finished student_dim=18
2025-08-03 20:26:34,951 - INFO - G&C avg gen_loss = 1.3200540466868491
2025-08-03 20:26:34,951 - INFO - ----------------------------------------------------------------------------------------------------------------------------------------------
2025-08-03 20:26:34,952 - INFO - Starting student_dim=19
2025-08-03 20:26:34,952 - INFO - Starting seed=0
2025-08-03 20:26:34,953 - INFO - A_teacher is 0.48532047867774963
2025-08-03 20:26:34,961 - INFO - Starting G&C
2025-08-03 20:26:45,036 - INFO - Finished G&C, time elapsed=10.073807954788208s
2025-08-03 20:26:45,037 - INFO - Finished seed=0
2025-08-03 20:26:45,038 - INFO - Starting seed=1
2025-08-03 20:26:45,042 - INFO - A_teacher is 0.6540995836257935
2025-08-03 20:26:45,047 - INFO - Starting G&C
2025-08-03 20:26:51,244 - INFO - Finished G&C, time elapsed=6.196336984634399s
2025-08-03 20:26:51,244 - INFO - Finished seed=1
2025-08-03 20:26:51,245 - INFO - Starting seed=2
2025-08-03 20:26:51,248 - INFO - A_teacher is 0.5661352276802063
2025-08-03 20:26:51,250 - INFO - Starting G&C
2025-08-03 20:26:57,464 - INFO - Finished G&C, time elapsed=6.213327646255493s
2025-08-03 20:26:57,464 - INFO - Finished seed=2
2025-08-03 20:26:57,465 - INFO - Starting seed=3
2025-08-03 20:26:57,468 - INFO - A_teacher is 0.539229691028595
2025-08-03 20:26:57,470 - INFO - Starting G&C
2025-08-03 20:27:03,991 - INFO - Finished G&C, time elapsed=6.520200967788696s
2025-08-03 20:27:03,991 - INFO - Finished seed=3
2025-08-03 20:27:03,992 - INFO - Starting seed=4
2025-08-03 20:27:03,995 - INFO - A_teacher is 0.5803276300430298
2025-08-03 20:27:03,997 - INFO - Starting G&C
2025-08-03 20:27:10,326 - INFO - Finished G&C, time elapsed=6.328893184661865s
2025-08-03 20:27:10,327 - INFO - Finished seed=4
2025-08-03 20:27:10,327 - INFO - Starting seed=5
2025-08-03 20:27:10,331 - INFO - A_teacher is 0.33947238326072693
2025-08-03 20:27:10,333 - INFO - Starting G&C
2025-08-03 20:27:16,554 - INFO - Finished G&C, time elapsed=6.220655202865601s
2025-08-03 20:27:16,555 - INFO - Finished seed=5
2025-08-03 20:27:16,555 - INFO - Starting seed=6
2025-08-03 20:27:16,558 - INFO - A_teacher is 0.45132192969322205
2025-08-03 20:27:16,561 - INFO - Starting G&C
2025-08-03 20:27:23,472 - INFO - Finished G&C, time elapsed=6.910976886749268s
2025-08-03 20:27:23,472 - INFO - Finished seed=6
2025-08-03 20:27:23,473 - INFO - Starting seed=7
2025-08-03 20:27:23,476 - INFO - A_teacher is 0.31256014108657837
2025-08-03 20:27:23,479 - INFO - Starting G&C
2025-08-03 20:27:30,493 - INFO - Finished G&C, time elapsed=7.013412237167358s
2025-08-03 20:27:30,493 - INFO - Finished seed=7
2025-08-03 20:27:30,495 - INFO - ----------------------------------------------------------------------------------------------------------------------------------------------
2025-08-03 20:27:30,495 - INFO - ----------------------------------------------------------------------------------------------------------------------------------------------
2025-08-03 20:27:30,495 - INFO - Finished student_dim=19
2025-08-03 20:27:30,499 - INFO - G&C avg gen_loss = 1.3422255630905089
2025-08-03 20:27:30,499 - INFO - ----------------------------------------------------------------------------------------------------------------------------------------------
2025-08-03 20:27:31,077 - INFO - Finished experiments, results saved to results, figures saved to figures
