2025-08-03 21:20:22,098 - INFO - Using device mps.
2025-08-03 21:20:22,098 - INFO - Args: Namespace(num_seeds=1, num_measurements=1, input_e1=True, sequence_length=7, teacher_ranks=[1], student_dims=[10, 11, 12, 13, 14, 15, 16, 17, 18, 19, 20, 21, 22, 23, 24], calc_loss_only_on_last_output=True, eps_train=1e-11, gnc=True, gnc_num_samples=100000000, gnc_batch_size=10000000, gd=False, gd_lr=0.01, gd_epochs=100000, gd_init_scale=0.01, gd_optimizer='adam', config=None, results_dir=PosixPath('results'), figures_dir=PosixPath('figures'), log_dir=PosixPath('logs'))
2025-08-03 21:20:22,108 - INFO - Starting teacher_rank=1
2025-08-03 21:20:22,108 - INFO - Starting student_dim=10
2025-08-03 21:20:22,108 - INFO - Starting seed=0
2025-08-03 21:20:22,113 - INFO - A_teacher is 0.46093764901161194
2025-08-03 21:20:22,139 - INFO - Starting G&C
2025-08-03 21:20:27,433 - INFO - Finished G&C, time elapsed=5.293349027633667s
2025-08-03 21:20:27,433 - INFO - Finished seed=0
2025-08-03 21:20:27,433 - INFO - ----------------------------------------------------------------------------------------------------------------------------------------------
2025-08-03 21:20:27,433 - INFO - ----------------------------------------------------------------------------------------------------------------------------------------------
2025-08-03 21:20:27,433 - INFO - Finished student_dim=10
2025-08-03 21:20:27,433 - INFO - G&C avg gen_loss = 0.9436305007939927
2025-08-03 21:20:27,433 - INFO - ----------------------------------------------------------------------------------------------------------------------------------------------
2025-08-03 21:20:27,433 - INFO - Starting student_dim=11
2025-08-03 21:20:27,433 - INFO - Starting seed=0
2025-08-03 21:20:27,435 - INFO - A_teacher is 0.6540995836257935
2025-08-03 21:20:27,438 - INFO - Starting G&C
2025-08-03 21:20:32,936 - INFO - Finished G&C, time elapsed=5.497528791427612s
2025-08-03 21:20:32,936 - INFO - Finished seed=0
2025-08-03 21:20:32,936 - INFO - ----------------------------------------------------------------------------------------------------------------------------------------------
2025-08-03 21:20:32,936 - INFO - ----------------------------------------------------------------------------------------------------------------------------------------------
2025-08-03 21:20:32,936 - INFO - Finished student_dim=11
2025-08-03 21:20:32,936 - INFO - G&C avg gen_loss = 2.1670351569319135
2025-08-03 21:20:32,936 - INFO - ----------------------------------------------------------------------------------------------------------------------------------------------
2025-08-03 21:20:32,936 - INFO - Starting student_dim=12
2025-08-03 21:20:32,936 - INFO - Starting seed=0
2025-08-03 21:20:32,937 - INFO - A_teacher is 0.6540995836257935
2025-08-03 21:20:32,941 - INFO - Starting G&C
2025-08-03 21:20:38,562 - INFO - Finished G&C, time elapsed=5.621175050735474s
2025-08-03 21:20:38,562 - INFO - Finished seed=0
2025-08-03 21:20:38,562 - INFO - ----------------------------------------------------------------------------------------------------------------------------------------------
2025-08-03 21:20:38,562 - INFO - ----------------------------------------------------------------------------------------------------------------------------------------------
2025-08-03 21:20:38,562 - INFO - Finished student_dim=12
2025-08-03 21:20:38,562 - INFO - G&C avg gen_loss = 2.318581941225956
2025-08-03 21:20:38,562 - INFO - ----------------------------------------------------------------------------------------------------------------------------------------------
2025-08-03 21:20:38,562 - INFO - Starting student_dim=13
2025-08-03 21:20:38,563 - INFO - Starting seed=0
2025-08-03 21:20:38,564 - INFO - A_teacher is 0.6540995836257935
2025-08-03 21:20:38,567 - INFO - Starting G&C
2025-08-03 21:20:44,589 - INFO - Finished G&C, time elapsed=6.021795034408569s
2025-08-03 21:20:44,590 - INFO - Finished seed=0
2025-08-03 21:20:44,590 - INFO - ----------------------------------------------------------------------------------------------------------------------------------------------
2025-08-03 21:20:44,591 - INFO - ----------------------------------------------------------------------------------------------------------------------------------------------
2025-08-03 21:20:44,591 - INFO - Finished student_dim=13
2025-08-03 21:20:44,591 - INFO - G&C avg gen_loss = 2.3535070498139126
2025-08-03 21:20:44,591 - INFO - ----------------------------------------------------------------------------------------------------------------------------------------------
2025-08-03 21:20:44,591 - INFO - Starting student_dim=14
2025-08-03 21:20:44,591 - INFO - Starting seed=0
2025-08-03 21:20:44,592 - INFO - A_teacher is 0.6540995836257935
2025-08-03 21:20:44,596 - INFO - Starting G&C
2025-08-03 21:20:50,837 - INFO - Finished G&C, time elapsed=6.240762233734131s
2025-08-03 21:20:50,837 - INFO - Finished seed=0
2025-08-03 21:20:50,837 - INFO - ----------------------------------------------------------------------------------------------------------------------------------------------
2025-08-03 21:20:50,837 - INFO - ----------------------------------------------------------------------------------------------------------------------------------------------
2025-08-03 21:20:50,837 - INFO - Finished student_dim=14
2025-08-03 21:20:50,837 - INFO - G&C avg gen_loss = 2.4762298263366684
2025-08-03 21:20:50,837 - INFO - ----------------------------------------------------------------------------------------------------------------------------------------------
2025-08-03 21:20:50,837 - INFO - Starting student_dim=15
2025-08-03 21:20:50,837 - INFO - Starting seed=0
2025-08-03 21:20:50,839 - INFO - A_teacher is 0.6540995836257935
2025-08-03 21:20:50,842 - INFO - Starting G&C
2025-08-03 21:20:57,224 - INFO - Finished G&C, time elapsed=6.381814002990723s
2025-08-03 21:20:57,225 - INFO - Finished seed=0
2025-08-03 21:20:57,226 - INFO - ----------------------------------------------------------------------------------------------------------------------------------------------
2025-08-03 21:20:57,226 - INFO - ----------------------------------------------------------------------------------------------------------------------------------------------
2025-08-03 21:20:57,226 - INFO - Finished student_dim=15
2025-08-03 21:20:57,226 - INFO - G&C avg gen_loss = 2.592554221666721
2025-08-03 21:20:57,226 - INFO - ----------------------------------------------------------------------------------------------------------------------------------------------
2025-08-03 21:20:57,226 - INFO - Starting student_dim=16
2025-08-03 21:20:57,227 - INFO - Starting seed=0
2025-08-03 21:20:57,228 - INFO - A_teacher is 0.6540995836257935
2025-08-03 21:20:57,232 - INFO - Starting G&C
2025-08-03 21:21:06,263 - INFO - Finished G&C, time elapsed=9.030604124069214s
2025-08-03 21:21:06,264 - INFO - Finished seed=0
2025-08-03 21:21:06,265 - INFO - ----------------------------------------------------------------------------------------------------------------------------------------------
2025-08-03 21:21:06,265 - INFO - ----------------------------------------------------------------------------------------------------------------------------------------------
2025-08-03 21:21:06,265 - INFO - Finished student_dim=16
2025-08-03 21:21:06,265 - INFO - G&C avg gen_loss = 2.5477156608914115
2025-08-03 21:21:06,265 - INFO - ----------------------------------------------------------------------------------------------------------------------------------------------
2025-08-03 21:21:06,265 - INFO - Starting student_dim=17
2025-08-03 21:21:06,265 - INFO - Starting seed=0
2025-08-03 21:21:06,280 - INFO - A_teacher is 0.6540995836257935
2025-08-03 21:21:06,294 - INFO - Starting G&C
2025-08-03 21:21:20,616 - INFO - Finished G&C, time elapsed=14.321253061294556s
2025-08-03 21:21:20,617 - INFO - Finished seed=0
2025-08-03 21:21:20,617 - INFO - ----------------------------------------------------------------------------------------------------------------------------------------------
2025-08-03 21:21:20,617 - INFO - ----------------------------------------------------------------------------------------------------------------------------------------------
2025-08-03 21:21:20,617 - INFO - Finished student_dim=17
2025-08-03 21:21:20,618 - INFO - G&C avg gen_loss = 2.6594521334663863
2025-08-03 21:21:20,618 - INFO - ----------------------------------------------------------------------------------------------------------------------------------------------
2025-08-03 21:21:20,618 - INFO - Starting student_dim=18
2025-08-03 21:21:20,618 - INFO - Starting seed=0
2025-08-03 21:21:20,620 - INFO - A_teacher is 0.6540995836257935
2025-08-03 21:21:20,626 - INFO - Starting G&C
2025-08-03 21:21:27,495 - INFO - Finished G&C, time elapsed=6.86895489692688s
2025-08-03 21:21:27,496 - INFO - Finished seed=0
2025-08-03 21:21:27,496 - INFO - ----------------------------------------------------------------------------------------------------------------------------------------------
2025-08-03 21:21:27,496 - INFO - ----------------------------------------------------------------------------------------------------------------------------------------------
2025-08-03 21:21:27,496 - INFO - Finished student_dim=18
2025-08-03 21:21:27,496 - INFO - G&C avg gen_loss = 2.7094923301893115
2025-08-03 21:21:27,496 - INFO - ----------------------------------------------------------------------------------------------------------------------------------------------
2025-08-03 21:21:27,496 - INFO - Starting student_dim=19
2025-08-03 21:21:27,496 - INFO - Starting seed=0
2025-08-03 21:21:27,497 - INFO - A_teacher is 0.6540995836257935
2025-08-03 21:21:27,502 - INFO - Starting G&C
2025-08-03 21:21:35,371 - INFO - Finished G&C, time elapsed=7.868244886398315s
2025-08-03 21:21:35,371 - INFO - Finished seed=0
2025-08-03 21:21:35,372 - INFO - ----------------------------------------------------------------------------------------------------------------------------------------------
2025-08-03 21:21:35,372 - INFO - ----------------------------------------------------------------------------------------------------------------------------------------------
2025-08-03 21:21:35,372 - INFO - Finished student_dim=19
2025-08-03 21:21:35,372 - INFO - G&C avg gen_loss = 2.8073492812797367
2025-08-03 21:21:35,372 - INFO - ----------------------------------------------------------------------------------------------------------------------------------------------
2025-08-03 21:21:35,372 - INFO - Starting student_dim=20
2025-08-03 21:21:35,373 - INFO - Starting seed=0
2025-08-03 21:21:35,374 - INFO - A_teacher is 0.6540995836257935
2025-08-03 21:21:35,381 - INFO - Starting G&C
2025-08-03 21:21:45,152 - INFO - Finished G&C, time elapsed=9.77141523361206s
2025-08-03 21:21:45,153 - INFO - Finished seed=0
2025-08-03 21:21:45,154 - INFO - ----------------------------------------------------------------------------------------------------------------------------------------------
2025-08-03 21:21:45,154 - INFO - ----------------------------------------------------------------------------------------------------------------------------------------------
2025-08-03 21:21:45,154 - INFO - Finished student_dim=20
2025-08-03 21:21:45,154 - INFO - G&C avg gen_loss = 2.7126667706098138
2025-08-03 21:21:45,154 - INFO - ----------------------------------------------------------------------------------------------------------------------------------------------
2025-08-03 21:21:45,154 - INFO - Starting student_dim=21
2025-08-03 21:21:45,155 - INFO - Starting seed=0
2025-08-03 21:21:45,156 - INFO - A_teacher is 0.6540995836257935
2025-08-03 21:21:45,163 - INFO - Starting G&C
2025-08-03 21:21:54,494 - INFO - Finished G&C, time elapsed=9.330708980560303s
2025-08-03 21:21:54,495 - INFO - Finished seed=0
2025-08-03 21:21:54,496 - INFO - ----------------------------------------------------------------------------------------------------------------------------------------------
2025-08-03 21:21:54,496 - INFO - ----------------------------------------------------------------------------------------------------------------------------------------------
2025-08-03 21:21:54,496 - INFO - Finished student_dim=21
2025-08-03 21:21:54,496 - INFO - G&C avg gen_loss = 2.90075434987545
2025-08-03 21:21:54,496 - INFO - ----------------------------------------------------------------------------------------------------------------------------------------------
2025-08-03 21:21:54,496 - INFO - Starting student_dim=22
2025-08-03 21:21:54,496 - INFO - Starting seed=0
2025-08-03 21:21:54,498 - INFO - A_teacher is 0.6540995836257935
2025-08-03 21:21:54,505 - INFO - Starting G&C
2025-08-03 21:22:02,820 - INFO - Finished G&C, time elapsed=8.315484285354614s
2025-08-03 21:22:02,821 - INFO - Finished seed=0
2025-08-03 21:22:02,821 - INFO - ----------------------------------------------------------------------------------------------------------------------------------------------
2025-08-03 21:22:02,821 - INFO - ----------------------------------------------------------------------------------------------------------------------------------------------
2025-08-03 21:22:02,821 - INFO - Finished student_dim=22
2025-08-03 21:22:02,822 - INFO - G&C avg gen_loss = 2.9678364424503036
2025-08-03 21:22:02,822 - INFO - ----------------------------------------------------------------------------------------------------------------------------------------------
2025-08-03 21:22:02,822 - INFO - Starting student_dim=23
2025-08-03 21:22:02,822 - INFO - Starting seed=0
2025-08-03 21:22:02,824 - INFO - A_teacher is 0.6540995836257935
2025-08-03 21:22:02,831 - INFO - Starting G&C
2025-08-03 21:22:12,313 - INFO - Finished G&C, time elapsed=9.48215103149414s
2025-08-03 21:22:12,315 - INFO - Finished seed=0
2025-08-03 21:22:12,315 - INFO - ----------------------------------------------------------------------------------------------------------------------------------------------
2025-08-03 21:22:12,315 - INFO - ----------------------------------------------------------------------------------------------------------------------------------------------
2025-08-03 21:22:12,315 - INFO - Finished student_dim=23
2025-08-03 21:22:12,316 - INFO - G&C avg gen_loss = 3.1006431328338517
2025-08-03 21:22:12,316 - INFO - ----------------------------------------------------------------------------------------------------------------------------------------------
2025-08-03 21:22:12,316 - INFO - Starting student_dim=24
2025-08-03 21:22:12,316 - INFO - Starting seed=0
2025-08-03 21:22:12,317 - INFO - A_teacher is 0.6540995836257935
2025-08-03 21:22:12,325 - INFO - Starting G&C
2025-08-03 21:22:21,044 - INFO - Finished G&C, time elapsed=8.71930193901062s
2025-08-03 21:22:21,045 - INFO - Finished seed=0
2025-08-03 21:22:21,045 - INFO - ----------------------------------------------------------------------------------------------------------------------------------------------
2025-08-03 21:22:21,045 - INFO - ----------------------------------------------------------------------------------------------------------------------------------------------
2025-08-03 21:22:21,046 - INFO - Finished student_dim=24
2025-08-03 21:22:21,046 - INFO - G&C avg gen_loss = 2.944874418200925
2025-08-03 21:22:21,046 - INFO - ----------------------------------------------------------------------------------------------------------------------------------------------
2025-08-03 21:22:21,445 - INFO - Finished experiments, results saved to results_gnc_seq_len=7_num_measurements=1_input_e1=True_time=20250803-212221.csv, figures saved to plot_gnc_seq_len=7_num_measurements=1_input_e1=True_time=20250803-212221
