2025-07-27 18:01:40,210 - INFO - Using device mps.
2025-07-27 18:01:40,221 - INFO - Starting teacher_rank=1
2025-07-27 18:01:40,221 - INFO - Starting student_dim=3
2025-07-27 18:01:40,222 - INFO - Starting seed=0
2025-07-27 18:01:40,249 - INFO - Starting GD
2025-07-27 18:01:40,660 - INFO - Max A_j index in initial model: 0
2025-07-27 18:04:15,920 - INFO - Max A_j index in final model: 0
2025-07-27 18:04:15,921 - INFO - Finished GD, time elapsed=155.6716001033783s
2025-07-27 18:04:15,921 - INFO - Finished seed=0
2025-07-27 18:04:15,921 - INFO - Starting seed=1
2025-07-27 18:04:15,922 - INFO - Starting GD
2025-07-27 18:04:15,928 - INFO - Max A_j index in initial model: 0
2025-07-27 18:06:49,666 - INFO - Max A_j index in final model: 0
2025-07-27 18:06:49,666 - INFO - Finished GD, time elapsed=153.74451303482056s
2025-07-27 18:06:49,666 - INFO - Finished seed=1
2025-07-27 18:06:49,667 - INFO - Starting seed=2
2025-07-27 18:06:49,667 - INFO - Starting GD
2025-07-27 18:06:49,668 - INFO - Max A_j index in initial model: 0
2025-07-27 18:09:24,486 - INFO - Max A_j index in final model: 0
2025-07-27 18:09:24,486 - INFO - Finished GD, time elapsed=154.81872391700745s
2025-07-27 18:09:24,486 - INFO - Finished seed=2
2025-07-27 18:09:24,486 - INFO - Starting seed=3
2025-07-27 18:09:24,487 - INFO - Starting GD
2025-07-27 18:09:24,488 - INFO - Max A_j index in initial model: 0
2025-07-27 18:12:01,008 - INFO - Max A_j index in final model: 0
2025-07-27 18:12:01,009 - INFO - Finished GD, time elapsed=156.52174997329712s
2025-07-27 18:12:01,009 - INFO - Finished seed=3
2025-07-27 18:12:01,009 - INFO - ----------------------------------------------------------------------------------------------------------------------------------------------
2025-07-27 18:12:01,009 - INFO - ----------------------------------------------------------------------------------------------------------------------------------------------
2025-07-27 18:12:01,009 - INFO - Finished student_dim=3 with G&C avg gen_loss = 0.0, GD avg gen_loss = 0.04610027861781418
2025-07-27 18:12:01,009 - INFO - ----------------------------------------------------------------------------------------------------------------------------------------------
2025-07-27 18:12:01,009 - INFO - Starting student_dim=4
2025-07-27 18:12:01,009 - INFO - Starting seed=0
2025-07-27 18:12:01,014 - INFO - Starting GD
2025-07-27 18:12:01,017 - INFO - Max A_j index in initial model: 0
2025-07-27 18:14:38,199 - INFO - Max A_j index in final model: 0
2025-07-27 18:14:38,200 - INFO - Finished GD, time elapsed=157.18539214134216s
2025-07-27 18:14:38,200 - INFO - Finished seed=0
2025-07-27 18:14:38,200 - INFO - Starting seed=1
2025-07-27 18:14:38,201 - INFO - Starting GD
2025-07-27 18:14:38,202 - INFO - Max A_j index in initial model: 0
2025-07-27 18:17:12,588 - INFO - Max A_j index in final model: 1
2025-07-27 18:17:12,588 - INFO - Finished GD, time elapsed=154.38748598098755s
2025-07-27 18:17:12,588 - INFO - Finished seed=1
2025-07-27 18:17:12,588 - INFO - Starting seed=2
2025-07-27 18:17:12,589 - INFO - Starting GD
2025-07-27 18:17:12,590 - INFO - Max A_j index in initial model: 0
2025-07-27 18:19:44,476 - INFO - Max A_j index in final model: 0
2025-07-27 18:19:44,477 - INFO - Finished GD, time elapsed=151.88756608963013s
2025-07-27 18:19:44,477 - INFO - Finished seed=2
2025-07-27 18:19:44,477 - INFO - Starting seed=3
2025-07-27 18:19:44,478 - INFO - Starting GD
2025-07-27 18:19:44,479 - INFO - Max A_j index in initial model: 0
2025-07-27 18:22:17,043 - INFO - Max A_j index in final model: 0
2025-07-27 18:22:17,043 - INFO - Finished GD, time elapsed=152.56554698944092s
2025-07-27 18:22:17,043 - INFO - Finished seed=3
2025-07-27 18:22:17,043 - INFO - ----------------------------------------------------------------------------------------------------------------------------------------------
2025-07-27 18:22:17,043 - INFO - ----------------------------------------------------------------------------------------------------------------------------------------------
2025-07-27 18:22:17,043 - INFO - Finished student_dim=4 with G&C avg gen_loss = 0.0, GD avg gen_loss = 0.08801950374618173
2025-07-27 18:22:17,043 - INFO - ----------------------------------------------------------------------------------------------------------------------------------------------
2025-07-27 18:22:17,044 - INFO - Starting student_dim=5
2025-07-27 18:22:17,044 - INFO - Starting seed=0
2025-07-27 18:22:17,047 - INFO - Starting GD
2025-07-27 18:22:17,051 - INFO - Max A_j index in initial model: 0
2025-07-27 18:24:52,483 - INFO - Max A_j index in final model: 0
2025-07-27 18:24:52,484 - INFO - Finished GD, time elapsed=155.43708992004395s
2025-07-27 18:24:52,484 - INFO - Finished seed=0
2025-07-27 18:24:52,484 - INFO - Starting seed=1
2025-07-27 18:24:52,485 - INFO - Starting GD
2025-07-27 18:24:52,486 - INFO - Max A_j index in initial model: 0
