2025-08-03 20:30:00,917 - INFO - Using device mps.
2025-08-03 20:30:00,917 - INFO - Args: Namespace(num_seeds=8, num_measurements=1, input_e1=False, sequence_length=3, teacher_ranks=[1], student_dims=[3, 4, 5, 6, 7, 8, 9, 10, 11, 12, 13, 14, 15, 16, 17, 18, 19], calc_loss_only_on_last_output=True, eps_train=1e-09, gnc=True, gnc_num_samples=100000000, gnc_batch_size=10000000, gd=False, gd_lr=0.01, gd_epochs=100000, gd_init_scale=0.01, gd_optimizer='adam', config=None, results_dir=PosixPath('results'), figures_dir=PosixPath('figures'), log_dir=PosixPath('logs'))
2025-08-03 20:30:00,928 - INFO - Starting teacher_rank=1
2025-08-03 20:30:00,928 - INFO - Starting student_dim=3
2025-08-03 20:30:00,928 - INFO - Starting seed=0
2025-08-03 20:30:00,934 - INFO - A_teacher is 0.5631165504455566
2025-08-03 20:30:00,961 - INFO - Starting G&C
2025-08-03 20:30:04,039 - INFO - Finished G&C, time elapsed=3.077108860015869s
2025-08-03 20:30:04,039 - INFO - Finished seed=0
2025-08-03 20:30:04,039 - INFO - Starting seed=1
2025-08-03 20:30:04,040 - INFO - A_teacher is 0.6540995836257935
2025-08-03 20:30:04,041 - INFO - Starting G&C
2025-08-03 20:30:07,105 - INFO - Finished G&C, time elapsed=3.064260959625244s
2025-08-03 20:30:07,105 - INFO - Finished seed=1
2025-08-03 20:30:07,106 - INFO - Starting seed=2
2025-08-03 20:30:07,106 - INFO - A_teacher is 0.5661352276802063
2025-08-03 20:30:07,108 - INFO - Starting G&C
2025-08-03 20:30:10,122 - INFO - Finished G&C, time elapsed=3.014086961746216s
2025-08-03 20:30:10,122 - INFO - Finished seed=2
2025-08-03 20:30:10,122 - INFO - Starting seed=3
2025-08-03 20:30:10,123 - INFO - A_teacher is 0.539229691028595
2025-08-03 20:30:10,124 - INFO - Starting G&C
2025-08-03 20:30:13,132 - INFO - Finished G&C, time elapsed=3.0072426795959473s
2025-08-03 20:30:13,132 - INFO - Finished seed=3
2025-08-03 20:30:13,132 - INFO - Starting seed=4
2025-08-03 20:30:13,133 - INFO - A_teacher is 0.5803276300430298
2025-08-03 20:30:13,134 - INFO - Starting G&C
2025-08-03 20:30:16,097 - INFO - Finished G&C, time elapsed=2.9635560512542725s
2025-08-03 20:30:16,098 - INFO - Finished seed=4
2025-08-03 20:30:16,098 - INFO - Starting seed=5
2025-08-03 20:30:16,099 - INFO - A_teacher is 0.33947238326072693
2025-08-03 20:30:16,100 - INFO - Starting G&C
2025-08-03 20:30:19,052 - INFO - Finished G&C, time elapsed=2.9516799449920654s
2025-08-03 20:30:19,052 - INFO - Finished seed=5
2025-08-03 20:30:19,052 - INFO - Starting seed=6
2025-08-03 20:30:19,053 - INFO - A_teacher is 0.45132192969322205
2025-08-03 20:30:19,054 - INFO - Starting G&C
2025-08-03 20:30:22,049 - INFO - Finished G&C, time elapsed=2.9948158264160156s
2025-08-03 20:30:22,049 - INFO - Finished seed=6
2025-08-03 20:30:22,049 - INFO - Starting seed=7
2025-08-03 20:30:22,050 - INFO - A_teacher is 0.31256014108657837
2025-08-03 20:30:22,051 - INFO - Starting G&C
2025-08-03 20:30:25,083 - INFO - Finished G&C, time elapsed=3.031416177749634s
2025-08-03 20:30:25,083 - INFO - Finished seed=7
2025-08-03 20:30:25,083 - INFO - ----------------------------------------------------------------------------------------------------------------------------------------------
2025-08-03 20:30:25,083 - INFO - ----------------------------------------------------------------------------------------------------------------------------------------------
2025-08-03 20:30:25,083 - INFO - Finished student_dim=3
2025-08-03 20:30:25,083 - INFO - G&C avg gen_loss = 0.9901873590325019
2025-08-03 20:30:25,083 - INFO - ----------------------------------------------------------------------------------------------------------------------------------------------
2025-08-03 20:30:25,083 - INFO - Starting student_dim=4
2025-08-03 20:30:25,084 - INFO - Starting seed=0
2025-08-03 20:30:25,085 - INFO - A_teacher is 0.48532047867774963
2025-08-03 20:30:25,088 - INFO - Starting G&C
2025-08-03 20:30:28,198 - INFO - Finished G&C, time elapsed=3.1100008487701416s
2025-08-03 20:30:28,198 - INFO - Finished seed=0
2025-08-03 20:30:28,198 - INFO - Starting seed=1
2025-08-03 20:30:28,200 - INFO - A_teacher is 0.6540995836257935
2025-08-03 20:30:28,200 - INFO - Starting G&C
2025-08-03 20:30:31,315 - INFO - Finished G&C, time elapsed=3.1143176555633545s
2025-08-03 20:30:31,315 - INFO - Finished seed=1
2025-08-03 20:30:31,315 - INFO - Starting seed=2
2025-08-03 20:30:31,316 - INFO - A_teacher is 0.5661352276802063
2025-08-03 20:30:31,317 - INFO - Starting G&C
2025-08-03 20:30:34,399 - INFO - Finished G&C, time elapsed=3.0822908878326416s
2025-08-03 20:30:34,399 - INFO - Finished seed=2
2025-08-03 20:30:34,400 - INFO - Starting seed=3
2025-08-03 20:30:34,401 - INFO - A_teacher is 0.539229691028595
2025-08-03 20:30:34,401 - INFO - Starting G&C
2025-08-03 20:30:37,492 - INFO - Finished G&C, time elapsed=3.0906271934509277s
2025-08-03 20:30:37,492 - INFO - Finished seed=3
2025-08-03 20:30:37,492 - INFO - Starting seed=4
2025-08-03 20:30:37,494 - INFO - A_teacher is 0.5803276300430298
2025-08-03 20:30:37,495 - INFO - Starting G&C
2025-08-03 20:30:40,562 - INFO - Finished G&C, time elapsed=3.0675578117370605s
2025-08-03 20:30:40,562 - INFO - Finished seed=4
2025-08-03 20:30:40,563 - INFO - Starting seed=5
2025-08-03 20:30:40,563 - INFO - A_teacher is 0.33947238326072693
2025-08-03 20:30:40,564 - INFO - Starting G&C
2025-08-03 20:30:43,697 - INFO - Finished G&C, time elapsed=3.1333088874816895s
2025-08-03 20:30:43,697 - INFO - Finished seed=5
2025-08-03 20:30:43,698 - INFO - Starting seed=6
2025-08-03 20:30:43,699 - INFO - A_teacher is 0.45132192969322205
2025-08-03 20:30:43,700 - INFO - Starting G&C
2025-08-03 20:30:46,836 - INFO - Finished G&C, time elapsed=3.136047124862671s
2025-08-03 20:30:46,837 - INFO - Finished seed=6
2025-08-03 20:30:46,837 - INFO - Starting seed=7
2025-08-03 20:30:46,838 - INFO - A_teacher is 0.31256014108657837
2025-08-03 20:30:46,839 - INFO - Starting G&C
2025-08-03 20:30:49,978 - INFO - Finished G&C, time elapsed=3.1394991874694824s
2025-08-03 20:30:49,978 - INFO - Finished seed=7
2025-08-03 20:30:49,979 - INFO - ----------------------------------------------------------------------------------------------------------------------------------------------
2025-08-03 20:30:49,979 - INFO - ----------------------------------------------------------------------------------------------------------------------------------------------
2025-08-03 20:30:49,979 - INFO - Finished student_dim=4
2025-08-03 20:30:49,979 - INFO - G&C avg gen_loss = 1.0640595770548869
2025-08-03 20:30:49,979 - INFO - ----------------------------------------------------------------------------------------------------------------------------------------------
2025-08-03 20:30:49,979 - INFO - Starting student_dim=5
2025-08-03 20:30:49,979 - INFO - Starting seed=0
2025-08-03 20:30:49,980 - INFO - A_teacher is 0.48532047867774963
2025-08-03 20:30:49,985 - INFO - Starting G&C
2025-08-03 20:30:53,243 - INFO - Finished G&C, time elapsed=3.258665084838867s
2025-08-03 20:30:53,243 - INFO - Finished seed=0
2025-08-03 20:30:53,244 - INFO - Starting seed=1
2025-08-03 20:30:53,245 - INFO - A_teacher is 0.6540995836257935
2025-08-03 20:30:53,245 - INFO - Starting G&C
2025-08-03 20:30:56,467 - INFO - Finished G&C, time elapsed=3.2218191623687744s
2025-08-03 20:30:56,467 - INFO - Finished seed=1
2025-08-03 20:30:56,468 - INFO - Starting seed=2
2025-08-03 20:30:56,469 - INFO - A_teacher is 0.5661352276802063
2025-08-03 20:30:56,470 - INFO - Starting G&C
2025-08-03 20:30:59,708 - INFO - Finished G&C, time elapsed=3.2381808757781982s
2025-08-03 20:30:59,708 - INFO - Finished seed=2
2025-08-03 20:30:59,708 - INFO - Starting seed=3
2025-08-03 20:30:59,709 - INFO - A_teacher is 0.539229691028595
2025-08-03 20:30:59,710 - INFO - Starting G&C
2025-08-03 20:31:02,939 - INFO - Finished G&C, time elapsed=3.2292027473449707s
2025-08-03 20:31:02,939 - INFO - Finished seed=3
2025-08-03 20:31:02,939 - INFO - Starting seed=4
2025-08-03 20:31:02,940 - INFO - A_teacher is 0.5803276300430298
2025-08-03 20:31:02,941 - INFO - Starting G&C
2025-08-03 20:31:06,138 - INFO - Finished G&C, time elapsed=3.196632146835327s
2025-08-03 20:31:06,138 - INFO - Finished seed=4
2025-08-03 20:31:06,138 - INFO - Starting seed=5
2025-08-03 20:31:06,140 - INFO - A_teacher is 0.33947238326072693
2025-08-03 20:31:06,140 - INFO - Starting G&C
2025-08-03 20:31:09,292 - INFO - Finished G&C, time elapsed=3.151841163635254s
2025-08-03 20:31:09,292 - INFO - Finished seed=5
2025-08-03 20:31:09,293 - INFO - Starting seed=6
2025-08-03 20:31:09,294 - INFO - A_teacher is 0.45132192969322205
2025-08-03 20:31:09,296 - INFO - Starting G&C
2025-08-03 20:31:12,455 - INFO - Finished G&C, time elapsed=3.1593170166015625s
2025-08-03 20:31:12,455 - INFO - Finished seed=6
2025-08-03 20:31:12,455 - INFO - Starting seed=7
2025-08-03 20:31:12,457 - INFO - A_teacher is 0.31256014108657837
2025-08-03 20:31:12,458 - INFO - Starting G&C
2025-08-03 20:31:15,616 - INFO - Finished G&C, time elapsed=3.1578760147094727s
2025-08-03 20:31:15,616 - INFO - Finished seed=7
2025-08-03 20:31:15,616 - INFO - ----------------------------------------------------------------------------------------------------------------------------------------------
2025-08-03 20:31:15,616 - INFO - ----------------------------------------------------------------------------------------------------------------------------------------------
2025-08-03 20:31:15,616 - INFO - Finished student_dim=5
2025-08-03 20:31:15,617 - INFO - G&C avg gen_loss = 1.0870387601122116
2025-08-03 20:31:15,617 - INFO - ----------------------------------------------------------------------------------------------------------------------------------------------
2025-08-03 20:31:15,617 - INFO - Starting student_dim=6
2025-08-03 20:31:15,617 - INFO - Starting seed=0
2025-08-03 20:31:15,618 - INFO - A_teacher is 0.48532047867774963
2025-08-03 20:31:15,623 - INFO - Starting G&C
2025-08-03 20:31:19,106 - INFO - Finished G&C, time elapsed=3.4830169677734375s
2025-08-03 20:31:19,106 - INFO - Finished seed=0
2025-08-03 20:31:19,106 - INFO - Starting seed=1
2025-08-03 20:31:19,107 - INFO - A_teacher is 0.6540995836257935
2025-08-03 20:31:19,108 - INFO - Starting G&C
2025-08-03 20:31:22,433 - INFO - Finished G&C, time elapsed=3.325031042098999s
2025-08-03 20:31:22,433 - INFO - Finished seed=1
2025-08-03 20:31:22,434 - INFO - Starting seed=2
2025-08-03 20:31:22,435 - INFO - A_teacher is 0.5661352276802063
2025-08-03 20:31:22,436 - INFO - Starting G&C
2025-08-03 20:31:25,790 - INFO - Finished G&C, time elapsed=3.353984832763672s
2025-08-03 20:31:25,790 - INFO - Finished seed=2
2025-08-03 20:31:25,790 - INFO - Starting seed=3
2025-08-03 20:31:25,791 - INFO - A_teacher is 0.539229691028595
2025-08-03 20:31:25,792 - INFO - Starting G&C
2025-08-03 20:31:29,116 - INFO - Finished G&C, time elapsed=3.323364019393921s
2025-08-03 20:31:29,116 - INFO - Finished seed=3
2025-08-03 20:31:29,116 - INFO - Starting seed=4
2025-08-03 20:31:29,117 - INFO - A_teacher is 0.5803276300430298
2025-08-03 20:31:29,118 - INFO - Starting G&C
2025-08-03 20:31:32,439 - INFO - Finished G&C, time elapsed=3.321286201477051s
2025-08-03 20:31:32,439 - INFO - Finished seed=4
2025-08-03 20:31:32,440 - INFO - Starting seed=5
2025-08-03 20:31:32,441 - INFO - A_teacher is 0.33947238326072693
2025-08-03 20:31:32,442 - INFO - Starting G&C
2025-08-03 20:31:35,786 - INFO - Finished G&C, time elapsed=3.3443329334259033s
2025-08-03 20:31:35,786 - INFO - Finished seed=5
2025-08-03 20:31:35,786 - INFO - Starting seed=6
2025-08-03 20:31:35,788 - INFO - A_teacher is 0.45132192969322205
2025-08-03 20:31:35,788 - INFO - Starting G&C
2025-08-03 20:31:39,108 - INFO - Finished G&C, time elapsed=3.319685220718384s
2025-08-03 20:31:39,108 - INFO - Finished seed=6
2025-08-03 20:31:39,108 - INFO - Starting seed=7
2025-08-03 20:31:39,110 - INFO - A_teacher is 0.31256014108657837
2025-08-03 20:31:39,111 - INFO - Starting G&C
2025-08-03 20:31:42,442 - INFO - Finished G&C, time elapsed=3.3316309452056885s
2025-08-03 20:31:42,442 - INFO - Finished seed=7
2025-08-03 20:31:42,443 - INFO - ----------------------------------------------------------------------------------------------------------------------------------------------
2025-08-03 20:31:42,443 - INFO - ----------------------------------------------------------------------------------------------------------------------------------------------
2025-08-03 20:31:42,443 - INFO - Finished student_dim=6
2025-08-03 20:31:42,443 - INFO - G&C avg gen_loss = 1.1282954536954064
2025-08-03 20:31:42,443 - INFO - ----------------------------------------------------------------------------------------------------------------------------------------------
2025-08-03 20:31:42,443 - INFO - Starting student_dim=7
2025-08-03 20:31:42,443 - INFO - Starting seed=0
2025-08-03 20:31:42,444 - INFO - A_teacher is 0.48532047867774963
2025-08-03 20:31:42,448 - INFO - Starting G&C
2025-08-03 20:31:46,036 - INFO - Finished G&C, time elapsed=3.5878279209136963s
2025-08-03 20:31:46,036 - INFO - Finished seed=0
2025-08-03 20:31:46,036 - INFO - Starting seed=1
2025-08-03 20:31:46,037 - INFO - A_teacher is 0.6540995836257935
2025-08-03 20:31:46,038 - INFO - Starting G&C
2025-08-03 20:31:49,452 - INFO - Finished G&C, time elapsed=3.4140751361846924s
2025-08-03 20:31:49,452 - INFO - Finished seed=1
2025-08-03 20:31:49,452 - INFO - Starting seed=2
2025-08-03 20:31:49,453 - INFO - A_teacher is 0.5661352276802063
2025-08-03 20:31:49,454 - INFO - Starting G&C
2025-08-03 20:31:52,904 - INFO - Finished G&C, time elapsed=3.4500670433044434s
2025-08-03 20:31:52,905 - INFO - Finished seed=2
2025-08-03 20:31:52,905 - INFO - Starting seed=3
2025-08-03 20:31:52,906 - INFO - A_teacher is 0.539229691028595
2025-08-03 20:31:52,907 - INFO - Starting G&C
2025-08-03 20:31:56,352 - INFO - Finished G&C, time elapsed=3.4453349113464355s
2025-08-03 20:31:56,352 - INFO - Finished seed=3
2025-08-03 20:31:56,353 - INFO - Starting seed=4
2025-08-03 20:31:56,354 - INFO - A_teacher is 0.5803276300430298
2025-08-03 20:31:56,354 - INFO - Starting G&C
2025-08-03 20:31:59,765 - INFO - Finished G&C, time elapsed=3.410367965698242s
2025-08-03 20:31:59,765 - INFO - Finished seed=4
2025-08-03 20:31:59,765 - INFO - Starting seed=5
2025-08-03 20:31:59,766 - INFO - A_teacher is 0.33947238326072693
2025-08-03 20:31:59,767 - INFO - Starting G&C
2025-08-03 20:32:03,197 - INFO - Finished G&C, time elapsed=3.429553747177124s
2025-08-03 20:32:03,197 - INFO - Finished seed=5
2025-08-03 20:32:03,197 - INFO - Starting seed=6
2025-08-03 20:32:03,198 - INFO - A_teacher is 0.45132192969322205
2025-08-03 20:32:03,199 - INFO - Starting G&C
2025-08-03 20:32:06,651 - INFO - Finished G&C, time elapsed=3.4526479244232178s
2025-08-03 20:32:06,651 - INFO - Finished seed=6
2025-08-03 20:32:06,652 - INFO - Starting seed=7
2025-08-03 20:32:06,653 - INFO - A_teacher is 0.31256014108657837
2025-08-03 20:32:06,654 - INFO - Starting G&C
2025-08-03 20:32:10,053 - INFO - Finished G&C, time elapsed=3.3989548683166504s
2025-08-03 20:32:10,053 - INFO - Finished seed=7
2025-08-03 20:32:10,053 - INFO - ----------------------------------------------------------------------------------------------------------------------------------------------
2025-08-03 20:32:10,053 - INFO - ----------------------------------------------------------------------------------------------------------------------------------------------
2025-08-03 20:32:10,053 - INFO - Finished student_dim=7
2025-08-03 20:32:10,053 - INFO - G&C avg gen_loss = 1.1548453952320097
2025-08-03 20:32:10,053 - INFO - ----------------------------------------------------------------------------------------------------------------------------------------------
2025-08-03 20:32:10,053 - INFO - Starting student_dim=8
2025-08-03 20:32:10,053 - INFO - Starting seed=0
2025-08-03 20:32:10,055 - INFO - A_teacher is 0.48532047867774963
2025-08-03 20:32:10,059 - INFO - Starting G&C
2025-08-03 20:32:13,954 - INFO - Finished G&C, time elapsed=3.8949458599090576s
2025-08-03 20:32:13,955 - INFO - Finished seed=0
2025-08-03 20:32:13,955 - INFO - Starting seed=1
2025-08-03 20:32:13,956 - INFO - A_teacher is 0.6540995836257935
2025-08-03 20:32:13,958 - INFO - Starting G&C
2025-08-03 20:32:17,458 - INFO - Finished G&C, time elapsed=3.4999921321868896s
2025-08-03 20:32:17,458 - INFO - Finished seed=1
2025-08-03 20:32:17,458 - INFO - Starting seed=2
2025-08-03 20:32:17,459 - INFO - A_teacher is 0.5661352276802063
2025-08-03 20:32:17,460 - INFO - Starting G&C
2025-08-03 20:32:20,904 - INFO - Finished G&C, time elapsed=3.4443750381469727s
2025-08-03 20:32:20,904 - INFO - Finished seed=2
2025-08-03 20:32:20,905 - INFO - Starting seed=3
2025-08-03 20:32:20,906 - INFO - A_teacher is 0.539229691028595
2025-08-03 20:32:20,907 - INFO - Starting G&C
2025-08-03 20:32:24,337 - INFO - Finished G&C, time elapsed=3.430284023284912s
2025-08-03 20:32:24,337 - INFO - Finished seed=3
2025-08-03 20:32:24,337 - INFO - Starting seed=4
2025-08-03 20:32:24,338 - INFO - A_teacher is 0.5803276300430298
2025-08-03 20:32:24,339 - INFO - Starting G&C
2025-08-03 20:32:27,779 - INFO - Finished G&C, time elapsed=3.439925193786621s
2025-08-03 20:32:27,779 - INFO - Finished seed=4
2025-08-03 20:32:27,780 - INFO - Starting seed=5
2025-08-03 20:32:27,781 - INFO - A_teacher is 0.33947238326072693
2025-08-03 20:32:27,782 - INFO - Starting G&C
2025-08-03 20:32:31,211 - INFO - Finished G&C, time elapsed=3.429640054702759s
2025-08-03 20:32:31,211 - INFO - Finished seed=5
2025-08-03 20:32:31,211 - INFO - Starting seed=6
2025-08-03 20:32:31,213 - INFO - A_teacher is 0.45132192969322205
2025-08-03 20:32:31,213 - INFO - Starting G&C
2025-08-03 20:32:34,696 - INFO - Finished G&C, time elapsed=3.4826059341430664s
2025-08-03 20:32:34,696 - INFO - Finished seed=6
2025-08-03 20:32:34,696 - INFO - Starting seed=7
2025-08-03 20:32:34,697 - INFO - A_teacher is 0.31256014108657837
2025-08-03 20:32:34,698 - INFO - Starting G&C
2025-08-03 20:32:38,151 - INFO - Finished G&C, time elapsed=3.4524497985839844s
2025-08-03 20:32:38,151 - INFO - Finished seed=7
2025-08-03 20:32:38,151 - INFO - ----------------------------------------------------------------------------------------------------------------------------------------------
2025-08-03 20:32:38,151 - INFO - ----------------------------------------------------------------------------------------------------------------------------------------------
2025-08-03 20:32:38,151 - INFO - Finished student_dim=8
2025-08-03 20:32:38,151 - INFO - G&C avg gen_loss = 1.167565133041168
2025-08-03 20:32:38,151 - INFO - ----------------------------------------------------------------------------------------------------------------------------------------------
2025-08-03 20:32:38,151 - INFO - Starting student_dim=9
2025-08-03 20:32:38,152 - INFO - Starting seed=0
2025-08-03 20:32:38,153 - INFO - A_teacher is 0.48532047867774963
2025-08-03 20:32:38,158 - INFO - Starting G&C
2025-08-03 20:32:42,321 - INFO - Finished G&C, time elapsed=4.162715196609497s
2025-08-03 20:32:42,321 - INFO - Finished seed=0
2025-08-03 20:32:42,321 - INFO - Starting seed=1
2025-08-03 20:32:42,326 - INFO - A_teacher is 0.6540995836257935
2025-08-03 20:32:42,327 - INFO - Starting G&C
2025-08-03 20:32:45,895 - INFO - Finished G&C, time elapsed=3.568307399749756s
2025-08-03 20:32:45,895 - INFO - Finished seed=1
2025-08-03 20:32:45,895 - INFO - Starting seed=2
2025-08-03 20:32:45,896 - INFO - A_teacher is 0.5661352276802063
2025-08-03 20:32:45,897 - INFO - Starting G&C
2025-08-03 20:32:49,432 - INFO - Finished G&C, time elapsed=3.5344388484954834s
2025-08-03 20:32:49,432 - INFO - Finished seed=2
2025-08-03 20:32:49,432 - INFO - Starting seed=3
2025-08-03 20:32:49,433 - INFO - A_teacher is 0.539229691028595
2025-08-03 20:32:49,434 - INFO - Starting G&C
2025-08-03 20:32:52,927 - INFO - Finished G&C, time elapsed=3.4932942390441895s
2025-08-03 20:32:52,927 - INFO - Finished seed=3
2025-08-03 20:32:52,928 - INFO - Starting seed=4
2025-08-03 20:32:52,929 - INFO - A_teacher is 0.5803276300430298
2025-08-03 20:32:52,930 - INFO - Starting G&C
2025-08-03 20:32:56,459 - INFO - Finished G&C, time elapsed=3.529294967651367s
2025-08-03 20:32:56,459 - INFO - Finished seed=4
2025-08-03 20:32:56,459 - INFO - Starting seed=5
2025-08-03 20:32:56,460 - INFO - A_teacher is 0.33947238326072693
2025-08-03 20:32:56,461 - INFO - Starting G&C
2025-08-03 20:32:59,986 - INFO - Finished G&C, time elapsed=3.525339126586914s
2025-08-03 20:32:59,987 - INFO - Finished seed=5
2025-08-03 20:32:59,987 - INFO - Starting seed=6
2025-08-03 20:32:59,988 - INFO - A_teacher is 0.45132192969322205
2025-08-03 20:32:59,989 - INFO - Starting G&C
2025-08-03 20:33:03,499 - INFO - Finished G&C, time elapsed=3.509906768798828s
2025-08-03 20:33:03,499 - INFO - Finished seed=6
2025-08-03 20:33:03,499 - INFO - Starting seed=7
2025-08-03 20:33:03,500 - INFO - A_teacher is 0.31256014108657837
2025-08-03 20:33:03,501 - INFO - Starting G&C
2025-08-03 20:33:07,009 - INFO - Finished G&C, time elapsed=3.50747013092041s
2025-08-03 20:33:07,009 - INFO - Finished seed=7
2025-08-03 20:33:07,009 - INFO - ----------------------------------------------------------------------------------------------------------------------------------------------
2025-08-03 20:33:07,009 - INFO - ----------------------------------------------------------------------------------------------------------------------------------------------
2025-08-03 20:33:07,009 - INFO - Finished student_dim=9
2025-08-03 20:33:07,009 - INFO - G&C avg gen_loss = 1.1517881398239855
2025-08-03 20:33:07,009 - INFO - ----------------------------------------------------------------------------------------------------------------------------------------------
2025-08-03 20:33:07,009 - INFO - Starting student_dim=10
2025-08-03 20:33:07,009 - INFO - Starting seed=0
2025-08-03 20:33:07,010 - INFO - A_teacher is 0.48532047867774963
2025-08-03 20:33:07,036 - INFO - Starting G&C
2025-08-03 20:33:11,415 - INFO - Finished G&C, time elapsed=4.378463983535767s
2025-08-03 20:33:11,415 - INFO - Finished seed=0
2025-08-03 20:33:11,415 - INFO - Starting seed=1
2025-08-03 20:33:11,416 - INFO - A_teacher is 0.6540995836257935
2025-08-03 20:33:11,418 - INFO - Starting G&C
2025-08-03 20:33:15,264 - INFO - Finished G&C, time elapsed=3.845986843109131s
2025-08-03 20:33:15,264 - INFO - Finished seed=1
2025-08-03 20:33:15,264 - INFO - Starting seed=2
2025-08-03 20:33:15,265 - INFO - A_teacher is 0.5661352276802063
2025-08-03 20:33:15,266 - INFO - Starting G&C
2025-08-03 20:33:19,252 - INFO - Finished G&C, time elapsed=3.985786199569702s
2025-08-03 20:33:19,252 - INFO - Finished seed=2
2025-08-03 20:33:19,252 - INFO - Starting seed=3
2025-08-03 20:33:19,253 - INFO - A_teacher is 0.539229691028595
2025-08-03 20:33:19,254 - INFO - Starting G&C
2025-08-03 20:33:23,257 - INFO - Finished G&C, time elapsed=4.002840757369995s
2025-08-03 20:33:23,257 - INFO - Finished seed=3
2025-08-03 20:33:23,258 - INFO - Starting seed=4
2025-08-03 20:33:23,259 - INFO - A_teacher is 0.5803276300430298
2025-08-03 20:33:23,260 - INFO - Starting G&C
2025-08-03 20:33:27,319 - INFO - Finished G&C, time elapsed=4.059178352355957s
2025-08-03 20:33:27,319 - INFO - Finished seed=4
2025-08-03 20:33:27,319 - INFO - Starting seed=5
2025-08-03 20:33:27,320 - INFO - A_teacher is 0.33947238326072693
2025-08-03 20:33:27,321 - INFO - Starting G&C
2025-08-03 20:33:31,231 - INFO - Finished G&C, time elapsed=3.909708023071289s
2025-08-03 20:33:31,231 - INFO - Finished seed=5
2025-08-03 20:33:31,231 - INFO - Starting seed=6
2025-08-03 20:33:31,232 - INFO - A_teacher is 0.45132192969322205
2025-08-03 20:33:31,233 - INFO - Starting G&C
2025-08-03 20:33:35,084 - INFO - Finished G&C, time elapsed=3.8505899906158447s
2025-08-03 20:33:35,084 - INFO - Finished seed=6
2025-08-03 20:33:35,084 - INFO - Starting seed=7
2025-08-03 20:33:35,085 - INFO - A_teacher is 0.31256014108657837
2025-08-03 20:33:35,086 - INFO - Starting G&C
2025-08-03 20:33:38,964 - INFO - Finished G&C, time elapsed=3.8775441646575928s
2025-08-03 20:33:38,964 - INFO - Finished seed=7
2025-08-03 20:33:38,964 - INFO - ----------------------------------------------------------------------------------------------------------------------------------------------
2025-08-03 20:33:38,964 - INFO - ----------------------------------------------------------------------------------------------------------------------------------------------
2025-08-03 20:33:38,964 - INFO - Finished student_dim=10
2025-08-03 20:33:38,964 - INFO - G&C avg gen_loss = 1.1990828138159944
2025-08-03 20:33:38,964 - INFO - ----------------------------------------------------------------------------------------------------------------------------------------------
2025-08-03 20:33:38,964 - INFO - Starting student_dim=11
2025-08-03 20:33:38,965 - INFO - Starting seed=0
2025-08-03 20:33:38,966 - INFO - A_teacher is 0.48532047867774963
2025-08-03 20:33:38,969 - INFO - Starting G&C
2025-08-03 20:33:44,224 - INFO - Finished G&C, time elapsed=5.254294157028198s
2025-08-03 20:33:44,224 - INFO - Finished seed=0
2025-08-03 20:33:44,225 - INFO - Starting seed=1
2025-08-03 20:33:44,228 - INFO - A_teacher is 0.6540995836257935
2025-08-03 20:33:44,230 - INFO - Starting G&C
2025-08-03 20:33:48,903 - INFO - Finished G&C, time elapsed=4.67268705368042s
2025-08-03 20:33:48,903 - INFO - Finished seed=1
2025-08-03 20:33:48,904 - INFO - Starting seed=2
2025-08-03 20:33:48,907 - INFO - A_teacher is 0.5661352276802063
2025-08-03 20:33:48,910 - INFO - Starting G&C
2025-08-03 20:33:53,307 - INFO - Finished G&C, time elapsed=4.39678692817688s
2025-08-03 20:33:53,307 - INFO - Finished seed=2
2025-08-03 20:33:53,308 - INFO - Starting seed=3
2025-08-03 20:33:53,309 - INFO - A_teacher is 0.539229691028595
2025-08-03 20:33:53,312 - INFO - Starting G&C
2025-08-03 20:33:57,752 - INFO - Finished G&C, time elapsed=4.440201044082642s
2025-08-03 20:33:57,752 - INFO - Finished seed=3
2025-08-03 20:33:57,753 - INFO - Starting seed=4
2025-08-03 20:33:57,754 - INFO - A_teacher is 0.5803276300430298
2025-08-03 20:33:57,757 - INFO - Starting G&C
2025-08-03 20:34:02,537 - INFO - Finished G&C, time elapsed=4.779860019683838s
2025-08-03 20:34:02,537 - INFO - Finished seed=4
2025-08-03 20:34:02,537 - INFO - Starting seed=5
2025-08-03 20:34:02,539 - INFO - A_teacher is 0.33947238326072693
2025-08-03 20:34:02,541 - INFO - Starting G&C
2025-08-03 20:34:06,978 - INFO - Finished G&C, time elapsed=4.436882019042969s
2025-08-03 20:34:06,978 - INFO - Finished seed=5
2025-08-03 20:34:06,979 - INFO - Starting seed=6
2025-08-03 20:34:06,980 - INFO - A_teacher is 0.45132192969322205
2025-08-03 20:34:06,983 - INFO - Starting G&C
2025-08-03 20:34:11,408 - INFO - Finished G&C, time elapsed=4.424806833267212s
2025-08-03 20:34:11,408 - INFO - Finished seed=6
2025-08-03 20:34:11,409 - INFO - Starting seed=7
2025-08-03 20:34:11,410 - INFO - A_teacher is 0.31256014108657837
2025-08-03 20:34:11,412 - INFO - Starting G&C
2025-08-03 20:34:15,696 - INFO - Finished G&C, time elapsed=4.283455848693848s
2025-08-03 20:34:15,696 - INFO - Finished seed=7
2025-08-03 20:34:15,696 - INFO - ----------------------------------------------------------------------------------------------------------------------------------------------
2025-08-03 20:34:15,696 - INFO - ----------------------------------------------------------------------------------------------------------------------------------------------
2025-08-03 20:34:15,696 - INFO - Finished student_dim=11
2025-08-03 20:34:15,697 - INFO - G&C avg gen_loss = 1.2284265938692314
2025-08-03 20:34:15,697 - INFO - ----------------------------------------------------------------------------------------------------------------------------------------------
2025-08-03 20:34:15,697 - INFO - Starting student_dim=12
2025-08-03 20:34:15,697 - INFO - Starting seed=0
2025-08-03 20:34:15,698 - INFO - A_teacher is 0.48532047867774963
2025-08-03 20:34:15,704 - INFO - Starting G&C
2025-08-03 20:34:24,006 - INFO - Finished G&C, time elapsed=8.301153182983398s
2025-08-03 20:34:24,006 - INFO - Finished seed=0
2025-08-03 20:34:24,006 - INFO - Starting seed=1
2025-08-03 20:34:24,009 - INFO - A_teacher is 0.6540995836257935
2025-08-03 20:34:24,011 - INFO - Starting G&C
2025-08-03 20:34:28,518 - INFO - Finished G&C, time elapsed=4.506459951400757s
2025-08-03 20:34:28,518 - INFO - Finished seed=1
2025-08-03 20:34:28,518 - INFO - Starting seed=2
2025-08-03 20:34:28,520 - INFO - A_teacher is 0.5661352276802063
2025-08-03 20:34:28,522 - INFO - Starting G&C
2025-08-03 20:34:32,903 - INFO - Finished G&C, time elapsed=4.381773948669434s
2025-08-03 20:34:32,904 - INFO - Finished seed=2
2025-08-03 20:34:32,905 - INFO - Starting seed=3
2025-08-03 20:34:32,908 - INFO - A_teacher is 0.539229691028595
2025-08-03 20:34:32,910 - INFO - Starting G&C
2025-08-03 20:34:37,388 - INFO - Finished G&C, time elapsed=4.4777140617370605s
2025-08-03 20:34:37,388 - INFO - Finished seed=3
2025-08-03 20:34:37,388 - INFO - Starting seed=4
2025-08-03 20:34:37,389 - INFO - A_teacher is 0.5803276300430298
2025-08-03 20:34:37,390 - INFO - Starting G&C
2025-08-03 20:34:41,757 - INFO - Finished G&C, time elapsed=4.36658787727356s
2025-08-03 20:34:41,757 - INFO - Finished seed=4
2025-08-03 20:34:41,758 - INFO - Starting seed=5
2025-08-03 20:34:41,759 - INFO - A_teacher is 0.33947238326072693
2025-08-03 20:34:41,760 - INFO - Starting G&C
2025-08-03 20:34:46,341 - INFO - Finished G&C, time elapsed=4.5812060832977295s
2025-08-03 20:34:46,342 - INFO - Finished seed=5
2025-08-03 20:34:46,342 - INFO - Starting seed=6
2025-08-03 20:34:46,344 - INFO - A_teacher is 0.45132192969322205
2025-08-03 20:34:46,346 - INFO - Starting G&C
2025-08-03 20:34:51,120 - INFO - Finished G&C, time elapsed=4.774447202682495s
2025-08-03 20:34:51,121 - INFO - Finished seed=6
2025-08-03 20:34:51,121 - INFO - Starting seed=7
2025-08-03 20:34:51,124 - INFO - A_teacher is 0.31256014108657837
2025-08-03 20:34:51,127 - INFO - Starting G&C
2025-08-03 20:34:56,038 - INFO - Finished G&C, time elapsed=4.91067910194397s
2025-08-03 20:34:56,038 - INFO - Finished seed=7
2025-08-03 20:34:56,039 - INFO - ----------------------------------------------------------------------------------------------------------------------------------------------
2025-08-03 20:34:56,039 - INFO - ----------------------------------------------------------------------------------------------------------------------------------------------
2025-08-03 20:34:56,039 - INFO - Finished student_dim=12
2025-08-03 20:34:56,039 - INFO - G&C avg gen_loss = 1.2281662952191519
2025-08-03 20:34:56,039 - INFO - ----------------------------------------------------------------------------------------------------------------------------------------------
2025-08-03 20:34:56,039 - INFO - Starting student_dim=13
2025-08-03 20:34:56,039 - INFO - Starting seed=0
2025-08-03 20:34:56,042 - INFO - A_teacher is 0.48532047867774963
2025-08-03 20:34:56,049 - INFO - Starting G&C
2025-08-03 20:35:01,717 - INFO - Finished G&C, time elapsed=5.668164968490601s
2025-08-03 20:35:01,717 - INFO - Finished seed=0
2025-08-03 20:35:01,718 - INFO - Starting seed=1
2025-08-03 20:35:01,720 - INFO - A_teacher is 0.6540995836257935
2025-08-03 20:35:01,722 - INFO - Starting G&C
2025-08-03 20:35:06,748 - INFO - Finished G&C, time elapsed=5.026150703430176s
2025-08-03 20:35:06,749 - INFO - Finished seed=1
2025-08-03 20:35:06,749 - INFO - Starting seed=2
2025-08-03 20:35:06,751 - INFO - A_teacher is 0.5661352276802063
2025-08-03 20:35:06,753 - INFO - Starting G&C
2025-08-03 20:35:11,800 - INFO - Finished G&C, time elapsed=5.047525882720947s
2025-08-03 20:35:11,801 - INFO - Finished seed=2
2025-08-03 20:35:11,801 - INFO - Starting seed=3
2025-08-03 20:35:11,803 - INFO - A_teacher is 0.539229691028595
2025-08-03 20:35:11,806 - INFO - Starting G&C
2025-08-03 20:35:16,920 - INFO - Finished G&C, time elapsed=5.114458084106445s
2025-08-03 20:35:16,921 - INFO - Finished seed=3
2025-08-03 20:35:16,921 - INFO - Starting seed=4
2025-08-03 20:35:16,922 - INFO - A_teacher is 0.5803276300430298
2025-08-03 20:35:16,924 - INFO - Starting G&C
2025-08-03 20:35:22,029 - INFO - Finished G&C, time elapsed=5.105065822601318s
2025-08-03 20:35:22,029 - INFO - Finished seed=4
2025-08-03 20:35:22,030 - INFO - Starting seed=5
2025-08-03 20:35:22,031 - INFO - A_teacher is 0.33947238326072693
2025-08-03 20:35:22,033 - INFO - Starting G&C
2025-08-03 20:35:27,268 - INFO - Finished G&C, time elapsed=5.2348809242248535s
2025-08-03 20:35:27,268 - INFO - Finished seed=5
2025-08-03 20:35:27,269 - INFO - Starting seed=6
2025-08-03 20:35:27,272 - INFO - A_teacher is 0.45132192969322205
2025-08-03 20:35:27,274 - INFO - Starting G&C
2025-08-03 20:35:32,850 - INFO - Finished G&C, time elapsed=5.575758218765259s
2025-08-03 20:35:32,851 - INFO - Finished seed=6
2025-08-03 20:35:32,851 - INFO - Starting seed=7
2025-08-03 20:35:32,854 - INFO - A_teacher is 0.31256014108657837
2025-08-03 20:35:32,856 - INFO - Starting G&C
2025-08-03 20:35:38,181 - INFO - Finished G&C, time elapsed=5.325031042098999s
2025-08-03 20:35:38,182 - INFO - Finished seed=7
2025-08-03 20:35:38,182 - INFO - ----------------------------------------------------------------------------------------------------------------------------------------------
2025-08-03 20:35:38,182 - INFO - ----------------------------------------------------------------------------------------------------------------------------------------------
2025-08-03 20:35:38,182 - INFO - Finished student_dim=13
2025-08-03 20:35:38,183 - INFO - G&C avg gen_loss = 1.2377403233494744
2025-08-03 20:35:38,183 - INFO - ----------------------------------------------------------------------------------------------------------------------------------------------
2025-08-03 20:35:38,183 - INFO - Starting student_dim=14
2025-08-03 20:35:38,183 - INFO - Starting seed=0
2025-08-03 20:35:38,186 - INFO - A_teacher is 0.48532047867774963
2025-08-03 20:35:38,193 - INFO - Starting G&C
2025-08-03 20:35:44,520 - INFO - Finished G&C, time elapsed=6.3273069858551025s
2025-08-03 20:35:44,521 - INFO - Finished seed=0
2025-08-03 20:35:44,521 - INFO - Starting seed=1
2025-08-03 20:35:44,524 - INFO - A_teacher is 0.6540995836257935
2025-08-03 20:35:44,527 - INFO - Starting G&C
2025-08-03 20:35:50,271 - INFO - Finished G&C, time elapsed=5.743955850601196s
2025-08-03 20:35:50,271 - INFO - Finished seed=1
2025-08-03 20:35:50,272 - INFO - Starting seed=2
2025-08-03 20:35:50,275 - INFO - A_teacher is 0.5661352276802063
2025-08-03 20:35:50,277 - INFO - Starting G&C
2025-08-03 20:35:55,678 - INFO - Finished G&C, time elapsed=5.400886058807373s
2025-08-03 20:35:55,679 - INFO - Finished seed=2
2025-08-03 20:35:55,680 - INFO - Starting seed=3
2025-08-03 20:35:55,683 - INFO - A_teacher is 0.539229691028595
2025-08-03 20:35:55,685 - INFO - Starting G&C
2025-08-03 20:36:00,854 - INFO - Finished G&C, time elapsed=5.1679511070251465s
2025-08-03 20:36:00,854 - INFO - Finished seed=3
2025-08-03 20:36:00,854 - INFO - Starting seed=4
2025-08-03 20:36:00,856 - INFO - A_teacher is 0.5803276300430298
2025-08-03 20:36:00,859 - INFO - Starting G&C
2025-08-03 20:36:06,140 - INFO - Finished G&C, time elapsed=5.280903100967407s
2025-08-03 20:36:06,140 - INFO - Finished seed=4
2025-08-03 20:36:06,141 - INFO - Starting seed=5
2025-08-03 20:36:06,142 - INFO - A_teacher is 0.33947238326072693
2025-08-03 20:36:06,145 - INFO - Starting G&C
2025-08-03 20:36:11,374 - INFO - Finished G&C, time elapsed=5.228822231292725s
2025-08-03 20:36:11,374 - INFO - Finished seed=5
2025-08-03 20:36:11,374 - INFO - Starting seed=6
2025-08-03 20:36:11,376 - INFO - A_teacher is 0.45132192969322205
2025-08-03 20:36:11,378 - INFO - Starting G&C
2025-08-03 20:36:16,457 - INFO - Finished G&C, time elapsed=5.0780839920043945s
2025-08-03 20:36:16,458 - INFO - Finished seed=6
2025-08-03 20:36:16,458 - INFO - Starting seed=7
2025-08-03 20:36:16,460 - INFO - A_teacher is 0.31256014108657837
2025-08-03 20:36:16,463 - INFO - Starting G&C
2025-08-03 20:36:21,584 - INFO - Finished G&C, time elapsed=5.1210057735443115s
2025-08-03 20:36:21,584 - INFO - Finished seed=7
2025-08-03 20:36:21,585 - INFO - ----------------------------------------------------------------------------------------------------------------------------------------------
2025-08-03 20:36:21,585 - INFO - ----------------------------------------------------------------------------------------------------------------------------------------------
2025-08-03 20:36:21,585 - INFO - Finished student_dim=14
2025-08-03 20:36:21,585 - INFO - G&C avg gen_loss = 1.2730207804846203
2025-08-03 20:36:21,585 - INFO - ----------------------------------------------------------------------------------------------------------------------------------------------
2025-08-03 20:36:21,585 - INFO - Starting student_dim=15
2025-08-03 20:36:21,586 - INFO - Starting seed=0
2025-08-03 20:36:21,587 - INFO - A_teacher is 0.48532047867774963
2025-08-03 20:36:21,594 - INFO - Starting G&C
2025-08-03 20:36:27,600 - INFO - Finished G&C, time elapsed=6.006517171859741s
2025-08-03 20:36:27,602 - INFO - Finished seed=0
2025-08-03 20:36:27,602 - INFO - Starting seed=1
2025-08-03 20:36:27,604 - INFO - A_teacher is 0.6540995836257935
2025-08-03 20:36:27,606 - INFO - Starting G&C
2025-08-03 20:36:32,890 - INFO - Finished G&C, time elapsed=5.284460067749023s
2025-08-03 20:36:32,891 - INFO - Finished seed=1
2025-08-03 20:36:32,891 - INFO - Starting seed=2
2025-08-03 20:36:32,893 - INFO - A_teacher is 0.5661352276802063
2025-08-03 20:36:32,895 - INFO - Starting G&C
2025-08-03 20:36:38,162 - INFO - Finished G&C, time elapsed=5.267058372497559s
2025-08-03 20:36:38,164 - INFO - Finished seed=2
2025-08-03 20:36:38,164 - INFO - Starting seed=3
2025-08-03 20:36:38,165 - INFO - A_teacher is 0.539229691028595
2025-08-03 20:36:38,167 - INFO - Starting G&C
2025-08-03 20:36:43,631 - INFO - Finished G&C, time elapsed=5.463273763656616s
2025-08-03 20:36:43,631 - INFO - Finished seed=3
2025-08-03 20:36:43,631 - INFO - Starting seed=4
2025-08-03 20:36:43,634 - INFO - A_teacher is 0.5803276300430298
2025-08-03 20:36:43,637 - INFO - Starting G&C
2025-08-03 20:36:49,050 - INFO - Finished G&C, time elapsed=5.412416934967041s
2025-08-03 20:36:49,051 - INFO - Finished seed=4
2025-08-03 20:36:49,051 - INFO - Starting seed=5
2025-08-03 20:36:49,053 - INFO - A_teacher is 0.33947238326072693
2025-08-03 20:36:49,055 - INFO - Starting G&C
2025-08-03 20:36:54,282 - INFO - Finished G&C, time elapsed=5.226765871047974s
2025-08-03 20:36:54,282 - INFO - Finished seed=5
2025-08-03 20:36:54,282 - INFO - Starting seed=6
2025-08-03 20:36:54,284 - INFO - A_teacher is 0.45132192969322205
2025-08-03 20:36:54,286 - INFO - Starting G&C
2025-08-03 20:36:59,596 - INFO - Finished G&C, time elapsed=5.309252977371216s
2025-08-03 20:36:59,596 - INFO - Finished seed=6
2025-08-03 20:36:59,596 - INFO - Starting seed=7
2025-08-03 20:36:59,599 - INFO - A_teacher is 0.31256014108657837
2025-08-03 20:36:59,602 - INFO - Starting G&C
2025-08-03 20:37:04,656 - INFO - Finished G&C, time elapsed=5.054147720336914s
2025-08-03 20:37:04,656 - INFO - Finished seed=7
2025-08-03 20:37:04,658 - INFO - ----------------------------------------------------------------------------------------------------------------------------------------------
2025-08-03 20:37:04,658 - INFO - ----------------------------------------------------------------------------------------------------------------------------------------------
2025-08-03 20:37:04,658 - INFO - Finished student_dim=15
2025-08-03 20:37:04,658 - INFO - G&C avg gen_loss = 1.2722731347768386
2025-08-03 20:37:04,658 - INFO - ----------------------------------------------------------------------------------------------------------------------------------------------
2025-08-03 20:37:04,658 - INFO - Starting student_dim=16
2025-08-03 20:37:04,658 - INFO - Starting seed=0
2025-08-03 20:37:04,660 - INFO - A_teacher is 0.48532047867774963
2025-08-03 20:37:04,666 - INFO - Starting G&C
2025-08-03 20:37:15,570 - INFO - Finished G&C, time elapsed=10.903906106948853s
2025-08-03 20:37:15,570 - INFO - Finished seed=0
2025-08-03 20:37:15,571 - INFO - Starting seed=1
2025-08-03 20:37:15,573 - INFO - A_teacher is 0.6540995836257935
2025-08-03 20:37:15,576 - INFO - Starting G&C
2025-08-03 20:37:21,245 - INFO - Finished G&C, time elapsed=5.669057130813599s
2025-08-03 20:37:21,245 - INFO - Finished seed=1
2025-08-03 20:37:21,246 - INFO - Starting seed=2
2025-08-03 20:37:21,247 - INFO - A_teacher is 0.5661352276802063
2025-08-03 20:37:21,250 - INFO - Starting G&C
2025-08-03 20:37:26,763 - INFO - Finished G&C, time elapsed=5.513345003128052s
2025-08-03 20:37:26,764 - INFO - Finished seed=2
2025-08-03 20:37:26,764 - INFO - Starting seed=3
2025-08-03 20:37:26,766 - INFO - A_teacher is 0.539229691028595
2025-08-03 20:37:26,768 - INFO - Starting G&C
2025-08-03 20:37:32,306 - INFO - Finished G&C, time elapsed=5.53715705871582s
2025-08-03 20:37:32,306 - INFO - Finished seed=3
2025-08-03 20:37:32,306 - INFO - Starting seed=4
2025-08-03 20:37:32,308 - INFO - A_teacher is 0.5803276300430298
2025-08-03 20:37:32,310 - INFO - Starting G&C
2025-08-03 20:37:37,858 - INFO - Finished G&C, time elapsed=5.547781229019165s
2025-08-03 20:37:37,859 - INFO - Finished seed=4
2025-08-03 20:37:37,859 - INFO - Starting seed=5
2025-08-03 20:37:37,861 - INFO - A_teacher is 0.33947238326072693
2025-08-03 20:37:37,863 - INFO - Starting G&C
2025-08-03 20:37:43,329 - INFO - Finished G&C, time elapsed=5.465481996536255s
2025-08-03 20:37:43,329 - INFO - Finished seed=5
2025-08-03 20:37:43,330 - INFO - Starting seed=6
2025-08-03 20:37:43,331 - INFO - A_teacher is 0.45132192969322205
2025-08-03 20:37:43,333 - INFO - Starting G&C
2025-08-03 20:37:48,675 - INFO - Finished G&C, time elapsed=5.341486692428589s
2025-08-03 20:37:48,676 - INFO - Finished seed=6
2025-08-03 20:37:48,676 - INFO - Starting seed=7
2025-08-03 20:37:48,678 - INFO - A_teacher is 0.31256014108657837
2025-08-03 20:37:48,680 - INFO - Starting G&C
2025-08-03 20:37:53,667 - INFO - Finished G&C, time elapsed=4.9868879318237305s
2025-08-03 20:37:53,667 - INFO - Finished seed=7
2025-08-03 20:37:53,667 - INFO - ----------------------------------------------------------------------------------------------------------------------------------------------
2025-08-03 20:37:53,667 - INFO - ----------------------------------------------------------------------------------------------------------------------------------------------
2025-08-03 20:37:53,667 - INFO - Finished student_dim=16
2025-08-03 20:37:53,668 - INFO - G&C avg gen_loss = 1.2861444029625253
2025-08-03 20:37:53,668 - INFO - ----------------------------------------------------------------------------------------------------------------------------------------------
2025-08-03 20:37:53,668 - INFO - Starting student_dim=17
2025-08-03 20:37:53,668 - INFO - Starting seed=0
2025-08-03 20:37:53,670 - INFO - A_teacher is 0.48532047867774963
2025-08-03 20:37:53,678 - INFO - Starting G&C
2025-08-03 20:38:02,280 - INFO - Finished G&C, time elapsed=8.601310014724731s
2025-08-03 20:38:02,280 - INFO - Finished seed=0
2025-08-03 20:38:02,281 - INFO - Starting seed=1
2025-08-03 20:38:02,284 - INFO - A_teacher is 0.6540995836257935
2025-08-03 20:38:02,290 - INFO - Starting G&C
2025-08-03 20:38:07,979 - INFO - Finished G&C, time elapsed=5.688977241516113s
2025-08-03 20:38:07,980 - INFO - Finished seed=1
2025-08-03 20:38:07,980 - INFO - Starting seed=2
2025-08-03 20:38:07,983 - INFO - A_teacher is 0.5661352276802063
2025-08-03 20:38:07,985 - INFO - Starting G&C
2025-08-03 20:38:13,851 - INFO - Finished G&C, time elapsed=5.865422964096069s
2025-08-03 20:38:13,851 - INFO - Finished seed=2
2025-08-03 20:38:13,852 - INFO - Starting seed=3
2025-08-03 20:38:13,855 - INFO - A_teacher is 0.539229691028595
2025-08-03 20:38:13,857 - INFO - Starting G&C
2025-08-03 20:38:19,799 - INFO - Finished G&C, time elapsed=5.941462993621826s
2025-08-03 20:38:19,799 - INFO - Finished seed=3
2025-08-03 20:38:19,799 - INFO - Starting seed=4
2025-08-03 20:38:19,803 - INFO - A_teacher is 0.5803276300430298
2025-08-03 20:38:19,805 - INFO - Starting G&C
2025-08-03 20:38:25,546 - INFO - Finished G&C, time elapsed=5.7404491901397705s
2025-08-03 20:38:25,546 - INFO - Finished seed=4
2025-08-03 20:38:25,546 - INFO - Starting seed=5
2025-08-03 20:38:25,549 - INFO - A_teacher is 0.33947238326072693
2025-08-03 20:38:25,551 - INFO - Starting G&C
2025-08-03 20:38:31,167 - INFO - Finished G&C, time elapsed=5.61540412902832s
2025-08-03 20:38:31,168 - INFO - Finished seed=5
2025-08-03 20:38:31,168 - INFO - Starting seed=6
2025-08-03 20:38:31,171 - INFO - A_teacher is 0.45132192969322205
2025-08-03 20:38:31,174 - INFO - Starting G&C
2025-08-03 20:38:36,541 - INFO - Finished G&C, time elapsed=5.367419004440308s
2025-08-03 20:38:36,541 - INFO - Finished seed=6
2025-08-03 20:38:36,542 - INFO - Starting seed=7
2025-08-03 20:38:36,543 - INFO - A_teacher is 0.31256014108657837
2025-08-03 20:38:36,545 - INFO - Starting G&C
2025-08-03 20:38:42,166 - INFO - Finished G&C, time elapsed=5.620375156402588s
2025-08-03 20:38:42,167 - INFO - Finished seed=7
2025-08-03 20:38:42,168 - INFO - ----------------------------------------------------------------------------------------------------------------------------------------------
2025-08-03 20:38:42,168 - INFO - ----------------------------------------------------------------------------------------------------------------------------------------------
2025-08-03 20:38:42,168 - INFO - Finished student_dim=17
2025-08-03 20:38:42,168 - INFO - G&C avg gen_loss = 1.3193986468742231
2025-08-03 20:38:42,168 - INFO - ----------------------------------------------------------------------------------------------------------------------------------------------
2025-08-03 20:38:42,168 - INFO - Starting student_dim=18
2025-08-03 20:38:42,169 - INFO - Starting seed=0
2025-08-03 20:38:42,172 - INFO - A_teacher is 0.48532047867774963
2025-08-03 20:38:42,180 - INFO - Starting G&C
2025-08-03 20:38:55,825 - INFO - Finished G&C, time elapsed=13.644779920578003s
2025-08-03 20:38:55,826 - INFO - Finished seed=0
2025-08-03 20:38:55,829 - INFO - Starting seed=1
2025-08-03 20:38:55,833 - INFO - A_teacher is 0.6540995836257935
2025-08-03 20:38:55,838 - INFO - Starting G&C
2025-08-03 20:39:01,641 - INFO - Finished G&C, time elapsed=5.803155899047852s
2025-08-03 20:39:01,642 - INFO - Finished seed=1
2025-08-03 20:39:01,642 - INFO - Starting seed=2
2025-08-03 20:39:01,646 - INFO - A_teacher is 0.5661352276802063
2025-08-03 20:39:01,648 - INFO - Starting G&C
2025-08-03 20:39:07,559 - INFO - Finished G&C, time elapsed=5.910348892211914s
2025-08-03 20:39:07,561 - INFO - Finished seed=2
2025-08-03 20:39:07,561 - INFO - Starting seed=3
2025-08-03 20:39:07,562 - INFO - A_teacher is 0.539229691028595
2025-08-03 20:39:07,564 - INFO - Starting G&C
2025-08-03 20:39:13,402 - INFO - Finished G&C, time elapsed=5.837252140045166s
2025-08-03 20:39:13,402 - INFO - Finished seed=3
2025-08-03 20:39:13,403 - INFO - Starting seed=4
2025-08-03 20:39:13,404 - INFO - A_teacher is 0.5803276300430298
2025-08-03 20:39:13,406 - INFO - Starting G&C
2025-08-03 20:39:19,239 - INFO - Finished G&C, time elapsed=5.832873344421387s
2025-08-03 20:39:19,240 - INFO - Finished seed=4
2025-08-03 20:39:19,240 - INFO - Starting seed=5
2025-08-03 20:39:19,242 - INFO - A_teacher is 0.33947238326072693
2025-08-03 20:39:19,244 - INFO - Starting G&C
2025-08-03 20:39:25,102 - INFO - Finished G&C, time elapsed=5.858267068862915s
2025-08-03 20:39:25,102 - INFO - Finished seed=5
2025-08-03 20:39:25,103 - INFO - Starting seed=6
2025-08-03 20:39:25,106 - INFO - A_teacher is 0.45132192969322205
2025-08-03 20:39:25,108 - INFO - Starting G&C
2025-08-03 20:39:30,864 - INFO - Finished G&C, time elapsed=5.755697250366211s
2025-08-03 20:39:30,865 - INFO - Finished seed=6
2025-08-03 20:39:30,865 - INFO - Starting seed=7
2025-08-03 20:39:30,867 - INFO - A_teacher is 0.31256014108657837
2025-08-03 20:39:30,869 - INFO - Starting G&C
2025-08-03 20:39:36,654 - INFO - Finished G&C, time elapsed=5.784926891326904s
2025-08-03 20:39:36,654 - INFO - Finished seed=7
2025-08-03 20:39:36,655 - INFO - ----------------------------------------------------------------------------------------------------------------------------------------------
2025-08-03 20:39:36,655 - INFO - ----------------------------------------------------------------------------------------------------------------------------------------------
2025-08-03 20:39:36,655 - INFO - Finished student_dim=18
2025-08-03 20:39:36,663 - INFO - G&C avg gen_loss = 1.3335909392013683
2025-08-03 20:39:36,663 - INFO - ----------------------------------------------------------------------------------------------------------------------------------------------
2025-08-03 20:39:36,663 - INFO - Starting student_dim=19
2025-08-03 20:39:36,664 - INFO - Starting seed=0
2025-08-03 20:39:36,666 - INFO - A_teacher is 0.48532047867774963
2025-08-03 20:39:36,674 - INFO - Starting G&C
2025-08-03 20:39:45,832 - INFO - Finished G&C, time elapsed=9.158061027526855s
2025-08-03 20:39:45,833 - INFO - Finished seed=0
2025-08-03 20:39:45,833 - INFO - Starting seed=1
2025-08-03 20:39:45,837 - INFO - A_teacher is 0.6540995836257935
2025-08-03 20:39:45,839 - INFO - Starting G&C
2025-08-03 20:39:52,483 - INFO - Finished G&C, time elapsed=6.64396071434021s
2025-08-03 20:39:52,483 - INFO - Finished seed=1
2025-08-03 20:39:52,484 - INFO - Starting seed=2
2025-08-03 20:39:52,487 - INFO - A_teacher is 0.5661352276802063
2025-08-03 20:39:52,491 - INFO - Starting G&C
2025-08-03 20:39:58,842 - INFO - Finished G&C, time elapsed=6.350912094116211s
2025-08-03 20:39:58,842 - INFO - Finished seed=2
2025-08-03 20:39:58,843 - INFO - Starting seed=3
2025-08-03 20:39:58,846 - INFO - A_teacher is 0.539229691028595
2025-08-03 20:39:58,848 - INFO - Starting G&C
2025-08-03 20:40:05,159 - INFO - Finished G&C, time elapsed=6.3107383251190186s
2025-08-03 20:40:05,159 - INFO - Finished seed=3
2025-08-03 20:40:05,160 - INFO - Starting seed=4
2025-08-03 20:40:05,163 - INFO - A_teacher is 0.5803276300430298
2025-08-03 20:40:05,165 - INFO - Starting G&C
2025-08-03 20:40:11,303 - INFO - Finished G&C, time elapsed=6.138005971908569s
2025-08-03 20:40:11,304 - INFO - Finished seed=4
2025-08-03 20:40:11,304 - INFO - Starting seed=5
2025-08-03 20:40:11,307 - INFO - A_teacher is 0.33947238326072693
2025-08-03 20:40:11,310 - INFO - Starting G&C
2025-08-03 20:40:17,970 - INFO - Finished G&C, time elapsed=6.659483194351196s
2025-08-03 20:40:17,970 - INFO - Finished seed=5
2025-08-03 20:40:17,970 - INFO - Starting seed=6
2025-08-03 20:40:17,973 - INFO - A_teacher is 0.45132192969322205
2025-08-03 20:40:17,976 - INFO - Starting G&C
2025-08-03 20:40:25,080 - INFO - Finished G&C, time elapsed=7.103902101516724s
2025-08-03 20:40:25,081 - INFO - Finished seed=6
2025-08-03 20:40:25,082 - INFO - Starting seed=7
2025-08-03 20:40:25,085 - INFO - A_teacher is 0.31256014108657837
2025-08-03 20:40:25,087 - INFO - Starting G&C
2025-08-03 20:40:31,862 - INFO - Finished G&C, time elapsed=6.774056911468506s
2025-08-03 20:40:31,863 - INFO - Finished seed=7
2025-08-03 20:40:31,863 - INFO - ----------------------------------------------------------------------------------------------------------------------------------------------
2025-08-03 20:40:31,864 - INFO - ----------------------------------------------------------------------------------------------------------------------------------------------
2025-08-03 20:40:31,864 - INFO - Finished student_dim=19
2025-08-03 20:40:31,869 - INFO - G&C avg gen_loss = 1.3292423259230572
2025-08-03 20:40:31,869 - INFO - ----------------------------------------------------------------------------------------------------------------------------------------------
2025-08-03 20:40:32,426 - INFO - Finished experiments, results saved to results, figures saved to figures
