2025-08-05 08:11:31,513 - INFO - Using device mps.
2025-08-05 08:11:31,514 - INFO - Args: Namespace(num_seeds=1, num_measurements=1, input_e1=True, sequence_length=5, teacher_ranks=[1], student_dims=[10, 11, 12, 13, 14, 15, 16, 17, 18, 19, 20, 21, 22, 23, 24, 25, 26, 27, 28, 29], calc_loss_only_on_last_output=True, eps_train=5e-16, gnc=True, gnc_num_samples=1000000000, gnc_batch_size=10000000, gd=False, gd_lr=0.001, gd_epochs=1000000, gd_init_scale=0.01, gd_optimizer='adam', config=None, results_dir=PosixPath('results'), figures_dir=PosixPath('figures'), log_dir=PosixPath('logs'))
2025-08-05 08:11:31,523 - INFO - Starting teacher_rank=1
2025-08-05 08:11:31,523 - INFO - Starting student_dim=10
2025-08-05 08:11:31,523 - INFO - Starting seed=0
2025-08-05 08:11:31,528 - INFO - A_teacher is 0.4736277461051941
2025-08-05 08:11:31,555 - INFO - Starting G&C
2025-08-05 08:13:36,773 - INFO - Finished G&C, time elapsed=125.21383595466614s
2025-08-05 08:13:36,779 - INFO - Finished seed=0
2025-08-05 08:13:36,787 - INFO - ----------------------------------------------------------------------------------------------------------------------------------------------
2025-08-05 08:13:36,787 - INFO - ----------------------------------------------------------------------------------------------------------------------------------------------
2025-08-05 08:13:36,787 - INFO - Finished student_dim=10
2025-08-05 08:13:36,798 - INFO - G&C avg gen_loss = 1.0549048001744918
2025-08-05 08:13:36,798 - INFO - ----------------------------------------------------------------------------------------------------------------------------------------------
2025-08-05 08:13:36,799 - INFO - Starting student_dim=11
2025-08-05 08:13:36,802 - INFO - Starting seed=0
2025-08-05 08:13:36,812 - INFO - A_teacher is 0.6540995836257935
2025-08-05 08:13:36,843 - INFO - Starting G&C
2025-08-05 08:15:58,017 - INFO - Finished G&C, time elapsed=141.17317605018616s
2025-08-05 08:15:58,020 - INFO - Finished seed=0
2025-08-05 08:15:58,028 - INFO - ----------------------------------------------------------------------------------------------------------------------------------------------
2025-08-05 08:15:58,028 - INFO - ----------------------------------------------------------------------------------------------------------------------------------------------
2025-08-05 08:15:58,028 - INFO - Finished student_dim=11
2025-08-05 08:15:58,032 - INFO - G&C avg gen_loss = 1.4394111910627947
2025-08-05 08:15:58,033 - INFO - ----------------------------------------------------------------------------------------------------------------------------------------------
2025-08-05 08:15:58,033 - INFO - Starting student_dim=12
2025-08-05 08:15:58,035 - INFO - Starting seed=0
2025-08-05 08:15:58,041 - INFO - A_teacher is 0.6540995836257935
2025-08-05 08:15:58,066 - INFO - Starting G&C
2025-08-05 08:18:14,580 - INFO - Finished G&C, time elapsed=136.51205587387085s
2025-08-05 08:18:14,582 - INFO - Finished seed=0
2025-08-05 08:18:14,586 - INFO - ----------------------------------------------------------------------------------------------------------------------------------------------
2025-08-05 08:18:14,586 - INFO - ----------------------------------------------------------------------------------------------------------------------------------------------
2025-08-05 08:18:14,586 - INFO - Finished student_dim=12
2025-08-05 08:18:14,590 - INFO - G&C avg gen_loss = 1.8522527952763168
2025-08-05 08:18:14,590 - INFO - ----------------------------------------------------------------------------------------------------------------------------------------------
2025-08-05 08:18:14,591 - INFO - Starting student_dim=13
2025-08-05 08:18:14,593 - INFO - Starting seed=0
2025-08-05 08:18:14,600 - INFO - A_teacher is 0.6540995836257935
2025-08-05 08:18:14,619 - INFO - Starting G&C
2025-08-05 08:20:36,974 - INFO - Finished G&C, time elapsed=142.3518352508545s
2025-08-05 08:20:36,976 - INFO - Finished seed=0
2025-08-05 08:20:36,978 - INFO - ----------------------------------------------------------------------------------------------------------------------------------------------
2025-08-05 08:20:36,978 - INFO - ----------------------------------------------------------------------------------------------------------------------------------------------
2025-08-05 08:20:36,978 - INFO - Finished student_dim=13
2025-08-05 08:20:36,981 - INFO - G&C avg gen_loss = 2.153823766708374
2025-08-05 08:20:36,981 - INFO - ----------------------------------------------------------------------------------------------------------------------------------------------
2025-08-05 08:20:36,981 - INFO - Starting student_dim=14
2025-08-05 08:20:36,983 - INFO - Starting seed=0
2025-08-05 08:20:36,989 - INFO - A_teacher is 0.6540995836257935
2025-08-05 08:20:37,010 - INFO - Starting G&C
2025-08-05 08:22:57,793 - INFO - Finished G&C, time elapsed=140.78117299079895s
2025-08-05 08:22:57,795 - INFO - Finished seed=0
2025-08-05 08:22:57,798 - INFO - ----------------------------------------------------------------------------------------------------------------------------------------------
2025-08-05 08:22:57,798 - INFO - ----------------------------------------------------------------------------------------------------------------------------------------------
2025-08-05 08:22:57,798 - INFO - Finished student_dim=14
2025-08-05 08:22:57,801 - INFO - G&C avg gen_loss = 1.565383144115147
2025-08-05 08:22:57,801 - INFO - ----------------------------------------------------------------------------------------------------------------------------------------------
2025-08-05 08:22:57,801 - INFO - Starting student_dim=15
2025-08-05 08:22:57,802 - INFO - Starting seed=0
2025-08-05 08:22:57,807 - INFO - A_teacher is 0.6540995836257935
2025-08-05 08:22:57,828 - INFO - Starting G&C
2025-08-05 08:25:22,767 - INFO - Finished G&C, time elapsed=144.93705415725708s
2025-08-05 08:25:22,770 - INFO - Finished seed=0
2025-08-05 08:25:22,772 - INFO - ----------------------------------------------------------------------------------------------------------------------------------------------
2025-08-05 08:25:22,772 - INFO - ----------------------------------------------------------------------------------------------------------------------------------------------
2025-08-05 08:25:22,773 - INFO - Finished student_dim=15
2025-08-05 08:25:22,776 - INFO - G&C avg gen_loss = 2.263796128075698
2025-08-05 08:25:22,776 - INFO - ----------------------------------------------------------------------------------------------------------------------------------------------
2025-08-05 08:25:22,776 - INFO - Starting student_dim=16
2025-08-05 08:25:22,777 - INFO - Starting seed=0
2025-08-05 08:25:22,783 - INFO - A_teacher is 0.6540995836257935
2025-08-05 08:25:22,808 - INFO - Starting G&C
2025-08-05 08:43:41,812 - INFO - Finished G&C, time elapsed=1099.0025539398193s
2025-08-05 08:43:41,814 - INFO - Finished seed=0
2025-08-05 08:43:41,815 - INFO - ----------------------------------------------------------------------------------------------------------------------------------------------
2025-08-05 08:43:41,816 - INFO - ----------------------------------------------------------------------------------------------------------------------------------------------
2025-08-05 08:43:41,816 - INFO - Finished student_dim=16
2025-08-05 08:43:41,820 - INFO - G&C avg gen_loss = 2.0005039498209953
2025-08-05 08:43:41,820 - INFO - ----------------------------------------------------------------------------------------------------------------------------------------------
2025-08-05 08:43:41,820 - INFO - Starting student_dim=17
2025-08-05 08:43:41,821 - INFO - Starting seed=0
2025-08-05 08:43:41,827 - INFO - A_teacher is 0.6540995836257935
2025-08-05 08:43:41,846 - INFO - Starting G&C
2025-08-05 08:46:25,984 - INFO - Finished G&C, time elapsed=164.13619470596313s
2025-08-05 08:46:25,989 - INFO - Finished seed=0
2025-08-05 08:46:25,991 - INFO - ----------------------------------------------------------------------------------------------------------------------------------------------
2025-08-05 08:46:25,991 - INFO - ----------------------------------------------------------------------------------------------------------------------------------------------
2025-08-05 08:46:25,992 - INFO - Finished student_dim=17
2025-08-05 08:46:25,995 - INFO - G&C avg gen_loss = 2.641704314825486
2025-08-05 08:46:25,995 - INFO - ----------------------------------------------------------------------------------------------------------------------------------------------
2025-08-05 08:46:25,995 - INFO - Starting student_dim=18
2025-08-05 08:46:25,997 - INFO - Starting seed=0
2025-08-05 08:46:26,003 - INFO - A_teacher is 0.6540995836257935
2025-08-05 08:46:26,021 - INFO - Starting G&C
2025-08-05 08:48:56,843 - INFO - Finished G&C, time elapsed=150.82129192352295s
2025-08-05 08:48:56,848 - INFO - Finished seed=0
2025-08-05 08:48:56,850 - INFO - ----------------------------------------------------------------------------------------------------------------------------------------------
2025-08-05 08:48:56,850 - INFO - ----------------------------------------------------------------------------------------------------------------------------------------------
2025-08-05 08:48:56,850 - INFO - Finished student_dim=18
2025-08-05 08:48:56,857 - INFO - G&C avg gen_loss = 2.877501283751594
2025-08-05 08:48:56,857 - INFO - ----------------------------------------------------------------------------------------------------------------------------------------------
2025-08-05 08:48:56,858 - INFO - Starting student_dim=19
2025-08-05 08:48:56,859 - INFO - Starting seed=0
2025-08-05 08:48:56,870 - INFO - A_teacher is 0.6540995836257935
2025-08-05 08:48:56,904 - INFO - Starting G&C
2025-08-05 08:51:29,824 - INFO - Finished G&C, time elapsed=152.91774606704712s
2025-08-05 08:51:29,828 - INFO - Finished seed=0
2025-08-05 08:51:29,832 - INFO - ----------------------------------------------------------------------------------------------------------------------------------------------
2025-08-05 08:51:29,832 - INFO - ----------------------------------------------------------------------------------------------------------------------------------------------
2025-08-05 08:51:29,832 - INFO - Finished student_dim=19
2025-08-05 08:51:29,838 - INFO - G&C avg gen_loss = 1.9225954090555508
2025-08-05 08:51:29,838 - INFO - ----------------------------------------------------------------------------------------------------------------------------------------------
2025-08-05 08:51:29,838 - INFO - Starting student_dim=20
2025-08-05 08:51:29,839 - INFO - Starting seed=0
2025-08-05 08:51:29,848 - INFO - A_teacher is 0.6540995836257935
2025-08-05 08:51:29,884 - INFO - Starting G&C
2025-08-05 08:54:10,593 - INFO - Finished G&C, time elapsed=160.70656371116638s
2025-08-05 08:54:10,595 - INFO - Finished seed=0
2025-08-05 08:54:10,598 - INFO - ----------------------------------------------------------------------------------------------------------------------------------------------
2025-08-05 08:54:10,598 - INFO - ----------------------------------------------------------------------------------------------------------------------------------------------
2025-08-05 08:54:10,598 - INFO - Finished student_dim=20
2025-08-05 08:54:10,602 - INFO - G&C avg gen_loss = 1.7051457374725703
2025-08-05 08:54:10,602 - INFO - ----------------------------------------------------------------------------------------------------------------------------------------------
2025-08-05 08:54:10,602 - INFO - Starting student_dim=21
2025-08-05 08:54:10,604 - INFO - Starting seed=0
2025-08-05 08:54:10,609 - INFO - A_teacher is 0.6540995836257935
2025-08-05 08:54:10,624 - INFO - Starting G&C
2025-08-05 08:57:10,565 - INFO - Finished G&C, time elapsed=179.9395558834076s
2025-08-05 08:57:10,567 - INFO - Finished seed=0
2025-08-05 08:57:10,571 - INFO - ----------------------------------------------------------------------------------------------------------------------------------------------
2025-08-05 08:57:10,571 - INFO - ----------------------------------------------------------------------------------------------------------------------------------------------
2025-08-05 08:57:10,571 - INFO - Finished student_dim=21
2025-08-05 08:57:10,574 - INFO - G&C avg gen_loss = 2.7715981006622314
2025-08-05 08:57:10,574 - INFO - ----------------------------------------------------------------------------------------------------------------------------------------------
2025-08-05 08:57:10,575 - INFO - Starting student_dim=22
2025-08-05 08:57:10,576 - INFO - Starting seed=0
2025-08-05 08:57:10,583 - INFO - A_teacher is 0.6540995836257935
2025-08-05 08:57:10,607 - INFO - Starting G&C
2025-08-05 09:00:06,327 - INFO - Finished G&C, time elapsed=175.71814489364624s
2025-08-05 09:00:06,329 - INFO - Finished seed=0
2025-08-05 09:00:06,331 - INFO - ----------------------------------------------------------------------------------------------------------------------------------------------
2025-08-05 09:00:06,331 - INFO - ----------------------------------------------------------------------------------------------------------------------------------------------
2025-08-05 09:00:06,331 - INFO - Finished student_dim=22
2025-08-05 09:00:06,334 - INFO - G&C avg gen_loss = 1.8995819636961309
2025-08-05 09:00:06,334 - INFO - ----------------------------------------------------------------------------------------------------------------------------------------------
2025-08-05 09:00:06,335 - INFO - Starting student_dim=23
2025-08-05 09:00:06,335 - INFO - Starting seed=0
2025-08-05 09:00:06,343 - INFO - A_teacher is 0.6540995836257935
2025-08-05 09:00:06,361 - INFO - Starting G&C
2025-08-05 09:03:09,808 - INFO - Finished G&C, time elapsed=183.44505882263184s
2025-08-05 09:03:09,810 - INFO - Finished seed=0
2025-08-05 09:03:09,813 - INFO - ----------------------------------------------------------------------------------------------------------------------------------------------
2025-08-05 09:03:09,813 - INFO - ----------------------------------------------------------------------------------------------------------------------------------------------
2025-08-05 09:03:09,814 - INFO - Finished student_dim=23
2025-08-05 09:03:09,817 - INFO - G&C avg gen_loss = 3.1711330439363206
2025-08-05 09:03:09,817 - INFO - ----------------------------------------------------------------------------------------------------------------------------------------------
2025-08-05 09:03:09,817 - INFO - Starting student_dim=24
2025-08-05 09:03:09,818 - INFO - Starting seed=0
2025-08-05 09:03:09,824 - INFO - A_teacher is 0.6540995836257935
2025-08-05 09:03:09,850 - INFO - Starting G&C
2025-08-05 09:06:12,619 - INFO - Finished G&C, time elapsed=182.76744484901428s
2025-08-05 09:06:12,623 - INFO - Finished seed=0
2025-08-05 09:06:12,628 - INFO - ----------------------------------------------------------------------------------------------------------------------------------------------
2025-08-05 09:06:12,628 - INFO - ----------------------------------------------------------------------------------------------------------------------------------------------
2025-08-05 09:06:12,628 - INFO - Finished student_dim=24
2025-08-05 09:06:12,632 - INFO - G&C avg gen_loss = 2.5864281562658458
2025-08-05 09:06:12,632 - INFO - ----------------------------------------------------------------------------------------------------------------------------------------------
2025-08-05 09:06:12,633 - INFO - Starting student_dim=25
2025-08-05 09:06:12,634 - INFO - Starting seed=0
2025-08-05 09:06:12,641 - INFO - A_teacher is 0.6540995836257935
2025-08-05 09:06:12,681 - INFO - Starting G&C
2025-08-05 09:09:22,690 - INFO - Finished G&C, time elapsed=190.00359320640564s
2025-08-05 09:09:22,699 - INFO - Finished seed=0
2025-08-05 09:09:22,708 - INFO - ----------------------------------------------------------------------------------------------------------------------------------------------
2025-08-05 09:09:22,708 - INFO - ----------------------------------------------------------------------------------------------------------------------------------------------
2025-08-05 09:09:22,708 - INFO - Finished student_dim=25
2025-08-05 09:09:22,719 - INFO - G&C avg gen_loss = 2.541038438677788
2025-08-05 09:09:22,719 - INFO - ----------------------------------------------------------------------------------------------------------------------------------------------
2025-08-05 09:09:22,720 - INFO - Starting student_dim=26
2025-08-05 09:09:22,724 - INFO - Starting seed=0
2025-08-05 09:09:22,743 - INFO - A_teacher is 0.6540995836257935
2025-08-05 09:09:22,773 - INFO - Starting G&C
2025-08-05 09:12:38,186 - INFO - Finished G&C, time elapsed=195.41200733184814s
2025-08-05 09:12:38,190 - INFO - Finished seed=0
2025-08-05 09:12:38,193 - INFO - ----------------------------------------------------------------------------------------------------------------------------------------------
2025-08-05 09:12:38,193 - INFO - ----------------------------------------------------------------------------------------------------------------------------------------------
2025-08-05 09:12:38,193 - INFO - Finished student_dim=26
2025-08-05 09:12:38,198 - INFO - G&C avg gen_loss = 2.9719801438160434
2025-08-05 09:12:38,198 - INFO - ----------------------------------------------------------------------------------------------------------------------------------------------
2025-08-05 09:12:38,198 - INFO - Starting student_dim=27
2025-08-05 09:12:38,200 - INFO - Starting seed=0
2025-08-05 09:12:38,208 - INFO - A_teacher is 0.6540995836257935
2025-08-05 09:12:38,252 - INFO - Starting G&C
2025-08-05 09:16:00,416 - INFO - Finished G&C, time elapsed=202.14736104011536s
2025-08-05 09:16:00,419 - INFO - Finished seed=0
2025-08-05 09:16:00,423 - INFO - ----------------------------------------------------------------------------------------------------------------------------------------------
2025-08-05 09:16:00,423 - INFO - ----------------------------------------------------------------------------------------------------------------------------------------------
2025-08-05 09:16:00,423 - INFO - Finished student_dim=27
2025-08-05 09:16:00,426 - INFO - G&C avg gen_loss = 3.3253529362189465
2025-08-05 09:16:00,426 - INFO - ----------------------------------------------------------------------------------------------------------------------------------------------
2025-08-05 09:16:00,426 - INFO - Starting student_dim=28
2025-08-05 09:16:00,428 - INFO - Starting seed=0
2025-08-05 09:16:00,437 - INFO - A_teacher is 0.6540995836257935
2025-08-05 09:16:00,481 - INFO - Starting G&C
2025-08-05 09:19:21,046 - INFO - Finished G&C, time elapsed=200.563725233078s
2025-08-05 09:19:21,049 - INFO - Finished seed=0
2025-08-05 09:19:21,053 - INFO - ----------------------------------------------------------------------------------------------------------------------------------------------
2025-08-05 09:19:21,053 - INFO - ----------------------------------------------------------------------------------------------------------------------------------------------
2025-08-05 09:19:21,053 - INFO - Finished student_dim=28
2025-08-05 09:19:21,056 - INFO - G&C avg gen_loss = 2.166669764395418
2025-08-05 09:19:21,057 - INFO - ----------------------------------------------------------------------------------------------------------------------------------------------
2025-08-05 09:19:21,057 - INFO - Starting student_dim=29
2025-08-05 09:19:21,059 - INFO - Starting seed=0
2025-08-05 09:19:21,066 - INFO - A_teacher is 0.6540995836257935
2025-08-05 09:19:21,097 - INFO - Starting G&C
2025-08-05 09:22:40,021 - INFO - Finished G&C, time elapsed=198.92299485206604s
2025-08-05 09:22:40,025 - INFO - Finished seed=0
2025-08-05 09:22:40,026 - INFO - ----------------------------------------------------------------------------------------------------------------------------------------------
2025-08-05 09:22:40,026 - INFO - ----------------------------------------------------------------------------------------------------------------------------------------------
2025-08-05 09:22:40,026 - INFO - Finished student_dim=29
2025-08-05 09:22:40,029 - INFO - G&C avg gen_loss = 2.100728142720002
2025-08-05 09:22:40,029 - INFO - ----------------------------------------------------------------------------------------------------------------------------------------------
2025-08-05 09:22:40,613 - INFO - Finished experiments, results saved to results_gnc_seq_len=5_num_measurements=1_input_e1=True_time=20250805-092240.csv, figures saved to plot_gnc_seq_len=5_num_measurements=1_input_e1=True_time=20250805-092240
