2025-08-05 21:27:37,119 - INFO - Using device mps.
2025-08-05 21:27:37,120 - INFO - Args: Namespace(num_seeds=1, num_measurements=1, input_e1=False, sequence_length=5, teacher_ranks=[1], student_dims=[10, 11, 12, 13, 14, 15, 16, 17, 18, 19, 20, 21, 22, 23, 24, 25, 26, 27, 28, 29, 30, 31, 32, 33, 34], calc_loss_only_on_last_output=True, eps_train=5e-16, gnc=True, gnc_num_samples=1000000000, gnc_batch_size=10000000, gd=False, gd_lr=0.001, gd_epochs=1000000, gd_init_scale=0.01, gd_optimizer='adam', config=None, results_dir=PosixPath('results'), figures_dir=PosixPath('figures'), log_dir=PosixPath('logs'))
2025-08-05 21:27:37,130 - INFO - Starting teacher_rank=1
2025-08-05 21:27:37,130 - INFO - Starting student_dim=10
2025-08-05 21:27:37,130 - INFO - Starting seed=0
2025-08-05 21:27:37,137 - INFO - A_teacher is 0.5509470105171204
2025-08-05 21:27:37,166 - INFO - dataset is tensor([[[ 0.6979],
         [ 0.1949],
         [-0.5299],
         [-2.1290],
         [ 0.3047]]])
2025-08-05 21:27:37,179 - INFO - Starting G&C
2025-08-05 21:29:54,519 - INFO - Finished G&C, time elapsed=137.33472108840942s
2025-08-05 21:29:54,522 - INFO - Finished seed=0
2025-08-05 21:29:54,533 - INFO - ----------------------------------------------------------------------------------------------------------------------------------------------
2025-08-05 21:29:54,533 - INFO - ----------------------------------------------------------------------------------------------------------------------------------------------
2025-08-05 21:29:54,533 - INFO - Finished student_dim=10
2025-08-05 21:29:54,537 - INFO - G&C avg gen_loss = 0.6420037618705204
2025-08-05 21:29:54,537 - INFO - ----------------------------------------------------------------------------------------------------------------------------------------------
2025-08-05 21:29:54,538 - INFO - Starting student_dim=11
2025-08-05 21:29:54,539 - INFO - Starting seed=0
2025-08-05 21:29:54,546 - INFO - A_teacher is 0.6540995836257935
2025-08-05 21:29:54,579 - INFO - dataset is tensor([[[-0.2934],
         [-2.1788],
         [ 0.5684],
         [-1.0845],
         [-1.3986]]])
2025-08-05 21:29:54,581 - INFO - Starting G&C
2025-08-05 21:32:19,891 - INFO - Finished G&C, time elapsed=145.30792880058289s
2025-08-05 21:32:19,893 - INFO - Finished seed=0
2025-08-05 21:32:19,895 - INFO - ----------------------------------------------------------------------------------------------------------------------------------------------
2025-08-05 21:32:19,895 - INFO - ----------------------------------------------------------------------------------------------------------------------------------------------
2025-08-05 21:32:19,895 - INFO - Finished student_dim=11
2025-08-05 21:32:19,898 - INFO - G&C avg gen_loss = 0.6214591831263929
2025-08-05 21:32:19,898 - INFO - ----------------------------------------------------------------------------------------------------------------------------------------------
2025-08-05 21:32:19,899 - INFO - Starting student_dim=12
2025-08-05 21:32:19,901 - INFO - Starting seed=0
2025-08-05 21:32:19,907 - INFO - A_teacher is 0.6540995836257935
2025-08-05 21:32:19,927 - INFO - dataset is tensor([[[-0.2934],
         [-2.1788],
         [ 0.5684],
         [-1.0845],
         [-1.3986]]])
2025-08-05 21:32:19,932 - INFO - Starting G&C
2025-08-05 21:40:15,650 - INFO - Finished G&C, time elapsed=475.71662187576294s
2025-08-05 21:40:15,653 - INFO - Finished seed=0
2025-08-05 21:40:15,655 - INFO - ----------------------------------------------------------------------------------------------------------------------------------------------
2025-08-05 21:40:15,655 - INFO - ----------------------------------------------------------------------------------------------------------------------------------------------
2025-08-05 21:40:15,655 - INFO - Finished student_dim=12
2025-08-05 21:40:15,661 - INFO - G&C avg gen_loss = 0.6143216363667885
2025-08-05 21:40:15,661 - INFO - ----------------------------------------------------------------------------------------------------------------------------------------------
2025-08-05 21:40:15,661 - INFO - Starting student_dim=13
2025-08-05 21:40:15,663 - INFO - Starting seed=0
2025-08-05 21:40:15,671 - INFO - A_teacher is 0.6540995836257935
2025-08-05 21:40:15,710 - INFO - dataset is tensor([[[-0.2934],
         [-2.1788],
         [ 0.5684],
         [-1.0845],
         [-1.3986]]])
2025-08-05 21:40:15,715 - INFO - Starting G&C
